-- Catapult Ultra Synthesis: Report                                              
-- ------------------------- ---------------------------------------------------
-- Version:                  10.5c/896140 Production Release                     
-- Build Date:               Sun Sep  6 22:45:38 PDT 2020                        
                                                                                 
-- Generated by:             yl7897@newnano.poly.edu                             
-- Generated date:           Tue Aug 31 22:22:40 EDT 2021                        

Solution Settings: inPlaceNTT_DIF.v17
  Current state: schedule
  Project: Catapult_1
  
  Design Input Files Specified
    $PROJECT_HOME/src/ntt_tb.cpp
    $PROJECT_HOME/src/ntt.cpp
      $PROJECT_HOME/include/ntt.h
        $PROJECT_HOME/include/config.h
          $MGC_HOME/shared/include/ac_int.h
        $MGC_HOME/shared/include/math/mgc_ac_math.h
          $MGC_HOME/shared/include/ac_fixed.h
          $MGC_HOME/shared/include/ac_float.h
          $MGC_HOME/shared/include/ac_complex.h
          $MGC_HOME/shared/include/math/mgc_ac_trig.h
            $MGC_HOME/shared/include/math/mgc_sc_atan_pow2.tab
            $MGC_HOME/shared/include/math/mgc_sc_atan2_pow2.tab
            $MGC_HOME/shared/include/math/mgc_sc_K_cordic.tab
            $MGC_HOME/shared/include/math/mgc_sc_x2_atan2_pow2.tab
          $MGC_HOME/shared/include/math/mgc_ac_hcordic.h
            $MGC_HOME/shared/include/math/mgc_ac_hcordic.tab
            $MGC_HOME/shared/include/math/mgc_ac_hcordic_inv_ln2.tab
  
  Processes/Blocks in Design
    Process              Real Operation(s) count Latency Throughput Reset Length II Comments 
    -------------------- ----------------------- ------- ---------- ------------ -- --------
    /inPlaceNTT_DIF/core                      33  297277     297282            0  0        ? 
    Design Total:                             33  297277     297282            0  0          
    
  Clock Information
    Clock Signal Edge   Period Sharing Alloc (%) Uncertainty Used by Processes/Blocks 
    ------------ ------ ------ ----------------- ----------- ------------------------
    clk          rising 20.000             20.00    0.000000 /inPlaceNTT_DIF/core     
    
  I/O Data Ranges
    Port                  Mode DeclType DeclWidth DeclRange ActType ActWidth ActRange 
    --------------------- ---- -------- --------- --------- ------- -------- --------
    clk                   IN   Unsigned         1                                     
    rst                   IN   Unsigned         1                                     
    vec:rsc.q             IN   Unsigned        64                                     
    p:rsc.dat             IN   Unsigned        64                                     
    r:rsc.dat             IN   Unsigned        64                                     
    twiddle:rsc.q         IN   Unsigned        64                                     
    vec:rsc.wadr          OUT  Unsigned        10                                     
    vec:rsc.d             OUT  Unsigned        64                                     
    vec:rsc.we            OUT  Unsigned         1                                     
    vec:rsc.radr          OUT  Unsigned        10                                     
    vec:rsc.triosy.lz     OUT  Unsigned         1                                     
    p:rsc.triosy.lz       OUT  Unsigned         1                                     
    r:rsc.triosy.lz       OUT  Unsigned         1                                     
    twiddle:rsc.radr      OUT  Unsigned        10                                     
    twiddle:rsc.triosy.lz OUT  Unsigned         1                                     
    
  Memory Resources
    Resource Name: /inPlaceNTT_DIF/modulo_dev/base:rsc
      Memory Component: ccs_in                       Size:         1 x 64
      External:         true                         Packing Mode: sidebyside
      Memory Map:
      Variable                        Indices Phys Memory Address     
      ------------------------------- ------- -----------------------
      /inPlaceNTT_DIF/modulo_dev/base    0:63 00000000-00000000 (0-0) 
      
    Resource Name: /inPlaceNTT_DIF/modulo_dev/m:rsc
      Memory Component: ccs_in                       Size:         1 x 64
      External:         true                         Packing Mode: sidebyside
      Memory Map:
      Variable                     Indices Phys Memory Address     
      ---------------------------- ------- -----------------------
      /inPlaceNTT_DIF/modulo_dev/m    0:63 00000000-00000000 (0-0) 
      
    Resource Name: /inPlaceNTT_DIF/modulo_dev/return:rsc
      Memory Component: mgc_out_dreg                 Size:         1 x 64
      External:         true                         Packing Mode: sidebyside
      Memory Map:
      Variable                          Indices Phys Memory Address     
      --------------------------------- ------- -----------------------
      /inPlaceNTT_DIF/modulo_dev/return    0:63 00000000-00000000 (0-0) 
      
    Resource Name: /inPlaceNTT_DIF/modulo_dev/ccs_ccore_start:rsc
      Memory Component: ccs_in                       Size:         1 x 1
      External:         true                         Packing Mode: sidebyside
      Memory Map:
      Variable                                   Indices Phys Memory Address     
      ------------------------------------------ ------- -----------------------
      /inPlaceNTT_DIF/modulo_dev/ccs_ccore_start     0:0 00000000-00000000 (0-0) 
      
    Resource Name: /inPlaceNTT_DIF/vec:rsc
      Memory Component: BLOCK_1R1W_RBW               Size:         1024 x 64
      External:         true                         Packing Mode: absolute
      Memory Map:
      Variable            Indices Phys Memory Address        
      ------------------- ------- --------------------------
      /inPlaceNTT_DIF/vec    0:63 000003ff-00000000 (1023-0) 
      
    Resource Name: /inPlaceNTT_DIF/p:rsc
      Memory Component: ccs_in                       Size:         1 x 64
      External:         true                         Packing Mode: sidebyside
      Memory Map:
      Variable          Indices Phys Memory Address     
      ----------------- ------- -----------------------
      /inPlaceNTT_DIF/p    0:63 00000000-00000000 (0-0) 
      
    Resource Name: /inPlaceNTT_DIF/r:rsc
      Memory Component: ccs_in                       Size:         1 x 64
      External:         true                         Packing Mode: sidebyside
      Memory Map:
      Variable          Indices Phys Memory Address     
      ----------------- ------- -----------------------
      /inPlaceNTT_DIF/r    0:63 00000000-00000000 (0-0) 
      
    Resource Name: /inPlaceNTT_DIF/twiddle:rsc
      Memory Component: BLOCK_1R1W_RBW               Size:         1024 x 64
      External:         true                         Packing Mode: absolute
      Memory Map:
      Variable                Indices Phys Memory Address        
      ----------------------- ------- --------------------------
      /inPlaceNTT_DIF/twiddle    0:63 000003ff-00000000 (1023-0) 
      
  C++ to Interface Mappings
    C++ Field Interface Range Range Expression Expression Limits 
    --------- --------------- ---------------- -----------------
    
  Multi-Cycle (Combinational) Component Usage
    Instance Component Name Delay 
    -------- -------------- -----
    
  Loops
    Process              Loop             Iterations C-Steps Total Cycles   Duration  Unroll Init Comments 
    -------------------- ---------------- ---------- ------- ------------- ---------- ------ ---- --------
    /inPlaceNTT_DIF/core core:rlp           Infinite       0     297282 ?    5.95 ms                       
    /inPlaceNTT_DIF/core  main              Infinite       2     297282 ?    5.95 ms                       
    /inPlaceNTT_DIF/core   STAGE_LOOP             10       2     297280 ?    5.95 ms                       
    /inPlaceNTT_DIF/core    VEC_LOOP               ?       1      29726 ?  594.52 us                       
    /inPlaceNTT_DIF/core     COMP_LOOP          1025      29      29725 ?  594.50 us                       
    
  Loop Execution Profile
    Process              Loop             Total Cycles % of Overall Design Cycles Throughput Cycles Comments 
    -------------------- ---------------- ------------ -------------------------- ----------------- --------
    /inPlaceNTT_DIF/core core:rlp                 0 ?                        0.00         297282 ?           
    /inPlaceNTT_DIF/core  main                    2 ?                        0.00         297282 ?           
    /inPlaceNTT_DIF/core   STAGE_LOOP            20 ?                        0.01         297280 ?           
    /inPlaceNTT_DIF/core    VEC_LOOP             10 ?                        0.00         297260 ?           
    /inPlaceNTT_DIF/core     COMP_LOOP       297250 ?                       99.99         297250 ?           
    
  End of Report
