-- Catapult Ultra Synthesis: Report                                              
-- ------------------------- ---------------------------------------------------
-- Version:                  10.5c/896140 Production Release                     
-- Build Date:               Sun Sep  6 22:45:38 PDT 2020                        
                                                                                 
-- Generated by:             yl7897@newnano.poly.edu                             
-- Generated date:           Thu Jul 29 11:01:04 EDT 2021                        

Solution Settings: DIT_RELOOP.v2
  Current state: schedule
  Project: Catapult
  
  Design Input Files Specified
    $PROJECT_HOME/src/ntt.cpp
      $PROJECT_HOME/include/ntt.h
        $PROJECT_HOME/include/config.h
          $MGC_HOME/shared/include/ac_int.h
        $MGC_HOME/shared/include/math/mgc_ac_math.h
          $MGC_HOME/shared/include/ac_fixed.h
          $MGC_HOME/shared/include/ac_float.h
          $MGC_HOME/shared/include/ac_complex.h
          $MGC_HOME/shared/include/math/mgc_ac_trig.h
            $MGC_HOME/shared/include/math/mgc_sc_atan_pow2.tab
            $MGC_HOME/shared/include/math/mgc_sc_atan2_pow2.tab
            $MGC_HOME/shared/include/math/mgc_sc_K_cordic.tab
            $MGC_HOME/shared/include/math/mgc_sc_x2_atan2_pow2.tab
          $MGC_HOME/shared/include/math/mgc_ac_hcordic.h
            $MGC_HOME/shared/include/math/mgc_ac_hcordic.tab
            $MGC_HOME/shared/include/math/mgc_ac_hcordic_inv_ln2.tab
    $PROJECT_HOME/src/ntt_tb.cpp
  
  Processes/Blocks in Design
    Process          Real Operation(s) count   Latency Throughput Reset Length II Comments 
    ---------------- ----------------------- --------- ---------- ------------ -- --------
    /DIT_RELOOP/core                      40 399250838  399250844            0  0        ? 
    Design Total:                         40 399250838  399250844            0  0          
    
  Clock Information
    Clock Signal Edge   Period Sharing Alloc (%) Uncertainty Used by Processes/Blocks 
    ------------ ------ ------ ----------------- ----------- ------------------------
    clk          rising 20.000             20.00    0.000000 /DIT_RELOOP/core         
    
  I/O Data Ranges
    Port                  Mode DeclType DeclWidth DeclRange ActType ActWidth ActRange 
    --------------------- ---- -------- --------- --------- ------- -------- --------
    clk                   IN   Unsigned         1                                     
    rst                   IN   Unsigned         1                                     
    vec:rsc.q             IN   Unsigned        64                                     
    p:rsc.dat             IN   Unsigned        64                                     
    r:rsc.dat             IN   Unsigned        64                                     
    result:rsc.q          IN   Unsigned        64                                     
    twiddle:rsc.q         IN   Unsigned        64                                     
    vec:rsc.radr          OUT  Unsigned        10                                     
    vec:rsc.triosy.lz     OUT  Unsigned         1                                     
    p:rsc.triosy.lz       OUT  Unsigned         1                                     
    r:rsc.triosy.lz       OUT  Unsigned         1                                     
    result:rsc.wadr       OUT  Unsigned        10                                     
    result:rsc.d          OUT  Unsigned        64                                     
    result:rsc.we         OUT  Unsigned         1                                     
    result:rsc.radr       OUT  Unsigned        10                                     
    result:rsc.triosy.lz  OUT  Unsigned         1                                     
    twiddle:rsc.radr      OUT  Unsigned        10                                     
    twiddle:rsc.triosy.lz OUT  Unsigned         1                                     
    
  Memory Resources
    Resource Name: /DIT_RELOOP/modulo_dev/base:rsc
      Memory Component: ccs_in                       Size:         1 x 64
      External:         true                         Packing Mode: sidebyside
      Memory Map:
      Variable                    Indices Phys Memory Address     
      --------------------------- ------- -----------------------
      /DIT_RELOOP/modulo_dev/base    0:63 00000000-00000000 (0-0) 
      
    Resource Name: /DIT_RELOOP/modulo_dev/m:rsc
      Memory Component: ccs_in                       Size:         1 x 64
      External:         true                         Packing Mode: sidebyside
      Memory Map:
      Variable                 Indices Phys Memory Address     
      ------------------------ ------- -----------------------
      /DIT_RELOOP/modulo_dev/m    0:63 00000000-00000000 (0-0) 
      
    Resource Name: /DIT_RELOOP/modulo_dev/return:rsc
      Memory Component: mgc_out_dreg                 Size:         1 x 64
      External:         true                         Packing Mode: sidebyside
      Memory Map:
      Variable                      Indices Phys Memory Address     
      ----------------------------- ------- -----------------------
      /DIT_RELOOP/modulo_dev/return    0:63 00000000-00000000 (0-0) 
      
    Resource Name: /DIT_RELOOP/modulo_dev/ccs_ccore_start:rsc
      Memory Component: ccs_in                       Size:         1 x 1
      External:         true                         Packing Mode: sidebyside
      Memory Map:
      Variable                               Indices Phys Memory Address     
      -------------------------------------- ------- -----------------------
      /DIT_RELOOP/modulo_dev/ccs_ccore_start     0:0 00000000-00000000 (0-0) 
      
    Resource Name: /DIT_RELOOP/vec:rsc
      Memory Component: BLOCK_1R1W_RBW               Size:         1024 x 64
      External:         true                         Packing Mode: absolute
      Memory Map:
      Variable        Indices Phys Memory Address        
      --------------- ------- --------------------------
      /DIT_RELOOP/vec    0:63 000003ff-00000000 (1023-0) 
      
    Resource Name: /DIT_RELOOP/p:rsc
      Memory Component: ccs_in                       Size:         1 x 64
      External:         true                         Packing Mode: sidebyside
      Memory Map:
      Variable      Indices Phys Memory Address     
      ------------- ------- -----------------------
      /DIT_RELOOP/p    0:63 00000000-00000000 (0-0) 
      
    Resource Name: /DIT_RELOOP/r:rsc
      Memory Component: ccs_in                       Size:         1 x 64
      External:         true                         Packing Mode: sidebyside
      Memory Map:
      Variable      Indices Phys Memory Address     
      ------------- ------- -----------------------
      /DIT_RELOOP/r    0:63 00000000-00000000 (0-0) 
      
    Resource Name: /DIT_RELOOP/result:rsc
      Memory Component: BLOCK_1R1W_RBW               Size:         1024 x 64
      External:         true                         Packing Mode: absolute
      Memory Map:
      Variable           Indices Phys Memory Address        
      ------------------ ------- --------------------------
      /DIT_RELOOP/result    0:63 000003ff-00000000 (1023-0) 
      
    Resource Name: /DIT_RELOOP/twiddle:rsc
      Memory Component: BLOCK_1R1W_RBW               Size:         1024 x 64
      External:         true                         Packing Mode: absolute
      Memory Map:
      Variable            Indices Phys Memory Address        
      ------------------- ------- --------------------------
      /DIT_RELOOP/twiddle    0:63 000003ff-00000000 (1023-0) 
      
  C++ to Interface Mappings
    C++ Field Interface Range Range Expression Expression Limits 
    --------- --------------- ---------------- -----------------
    
  Multi-Cycle (Combinational) Component Usage
    Instance Component Name Delay 
    -------- -------------- -----
    
  Loops
    Process          Loop             Iterations C-Steps Total Cycles   Duration  Unroll Init Comments 
    ---------------- ---------------- ---------- ------- ------------- ---------- ------ ---- --------
    /DIT_RELOOP/core core:rlp           Infinite       0  399250844 ?   7.99 sec                       
    /DIT_RELOOP/core  main              Infinite       2  399250844 ?   7.99 sec                       
    /DIT_RELOOP/core   COPY_LOOP            1024       3         3072   61.44 us                       
    /DIT_RELOOP/core   STAGE_LOOP             10       2  399247770 ?   7.98 sec                       
    /DIT_RELOOP/core    GROUP_LOOP          1025       1   39924775 ?  798.50 ms                       
    /DIT_RELOOP/core     IDX_LOOP           1025      38      38950 ?  779.00 us                       
    
  Loop Execution Profile
    Process          Loop             Total Cycles % of Overall Design Cycles Throughput Cycles Comments 
    ---------------- ---------------- ------------ -------------------------- ----------------- --------
    /DIT_RELOOP/core core:rlp                 0 ?                        0.00      399250844 ?           
    /DIT_RELOOP/core  main                    2 ?                        0.00      399250844 ?           
    /DIT_RELOOP/core   COPY_LOOP             3072                        0.00             3072           
    /DIT_RELOOP/core   STAGE_LOOP            20 ?                        0.00      399247770 ?           
    /DIT_RELOOP/core    GROUP_LOOP        10250 ?                        0.00      399247750 ?           
    /DIT_RELOOP/core     IDX_LOOP     399237500 ?                      100.00      399237500 ?           
    
  End of Report
