-- Catapult Ultra Synthesis: Report                                              
-- ------------------------- ---------------------------------------------------
-- Version:                  10.5c/896140 Production Release                     
-- Build Date:               Sun Sep  6 22:45:38 PDT 2020                        
                                                                                 
-- Generated by:             yl7897@newnano.poly.edu                             
-- Generated date:           Wed Aug 18 21:36:06 EDT 2021                        

Solution Settings: DIT_RELOOP.v1
  Current state: extract
  Project: Catapult_1
  
  Design Input Files Specified
    $PROJECT_HOME/src/ntt_tb.cpp
    $PROJECT_HOME/src/ntt.cpp
      $PROJECT_HOME/include/ntt.h
        $PROJECT_HOME/include/config.h
          $MGC_HOME/shared/include/ac_int.h
        $MGC_HOME/shared/include/math/mgc_ac_math.h
          $MGC_HOME/shared/include/ac_fixed.h
          $MGC_HOME/shared/include/ac_float.h
          $MGC_HOME/shared/include/ac_complex.h
          $MGC_HOME/shared/include/math/mgc_ac_trig.h
            $MGC_HOME/shared/include/math/mgc_sc_atan_pow2.tab
            $MGC_HOME/shared/include/math/mgc_sc_atan2_pow2.tab
            $MGC_HOME/shared/include/math/mgc_sc_K_cordic.tab
            $MGC_HOME/shared/include/math/mgc_sc_x2_atan2_pow2.tab
          $MGC_HOME/shared/include/math/mgc_ac_hcordic.h
            $MGC_HOME/shared/include/math/mgc_ac_hcordic.tab
            $MGC_HOME/shared/include/math/mgc_ac_hcordic_inv_ln2.tab
  
  Processes/Blocks in Design
    Process          Real Operation(s) count   Latency Throughput Reset Length II Comments 
    ---------------- ----------------------- --------- ---------- ------------ -- --------
    /DIT_RELOOP/core                      40 630388338  630388344            0  0        ? 
    Design Total:                         40 630388338  630388344            0  0          
    
  Bill Of Materials (Datapath)
    Component Name                                    Area Score   Delay Post Alloc Post Assign 
    ------------------------------------------------- ---------- ------- ---------- -----------
    [Lib: ccs_ioport]                                                                           
    ccs_in(5,64)                                           0.000   0.000          1           1 
    ccs_in(6,64)                                           0.000   0.000          1           0 
    [Lib: ccs_sample_mem]                                                                       
    ccs_ram_sync_1R1W_rport(4,64,10,1024,1024,64,5)        0.000   0.500          1           0 
    ccs_ram_sync_1R1W_rport(8,64,10,1024,1024,64,5)        0.000   0.500          1           0 
    ccs_ram_sync_1R1W_rwport(4,64,10,1024,1024,64,5)       0.000   0.500          1           0 
    ccs_ram_sync_1R1W_rwport(7,64,10,1024,1024,64,5)       0.000   0.500          1           0 
    ccs_ram_sync_1R1W_rwport(8,64,10,1024,1024,64,5)       0.000   0.500          1           0 
    [Lib: cluster]                                                                              
    modulo_dev_21e70153b5e521632c3457a13a6aad1e6233() 284223.460   0.087          1           1 
    [Lib: mgc_ioport]                                                                           
    mgc_io_sync(0)                                         0.000   0.000          5           5 
    [Lib: nangate-45nm_beh]                                                                     
    mgc_add(10,0,10,0,10,2)                               80.856   0.266          0           1 
    mgc_add(10,0,10,0,10,4)                               42.631   0.750          1           0 
    mgc_add(10,0,2,1,11,4)                                45.045   0.768          1           1 
    mgc_add(11,0,11,0,11,4)                               46.879   0.822          1           1 
    mgc_add(4,0,1,0,4,4)                                  12.367   0.218          0           1 
    mgc_add(4,0,2,1,4,4)                                  19.386   0.344          1           0 
    mgc_add(5,0,4,0,5,4)                                  19.799   0.357          0           1 
    mgc_add(5,0,5,0,5,4)                                  21.390   0.394          1           0 
    mgc_add(64,0,64,0,64,4)                              272.032   4.684          2           2 
    mgc_add(9,0,9,0,9,2)                                  73.177   0.252          0           1 
    mgc_add(9,0,9,0,9,4)                                  38.383   0.678          1           0 
    mgc_and(1,2,1)                                         1.110   0.024          0          29 
    mgc_and(1,3,1)                                         1.385   0.041          0           6 
    mgc_and(1,4,1)                                         1.660   0.051          0           4 
    mgc_and(1,5,1)                                         2.104   0.058          0           1 
    mgc_and(1,6,1)                                         2.548   0.063          0           2 
    mgc_and(10,2,1)                                       11.096   0.024          0           2 
    mgc_mul(64,0,64,0,128,2)                           23160.155   3.632          1           0 
    mgc_mul(64,0,64,0,128,4)                           20823.174   9.186          0           1 
    mgc_mul(9,0,9,0,9,4)                                 175.201   0.730          1           0 
    mgc_mux(1,1,2,4)                                       1.754   0.054          0          19 
    mgc_mux(10,1,2,4)                                     17.544   0.062          0           4 
    mgc_mux(128,1,2,4)                                   224.566   0.094          0           1 
    mgc_mux(4,1,2,4)                                       7.018   0.059          0           2 
    mgc_mux(64,1,2,4)                                    112.283   0.073          0           3 
    mgc_mux1hot(10,3,4)                                   26.434   0.061          0           2 
    mgc_mux1hot(64,3,4)                                  169.178   0.061          0           2 
    mgc_nand(1,2,1)                                        0.771   0.012          0           1 
    mgc_nor(1,2,1)                                         0.771   0.025          0           6 
    mgc_nor(1,3,1)                                         1.046   0.045          0           3 
    mgc_nor(1,4,1)                                         1.320   0.056          0           5 
    mgc_nor(1,6,4)                                         2.548   0.086          0           1 
    mgc_not(1,1)                                           0.529   0.006          0          45 
    mgc_not(10,1)                                          5.294   0.006          0           2 
    mgc_not(4,1)                                           2.118   0.006          0           1 
    mgc_not(64,1)                                         33.882   0.006          0           1 
    mgc_or(1,2,1)                                          1.110   0.031          0           7 
    mgc_or(1,3,4)                                          1.385   0.066          0           5 
    mgc_or(1,5,4)                                          2.104   0.087          0           1 
    mgc_or(1,6,4)                                          2.548   0.094          0           1 
    mgc_reg_pos(1,0,0,1,1,0,0,4)                           6.375   0.087          0           2 
    mgc_reg_pos(1,0,0,1,1,1,1,4)                           6.375   0.087          0           2 
    mgc_reg_pos(10,0,0,1,1,1,1,4)                         63.750   0.087          0           5 
    mgc_reg_pos(11,0,0,1,1,1,1,4)                         70.125   0.087          0           1 
    mgc_reg_pos(128,0,0,1,1,0,0,4)                       816.000   0.087          0           1 
    mgc_reg_pos(128,0,0,1,1,1,1,4)                       816.000   0.087          0           1 
    mgc_reg_pos(4,0,0,1,1,1,1,4)                          25.500   0.087          0           2 
    mgc_reg_pos(64,0,0,1,1,0,0,4)                        408.000   0.087          0           1 
    mgc_reg_pos(64,0,0,1,1,1,1,4)                        408.000   0.087          0           3 
    mgc_reg_pos(9,0,0,1,1,1,1,4)                          57.375   0.087          0           1 
    mgc_rem(128,64,0,4)                                46006.587 494.213          1           1 
    mgc_shift_l(1,0,4,10,4)                               18.900   0.149          1           0 
    mgc_shift_l(10,0,4,10,4)                              46.189   0.149          1           1 
    mgc_shift_r(11,0,4,10,4)                              48.044   0.178          1           1 
    mgc_xor(1,2,1)                                         1.660   0.055          0           1 
                                                                                                
    TOTAL AREA (After Assignment):                    357012.190                                
    
  Area Scores
                        Post-Scheduling     Post-DP & FSM   Post-Assignment 
    ----------------- ----------------- ----------------- -----------------
    Total Area Score:   356935.3          359568.8          357381.2        
    Total Reg:            2499.0   (1%)     4151.8   (1%)     4151.8   (1%) 
                                                                            
    DataPath:           356935.3 (100%)   359199.8 (100%)   357012.2 (100%) 
      MUX:                   0.0             995.6   (0%)     1070.2   (0%) 
      FUNC:             354436.3  (99%)   354301.2  (99%)   351969.6  (99%) 
      LOGIC:                 0.0             116.2   (0%)      185.6   (0%) 
      BUFFER:                0.0               0.0               0.0        
      MEM:                   0.0               0.0               0.0        
      ROM:                   0.0               0.0               0.0        
      REG:                2499.0   (1%)     3786.8   (1%)     3786.8   (1%) 
                                                                            
    
    FSM:                     0.0             369.0   (0%)      369.0   (0%) 
      FSM-REG:               0.0             365.0  (99%)      365.0  (99%) 
      FSM-COMB:              0.0               4.0   (1%)        4.0   (1%) 
                                                                            
    
  Register-to-Variable Mappings
    Register                                Size(bits) Gated Register CG Opt Done Variables                                             
    --------------------------------------- ---------- -------------- ----------- -----------------------------------------------------
    IDX_LOOP:IDX_LOOP:rem#1:cmp.a                  128                            IDX_LOOP:IDX_LOOP:rem#1:cmp.a                         
    IDX_LOOP:mul.mut                               128         Y           Y      IDX_LOOP:mul.mut                                      
    IDX_LOOP:acc#3.itm                              64         Y           Y      IDX_LOOP:acc#3.itm                                    
                                                                                  IDX_LOOP:modulo_dev(return)#1.sva                     
                                                                                  IDX_LOOP:f2.sva                                       
    IDX_LOOP:asn.itm#1                              64         Y           Y      IDX_LOOP:asn.itm#1                                    
    p.sva                                           64         Y           Y      p.sva                                                 
    reg(modulo_dev():cmp.m_rsc_dat).cse             64                            reg(modulo_dev():cmp.m_rsc_dat).cse                   
    COPY_LOOP:i(10:0).sva#1                         11         Y           Y      COPY_LOOP:i(10:0).sva#1                               
    COPY_LOOP:i(10:0).sva(9:0)                      10         Y           Y      COPY_LOOP:i(10:0).sva(9:0)                            
                                                                                  GROUP_LOOP:j(10:0).sva(9:0)                           
    IDX_LOOP:idx2(9:0).sva                          10         Y           Y      IDX_LOOP:idx2(9:0).sva                                
    IDX_LOOP:t(10:0).sva(9:0)                       10         Y           Y      IDX_LOOP:t(10:0).sva(9:0)                             
    STAGE_LOOP:gp:lshift.psp.sva                    10         Y           Y      STAGE_LOOP:gp:lshift.psp.sva                          
    STAGE_LOOP:op:rshift.psp#1.sva                  10         Y           Y      STAGE_LOOP:op:rshift.psp#1.sva                        
    IDX_LOOP:idx1:acc.psp.sva                        9         Y           Y      IDX_LOOP:idx1:acc.psp.sva                             
    STAGE_LOOP:gp:acc.psp.sva                        4         Y           Y      STAGE_LOOP:gp:acc.psp.sva                             
    STAGE_LOOP:i(3:0).sva                            4         Y           Y      STAGE_LOOP:i(3:0).sva                                 
    IDX_LOOP:t:slc(IDX_LOOP:t(10:0))(0).itm          1         Y           Y      IDX_LOOP:t:slc(IDX_LOOP:t(10:0))(0).itm               
    exit:IDX_LOOP.sva                                1         Y           Y      exit:IDX_LOOP.sva                                     
    reg(ensig.cgo).cse                               1                            reg(ensig.cgo).cse                                    
    reg(twiddle:rsc.triosy:obj.ld).cse               1                            reg(twiddle:rsc.triosy:obj.ld).cse                    
                                                                                                                                        
    Total:                                         594            400         400 (Total Gating Ratio: 0.67, CG Opt Gating Ratio: 0.67) 
    
  Timing Report
    Critical Path
      Max Delay:  9.93725
      Slack:      0.06274999999999942
      
      Path                                                                                                       Startpoint                                      Endpoint                   Delay  Slack  
      ---------------------------------------------------------------------------------------------------------- ----------------------------------------------- -------------------------- ------ ------
      1                                                                                                          DIT_RELOOP:core/DIT_RELOOP:core_core:fsm:inst   DIT_RELOOP/result:rsc.radr 9.9373 0.0627 
                                                                                                                                                                                                          
        Instance                                                                                                 Component                                                                  Delta  Delay  
        --------                                                                                                 ---------                                                                  -----  -----  
        DIT_RELOOP:core/DIT_RELOOP:core_core:fsm:inst                                                            DIT_RELOOP:core_core:fsm                                                   0.0000 0.0000 
        DIT_RELOOP:core/fsm_output                                                                                                                                                          0.0000 0.0000 
        DIT_RELOOP:core/slc(fsm_output)(5)#1                                                                                                                                                0.0000 0.0000 
        DIT_RELOOP:core/slc(fsm_output)(5)#1.itm                                                                                                                                            0.0000 0.0000 
        DIT_RELOOP:core/nor#10                                                                                   mgc_nor_1_2_1                                                              0.0250 0.0250 
        DIT_RELOOP:core/nor#10.cse                                                                                                                                                          0.0000 0.0250 
        DIT_RELOOP:core/and#78                                                                                   mgc_and_1_6_1                                                              0.0633 0.0883 
        DIT_RELOOP:core/and.dcpl#72                                                                                                                                                         0.0000 0.0883 
        DIT_RELOOP:core/IDX_LOOP:mux#8                                                                           mgc_mux_64_1_2_4                                                           0.0726 0.1609 
        DIT_RELOOP:core/IDX_LOOP:mux#8.itm                                                                                                                                                  0.0000 0.1609 
        DIT_RELOOP:core/IDX_LOOP:idx1:mul:rg                                                                     mgc_mul_64_0_64_0_128_4                                                    9.1863 9.3472 
        DIT_RELOOP:core/z.out#1                                                                                                                                                             0.0000 9.3472 
        DIT_RELOOP:core/IDX_LOOP:slc(z.out#1)(8-0)                                                                                                                                          0.0000 9.3472 
        DIT_RELOOP:core/IDX_LOOP:slc(z.out#1)(8-0).itm                                                                                                                                      0.0000 9.3472 
        DIT_RELOOP:core/IDX_LOOP:idx1:acc                                                                        mgc_addc_9_0_9_0_9_2                                                       0.2520 9.5992 
        DIT_RELOOP:core/IDX_LOOP:idx1:acc.psp.sva:mx0w0                                                                                                                                     0.0000 9.5992 
        DIT_RELOOP:core/IDX_LOOP:idx1:conc                                                                                                                                                  0.0000 9.5992 
        DIT_RELOOP:core/IDX_LOOP:idx1:conc.itm                                                                                                                                              0.0000 9.5992 
        DIT_RELOOP:core/IDX_LOOP:idx2:acc                                                                        mgc_addc_10_0_10_0_10_2                                                    0.2661 9.8653 
        DIT_RELOOP:core/IDX_LOOP:idx2(9:0).sva:mx0w0                                                                                                                                        0.0000 9.8653 
        DIT_RELOOP:core/IDX_LOOP:idx2:mux                                                                        mgc_mux_10_1_2_4                                                           0.0620 9.9272 
        DIT_RELOOP:core/result:rsci.radr_d                                                                                                                                                  0.0000 9.9272 
        DIT_RELOOP/result:rsci.radr_d                                                                                                                                                       0.0000 9.9273 
        DIT_RELOOP:ccs_sample_mem.ccs_ram_sync_1R1W_rwport(7,64,10,1024,1024,64,5)gen/radr_d                                                                                                0.0000 9.9273 
        DIT_RELOOP:ccs_sample_mem.ccs_ram_sync_1R1W_rwport(7,64,10,1024,1024,64,5)gen/COPY_LOOP:slc(radr_d)(9-0)                                                                            0.0000 9.9273 
        DIT_RELOOP:ccs_sample_mem.ccs_ram_sync_1R1W_rwport(7,64,10,1024,1024,64,5)gen/COPY_LOOP:asn(radr)                                                                                   0.0000 9.9273 
        DIT_RELOOP:ccs_sample_mem.ccs_ram_sync_1R1W_rwport(7,64,10,1024,1024,64,5)gen/radr                                                                                                  0.0000 9.9273 
        DIT_RELOOP/result:rsc.radr                                                                                                                                                          0.0100 9.9373 
                                                                                                                                                                                                          
      2                                                                                                          DIT_RELOOP:core/DIT_RELOOP:core_core:fsm:inst   DIT_RELOOP/result:rsc.radr 9.9373 0.0627 
                                                                                                                                                                                                          
        Instance                                                                                                 Component                                                                  Delta  Delay  
        --------                                                                                                 ---------                                                                  -----  -----  
        DIT_RELOOP:core/DIT_RELOOP:core_core:fsm:inst                                                            DIT_RELOOP:core_core:fsm                                                   0.0000 0.0000 
        DIT_RELOOP:core/fsm_output                                                                                                                                                          0.0000 0.0000 
        DIT_RELOOP:core/slc(fsm_output)(5)#1                                                                                                                                                0.0000 0.0000 
        DIT_RELOOP:core/slc(fsm_output)(5)#1.itm                                                                                                                                            0.0000 0.0000 
        DIT_RELOOP:core/nor#10                                                                                   mgc_nor_1_2_1                                                              0.0250 0.0250 
        DIT_RELOOP:core/nor#10.cse                                                                                                                                                          0.0000 0.0250 
        DIT_RELOOP:core/and#78                                                                                   mgc_and_1_6_1                                                              0.0633 0.0883 
        DIT_RELOOP:core/and.dcpl#72                                                                                                                                                         0.0000 0.0883 
        DIT_RELOOP:core/IDX_LOOP:mux#5                                                                           mgc_mux_64_1_2_4                                                           0.0726 0.1609 
        DIT_RELOOP:core/IDX_LOOP:mux#5.itm                                                                                                                                                  0.0000 0.1609 
        DIT_RELOOP:core/IDX_LOOP:idx1:mul:rg                                                                     mgc_mul_64_0_64_0_128_4                                                    9.1863 9.3472 
        DIT_RELOOP:core/z.out#1                                                                                                                                                             0.0000 9.3472 
        DIT_RELOOP:core/IDX_LOOP:slc(z.out#1)(8-0)                                                                                                                                          0.0000 9.3472 
        DIT_RELOOP:core/IDX_LOOP:slc(z.out#1)(8-0).itm                                                                                                                                      0.0000 9.3472 
        DIT_RELOOP:core/IDX_LOOP:idx1:acc                                                                        mgc_addc_9_0_9_0_9_2                                                       0.2520 9.5992 
        DIT_RELOOP:core/IDX_LOOP:idx1:acc.psp.sva:mx0w0                                                                                                                                     0.0000 9.5992 
        DIT_RELOOP:core/IDX_LOOP:idx1:conc                                                                                                                                                  0.0000 9.5992 
        DIT_RELOOP:core/IDX_LOOP:idx1:conc.itm                                                                                                                                              0.0000 9.5992 
        DIT_RELOOP:core/IDX_LOOP:idx2:acc                                                                        mgc_addc_10_0_10_0_10_2                                                    0.2661 9.8653 
        DIT_RELOOP:core/IDX_LOOP:idx2(9:0).sva:mx0w0                                                                                                                                        0.0000 9.8653 
        DIT_RELOOP:core/IDX_LOOP:idx2:mux                                                                        mgc_mux_10_1_2_4                                                           0.0620 9.9272 
        DIT_RELOOP:core/result:rsci.radr_d                                                                                                                                                  0.0000 9.9272 
        DIT_RELOOP/result:rsci.radr_d                                                                                                                                                       0.0000 9.9273 
        DIT_RELOOP:ccs_sample_mem.ccs_ram_sync_1R1W_rwport(7,64,10,1024,1024,64,5)gen/radr_d                                                                                                0.0000 9.9273 
        DIT_RELOOP:ccs_sample_mem.ccs_ram_sync_1R1W_rwport(7,64,10,1024,1024,64,5)gen/COPY_LOOP:slc(radr_d)(9-0)                                                                            0.0000 9.9273 
        DIT_RELOOP:ccs_sample_mem.ccs_ram_sync_1R1W_rwport(7,64,10,1024,1024,64,5)gen/COPY_LOOP:asn(radr)                                                                                   0.0000 9.9273 
        DIT_RELOOP:ccs_sample_mem.ccs_ram_sync_1R1W_rwport(7,64,10,1024,1024,64,5)gen/radr                                                                                                  0.0000 9.9273 
        DIT_RELOOP/result:rsc.radr                                                                                                                                                          0.0100 9.9373 
                                                                                                                                                                                                          
      3                                                                                                          DIT_RELOOP:core/DIT_RELOOP:core_core:fsm:inst   DIT_RELOOP/result:rsc.radr 9.9373 0.0627 
                                                                                                                                                                                                          
        Instance                                                                                                 Component                                                                  Delta  Delay  
        --------                                                                                                 ---------                                                                  -----  -----  
        DIT_RELOOP:core/DIT_RELOOP:core_core:fsm:inst                                                            DIT_RELOOP:core_core:fsm                                                   0.0000 0.0000 
        DIT_RELOOP:core/fsm_output                                                                                                                                                          0.0000 0.0000 
        DIT_RELOOP:core/slc(fsm_output)(4)#1                                                                                                                                                0.0000 0.0000 
        DIT_RELOOP:core/slc(fsm_output)(4)#1.itm                                                                                                                                            0.0000 0.0000 
        DIT_RELOOP:core/nor#10                                                                                   mgc_nor_1_2_1                                                              0.0250 0.0250 
        DIT_RELOOP:core/nor#10.cse                                                                                                                                                          0.0000 0.0250 
        DIT_RELOOP:core/and#78                                                                                   mgc_and_1_6_1                                                              0.0633 0.0883 
        DIT_RELOOP:core/and.dcpl#72                                                                                                                                                         0.0000 0.0883 
        DIT_RELOOP:core/IDX_LOOP:mux#5                                                                           mgc_mux_64_1_2_4                                                           0.0726 0.1609 
        DIT_RELOOP:core/IDX_LOOP:mux#5.itm                                                                                                                                                  0.0000 0.1609 
        DIT_RELOOP:core/IDX_LOOP:idx1:mul:rg                                                                     mgc_mul_64_0_64_0_128_4                                                    9.1863 9.3472 
        DIT_RELOOP:core/z.out#1                                                                                                                                                             0.0000 9.3472 
        DIT_RELOOP:core/IDX_LOOP:slc(z.out#1)(8-0)                                                                                                                                          0.0000 9.3472 
        DIT_RELOOP:core/IDX_LOOP:slc(z.out#1)(8-0).itm                                                                                                                                      0.0000 9.3472 
        DIT_RELOOP:core/IDX_LOOP:idx1:acc                                                                        mgc_addc_9_0_9_0_9_2                                                       0.2520 9.5992 
        DIT_RELOOP:core/IDX_LOOP:idx1:acc.psp.sva:mx0w0                                                                                                                                     0.0000 9.5992 
        DIT_RELOOP:core/IDX_LOOP:idx1:conc                                                                                                                                                  0.0000 9.5992 
        DIT_RELOOP:core/IDX_LOOP:idx1:conc.itm                                                                                                                                              0.0000 9.5992 
        DIT_RELOOP:core/IDX_LOOP:idx2:acc                                                                        mgc_addc_10_0_10_0_10_2                                                    0.2661 9.8653 
        DIT_RELOOP:core/IDX_LOOP:idx2(9:0).sva:mx0w0                                                                                                                                        0.0000 9.8653 
        DIT_RELOOP:core/IDX_LOOP:idx2:mux                                                                        mgc_mux_10_1_2_4                                                           0.0620 9.9272 
        DIT_RELOOP:core/result:rsci.radr_d                                                                                                                                                  0.0000 9.9272 
        DIT_RELOOP/result:rsci.radr_d                                                                                                                                                       0.0000 9.9273 
        DIT_RELOOP:ccs_sample_mem.ccs_ram_sync_1R1W_rwport(7,64,10,1024,1024,64,5)gen/radr_d                                                                                                0.0000 9.9273 
        DIT_RELOOP:ccs_sample_mem.ccs_ram_sync_1R1W_rwport(7,64,10,1024,1024,64,5)gen/COPY_LOOP:slc(radr_d)(9-0)                                                                            0.0000 9.9273 
        DIT_RELOOP:ccs_sample_mem.ccs_ram_sync_1R1W_rwport(7,64,10,1024,1024,64,5)gen/COPY_LOOP:asn(radr)                                                                                   0.0000 9.9273 
        DIT_RELOOP:ccs_sample_mem.ccs_ram_sync_1R1W_rwport(7,64,10,1024,1024,64,5)gen/radr                                                                                                  0.0000 9.9273 
        DIT_RELOOP/result:rsc.radr                                                                                                                                                          0.0100 9.9373 
                                                                                                                                                                                                          
      4                                                                                                          DIT_RELOOP:core/reg(IDX_LOOP:asn)               DIT_RELOOP/result:rsc.radr 9.9360 0.0640 
                                                                                                                                                                                                          
        Instance                                                                                                 Component                                                                  Delta  Delay  
        --------                                                                                                 ---------                                                                  -----  -----  
        DIT_RELOOP:core/reg(IDX_LOOP:asn)                                                                        mgc_reg_pos_64_0_0_1_1_1_1_4                                               0.0870 0.0870 
        DIT_RELOOP:core/IDX_LOOP:asn.itm#1                                                                                                                                                  0.0000 0.0870 
        DIT_RELOOP:core/IDX_LOOP:mux#8                                                                           mgc_mux_64_1_2_4                                                           0.0726 0.1596 
        DIT_RELOOP:core/IDX_LOOP:mux#8.itm                                                                                                                                                  0.0000 0.1596 
        DIT_RELOOP:core/IDX_LOOP:idx1:mul:rg                                                                     mgc_mul_64_0_64_0_128_4                                                    9.1863 9.3459 
        DIT_RELOOP:core/z.out#1                                                                                                                                                             0.0000 9.3459 
        DIT_RELOOP:core/IDX_LOOP:slc(z.out#1)(8-0)                                                                                                                                          0.0000 9.3459 
        DIT_RELOOP:core/IDX_LOOP:slc(z.out#1)(8-0).itm                                                                                                                                      0.0000 9.3459 
        DIT_RELOOP:core/IDX_LOOP:idx1:acc                                                                        mgc_addc_9_0_9_0_9_2                                                       0.2520 9.5979 
        DIT_RELOOP:core/IDX_LOOP:idx1:acc.psp.sva:mx0w0                                                                                                                                     0.0000 9.5979 
        DIT_RELOOP:core/IDX_LOOP:idx1:conc                                                                                                                                                  0.0000 9.5979 
        DIT_RELOOP:core/IDX_LOOP:idx1:conc.itm                                                                                                                                              0.0000 9.5979 
        DIT_RELOOP:core/IDX_LOOP:idx2:acc                                                                        mgc_addc_10_0_10_0_10_2                                                    0.2661 9.8640 
        DIT_RELOOP:core/IDX_LOOP:idx2(9:0).sva:mx0w0                                                                                                                                        0.0000 9.8640 
        DIT_RELOOP:core/IDX_LOOP:idx2:mux                                                                        mgc_mux_10_1_2_4                                                           0.0620 9.9260 
        DIT_RELOOP:core/result:rsci.radr_d                                                                                                                                                  0.0000 9.9260 
        DIT_RELOOP/result:rsci.radr_d                                                                                                                                                       0.0000 9.9260 
        DIT_RELOOP:ccs_sample_mem.ccs_ram_sync_1R1W_rwport(7,64,10,1024,1024,64,5)gen/radr_d                                                                                                0.0000 9.9260 
        DIT_RELOOP:ccs_sample_mem.ccs_ram_sync_1R1W_rwport(7,64,10,1024,1024,64,5)gen/COPY_LOOP:slc(radr_d)(9-0)                                                                            0.0000 9.9260 
        DIT_RELOOP:ccs_sample_mem.ccs_ram_sync_1R1W_rwport(7,64,10,1024,1024,64,5)gen/COPY_LOOP:asn(radr)                                                                                   0.0000 9.9260 
        DIT_RELOOP:ccs_sample_mem.ccs_ram_sync_1R1W_rwport(7,64,10,1024,1024,64,5)gen/radr                                                                                                  0.0000 9.9260 
        DIT_RELOOP/result:rsc.radr                                                                                                                                                          0.0100 9.9360 
                                                                                                                                                                                                          
      5                                                                                                          DIT_RELOOP:core/reg(COPY_LOOP:i(10:0).sva(9:0)) DIT_RELOOP/result:rsc.radr 9.9360 0.0640 
                                                                                                                                                                                                          
        Instance                                                                                                 Component                                                                  Delta  Delay  
        --------                                                                                                 ---------                                                                  -----  -----  
        DIT_RELOOP:core/reg(COPY_LOOP:i(10:0).sva(9:0))                                                          mgc_reg_pos_10_0_0_1_1_1_1_4                                               0.0870 0.0870 
        DIT_RELOOP:core/COPY_LOOP:i(10:0).sva(9:0)                                                                                                                                          0.0000 0.0870 
        DIT_RELOOP:core/COPY_LOOP:i:slc(COPY_LOOP:i(10:0).sva(9:0))(8-0)                                                                                                                    0.0000 0.0870 
        DIT_RELOOP:core/COPY_LOOP:i:slc(COPY_LOOP:i(10:0).sva(9:0))(8-0).itm                                                                                                                0.0000 0.0870 
        DIT_RELOOP:core/conc                                                                                                                                                                0.0000 0.0870 
        DIT_RELOOP:core/conc.itm                                                                                                                                                            0.0000 0.0870 
        DIT_RELOOP:core/IDX_LOOP:mux#8                                                                           mgc_mux_64_1_2_4                                                           0.0726 0.1596 
        DIT_RELOOP:core/IDX_LOOP:mux#8.itm                                                                                                                                                  0.0000 0.1596 
        DIT_RELOOP:core/IDX_LOOP:idx1:mul:rg                                                                     mgc_mul_64_0_64_0_128_4                                                    9.1863 9.3459 
        DIT_RELOOP:core/z.out#1                                                                                                                                                             0.0000 9.3459 
        DIT_RELOOP:core/IDX_LOOP:slc(z.out#1)(8-0)                                                                                                                                          0.0000 9.3459 
        DIT_RELOOP:core/IDX_LOOP:slc(z.out#1)(8-0).itm                                                                                                                                      0.0000 9.3459 
        DIT_RELOOP:core/IDX_LOOP:idx1:acc                                                                        mgc_addc_9_0_9_0_9_2                                                       0.2520 9.5979 
        DIT_RELOOP:core/IDX_LOOP:idx1:acc.psp.sva:mx0w0                                                                                                                                     0.0000 9.5979 
        DIT_RELOOP:core/IDX_LOOP:idx1:conc                                                                                                                                                  0.0000 9.5979 
        DIT_RELOOP:core/IDX_LOOP:idx1:conc.itm                                                                                                                                              0.0000 9.5979 
        DIT_RELOOP:core/IDX_LOOP:idx2:acc                                                                        mgc_addc_10_0_10_0_10_2                                                    0.2661 9.8640 
        DIT_RELOOP:core/IDX_LOOP:idx2(9:0).sva:mx0w0                                                                                                                                        0.0000 9.8640 
        DIT_RELOOP:core/IDX_LOOP:idx2:mux                                                                        mgc_mux_10_1_2_4                                                           0.0620 9.9260 
        DIT_RELOOP:core/result:rsci.radr_d                                                                                                                                                  0.0000 9.9260 
        DIT_RELOOP/result:rsci.radr_d                                                                                                                                                       0.0000 9.9260 
        DIT_RELOOP:ccs_sample_mem.ccs_ram_sync_1R1W_rwport(7,64,10,1024,1024,64,5)gen/radr_d                                                                                                0.0000 9.9260 
        DIT_RELOOP:ccs_sample_mem.ccs_ram_sync_1R1W_rwport(7,64,10,1024,1024,64,5)gen/COPY_LOOP:slc(radr_d)(9-0)                                                                            0.0000 9.9260 
        DIT_RELOOP:ccs_sample_mem.ccs_ram_sync_1R1W_rwport(7,64,10,1024,1024,64,5)gen/COPY_LOOP:asn(radr)                                                                                   0.0000 9.9260 
        DIT_RELOOP:ccs_sample_mem.ccs_ram_sync_1R1W_rwport(7,64,10,1024,1024,64,5)gen/radr                                                                                                  0.0000 9.9260 
        DIT_RELOOP/result:rsc.radr                                                                                                                                                          0.0100 9.9360 
                                                                                                                                                                                                          
      6                                                                                                          DIT_RELOOP:core/reg(STAGE_LOOP:op:rshift.psp#1) DIT_RELOOP/result:rsc.radr 9.9360 0.0640 
                                                                                                                                                                                                          
        Instance                                                                                                 Component                                                                  Delta  Delay  
        --------                                                                                                 ---------                                                                  -----  -----  
        DIT_RELOOP:core/reg(STAGE_LOOP:op:rshift.psp#1)                                                          mgc_reg_pos_10_0_0_1_1_1_1_4                                               0.0870 0.0870 
        DIT_RELOOP:core/STAGE_LOOP:op:rshift.psp#1.sva                                                                                                                                      0.0000 0.0870 
        DIT_RELOOP:core/STAGE_LOOP:op:slc(STAGE_LOOP:op:rshift.psp#1.sva)(8-0)                                                                                                              0.0000 0.0870 
        DIT_RELOOP:core/STAGE_LOOP:op:slc(STAGE_LOOP:op:rshift.psp#1.sva)(8-0).itm                                                                                                          0.0000 0.0870 
        DIT_RELOOP:core/conc#1                                                                                                                                                              0.0000 0.0870 
        DIT_RELOOP:core/conc#1.itm                                                                                                                                                          0.0000 0.0870 
        DIT_RELOOP:core/IDX_LOOP:mux#5                                                                           mgc_mux_64_1_2_4                                                           0.0726 0.1596 
        DIT_RELOOP:core/IDX_LOOP:mux#5.itm                                                                                                                                                  0.0000 0.1596 
        DIT_RELOOP:core/IDX_LOOP:idx1:mul:rg                                                                     mgc_mul_64_0_64_0_128_4                                                    9.1863 9.3459 
        DIT_RELOOP:core/z.out#1                                                                                                                                                             0.0000 9.3459 
        DIT_RELOOP:core/IDX_LOOP:slc(z.out#1)(8-0)                                                                                                                                          0.0000 9.3459 
        DIT_RELOOP:core/IDX_LOOP:slc(z.out#1)(8-0).itm                                                                                                                                      0.0000 9.3459 
        DIT_RELOOP:core/IDX_LOOP:idx1:acc                                                                        mgc_addc_9_0_9_0_9_2                                                       0.2520 9.5979 
        DIT_RELOOP:core/IDX_LOOP:idx1:acc.psp.sva:mx0w0                                                                                                                                     0.0000 9.5979 
        DIT_RELOOP:core/IDX_LOOP:idx1:conc                                                                                                                                                  0.0000 9.5979 
        DIT_RELOOP:core/IDX_LOOP:idx1:conc.itm                                                                                                                                              0.0000 9.5979 
        DIT_RELOOP:core/IDX_LOOP:idx2:acc                                                                        mgc_addc_10_0_10_0_10_2                                                    0.2661 9.8640 
        DIT_RELOOP:core/IDX_LOOP:idx2(9:0).sva:mx0w0                                                                                                                                        0.0000 9.8640 
        DIT_RELOOP:core/IDX_LOOP:idx2:mux                                                                        mgc_mux_10_1_2_4                                                           0.0620 9.9260 
        DIT_RELOOP:core/result:rsci.radr_d                                                                                                                                                  0.0000 9.9260 
        DIT_RELOOP/result:rsci.radr_d                                                                                                                                                       0.0000 9.9260 
        DIT_RELOOP:ccs_sample_mem.ccs_ram_sync_1R1W_rwport(7,64,10,1024,1024,64,5)gen/radr_d                                                                                                0.0000 9.9260 
        DIT_RELOOP:ccs_sample_mem.ccs_ram_sync_1R1W_rwport(7,64,10,1024,1024,64,5)gen/COPY_LOOP:slc(radr_d)(9-0)                                                                            0.0000 9.9260 
        DIT_RELOOP:ccs_sample_mem.ccs_ram_sync_1R1W_rwport(7,64,10,1024,1024,64,5)gen/COPY_LOOP:asn(radr)                                                                                   0.0000 9.9260 
        DIT_RELOOP:ccs_sample_mem.ccs_ram_sync_1R1W_rwport(7,64,10,1024,1024,64,5)gen/radr                                                                                                  0.0000 9.9260 
        DIT_RELOOP/result:rsc.radr                                                                                                                                                          0.0100 9.9360 
                                                                                                                                                                                                          
      7                                                                                                          DIT_RELOOP:core/modulo_dev():cmp                DIT_RELOOP/result:rsc.radr 9.9359 0.0641 
                                                                                                                                                                                                          
        Instance                                                                                                 Component                                                                  Delta  Delay  
        --------                                                                                                 ---------                                                                  -----  -----  
        DIT_RELOOP:core/modulo_dev():cmp                                                                         modulo_dev                                                                 0.0869 0.0869 
        DIT_RELOOP:core/modulo_dev():cmp.return_rsc_z                                                                                                                                       0.0000 0.0869 
        DIT_RELOOP:core/IDX_LOOP:mux#5                                                                           mgc_mux_64_1_2_4                                                           0.0726 0.1595 
        DIT_RELOOP:core/IDX_LOOP:mux#5.itm                                                                                                                                                  0.0000 0.1595 
        DIT_RELOOP:core/IDX_LOOP:idx1:mul:rg                                                                     mgc_mul_64_0_64_0_128_4                                                    9.1863 9.3458 
        DIT_RELOOP:core/z.out#1                                                                                                                                                             0.0000 9.3458 
        DIT_RELOOP:core/IDX_LOOP:slc(z.out#1)(8-0)                                                                                                                                          0.0000 9.3458 
        DIT_RELOOP:core/IDX_LOOP:slc(z.out#1)(8-0).itm                                                                                                                                      0.0000 9.3458 
        DIT_RELOOP:core/IDX_LOOP:idx1:acc                                                                        mgc_addc_9_0_9_0_9_2                                                       0.2520 9.5978 
        DIT_RELOOP:core/IDX_LOOP:idx1:acc.psp.sva:mx0w0                                                                                                                                     0.0000 9.5978 
        DIT_RELOOP:core/IDX_LOOP:idx1:conc                                                                                                                                                  0.0000 9.5978 
        DIT_RELOOP:core/IDX_LOOP:idx1:conc.itm                                                                                                                                              0.0000 9.5978 
        DIT_RELOOP:core/IDX_LOOP:idx2:acc                                                                        mgc_addc_10_0_10_0_10_2                                                    0.2661 9.8639 
        DIT_RELOOP:core/IDX_LOOP:idx2(9:0).sva:mx0w0                                                                                                                                        0.0000 9.8639 
        DIT_RELOOP:core/IDX_LOOP:idx2:mux                                                                        mgc_mux_10_1_2_4                                                           0.0620 9.9259 
        DIT_RELOOP:core/result:rsci.radr_d                                                                                                                                                  0.0000 9.9259 
        DIT_RELOOP/result:rsci.radr_d                                                                                                                                                       0.0000 9.9259 
        DIT_RELOOP:ccs_sample_mem.ccs_ram_sync_1R1W_rwport(7,64,10,1024,1024,64,5)gen/radr_d                                                                                                0.0000 9.9259 
        DIT_RELOOP:ccs_sample_mem.ccs_ram_sync_1R1W_rwport(7,64,10,1024,1024,64,5)gen/COPY_LOOP:slc(radr_d)(9-0)                                                                            0.0000 9.9259 
        DIT_RELOOP:ccs_sample_mem.ccs_ram_sync_1R1W_rwport(7,64,10,1024,1024,64,5)gen/COPY_LOOP:asn(radr)                                                                                   0.0000 9.9259 
        DIT_RELOOP:ccs_sample_mem.ccs_ram_sync_1R1W_rwport(7,64,10,1024,1024,64,5)gen/radr                                                                                                  0.0000 9.9259 
        DIT_RELOOP/result:rsc.radr                                                                                                                                                          0.0100 9.9359 
                                                                                                                                                                                                          
      8                                                                                                          DIT_RELOOP:core/DIT_RELOOP:core_core:fsm:inst   DIT_RELOOP/result:rsc.radr 9.9182 0.0818 
                                                                                                                                                                                                          
        Instance                                                                                                 Component                                                                  Delta  Delay  
        --------                                                                                                 ---------                                                                  -----  -----  
        DIT_RELOOP:core/DIT_RELOOP:core_core:fsm:inst                                                            DIT_RELOOP:core_core:fsm                                                   0.0000 0.0000 
        DIT_RELOOP:core/fsm_output                                                                                                                                                          0.0000 0.0000 
        DIT_RELOOP:core/slc(fsm_output)(3)#20                                                                                                                                               0.0000 0.0000 
        DIT_RELOOP:core/slc(fsm_output)(3)#20.itm                                                                                                                                           0.0000 0.0000 
        DIT_RELOOP:core/not#94                                                                                   mgc_not_1_1                                                                0.0060 0.0060 
        DIT_RELOOP:core/not#94.itm                                                                                                                                                          0.0000 0.0060 
        DIT_RELOOP:core/and#78                                                                                   mgc_and_1_6_1                                                              0.0633 0.0693 
        DIT_RELOOP:core/and.dcpl#72                                                                                                                                                         0.0000 0.0693 
        DIT_RELOOP:core/IDX_LOOP:mux#5                                                                           mgc_mux_64_1_2_4                                                           0.0726 0.1419 
        DIT_RELOOP:core/IDX_LOOP:mux#5.itm                                                                                                                                                  0.0000 0.1419 
        DIT_RELOOP:core/IDX_LOOP:idx1:mul:rg                                                                     mgc_mul_64_0_64_0_128_4                                                    9.1863 9.3282 
        DIT_RELOOP:core/z.out#1                                                                                                                                                             0.0000 9.3282 
        DIT_RELOOP:core/IDX_LOOP:slc(z.out#1)(8-0)                                                                                                                                          0.0000 9.3282 
        DIT_RELOOP:core/IDX_LOOP:slc(z.out#1)(8-0).itm                                                                                                                                      0.0000 9.3282 
        DIT_RELOOP:core/IDX_LOOP:idx1:acc                                                                        mgc_addc_9_0_9_0_9_2                                                       0.2520 9.5802 
        DIT_RELOOP:core/IDX_LOOP:idx1:acc.psp.sva:mx0w0                                                                                                                                     0.0000 9.5802 
        DIT_RELOOP:core/IDX_LOOP:idx1:conc                                                                                                                                                  0.0000 9.5802 
        DIT_RELOOP:core/IDX_LOOP:idx1:conc.itm                                                                                                                                              0.0000 9.5802 
        DIT_RELOOP:core/IDX_LOOP:idx2:acc                                                                        mgc_addc_10_0_10_0_10_2                                                    0.2661 9.8462 
        DIT_RELOOP:core/IDX_LOOP:idx2(9:0).sva:mx0w0                                                                                                                                        0.0000 9.8462 
        DIT_RELOOP:core/IDX_LOOP:idx2:mux                                                                        mgc_mux_10_1_2_4                                                           0.0620 9.9082 
        DIT_RELOOP:core/result:rsci.radr_d                                                                                                                                                  0.0000 9.9082 
        DIT_RELOOP/result:rsci.radr_d                                                                                                                                                       0.0000 9.9082 
        DIT_RELOOP:ccs_sample_mem.ccs_ram_sync_1R1W_rwport(7,64,10,1024,1024,64,5)gen/radr_d                                                                                                0.0000 9.9082 
        DIT_RELOOP:ccs_sample_mem.ccs_ram_sync_1R1W_rwport(7,64,10,1024,1024,64,5)gen/COPY_LOOP:slc(radr_d)(9-0)                                                                            0.0000 9.9082 
        DIT_RELOOP:ccs_sample_mem.ccs_ram_sync_1R1W_rwport(7,64,10,1024,1024,64,5)gen/COPY_LOOP:asn(radr)                                                                                   0.0000 9.9082 
        DIT_RELOOP:ccs_sample_mem.ccs_ram_sync_1R1W_rwport(7,64,10,1024,1024,64,5)gen/radr                                                                                                  0.0000 9.9082 
        DIT_RELOOP/result:rsc.radr                                                                                                                                                          0.0100 9.9182 
                                                                                                                                                                                                          
      9                                                                                                          DIT_RELOOP:core/DIT_RELOOP:core_core:fsm:inst   DIT_RELOOP/result:rsc.radr 9.9182 0.0818 
                                                                                                                                                                                                          
        Instance                                                                                                 Component                                                                  Delta  Delay  
        --------                                                                                                 ---------                                                                  -----  -----  
        DIT_RELOOP:core/DIT_RELOOP:core_core:fsm:inst                                                            DIT_RELOOP:core_core:fsm                                                   0.0000 0.0000 
        DIT_RELOOP:core/fsm_output                                                                                                                                                          0.0000 0.0000 
        DIT_RELOOP:core/slc(fsm_output)(6)#35                                                                                                                                               0.0000 0.0000 
        DIT_RELOOP:core/slc(fsm_output)(6)#35.itm                                                                                                                                           0.0000 0.0000 
        DIT_RELOOP:core/not#91                                                                                   mgc_not_1_1                                                                0.0060 0.0060 
        DIT_RELOOP:core/not#91.itm                                                                                                                                                          0.0000 0.0060 
        DIT_RELOOP:core/and#78                                                                                   mgc_and_1_6_1                                                              0.0633 0.0693 
        DIT_RELOOP:core/and.dcpl#72                                                                                                                                                         0.0000 0.0693 
        DIT_RELOOP:core/IDX_LOOP:mux#5                                                                           mgc_mux_64_1_2_4                                                           0.0726 0.1419 
        DIT_RELOOP:core/IDX_LOOP:mux#5.itm                                                                                                                                                  0.0000 0.1419 
        DIT_RELOOP:core/IDX_LOOP:idx1:mul:rg                                                                     mgc_mul_64_0_64_0_128_4                                                    9.1863 9.3282 
        DIT_RELOOP:core/z.out#1                                                                                                                                                             0.0000 9.3282 
        DIT_RELOOP:core/IDX_LOOP:slc(z.out#1)(8-0)                                                                                                                                          0.0000 9.3282 
        DIT_RELOOP:core/IDX_LOOP:slc(z.out#1)(8-0).itm                                                                                                                                      0.0000 9.3282 
        DIT_RELOOP:core/IDX_LOOP:idx1:acc                                                                        mgc_addc_9_0_9_0_9_2                                                       0.2520 9.5802 
        DIT_RELOOP:core/IDX_LOOP:idx1:acc.psp.sva:mx0w0                                                                                                                                     0.0000 9.5802 
        DIT_RELOOP:core/IDX_LOOP:idx1:conc                                                                                                                                                  0.0000 9.5802 
        DIT_RELOOP:core/IDX_LOOP:idx1:conc.itm                                                                                                                                              0.0000 9.5802 
        DIT_RELOOP:core/IDX_LOOP:idx2:acc                                                                        mgc_addc_10_0_10_0_10_2                                                    0.2661 9.8462 
        DIT_RELOOP:core/IDX_LOOP:idx2(9:0).sva:mx0w0                                                                                                                                        0.0000 9.8462 
        DIT_RELOOP:core/IDX_LOOP:idx2:mux                                                                        mgc_mux_10_1_2_4                                                           0.0620 9.9082 
        DIT_RELOOP:core/result:rsci.radr_d                                                                                                                                                  0.0000 9.9082 
        DIT_RELOOP/result:rsci.radr_d                                                                                                                                                       0.0000 9.9082 
        DIT_RELOOP:ccs_sample_mem.ccs_ram_sync_1R1W_rwport(7,64,10,1024,1024,64,5)gen/radr_d                                                                                                0.0000 9.9082 
        DIT_RELOOP:ccs_sample_mem.ccs_ram_sync_1R1W_rwport(7,64,10,1024,1024,64,5)gen/COPY_LOOP:slc(radr_d)(9-0)                                                                            0.0000 9.9082 
        DIT_RELOOP:ccs_sample_mem.ccs_ram_sync_1R1W_rwport(7,64,10,1024,1024,64,5)gen/COPY_LOOP:asn(radr)                                                                                   0.0000 9.9082 
        DIT_RELOOP:ccs_sample_mem.ccs_ram_sync_1R1W_rwport(7,64,10,1024,1024,64,5)gen/radr                                                                                                  0.0000 9.9082 
        DIT_RELOOP/result:rsc.radr                                                                                                                                                          0.0100 9.9182 
                                                                                                                                                                                                          
      10                                                                                                         DIT_RELOOP:core/DIT_RELOOP:core_core:fsm:inst   DIT_RELOOP/result:rsc.radr 9.9182 0.0818 
                                                                                                                                                                                                          
        Instance                                                                                                 Component                                                                  Delta  Delay  
        --------                                                                                                 ---------                                                                  -----  -----  
        DIT_RELOOP:core/DIT_RELOOP:core_core:fsm:inst                                                            DIT_RELOOP:core_core:fsm                                                   0.0000 0.0000 
        DIT_RELOOP:core/fsm_output                                                                                                                                                          0.0000 0.0000 
        DIT_RELOOP:core/slc(fsm_output)(1)#34                                                                                                                                               0.0000 0.0000 
        DIT_RELOOP:core/slc(fsm_output)(1)#34.itm                                                                                                                                           0.0000 0.0000 
        DIT_RELOOP:core/not#90                                                                                   mgc_not_1_1                                                                0.0060 0.0060 
        DIT_RELOOP:core/not#90.itm                                                                                                                                                          0.0000 0.0060 
        DIT_RELOOP:core/and#78                                                                                   mgc_and_1_6_1                                                              0.0633 0.0693 
        DIT_RELOOP:core/and.dcpl#72                                                                                                                                                         0.0000 0.0693 
        DIT_RELOOP:core/IDX_LOOP:mux#5                                                                           mgc_mux_64_1_2_4                                                           0.0726 0.1419 
        DIT_RELOOP:core/IDX_LOOP:mux#5.itm                                                                                                                                                  0.0000 0.1419 
        DIT_RELOOP:core/IDX_LOOP:idx1:mul:rg                                                                     mgc_mul_64_0_64_0_128_4                                                    9.1863 9.3282 
        DIT_RELOOP:core/z.out#1                                                                                                                                                             0.0000 9.3282 
        DIT_RELOOP:core/IDX_LOOP:slc(z.out#1)(8-0)                                                                                                                                          0.0000 9.3282 
        DIT_RELOOP:core/IDX_LOOP:slc(z.out#1)(8-0).itm                                                                                                                                      0.0000 9.3282 
        DIT_RELOOP:core/IDX_LOOP:idx1:acc                                                                        mgc_addc_9_0_9_0_9_2                                                       0.2520 9.5802 
        DIT_RELOOP:core/IDX_LOOP:idx1:acc.psp.sva:mx0w0                                                                                                                                     0.0000 9.5802 
        DIT_RELOOP:core/IDX_LOOP:idx1:conc                                                                                                                                                  0.0000 9.5802 
        DIT_RELOOP:core/IDX_LOOP:idx1:conc.itm                                                                                                                                              0.0000 9.5802 
        DIT_RELOOP:core/IDX_LOOP:idx2:acc                                                                        mgc_addc_10_0_10_0_10_2                                                    0.2661 9.8462 
        DIT_RELOOP:core/IDX_LOOP:idx2(9:0).sva:mx0w0                                                                                                                                        0.0000 9.8462 
        DIT_RELOOP:core/IDX_LOOP:idx2:mux                                                                        mgc_mux_10_1_2_4                                                           0.0620 9.9082 
        DIT_RELOOP:core/result:rsci.radr_d                                                                                                                                                  0.0000 9.9082 
        DIT_RELOOP/result:rsci.radr_d                                                                                                                                                       0.0000 9.9082 
        DIT_RELOOP:ccs_sample_mem.ccs_ram_sync_1R1W_rwport(7,64,10,1024,1024,64,5)gen/radr_d                                                                                                0.0000 9.9082 
        DIT_RELOOP:ccs_sample_mem.ccs_ram_sync_1R1W_rwport(7,64,10,1024,1024,64,5)gen/COPY_LOOP:slc(radr_d)(9-0)                                                                            0.0000 9.9082 
        DIT_RELOOP:ccs_sample_mem.ccs_ram_sync_1R1W_rwport(7,64,10,1024,1024,64,5)gen/COPY_LOOP:asn(radr)                                                                                   0.0000 9.9082 
        DIT_RELOOP:ccs_sample_mem.ccs_ram_sync_1R1W_rwport(7,64,10,1024,1024,64,5)gen/radr                                                                                                  0.0000 9.9082 
        DIT_RELOOP/result:rsc.radr                                                                                                                                                          0.0100 9.9182 
                                                                                                                                                                                                          
      
    Register Input and Register-to-Output Slack
      Clock period or pin-to-reg delay constraint (clk): 10.0
      Clock uncertainty constraint (clk)               : 0.0
      
      Instance                                                 Port                                                 Slack (Delay) Messages 
      -------------------------------------------------------- -------------------------------------------------- ------- ------- --------
      DIT_RELOOP:core/reg(p)                                   p:rsci.idat                                        10.0000  0.0000          
      DIT_RELOOP:core/reg(COPY_LOOP:i(10:0).sva(9:0))          COPY_LOOP:i:COPY_LOOP:i:and.itm                     8.9683  1.0317          
      DIT_RELOOP:core/reg(modulo_dev():cmp.m_rsc_dat)          p.sva                                               9.8265  0.1735          
      DIT_RELOOP:core/reg(ensig.cgo)                           and#27.rmff                                         9.7185  0.2815          
      DIT_RELOOP:core/reg(IDX_LOOP:IDX_LOOP:rem#1:cmp.a)       IDX_LOOP:mux#1.itm                                  0.5592  9.4408          
      DIT_RELOOP:core/reg(twiddle:rsc.triosy:obj.ld)           and#32.itm                                          9.2812  0.7188          
      DIT_RELOOP:core/reg(COPY_LOOP:i(10:0))                   z.out#3                                             8.2266  1.7734          
      DIT_RELOOP:core/reg(STAGE_LOOP:i(3:0))                   STAGE_LOOP:i:STAGE_LOOP:i:mux.itm                   9.6363  0.3637          
      DIT_RELOOP:core/reg(STAGE_LOOP:gp:lshift.psp)            z.out                                               8.8465  1.1535          
      DIT_RELOOP:core/reg(STAGE_LOOP:op:rshift.psp#1)          STAGE_LOOP:op:rshift.itm                            9.7354  0.2646          
      DIT_RELOOP:core/reg(IDX_LOOP:t(10:0).sva(9:0))           IDX_LOOP:t:IDX_LOOP:t:and.itm                       9.0303  0.9697          
      DIT_RELOOP:core/reg(STAGE_LOOP:gp:acc.psp)               COPY_LOOP:slc(z.out#3)(3-0)#1.itm                   9.0543  0.9457          
      DIT_RELOOP:core/reg(exit:IDX_LOOP)                       IDX_LOOP:not.itm                                    8.2266  1.7734          
      DIT_RELOOP:core/reg(IDX_LOOP:idx1:acc.psp)               IDX_LOOP:idx1:acc.psp.sva:mx0w0                     0.0728  9.9272          
      DIT_RELOOP:core/reg(IDX_LOOP:t:slc(IDX_LOOP:t(10:0))(0)) IDX_LOOP:t:slc(IDX_LOOP:t(10:0).sva(9:0))(0)#1.itm  9.9130  0.0870          
      DIT_RELOOP:core/reg(IDX_LOOP:idx2(9:0))                  IDX_LOOP:idx2(9:0).sva:mx0w0                        0.0728  9.9272          
      DIT_RELOOP:core/reg(IDX_LOOP:asn)                        twiddle:rsci.q_d                                    9.5000  0.5000          
      DIT_RELOOP:core/reg(IDX_LOOP:acc#3)                      COPY_LOOP:mux1h#1.itm                               4.7548  5.2452          
      DIT_RELOOP:core/reg(IDX_LOOP:mul.mut)                    z.out#1                                             0.0728  9.9272          
      DIT_RELOOP                                               vec:rsc.radr                                        9.9030  0.0970          
      DIT_RELOOP                                               vec:rsc.re                                          9.9120  0.0880          
      DIT_RELOOP                                               vec:rsc.triosy.lz                                   9.9130  0.0870          
      DIT_RELOOP                                               p:rsc.triosy.lz                                     9.9130  0.0870          
      DIT_RELOOP                                               r:rsc.triosy.lz                                     9.9130  0.0870          
      DIT_RELOOP                                               result:rsc.radr                                     0.0627  9.9373          
      DIT_RELOOP                                               result:rsc.re                                       9.8837  0.1163          
      DIT_RELOOP                                               result:rsc.wadr                                     9.8421  0.1579          
      DIT_RELOOP                                               result:rsc.d                                        5.6294  4.3706          
      DIT_RELOOP                                               result:rsc.we                                       9.8384  0.1616          
      DIT_RELOOP                                               result:rsc.triosy.lz                                9.9130  0.0870          
      DIT_RELOOP                                               twiddle:rsc.radr                                    8.8365  1.1635          
      DIT_RELOOP                                               twiddle:rsc.re                                      9.9120  0.0880          
      DIT_RELOOP                                               twiddle:rsc.triosy.lz                               9.9130  0.0870          
      
  Operator Bitwidth Summary
    Operation                                       Size (bits) Count 
    ----------------------------------------------- ----------- -----
    add                                                               
    -                                                         9     1 
    -                                                        64     2 
    -                                                         5     1 
    -                                                         4     1 
    -                                                        11     2 
    -                                                        10     1 
    and                                                               
    -                                                        10     2 
    -                                                         1    42 
    lshift                                                            
    -                                                        10     1 
    modulo_dev_21e70153b5e521632c3457a13a6aad1e6233                   
    -                                                        64     1 
    mul                                                               
    -                                                       128     1 
    mux                                                               
    -                                                        64     3 
    -                                                         4     2 
    -                                                       128     1 
    -                                                        10     4 
    -                                                         1    19 
    mux1h                                                             
    -                                                        64     2 
    -                                                        10     2 
    nand                                                              
    -                                                         1     1 
    nor                                                               
    -                                                         1    15 
    not                                                               
    -                                                        64     1 
    -                                                         4     1 
    -                                                        10     2 
    -                                                         1    45 
    or                                                                
    -                                                         1    14 
    read_port                                                         
    -                                                        64     1 
    read_sync                                                         
    -                                                         0     5 
    reg                                                               
    -                                                         9     1 
    -                                                        64     4 
    -                                                         4     2 
    -                                                       128     2 
    -                                                        11     1 
    -                                                        10     5 
    -                                                         1     4 
    rem                                                               
    -                                                        64     1 
    rshift                                                            
    -                                                        10     1 
    xor                                                               
    -                                                         1     1 
    
  End of Report
