-- Catapult Ultra Synthesis: Report                                              
-- ------------------------- ---------------------------------------------------
-- Version:                  10.5c/896140 Production Release                     
-- Build Date:               Sun Sep  6 22:45:38 PDT 2020                        
                                                                                 
-- Generated by:             jd4691@newnano.poly.edu                             
-- Generated date:           Sun Sep 12 01:33:35 EDT 2021                        

Solution Settings: peaseNTT.v28
  Current state: schedule
  Project: Catapult_2_1
  
  Design Input Files Specified
    $PROJECT_HOME/src/utils.cpp
      $PROJECT_HOME/include/utils.h
        $PROJECT_HOME/include/config.h
          $MGC_HOME/shared/include/ac_int.h
        $MGC_HOME/shared/include/mc_scverify.h
        $MGC_HOME/shared/include/ac_sync.h
          $MGC_HOME/shared/include/ac_channel.h
    $PROJECT_HOME/src/ntt.cpp
      $PROJECT_HOME/include/ntt.h
        $PROJECT_HOME/include/config.h
          $MGC_HOME/shared/include/ac_int.h
        $PROJECT_HOME/include/utils.h
          $MGC_HOME/shared/include/mc_scverify.h
          $MGC_HOME/shared/include/ac_sync.h
            $MGC_HOME/shared/include/ac_channel.h
    $PROJECT_HOME/src/main.cpp
      $PROJECT_HOME/include/ntt.h
        $PROJECT_HOME/include/config.h
          $MGC_HOME/shared/include/ac_int.h
        $PROJECT_HOME/include/utils.h
          $MGC_HOME/shared/include/mc_scverify.h
          $MGC_HOME/shared/include/ac_sync.h
            $MGC_HOME/shared/include/ac_channel.h
  
  Processes/Blocks in Design
    Process        Real Operation(s) count Latency Throughput Reset Length II Comments 
    -------------- ----------------------- ------- ---------- ------------ -- --------
    /peaseNTT/core                     128   66570      66572            0  0          
    Design Total:                      128   66570      66572            0  0          
    
  Clock Information
    Clock Signal Edge   Period Sharing Alloc (%) Uncertainty Used by Processes/Blocks 
    ------------ ------ ------ ----------------- ----------- ------------------------
    clk          rising  5.000             20.00    0.000000 /peaseNTT/core           
    
  I/O Data Ranges
    Port                        Mode DeclType DeclWidth DeclRange ActType ActWidth ActRange 
    --------------------------- ---- -------- --------- --------- ------- -------- --------
    clk                         IN   Unsigned         1                                     
    rst                         IN   Unsigned         1                                     
    xt:rsc.s_tdone              IN   Unsigned         1                                     
    xt:rsc.tr_write_done        IN   Unsigned         1                                     
    xt:rsc.RREADY               IN   Unsigned         1                                     
    xt:rsc.ARVALID              IN   Unsigned         1                                     
    xt:rsc.ARUSER               IN   Unsigned         1                                     
    xt:rsc.ARREGION             IN   Unsigned         4                                     
    xt:rsc.ARQOS                IN   Unsigned         4                                     
    xt:rsc.ARPROT               IN   Unsigned         3                                     
    xt:rsc.ARCACHE              IN   Unsigned         4                                     
    xt:rsc.ARLOCK               IN   Unsigned         1                                     
    xt:rsc.ARBURST              IN   Unsigned         2                                     
    xt:rsc.ARSIZE               IN   Unsigned         3                                     
    xt:rsc.ARLEN                IN   Unsigned         8                                     
    xt:rsc.ARADDR               IN   Unsigned        12                                     
    xt:rsc.ARID                 IN   Unsigned         1                                     
    xt:rsc.BREADY               IN   Unsigned         1                                     
    xt:rsc.WVALID               IN   Unsigned         1                                     
    xt:rsc.WUSER                IN   Unsigned         1                                     
    xt:rsc.WLAST                IN   Unsigned         1                                     
    xt:rsc.WSTRB                IN   Unsigned         4                                     
    xt:rsc.WDATA                IN   Unsigned        32                                     
    xt:rsc.AWVALID              IN   Unsigned         1                                     
    xt:rsc.AWUSER               IN   Unsigned         1                                     
    xt:rsc.AWREGION             IN   Unsigned         4                                     
    xt:rsc.AWQOS                IN   Unsigned         4                                     
    xt:rsc.AWPROT               IN   Unsigned         3                                     
    xt:rsc.AWCACHE              IN   Unsigned         4                                     
    xt:rsc.AWLOCK               IN   Unsigned         1                                     
    xt:rsc.AWBURST              IN   Unsigned         2                                     
    xt:rsc.AWSIZE               IN   Unsigned         3                                     
    xt:rsc.AWLEN                IN   Unsigned         8                                     
    xt:rsc.AWADDR               IN   Unsigned        12                                     
    xt:rsc.AWID                 IN   Unsigned         1                                     
    p:rsc.dat                   IN   Unsigned        32                                     
    r:rsc.dat                   IN   Unsigned        32                                     
    twiddle:rsc.s_tdone         IN   Unsigned         1                                     
    twiddle:rsc.tr_write_done   IN   Unsigned         1                                     
    twiddle:rsc.RREADY          IN   Unsigned         1                                     
    twiddle:rsc.ARVALID         IN   Unsigned         1                                     
    twiddle:rsc.ARUSER          IN   Unsigned         1                                     
    twiddle:rsc.ARREGION        IN   Unsigned         4                                     
    twiddle:rsc.ARQOS           IN   Unsigned         4                                     
    twiddle:rsc.ARPROT          IN   Unsigned         3                                     
    twiddle:rsc.ARCACHE         IN   Unsigned         4                                     
    twiddle:rsc.ARLOCK          IN   Unsigned         1                                     
    twiddle:rsc.ARBURST         IN   Unsigned         2                                     
    twiddle:rsc.ARSIZE          IN   Unsigned         3                                     
    twiddle:rsc.ARLEN           IN   Unsigned         8                                     
    twiddle:rsc.ARADDR          IN   Unsigned        12                                     
    twiddle:rsc.ARID            IN   Unsigned         1                                     
    twiddle:rsc.BREADY          IN   Unsigned         1                                     
    twiddle:rsc.WVALID          IN   Unsigned         1                                     
    twiddle:rsc.WUSER           IN   Unsigned         1                                     
    twiddle:rsc.WLAST           IN   Unsigned         1                                     
    twiddle:rsc.WSTRB           IN   Unsigned         4                                     
    twiddle:rsc.WDATA           IN   Unsigned        32                                     
    twiddle:rsc.AWVALID         IN   Unsigned         1                                     
    twiddle:rsc.AWUSER          IN   Unsigned         1                                     
    twiddle:rsc.AWREGION        IN   Unsigned         4                                     
    twiddle:rsc.AWQOS           IN   Unsigned         4                                     
    twiddle:rsc.AWPROT          IN   Unsigned         3                                     
    twiddle:rsc.AWCACHE         IN   Unsigned         4                                     
    twiddle:rsc.AWLOCK          IN   Unsigned         1                                     
    twiddle:rsc.AWBURST         IN   Unsigned         2                                     
    twiddle:rsc.AWSIZE          IN   Unsigned         3                                     
    twiddle:rsc.AWLEN           IN   Unsigned         8                                     
    twiddle:rsc.AWADDR          IN   Unsigned        12                                     
    twiddle:rsc.AWID            IN   Unsigned         1                                     
    twiddle_h:rsc.s_tdone       IN   Unsigned         1                                     
    twiddle_h:rsc.tr_write_done IN   Unsigned         1                                     
    twiddle_h:rsc.RREADY        IN   Unsigned         1                                     
    twiddle_h:rsc.ARVALID       IN   Unsigned         1                                     
    twiddle_h:rsc.ARUSER        IN   Unsigned         1                                     
    twiddle_h:rsc.ARREGION      IN   Unsigned         4                                     
    twiddle_h:rsc.ARQOS         IN   Unsigned         4                                     
    twiddle_h:rsc.ARPROT        IN   Unsigned         3                                     
    twiddle_h:rsc.ARCACHE       IN   Unsigned         4                                     
    twiddle_h:rsc.ARLOCK        IN   Unsigned         1                                     
    twiddle_h:rsc.ARBURST       IN   Unsigned         2                                     
    twiddle_h:rsc.ARSIZE        IN   Unsigned         3                                     
    twiddle_h:rsc.ARLEN         IN   Unsigned         8                                     
    twiddle_h:rsc.ARADDR        IN   Unsigned        12                                     
    twiddle_h:rsc.ARID          IN   Unsigned         1                                     
    twiddle_h:rsc.BREADY        IN   Unsigned         1                                     
    twiddle_h:rsc.WVALID        IN   Unsigned         1                                     
    twiddle_h:rsc.WUSER         IN   Unsigned         1                                     
    twiddle_h:rsc.WLAST         IN   Unsigned         1                                     
    twiddle_h:rsc.WSTRB         IN   Unsigned         4                                     
    twiddle_h:rsc.WDATA         IN   Unsigned        32                                     
    twiddle_h:rsc.AWVALID       IN   Unsigned         1                                     
    twiddle_h:rsc.AWUSER        IN   Unsigned         1                                     
    twiddle_h:rsc.AWREGION      IN   Unsigned         4                                     
    twiddle_h:rsc.AWQOS         IN   Unsigned         4                                     
    twiddle_h:rsc.AWPROT        IN   Unsigned         3                                     
    twiddle_h:rsc.AWCACHE       IN   Unsigned         4                                     
    twiddle_h:rsc.AWLOCK        IN   Unsigned         1                                     
    twiddle_h:rsc.AWBURST       IN   Unsigned         2                                     
    twiddle_h:rsc.AWSIZE        IN   Unsigned         3                                     
    twiddle_h:rsc.AWLEN         IN   Unsigned         8                                     
    twiddle_h:rsc.AWADDR        IN   Unsigned        12                                     
    twiddle_h:rsc.AWID          IN   Unsigned         1                                     
    xt:rsc.RVALID               OUT  Unsigned         1                                     
    xt:rsc.RUSER                OUT  Unsigned         1                                     
    xt:rsc.RLAST                OUT  Unsigned         1                                     
    xt:rsc.RRESP                OUT  Unsigned         2                                     
    xt:rsc.RDATA                OUT  Unsigned        32                                     
    xt:rsc.RID                  OUT  Unsigned         1                                     
    xt:rsc.ARREADY              OUT  Unsigned         1                                     
    xt:rsc.BVALID               OUT  Unsigned         1                                     
    xt:rsc.BUSER                OUT  Unsigned         1                                     
    xt:rsc.BRESP                OUT  Unsigned         2                                     
    xt:rsc.BID                  OUT  Unsigned         1                                     
    xt:rsc.WREADY               OUT  Unsigned         1                                     
    xt:rsc.AWREADY              OUT  Unsigned         1                                     
    xt:rsc.triosy.lz            OUT  Unsigned         1                                     
    p:rsc.triosy.lz             OUT  Unsigned         1                                     
    r:rsc.triosy.lz             OUT  Unsigned         1                                     
    twiddle:rsc.RVALID          OUT  Unsigned         1                                     
    twiddle:rsc.RUSER           OUT  Unsigned         1                                     
    twiddle:rsc.RLAST           OUT  Unsigned         1                                     
    twiddle:rsc.RRESP           OUT  Unsigned         2                                     
    twiddle:rsc.RDATA           OUT  Unsigned        32                                     
    twiddle:rsc.RID             OUT  Unsigned         1                                     
    twiddle:rsc.ARREADY         OUT  Unsigned         1                                     
    twiddle:rsc.BVALID          OUT  Unsigned         1                                     
    twiddle:rsc.BUSER           OUT  Unsigned         1                                     
    twiddle:rsc.BRESP           OUT  Unsigned         2                                     
    twiddle:rsc.BID             OUT  Unsigned         1                                     
    twiddle:rsc.WREADY          OUT  Unsigned         1                                     
    twiddle:rsc.AWREADY         OUT  Unsigned         1                                     
    twiddle:rsc.triosy.lz       OUT  Unsigned         1                                     
    twiddle_h:rsc.RVALID        OUT  Unsigned         1                                     
    twiddle_h:rsc.RUSER         OUT  Unsigned         1                                     
    twiddle_h:rsc.RLAST         OUT  Unsigned         1                                     
    twiddle_h:rsc.RRESP         OUT  Unsigned         2                                     
    twiddle_h:rsc.RDATA         OUT  Unsigned        32                                     
    twiddle_h:rsc.RID           OUT  Unsigned         1                                     
    twiddle_h:rsc.ARREADY       OUT  Unsigned         1                                     
    twiddle_h:rsc.BVALID        OUT  Unsigned         1                                     
    twiddle_h:rsc.BUSER         OUT  Unsigned         1                                     
    twiddle_h:rsc.BRESP         OUT  Unsigned         2                                     
    twiddle_h:rsc.BID           OUT  Unsigned         1                                     
    twiddle_h:rsc.WREADY        OUT  Unsigned         1                                     
    twiddle_h:rsc.AWREADY       OUT  Unsigned         1                                     
    twiddle_h:rsc.triosy.lz     OUT  Unsigned         1                                     
    
  Memory Resources
    Resource Name: /peaseNTT/core/yt:rsc
      Memory Component: BLOCK_1R1W_RBW               Size:         1024 x 32
      External:         false                        Packing Mode: absolute
      Memory Map:
      Variable          Indices Phys Memory Address        
      ----------------- ------- --------------------------
      /peaseNTT/core/yt    0:31 000003ff-00000000 (1023-0) 
      
    Resource Name: /peaseNTT/xt:rsc
      Memory Component: ccs_axi4_slave_mem           Size:         1024 x 32
      External:         true                         Packing Mode: absolute
      Memory Map:
      Variable     Indices Phys Memory Address        
      ------------ ------- --------------------------
      /peaseNTT/xt    0:31 000003ff-00000000 (1023-0) 
      
    Resource Name: /peaseNTT/p:rsc
      Memory Component: ccs_in                       Size:         1 x 32
      External:         true                         Packing Mode: sidebyside
      Memory Map:
      Variable    Indices Phys Memory Address     
      ----------- ------- -----------------------
      /peaseNTT/p    0:31 00000000-00000000 (0-0) 
      
    Resource Name: /peaseNTT/r:rsc
      Memory Component: ccs_in                       Size:         1 x 32
      External:         true                         Packing Mode: sidebyside
      Memory Map:
      Variable    Indices Phys Memory Address     
      ----------- ------- -----------------------
      /peaseNTT/r    0:31 00000000-00000000 (0-0) 
      
    Resource Name: /peaseNTT/twiddle:rsc
      Memory Component: ccs_axi4_slave_mem           Size:         1024 x 32
      External:         true                         Packing Mode: absolute
      Memory Map:
      Variable          Indices Phys Memory Address        
      ----------------- ------- --------------------------
      /peaseNTT/twiddle    0:31 000003ff-00000000 (1023-0) 
      
    Resource Name: /peaseNTT/twiddle_h:rsc
      Memory Component: ccs_axi4_slave_mem           Size:         1024 x 32
      External:         true                         Packing Mode: absolute
      Memory Map:
      Variable            Indices Phys Memory Address        
      ------------------- ------- --------------------------
      /peaseNTT/twiddle_h    0:31 000003ff-00000000 (1023-0) 
      
  C++ to Interface Mappings
    C++ Field Interface Range Range Expression Expression Limits 
    --------- --------------- ---------------- -----------------
    
  Multi-Cycle (Combinational) Component Usage
    Instance Component Name Delay 
    -------- -------------- -----
    
  Loops
    Process        Loop             Iterations C-Steps Total Cycles   Duration  Unroll Init Comments 
    -------------- ---------------- ---------- ------- ------------- ---------- ------ ---- --------
    /peaseNTT/core core:rlp           Infinite       0        66572  332.86 us                       
    /peaseNTT/core  main              Infinite       2        66572  332.86 us                       
    /peaseNTT/core   STAGE_LOOP              3       2        39942  199.71 us                       
    /peaseNTT/core    INNER_LOOP1          512      13         6656   33.28 us                       
    /peaseNTT/core    INNER_LOOP2          512      13         6656   33.28 us                       
    /peaseNTT/core   STAGE_LOOP1             2       2        26628  133.14 us                       
    /peaseNTT/core    INNER_LOOP3          512      13         6656   33.28 us                       
    /peaseNTT/core    INNER_LOOP4          512      13         6656   33.28 us                       
    
  Loop Execution Profile
    Process        Loop             Total Cycles % of Overall Design Cycles Throughput Cycles Comments 
    -------------- ---------------- ------------ -------------------------- ----------------- --------
    /peaseNTT/core core:rlp                   0                        0.00            66572           
    /peaseNTT/core  main                      2                        0.00            66572           
    /peaseNTT/core   STAGE_LOOP               6                        0.01            39942           
    /peaseNTT/core    INNER_LOOP1         19968                       29.99            19968           
    /peaseNTT/core    INNER_LOOP2         19968                       29.99            19968           
    /peaseNTT/core   STAGE_LOOP1              4                        0.01            26628           
    /peaseNTT/core    INNER_LOOP3         13312                       20.00            13312           
    /peaseNTT/core    INNER_LOOP4         13312                       20.00            13312           
    
  End of Report
