//  Catapult Ultra Synthesis 10.5c/896140 (Production Release) Sun Sep  6 22:45:38 PDT 2020
//  
//  Copyright (c) Mentor Graphics Corporation, 1996-2020, All Rights Reserved.
//                        UNPUBLISHED, LICENSED SOFTWARE.
//             CONFIDENTIAL AND PROPRIETARY INFORMATION WHICH IS THE
//                 PROPERTY OF MENTOR GRAPHICS OR ITS LICENSORS
//  
//  Running on Linux yl7897@newnano.poly.edu 3.10.0-1062.4.1.el7.x86_64 x86_64 aol
//  
//  Package information: SIFLIBS v23.5_3.0, HLS_PKGS v23.5_3.0, 
//                       SIF_TOOLKITS v23.5_3.0, SIF_XILINX v23.5_3.0, 
//                       SIF_ALTERA v23.5_3.0, CCS_LIBS v23.5_3.0, 
//                       CDS_PPRO v10.3c_2, CDS_DesigChecker v10.5c, 
//                       CDS_OASYS v19.1_3.7, CDS_PSR v20.1_0.0, 
//                       DesignPad v2.78_1.0
//  
//  Start time Thu Jul 29 10:58:56 2021
# -------------------------------------------------
# Logging session transcript to file "/tmp/log46240c2b4040.0"
# Loading options from '$HOME/.catapult/10.5c-896140.aol.reg'.
project load /home/yl7897/NTT_Xilinx/Catapult/stockham_DIF/Catapult.ccs
# Moving session transcript to file "/home/yl7897/NTT_Xilinx/Catapult/stockham_DIF/catapult.log"
solution file add ./src/ntt.cpp
# /INPUTFILES/1
solution file add ./src/ntt_tb.cpp -exclude true
# /INPUTFILES/2
go compile
# Info: Starting transformation 'analyze' on solution 'solution.v1' (SOL-8)
# Front End called with arguments: -- /home/yl7897/NTT_Xilinx/Catapult/stockham_DIF/src/ntt.cpp (CIN-69)
# Edison Design Group C++/C Front End - Version 5.1 (CIN-1)
# Warning: $PROJECT_HOME/include/config.h(18): last line of file ends without a newline (CRD-1)
# Warning: $PROJECT_HOME/include/ntt.h(20): last line of file ends without a newline (CRD-1)
# Warning: $PROJECT_HOME/src/ntt.cpp(56): last line of file ends without a newline (CRD-1)
# $PROJECT_HOME/src/ntt.cpp(4): Pragma 'hls_design<>' detected on routine 'modulo_dev' (CIN-6)
# $PROJECT_HOME/src/ntt.cpp(28): Pragma 'hls_design<top>' detected on routine 'DIT_RELOOP' (CIN-6)
# Source file analysis completed (CIN-68)
# Info: Completed transformation 'analyze' on solution 'solution.v1': elapsed time 2.78 seconds, memory usage 1445860kB, peak memory usage 1445860kB (SOL-9)
# Info: Starting transformation 'compile' on solution 'DIT_RELOOP.v1' (SOL-8)
# Generating synthesis internal form... (CIN-3)
# $PROJECT_HOME/src/ntt.cpp(5): Found design routine 'modulo_dev' specified by directive (CIN-52)
# $PROJECT_HOME/src/ntt.cpp(29): Found top design routine 'DIT_RELOOP' specified by directive (CIN-52)
# $PROJECT_HOME/src/ntt.cpp(29): Synthesizing routine 'DIT_RELOOP' (CIN-13)
# $PROJECT_HOME/src/ntt.cpp(29): Inlining routine 'DIT_RELOOP' (CIN-14)
# $PROJECT_HOME/src/ntt.cpp(5): Found design routine 'modulo_dev' specified by directive (CIN-52)
# $PROJECT_HOME/src/ntt.cpp(5): Found design routine 'modulo_dev' specified by directive (CIN-52)
# $PROJECT_HOME/src/ntt.cpp(5): Synthesizing routine 'modulo_dev' (CIN-13)
# $PROJECT_HOME/src/ntt.cpp(5): Inlining routine 'modulo_dev' (CIN-14)
# $MGC_HOME/shared/include/ac_int.h(2812): Inlining routine 'operator>=<64, true>' (CIN-14)
# $PROJECT_HOME/src/ntt.cpp(5): Optimizing block '/DIT_RELOOP/modulo_dev' ... (CIN-4)
# $PROJECT_HOME/src/ntt.cpp(5): Found design routine 'modulo_dev' specified by directive (CIN-52)
# $PROJECT_HOME/src/ntt.cpp(29): Optimizing block '/DIT_RELOOP' ... (CIN-4)
# $PROJECT_HOME/src/ntt.cpp(29): INOUT port 'vec' is only used as an input. (OPT-10)
# $PROJECT_HOME/src/ntt.cpp(29): INOUT port 'twiddle' is only used as an input. (OPT-10)
# $PROJECT_HOME/src/ntt.cpp(30): Loop '/DIT_RELOOP/core/COPY_LOOP' iterated at most 1024 times. (LOOP-2)
# $PROJECT_HOME/src/ntt.cpp(38): Loop '/DIT_RELOOP/core/IDX_LOOP' iterated at most 2049 times. (LOOP-2)
# $PROJECT_HOME/src/ntt.cpp(33): Loop '/DIT_RELOOP/core/STAGE_LOOP' iterated at most 10 times. (LOOP-2)
# $PROJECT_HOME/src/ntt.cpp(38): Loop '/DIT_RELOOP/core/IDX_LOOP' iterated at most 1025 times. (LOOP-2)
# $PROJECT_HOME/src/ntt.cpp(37): Loop '/DIT_RELOOP/core/GROUP_LOOP' iterated at most 1025 times. (LOOP-2)
# Design 'DIT_RELOOP' was read (SOL-1)
# Makefile for Original Design + Testbench written to file './scverify/Verify_orig_cxx_osci.mk'
# Info: CDesignChecker Shell script written to '/home/yl7897/NTT_Xilinx/Catapult/stockham_DIF/Catapult/DIT_RELOOP.v1/CDesignChecker/design_checker.sh'
# Info: Completed transformation 'compile' on solution 'DIT_RELOOP.v1': elapsed time 2.67 seconds, memory usage 1445860kB, peak memory usage 1445860kB (SOL-9)
# Info: Design complexity at end of 'compile': Total ops = 75, Real ops = 27, Vars = 29 (SOL-21)
solution library add mgc_Xilinx-VIRTEX-7-2_beh -- -rtlsyntool Vivado -manufacturer Xilinx -family VIRTEX-7 -speed -2 -part xc7vx690tffg1761-2
solution library add Xilinx_RAMS
go libraries
# Info: Starting transformation 'libraries' on solution 'DIT_RELOOP.v1' (SOL-8)
# Info: Please set ComponentLibs/TechLibSearchPath to enable flows that use downstream synthesis tools (LIB-220)
# Reading component library '$MGC_HOME/pkgs/siflibs/mgc_busdefs.lib' [mgc_busdefs]... (LIB-49)
# Reading component library '$MGC_HOME/pkgs/siflibs/stdops.lib' [STDOPS]... (LIB-49)
# Reading component library '$MGC_HOME/pkgs/siflibs/ccs_ioport.lib' [ccs_ioport]... (LIB-49)
# Reading component library '$MGC_HOME/pkgs/siflibs/mgc_ioport.lib' [mgc_ioport]... (LIB-49)
# Reading component library '$MGC_HOME/pkgs/cds_assert/assert_ops.lib' [ASSERT_OPS]... (LIB-49)
# Reading component library '$MGC_HOME/pkgs/cds_assert/assert_mods.lib' [assert_mods]... (LIB-49)
# Reading component library '$MGC_HOME/pkgs/ccs_xilinx/mgc_Xilinx-VIRTEX-7-2_beh.lib' [mgc_Xilinx-VIRTEX-7-2_beh]... (LIB-49)
# Reading component library '$MGC_HOME/pkgs/ccs_xilinx/Xilinx_RAMS.lib' [Xilinx_RAMS]... (LIB-49)
# Info: Completed transformation 'libraries' on solution 'DIT_RELOOP.v1': elapsed time 0.76 seconds, memory usage 1445860kB, peak memory usage 1445860kB (SOL-9)
# Info: Design complexity at end of 'libraries': Total ops = 75, Real ops = 27, Vars = 29 (SOL-21)
go memories
directive set SCHED_USE_MULTICYCLE true
# Info: Starting transformation 'assembly' on solution 'DIT_RELOOP.v1' (SOL-8)
# Error: Clock Period is not set for process '/DIT_RELOOP/core'! (DIR-26)
# Info: Completed transformation 'libraries' on solution 'DIT_RELOOP.v1': elapsed time 0.11 seconds, memory usage 1445860kB, peak memory usage 1445860kB (SOL-9)
# Info: Design complexity at end of 'libraries': Total ops = 77, Real ops = 27, Vars = 31 (SOL-21)
# Error: go: Transformation 'memories' failed
directive set -CLOCKS {clk {-CLOCK_PERIOD 20 -CLOCK_EDGE rising -CLOCK_HIGH_TIME 10 -CLOCK_OFFSET 0.000000 -CLOCK_UNCERTAINTY 0.0 -RESET_KIND sync -RESET_SYNC_NAME rst -RESET_SYNC_ACTIVE high -RESET_ASYNC_NAME arst_n -RESET_ASYNC_ACTIVE low -ENABLE_NAME {} -ENABLE_ACTIVE high}}
# Info: Branching solution 'DIT_RELOOP.v2' at state 'libraries' (PRJ-2)
# Makefile for Original Design + Testbench written to file './scverify/Verify_orig_cxx_osci.mk'
# Info: CDesignChecker Shell script written to '/home/yl7897/NTT_Xilinx/Catapult/stockham_DIF/Catapult/DIT_RELOOP.v2/CDesignChecker/design_checker.sh'
# /CLOCKS {clk {-CLOCK_PERIOD 20 -CLOCK_EDGE rising -CLOCK_HIGH_TIME 10 -CLOCK_OFFSET 0.000000 -CLOCK_UNCERTAINTY 0.0 -RESET_KIND sync -RESET_SYNC_NAME rst -RESET_SYNC_ACTIVE high -RESET_ASYNC_NAME arst_n -RESET_ASYNC_ACTIVE low -ENABLE_NAME {} -ENABLE_ACTIVE high}}
go memories
directive set SCHED_USE_MULTICYCLE true
# Info: Starting transformation 'assembly' on solution 'DIT_RELOOP.v2' (SOL-8)
# Info: Completed transformation 'assembly' on solution 'DIT_RELOOP.v2': elapsed time 0.18 seconds, memory usage 1445860kB, peak memory usage 1445860kB (SOL-9)
# Info: Design complexity at end of 'assembly': Total ops = 76, Real ops = 27, Vars = 30 (SOL-21)
# Info: Starting transformation 'loops' on solution 'DIT_RELOOP.v2' (SOL-8)
# $PROJECT_HOME/src/ntt.cpp(30): Loop '/DIT_RELOOP/core/COPY_LOOP' is left rolled. (LOOP-4)
# $PROJECT_HOME/src/ntt.cpp(38): Loop '/DIT_RELOOP/core/IDX_LOOP' is left rolled. (LOOP-4)
# $PROJECT_HOME/src/ntt.cpp(37): Loop '/DIT_RELOOP/core/GROUP_LOOP' is left rolled. (LOOP-4)
# $PROJECT_HOME/src/ntt.cpp(33): Loop '/DIT_RELOOP/core/STAGE_LOOP' is left rolled. (LOOP-4)
# $PROJECT_HOME/src/ntt.cpp(29): Loop '/DIT_RELOOP/core/main' is left rolled. (LOOP-4)
# Info: Completed transformation 'loops' on solution 'DIT_RELOOP.v2': elapsed time 0.03 seconds, memory usage 1445860kB, peak memory usage 1445860kB (SOL-9)
# Info: Design complexity at end of 'loops': Total ops = 87, Real ops = 27, Vars = 37 (SOL-21)
# Info: Starting transformation 'memories' on solution 'DIT_RELOOP.v2' (SOL-8)
# $PROJECT_HOME/src/ntt.cpp(5): I/O-Port Resource '/DIT_RELOOP/modulo_dev/base:rsc' (from var: base) mapped to 'ccs_ioport.ccs_in' (size: 64). (MEM-2)
# $PROJECT_HOME/src/ntt.cpp(5): I/O-Port Resource '/DIT_RELOOP/modulo_dev/m:rsc' (from var: m) mapped to 'ccs_ioport.ccs_in' (size: 64). (MEM-2)
# $PROJECT_HOME/src/ntt.cpp(5): I/O-Port Resource '/DIT_RELOOP/modulo_dev/return:rsc' (from var: return) mapped to 'mgc_ioport.mgc_out_dreg' (size: 64). (MEM-2)
# $PROJECT_HOME/src/ntt.cpp(5): I/O-Port Resource '/DIT_RELOOP/modulo_dev/ccs_ccore_start:rsc' (from var: ccs_ccore_start) mapped to 'ccs_ioport.ccs_in' (size: 1). (MEM-2)
# $PROJECT_HOME/src/ntt.cpp(29): Memory Resource '/DIT_RELOOP/vec:rsc' (from var: vec) mapped to 'Xilinx_RAMS.BLOCK_1R1W_RBW' (size: 1024 x 64). (MEM-4)
# $PROJECT_HOME/src/ntt.cpp(29): I/O-Port Resource '/DIT_RELOOP/p:rsc' (from var: p) mapped to 'ccs_ioport.ccs_in' (size: 64). (MEM-2)
# $PROJECT_HOME/src/ntt.cpp(29): I/O-Port Resource '/DIT_RELOOP/r:rsc' (from var: r) mapped to 'ccs_ioport.ccs_in' (size: 64). (MEM-2)
# $PROJECT_HOME/src/ntt.cpp(29): Memory Resource '/DIT_RELOOP/result:rsc' (from var: result) mapped to 'Xilinx_RAMS.BLOCK_1R1W_RBW' (size: 1024 x 64). (MEM-4)
# $PROJECT_HOME/src/ntt.cpp(29): Memory Resource '/DIT_RELOOP/twiddle:rsc' (from var: twiddle) mapped to 'Xilinx_RAMS.BLOCK_1R1W_RBW' (size: 1024 x 64). (MEM-4)
# Info: Completed transformation 'memories' on solution 'DIT_RELOOP.v2': elapsed time 0.42 seconds, memory usage 1445860kB, peak memory usage 1445860kB (SOL-9)
# Info: Design complexity at end of 'memories': Total ops = 88, Real ops = 27, Vars = 36 (SOL-21)
# /SCHED_USE_MULTICYCLE true
go libraries
go extract
# Info: Starting transformation 'cluster' on solution 'DIT_RELOOP.v2' (SOL-8)
# Module 'modulo_dev_ec8c24466b69562b778c7ad72f862955620d_0' in the cache is valid & accepted for CCORE 'modulo_dev_ec8c24466b69562b778c7ad72f862955620d' (TD-3)
# Reading solution library '/home/yl7897/NTT_Xilinx/Catapult/stockham_DIF/Catapult/td_ccore_solutions/modulo_dev_ec8c24466b69562b778c7ad72f862955620d_0/.sif/solIndex_2_0bf64b4f-9b22-4eb7-b172-e8c9bb9823c4.xml' ... (LIB-129)
# Module for CCORE 'modulo_dev_ec8c24466b69562b778c7ad72f862955620d' has been successfully synthesized (TD-4)
# Info: Completed transformation 'cluster' on solution 'DIT_RELOOP.v2': elapsed time 0.33 seconds, memory usage 1445860kB, peak memory usage 1445860kB (SOL-9)
# Info: Design complexity at end of 'cluster': Total ops = 76, Real ops = 25, Vars = 27 (SOL-21)
# Info: Starting transformation 'architect' on solution 'DIT_RELOOP.v2' (SOL-8)
# Design 'DIT_RELOOP' contains '25' real operations. (SOL-11)
# Info: Completed transformation 'architect' on solution 'DIT_RELOOP.v2': elapsed time 0.54 seconds, memory usage 1445860kB, peak memory usage 1445860kB (SOL-9)
# Info: Design complexity at end of 'architect': Total ops = 100, Real ops = 25, Vars = 33 (SOL-21)
# Info: Starting transformation 'allocate' on solution 'DIT_RELOOP.v2' (SOL-8)
# Performing concurrent resource allocation and scheduling on '/DIT_RELOOP/core' (CRAAS-1)
# Info: Select qualified components for data operations ... (CRAAS-3)
# Info: Apply resource constraints on data operations ... (CRAAS-4)
# $PROJECT_HOME/src/ntt.cpp(38): Prescheduled LOOP '/DIT_RELOOP/core/IDX_LOOP' (37 c-steps) (SCHD-7)
# $PROJECT_HOME/src/ntt.cpp(37): Prescheduled LOOP '/DIT_RELOOP/core/GROUP_LOOP' (1 c-steps) (SCHD-7)
# $PROJECT_HOME/src/ntt.cpp(33): Prescheduled LOOP '/DIT_RELOOP/core/STAGE_LOOP' (2 c-steps) (SCHD-7)
# $PROJECT_HOME/src/ntt.cpp(30): Prescheduled LOOP '/DIT_RELOOP/core/COPY_LOOP' (3 c-steps) (SCHD-7)
# $PROJECT_HOME/src/ntt.cpp(29): Prescheduled LOOP '/DIT_RELOOP/core/main' (2 c-steps) (SCHD-7)
# $PROJECT_HOME/src/ntt.cpp(29): Prescheduled LOOP '/DIT_RELOOP/core/core:rlp' (0 c-steps) (SCHD-7)
# $PROJECT_HOME/src/ntt.cpp(29): Prescheduled SEQUENTIAL '/DIT_RELOOP/core' (total length 388744594 c-steps) (SCHD-8)
# Info: $PROJECT_HOME/src/ntt.cpp(29): Initial schedule of SEQUENTIAL '/DIT_RELOOP/core': Latency = 399250838, Area (Datapath, Register, Total) = 244743.60, 0.00, 244743.60 (CRAAS-11)
# At least one feasible schedule exists. (CRAAS-9)
# Info: $PROJECT_HOME/src/ntt.cpp(29): Final schedule of SEQUENTIAL '/DIT_RELOOP/core': Latency = 399250838, Area (Datapath, Register, Total) = 134751.84, 0.00, 134751.84 (CRAAS-12)
# Resource allocation and scheduling done. (CRAAS-2)
# Netlist written to file 'schedule.gnt' (NET-4)
# Info: Completed transformation 'allocate' on solution 'DIT_RELOOP.v2': elapsed time 0.33 seconds, memory usage 1445860kB, peak memory usage 1445860kB (SOL-9)
# Info: Design complexity at end of 'allocate': Total ops = 100, Real ops = 25, Vars = 33 (SOL-21)
# Info: Starting transformation 'schedule' on solution 'DIT_RELOOP.v2' (SOL-8)
# Performing concurrent resource allocation and scheduling on '/DIT_RELOOP/core' (CRAAS-1)
# Global signal 'vec:rsc.q' added to design 'DIT_RELOOP' for component 'vec:rsci' (LIB-3)
# Global signal 'vec:rsc.radr' added to design 'DIT_RELOOP' for component 'vec:rsci' (LIB-3)
# Global signal 'p:rsc.dat' added to design 'DIT_RELOOP' for component 'p:rsci' (LIB-3)
# Global signal 'r:rsc.dat' added to design 'DIT_RELOOP' for component 'r:rsci' (LIB-3)
# Global signal 'result:rsc.q' added to design 'DIT_RELOOP' for component 'result:rsci' (LIB-3)
# Global signal 'result:rsc.radr' added to design 'DIT_RELOOP' for component 'result:rsci' (LIB-3)
# Global signal 'result:rsc.we' added to design 'DIT_RELOOP' for component 'result:rsci' (LIB-3)
# Global signal 'result:rsc.d' added to design 'DIT_RELOOP' for component 'result:rsci' (LIB-3)
# Global signal 'result:rsc.wadr' added to design 'DIT_RELOOP' for component 'result:rsci' (LIB-3)
# Global signal 'twiddle:rsc.q' added to design 'DIT_RELOOP' for component 'twiddle:rsci' (LIB-3)
# Global signal 'twiddle:rsc.radr' added to design 'DIT_RELOOP' for component 'twiddle:rsci' (LIB-3)
# Global signal 'vec:rsc.triosy.lz' added to design 'DIT_RELOOP' for component 'vec:rsc.triosy:obj' (LIB-3)
# Global signal 'p:rsc.triosy.lz' added to design 'DIT_RELOOP' for component 'p:rsc.triosy:obj' (LIB-3)
# Global signal 'r:rsc.triosy.lz' added to design 'DIT_RELOOP' for component 'r:rsc.triosy:obj' (LIB-3)
# Global signal 'result:rsc.triosy.lz' added to design 'DIT_RELOOP' for component 'result:rsc.triosy:obj' (LIB-3)
# Global signal 'twiddle:rsc.triosy.lz' added to design 'DIT_RELOOP' for component 'twiddle:rsc.triosy:obj' (LIB-3)
# Warning: $PROJECT_HOME/src/ntt.cpp(29): Input port 'r:rsc.dat' is never used. (OPT-4)
# Report written to file 'cycle.rpt'
# Info: Completed transformation 'schedule' on solution 'DIT_RELOOP.v2': elapsed time 5.59 seconds, memory usage 1445860kB, peak memory usage 1445860kB (SOL-9)
# Info: Design complexity at end of 'schedule': Total ops = 1304, Real ops = 28, Vars = 100 (SOL-21)
# Info: Starting transformation 'dpfsm' on solution 'DIT_RELOOP.v2' (SOL-8)
# Performing FSM extraction... (FSM-1)
# Creating shared register 'IDX_LOOP:acc#3.itm' for variables 'IDX_LOOP:acc#3.itm, IDX_LOOP:modulo_dev(return)#1.sva, IDX_LOOP:f2.sva' (2 registers deleted). (FSM-3)
# Info: Completed transformation 'dpfsm' on solution 'DIT_RELOOP.v2': elapsed time 0.69 seconds, memory usage 1445860kB, peak memory usage 1445860kB (SOL-9)
# Info: Design complexity at end of 'dpfsm': Total ops = 375, Real ops = 104, Vars = 102 (SOL-21)
# Info: Starting transformation 'instance' on solution 'DIT_RELOOP.v2' (SOL-8)
# Netlist written to file 'schematic.nlv' (NET-4)
# Info: Completed transformation 'instance' on solution 'DIT_RELOOP.v2': elapsed time 0.66 seconds, memory usage 1445860kB, peak memory usage 1445860kB (SOL-9)
# Info: Design complexity at end of 'instance': Total ops = 370, Real ops = 74, Vars = 266 (SOL-21)
# Info: Starting transformation 'extract' on solution 'DIT_RELOOP.v2' (SOL-8)
# Report written to file 'rtl.rpt'
# Generating scverify_top.cpp
# Netlist written to file 'rtl.vhdl' (NET-4)
# generate concat
# order file name is: rtl.vhdl_order.txt
# Add dependent file: /opt/mentorgraphics/Catapult_10.5c/Mgc_home/pkgs/siflibs/ccs_in_v1.vhd
# Add dependent file: /opt/mentorgraphics/Catapult_10.5c/Mgc_home/pkgs/siflibs/mgc_io_sync_v2.vhd
# Add dependent file: /opt/mentorgraphics/Catapult_10.5c/Mgc_home/pkgs/hls_pkgs/src/funcs.vhd
# Add dependent file: /opt/mentorgraphics/Catapult_10.5c/Mgc_home/pkgs/hls_pkgs/mgc_comps_src/mgc_comps.vhd
# Add dependent file: /opt/mentorgraphics/Catapult_10.5c/Mgc_home/pkgs/hls_pkgs/mgc_comps_src/mgc_rem_beh.vhd
# Add dependent file: /opt/mentorgraphics/Catapult_10.5c/Mgc_home/pkgs/siflibs/mgc_out_dreg_v2.vhd
# Add dependent file: ../td_ccore_solutions/modulo_dev_ec8c24466b69562b778c7ad72f862955620d_0/rtl.vhdl
# Add dependent file: /opt/mentorgraphics/Catapult_10.5c/Mgc_home/pkgs/siflibs/mgc_shift_comps_v5.vhd
# Add dependent file: /opt/mentorgraphics/Catapult_10.5c/Mgc_home/pkgs/siflibs/mgc_shift_r_beh_v5.vhd
# Add dependent file: /opt/mentorgraphics/Catapult_10.5c/Mgc_home/pkgs/siflibs/mgc_shift_l_beh_v5.vhd
# Add dependent file: ./rtl.vhdl
# Finished writing concatenated file: /home/yl7897/NTT_Xilinx/Catapult/stockham_DIF/Catapult/DIT_RELOOP.v2/concat_rtl.vhdl
# order file name is: rtl.vhdl_order_sim.txt
# Add dependent file: /opt/mentorgraphics/Catapult_10.5c/Mgc_home/pkgs/siflibs/ccs_in_v1.vhd
# Add dependent file: /opt/mentorgraphics/Catapult_10.5c/Mgc_home/pkgs/siflibs/mgc_io_sync_v2.vhd
# Add dependent file: /opt/mentorgraphics/Catapult_10.5c/Mgc_home/pkgs/hls_pkgs/src/funcs.vhd
# Add dependent file: /opt/mentorgraphics/Catapult_10.5c/Mgc_home/pkgs/hls_pkgs/mgc_comps_src/mgc_comps.vhd
# Add dependent file: /opt/mentorgraphics/Catapult_10.5c/Mgc_home/pkgs/hls_pkgs/mgc_comps_src/mgc_rem_beh.vhd
# Add dependent file: /opt/mentorgraphics/Catapult_10.5c/Mgc_home/pkgs/siflibs/mgc_out_dreg_v2.vhd
# Add dependent file: ../td_ccore_solutions/modulo_dev_ec8c24466b69562b778c7ad72f862955620d_0/rtl.vhdl
# Add dependent file: /opt/mentorgraphics/Catapult_10.5c/Mgc_home/pkgs/siflibs/mgc_shift_comps_v5.vhd
# Add dependent file: /opt/mentorgraphics/Catapult_10.5c/Mgc_home/pkgs/siflibs/mgc_shift_r_beh_v5.vhd
# Add dependent file: /opt/mentorgraphics/Catapult_10.5c/Mgc_home/pkgs/siflibs/mgc_shift_l_beh_v5.vhd
# Add dependent file: ./rtl.vhdl
# Finished writing concatenated simulation file: /home/yl7897/NTT_Xilinx/Catapult/stockham_DIF/Catapult/DIT_RELOOP.v2/concat_sim_rtl.vhdl
# Generating SCVerify testbench files
# Error: Top function does not appear to have the CCS_BLOCK macro wrapping the function name
# Makefile for RTL VHDL output 'rtl.vhdl' vs Untimed C++ written to file './scverify/Verify_rtl_vhdl_msim.mk'
# Info: Xilinx Vivado synthesis script written to 'vivado_vhdl/rtl.vhdl.xv'
# Info: Xilinx Vivado synthesis script written to 'vivado_concat_vhdl/concat_rtl.vhdl.xv'
# Makefile for Concat RTL VHDL output 'concat_sim_rtl.vhdl' vs Untimed C++ written to file './scverify/Verify_concat_sim_rtl_vhdl_msim.mk'
# Netlist written to file 'rtl.v' (NET-4)
# generate concat
# order file name is: rtl.v_order.txt
# Add dependent file: /opt/mentorgraphics/Catapult_10.5c/Mgc_home/pkgs/siflibs/ccs_in_v1.v
# Add dependent file: /opt/mentorgraphics/Catapult_10.5c/Mgc_home/pkgs/siflibs/mgc_io_sync_v2.v
# Add dependent file: /opt/mentorgraphics/Catapult_10.5c/Mgc_home/pkgs/hls_pkgs/mgc_comps_src/mgc_rem_beh.v
# Add dependent file: /opt/mentorgraphics/Catapult_10.5c/Mgc_home/pkgs/siflibs/mgc_out_dreg_v2.v
# Add dependent file: ../td_ccore_solutions/modulo_dev_ec8c24466b69562b778c7ad72f862955620d_0/rtl.v
# Add dependent file: /opt/mentorgraphics/Catapult_10.5c/Mgc_home/pkgs/siflibs/mgc_shift_r_beh_v5.v
# Add dependent file: /opt/mentorgraphics/Catapult_10.5c/Mgc_home/pkgs/siflibs/mgc_shift_l_beh_v5.v
# Add dependent file: ./rtl.v
# Finished writing concatenated file: /home/yl7897/NTT_Xilinx/Catapult/stockham_DIF/Catapult/DIT_RELOOP.v2/concat_rtl.v
# order file name is: rtl.v_order_sim.txt
# Add dependent file: /opt/mentorgraphics/Catapult_10.5c/Mgc_home/pkgs/siflibs/ccs_in_v1.v
# Add dependent file: /opt/mentorgraphics/Catapult_10.5c/Mgc_home/pkgs/siflibs/mgc_io_sync_v2.v
# Add dependent file: /opt/mentorgraphics/Catapult_10.5c/Mgc_home/pkgs/hls_pkgs/mgc_comps_src/mgc_rem_beh.v
# Add dependent file: /opt/mentorgraphics/Catapult_10.5c/Mgc_home/pkgs/siflibs/mgc_out_dreg_v2.v
# Add dependent file: ../td_ccore_solutions/modulo_dev_ec8c24466b69562b778c7ad72f862955620d_0/rtl.v
# Add dependent file: /opt/mentorgraphics/Catapult_10.5c/Mgc_home/pkgs/siflibs/mgc_shift_r_beh_v5.v
# Add dependent file: /opt/mentorgraphics/Catapult_10.5c/Mgc_home/pkgs/siflibs/mgc_shift_l_beh_v5.v
# Add dependent file: ./rtl.v
# Finished writing concatenated simulation file: /home/yl7897/NTT_Xilinx/Catapult/stockham_DIF/Catapult/DIT_RELOOP.v2/concat_sim_rtl.v
# Makefile for RTL Verilog output 'rtl.v' vs Untimed C++ written to file './scverify/Verify_rtl_v_msim.mk'
# Info: Xilinx Vivado synthesis script written to 'vivado_v/rtl.v.xv'
# Info: Xilinx Vivado synthesis script written to 'vivado_concat_v/concat_rtl.v.xv'
# Makefile for Concat RTL Verilog output 'concat_sim_rtl.v' vs Untimed C++ written to file './scverify/Verify_concat_sim_rtl_v_msim.mk'
# Info: Completed transformation 'extract' on solution 'DIT_RELOOP.v2': elapsed time 5.89 seconds, memory usage 1445860kB, peak memory usage 1445860kB (SOL-9)
# Info: Design complexity at end of 'extract': Total ops = 362, Real ops = 77, Vars = 96 (SOL-21)
flow package require MemGen
# 10.0.0
go compile
solution library remove *
# Info: Branching solution 'DIT_RELOOP.v3' at state 'compile' (PRJ-2)
# Makefile for Original Design + Testbench written to file './scverify/Verify_orig_cxx_osci.mk'
# Info: CDesignChecker Shell script written to '/home/yl7897/NTT_Xilinx/Catapult/stockham_DIF/Catapult/DIT_RELOOP.v3/CDesignChecker/design_checker.sh'
solution library add mgc_Xilinx-VIRTEX-uplus-3_beh -- -rtlsyntool Precision -manufacturer Xilinx -family VIRTEX-uplus -speed -3 -part xcvu13p-flga2577-3-e
solution library add Xilinx_RAMS
quit
# Saving project file '/home/yl7897/NTT_Xilinx/Catapult/stockham_DIF/Catapult.ccs'. (PRJ-5)
// Finish time Thu Jul 29 20:32:33 2021, time elapsed 9:33:37, peak memory 1.38GB, exit status 0
