-- Catapult Ultra Synthesis: Report                                              
-- ------------------------- ---------------------------------------------------
-- Version:                  10.5c/896140 Production Release                     
-- Build Date:               Sun Sep  6 22:45:38 PDT 2020                        
                                                                                 
-- Generated by:             ls5382@newnano.poly.edu                             
-- Generated date:           Thu Sep 16 11:28:15 EDT 2021                        

Solution Settings: ntt_flat.v7
  Current state: schedule
  Project: Catapult_1
  
  Design Input Files Specified
    $PROJECT_HOME/flat_md/src/utils.cpp
      $PROJECT_HOME/flat_md/include/utils.h
        $PROJECT_HOME/flat_md/include/config.h
          $MGC_HOME/shared/include/ac_math.h
            $MGC_HOME/shared/include/ac_math/ac_abs.h
              $MGC_HOME/shared/include/ac_int.h
              $MGC_HOME/shared/include/ac_fixed.h
              $MGC_HOME/shared/include/ac_float.h
              $MGC_HOME/shared/include/ac_complex.h
              $MGC_HOME/shared/include/ac_math/ac_sqrt_pwl.h
                $MGC_HOME/shared/include/ac_math/ac_shift.h
                $MGC_HOME/shared/include/ac_math/ac_normalize.h
            $MGC_HOME/shared/include/ac_math/ac_arccos_cordic.h
            $MGC_HOME/shared/include/ac_math/ac_arcsin_cordic.h
            $MGC_HOME/shared/include/ac_math/ac_atan_pwl.h
              $MGC_HOME/shared/include/ac_math/ac_reciprocal_pwl.h
            $MGC_HOME/shared/include/ac_math/ac_atan_pwl_ha.h
              $MGC_HOME/shared/include/ac_math/ac_reciprocal_pwl_ha.h
            $MGC_HOME/shared/include/ac_math/ac_atan2_cordic.h
            $MGC_HOME/shared/include/ac_math/ac_div.h
            $MGC_HOME/shared/include/ac_math/ac_hcordic.h
            $MGC_HOME/shared/include/ac_math/ac_inverse_sqrt_pwl.h
            $MGC_HOME/shared/include/ac_math/ac_log_pwl.h
            $MGC_HOME/shared/include/ac_math/ac_pow_pwl.h
            $MGC_HOME/shared/include/ac_math/ac_sigmoid_pwl.h
            $MGC_HOME/shared/include/ac_math/ac_sincos_cordic.h
            $MGC_HOME/shared/include/ac_math/ac_sincos_lut.h
            $MGC_HOME/shared/include/ac_math/ac_sqrt.h
            $MGC_HOME/shared/include/ac_math/ac_tan_pwl.h
            $MGC_HOME/shared/include/ac_math/ac_tanh_pwl.h
            $MGC_HOME/shared/include/ac_math/ac_softmax_pwl.h
    $PROJECT_HOME/flat_md/src/ntt.cpp
      $PROJECT_HOME/flat_md/include/ntt.h
        $PROJECT_HOME/flat_md/include/config.h
          $MGC_HOME/shared/include/ac_math.h
            $MGC_HOME/shared/include/ac_math/ac_abs.h
              $MGC_HOME/shared/include/ac_int.h
              $MGC_HOME/shared/include/ac_fixed.h
              $MGC_HOME/shared/include/ac_float.h
              $MGC_HOME/shared/include/ac_complex.h
              $MGC_HOME/shared/include/ac_math/ac_sqrt_pwl.h
                $MGC_HOME/shared/include/ac_math/ac_shift.h
                $MGC_HOME/shared/include/ac_math/ac_normalize.h
            $MGC_HOME/shared/include/ac_math/ac_arccos_cordic.h
            $MGC_HOME/shared/include/ac_math/ac_arcsin_cordic.h
            $MGC_HOME/shared/include/ac_math/ac_atan_pwl.h
              $MGC_HOME/shared/include/ac_math/ac_reciprocal_pwl.h
            $MGC_HOME/shared/include/ac_math/ac_atan_pwl_ha.h
              $MGC_HOME/shared/include/ac_math/ac_reciprocal_pwl_ha.h
            $MGC_HOME/shared/include/ac_math/ac_atan2_cordic.h
            $MGC_HOME/shared/include/ac_math/ac_div.h
            $MGC_HOME/shared/include/ac_math/ac_hcordic.h
            $MGC_HOME/shared/include/ac_math/ac_inverse_sqrt_pwl.h
            $MGC_HOME/shared/include/ac_math/ac_log_pwl.h
            $MGC_HOME/shared/include/ac_math/ac_pow_pwl.h
            $MGC_HOME/shared/include/ac_math/ac_sigmoid_pwl.h
            $MGC_HOME/shared/include/ac_math/ac_sincos_cordic.h
            $MGC_HOME/shared/include/ac_math/ac_sincos_lut.h
            $MGC_HOME/shared/include/ac_math/ac_sqrt.h
            $MGC_HOME/shared/include/ac_math/ac_tan_pwl.h
            $MGC_HOME/shared/include/ac_math/ac_tanh_pwl.h
            $MGC_HOME/shared/include/ac_math/ac_softmax_pwl.h
        $PROJECT_HOME/flat_md/include/utils.h
    $PROJECT_HOME/flat_md/src/main.cpp
    $PROJECT_HOME/flat_md/include/utils.h
      $PROJECT_HOME/flat_md/include/config.h
        $MGC_HOME/shared/include/ac_math.h
          $MGC_HOME/shared/include/ac_math/ac_abs.h
            $MGC_HOME/shared/include/ac_int.h
            $MGC_HOME/shared/include/ac_fixed.h
            $MGC_HOME/shared/include/ac_float.h
            $MGC_HOME/shared/include/ac_complex.h
            $MGC_HOME/shared/include/ac_math/ac_sqrt_pwl.h
              $MGC_HOME/shared/include/ac_math/ac_shift.h
              $MGC_HOME/shared/include/ac_math/ac_normalize.h
          $MGC_HOME/shared/include/ac_math/ac_arccos_cordic.h
          $MGC_HOME/shared/include/ac_math/ac_arcsin_cordic.h
          $MGC_HOME/shared/include/ac_math/ac_atan_pwl.h
            $MGC_HOME/shared/include/ac_math/ac_reciprocal_pwl.h
          $MGC_HOME/shared/include/ac_math/ac_atan_pwl_ha.h
            $MGC_HOME/shared/include/ac_math/ac_reciprocal_pwl_ha.h
          $MGC_HOME/shared/include/ac_math/ac_atan2_cordic.h
          $MGC_HOME/shared/include/ac_math/ac_div.h
          $MGC_HOME/shared/include/ac_math/ac_hcordic.h
          $MGC_HOME/shared/include/ac_math/ac_inverse_sqrt_pwl.h
          $MGC_HOME/shared/include/ac_math/ac_log_pwl.h
          $MGC_HOME/shared/include/ac_math/ac_pow_pwl.h
          $MGC_HOME/shared/include/ac_math/ac_sigmoid_pwl.h
          $MGC_HOME/shared/include/ac_math/ac_sincos_cordic.h
          $MGC_HOME/shared/include/ac_math/ac_sincos_lut.h
          $MGC_HOME/shared/include/ac_math/ac_sqrt.h
          $MGC_HOME/shared/include/ac_math/ac_tan_pwl.h
          $MGC_HOME/shared/include/ac_math/ac_tanh_pwl.h
          $MGC_HOME/shared/include/ac_math/ac_softmax_pwl.h
    $PROJECT_HOME/flat_md/include/ntt.h
    $PROJECT_HOME/flat_md/include/config.h
      $MGC_HOME/shared/include/ac_math.h
        $MGC_HOME/shared/include/ac_math/ac_abs.h
          $MGC_HOME/shared/include/ac_int.h
          $MGC_HOME/shared/include/ac_fixed.h
          $MGC_HOME/shared/include/ac_float.h
          $MGC_HOME/shared/include/ac_complex.h
          $MGC_HOME/shared/include/ac_math/ac_sqrt_pwl.h
            $MGC_HOME/shared/include/ac_math/ac_shift.h
            $MGC_HOME/shared/include/ac_math/ac_normalize.h
        $MGC_HOME/shared/include/ac_math/ac_arccos_cordic.h
        $MGC_HOME/shared/include/ac_math/ac_arcsin_cordic.h
        $MGC_HOME/shared/include/ac_math/ac_atan_pwl.h
          $MGC_HOME/shared/include/ac_math/ac_reciprocal_pwl.h
        $MGC_HOME/shared/include/ac_math/ac_atan_pwl_ha.h
          $MGC_HOME/shared/include/ac_math/ac_reciprocal_pwl_ha.h
        $MGC_HOME/shared/include/ac_math/ac_atan2_cordic.h
        $MGC_HOME/shared/include/ac_math/ac_div.h
        $MGC_HOME/shared/include/ac_math/ac_hcordic.h
        $MGC_HOME/shared/include/ac_math/ac_inverse_sqrt_pwl.h
        $MGC_HOME/shared/include/ac_math/ac_log_pwl.h
        $MGC_HOME/shared/include/ac_math/ac_pow_pwl.h
        $MGC_HOME/shared/include/ac_math/ac_sigmoid_pwl.h
        $MGC_HOME/shared/include/ac_math/ac_sincos_cordic.h
        $MGC_HOME/shared/include/ac_math/ac_sincos_lut.h
        $MGC_HOME/shared/include/ac_math/ac_sqrt.h
        $MGC_HOME/shared/include/ac_math/ac_tan_pwl.h
        $MGC_HOME/shared/include/ac_math/ac_tanh_pwl.h
        $MGC_HOME/shared/include/ac_math/ac_softmax_pwl.h
    $PROJECT_HOME/flat_md/directives.tcl
  
  Processes/Blocks in Design
    Process        Real Operation(s) count Latency Throughput Reset Length II Comments 
    -------------- ----------------------- ------- ---------- ------------ -- --------
    /ntt_flat/core                     188  360643     360648            0  0          
    Design Total:                      188  360643     360648            0  0          
    
  Clock Information
    Clock Signal Edge   Period Sharing Alloc (%) Uncertainty Used by Processes/Blocks 
    ------------ ------ ------ ----------------- ----------- ------------------------
    clk          rising  5.880             20.00    0.000000 /ntt_flat/core           
    
  I/O Data Ranges
    Port                        Mode DeclType DeclWidth DeclRange ActType ActWidth ActRange 
    --------------------------- ---- -------- --------- --------- ------- -------- --------
    clk                         IN   Unsigned         1                                     
    rst                         IN   Unsigned         1                                     
    vec:rsc.q                   IN   Unsigned        32                                     
    p:rsc.dat                   IN   Unsigned        32                                     
    r:rsc.dat                   IN   Unsigned        32                                     
    twiddle:rsc.q               IN   Unsigned        32                                     
    twiddle_h:rsc.q             IN   Unsigned        32                                     
    result:rsc(0)(0).q          IN   Unsigned        32                                     
    result:rsc(1)(0).q          IN   Unsigned        32                                     
    result:rsc(2)(0).q          IN   Unsigned        32                                     
    result:rsc(3)(0).q          IN   Unsigned        32                                     
    result:rsc(4)(0).q          IN   Unsigned        32                                     
    result:rsc(5)(0).q          IN   Unsigned        32                                     
    result:rsc(6)(0).q          IN   Unsigned        32                                     
    result:rsc(7)(0).q          IN   Unsigned        32                                     
    result:rsc(8)(0).q          IN   Unsigned        32                                     
    result:rsc(9)(0).q          IN   Unsigned        32                                     
    result:rsc(10)(0).q         IN   Unsigned        32                                     
    result:rsc(11)(0).q         IN   Unsigned        32                                     
    result:rsc(12)(0).q         IN   Unsigned        32                                     
    result:rsc(13)(0).q         IN   Unsigned        32                                     
    result:rsc(14)(0).q         IN   Unsigned        32                                     
    vec:rsc.radr                OUT  Unsigned        14                                     
    vec:rsc.triosy.lz           OUT  Unsigned         1                                     
    p:rsc.triosy.lz             OUT  Unsigned         1                                     
    r:rsc.triosy.lz             OUT  Unsigned         1                                     
    twiddle:rsc.radr            OUT  Unsigned        14                                     
    twiddle:rsc.triosy.lz       OUT  Unsigned         1                                     
    twiddle_h:rsc.radr          OUT  Unsigned        14                                     
    twiddle_h:rsc.triosy.lz     OUT  Unsigned         1                                     
    result:rsc(0)(0).wadr       OUT  Unsigned        14                                     
    result:rsc(0)(0).d          OUT  Unsigned        32                                     
    result:rsc(0)(0).we         OUT  Unsigned         1                                     
    result:rsc(0)(0).radr       OUT  Unsigned        14                                     
    result:rsc.triosy(0)(0).lz  OUT  Unsigned         1                                     
    result:rsc(1)(0).wadr       OUT  Unsigned        14                                     
    result:rsc(1)(0).d          OUT  Unsigned        32                                     
    result:rsc(1)(0).we         OUT  Unsigned         1                                     
    result:rsc(1)(0).radr       OUT  Unsigned        14                                     
    result:rsc.triosy(1)(0).lz  OUT  Unsigned         1                                     
    result:rsc(2)(0).wadr       OUT  Unsigned        14                                     
    result:rsc(2)(0).d          OUT  Unsigned        32                                     
    result:rsc(2)(0).we         OUT  Unsigned         1                                     
    result:rsc(2)(0).radr       OUT  Unsigned        14                                     
    result:rsc.triosy(2)(0).lz  OUT  Unsigned         1                                     
    result:rsc(3)(0).wadr       OUT  Unsigned        14                                     
    result:rsc(3)(0).d          OUT  Unsigned        32                                     
    result:rsc(3)(0).we         OUT  Unsigned         1                                     
    result:rsc(3)(0).radr       OUT  Unsigned        14                                     
    result:rsc.triosy(3)(0).lz  OUT  Unsigned         1                                     
    result:rsc(4)(0).wadr       OUT  Unsigned        14                                     
    result:rsc(4)(0).d          OUT  Unsigned        32                                     
    result:rsc(4)(0).we         OUT  Unsigned         1                                     
    result:rsc(4)(0).radr       OUT  Unsigned        14                                     
    result:rsc.triosy(4)(0).lz  OUT  Unsigned         1                                     
    result:rsc(5)(0).wadr       OUT  Unsigned        14                                     
    result:rsc(5)(0).d          OUT  Unsigned        32                                     
    result:rsc(5)(0).we         OUT  Unsigned         1                                     
    result:rsc(5)(0).radr       OUT  Unsigned        14                                     
    result:rsc.triosy(5)(0).lz  OUT  Unsigned         1                                     
    result:rsc(6)(0).wadr       OUT  Unsigned        14                                     
    result:rsc(6)(0).d          OUT  Unsigned        32                                     
    result:rsc(6)(0).we         OUT  Unsigned         1                                     
    result:rsc(6)(0).radr       OUT  Unsigned        14                                     
    result:rsc.triosy(6)(0).lz  OUT  Unsigned         1                                     
    result:rsc(7)(0).wadr       OUT  Unsigned        14                                     
    result:rsc(7)(0).d          OUT  Unsigned        32                                     
    result:rsc(7)(0).we         OUT  Unsigned         1                                     
    result:rsc(7)(0).radr       OUT  Unsigned        14                                     
    result:rsc.triosy(7)(0).lz  OUT  Unsigned         1                                     
    result:rsc(8)(0).wadr       OUT  Unsigned        14                                     
    result:rsc(8)(0).d          OUT  Unsigned        32                                     
    result:rsc(8)(0).we         OUT  Unsigned         1                                     
    result:rsc(8)(0).radr       OUT  Unsigned        14                                     
    result:rsc.triosy(8)(0).lz  OUT  Unsigned         1                                     
    result:rsc(9)(0).wadr       OUT  Unsigned        14                                     
    result:rsc(9)(0).d          OUT  Unsigned        32                                     
    result:rsc(9)(0).we         OUT  Unsigned         1                                     
    result:rsc(9)(0).radr       OUT  Unsigned        14                                     
    result:rsc.triosy(9)(0).lz  OUT  Unsigned         1                                     
    result:rsc(10)(0).wadr      OUT  Unsigned        14                                     
    result:rsc(10)(0).d         OUT  Unsigned        32                                     
    result:rsc(10)(0).we        OUT  Unsigned         1                                     
    result:rsc(10)(0).radr      OUT  Unsigned        14                                     
    result:rsc.triosy(10)(0).lz OUT  Unsigned         1                                     
    result:rsc(11)(0).wadr      OUT  Unsigned        14                                     
    result:rsc(11)(0).d         OUT  Unsigned        32                                     
    result:rsc(11)(0).we        OUT  Unsigned         1                                     
    result:rsc(11)(0).radr      OUT  Unsigned        14                                     
    result:rsc.triosy(11)(0).lz OUT  Unsigned         1                                     
    result:rsc(12)(0).wadr      OUT  Unsigned        14                                     
    result:rsc(12)(0).d         OUT  Unsigned        32                                     
    result:rsc(12)(0).we        OUT  Unsigned         1                                     
    result:rsc(12)(0).radr      OUT  Unsigned        14                                     
    result:rsc.triosy(12)(0).lz OUT  Unsigned         1                                     
    result:rsc(13)(0).wadr      OUT  Unsigned        14                                     
    result:rsc(13)(0).d         OUT  Unsigned        32                                     
    result:rsc(13)(0).we        OUT  Unsigned         1                                     
    result:rsc(13)(0).radr      OUT  Unsigned        14                                     
    result:rsc.triosy(13)(0).lz OUT  Unsigned         1                                     
    result:rsc(14)(0).wadr      OUT  Unsigned        14                                     
    result:rsc(14)(0).d         OUT  Unsigned        32                                     
    result:rsc(14)(0).we        OUT  Unsigned         1                                     
    result:rsc(14)(0).radr      OUT  Unsigned        14                                     
    result:rsc.triosy(14)(0).lz OUT  Unsigned         1                                     
    
  Memory Resources
    Resource Name: /ntt_flat/vec:rsc
      Memory Component: BLOCK_1R1W_RBW               Size:         16384 x 32
      External:         true                         Packing Mode: absolute
      Memory Map:
      Variable      Indices Phys Memory Address         
      ------------- ------- ---------------------------
      /ntt_flat/vec    0:31 00003fff-00000000 (16383-0) 
      
    Resource Name: /ntt_flat/p:rsc
      Memory Component: ccs_in                       Size:         1 x 32
      External:         true                         Packing Mode: sidebyside
      Memory Map:
      Variable    Indices Phys Memory Address     
      ----------- ------- -----------------------
      /ntt_flat/p    0:31 00000000-00000000 (0-0) 
      
    Resource Name: /ntt_flat/r:rsc
      Memory Component: ccs_in                       Size:         1 x 32
      External:         true                         Packing Mode: sidebyside
      Memory Map:
      Variable    Indices Phys Memory Address     
      ----------- ------- -----------------------
      /ntt_flat/r    0:31 00000000-00000000 (0-0) 
      
    Resource Name: /ntt_flat/twiddle:rsc
      Memory Component: BLOCK_1R1W_RBW               Size:         16384 x 32
      External:         true                         Packing Mode: absolute
      Memory Map:
      Variable          Indices Phys Memory Address         
      ----------------- ------- ---------------------------
      /ntt_flat/twiddle    0:31 00003fff-00000000 (16383-0) 
      
    Resource Name: /ntt_flat/twiddle_h:rsc
      Memory Component: BLOCK_1R1W_RBW               Size:         16384 x 32
      External:         true                         Packing Mode: absolute
      Memory Map:
      Variable            Indices Phys Memory Address         
      ------------------- ------- ---------------------------
      /ntt_flat/twiddle_h    0:31 00003fff-00000000 (16383-0) 
      
    Resource Name: /ntt_flat/result:rsc
      Memory Component: BLOCK_1R1W_RBW               Size:         245760 x 32
      External:         true                         Packing Mode: absolute
      Memory Map:
      Variable         Indices Phys Memory Address          
      ---------------- ------- ----------------------------
      /ntt_flat/result    0:31 0003bfff-00000000 (245759-0) 
      
      Splitting: 
      Block             Original Addresses            
      ----------------- -----------------------------
      result:rsc(0)(0)    0, 1, ..., 16383            
      result:rsc(1)(0)    16384, 16385, ..., 32767    
      result:rsc(2)(0)    32768, 32769, ..., 49151    
      result:rsc(3)(0)    49152, 49153, ..., 65535    
      result:rsc(4)(0)    65536, 65537, ..., 81919    
      result:rsc(5)(0)    81920, 81921, ..., 98303    
      result:rsc(6)(0)    98304, 98305, ..., 114687   
      result:rsc(7)(0)    114688, 114689, ..., 131071 
      result:rsc(8)(0)    131072, 131073, ..., 147455 
      result:rsc(9)(0)    147456, 147457, ..., 163839 
      result:rsc(10)(0)   163840, 163841, ..., 180223 
      result:rsc(11)(0)   180224, 180225, ..., 196607 
      result:rsc(12)(0)   196608, 196609, ..., 212991 
      result:rsc(13)(0)   212992, 212993, ..., 229375 
      result:rsc(14)(0)   229376, 229377, ..., 245759 
      
  C++ to Interface Mappings
    C++ Field Interface Range Range Expression Expression Limits 
    --------- --------------- ---------------- -----------------
    
  Multi-Cycle (Combinational) Component Usage
    Instance Component Name Delay 
    -------- -------------- -----
    
  Loops
    Process        Loop             Iterations C-Steps Total Cycles   Duration  Unroll Init Comments 
    -------------- ---------------- ---------- ------- ------------- ---------- ------ ---- --------
    /ntt_flat/core core:rlp           Infinite       0       360648    2.12 ms                       
    /ntt_flat/core  main              Infinite       2       360648    2.12 ms                       
    /ntt_flat/core   for                 16384       3        16386   96.35 us            1          
    /ntt_flat/core   STAGE_LOOP             14       2       344260    2.02 ms                       
    /ntt_flat/core    INNER_LOOP          8192      15        24588  144.58 us            3          
    
  Loop Execution Profile
    Process        Loop             Total Cycles % of Overall Design Cycles Throughput Cycles Comments 
    -------------- ---------------- ------------ -------------------------- ----------------- --------
    /ntt_flat/core core:rlp                   0                        0.00           360648           
    /ntt_flat/core  main                      2                        0.00           360648           
    /ntt_flat/core   for                  16386                        4.54                1           
    /ntt_flat/core   STAGE_LOOP              28                        0.01           344260           
    /ntt_flat/core    INNER_LOOP         344232                       95.45                3           
    
  End of Report
