-- Catapult Ultra Synthesis: Report                                              
-- ------------------------- ---------------------------------------------------
-- Version:                  10.5c/896140 Production Release                     
-- Build Date:               Sun Sep  6 22:45:38 PDT 2020                        
                                                                                 
-- Generated by:             yl7897@newnano.poly.edu                             
-- Generated date:           Thu Aug 26 04:22:46 EDT 2021                        

Solution Settings: inPlaceNTT_DIF.v13
  Current state: schedule
  Project: Catapult_1
  
  Design Input Files Specified
    $PROJECT_HOME/src/ntt_tb.cpp
    $PROJECT_HOME/src/ntt.cpp
      $PROJECT_HOME/include/ntt.h
        $PROJECT_HOME/include/config.h
          $MGC_HOME/shared/include/ac_int.h
        $MGC_HOME/shared/include/math/mgc_ac_math.h
          $MGC_HOME/shared/include/ac_fixed.h
          $MGC_HOME/shared/include/ac_float.h
          $MGC_HOME/shared/include/ac_complex.h
          $MGC_HOME/shared/include/math/mgc_ac_trig.h
            $MGC_HOME/shared/include/math/mgc_sc_atan_pow2.tab
            $MGC_HOME/shared/include/math/mgc_sc_atan2_pow2.tab
            $MGC_HOME/shared/include/math/mgc_sc_K_cordic.tab
            $MGC_HOME/shared/include/math/mgc_sc_x2_atan2_pow2.tab
          $MGC_HOME/shared/include/math/mgc_ac_hcordic.h
            $MGC_HOME/shared/include/math/mgc_ac_hcordic.tab
            $MGC_HOME/shared/include/math/mgc_ac_hcordic_inv_ln2.tab
  
  Processes/Blocks in Design
    Process              Real Operation(s) count Latency Throughput Reset Length II Comments 
    -------------------- ----------------------- ------- ---------- ------------ -- --------
    /inPlaceNTT_DIF/core                    2725  290277     290282            0  0        ? 
    Design Total:                           2725  290277     290282            0  0          
    
  Clock Information
    Clock Signal Edge   Period Sharing Alloc (%) Uncertainty Used by Processes/Blocks 
    ------------ ------ ------ ----------------- ----------- ------------------------
    clk          rising 20.000             20.00    0.000000 /inPlaceNTT_DIF/core     
    
  I/O Data Ranges
    Port                         Mode DeclType DeclWidth DeclRange ActType ActWidth ActRange 
    ---------------------------- ---- -------- --------- --------- ------- -------- --------
    clk                          IN   Unsigned         1                                     
    rst                          IN   Unsigned         1                                     
    vec:rsc(0)(0).q              IN   Unsigned        64                                     
    vec:rsc(0)(1).q              IN   Unsigned        64                                     
    vec:rsc(0)(2).q              IN   Unsigned        64                                     
    vec:rsc(0)(3).q              IN   Unsigned        64                                     
    vec:rsc(0)(4).q              IN   Unsigned        64                                     
    vec:rsc(0)(5).q              IN   Unsigned        64                                     
    vec:rsc(0)(6).q              IN   Unsigned        64                                     
    vec:rsc(0)(7).q              IN   Unsigned        64                                     
    vec:rsc(0)(8).q              IN   Unsigned        64                                     
    vec:rsc(0)(9).q              IN   Unsigned        64                                     
    vec:rsc(0)(10).q             IN   Unsigned        64                                     
    vec:rsc(0)(11).q             IN   Unsigned        64                                     
    vec:rsc(0)(12).q             IN   Unsigned        64                                     
    vec:rsc(0)(13).q             IN   Unsigned        64                                     
    vec:rsc(0)(14).q             IN   Unsigned        64                                     
    vec:rsc(0)(15).q             IN   Unsigned        64                                     
    vec:rsc(0)(16).q             IN   Unsigned        64                                     
    vec:rsc(0)(17).q             IN   Unsigned        64                                     
    vec:rsc(0)(18).q             IN   Unsigned        64                                     
    vec:rsc(0)(19).q             IN   Unsigned        64                                     
    vec:rsc(0)(20).q             IN   Unsigned        64                                     
    vec:rsc(0)(21).q             IN   Unsigned        64                                     
    vec:rsc(0)(22).q             IN   Unsigned        64                                     
    vec:rsc(0)(23).q             IN   Unsigned        64                                     
    vec:rsc(0)(24).q             IN   Unsigned        64                                     
    vec:rsc(0)(25).q             IN   Unsigned        64                                     
    vec:rsc(0)(26).q             IN   Unsigned        64                                     
    vec:rsc(0)(27).q             IN   Unsigned        64                                     
    vec:rsc(0)(28).q             IN   Unsigned        64                                     
    vec:rsc(0)(29).q             IN   Unsigned        64                                     
    vec:rsc(0)(30).q             IN   Unsigned        64                                     
    vec:rsc(0)(31).q             IN   Unsigned        64                                     
    p:rsc.dat                    IN   Unsigned        64                                     
    r:rsc.dat                    IN   Unsigned        64                                     
    twiddle:rsc(0)(0).q          IN   Unsigned        64                                     
    twiddle:rsc(0)(1).q          IN   Unsigned        64                                     
    twiddle:rsc(0)(2).q          IN   Unsigned        64                                     
    twiddle:rsc(0)(3).q          IN   Unsigned        64                                     
    twiddle:rsc(0)(4).q          IN   Unsigned        64                                     
    twiddle:rsc(0)(5).q          IN   Unsigned        64                                     
    twiddle:rsc(0)(6).q          IN   Unsigned        64                                     
    twiddle:rsc(0)(7).q          IN   Unsigned        64                                     
    twiddle:rsc(0)(8).q          IN   Unsigned        64                                     
    twiddle:rsc(0)(9).q          IN   Unsigned        64                                     
    twiddle:rsc(0)(10).q         IN   Unsigned        64                                     
    twiddle:rsc(0)(11).q         IN   Unsigned        64                                     
    twiddle:rsc(0)(12).q         IN   Unsigned        64                                     
    twiddle:rsc(0)(13).q         IN   Unsigned        64                                     
    twiddle:rsc(0)(14).q         IN   Unsigned        64                                     
    twiddle:rsc(0)(15).q         IN   Unsigned        64                                     
    twiddle:rsc(0)(16).q         IN   Unsigned        64                                     
    twiddle:rsc(0)(17).q         IN   Unsigned        64                                     
    twiddle:rsc(0)(18).q         IN   Unsigned        64                                     
    twiddle:rsc(0)(19).q         IN   Unsigned        64                                     
    twiddle:rsc(0)(20).q         IN   Unsigned        64                                     
    twiddle:rsc(0)(21).q         IN   Unsigned        64                                     
    twiddle:rsc(0)(22).q         IN   Unsigned        64                                     
    twiddle:rsc(0)(23).q         IN   Unsigned        64                                     
    twiddle:rsc(0)(24).q         IN   Unsigned        64                                     
    twiddle:rsc(0)(25).q         IN   Unsigned        64                                     
    twiddle:rsc(0)(26).q         IN   Unsigned        64                                     
    twiddle:rsc(0)(27).q         IN   Unsigned        64                                     
    twiddle:rsc(0)(28).q         IN   Unsigned        64                                     
    twiddle:rsc(0)(29).q         IN   Unsigned        64                                     
    twiddle:rsc(0)(30).q         IN   Unsigned        64                                     
    twiddle:rsc(0)(31).q         IN   Unsigned        64                                     
    vec:rsc(0)(0).wadr           OUT  Unsigned         5                                     
    vec:rsc(0)(0).d              OUT  Unsigned        64                                     
    vec:rsc(0)(0).we             OUT  Unsigned         1                                     
    vec:rsc(0)(0).radr           OUT  Unsigned         5                                     
    vec:rsc.triosy(0)(0).lz      OUT  Unsigned         1                                     
    vec:rsc(0)(1).wadr           OUT  Unsigned         5                                     
    vec:rsc(0)(1).d              OUT  Unsigned        64                                     
    vec:rsc(0)(1).we             OUT  Unsigned         1                                     
    vec:rsc(0)(1).radr           OUT  Unsigned         5                                     
    vec:rsc.triosy(0)(1).lz      OUT  Unsigned         1                                     
    vec:rsc(0)(2).wadr           OUT  Unsigned         5                                     
    vec:rsc(0)(2).d              OUT  Unsigned        64                                     
    vec:rsc(0)(2).we             OUT  Unsigned         1                                     
    vec:rsc(0)(2).radr           OUT  Unsigned         5                                     
    vec:rsc.triosy(0)(2).lz      OUT  Unsigned         1                                     
    vec:rsc(0)(3).wadr           OUT  Unsigned         5                                     
    vec:rsc(0)(3).d              OUT  Unsigned        64                                     
    vec:rsc(0)(3).we             OUT  Unsigned         1                                     
    vec:rsc(0)(3).radr           OUT  Unsigned         5                                     
    vec:rsc.triosy(0)(3).lz      OUT  Unsigned         1                                     
    vec:rsc(0)(4).wadr           OUT  Unsigned         5                                     
    vec:rsc(0)(4).d              OUT  Unsigned        64                                     
    vec:rsc(0)(4).we             OUT  Unsigned         1                                     
    vec:rsc(0)(4).radr           OUT  Unsigned         5                                     
    vec:rsc.triosy(0)(4).lz      OUT  Unsigned         1                                     
    vec:rsc(0)(5).wadr           OUT  Unsigned         5                                     
    vec:rsc(0)(5).d              OUT  Unsigned        64                                     
    vec:rsc(0)(5).we             OUT  Unsigned         1                                     
    vec:rsc(0)(5).radr           OUT  Unsigned         5                                     
    vec:rsc.triosy(0)(5).lz      OUT  Unsigned         1                                     
    vec:rsc(0)(6).wadr           OUT  Unsigned         5                                     
    vec:rsc(0)(6).d              OUT  Unsigned        64                                     
    vec:rsc(0)(6).we             OUT  Unsigned         1                                     
    vec:rsc(0)(6).radr           OUT  Unsigned         5                                     
    vec:rsc.triosy(0)(6).lz      OUT  Unsigned         1                                     
    vec:rsc(0)(7).wadr           OUT  Unsigned         5                                     
    vec:rsc(0)(7).d              OUT  Unsigned        64                                     
    vec:rsc(0)(7).we             OUT  Unsigned         1                                     
    vec:rsc(0)(7).radr           OUT  Unsigned         5                                     
    vec:rsc.triosy(0)(7).lz      OUT  Unsigned         1                                     
    vec:rsc(0)(8).wadr           OUT  Unsigned         5                                     
    vec:rsc(0)(8).d              OUT  Unsigned        64                                     
    vec:rsc(0)(8).we             OUT  Unsigned         1                                     
    vec:rsc(0)(8).radr           OUT  Unsigned         5                                     
    vec:rsc.triosy(0)(8).lz      OUT  Unsigned         1                                     
    vec:rsc(0)(9).wadr           OUT  Unsigned         5                                     
    vec:rsc(0)(9).d              OUT  Unsigned        64                                     
    vec:rsc(0)(9).we             OUT  Unsigned         1                                     
    vec:rsc(0)(9).radr           OUT  Unsigned         5                                     
    vec:rsc.triosy(0)(9).lz      OUT  Unsigned         1                                     
    vec:rsc(0)(10).wadr          OUT  Unsigned         5                                     
    vec:rsc(0)(10).d             OUT  Unsigned        64                                     
    vec:rsc(0)(10).we            OUT  Unsigned         1                                     
    vec:rsc(0)(10).radr          OUT  Unsigned         5                                     
    vec:rsc.triosy(0)(10).lz     OUT  Unsigned         1                                     
    vec:rsc(0)(11).wadr          OUT  Unsigned         5                                     
    vec:rsc(0)(11).d             OUT  Unsigned        64                                     
    vec:rsc(0)(11).we            OUT  Unsigned         1                                     
    vec:rsc(0)(11).radr          OUT  Unsigned         5                                     
    vec:rsc.triosy(0)(11).lz     OUT  Unsigned         1                                     
    vec:rsc(0)(12).wadr          OUT  Unsigned         5                                     
    vec:rsc(0)(12).d             OUT  Unsigned        64                                     
    vec:rsc(0)(12).we            OUT  Unsigned         1                                     
    vec:rsc(0)(12).radr          OUT  Unsigned         5                                     
    vec:rsc.triosy(0)(12).lz     OUT  Unsigned         1                                     
    vec:rsc(0)(13).wadr          OUT  Unsigned         5                                     
    vec:rsc(0)(13).d             OUT  Unsigned        64                                     
    vec:rsc(0)(13).we            OUT  Unsigned         1                                     
    vec:rsc(0)(13).radr          OUT  Unsigned         5                                     
    vec:rsc.triosy(0)(13).lz     OUT  Unsigned         1                                     
    vec:rsc(0)(14).wadr          OUT  Unsigned         5                                     
    vec:rsc(0)(14).d             OUT  Unsigned        64                                     
    vec:rsc(0)(14).we            OUT  Unsigned         1                                     
    vec:rsc(0)(14).radr          OUT  Unsigned         5                                     
    vec:rsc.triosy(0)(14).lz     OUT  Unsigned         1                                     
    vec:rsc(0)(15).wadr          OUT  Unsigned         5                                     
    vec:rsc(0)(15).d             OUT  Unsigned        64                                     
    vec:rsc(0)(15).we            OUT  Unsigned         1                                     
    vec:rsc(0)(15).radr          OUT  Unsigned         5                                     
    vec:rsc.triosy(0)(15).lz     OUT  Unsigned         1                                     
    vec:rsc(0)(16).wadr          OUT  Unsigned         5                                     
    vec:rsc(0)(16).d             OUT  Unsigned        64                                     
    vec:rsc(0)(16).we            OUT  Unsigned         1                                     
    vec:rsc(0)(16).radr          OUT  Unsigned         5                                     
    vec:rsc.triosy(0)(16).lz     OUT  Unsigned         1                                     
    vec:rsc(0)(17).wadr          OUT  Unsigned         5                                     
    vec:rsc(0)(17).d             OUT  Unsigned        64                                     
    vec:rsc(0)(17).we            OUT  Unsigned         1                                     
    vec:rsc(0)(17).radr          OUT  Unsigned         5                                     
    vec:rsc.triosy(0)(17).lz     OUT  Unsigned         1                                     
    vec:rsc(0)(18).wadr          OUT  Unsigned         5                                     
    vec:rsc(0)(18).d             OUT  Unsigned        64                                     
    vec:rsc(0)(18).we            OUT  Unsigned         1                                     
    vec:rsc(0)(18).radr          OUT  Unsigned         5                                     
    vec:rsc.triosy(0)(18).lz     OUT  Unsigned         1                                     
    vec:rsc(0)(19).wadr          OUT  Unsigned         5                                     
    vec:rsc(0)(19).d             OUT  Unsigned        64                                     
    vec:rsc(0)(19).we            OUT  Unsigned         1                                     
    vec:rsc(0)(19).radr          OUT  Unsigned         5                                     
    vec:rsc.triosy(0)(19).lz     OUT  Unsigned         1                                     
    vec:rsc(0)(20).wadr          OUT  Unsigned         5                                     
    vec:rsc(0)(20).d             OUT  Unsigned        64                                     
    vec:rsc(0)(20).we            OUT  Unsigned         1                                     
    vec:rsc(0)(20).radr          OUT  Unsigned         5                                     
    vec:rsc.triosy(0)(20).lz     OUT  Unsigned         1                                     
    vec:rsc(0)(21).wadr          OUT  Unsigned         5                                     
    vec:rsc(0)(21).d             OUT  Unsigned        64                                     
    vec:rsc(0)(21).we            OUT  Unsigned         1                                     
    vec:rsc(0)(21).radr          OUT  Unsigned         5                                     
    vec:rsc.triosy(0)(21).lz     OUT  Unsigned         1                                     
    vec:rsc(0)(22).wadr          OUT  Unsigned         5                                     
    vec:rsc(0)(22).d             OUT  Unsigned        64                                     
    vec:rsc(0)(22).we            OUT  Unsigned         1                                     
    vec:rsc(0)(22).radr          OUT  Unsigned         5                                     
    vec:rsc.triosy(0)(22).lz     OUT  Unsigned         1                                     
    vec:rsc(0)(23).wadr          OUT  Unsigned         5                                     
    vec:rsc(0)(23).d             OUT  Unsigned        64                                     
    vec:rsc(0)(23).we            OUT  Unsigned         1                                     
    vec:rsc(0)(23).radr          OUT  Unsigned         5                                     
    vec:rsc.triosy(0)(23).lz     OUT  Unsigned         1                                     
    vec:rsc(0)(24).wadr          OUT  Unsigned         5                                     
    vec:rsc(0)(24).d             OUT  Unsigned        64                                     
    vec:rsc(0)(24).we            OUT  Unsigned         1                                     
    vec:rsc(0)(24).radr          OUT  Unsigned         5                                     
    vec:rsc.triosy(0)(24).lz     OUT  Unsigned         1                                     
    vec:rsc(0)(25).wadr          OUT  Unsigned         5                                     
    vec:rsc(0)(25).d             OUT  Unsigned        64                                     
    vec:rsc(0)(25).we            OUT  Unsigned         1                                     
    vec:rsc(0)(25).radr          OUT  Unsigned         5                                     
    vec:rsc.triosy(0)(25).lz     OUT  Unsigned         1                                     
    vec:rsc(0)(26).wadr          OUT  Unsigned         5                                     
    vec:rsc(0)(26).d             OUT  Unsigned        64                                     
    vec:rsc(0)(26).we            OUT  Unsigned         1                                     
    vec:rsc(0)(26).radr          OUT  Unsigned         5                                     
    vec:rsc.triosy(0)(26).lz     OUT  Unsigned         1                                     
    vec:rsc(0)(27).wadr          OUT  Unsigned         5                                     
    vec:rsc(0)(27).d             OUT  Unsigned        64                                     
    vec:rsc(0)(27).we            OUT  Unsigned         1                                     
    vec:rsc(0)(27).radr          OUT  Unsigned         5                                     
    vec:rsc.triosy(0)(27).lz     OUT  Unsigned         1                                     
    vec:rsc(0)(28).wadr          OUT  Unsigned         5                                     
    vec:rsc(0)(28).d             OUT  Unsigned        64                                     
    vec:rsc(0)(28).we            OUT  Unsigned         1                                     
    vec:rsc(0)(28).radr          OUT  Unsigned         5                                     
    vec:rsc.triosy(0)(28).lz     OUT  Unsigned         1                                     
    vec:rsc(0)(29).wadr          OUT  Unsigned         5                                     
    vec:rsc(0)(29).d             OUT  Unsigned        64                                     
    vec:rsc(0)(29).we            OUT  Unsigned         1                                     
    vec:rsc(0)(29).radr          OUT  Unsigned         5                                     
    vec:rsc.triosy(0)(29).lz     OUT  Unsigned         1                                     
    vec:rsc(0)(30).wadr          OUT  Unsigned         5                                     
    vec:rsc(0)(30).d             OUT  Unsigned        64                                     
    vec:rsc(0)(30).we            OUT  Unsigned         1                                     
    vec:rsc(0)(30).radr          OUT  Unsigned         5                                     
    vec:rsc.triosy(0)(30).lz     OUT  Unsigned         1                                     
    vec:rsc(0)(31).wadr          OUT  Unsigned         5                                     
    vec:rsc(0)(31).d             OUT  Unsigned        64                                     
    vec:rsc(0)(31).we            OUT  Unsigned         1                                     
    vec:rsc(0)(31).radr          OUT  Unsigned         5                                     
    vec:rsc.triosy(0)(31).lz     OUT  Unsigned         1                                     
    p:rsc.triosy.lz              OUT  Unsigned         1                                     
    r:rsc.triosy.lz              OUT  Unsigned         1                                     
    twiddle:rsc(0)(0).radr       OUT  Unsigned         5                                     
    twiddle:rsc.triosy(0)(0).lz  OUT  Unsigned         1                                     
    twiddle:rsc(0)(1).radr       OUT  Unsigned         5                                     
    twiddle:rsc.triosy(0)(1).lz  OUT  Unsigned         1                                     
    twiddle:rsc(0)(2).radr       OUT  Unsigned         5                                     
    twiddle:rsc.triosy(0)(2).lz  OUT  Unsigned         1                                     
    twiddle:rsc(0)(3).radr       OUT  Unsigned         5                                     
    twiddle:rsc.triosy(0)(3).lz  OUT  Unsigned         1                                     
    twiddle:rsc(0)(4).radr       OUT  Unsigned         5                                     
    twiddle:rsc.triosy(0)(4).lz  OUT  Unsigned         1                                     
    twiddle:rsc(0)(5).radr       OUT  Unsigned         5                                     
    twiddle:rsc.triosy(0)(5).lz  OUT  Unsigned         1                                     
    twiddle:rsc(0)(6).radr       OUT  Unsigned         5                                     
    twiddle:rsc.triosy(0)(6).lz  OUT  Unsigned         1                                     
    twiddle:rsc(0)(7).radr       OUT  Unsigned         5                                     
    twiddle:rsc.triosy(0)(7).lz  OUT  Unsigned         1                                     
    twiddle:rsc(0)(8).radr       OUT  Unsigned         5                                     
    twiddle:rsc.triosy(0)(8).lz  OUT  Unsigned         1                                     
    twiddle:rsc(0)(9).radr       OUT  Unsigned         5                                     
    twiddle:rsc.triosy(0)(9).lz  OUT  Unsigned         1                                     
    twiddle:rsc(0)(10).radr      OUT  Unsigned         5                                     
    twiddle:rsc.triosy(0)(10).lz OUT  Unsigned         1                                     
    twiddle:rsc(0)(11).radr      OUT  Unsigned         5                                     
    twiddle:rsc.triosy(0)(11).lz OUT  Unsigned         1                                     
    twiddle:rsc(0)(12).radr      OUT  Unsigned         5                                     
    twiddle:rsc.triosy(0)(12).lz OUT  Unsigned         1                                     
    twiddle:rsc(0)(13).radr      OUT  Unsigned         5                                     
    twiddle:rsc.triosy(0)(13).lz OUT  Unsigned         1                                     
    twiddle:rsc(0)(14).radr      OUT  Unsigned         5                                     
    twiddle:rsc.triosy(0)(14).lz OUT  Unsigned         1                                     
    twiddle:rsc(0)(15).radr      OUT  Unsigned         5                                     
    twiddle:rsc.triosy(0)(15).lz OUT  Unsigned         1                                     
    twiddle:rsc(0)(16).radr      OUT  Unsigned         5                                     
    twiddle:rsc.triosy(0)(16).lz OUT  Unsigned         1                                     
    twiddle:rsc(0)(17).radr      OUT  Unsigned         5                                     
    twiddle:rsc.triosy(0)(17).lz OUT  Unsigned         1                                     
    twiddle:rsc(0)(18).radr      OUT  Unsigned         5                                     
    twiddle:rsc.triosy(0)(18).lz OUT  Unsigned         1                                     
    twiddle:rsc(0)(19).radr      OUT  Unsigned         5                                     
    twiddle:rsc.triosy(0)(19).lz OUT  Unsigned         1                                     
    twiddle:rsc(0)(20).radr      OUT  Unsigned         5                                     
    twiddle:rsc.triosy(0)(20).lz OUT  Unsigned         1                                     
    twiddle:rsc(0)(21).radr      OUT  Unsigned         5                                     
    twiddle:rsc.triosy(0)(21).lz OUT  Unsigned         1                                     
    twiddle:rsc(0)(22).radr      OUT  Unsigned         5                                     
    twiddle:rsc.triosy(0)(22).lz OUT  Unsigned         1                                     
    twiddle:rsc(0)(23).radr      OUT  Unsigned         5                                     
    twiddle:rsc.triosy(0)(23).lz OUT  Unsigned         1                                     
    twiddle:rsc(0)(24).radr      OUT  Unsigned         5                                     
    twiddle:rsc.triosy(0)(24).lz OUT  Unsigned         1                                     
    twiddle:rsc(0)(25).radr      OUT  Unsigned         5                                     
    twiddle:rsc.triosy(0)(25).lz OUT  Unsigned         1                                     
    twiddle:rsc(0)(26).radr      OUT  Unsigned         5                                     
    twiddle:rsc.triosy(0)(26).lz OUT  Unsigned         1                                     
    twiddle:rsc(0)(27).radr      OUT  Unsigned         5                                     
    twiddle:rsc.triosy(0)(27).lz OUT  Unsigned         1                                     
    twiddle:rsc(0)(28).radr      OUT  Unsigned         5                                     
    twiddle:rsc.triosy(0)(28).lz OUT  Unsigned         1                                     
    twiddle:rsc(0)(29).radr      OUT  Unsigned         5                                     
    twiddle:rsc.triosy(0)(29).lz OUT  Unsigned         1                                     
    twiddle:rsc(0)(30).radr      OUT  Unsigned         5                                     
    twiddle:rsc.triosy(0)(30).lz OUT  Unsigned         1                                     
    twiddle:rsc(0)(31).radr      OUT  Unsigned         5                                     
    twiddle:rsc.triosy(0)(31).lz OUT  Unsigned         1                                     
    
  Memory Resources
    Resource Name: /inPlaceNTT_DIF/modulo_dev/base:rsc
      Memory Component: ccs_in                       Size:         1 x 64
      External:         true                         Packing Mode: sidebyside
      Memory Map:
      Variable                        Indices Phys Memory Address     
      ------------------------------- ------- -----------------------
      /inPlaceNTT_DIF/modulo_dev/base    0:63 00000000-00000000 (0-0) 
      
    Resource Name: /inPlaceNTT_DIF/modulo_dev/m:rsc
      Memory Component: ccs_in                       Size:         1 x 64
      External:         true                         Packing Mode: sidebyside
      Memory Map:
      Variable                     Indices Phys Memory Address     
      ---------------------------- ------- -----------------------
      /inPlaceNTT_DIF/modulo_dev/m    0:63 00000000-00000000 (0-0) 
      
    Resource Name: /inPlaceNTT_DIF/modulo_dev/return:rsc
      Memory Component: mgc_out_dreg                 Size:         1 x 64
      External:         true                         Packing Mode: sidebyside
      Memory Map:
      Variable                          Indices Phys Memory Address     
      --------------------------------- ------- -----------------------
      /inPlaceNTT_DIF/modulo_dev/return    0:63 00000000-00000000 (0-0) 
      
    Resource Name: /inPlaceNTT_DIF/modulo_dev/ccs_ccore_start:rsc
      Memory Component: ccs_in                       Size:         1 x 1
      External:         true                         Packing Mode: sidebyside
      Memory Map:
      Variable                                   Indices Phys Memory Address     
      ------------------------------------------ ------- -----------------------
      /inPlaceNTT_DIF/modulo_dev/ccs_ccore_start     0:0 00000000-00000000 (0-0) 
      
    Resource Name: /inPlaceNTT_DIF/vec:rsc
      Memory Component: BLOCK_1R1W_RBW               Size:         1024 x 64
      External:         true                         Packing Mode: absolute
      Memory Map:
      Variable            Indices Phys Memory Address        
      ------------------- ------- --------------------------
      /inPlaceNTT_DIF/vec    0:63 000003ff-00000000 (1023-0) 
      
      Splitting: 
      Block          Original Addresses  
      -------------- -------------------
      vec:rsc(0)(0)    0, 32, ..., 992   
      vec:rsc(0)(1)    1, 33, ..., 993   
      vec:rsc(0)(2)    2, 34, ..., 994   
      vec:rsc(0)(3)    3, 35, ..., 995   
      vec:rsc(0)(4)    4, 36, ..., 996   
      vec:rsc(0)(5)    5, 37, ..., 997   
      vec:rsc(0)(6)    6, 38, ..., 998   
      vec:rsc(0)(7)    7, 39, ..., 999   
      vec:rsc(0)(8)    8, 40, ..., 1000  
      vec:rsc(0)(9)    9, 41, ..., 1001  
      vec:rsc(0)(10)   10, 42, ..., 1002 
      vec:rsc(0)(11)   11, 43, ..., 1003 
      vec:rsc(0)(12)   12, 44, ..., 1004 
      vec:rsc(0)(13)   13, 45, ..., 1005 
      vec:rsc(0)(14)   14, 46, ..., 1006 
      vec:rsc(0)(15)   15, 47, ..., 1007 
      vec:rsc(0)(16)   16, 48, ..., 1008 
      vec:rsc(0)(17)   17, 49, ..., 1009 
      vec:rsc(0)(18)   18, 50, ..., 1010 
      vec:rsc(0)(19)   19, 51, ..., 1011 
      vec:rsc(0)(20)   20, 52, ..., 1012 
      vec:rsc(0)(21)   21, 53, ..., 1013 
      vec:rsc(0)(22)   22, 54, ..., 1014 
      vec:rsc(0)(23)   23, 55, ..., 1015 
      vec:rsc(0)(24)   24, 56, ..., 1016 
      vec:rsc(0)(25)   25, 57, ..., 1017 
      vec:rsc(0)(26)   26, 58, ..., 1018 
      vec:rsc(0)(27)   27, 59, ..., 1019 
      vec:rsc(0)(28)   28, 60, ..., 1020 
      vec:rsc(0)(29)   29, 61, ..., 1021 
      vec:rsc(0)(30)   30, 62, ..., 1022 
      vec:rsc(0)(31)   31, 63, ..., 1023 
      
    Resource Name: /inPlaceNTT_DIF/p:rsc
      Memory Component: ccs_in                       Size:         1 x 64
      External:         true                         Packing Mode: sidebyside
      Memory Map:
      Variable          Indices Phys Memory Address     
      ----------------- ------- -----------------------
      /inPlaceNTT_DIF/p    0:63 00000000-00000000 (0-0) 
      
    Resource Name: /inPlaceNTT_DIF/r:rsc
      Memory Component: ccs_in                       Size:         1 x 64
      External:         true                         Packing Mode: sidebyside
      Memory Map:
      Variable          Indices Phys Memory Address     
      ----------------- ------- -----------------------
      /inPlaceNTT_DIF/r    0:63 00000000-00000000 (0-0) 
      
    Resource Name: /inPlaceNTT_DIF/twiddle:rsc
      Memory Component: BLOCK_1R1W_RBW               Size:         1024 x 64
      External:         true                         Packing Mode: absolute
      Memory Map:
      Variable                Indices Phys Memory Address        
      ----------------------- ------- --------------------------
      /inPlaceNTT_DIF/twiddle    0:63 000003ff-00000000 (1023-0) 
      
      Splitting: 
      Block              Original Addresses  
      ------------------ -------------------
      twiddle:rsc(0)(0)    0, 32, ..., 992   
      twiddle:rsc(0)(1)    1, 33, ..., 993   
      twiddle:rsc(0)(2)    2, 34, ..., 994   
      twiddle:rsc(0)(3)    3, 35, ..., 995   
      twiddle:rsc(0)(4)    4, 36, ..., 996   
      twiddle:rsc(0)(5)    5, 37, ..., 997   
      twiddle:rsc(0)(6)    6, 38, ..., 998   
      twiddle:rsc(0)(7)    7, 39, ..., 999   
      twiddle:rsc(0)(8)    8, 40, ..., 1000  
      twiddle:rsc(0)(9)    9, 41, ..., 1001  
      twiddle:rsc(0)(10)   10, 42, ..., 1002 
      twiddle:rsc(0)(11)   11, 43, ..., 1003 
      twiddle:rsc(0)(12)   12, 44, ..., 1004 
      twiddle:rsc(0)(13)   13, 45, ..., 1005 
      twiddle:rsc(0)(14)   14, 46, ..., 1006 
      twiddle:rsc(0)(15)   15, 47, ..., 1007 
      twiddle:rsc(0)(16)   16, 48, ..., 1008 
      twiddle:rsc(0)(17)   17, 49, ..., 1009 
      twiddle:rsc(0)(18)   18, 50, ..., 1010 
      twiddle:rsc(0)(19)   19, 51, ..., 1011 
      twiddle:rsc(0)(20)   20, 52, ..., 1012 
      twiddle:rsc(0)(21)   21, 53, ..., 1013 
      twiddle:rsc(0)(22)   22, 54, ..., 1014 
      twiddle:rsc(0)(23)   23, 55, ..., 1015 
      twiddle:rsc(0)(24)   24, 56, ..., 1016 
      twiddle:rsc(0)(25)   25, 57, ..., 1017 
      twiddle:rsc(0)(26)   26, 58, ..., 1018 
      twiddle:rsc(0)(27)   27, 59, ..., 1019 
      twiddle:rsc(0)(28)   28, 60, ..., 1020 
      twiddle:rsc(0)(29)   29, 61, ..., 1021 
      twiddle:rsc(0)(30)   30, 62, ..., 1022 
      twiddle:rsc(0)(31)   31, 63, ..., 1023 
      
  C++ to Interface Mappings
    C++ Field Interface Range Range Expression Expression Limits 
    --------- --------------- ---------------- -----------------
    
  Multi-Cycle (Combinational) Component Usage
    Instance Component Name Delay 
    -------- -------------- -----
    
  Loops
    Process              Loop             Iterations C-Steps Total Cycles   Duration  Unroll Init Comments 
    -------------------- ---------------- ---------- ------- ------------- ---------- ------ ---- --------
    /inPlaceNTT_DIF/core core:rlp           Infinite       0     290282 ?    5.81 ms                       
    /inPlaceNTT_DIF/core  main              Infinite       2     290282 ?    5.81 ms                       
    /inPlaceNTT_DIF/core   STAGE_LOOP             10       2     290280 ?    5.81 ms                       
    /inPlaceNTT_DIF/core    VEC_LOOP               ?       1      29026 ?  580.52 us                       
    /inPlaceNTT_DIF/core     COMP_LOOP           129     225      29025 ?  580.50 us       8               
    
  Loop Execution Profile
    Process              Loop             Total Cycles % of Overall Design Cycles Throughput Cycles Comments 
    -------------------- ---------------- ------------ -------------------------- ----------------- --------
    /inPlaceNTT_DIF/core core:rlp                 0 ?                        0.00         290282 ?           
    /inPlaceNTT_DIF/core  main                    2 ?                        0.00         290282 ?           
    /inPlaceNTT_DIF/core   STAGE_LOOP            20 ?                        0.01         290280 ?           
    /inPlaceNTT_DIF/core    VEC_LOOP             10 ?                        0.00         290260 ?           
    /inPlaceNTT_DIF/core     COMP_LOOP       290250 ?                       99.99         290250 ?           
    
  End of Report
