-- Catapult Ultra Synthesis: Report                                              
-- ------------------------- ---------------------------------------------------
-- Version:                  10.5c/896140 Production Release                     
-- Build Date:               Sun Sep  6 22:45:38 PDT 2020                        
                                                                                 
-- Generated by:             yl7897@newnano.poly.edu                             
-- Generated date:           Mon Sep 13 19:11:50 EDT 2021                        

Solution Settings: inPlaceNTT_DIF_precomp.v3
  Current state: schedule
  Project: Catapult
  
  Design Input Files Specified
    $PROJECT_HOME/src/utils.cpp
    $PROJECT_HOME/src/ntt.cpp
      $PROJECT_HOME/include/ntt.h
        $MGC_HOME/shared/include/ac_sync.h
          $MGC_HOME/shared/include/ac_channel.h
        $PROJECT_HOME/include/config.h
          $MGC_HOME/shared/include/ac_int.h
    $PROJECT_HOME/src/main.cpp
  
  Processes/Blocks in Design
    Process                      Real Operation(s) count Latency Throughput Reset Length II Comments 
    ---------------------------- ----------------------- ------- ---------- ------------ -- --------
    /inPlaceNTT_DIF_precomp/core                      72  153917     153923            0  0        ? 
    Design Total:                                     72  153917     153923            0  0          
    
  Clock Information
    Clock Signal Edge   Period Sharing Alloc (%) Uncertainty Used by Processes/Blocks     
    ------------ ------ ------ ----------------- ----------- ----------------------------
    clk          rising  5.000             20.00    0.000000 /inPlaceNTT_DIF_precomp/core 
    
  I/O Data Ranges
    Port                    Mode DeclType DeclWidth DeclRange ActType ActWidth ActRange 
    ----------------------- ---- -------- --------- --------- ------- -------- --------
    clk                     IN   Unsigned         1                                     
    rst                     IN   Unsigned         1                                     
    run:rsc.vld             IN   Unsigned         1                                     
    vec:rsc(0)(0).qa        IN   Unsigned        32                                     
    vec:rsc(0)(0).qb        IN   Unsigned        32                                     
    vec:rsc(0)(1).qa        IN   Unsigned        32                                     
    vec:rsc(0)(1).qb        IN   Unsigned        32                                     
    p:rsc.dat               IN   Unsigned        32                                     
    r:rsc.dat               IN   Unsigned        32                                     
    twiddle:rsc.qb          IN   Unsigned        32                                     
    twiddle_h:rsc.qb        IN   Unsigned        32                                     
    complete:rsc.rdy        IN   Unsigned         1                                     
    run:rsc.rdy             OUT  Unsigned         1                                     
    vec:rsc(0)(0).adra      OUT  Unsigned         9                                     
    vec:rsc(0)(0).da        OUT  Unsigned        32                                     
    vec:rsc(0)(0).wea       OUT  Unsigned         1                                     
    vec:rsc(0)(0).adrb      OUT  Unsigned         9                                     
    vec:rsc(0)(0).db        OUT  Unsigned        32                                     
    vec:rsc(0)(0).web       OUT  Unsigned         1                                     
    vec:rsc.triosy(0)(0).lz OUT  Unsigned         1                                     
    vec:rsc(0)(1).adra      OUT  Unsigned         9                                     
    vec:rsc(0)(1).da        OUT  Unsigned        32                                     
    vec:rsc(0)(1).wea       OUT  Unsigned         1                                     
    vec:rsc(0)(1).adrb      OUT  Unsigned         9                                     
    vec:rsc(0)(1).db        OUT  Unsigned        32                                     
    vec:rsc(0)(1).web       OUT  Unsigned         1                                     
    vec:rsc.triosy(0)(1).lz OUT  Unsigned         1                                     
    p:rsc.triosy.lz         OUT  Unsigned         1                                     
    r:rsc.triosy.lz         OUT  Unsigned         1                                     
    twiddle:rsc.adrb        OUT  Unsigned        10                                     
    twiddle:rsc.triosy.lz   OUT  Unsigned         1                                     
    twiddle_h:rsc.adrb      OUT  Unsigned        10                                     
    twiddle_h:rsc.triosy.lz OUT  Unsigned         1                                     
    complete:rsc.vld        OUT  Unsigned         1                                     
    
  Memory Resources
    Resource Name: /inPlaceNTT_DIF_precomp/modulo_add/base:rsc
      Memory Component: ccs_in                       Size:         1 x 32
      External:         true                         Packing Mode: sidebyside
      Memory Map:
      Variable                                Indices Phys Memory Address     
      --------------------------------------- ------- -----------------------
      /inPlaceNTT_DIF_precomp/modulo_add/base    0:31 00000000-00000000 (0-0) 
      
    Resource Name: /inPlaceNTT_DIF_precomp/modulo_add/m:rsc
      Memory Component: ccs_in                       Size:         1 x 32
      External:         true                         Packing Mode: sidebyside
      Memory Map:
      Variable                             Indices Phys Memory Address     
      ------------------------------------ ------- -----------------------
      /inPlaceNTT_DIF_precomp/modulo_add/m    0:31 00000000-00000000 (0-0) 
      
    Resource Name: /inPlaceNTT_DIF_precomp/modulo_add/return:rsc
      Memory Component: mgc_out_dreg                 Size:         1 x 32
      External:         true                         Packing Mode: sidebyside
      Memory Map:
      Variable                                  Indices Phys Memory Address     
      ----------------------------------------- ------- -----------------------
      /inPlaceNTT_DIF_precomp/modulo_add/return    0:31 00000000-00000000 (0-0) 
      
    Resource Name: /inPlaceNTT_DIF_precomp/modulo_add/ccs_ccore_start:rsc
      Memory Component: ccs_in                       Size:         1 x 1
      External:         true                         Packing Mode: sidebyside
      Memory Map:
      Variable                                           Indices Phys Memory Address     
      -------------------------------------------------- ------- -----------------------
      /inPlaceNTT_DIF_precomp/modulo_add/ccs_ccore_start     0:0 00000000-00000000 (0-0) 
      
    Resource Name: /inPlaceNTT_DIF_precomp/modulo_sub/base:rsc
      Memory Component: ccs_in                       Size:         1 x 32
      External:         true                         Packing Mode: sidebyside
      Memory Map:
      Variable                                Indices Phys Memory Address     
      --------------------------------------- ------- -----------------------
      /inPlaceNTT_DIF_precomp/modulo_sub/base    0:31 00000000-00000000 (0-0) 
      
    Resource Name: /inPlaceNTT_DIF_precomp/modulo_sub/m:rsc
      Memory Component: ccs_in                       Size:         1 x 32
      External:         true                         Packing Mode: sidebyside
      Memory Map:
      Variable                             Indices Phys Memory Address     
      ------------------------------------ ------- -----------------------
      /inPlaceNTT_DIF_precomp/modulo_sub/m    0:31 00000000-00000000 (0-0) 
      
    Resource Name: /inPlaceNTT_DIF_precomp/modulo_sub/return:rsc
      Memory Component: mgc_out_dreg                 Size:         1 x 32
      External:         true                         Packing Mode: sidebyside
      Memory Map:
      Variable                                  Indices Phys Memory Address     
      ----------------------------------------- ------- -----------------------
      /inPlaceNTT_DIF_precomp/modulo_sub/return    0:31 00000000-00000000 (0-0) 
      
    Resource Name: /inPlaceNTT_DIF_precomp/modulo_sub/ccs_ccore_start:rsc
      Memory Component: ccs_in                       Size:         1 x 1
      External:         true                         Packing Mode: sidebyside
      Memory Map:
      Variable                                           Indices Phys Memory Address     
      -------------------------------------------------- ------- -----------------------
      /inPlaceNTT_DIF_precomp/modulo_sub/ccs_ccore_start     0:0 00000000-00000000 (0-0) 
      
    Resource Name: /inPlaceNTT_DIF_precomp/mult/x:rsc
      Memory Component: ccs_in                       Size:         1 x 32
      External:         true                         Packing Mode: sidebyside
      Memory Map:
      Variable                       Indices Phys Memory Address     
      ------------------------------ ------- -----------------------
      /inPlaceNTT_DIF_precomp/mult/x    0:31 00000000-00000000 (0-0) 
      
    Resource Name: /inPlaceNTT_DIF_precomp/mult/y:rsc
      Memory Component: ccs_in                       Size:         1 x 32
      External:         true                         Packing Mode: sidebyside
      Memory Map:
      Variable                       Indices Phys Memory Address     
      ------------------------------ ------- -----------------------
      /inPlaceNTT_DIF_precomp/mult/y    0:31 00000000-00000000 (0-0) 
      
    Resource Name: /inPlaceNTT_DIF_precomp/mult/y_:rsc
      Memory Component: ccs_in                       Size:         1 x 32
      External:         true                         Packing Mode: sidebyside
      Memory Map:
      Variable                        Indices Phys Memory Address     
      ------------------------------- ------- -----------------------
      /inPlaceNTT_DIF_precomp/mult/y_    0:31 00000000-00000000 (0-0) 
      
    Resource Name: /inPlaceNTT_DIF_precomp/mult/p:rsc
      Memory Component: ccs_in                       Size:         1 x 32
      External:         true                         Packing Mode: sidebyside
      Memory Map:
      Variable                       Indices Phys Memory Address     
      ------------------------------ ------- -----------------------
      /inPlaceNTT_DIF_precomp/mult/p    0:31 00000000-00000000 (0-0) 
      
    Resource Name: /inPlaceNTT_DIF_precomp/mult/return:rsc
      Memory Component: mgc_out_dreg                 Size:         1 x 32
      External:         true                         Packing Mode: sidebyside
      Memory Map:
      Variable                            Indices Phys Memory Address     
      ----------------------------------- ------- -----------------------
      /inPlaceNTT_DIF_precomp/mult/return    0:31 00000000-00000000 (0-0) 
      
    Resource Name: /inPlaceNTT_DIF_precomp/mult/ccs_ccore_start:rsc
      Memory Component: ccs_in                       Size:         1 x 1
      External:         true                         Packing Mode: sidebyside
      Memory Map:
      Variable                                     Indices Phys Memory Address     
      -------------------------------------------- ------- -----------------------
      /inPlaceNTT_DIF_precomp/mult/ccs_ccore_start     0:0 00000000-00000000 (0-0) 
      
    Resource Name: /inPlaceNTT_DIF_precomp/run:rsc
      Memory Component: ccs_sync_in_wait             Size:         1 x 1
      External:         true                         Packing Mode: absolute
      Memory Map:
      Variable                    Indices Phys Memory Address     
      --------------------------- ------- -----------------------
      /inPlaceNTT_DIF_precomp/run     0:0 00000000-00000000 (0-0) 
      
    Resource Name: /inPlaceNTT_DIF_precomp/vec:rsc
      Memory Component: BLOCK_DPRAM_RBW_DUAL         Size:         1024 x 32
      External:         true                         Packing Mode: absolute
      Memory Map:
      Variable                    Indices Phys Memory Address        
      --------------------------- ------- --------------------------
      /inPlaceNTT_DIF_precomp/vec    0:31 000003ff-00000000 (1023-0) 
      
      Splitting: 
      Block         Original Addresses 
      ------------- ------------------
      vec:rsc(0)(0)   0, 2, ..., 1022  
      vec:rsc(0)(1)   1, 3, ..., 1023  
      
    Resource Name: /inPlaceNTT_DIF_precomp/p:rsc
      Memory Component: ccs_in                       Size:         1 x 32
      External:         true                         Packing Mode: sidebyside
      Memory Map:
      Variable                  Indices Phys Memory Address     
      ------------------------- ------- -----------------------
      /inPlaceNTT_DIF_precomp/p    0:31 00000000-00000000 (0-0) 
      
    Resource Name: /inPlaceNTT_DIF_precomp/r:rsc
      Memory Component: ccs_in                       Size:         1 x 32
      External:         true                         Packing Mode: sidebyside
      Memory Map:
      Variable                  Indices Phys Memory Address     
      ------------------------- ------- -----------------------
      /inPlaceNTT_DIF_precomp/r    0:31 00000000-00000000 (0-0) 
      
    Resource Name: /inPlaceNTT_DIF_precomp/twiddle:rsc
      Memory Component: BLOCK_2R1W_RBW_DUAL          Size:         1024 x 32
      External:         true                         Packing Mode: absolute
      Memory Map:
      Variable                        Indices Phys Memory Address        
      ------------------------------- ------- --------------------------
      /inPlaceNTT_DIF_precomp/twiddle    0:31 000003ff-00000000 (1023-0) 
      
    Resource Name: /inPlaceNTT_DIF_precomp/twiddle_h:rsc
      Memory Component: BLOCK_2R1W_RBW_DUAL          Size:         1024 x 32
      External:         true                         Packing Mode: absolute
      Memory Map:
      Variable                          Indices Phys Memory Address        
      --------------------------------- ------- --------------------------
      /inPlaceNTT_DIF_precomp/twiddle_h    0:31 000003ff-00000000 (1023-0) 
      
    Resource Name: /inPlaceNTT_DIF_precomp/complete:rsc
      Memory Component: ccs_sync_out_wait            Size:         1 x 1
      External:         true                         Packing Mode: absolute
      Memory Map:
      Variable                         Indices Phys Memory Address     
      -------------------------------- ------- -----------------------
      /inPlaceNTT_DIF_precomp/complete     0:0 00000000-00000000 (0-0) 
      
  C++ to Interface Mappings
    C++ Field Interface Range Range Expression Expression Limits 
    --------- --------------- ---------------- -----------------
    
  Multi-Cycle (Combinational) Component Usage
    Instance Component Name Delay 
    -------- -------------- -----
    
  Loops
    Process                      Loop                     Iterations C-Steps Total Cycles   Duration  Unroll Init Comments 
    ---------------------------- ------------------------ ---------- ------- ------------- ---------- ------ ---- --------
    /inPlaceNTT_DIF_precomp/core core:rlp                   Infinite       0     153923 ?  769.62 us                       
    /inPlaceNTT_DIF_precomp/core  main                      Infinite       3     153923 ?  769.62 us                       
    /inPlaceNTT_DIF_precomp/core   STAGE_LOOP                     10       2     153920 ?  769.60 us                       
    /inPlaceNTT_DIF_precomp/core    COMP_LOOP                    513       6      15390 ?   76.95 us       2               
    /inPlaceNTT_DIF_precomp/core     COMP_LOOP-1:VEC_LOOP          ?      12         12 ?   60.00 ns                       
    /inPlaceNTT_DIF_precomp/core     COMP_LOOP-2:VEC_LOOP          ?      12         12 ?   60.00 ns                       
    
  Loop Execution Profile
    Process                      Loop                     Total Cycles % of Overall Design Cycles Throughput Cycles Comments 
    ---------------------------- ------------------------ ------------ -------------------------- ----------------- --------
    /inPlaceNTT_DIF_precomp/core core:rlp                         0 ?                        0.00         153923 ?           
    /inPlaceNTT_DIF_precomp/core  main                            3 ?                        0.00         153923 ?           
    /inPlaceNTT_DIF_precomp/core   STAGE_LOOP                    20 ?                        0.01         153920 ?           
    /inPlaceNTT_DIF_precomp/core    COMP_LOOP                 30780 ?                       20.00         153900 ?           
    /inPlaceNTT_DIF_precomp/core     COMP_LOOP-1:VEC_LOOP     61560 ?                       39.99          61560 ?           
    /inPlaceNTT_DIF_precomp/core     COMP_LOOP-2:VEC_LOOP     61560 ?                       39.99          61560 ?           
    
  End of Report
