-- Catapult Ultra Synthesis: Report                                              
-- ------------------------- ---------------------------------------------------
-- Version:                  10.5c/896140 Production Release                     
-- Build Date:               Sun Sep  6 22:45:38 PDT 2020                        
                                                                                 
-- Generated by:             yl7897@newnano.poly.edu                             
-- Generated date:           Wed Jun 30 21:40:38 EDT 2021                        

Solution Settings: inPlaceNTT_DIT.v40
  Current state: schedule
  Project: Catapult
  
  Design Input Files Specified
    $PROJECT_HOME/src/ntt_tb.cpp
    $PROJECT_HOME/src/ntt.cpp
      $PROJECT_HOME/include/ntt.h
        $MGC_HOME/shared/include/ac_int.h
        $PROJECT_HOME/include/config.h
      $MGC_HOME/shared/include/ac_math.h
        $MGC_HOME/shared/include/ac_math/ac_abs.h
          $MGC_HOME/shared/include/ac_fixed.h
          $MGC_HOME/shared/include/ac_float.h
          $MGC_HOME/shared/include/ac_complex.h
          $MGC_HOME/shared/include/ac_math/ac_sqrt_pwl.h
            $MGC_HOME/shared/include/ac_math/ac_shift.h
            $MGC_HOME/shared/include/ac_math/ac_normalize.h
        $MGC_HOME/shared/include/ac_math/ac_arccos_cordic.h
        $MGC_HOME/shared/include/ac_math/ac_arcsin_cordic.h
        $MGC_HOME/shared/include/ac_math/ac_atan_pwl.h
          $MGC_HOME/shared/include/ac_math/ac_reciprocal_pwl.h
        $MGC_HOME/shared/include/ac_math/ac_atan_pwl_ha.h
          $MGC_HOME/shared/include/ac_math/ac_reciprocal_pwl_ha.h
        $MGC_HOME/shared/include/ac_math/ac_atan2_cordic.h
        $MGC_HOME/shared/include/ac_math/ac_div.h
        $MGC_HOME/shared/include/ac_math/ac_hcordic.h
        $MGC_HOME/shared/include/ac_math/ac_inverse_sqrt_pwl.h
        $MGC_HOME/shared/include/ac_math/ac_log_pwl.h
        $MGC_HOME/shared/include/ac_math/ac_pow_pwl.h
        $MGC_HOME/shared/include/ac_math/ac_sigmoid_pwl.h
        $MGC_HOME/shared/include/ac_math/ac_sincos_cordic.h
        $MGC_HOME/shared/include/ac_math/ac_sincos_lut.h
        $MGC_HOME/shared/include/ac_math/ac_sqrt.h
        $MGC_HOME/shared/include/ac_math/ac_tan_pwl.h
        $MGC_HOME/shared/include/ac_math/ac_tanh_pwl.h
        $MGC_HOME/shared/include/ac_math/ac_softmax_pwl.h
  
  Processes/Blocks in Design
    Process              Real Operation(s) count Latency Throughput Reset Length II Comments 
    -------------------- ----------------------- ------- ---------- ------------ -- --------
    /inPlaceNTT_DIT/core                     867  473712     473717            0  0        ? 
    Design Total:                            867  473712     473717            0  0          
    
  Clock Information
    Clock Signal Edge   Period Sharing Alloc (%) Uncertainty Used by Processes/Blocks 
    ------------ ------ ------ ----------------- ----------- ------------------------
    clk          rising 12.500             20.00    0.000000 /inPlaceNTT_DIT/core     
    
  I/O Data Ranges
    Port                    Mode DeclType DeclWidth DeclRange ActType ActWidth ActRange 
    ----------------------- ---- -------- --------- --------- ------- -------- --------
    clk                     IN   Unsigned         1                                     
    rst                     IN   Unsigned         1                                     
    vec:rsc(0)(0).qa        IN   Unsigned        64                                     
    vec:rsc(0)(1).qa        IN   Unsigned        64                                     
    vec:rsc(0)(2).qa        IN   Unsigned        64                                     
    vec:rsc(0)(3).qa        IN   Unsigned        64                                     
    vec:rsc(0)(4).qa        IN   Unsigned        64                                     
    vec:rsc(0)(5).qa        IN   Unsigned        64                                     
    vec:rsc(0)(6).qa        IN   Unsigned        64                                     
    vec:rsc(0)(7).qa        IN   Unsigned        64                                     
    p:rsc.dat               IN   Unsigned        64                                     
    r:rsc.dat               IN   Unsigned        64                                     
    vec:rsc(0)(0).adra      OUT  Unsigned         9                                     
    vec:rsc(0)(0).da        OUT  Unsigned        64                                     
    vec:rsc(0)(0).wea       OUT  Unsigned         1                                     
    vec:rsc.triosy(0)(0).lz OUT  Unsigned         1                                     
    vec:rsc(0)(1).adra      OUT  Unsigned         9                                     
    vec:rsc(0)(1).da        OUT  Unsigned        64                                     
    vec:rsc(0)(1).wea       OUT  Unsigned         1                                     
    vec:rsc.triosy(0)(1).lz OUT  Unsigned         1                                     
    vec:rsc(0)(2).adra      OUT  Unsigned         9                                     
    vec:rsc(0)(2).da        OUT  Unsigned        64                                     
    vec:rsc(0)(2).wea       OUT  Unsigned         1                                     
    vec:rsc.triosy(0)(2).lz OUT  Unsigned         1                                     
    vec:rsc(0)(3).adra      OUT  Unsigned         9                                     
    vec:rsc(0)(3).da        OUT  Unsigned        64                                     
    vec:rsc(0)(3).wea       OUT  Unsigned         1                                     
    vec:rsc.triosy(0)(3).lz OUT  Unsigned         1                                     
    vec:rsc(0)(4).adra      OUT  Unsigned         9                                     
    vec:rsc(0)(4).da        OUT  Unsigned        64                                     
    vec:rsc(0)(4).wea       OUT  Unsigned         1                                     
    vec:rsc.triosy(0)(4).lz OUT  Unsigned         1                                     
    vec:rsc(0)(5).adra      OUT  Unsigned         9                                     
    vec:rsc(0)(5).da        OUT  Unsigned        64                                     
    vec:rsc(0)(5).wea       OUT  Unsigned         1                                     
    vec:rsc.triosy(0)(5).lz OUT  Unsigned         1                                     
    vec:rsc(0)(6).adra      OUT  Unsigned         9                                     
    vec:rsc(0)(6).da        OUT  Unsigned        64                                     
    vec:rsc(0)(6).wea       OUT  Unsigned         1                                     
    vec:rsc.triosy(0)(6).lz OUT  Unsigned         1                                     
    vec:rsc(0)(7).adra      OUT  Unsigned         9                                     
    vec:rsc(0)(7).da        OUT  Unsigned        64                                     
    vec:rsc(0)(7).wea       OUT  Unsigned         1                                     
    vec:rsc.triosy(0)(7).lz OUT  Unsigned         1                                     
    p:rsc.triosy.lz         OUT  Unsigned         1                                     
    r:rsc.triosy.lz         OUT  Unsigned         1                                     
    
  Memory Resources
    Resource Name: /inPlaceNTT_DIT/vec:rsc
      Memory Component: BLOCK_2R1W_RBW_DUAL          Size:         4096 x 64
      External:         true                         Packing Mode: absolute
      Memory Map:
      Variable            Indices Phys Memory Address        
      ------------------- ------- --------------------------
      /inPlaceNTT_DIT/vec    0:63 00000fff-00000000 (4095-0) 
      
      Splitting: 
      Block         Original Addresses 
      ------------- ------------------
      vec:rsc(0)(0)   0, 8, ..., 4088  
      vec:rsc(0)(1)   1, 9, ..., 4089  
      vec:rsc(0)(2)   2, 10, ..., 4090 
      vec:rsc(0)(3)   3, 11, ..., 4091 
      vec:rsc(0)(4)   4, 12, ..., 4092 
      vec:rsc(0)(5)   5, 13, ..., 4093 
      vec:rsc(0)(6)   6, 14, ..., 4094 
      vec:rsc(0)(7)   7, 15, ..., 4095 
      
    Resource Name: /inPlaceNTT_DIT/p:rsc
      Memory Component: ccs_in                       Size:         1 x 64
      External:         true                         Packing Mode: sidebyside
      Memory Map:
      Variable          Indices Phys Memory Address     
      ----------------- ------- -----------------------
      /inPlaceNTT_DIT/p    0:63 00000000-00000000 (0-0) 
      
    Resource Name: /inPlaceNTT_DIT/r:rsc
      Memory Component: ccs_in                       Size:         1 x 64
      External:         true                         Packing Mode: sidebyside
      Memory Map:
      Variable          Indices Phys Memory Address     
      ----------------- ------- -----------------------
      /inPlaceNTT_DIT/r    0:63 00000000-00000000 (0-0) 
      
  C++ to Interface Mappings
    C++ Field Interface Range Range Expression Expression Limits 
    --------- --------------- ---------------- -----------------
    
  Multi-Cycle (Combinational) Component Usage
    Instance Component Name Delay 
    -------- -------------- -----
    
  Loops
    Process              Loop                            Iterations C-Steps Total Cycles   Duration  Unroll Init Comments 
    -------------------- ------------------------------- ---------- ------- ------------- ---------- ------ ---- --------
    /inPlaceNTT_DIT/core core:rlp                          Infinite       0     473717 ?    5.92 ms                       
    /inPlaceNTT_DIT/core  main                             Infinite       2     473717 ?    5.92 ms                       
    /inPlaceNTT_DIT/core   STAGE_LOOP                             9      10     473715 ?    5.92 ms                       
    /inPlaceNTT_DIT/core    modExp:while                          ?      39         39 ?  487.50 ns                       
    /inPlaceNTT_DIT/core    VEC_LOOP                              ?       1      52586 ?  657.33 us                       
    /inPlaceNTT_DIT/core     COMP_LOOP                           65     497      52585 ?  657.31 us       8               
    /inPlaceNTT_DIT/core      COMP_LOOP-1:modExp#1:while          ?      39         39 ?  487.50 ns                       
    /inPlaceNTT_DIT/core      COMP_LOOP-2:modExp#1:while          ?      39         39 ?  487.50 ns                       
    /inPlaceNTT_DIT/core      COMP_LOOP-3:modExp#1:while          ?      39         39 ?  487.50 ns                       
    /inPlaceNTT_DIT/core      COMP_LOOP-4:modExp#1:while          ?      39         39 ?  487.50 ns                       
    /inPlaceNTT_DIT/core      COMP_LOOP-5:modExp#1:while          ?      39         39 ?  487.50 ns                       
    /inPlaceNTT_DIT/core      COMP_LOOP-6:modExp#1:while          ?      39         39 ?  487.50 ns                       
    /inPlaceNTT_DIT/core      COMP_LOOP-7:modExp#1:while          ?      39         39 ?  487.50 ns                       
    /inPlaceNTT_DIT/core      COMP_LOOP-8:modExp#1:while          ?      39         39 ?  487.50 ns                       
    
  Loop Execution Profile
    Process              Loop                            Total Cycles % of Overall Design Cycles Throughput Cycles Comments 
    -------------------- ------------------------------- ------------ -------------------------- ----------------- --------
    /inPlaceNTT_DIT/core core:rlp                                0 ?                        0.00         473717 ?           
    /inPlaceNTT_DIT/core  main                                   2 ?                        0.00         473717 ?           
    /inPlaceNTT_DIT/core   STAGE_LOOP                           90 ?                        0.02         473715 ?           
    /inPlaceNTT_DIT/core    modExp:while                       351 ?                        0.07            351 ?           
    /inPlaceNTT_DIT/core    VEC_LOOP                             9 ?                        0.00         473274 ?           
    /inPlaceNTT_DIT/core     COMP_LOOP                      290745 ?                       61.38         473265 ?           
    /inPlaceNTT_DIT/core      COMP_LOOP-1:modExp#1:while     22815 ?                        4.82          22815 ?           
    /inPlaceNTT_DIT/core      COMP_LOOP-2:modExp#1:while     22815 ?                        4.82          22815 ?           
    /inPlaceNTT_DIT/core      COMP_LOOP-3:modExp#1:while     22815 ?                        4.82          22815 ?           
    /inPlaceNTT_DIT/core      COMP_LOOP-4:modExp#1:while     22815 ?                        4.82          22815 ?           
    /inPlaceNTT_DIT/core      COMP_LOOP-5:modExp#1:while     22815 ?                        4.82          22815 ?           
    /inPlaceNTT_DIT/core      COMP_LOOP-6:modExp#1:while     22815 ?                        4.82          22815 ?           
    /inPlaceNTT_DIT/core      COMP_LOOP-7:modExp#1:while     22815 ?                        4.82          22815 ?           
    /inPlaceNTT_DIT/core      COMP_LOOP-8:modExp#1:while     22815 ?                        4.82          22815 ?           
    
  End of Report
