-- Catapult Ultra Synthesis: Report                                              
-- ------------------------- ---------------------------------------------------
-- Version:                  10.5c/896140 Production Release                     
-- Build Date:               Sun Sep  6 22:45:38 PDT 2020                        
                                                                                 
-- Generated by:             ls5382@newnano.poly.edu                             
-- Generated date:           Wed Sep 15 15:47:15 EDT 2021                        

Solution Settings: ntt_flat.v3
  Current state: extract
  Project: Catapult
  
  Design Input Files Specified
    $PROJECT_HOME/flat_md/src/utils.cpp
    $PROJECT_HOME/flat_md/src/ntt.cpp
      $PROJECT_HOME/flat_md/include/ntt.h
        $PROJECT_HOME/flat_md/include/config.h
          $MGC_HOME/shared/include/ac_math.h
            $MGC_HOME/shared/include/ac_math/ac_abs.h
              $MGC_HOME/shared/include/ac_int.h
              $MGC_HOME/shared/include/ac_fixed.h
              $MGC_HOME/shared/include/ac_float.h
              $MGC_HOME/shared/include/ac_complex.h
              $MGC_HOME/shared/include/ac_math/ac_sqrt_pwl.h
                $MGC_HOME/shared/include/ac_math/ac_shift.h
                $MGC_HOME/shared/include/ac_math/ac_normalize.h
            $MGC_HOME/shared/include/ac_math/ac_arccos_cordic.h
            $MGC_HOME/shared/include/ac_math/ac_arcsin_cordic.h
            $MGC_HOME/shared/include/ac_math/ac_atan_pwl.h
              $MGC_HOME/shared/include/ac_math/ac_reciprocal_pwl.h
            $MGC_HOME/shared/include/ac_math/ac_atan_pwl_ha.h
              $MGC_HOME/shared/include/ac_math/ac_reciprocal_pwl_ha.h
            $MGC_HOME/shared/include/ac_math/ac_atan2_cordic.h
            $MGC_HOME/shared/include/ac_math/ac_div.h
            $MGC_HOME/shared/include/ac_math/ac_hcordic.h
            $MGC_HOME/shared/include/ac_math/ac_inverse_sqrt_pwl.h
            $MGC_HOME/shared/include/ac_math/ac_log_pwl.h
            $MGC_HOME/shared/include/ac_math/ac_pow_pwl.h
            $MGC_HOME/shared/include/ac_math/ac_sigmoid_pwl.h
            $MGC_HOME/shared/include/ac_math/ac_sincos_cordic.h
            $MGC_HOME/shared/include/ac_math/ac_sincos_lut.h
            $MGC_HOME/shared/include/ac_math/ac_sqrt.h
            $MGC_HOME/shared/include/ac_math/ac_tan_pwl.h
            $MGC_HOME/shared/include/ac_math/ac_tanh_pwl.h
            $MGC_HOME/shared/include/ac_math/ac_softmax_pwl.h
        $PROJECT_HOME/flat_md/include/utils.h
    $PROJECT_HOME/flat_md/src/main.cpp
    $PROJECT_HOME/flat_md/include/utils.h
    $PROJECT_HOME/flat_md/include/ntt.h
    $PROJECT_HOME/flat_md/include/config.h
      $MGC_HOME/shared/include/ac_math.h
        $MGC_HOME/shared/include/ac_math/ac_abs.h
          $MGC_HOME/shared/include/ac_int.h
          $MGC_HOME/shared/include/ac_fixed.h
          $MGC_HOME/shared/include/ac_float.h
          $MGC_HOME/shared/include/ac_complex.h
          $MGC_HOME/shared/include/ac_math/ac_sqrt_pwl.h
            $MGC_HOME/shared/include/ac_math/ac_shift.h
            $MGC_HOME/shared/include/ac_math/ac_normalize.h
        $MGC_HOME/shared/include/ac_math/ac_arccos_cordic.h
        $MGC_HOME/shared/include/ac_math/ac_arcsin_cordic.h
        $MGC_HOME/shared/include/ac_math/ac_atan_pwl.h
          $MGC_HOME/shared/include/ac_math/ac_reciprocal_pwl.h
        $MGC_HOME/shared/include/ac_math/ac_atan_pwl_ha.h
          $MGC_HOME/shared/include/ac_math/ac_reciprocal_pwl_ha.h
        $MGC_HOME/shared/include/ac_math/ac_atan2_cordic.h
        $MGC_HOME/shared/include/ac_math/ac_div.h
        $MGC_HOME/shared/include/ac_math/ac_hcordic.h
        $MGC_HOME/shared/include/ac_math/ac_inverse_sqrt_pwl.h
        $MGC_HOME/shared/include/ac_math/ac_log_pwl.h
        $MGC_HOME/shared/include/ac_math/ac_pow_pwl.h
        $MGC_HOME/shared/include/ac_math/ac_sigmoid_pwl.h
        $MGC_HOME/shared/include/ac_math/ac_sincos_cordic.h
        $MGC_HOME/shared/include/ac_math/ac_sincos_lut.h
        $MGC_HOME/shared/include/ac_math/ac_sqrt.h
        $MGC_HOME/shared/include/ac_math/ac_tan_pwl.h
        $MGC_HOME/shared/include/ac_math/ac_tanh_pwl.h
        $MGC_HOME/shared/include/ac_math/ac_softmax_pwl.h
  
  Processes/Blocks in Design
    Process        Real Operation(s) count Latency Throughput Reset Length II Comments 
    -------------- ----------------------- ------- ---------- ------------ -- --------
    /ntt_flat/core                      58 1425433    1425438            0  0          
    Design Total:                       58 1425433    1425438            0  0          
    
  Bill Of Materials (Datapath)
    Component Name                                     Area Score Area(DSP) Area(LUTs) Area(MUX_CARRYs) Delay Post Alloc Post Assign 
    -------------------------------------------------- ---------- --------- ---------- ---------------- ----- ---------- -----------
    [Lib: Xilinx_RAMS]                                                                                                               
    BLOCK_DPRAM_RBW_rwport(1,14,32,16384,16384,32,1)        0.000     0.000      0.000            0.000 2.400          1           0 
    BLOCK_DPRAM_RBW_rwport(4,14,32,16384,16384,32,1)        0.000     0.000      0.000            0.000 2.400          1           0 
    BLOCK_DPRAM_RBW_rwport(5,14,32,16384,16384,32,1)        0.000     0.000      0.000            0.000 2.400          1           0 
    BLOCK_DPRAM_RBW_rwport(6,18,32,245760,245760,32,1)      0.000     0.000      0.000            0.000 2.400          2           0 
    [Lib: ccs_ioport]                                                                                                                
    ccs_in(2,32)                                            0.000     0.000      0.000            0.000 0.000          1           1 
    ccs_in(3,32)                                            0.000     0.000      0.000            0.000 0.000          1           0 
    [Lib: mgc_Xilinx-VIRTEX-7-2_beh]                                                                                                 
    mgc_add(13,0,2,1,14)                                   13.000     0.000     13.000           12.000 1.080          1           1 
    mgc_add(14,0,2,1,15)                                   14.000     0.000     14.000           13.000 1.095          1           0 
    mgc_add(17,0,17,0,17)                                  17.000     0.000     17.000           16.000 1.140          1           1 
    mgc_add(18,0,13,0,18)                                  18.000     0.000     18.000           17.000 1.155          1           1 
    mgc_add(18,0,14,0,18)                                  18.000     0.000     18.000           17.000 1.155          1           1 
    mgc_add(32,0,32,0,32)                                  32.000     0.000     32.000           31.000 1.365          6           4 
    mgc_add(33,0,32,0,33)                                  33.000     0.000     33.000           32.000 1.380          2           2 
    mgc_add(4,0,1,1,4)                                      4.000     0.000      4.000            3.000 0.945          2           2 
    mgc_add(4,0,2,1,4)                                      4.000     0.000      4.000            3.000 0.945          1           1 
    mgc_add(4,0,4,0,4)                                      4.000     0.000      4.000            3.000 0.945          4           4 
    mgc_add(5,0,5,0,5)                                      5.000     0.000      5.000            4.000 0.960          1           1 
    mgc_and(1,2)                                            1.000     0.000      1.000            0.000 0.550          0           7 
    mgc_and(13,2)                                          13.000     0.000     13.000            0.000 0.550          0           2 
    mgc_and(14,2)                                          14.000     0.000     14.000            0.000 0.550          0           1 
    mgc_and(4,2)                                            4.000     0.000      4.000            0.000 0.550          0           1 
    mgc_mul(13,0,14,0,17)                                 608.000     1.000      0.000            0.000 3.987          1           0 
    mgc_mul(14,0,14,0,14)                                 608.000     1.000      0.000            0.000 3.871          1           0 
    mgc_mul(14,0,14,0,17)                                 608.000     1.000      0.000            0.000 3.987          0           1 
    mgc_mul(32,0,32,0,32)                                1840.000     3.000     16.000            0.000 4.768          1           1 
    mgc_mul_pipe(32,0,32,0,52,1,1,0,1,2,2)               2604.000     4.000      0.000            0.000 1.440          1           1 
    mgc_mux(13,1,2)                                        13.000     0.000     13.000            0.000 0.080          0           3 
    mgc_mux(14,1,2)                                        14.000     0.000     14.000            0.000 0.080          0           3 
    mgc_mux(18,1,2)                                        18.000     0.000     18.000            0.000 0.080          0           2 
    mgc_mux(32,1,2)                                        32.000     0.000     32.000            0.000 0.080          3           3 
    mgc_mux(4,1,2)                                          4.000     0.000      4.000            0.000 0.080          0           3 
    mgc_mux1hot(14,4)                                      25.625     0.000     25.625            0.000 1.500          0           1 
    mgc_mux1hot(32,3)                                      46.282     0.000     46.282            0.000 0.550          0           3 
    mgc_mux1hot(4,3)                                        5.785     0.000      5.785            0.000 0.550          0           1 
    mgc_nor(1,7)                                            2.000     0.000      2.000            0.000 1.500          0           1 
    mgc_not(1)                                              0.000     0.000      0.000            0.000 0.000          0          10 
    mgc_not(18)                                             0.000     0.000      0.000            0.000 0.000          0           1 
    mgc_not(32)                                             0.000     0.000      0.000            0.000 0.000          0           5 
    mgc_not(4)                                              0.000     0.000      0.000            0.000 0.000          0           2 
    mgc_or(1,2)                                             1.000     0.000      1.000            0.000 0.550          0           9 
    mgc_or(1,3)                                             1.000     0.000      1.000            0.000 0.550          0           6 
    mgc_or(1,4)                                             1.000     0.000      1.000            0.000 0.550          0           1 
    mgc_reg_pos(1,0,0,1,1,0,0)                              0.000     0.000      0.000            0.000 0.320          0           3 
    mgc_reg_pos(13,0,0,0,0,1,1)                             0.000     0.000      0.000            0.000 0.320          0           2 
    mgc_reg_pos(14,0,0,0,0,1,1)                             0.000     0.000      0.000            0.000 0.320          0           3 
    mgc_reg_pos(14,0,0,1,1,1,1)                             0.000     0.000      0.000            0.000 0.320          0           1 
    mgc_reg_pos(15,0,0,1,1,1,1)                             0.000     0.000      0.000            0.000 0.320          0           1 
    mgc_reg_pos(17,0,0,0,0,0,0)                             0.000     0.000      0.000            0.000 0.320          0           1 
    mgc_reg_pos(18,0,0,0,0,0,0)                             0.000     0.000      0.000            0.000 0.320          0           1 
    mgc_reg_pos(32,0,0,0,0,0,0)                             0.000     0.000      0.000            0.000 0.320          0           3 
    mgc_reg_pos(32,0,0,0,0,1,1)                             0.000     0.000      0.000            0.000 0.320          0           2 
    mgc_reg_pos(32,0,0,1,1,0,0)                             0.000     0.000      0.000            0.000 0.320          0           1 
    mgc_reg_pos(4,0,0,0,0,1,1)                              0.000     0.000      0.000            0.000 0.320          0           4 
    mgc_reg_pos(5,0,0,0,0,1,1)                              0.000     0.000      0.000            0.000 0.320          0           1 
    mgc_shift_l(1,0,4,14)                                  12.109     0.000     12.109            0.000 0.550          1           0 
    mgc_shift_l(13,0,4,18)                                 29.963     0.000     29.963            0.000 1.500          1           1 
    mgc_shift_r(13,0,4,13)                                 26.281     0.000     26.281            0.000 1.500          1           0 
    mgc_shift_r(15,0,4,14)                                 29.652     0.000     29.652            0.000 1.500          1           1 
    [Lib: mgc_ioport]                                                                                                                
    mgc_io_sync(0)                                          0.000     0.000      0.000            0.000 0.000          6           6 
                                                                                                                                     
    TOTAL AREA (After Assignment):                       5868.873     8.000    833.000          275.000                              
    
  Area Scores
                      Post-Scheduling   Post-DP & FSM Post-Assignment 
    ----------------- --------------- --------------- ---------------
    Total Area Score:   6225.0          6559.8          5872.9        
    Total Reg:             0.0             0.0             0.0        
                                                                      
    DataPath:           6225.0 (100%)   6555.8 (100%)   5868.9 (100%) 
      MUX:                96.0   (2%)    398.8   (6%)    395.3   (7%) 
      FUNC:             6129.0  (98%)   6097.0  (93%)   5404.6  (92%) 
      LOGIC:               0.0            60.0   (1%)     69.0   (1%) 
      BUFFER:              0.0             0.0             0.0        
      MEM:                 0.0             0.0             0.0        
      ROM:                 0.0             0.0             0.0        
      REG:                 0.0             0.0             0.0        
                                                                      
    
    FSM:                   0.0             4.0   (0%)      4.0   (0%) 
      FSM-REG:             0.0             0.0             0.0        
      FSM-COMB:            0.0             4.0 (100%)      4.0 (100%) 
                                                                      
    
  Register-to-Variable Mappings
    Register                             Size(bits) Gated Register CG Opt Done Variables                                             
    ------------------------------------ ---------- -------------- ----------- -----------------------------------------------------
    modulo_add:base.sva                          32         Y           Y      modulo_add:base.sva                                   
                                                                               mult:res.sva                                          
                                                                               mult:z:asn.itm                                        
    modulo_sub:base.sva                          32                            modulo_sub:base.sva                                   
    mult:z:mul:cmp.a                             32                            mult:z:mul:cmp.a                                      
    mult:z:mul:cmp.b                             32                            mult:z:mul:cmp.b                                      
    mult:z:mul:cmp.z.oreg                        32                            mult:z:mul:cmp.z.oreg                                 
    p.sva                                        32         Y           Y      p.sva                                                 
    INNER_LOOP:k:lshift.itm                      18                            INNER_LOOP:k:lshift.itm                               
    INNER_LOOP:idx1:mul.itm                      17                            INNER_LOOP:idx1:mul.itm                               
    for:i(14:0).sva#1                            15         Y           Y      for:i(14:0).sva#1                                     
    INNER_LOOP:j(13:0).sva#1                     14         Y           Y      INNER_LOOP:j(13:0).sva#1                              
                                                                               for:i(14:0).sva(13:0)                                 
    operator<<<33,true>:return(13:0).sva         14         Y           Y      operator<<<33,true>:return(13:0).sva                  
    operator>><20,false>:rshift.psp.sva          14         Y           Y      operator>><20,false>:rshift.psp.sva                   
    reg(butterFly:idx2(17:0)).ftd                14         Y           Y      reg(butterFly:idx2(17:0)).ftd                         
    INNER_LOOP:idx1:acc.psp.sva(12:0)            13         Y           Y      INNER_LOOP:idx1:acc.psp.sva                           
                                                                               INNER_LOOP:g:rshift.psp.sva                           
    INNER_LOOP:k(17:0).sva(12:0)                 13         Y           Y      INNER_LOOP:k(17:0).sva                                
                                                                               INNER_LOOP:j(13:0).sva(12:0)                          
    INNER_LOOP:k(17:0).sva(17:13)                 5         Y           Y      INNER_LOOP:k(17:0).sva                                
                                                                               INNER_LOOP:j(13:0).sva(12:0)                          
    STAGE_LOOP:i(3:0).sva                         4         Y           Y      STAGE_LOOP:i(3:0).sva                                 
    operator+<20,false>#1:acc.itm                 4         Y           Y      operator+<20,false>#1:acc.itm                         
    operator+<20,false>:acc.itm                   4         Y           Y      operator+<20,false>:acc.itm                           
    operator-<20,false>:acc.psp.sva               4         Y           Y      operator-<20,false>:acc.psp.sva                       
    mult:slc()(32).svs                            1                            mult:slc()(32).svs                                    
    reg(ensig.cgo).cse                            1                            reg(ensig.cgo).cse                                    
    reg(vec:rsc.triosy:obj.ld).cse                1                            reg(vec:rsc.triosy:obj.ld).cse                        
                                                                                                                                     
    Total:                                      348            182         182 (Total Gating Ratio: 0.52, CG Opt Gating Ratio: 0.52) 
    
  Timing Report
    Critical Path
      Max Delay:  5.16
      Slack:      -0.0600000000000005
      
      Path                                                                                                Startpoint                                 Endpoint                                         Delay  Slack   
      --------------------------------------------------------------------------------------------------- ------------------------------------------ ------------------------------------------------ ------ -------
      1                                                                                                   ntt_flat:core/reg(INNER_LOOP:idx1:mul)     ntt_flat/result:rsc.adra                         5.1600 -0.0600 
                                                                                                                                                                                                                     
        Instance                                                                                          Component                                                                                   Delta  Delay   
        --------                                                                                          ---------                                                                                   -----  -----   
        ntt_flat:core/reg(INNER_LOOP:idx1:mul)                                                            mgc_reg_pos_17_0_0_0_0_0_0                                                                  0.3200 0.3200  
        ntt_flat:core/INNER_LOOP:idx1:mul.itm                                                                                                                                                         0.0000 0.3200  
        ntt_flat:core/INNER_LOOP:idx1:acc                                                                 mgc_addc_17_0_17_0_17                                                                       1.1400 1.4600  
        ntt_flat:core/INNER_LOOP:idx1:acc.psp.sva:mx0w1                                                                                                                                               0.0000 1.4600  
        ntt_flat:core/INNER_LOOP:idx1:conc                                                                                                                                                            0.0000 1.4600  
        ntt_flat:core/INNER_LOOP:idx1:conc.itm                                                                                                                                                        0.0000 1.4600  
        ntt_flat:core/INNER_LOOP:idx2:acc                                                                 mgc_addc_18_0_14_0_18                                                                       1.1550 2.6150  
        ntt_flat:core/butterFly:idx2(17:0).sva:mx0w0                                                                                                                                                  0.0000 2.6150  
        ntt_flat:core/INNER_LOOP:slc(butterFly:idx2(17:0).sva:mx0w0)(17-14)#1                                                                                                                         0.0000 2.6150  
        ntt_flat:core/INNER_LOOP:slc(butterFly:idx2(17:0).sva:mx0w0)(17-14)#1.itm                                                                                                                     0.0000 2.6150  
        ntt_flat:core/butterFly:f2:acc                                                                    mgc_addc_4_0_4_0_4                                                                          0.9450 3.5600  
        ntt_flat:core/butterFly:f2:acc.itm                                                                                                                                                            0.0000 3.5600  
        ntt_flat:core/for:mux1h                                                                           mgc_mux1hot_4_3                                                                             0.5500 4.1100  
        ntt_flat:core/for:mux1h.itm                                                                                                                                                                   0.0000 4.1100  
        ntt_flat:core/for:and#4                                                                           mgc_and_4_2                                                                                 0.5500 4.6600  
        ntt_flat:core/for:and#4.itm                                                                                                                                                                   0.0000 4.6600  
        ntt_flat:core/for:conc                                                                                                                                                                        0.0000 4.6600  
        ntt_flat:core/result:rsci.adra_d                                                                                                                                                              0.0000 4.6600  
        ntt_flat/result:rsci.adra_d                                                                                                                                                                   0.0000 4.6600  
        ntt_flat:Xilinx_RAMS.BLOCK_DPRAM_RBW_rwport(6,18,32,245760,245760,32,1)gen/adra_d                                                                                                             0.0000 4.6600  
        ntt_flat:Xilinx_RAMS.BLOCK_DPRAM_RBW_rwport(6,18,32,245760,245760,32,1)gen/for:slc(adra_d)(17-0)                                                                                              0.0000 4.6600  
        ntt_flat:Xilinx_RAMS.BLOCK_DPRAM_RBW_rwport(6,18,32,245760,245760,32,1)gen/for:asn(adra)                                                                                                      0.0000 4.6600  
        ntt_flat:Xilinx_RAMS.BLOCK_DPRAM_RBW_rwport(6,18,32,245760,245760,32,1)gen/adra                                                                                                               0.0000 4.6600  
        ntt_flat/result:rsc.adra                                                                                                                                                                      0.5000 5.1600  
                                                                                                                                                                                                                     
      2                                                                                                   ntt_flat:core/reg(INNER_LOOP:idx1:mul)     ntt_flat/result:rsc.adrb                         5.1600 -0.0600 
                                                                                                                                                                                                                     
        Instance                                                                                          Component                                                                                   Delta  Delay   
        --------                                                                                          ---------                                                                                   -----  -----   
        ntt_flat:core/reg(INNER_LOOP:idx1:mul)                                                            mgc_reg_pos_17_0_0_0_0_0_0                                                                  0.3200 0.3200  
        ntt_flat:core/INNER_LOOP:idx1:mul.itm                                                                                                                                                         0.0000 0.3200  
        ntt_flat:core/INNER_LOOP:idx1:acc                                                                 mgc_addc_17_0_17_0_17                                                                       1.1400 1.4600  
        ntt_flat:core/INNER_LOOP:idx1:acc.psp.sva:mx0w1                                                                                                                                               0.0000 1.4600  
        ntt_flat:core/INNER_LOOP:idx1:conc                                                                                                                                                            0.0000 1.4600  
        ntt_flat:core/INNER_LOOP:idx1:conc.itm                                                                                                                                                        0.0000 1.4600  
        ntt_flat:core/INNER_LOOP:idx2:acc                                                                 mgc_addc_18_0_14_0_18                                                                       1.1550 2.6150  
        ntt_flat:core/butterFly:idx2(17:0).sva:mx0w0                                                                                                                                                  0.0000 2.6150  
        ntt_flat:core/INNER_LOOP:slc(butterFly:idx2(17:0).sva:mx0w0)(17-14)#1                                                                                                                         0.0000 2.6150  
        ntt_flat:core/INNER_LOOP:slc(butterFly:idx2(17:0).sva:mx0w0)(17-14)#1.itm                                                                                                                     0.0000 2.6150  
        ntt_flat:core/butterFly:f2:acc                                                                    mgc_addc_4_0_4_0_4                                                                          0.9450 3.5600  
        ntt_flat:core/butterFly:f2:acc.itm                                                                                                                                                            0.0000 3.5600  
        ntt_flat:core/for:mux1h                                                                           mgc_mux1hot_4_3                                                                             0.5500 4.1100  
        ntt_flat:core/for:mux1h.itm                                                                                                                                                                   0.0000 4.1100  
        ntt_flat:core/for:and#4                                                                           mgc_and_4_2                                                                                 0.5500 4.6600  
        ntt_flat:core/for:and#4.itm                                                                                                                                                                   0.0000 4.6600  
        ntt_flat:core/for:conc                                                                                                                                                                        0.0000 4.6600  
        ntt_flat:core/result:rsci.adra_d                                                                                                                                                              0.0000 4.6600  
        ntt_flat/result:rsci.adra_d                                                                                                                                                                   0.0000 4.6600  
        ntt_flat:Xilinx_RAMS.BLOCK_DPRAM_RBW_rwport(6,18,32,245760,245760,32,1)gen/adra_d                                                                                                             0.0000 4.6600  
        ntt_flat:Xilinx_RAMS.BLOCK_DPRAM_RBW_rwport(6,18,32,245760,245760,32,1)gen/for:slc(adra_d)(35-18)                                                                                             0.0000 4.6600  
        ntt_flat:Xilinx_RAMS.BLOCK_DPRAM_RBW_rwport(6,18,32,245760,245760,32,1)gen/for:asn(adrb)                                                                                                      0.0000 4.6600  
        ntt_flat:Xilinx_RAMS.BLOCK_DPRAM_RBW_rwport(6,18,32,245760,245760,32,1)gen/adrb                                                                                                               0.0000 4.6600  
        ntt_flat/result:rsc.adrb                                                                                                                                                                      0.5000 5.1600  
                                                                                                                                                                                                                     
      3                                                                                                   ntt_flat:core/reg(INNER_LOOP:k(17:0))      ntt_flat/result:rsc.adrb                         5.1600 -0.0600 
                                                                                                                                                                                                                     
        Instance                                                                                          Component                                                                                   Delta  Delay   
        --------                                                                                          ---------                                                                                   -----  -----   
        ntt_flat:core/reg(INNER_LOOP:k(17:0))                                                             mgc_reg_pos_5_0_0_0_0_1_1                                                                   0.3200 0.3200  
        ntt_flat:core/INNER_LOOP:k(17:0).sva(17:13)                                                                                                                                                   0.0000 0.3200  
        ntt_flat:core/INNER_LOOP:k:conc#6                                                                                                                                                             0.0000 0.3200  
        ntt_flat:core/INNER_LOOP:k:conc#6.itm                                                                                                                                                         0.0000 0.3200  
        ntt_flat:core/INNER_LOOP:idx1:acc                                                                 mgc_addc_17_0_17_0_17                                                                       1.1400 1.4600  
        ntt_flat:core/INNER_LOOP:idx1:acc.psp.sva:mx0w1                                                                                                                                               0.0000 1.4600  
        ntt_flat:core/INNER_LOOP:idx1:conc                                                                                                                                                            0.0000 1.4600  
        ntt_flat:core/INNER_LOOP:idx1:conc.itm                                                                                                                                                        0.0000 1.4600  
        ntt_flat:core/INNER_LOOP:idx2:acc                                                                 mgc_addc_18_0_14_0_18                                                                       1.1550 2.6150  
        ntt_flat:core/butterFly:idx2(17:0).sva:mx0w0                                                                                                                                                  0.0000 2.6150  
        ntt_flat:core/INNER_LOOP:slc(butterFly:idx2(17:0).sva:mx0w0)(17-14)#1                                                                                                                         0.0000 2.6150  
        ntt_flat:core/INNER_LOOP:slc(butterFly:idx2(17:0).sva:mx0w0)(17-14)#1.itm                                                                                                                     0.0000 2.6150  
        ntt_flat:core/butterFly:f2:acc                                                                    mgc_addc_4_0_4_0_4                                                                          0.9450 3.5600  
        ntt_flat:core/butterFly:f2:acc.itm                                                                                                                                                            0.0000 3.5600  
        ntt_flat:core/for:mux1h                                                                           mgc_mux1hot_4_3                                                                             0.5500 4.1100  
        ntt_flat:core/for:mux1h.itm                                                                                                                                                                   0.0000 4.1100  
        ntt_flat:core/for:and#4                                                                           mgc_and_4_2                                                                                 0.5500 4.6600  
        ntt_flat:core/for:and#4.itm                                                                                                                                                                   0.0000 4.6600  
        ntt_flat:core/for:conc                                                                                                                                                                        0.0000 4.6600  
        ntt_flat:core/result:rsci.adra_d                                                                                                                                                              0.0000 4.6600  
        ntt_flat/result:rsci.adra_d                                                                                                                                                                   0.0000 4.6600  
        ntt_flat:Xilinx_RAMS.BLOCK_DPRAM_RBW_rwport(6,18,32,245760,245760,32,1)gen/adra_d                                                                                                             0.0000 4.6600  
        ntt_flat:Xilinx_RAMS.BLOCK_DPRAM_RBW_rwport(6,18,32,245760,245760,32,1)gen/for:slc(adra_d)(35-18)                                                                                             0.0000 4.6600  
        ntt_flat:Xilinx_RAMS.BLOCK_DPRAM_RBW_rwport(6,18,32,245760,245760,32,1)gen/for:asn(adrb)                                                                                                      0.0000 4.6600  
        ntt_flat:Xilinx_RAMS.BLOCK_DPRAM_RBW_rwport(6,18,32,245760,245760,32,1)gen/adrb                                                                                                               0.0000 4.6600  
        ntt_flat/result:rsc.adrb                                                                                                                                                                      0.5000 5.1600  
                                                                                                                                                                                                                     
      4                                                                                                   ntt_flat:core/reg(INNER_LOOP:k(17:0))#1    ntt_flat/result:rsc.adrb                         5.1600 -0.0600 
                                                                                                                                                                                                                     
        Instance                                                                                          Component                                                                                   Delta  Delay   
        --------                                                                                          ---------                                                                                   -----  -----   
        ntt_flat:core/reg(INNER_LOOP:k(17:0))#1                                                           mgc_reg_pos_13_0_0_0_0_1_1                                                                  0.3200 0.3200  
        ntt_flat:core/INNER_LOOP:k(17:0).sva(12:0)                                                                                                                                                    0.0000 0.3200  
        ntt_flat:core/INNER_LOOP:k:slc(INNER_LOOP:k(17:0).sva(12:0))(12-1)                                                                                                                            0.0000 0.3200  
        ntt_flat:core/INNER_LOOP:k:slc(INNER_LOOP:k(17:0).sva(12:0))(12-1).itm                                                                                                                        0.0000 0.3200  
        ntt_flat:core/INNER_LOOP:k:conc#6                                                                                                                                                             0.0000 0.3200  
        ntt_flat:core/INNER_LOOP:k:conc#6.itm                                                                                                                                                         0.0000 0.3200  
        ntt_flat:core/INNER_LOOP:idx1:acc                                                                 mgc_addc_17_0_17_0_17                                                                       1.1400 1.4600  
        ntt_flat:core/INNER_LOOP:idx1:acc.psp.sva:mx0w1                                                                                                                                               0.0000 1.4600  
        ntt_flat:core/INNER_LOOP:idx1:conc                                                                                                                                                            0.0000 1.4600  
        ntt_flat:core/INNER_LOOP:idx1:conc.itm                                                                                                                                                        0.0000 1.4600  
        ntt_flat:core/INNER_LOOP:idx2:acc                                                                 mgc_addc_18_0_14_0_18                                                                       1.1550 2.6150  
        ntt_flat:core/butterFly:idx2(17:0).sva:mx0w0                                                                                                                                                  0.0000 2.6150  
        ntt_flat:core/INNER_LOOP:slc(butterFly:idx2(17:0).sva:mx0w0)(17-14)#1                                                                                                                         0.0000 2.6150  
        ntt_flat:core/INNER_LOOP:slc(butterFly:idx2(17:0).sva:mx0w0)(17-14)#1.itm                                                                                                                     0.0000 2.6150  
        ntt_flat:core/butterFly:f2:acc                                                                    mgc_addc_4_0_4_0_4                                                                          0.9450 3.5600  
        ntt_flat:core/butterFly:f2:acc.itm                                                                                                                                                            0.0000 3.5600  
        ntt_flat:core/for:mux1h                                                                           mgc_mux1hot_4_3                                                                             0.5500 4.1100  
        ntt_flat:core/for:mux1h.itm                                                                                                                                                                   0.0000 4.1100  
        ntt_flat:core/for:and#4                                                                           mgc_and_4_2                                                                                 0.5500 4.6600  
        ntt_flat:core/for:and#4.itm                                                                                                                                                                   0.0000 4.6600  
        ntt_flat:core/for:conc                                                                                                                                                                        0.0000 4.6600  
        ntt_flat:core/result:rsci.adra_d                                                                                                                                                              0.0000 4.6600  
        ntt_flat/result:rsci.adra_d                                                                                                                                                                   0.0000 4.6600  
        ntt_flat:Xilinx_RAMS.BLOCK_DPRAM_RBW_rwport(6,18,32,245760,245760,32,1)gen/adra_d                                                                                                             0.0000 4.6600  
        ntt_flat:Xilinx_RAMS.BLOCK_DPRAM_RBW_rwport(6,18,32,245760,245760,32,1)gen/for:slc(adra_d)(35-18)                                                                                             0.0000 4.6600  
        ntt_flat:Xilinx_RAMS.BLOCK_DPRAM_RBW_rwport(6,18,32,245760,245760,32,1)gen/for:asn(adrb)                                                                                                      0.0000 4.6600  
        ntt_flat:Xilinx_RAMS.BLOCK_DPRAM_RBW_rwport(6,18,32,245760,245760,32,1)gen/adrb                                                                                                               0.0000 4.6600  
        ntt_flat/result:rsc.adrb                                                                                                                                                                      0.5000 5.1600  
                                                                                                                                                                                                                     
      5                                                                                                   ntt_flat:core/reg(mult:z:mul:cmp.a)        ntt_flat:core:wait_dp/reg(mult:z:mul:cmp.z.oreg) 5.0875 0.0125  
                                                                                                                                                                                                                     
        Instance                                                                                          Component                                                                                   Delta  Delay   
        --------                                                                                          ---------                                                                                   -----  -----   
        ntt_flat:core/reg(mult:z:mul:cmp.a)                                                               mgc_reg_pos_32_0_0_0_0_0_0                                                                  0.3200 0.3200  
        ntt_flat:core/mult:z:mul:cmp.a                                                                                                                                                                0.0000 0.3200  
        ntt_flat/mult:z:mul:cmp.a                                                                                                                                                                     0.0000 0.3200  
        ntt_flat/mult:z:mul:cmp                                                                           mgc_mul_32_0_32_0_32                                                                        4.7675 5.0875  
        ntt_flat/mult:z:mul:cmp.z                                                                                                                                                                     0.0000 5.0875  
        ntt_flat:core/mult:z:mul:cmp.z                                                                                                                                                                0.0000 5.0875  
        ntt_flat:core:wait_dp/mult:z:mul:cmp.z                                                                                                                                                        0.0000 5.0875  
        ntt_flat:core:wait_dp/reg(mult:z:mul:cmp.z.oreg)                                                  mgc_reg_pos_32_0_0_0_0_0_0                                                                  0.0000 5.0875  
                                                                                                                                                                                                                     
      6                                                                                                   ntt_flat:core/reg(mult:z:mul:cmp.b)        ntt_flat:core:wait_dp/reg(mult:z:mul:cmp.z.oreg) 5.0875 0.0125  
                                                                                                                                                                                                                     
        Instance                                                                                          Component                                                                                   Delta  Delay   
        --------                                                                                          ---------                                                                                   -----  -----   
        ntt_flat:core/reg(mult:z:mul:cmp.b)                                                               mgc_reg_pos_32_0_0_0_0_0_0                                                                  0.3200 0.3200  
        ntt_flat:core/mult:z:mul:cmp.b                                                                                                                                                                0.0000 0.3200  
        ntt_flat/mult:z:mul:cmp.b                                                                                                                                                                     0.0000 0.3200  
        ntt_flat/mult:z:mul:cmp                                                                           mgc_mul_32_0_32_0_32                                                                        4.7675 5.0875  
        ntt_flat/mult:z:mul:cmp.z                                                                                                                                                                     0.0000 5.0875  
        ntt_flat:core/mult:z:mul:cmp.z                                                                                                                                                                0.0000 5.0875  
        ntt_flat:core:wait_dp/mult:z:mul:cmp.z                                                                                                                                                        0.0000 5.0875  
        ntt_flat:core:wait_dp/reg(mult:z:mul:cmp.z.oreg)                                                  mgc_reg_pos_32_0_0_0_0_0_0                                                                  0.0000 5.0875  
                                                                                                                                                                                                                     
      7                                                                                                   ntt_flat:core/reg(INNER_LOOP:idx1:mul)     ntt_flat/result:rsc.adrb                         4.6150 0.4850  
                                                                                                                                                                                                                     
        Instance                                                                                          Component                                                                                   Delta  Delay   
        --------                                                                                          ---------                                                                                   -----  -----   
        ntt_flat:core/reg(INNER_LOOP:idx1:mul)                                                            mgc_reg_pos_17_0_0_0_0_0_0                                                                  0.3200 0.3200  
        ntt_flat:core/INNER_LOOP:idx1:mul.itm                                                                                                                                                         0.0000 0.3200  
        ntt_flat:core/INNER_LOOP:idx1:acc                                                                 mgc_addc_17_0_17_0_17                                                                       1.1400 1.4600  
        ntt_flat:core/INNER_LOOP:idx1:acc.psp.sva:mx0w1                                                                                                                                               0.0000 1.4600  
        ntt_flat:core/INNER_LOOP:idx1:conc                                                                                                                                                            0.0000 1.4600  
        ntt_flat:core/INNER_LOOP:idx1:conc.itm                                                                                                                                                        0.0000 1.4600  
        ntt_flat:core/INNER_LOOP:idx2:acc                                                                 mgc_addc_18_0_14_0_18                                                                       1.1550 2.6150  
        ntt_flat:core/butterFly:idx2(17:0).sva:mx0w0                                                                                                                                                  0.0000 2.6150  
        ntt_flat:core/INNER_LOOP:slc(butterFly:idx2(17:0).sva:mx0w0)(13-0)                                                                                                                            0.0000 2.6150  
        ntt_flat:core/INNER_LOOP:slc(butterFly:idx2(17:0).sva:mx0w0)(13-0).itm                                                                                                                        0.0000 2.6150  
        ntt_flat:core/for:mux1h#2                                                                         mgc_mux1hot_14_4                                                                            1.5000 4.1150  
        ntt_flat:core/for:mux1h#2.itm                                                                                                                                                                 0.0000 4.1150  
        ntt_flat:core/for:conc                                                                                                                                                                        0.0000 4.1150  
        ntt_flat:core/result:rsci.adra_d                                                                                                                                                              0.0000 4.1150  
        ntt_flat/result:rsci.adra_d                                                                                                                                                                   0.0000 4.1150  
        ntt_flat:Xilinx_RAMS.BLOCK_DPRAM_RBW_rwport(6,18,32,245760,245760,32,1)gen/adra_d                                                                                                             0.0000 4.1150  
        ntt_flat:Xilinx_RAMS.BLOCK_DPRAM_RBW_rwport(6,18,32,245760,245760,32,1)gen/for:slc(adra_d)(35-18)                                                                                             0.0000 4.1150  
        ntt_flat:Xilinx_RAMS.BLOCK_DPRAM_RBW_rwport(6,18,32,245760,245760,32,1)gen/for:asn(adrb)                                                                                                      0.0000 4.1150  
        ntt_flat:Xilinx_RAMS.BLOCK_DPRAM_RBW_rwport(6,18,32,245760,245760,32,1)gen/adrb                                                                                                               0.0000 4.1150  
        ntt_flat/result:rsc.adrb                                                                                                                                                                      0.5000 4.6150  
                                                                                                                                                                                                                     
      8                                                                                                   ntt_flat:core/reg(INNER_LOOP:k(17:0))      ntt_flat/result:rsc.adrb                         4.6150 0.4850  
                                                                                                                                                                                                                     
        Instance                                                                                          Component                                                                                   Delta  Delay   
        --------                                                                                          ---------                                                                                   -----  -----   
        ntt_flat:core/reg(INNER_LOOP:k(17:0))                                                             mgc_reg_pos_5_0_0_0_0_1_1                                                                   0.3200 0.3200  
        ntt_flat:core/INNER_LOOP:k(17:0).sva(17:13)                                                                                                                                                   0.0000 0.3200  
        ntt_flat:core/INNER_LOOP:k:conc#6                                                                                                                                                             0.0000 0.3200  
        ntt_flat:core/INNER_LOOP:k:conc#6.itm                                                                                                                                                         0.0000 0.3200  
        ntt_flat:core/INNER_LOOP:idx1:acc                                                                 mgc_addc_17_0_17_0_17                                                                       1.1400 1.4600  
        ntt_flat:core/INNER_LOOP:idx1:acc.psp.sva:mx0w1                                                                                                                                               0.0000 1.4600  
        ntt_flat:core/INNER_LOOP:idx1:conc                                                                                                                                                            0.0000 1.4600  
        ntt_flat:core/INNER_LOOP:idx1:conc.itm                                                                                                                                                        0.0000 1.4600  
        ntt_flat:core/INNER_LOOP:idx2:acc                                                                 mgc_addc_18_0_14_0_18                                                                       1.1550 2.6150  
        ntt_flat:core/butterFly:idx2(17:0).sva:mx0w0                                                                                                                                                  0.0000 2.6150  
        ntt_flat:core/INNER_LOOP:slc(butterFly:idx2(17:0).sva:mx0w0)(13-0)                                                                                                                            0.0000 2.6150  
        ntt_flat:core/INNER_LOOP:slc(butterFly:idx2(17:0).sva:mx0w0)(13-0).itm                                                                                                                        0.0000 2.6150  
        ntt_flat:core/for:mux1h#2                                                                         mgc_mux1hot_14_4                                                                            1.5000 4.1150  
        ntt_flat:core/for:mux1h#2.itm                                                                                                                                                                 0.0000 4.1150  
        ntt_flat:core/for:conc                                                                                                                                                                        0.0000 4.1150  
        ntt_flat:core/result:rsci.adra_d                                                                                                                                                              0.0000 4.1150  
        ntt_flat/result:rsci.adra_d                                                                                                                                                                   0.0000 4.1150  
        ntt_flat:Xilinx_RAMS.BLOCK_DPRAM_RBW_rwport(6,18,32,245760,245760,32,1)gen/adra_d                                                                                                             0.0000 4.1150  
        ntt_flat:Xilinx_RAMS.BLOCK_DPRAM_RBW_rwport(6,18,32,245760,245760,32,1)gen/for:slc(adra_d)(35-18)                                                                                             0.0000 4.1150  
        ntt_flat:Xilinx_RAMS.BLOCK_DPRAM_RBW_rwport(6,18,32,245760,245760,32,1)gen/for:asn(adrb)                                                                                                      0.0000 4.1150  
        ntt_flat:Xilinx_RAMS.BLOCK_DPRAM_RBW_rwport(6,18,32,245760,245760,32,1)gen/adrb                                                                                                               0.0000 4.1150  
        ntt_flat/result:rsc.adrb                                                                                                                                                                      0.5000 4.6150  
                                                                                                                                                                                                                     
      9                                                                                                   ntt_flat:core/reg(INNER_LOOP:k(17:0))#1    ntt_flat/result:rsc.adrb                         4.6150 0.4850  
                                                                                                                                                                                                                     
        Instance                                                                                          Component                                                                                   Delta  Delay   
        --------                                                                                          ---------                                                                                   -----  -----   
        ntt_flat:core/reg(INNER_LOOP:k(17:0))#1                                                           mgc_reg_pos_13_0_0_0_0_1_1                                                                  0.3200 0.3200  
        ntt_flat:core/INNER_LOOP:k(17:0).sva(12:0)                                                                                                                                                    0.0000 0.3200  
        ntt_flat:core/INNER_LOOP:k:slc(INNER_LOOP:k(17:0).sva(12:0))(12-1)                                                                                                                            0.0000 0.3200  
        ntt_flat:core/INNER_LOOP:k:slc(INNER_LOOP:k(17:0).sva(12:0))(12-1).itm                                                                                                                        0.0000 0.3200  
        ntt_flat:core/INNER_LOOP:k:conc#6                                                                                                                                                             0.0000 0.3200  
        ntt_flat:core/INNER_LOOP:k:conc#6.itm                                                                                                                                                         0.0000 0.3200  
        ntt_flat:core/INNER_LOOP:idx1:acc                                                                 mgc_addc_17_0_17_0_17                                                                       1.1400 1.4600  
        ntt_flat:core/INNER_LOOP:idx1:acc.psp.sva:mx0w1                                                                                                                                               0.0000 1.4600  
        ntt_flat:core/INNER_LOOP:idx1:conc                                                                                                                                                            0.0000 1.4600  
        ntt_flat:core/INNER_LOOP:idx1:conc.itm                                                                                                                                                        0.0000 1.4600  
        ntt_flat:core/INNER_LOOP:idx2:acc                                                                 mgc_addc_18_0_14_0_18                                                                       1.1550 2.6150  
        ntt_flat:core/butterFly:idx2(17:0).sva:mx0w0                                                                                                                                                  0.0000 2.6150  
        ntt_flat:core/INNER_LOOP:slc(butterFly:idx2(17:0).sva:mx0w0)(13-0)                                                                                                                            0.0000 2.6150  
        ntt_flat:core/INNER_LOOP:slc(butterFly:idx2(17:0).sva:mx0w0)(13-0).itm                                                                                                                        0.0000 2.6150  
        ntt_flat:core/for:mux1h#2                                                                         mgc_mux1hot_14_4                                                                            1.5000 4.1150  
        ntt_flat:core/for:mux1h#2.itm                                                                                                                                                                 0.0000 4.1150  
        ntt_flat:core/for:conc                                                                                                                                                                        0.0000 4.1150  
        ntt_flat:core/result:rsci.adra_d                                                                                                                                                              0.0000 4.1150  
        ntt_flat/result:rsci.adra_d                                                                                                                                                                   0.0000 4.1150  
        ntt_flat:Xilinx_RAMS.BLOCK_DPRAM_RBW_rwport(6,18,32,245760,245760,32,1)gen/adra_d                                                                                                             0.0000 4.1150  
        ntt_flat:Xilinx_RAMS.BLOCK_DPRAM_RBW_rwport(6,18,32,245760,245760,32,1)gen/for:slc(adra_d)(35-18)                                                                                             0.0000 4.1150  
        ntt_flat:Xilinx_RAMS.BLOCK_DPRAM_RBW_rwport(6,18,32,245760,245760,32,1)gen/for:asn(adrb)                                                                                                      0.0000 4.1150  
        ntt_flat:Xilinx_RAMS.BLOCK_DPRAM_RBW_rwport(6,18,32,245760,245760,32,1)gen/adrb                                                                                                               0.0000 4.1150  
        ntt_flat/result:rsc.adrb                                                                                                                                                                      0.5000 4.6150  
                                                                                                                                                                                                                     
      10                                                                                                  ntt_flat:core/reg(INNER_LOOP:idx1:acc.psp) ntt_flat:core/reg(INNER_LOOP:idx1:mul)           4.3866 0.7134  
                                                                                                                                                                                                                     
        Instance                                                                                          Component                                                                                   Delta  Delay   
        --------                                                                                          ---------                                                                                   -----  -----   
        ntt_flat:core/reg(INNER_LOOP:idx1:acc.psp)                                                        mgc_reg_pos_13_0_0_0_0_1_1                                                                  0.3200 0.3200  
        ntt_flat:core/INNER_LOOP:idx1:acc.psp.sva(12:0)                                                                                                                                               0.0000 0.3200  
        ntt_flat:core/conc#10                                                                                                                                                                         0.0000 0.3200  
        ntt_flat:core/conc#10.itm                                                                                                                                                                     0.0000 0.3200  
        ntt_flat:core/INNER_LOOP:idx1:mux                                                                 mgc_mux_14_1_2                                                                              0.0800 0.4000  
        ntt_flat:core/INNER_LOOP:idx1:mux.itm                                                                                                                                                         0.0000 0.4000  
        ntt_flat:core/INNER_LOOP:idx1:mul:rg                                                              mgc_mul_14_0_14_0_17                                                                        3.9866 4.3866  
        ntt_flat:core/z.out#3                                                                                                                                                                         0.0000 4.3866  
        ntt_flat:core/reg(INNER_LOOP:idx1:mul)                                                            mgc_reg_pos_17_0_0_0_0_0_0                                                                  0.0000 4.3866  
                                                                                                                                                                                                                     
      
    Register Input and Register-to-Output Slack
      Clock period or pin-to-reg delay constraint (clk): 5.1
      Clock uncertainty constraint (clk)               : 0.0
      
      Instance                                            Port                                                         Slack (Delay) Messages                
      --------------------------------------------------- ---------------------------------------------------------- ------- ------- -----------------------
      ntt_flat:core/reg(p)                                p:rsci.idat                                                 5.1000  0.0000                         
      ntt_flat:core/reg(vec:rsc.triosy:obj.ld)            and#54.itm                                                  2.3250  2.7750                         
      ntt_flat:core/reg(ensig.cgo)                        or#26.rmff                                                  3.4630  1.6370                         
      ntt_flat:core/reg(mult:z:mul:cmp.a)                 modulo_sub:qelse:mux1h.itm                                  2.8650  2.2350                         
      ntt_flat:core/reg(mult:z:mul:cmp.b)                 mult:z:mux.itm                                              2.6200  2.4800                         
      ntt_flat:core/reg(INNER_LOOP:j(13:0))               for:i:for:i:and.itm                                         3.0700  2.0300                         
      ntt_flat:core/reg(for:i(14:0))                      for:slc(z.out)(14-0).itm                                    3.3950  1.7050                         
      ntt_flat:core/reg(STAGE_LOOP:i(3:0))                STAGE_LOOP:i:STAGE_LOOP:i:mux.itm                           3.7550  1.3450                         
      ntt_flat:core/reg(operator<<<33,true>:return(13:0)) operator<<<33,true>:slc(z.out#1)(13-0).itm                  1.1500  3.9500                         
      ntt_flat:core/reg(operator>><20,false>:rshift.psp)  z.out#2                                                     1.1500  3.9500                         
      ntt_flat:core/reg(operator-<20,false>:acc.psp)      operator-<20,false>:acc.itm                                 3.8350  1.2650                         
      ntt_flat:core/reg(INNER_LOOP:k(17:0))               slc(INNER_LOOP:k:INNER_LOOP:k:mux.rgt)(17-13).itm           3.3150  1.7850                         
      ntt_flat:core/reg(INNER_LOOP:k(17:0))#1             slc(INNER_LOOP:k:INNER_LOOP:k:mux.rgt)(12-0).itm            3.3150  1.7850                         
      ntt_flat:core/reg(INNER_LOOP:k:lshift)              z.out#1                                                     1.1500  3.9500                         
      ntt_flat:core/reg(INNER_LOOP:idx1:acc.psp)          INNER_LOOP:idx1:INNER_LOOP:idx1:mux.itm                     2.6500  2.4500                         
      ntt_flat:core/reg(INNER_LOOP:idx1:mul)              z.out#3                                                     0.7134  4.3866                         
      ntt_flat:core/reg(operator+<20,false>#1:acc)        operator+<20,false>#1:acc.itm#2                             1.5400  3.5600                         
      ntt_flat:core/reg(butterFly:idx2(17:0))             INNER_LOOP:slc(butterFly:idx2(17:0).sva:mx0w0)(13-0)#1.itm  2.4850  2.6150                         
      ntt_flat:core/reg(operator+<20,false>:acc)          operator+<20,false>:acc.itm#2                               2.6950  2.4050                         
      ntt_flat:core/reg(modulo_add:base)                  butterFly:mux1h.itm                                         0.7850  4.3150                         
      ntt_flat:core/reg(modulo_sub:base)                  butterFly:acc#3.itm                                         1.3350  3.7650                         
      ntt_flat:core/reg(mult:slc()(32).svs)               mult:if:slc(mult:if:acc#1)(32).itm                          1.7250  3.3750                         
      ntt_flat:core:wait_dp/reg(mult:z:mul:cmp.z.oreg)    mult:z:mul:cmp.z                                            0.0125  5.0875                         
      ntt_flat                                            vec:rsc.adra                                                4.2800  0.8200                         
      ntt_flat                                            vec:rsc.da                                                  4.6000  0.5000                         
      ntt_flat                                            vec:rsc.wea                                                 4.6000  0.5000                         
      ntt_flat                                            vec:rsc.adrb                                                4.2800  0.8200                         
      ntt_flat                                            vec:rsc.db                                                  4.6000  0.5000                         
      ntt_flat                                            vec:rsc.web                                                 4.6000  0.5000                         
      ntt_flat                                            vec:rsc.triosy.lz                                           4.7800  0.3200                         
      ntt_flat                                            p:rsc.triosy.lz                                             4.7800  0.3200                         
      ntt_flat                                            r:rsc.triosy.lz                                             4.7800  0.3200                         
      ntt_flat                                            twiddle:rsc.adra                                            4.2800  0.8200                         
      ntt_flat                                            twiddle:rsc.da                                              4.6000  0.5000                         
      ntt_flat                                            twiddle:rsc.wea                                             4.6000  0.5000                         
      ntt_flat                                            twiddle:rsc.adrb                                            4.2800  0.8200                         
      ntt_flat                                            twiddle:rsc.db                                              4.6000  0.5000                         
      ntt_flat                                            twiddle:rsc.web                                             4.6000  0.5000                         
      ntt_flat                                            twiddle:rsc.triosy.lz                                       4.7800  0.3200                         
      ntt_flat                                            twiddle_h:rsc.adra                                          4.2800  0.8200                         
      ntt_flat                                            twiddle_h:rsc.da                                            4.6000  0.5000                         
      ntt_flat                                            twiddle_h:rsc.wea                                           4.6000  0.5000                         
      ntt_flat                                            twiddle_h:rsc.adrb                                          4.2800  0.8200                         
      ntt_flat                                            twiddle_h:rsc.db                                            4.6000  0.5000                         
      ntt_flat                                            twiddle_h:rsc.web                                           4.6000  0.5000                         
      ntt_flat                                            twiddle_h:rsc.triosy.lz                                     4.7800  0.3200                         
      ntt_flat                                            result:rsc.adra                                            -0.0600  5.1600 (clock period exceeded) 
      ntt_flat                                            result:rsc.da                                               1.6500  3.4500                         
      ntt_flat                                            result:rsc.wea                                              4.0500  1.0500                         
      ntt_flat                                            result:rsc.adrb                                            -0.0600  5.1600 (clock period exceeded) 
      ntt_flat                                            result:rsc.db                                               1.6500  3.4500                         
      ntt_flat                                            result:rsc.web                                              4.0500  1.0500                         
      ntt_flat                                            result:rsc.triosy.lz                                        4.7800  0.3200                         
      
  Operator Bitwidth Summary
    Operation Size (bits) Count 
    --------- ----------- -----
    add                         
    -                   5     1 
    -                   4     7 
    -                  33     2 
    -                  32     4 
    -                  18     2 
    -                  17     1 
    -                  14     1 
    and                         
    -                   4     1 
    -                  14     1 
    -                  13     2 
    -                   1     7 
    lshift                      
    -                  18     1 
    mul                         
    -                  52     1 
    -                  32     1 
    -                  17     1 
    mux                         
    -                   4     3 
    -                  32     3 
    -                  18     2 
    -                  14     3 
    -                  13     3 
    mux1h                       
    -                   4     1 
    -                  32     3 
    -                  14     1 
    nor                         
    -                   1     1 
    not                         
    -                   4     2 
    -                  32     5 
    -                  18     1 
    -                   1    10 
    or                          
    -                   1    16 
    read_port                   
    -                  32     1 
    read_sync                   
    -                   0     6 
    reg                         
    -                   5     1 
    -                   4     4 
    -                  32     6 
    -                  18     1 
    -                  17     1 
    -                  15     1 
    -                  14     4 
    -                  13     2 
    -                   1     3 
    rshift                      
    -                  14     1 
    
  End of Report
