-- Catapult Ultra Synthesis: Report                                              
-- ------------------------- ---------------------------------------------------
-- Version:                  10.5c/896140 Production Release                     
-- Build Date:               Sun Sep  6 22:45:38 PDT 2020                        
                                                                                 
-- Generated by:             jd4691@newnano.poly.edu                             
-- Generated date:           Thu Sep 09 23:09:56 EDT 2021                        

Solution Settings: ntt_flat.v4
  Current state: schedule
  Project: Catapult_1
  
  Design Input Files Specified
    $PROJECT_HOME/src/ntt.cpp
      $PROJECT_HOME/include/ntt.h
        $PROJECT_HOME/include/config.h
          $MGC_HOME/shared/include/ac_math.h
            $MGC_HOME/shared/include/ac_math/ac_abs.h
              $MGC_HOME/shared/include/ac_int.h
              $MGC_HOME/shared/include/ac_fixed.h
              $MGC_HOME/shared/include/ac_float.h
              $MGC_HOME/shared/include/ac_complex.h
              $MGC_HOME/shared/include/ac_math/ac_sqrt_pwl.h
                $MGC_HOME/shared/include/ac_math/ac_shift.h
                $MGC_HOME/shared/include/ac_math/ac_normalize.h
            $MGC_HOME/shared/include/ac_math/ac_arccos_cordic.h
            $MGC_HOME/shared/include/ac_math/ac_arcsin_cordic.h
            $MGC_HOME/shared/include/ac_math/ac_atan_pwl.h
              $MGC_HOME/shared/include/ac_math/ac_reciprocal_pwl.h
            $MGC_HOME/shared/include/ac_math/ac_atan_pwl_ha.h
              $MGC_HOME/shared/include/ac_math/ac_reciprocal_pwl_ha.h
            $MGC_HOME/shared/include/ac_math/ac_atan2_cordic.h
            $MGC_HOME/shared/include/ac_math/ac_div.h
            $MGC_HOME/shared/include/ac_math/ac_hcordic.h
            $MGC_HOME/shared/include/ac_math/ac_inverse_sqrt_pwl.h
            $MGC_HOME/shared/include/ac_math/ac_log_pwl.h
            $MGC_HOME/shared/include/ac_math/ac_pow_pwl.h
            $MGC_HOME/shared/include/ac_math/ac_sigmoid_pwl.h
            $MGC_HOME/shared/include/ac_math/ac_sincos_cordic.h
            $MGC_HOME/shared/include/ac_math/ac_sincos_lut.h
            $MGC_HOME/shared/include/ac_math/ac_sqrt.h
            $MGC_HOME/shared/include/ac_math/ac_tan_pwl.h
            $MGC_HOME/shared/include/ac_math/ac_tanh_pwl.h
            $MGC_HOME/shared/include/ac_math/ac_softmax_pwl.h
        $PROJECT_HOME/include/utils.h
    $PROJECT_HOME/src/utils.cpp
      $PROJECT_HOME/include/utils.h
        $PROJECT_HOME/include/config.h
          $MGC_HOME/shared/include/ac_math.h
            $MGC_HOME/shared/include/ac_math/ac_abs.h
              $MGC_HOME/shared/include/ac_int.h
              $MGC_HOME/shared/include/ac_fixed.h
              $MGC_HOME/shared/include/ac_float.h
              $MGC_HOME/shared/include/ac_complex.h
              $MGC_HOME/shared/include/ac_math/ac_sqrt_pwl.h
                $MGC_HOME/shared/include/ac_math/ac_shift.h
                $MGC_HOME/shared/include/ac_math/ac_normalize.h
            $MGC_HOME/shared/include/ac_math/ac_arccos_cordic.h
            $MGC_HOME/shared/include/ac_math/ac_arcsin_cordic.h
            $MGC_HOME/shared/include/ac_math/ac_atan_pwl.h
              $MGC_HOME/shared/include/ac_math/ac_reciprocal_pwl.h
            $MGC_HOME/shared/include/ac_math/ac_atan_pwl_ha.h
              $MGC_HOME/shared/include/ac_math/ac_reciprocal_pwl_ha.h
            $MGC_HOME/shared/include/ac_math/ac_atan2_cordic.h
            $MGC_HOME/shared/include/ac_math/ac_div.h
            $MGC_HOME/shared/include/ac_math/ac_hcordic.h
            $MGC_HOME/shared/include/ac_math/ac_inverse_sqrt_pwl.h
            $MGC_HOME/shared/include/ac_math/ac_log_pwl.h
            $MGC_HOME/shared/include/ac_math/ac_pow_pwl.h
            $MGC_HOME/shared/include/ac_math/ac_sigmoid_pwl.h
            $MGC_HOME/shared/include/ac_math/ac_sincos_cordic.h
            $MGC_HOME/shared/include/ac_math/ac_sincos_lut.h
            $MGC_HOME/shared/include/ac_math/ac_sqrt.h
            $MGC_HOME/shared/include/ac_math/ac_tan_pwl.h
            $MGC_HOME/shared/include/ac_math/ac_tanh_pwl.h
            $MGC_HOME/shared/include/ac_math/ac_softmax_pwl.h
  
  Processes/Blocks in Design
    Process        Real Operation(s) count Latency Throughput Reset Length II Comments 
    -------------- ----------------------- ------- ---------- ------------ -- --------
    /ntt_flat/core                      58   57523      57526            0  0          
    Design Total:                       58   57523      57526            0  0          
    
  Clock Information
    Clock Signal Edge   Period Sharing Alloc (%) Uncertainty Used by Processes/Blocks 
    ------------ ------ ------ ----------------- ----------- ------------------------
    clk          rising  5.000             20.00    0.000000 /ntt_flat/core           
    
  I/O Data Ranges
    Port                        Mode DeclType DeclWidth DeclRange ActType ActWidth ActRange 
    --------------------------- ---- -------- --------- --------- ------- -------- --------
    clk                         IN   Unsigned         1                                     
    rst                         IN   Unsigned         1                                     
    vec:rsc.s_tdone             IN   Unsigned         1                                     
    vec:rsc.tr_write_done       IN   Unsigned         1                                     
    vec:rsc.RREADY              IN   Unsigned         1                                     
    vec:rsc.ARVALID             IN   Unsigned         1                                     
    vec:rsc.ARUSER              IN   Unsigned         1                                     
    vec:rsc.ARREGION            IN   Unsigned         4                                     
    vec:rsc.ARQOS               IN   Unsigned         4                                     
    vec:rsc.ARPROT              IN   Unsigned         3                                     
    vec:rsc.ARCACHE             IN   Unsigned         4                                     
    vec:rsc.ARLOCK              IN   Unsigned         1                                     
    vec:rsc.ARBURST             IN   Unsigned         2                                     
    vec:rsc.ARSIZE              IN   Unsigned         3                                     
    vec:rsc.ARLEN               IN   Unsigned         8                                     
    vec:rsc.ARADDR              IN   Unsigned        12                                     
    vec:rsc.ARID                IN   Unsigned         1                                     
    vec:rsc.BREADY              IN   Unsigned         1                                     
    vec:rsc.WVALID              IN   Unsigned         1                                     
    vec:rsc.WUSER               IN   Unsigned         1                                     
    vec:rsc.WLAST               IN   Unsigned         1                                     
    vec:rsc.WSTRB               IN   Unsigned         4                                     
    vec:rsc.WDATA               IN   Unsigned        32                                     
    vec:rsc.AWVALID             IN   Unsigned         1                                     
    vec:rsc.AWUSER              IN   Unsigned         1                                     
    vec:rsc.AWREGION            IN   Unsigned         4                                     
    vec:rsc.AWQOS               IN   Unsigned         4                                     
    vec:rsc.AWPROT              IN   Unsigned         3                                     
    vec:rsc.AWCACHE             IN   Unsigned         4                                     
    vec:rsc.AWLOCK              IN   Unsigned         1                                     
    vec:rsc.AWBURST             IN   Unsigned         2                                     
    vec:rsc.AWSIZE              IN   Unsigned         3                                     
    vec:rsc.AWLEN               IN   Unsigned         8                                     
    vec:rsc.AWADDR              IN   Unsigned        12                                     
    vec:rsc.AWID                IN   Unsigned         1                                     
    p:rsc.dat                   IN   Unsigned        32                                     
    r:rsc.dat                   IN   Unsigned        32                                     
    twiddle:rsc.s_tdone         IN   Unsigned         1                                     
    twiddle:rsc.tr_write_done   IN   Unsigned         1                                     
    twiddle:rsc.RREADY          IN   Unsigned         1                                     
    twiddle:rsc.ARVALID         IN   Unsigned         1                                     
    twiddle:rsc.ARUSER          IN   Unsigned         1                                     
    twiddle:rsc.ARREGION        IN   Unsigned         4                                     
    twiddle:rsc.ARQOS           IN   Unsigned         4                                     
    twiddle:rsc.ARPROT          IN   Unsigned         3                                     
    twiddle:rsc.ARCACHE         IN   Unsigned         4                                     
    twiddle:rsc.ARLOCK          IN   Unsigned         1                                     
    twiddle:rsc.ARBURST         IN   Unsigned         2                                     
    twiddle:rsc.ARSIZE          IN   Unsigned         3                                     
    twiddle:rsc.ARLEN           IN   Unsigned         8                                     
    twiddle:rsc.ARADDR          IN   Unsigned        12                                     
    twiddle:rsc.ARID            IN   Unsigned         1                                     
    twiddle:rsc.BREADY          IN   Unsigned         1                                     
    twiddle:rsc.WVALID          IN   Unsigned         1                                     
    twiddle:rsc.WUSER           IN   Unsigned         1                                     
    twiddle:rsc.WLAST           IN   Unsigned         1                                     
    twiddle:rsc.WSTRB           IN   Unsigned         4                                     
    twiddle:rsc.WDATA           IN   Unsigned        32                                     
    twiddle:rsc.AWVALID         IN   Unsigned         1                                     
    twiddle:rsc.AWUSER          IN   Unsigned         1                                     
    twiddle:rsc.AWREGION        IN   Unsigned         4                                     
    twiddle:rsc.AWQOS           IN   Unsigned         4                                     
    twiddle:rsc.AWPROT          IN   Unsigned         3                                     
    twiddle:rsc.AWCACHE         IN   Unsigned         4                                     
    twiddle:rsc.AWLOCK          IN   Unsigned         1                                     
    twiddle:rsc.AWBURST         IN   Unsigned         2                                     
    twiddle:rsc.AWSIZE          IN   Unsigned         3                                     
    twiddle:rsc.AWLEN           IN   Unsigned         8                                     
    twiddle:rsc.AWADDR          IN   Unsigned        12                                     
    twiddle:rsc.AWID            IN   Unsigned         1                                     
    twiddle_h:rsc.s_tdone       IN   Unsigned         1                                     
    twiddle_h:rsc.tr_write_done IN   Unsigned         1                                     
    twiddle_h:rsc.RREADY        IN   Unsigned         1                                     
    twiddle_h:rsc.ARVALID       IN   Unsigned         1                                     
    twiddle_h:rsc.ARUSER        IN   Unsigned         1                                     
    twiddle_h:rsc.ARREGION      IN   Unsigned         4                                     
    twiddle_h:rsc.ARQOS         IN   Unsigned         4                                     
    twiddle_h:rsc.ARPROT        IN   Unsigned         3                                     
    twiddle_h:rsc.ARCACHE       IN   Unsigned         4                                     
    twiddle_h:rsc.ARLOCK        IN   Unsigned         1                                     
    twiddle_h:rsc.ARBURST       IN   Unsigned         2                                     
    twiddle_h:rsc.ARSIZE        IN   Unsigned         3                                     
    twiddle_h:rsc.ARLEN         IN   Unsigned         8                                     
    twiddle_h:rsc.ARADDR        IN   Unsigned        12                                     
    twiddle_h:rsc.ARID          IN   Unsigned         1                                     
    twiddle_h:rsc.BREADY        IN   Unsigned         1                                     
    twiddle_h:rsc.WVALID        IN   Unsigned         1                                     
    twiddle_h:rsc.WUSER         IN   Unsigned         1                                     
    twiddle_h:rsc.WLAST         IN   Unsigned         1                                     
    twiddle_h:rsc.WSTRB         IN   Unsigned         4                                     
    twiddle_h:rsc.WDATA         IN   Unsigned        32                                     
    twiddle_h:rsc.AWVALID       IN   Unsigned         1                                     
    twiddle_h:rsc.AWUSER        IN   Unsigned         1                                     
    twiddle_h:rsc.AWREGION      IN   Unsigned         4                                     
    twiddle_h:rsc.AWQOS         IN   Unsigned         4                                     
    twiddle_h:rsc.AWPROT        IN   Unsigned         3                                     
    twiddle_h:rsc.AWCACHE       IN   Unsigned         4                                     
    twiddle_h:rsc.AWLOCK        IN   Unsigned         1                                     
    twiddle_h:rsc.AWBURST       IN   Unsigned         2                                     
    twiddle_h:rsc.AWSIZE        IN   Unsigned         3                                     
    twiddle_h:rsc.AWLEN         IN   Unsigned         8                                     
    twiddle_h:rsc.AWADDR        IN   Unsigned        12                                     
    twiddle_h:rsc.AWID          IN   Unsigned         1                                     
    result:rsc.s_tdone          IN   Unsigned         1                                     
    result:rsc.tr_write_done    IN   Unsigned         1                                     
    result:rsc.RREADY           IN   Unsigned         1                                     
    result:rsc.ARVALID          IN   Unsigned         1                                     
    result:rsc.ARUSER           IN   Unsigned         1                                     
    result:rsc.ARREGION         IN   Unsigned         4                                     
    result:rsc.ARQOS            IN   Unsigned         4                                     
    result:rsc.ARPROT           IN   Unsigned         3                                     
    result:rsc.ARCACHE          IN   Unsigned         4                                     
    result:rsc.ARLOCK           IN   Unsigned         1                                     
    result:rsc.ARBURST          IN   Unsigned         2                                     
    result:rsc.ARSIZE           IN   Unsigned         3                                     
    result:rsc.ARLEN            IN   Unsigned         8                                     
    result:rsc.ARADDR           IN   Unsigned        16                                     
    result:rsc.ARID             IN   Unsigned         1                                     
    result:rsc.BREADY           IN   Unsigned         1                                     
    result:rsc.WVALID           IN   Unsigned         1                                     
    result:rsc.WUSER            IN   Unsigned         1                                     
    result:rsc.WLAST            IN   Unsigned         1                                     
    result:rsc.WSTRB            IN   Unsigned         4                                     
    result:rsc.WDATA            IN   Unsigned        32                                     
    result:rsc.AWVALID          IN   Unsigned         1                                     
    result:rsc.AWUSER           IN   Unsigned         1                                     
    result:rsc.AWREGION         IN   Unsigned         4                                     
    result:rsc.AWQOS            IN   Unsigned         4                                     
    result:rsc.AWPROT           IN   Unsigned         3                                     
    result:rsc.AWCACHE          IN   Unsigned         4                                     
    result:rsc.AWLOCK           IN   Unsigned         1                                     
    result:rsc.AWBURST          IN   Unsigned         2                                     
    result:rsc.AWSIZE           IN   Unsigned         3                                     
    result:rsc.AWLEN            IN   Unsigned         8                                     
    result:rsc.AWADDR           IN   Unsigned        16                                     
    result:rsc.AWID             IN   Unsigned         1                                     
    vec:rsc.RVALID              OUT  Unsigned         1                                     
    vec:rsc.RUSER               OUT  Unsigned         1                                     
    vec:rsc.RLAST               OUT  Unsigned         1                                     
    vec:rsc.RRESP               OUT  Unsigned         2                                     
    vec:rsc.RDATA               OUT  Unsigned        32                                     
    vec:rsc.RID                 OUT  Unsigned         1                                     
    vec:rsc.ARREADY             OUT  Unsigned         1                                     
    vec:rsc.BVALID              OUT  Unsigned         1                                     
    vec:rsc.BUSER               OUT  Unsigned         1                                     
    vec:rsc.BRESP               OUT  Unsigned         2                                     
    vec:rsc.BID                 OUT  Unsigned         1                                     
    vec:rsc.WREADY              OUT  Unsigned         1                                     
    vec:rsc.AWREADY             OUT  Unsigned         1                                     
    vec:rsc.triosy.lz           OUT  Unsigned         1                                     
    p:rsc.triosy.lz             OUT  Unsigned         1                                     
    r:rsc.triosy.lz             OUT  Unsigned         1                                     
    twiddle:rsc.RVALID          OUT  Unsigned         1                                     
    twiddle:rsc.RUSER           OUT  Unsigned         1                                     
    twiddle:rsc.RLAST           OUT  Unsigned         1                                     
    twiddle:rsc.RRESP           OUT  Unsigned         2                                     
    twiddle:rsc.RDATA           OUT  Unsigned        32                                     
    twiddle:rsc.RID             OUT  Unsigned         1                                     
    twiddle:rsc.ARREADY         OUT  Unsigned         1                                     
    twiddle:rsc.BVALID          OUT  Unsigned         1                                     
    twiddle:rsc.BUSER           OUT  Unsigned         1                                     
    twiddle:rsc.BRESP           OUT  Unsigned         2                                     
    twiddle:rsc.BID             OUT  Unsigned         1                                     
    twiddle:rsc.WREADY          OUT  Unsigned         1                                     
    twiddle:rsc.AWREADY         OUT  Unsigned         1                                     
    twiddle:rsc.triosy.lz       OUT  Unsigned         1                                     
    twiddle_h:rsc.RVALID        OUT  Unsigned         1                                     
    twiddle_h:rsc.RUSER         OUT  Unsigned         1                                     
    twiddle_h:rsc.RLAST         OUT  Unsigned         1                                     
    twiddle_h:rsc.RRESP         OUT  Unsigned         2                                     
    twiddle_h:rsc.RDATA         OUT  Unsigned        32                                     
    twiddle_h:rsc.RID           OUT  Unsigned         1                                     
    twiddle_h:rsc.ARREADY       OUT  Unsigned         1                                     
    twiddle_h:rsc.BVALID        OUT  Unsigned         1                                     
    twiddle_h:rsc.BUSER         OUT  Unsigned         1                                     
    twiddle_h:rsc.BRESP         OUT  Unsigned         2                                     
    twiddle_h:rsc.BID           OUT  Unsigned         1                                     
    twiddle_h:rsc.WREADY        OUT  Unsigned         1                                     
    twiddle_h:rsc.AWREADY       OUT  Unsigned         1                                     
    twiddle_h:rsc.triosy.lz     OUT  Unsigned         1                                     
    result:rsc.RVALID           OUT  Unsigned         1                                     
    result:rsc.RUSER            OUT  Unsigned         1                                     
    result:rsc.RLAST            OUT  Unsigned         1                                     
    result:rsc.RRESP            OUT  Unsigned         2                                     
    result:rsc.RDATA            OUT  Unsigned        32                                     
    result:rsc.RID              OUT  Unsigned         1                                     
    result:rsc.ARREADY          OUT  Unsigned         1                                     
    result:rsc.BVALID           OUT  Unsigned         1                                     
    result:rsc.BUSER            OUT  Unsigned         1                                     
    result:rsc.BRESP            OUT  Unsigned         2                                     
    result:rsc.BID              OUT  Unsigned         1                                     
    result:rsc.WREADY           OUT  Unsigned         1                                     
    result:rsc.AWREADY          OUT  Unsigned         1                                     
    result:rsc.triosy.lz        OUT  Unsigned         1                                     
    
  Memory Resources
    Resource Name: /ntt_flat/vec:rsc
      Memory Component: ccs_axi4_slave_mem           Size:         4096 x 32
      External:         true                         Packing Mode: absolute
      Memory Map:
      Variable      Indices Phys Memory Address        
      ------------- ------- --------------------------
      /ntt_flat/vec    0:31 00000fff-00000000 (4095-0) 
      
    Resource Name: /ntt_flat/p:rsc
      Memory Component: ccs_in                       Size:         1 x 32
      External:         true                         Packing Mode: sidebyside
      Memory Map:
      Variable    Indices Phys Memory Address     
      ----------- ------- -----------------------
      /ntt_flat/p    0:31 00000000-00000000 (0-0) 
      
    Resource Name: /ntt_flat/r:rsc
      Memory Component: ccs_in                       Size:         1 x 32
      External:         true                         Packing Mode: sidebyside
      Memory Map:
      Variable    Indices Phys Memory Address     
      ----------- ------- -----------------------
      /ntt_flat/r    0:31 00000000-00000000 (0-0) 
      
    Resource Name: /ntt_flat/twiddle:rsc
      Memory Component: ccs_axi4_slave_mem           Size:         4096 x 32
      External:         true                         Packing Mode: absolute
      Memory Map:
      Variable          Indices Phys Memory Address        
      ----------------- ------- --------------------------
      /ntt_flat/twiddle    0:31 00000fff-00000000 (4095-0) 
      
    Resource Name: /ntt_flat/twiddle_h:rsc
      Memory Component: ccs_axi4_slave_mem           Size:         4096 x 32
      External:         true                         Packing Mode: absolute
      Memory Map:
      Variable            Indices Phys Memory Address        
      ------------------- ------- --------------------------
      /ntt_flat/twiddle_h    0:31 00000fff-00000000 (4095-0) 
      
    Resource Name: /ntt_flat/result:rsc
      Memory Component: ccs_axi4_slave_mem           Size:         53248 x 32
      External:         true                         Packing Mode: absolute
      Memory Map:
      Variable         Indices Phys Memory Address         
      ---------------- ------- ---------------------------
      /ntt_flat/result    0:31 0000cfff-00000000 (53247-0) 
      
  C++ to Interface Mappings
    C++ Field Interface Range Range Expression Expression Limits 
    --------- --------------- ---------------- -----------------
    
  Multi-Cycle (Combinational) Component Usage
    Instance Component Name Delay 
    -------- -------------- -----
    
  Loops
    Process        Loop             Iterations C-Steps Total Cycles   Duration  Unroll Init Comments 
    -------------- ---------------- ---------- ------- ------------- ---------- ------ ---- --------
    /ntt_flat/core core:rlp           Infinite       0        57526  287.63 us                       
    /ntt_flat/core  main              Infinite       2        57526  287.63 us                       
    /ntt_flat/core   for                  4096       2         8192   40.96 us                       
    /ntt_flat/core   STAGE_LOOP             12       2        49332  246.66 us                       
    /ntt_flat/core    INNER_LOOP          2048      15         4109   20.55 us            2          
    
  Loop Execution Profile
    Process        Loop             Total Cycles % of Overall Design Cycles Throughput Cycles Comments 
    -------------- ---------------- ------------ -------------------------- ----------------- --------
    /ntt_flat/core core:rlp                   0                        0.00            57526           
    /ntt_flat/core  main                      2                        0.00            57526           
    /ntt_flat/core   for                   8192                       14.24             8192           
    /ntt_flat/core   STAGE_LOOP              24                        0.04            49332           
    /ntt_flat/core    INNER_LOOP          49308                       85.71                2           
    
  End of Report
