# //  ModelSim SE-64 10.6 Dec 13 2016Linux 3.10.0-1062.4.1.el7.x86_64
# //
# //  Copyright 1991-2016 Mentor Graphics Corporation
# //  All Rights Reserved.
# //
# //  ModelSim SE-64 and its associated documentation contain trade
# //  secrets and commercial or financial information that are the property of
# //  Mentor Graphics Corporation and are privileged, confidential,
# //  and exempt from disclosure under the Freedom of Information Act,
# //  5 U.S.C. Section 552. Furthermore, this information
# //  is prohibited from disclosure under the Trade Secrets Act,
# //  18 U.S.C. Section 1905.
# //
# vsim -i -t ps -wlf ./Catapult_2_1/peaseNTT.v36/scverify/concat_sim_rtl_v_msim/vsim.wlf -l ./Catapult_2_1/peaseNTT.v36/scverify/concat_sim_rtl_v_msim/sim.log -L ./Catapult_2_1/peaseNTT.v36/scverify/concat_sim_rtl_v_msim/work scverify_top_opt -do "do {./Catapult_2_1/peaseNTT.v36/scverify/concat_sim_rtl_v_msim/scverify_msim_wave.tcl}" 
# Start time: 12:22:12 on Sep 12,2021
# Loading /home/jd4691/research/NTT_CPU/peaseNTT_nocpy/Catapult_2_1/peaseNTT.v36/scverify/concat_sim_rtl_v_msim/work/_sc/linux_x86_64_gcc-5.3.0/systemc.so
# Loading /home/jd4691/research/NTT_CPU/peaseNTT_nocpy/Catapult_2_1/peaseNTT.v36/scverify/concat_sim_rtl_v_msim/work.scverify_top
# Info: CCS_CLK_CTOR: Clock 'clk' - Using default clock period '5100 ps'
# Loading work.peaseNTT(fast)
# Loading work.BLOCK_2R1W_RBW(fast)
# Loading work.peaseNTT_Xilinx_RAMS_BLOCK_2R1W_RBW_rwport_en_7_4_32_16_16_32_1_gen(fast)
# Loading work.peaseNTT_Xilinx_RAMS_BLOCK_2R1W_RBW_rwport_en_8_4_32_16_16_32_1_gen(fast)
# Loading work.peaseNTT_Xilinx_RAMS_BLOCK_2R1W_RBW_rwport_en_9_4_32_16_16_32_1_gen(fast)
# Loading work.peaseNTT_Xilinx_RAMS_BLOCK_2R1W_RBW_rwport_en_10_4_32_16_16_32_1_gen(fast)
# Loading work.peaseNTT_Xilinx_RAMS_BLOCK_2R1W_RBW_rwport_en_11_4_32_16_16_32_1_gen(fast)
# Loading work.peaseNTT_Xilinx_RAMS_BLOCK_2R1W_RBW_rwport_en_12_4_32_16_16_32_1_gen(fast)
# Loading work.peaseNTT_Xilinx_RAMS_BLOCK_2R1W_RBW_rwport_en_13_4_32_16_16_32_1_gen(fast)
# Loading work.peaseNTT_Xilinx_RAMS_BLOCK_2R1W_RBW_rwport_en_14_4_32_16_16_32_1_gen(fast)
# Loading work.peaseNTT_Xilinx_RAMS_BLOCK_2R1W_RBW_rwport_en_15_4_32_16_16_32_1_gen(fast)
# Loading work.peaseNTT_Xilinx_RAMS_BLOCK_2R1W_RBW_rwport_en_16_4_32_16_16_32_1_gen(fast)
# Loading work.peaseNTT_Xilinx_RAMS_BLOCK_2R1W_RBW_rwport_en_17_4_32_16_16_32_1_gen(fast)
# Loading work.peaseNTT_Xilinx_RAMS_BLOCK_2R1W_RBW_rwport_en_18_4_32_16_16_32_1_gen(fast)
# Loading work.peaseNTT_Xilinx_RAMS_BLOCK_2R1W_RBW_rwport_en_19_4_32_16_16_32_1_gen(fast)
# Loading work.peaseNTT_Xilinx_RAMS_BLOCK_2R1W_RBW_rwport_en_20_4_32_16_16_32_1_gen(fast)
# Loading work.peaseNTT_Xilinx_RAMS_BLOCK_2R1W_RBW_rwport_en_21_4_32_16_16_32_1_gen(fast)
# Loading work.peaseNTT_Xilinx_RAMS_BLOCK_2R1W_RBW_rwport_en_22_4_32_16_16_32_1_gen(fast)
# Loading work.peaseNTT_Xilinx_RAMS_BLOCK_2R1W_RBW_rwport_en_23_4_32_16_16_32_1_gen(fast)
# Loading work.peaseNTT_Xilinx_RAMS_BLOCK_2R1W_RBW_rwport_en_24_4_32_16_16_32_1_gen(fast)
# Loading work.peaseNTT_Xilinx_RAMS_BLOCK_2R1W_RBW_rwport_en_25_4_32_16_16_32_1_gen(fast)
# Loading work.peaseNTT_Xilinx_RAMS_BLOCK_2R1W_RBW_rwport_en_26_4_32_16_16_32_1_gen(fast)
# Loading work.peaseNTT_Xilinx_RAMS_BLOCK_2R1W_RBW_rwport_en_27_4_32_16_16_32_1_gen(fast)
# Loading work.peaseNTT_Xilinx_RAMS_BLOCK_2R1W_RBW_rwport_en_28_4_32_16_16_32_1_gen(fast)
# Loading work.peaseNTT_Xilinx_RAMS_BLOCK_2R1W_RBW_rwport_en_29_4_32_16_16_32_1_gen(fast)
# Loading work.peaseNTT_Xilinx_RAMS_BLOCK_2R1W_RBW_rwport_en_30_4_32_16_16_32_1_gen(fast)
# Loading work.peaseNTT_Xilinx_RAMS_BLOCK_2R1W_RBW_rwport_en_31_4_32_16_16_32_1_gen(fast)
# Loading work.peaseNTT_Xilinx_RAMS_BLOCK_2R1W_RBW_rwport_en_32_4_32_16_16_32_1_gen(fast)
# Loading work.peaseNTT_Xilinx_RAMS_BLOCK_2R1W_RBW_rwport_en_33_4_32_16_16_32_1_gen(fast)
# Loading work.peaseNTT_Xilinx_RAMS_BLOCK_2R1W_RBW_rwport_en_34_4_32_16_16_32_1_gen(fast)
# Loading work.peaseNTT_Xilinx_RAMS_BLOCK_2R1W_RBW_rwport_en_35_4_32_16_16_32_1_gen(fast)
# Loading work.peaseNTT_Xilinx_RAMS_BLOCK_2R1W_RBW_rwport_en_36_4_32_16_16_32_1_gen(fast)
# Loading work.peaseNTT_Xilinx_RAMS_BLOCK_2R1W_RBW_rwport_en_37_4_32_16_16_32_1_gen(fast)
# Loading work.peaseNTT_Xilinx_RAMS_BLOCK_2R1W_RBW_rwport_en_38_4_32_16_16_32_1_gen(fast)
# Loading work.peaseNTT_Xilinx_RAMS_BLOCK_2R1W_RBW_rwport_en_39_4_32_16_16_32_1_gen(fast)
# Loading work.peaseNTT_Xilinx_RAMS_BLOCK_2R1W_RBW_rwport_en_40_4_32_16_16_32_1_gen(fast)
# Loading work.peaseNTT_Xilinx_RAMS_BLOCK_2R1W_RBW_rwport_en_41_4_32_16_16_32_1_gen(fast)
# Loading work.peaseNTT_Xilinx_RAMS_BLOCK_2R1W_RBW_rwport_en_42_4_32_16_16_32_1_gen(fast)
# Loading work.peaseNTT_Xilinx_RAMS_BLOCK_2R1W_RBW_rwport_en_43_4_32_16_16_32_1_gen(fast)
# Loading work.peaseNTT_Xilinx_RAMS_BLOCK_2R1W_RBW_rwport_en_44_4_32_16_16_32_1_gen(fast)
# Loading work.peaseNTT_Xilinx_RAMS_BLOCK_2R1W_RBW_rwport_en_45_4_32_16_16_32_1_gen(fast)
# Loading work.peaseNTT_Xilinx_RAMS_BLOCK_2R1W_RBW_rwport_en_46_4_32_16_16_32_1_gen(fast)
# Loading work.peaseNTT_Xilinx_RAMS_BLOCK_2R1W_RBW_rwport_en_47_4_32_16_16_32_1_gen(fast)
# Loading work.peaseNTT_Xilinx_RAMS_BLOCK_2R1W_RBW_rwport_en_48_4_32_16_16_32_1_gen(fast)
# Loading work.peaseNTT_Xilinx_RAMS_BLOCK_2R1W_RBW_rwport_en_49_4_32_16_16_32_1_gen(fast)
# Loading work.peaseNTT_Xilinx_RAMS_BLOCK_2R1W_RBW_rwport_en_50_4_32_16_16_32_1_gen(fast)
# Loading work.peaseNTT_Xilinx_RAMS_BLOCK_2R1W_RBW_rwport_en_51_4_32_16_16_32_1_gen(fast)
# Loading work.peaseNTT_Xilinx_RAMS_BLOCK_2R1W_RBW_rwport_en_52_4_32_16_16_32_1_gen(fast)
# Loading work.peaseNTT_Xilinx_RAMS_BLOCK_2R1W_RBW_rwport_en_53_4_32_16_16_32_1_gen(fast)
# Loading work.peaseNTT_Xilinx_RAMS_BLOCK_2R1W_RBW_rwport_en_54_4_32_16_16_32_1_gen(fast)
# Loading work.peaseNTT_Xilinx_RAMS_BLOCK_2R1W_RBW_rwport_en_55_4_32_16_16_32_1_gen(fast)
# Loading work.peaseNTT_Xilinx_RAMS_BLOCK_2R1W_RBW_rwport_en_56_4_32_16_16_32_1_gen(fast)
# Loading work.peaseNTT_Xilinx_RAMS_BLOCK_2R1W_RBW_rwport_en_57_4_32_16_16_32_1_gen(fast)
# Loading work.peaseNTT_Xilinx_RAMS_BLOCK_2R1W_RBW_rwport_en_58_4_32_16_16_32_1_gen(fast)
# Loading work.peaseNTT_Xilinx_RAMS_BLOCK_2R1W_RBW_rwport_en_59_4_32_16_16_32_1_gen(fast)
# Loading work.peaseNTT_Xilinx_RAMS_BLOCK_2R1W_RBW_rwport_en_60_4_32_16_16_32_1_gen(fast)
# Loading work.peaseNTT_Xilinx_RAMS_BLOCK_2R1W_RBW_rwport_en_61_4_32_16_16_32_1_gen(fast)
# Loading work.peaseNTT_Xilinx_RAMS_BLOCK_2R1W_RBW_rwport_en_62_4_32_16_16_32_1_gen(fast)
# Loading work.peaseNTT_Xilinx_RAMS_BLOCK_2R1W_RBW_rwport_en_63_4_32_16_16_32_1_gen(fast)
# Loading work.peaseNTT_Xilinx_RAMS_BLOCK_2R1W_RBW_rwport_en_64_4_32_16_16_32_1_gen(fast)
# Loading work.peaseNTT_Xilinx_RAMS_BLOCK_2R1W_RBW_rwport_en_65_4_32_16_16_32_1_gen(fast)
# Loading work.peaseNTT_Xilinx_RAMS_BLOCK_2R1W_RBW_rwport_en_66_4_32_16_16_32_1_gen(fast)
# Loading work.peaseNTT_Xilinx_RAMS_BLOCK_2R1W_RBW_rwport_en_67_4_32_16_16_32_1_gen(fast)
# Loading work.peaseNTT_Xilinx_RAMS_BLOCK_2R1W_RBW_rwport_en_68_4_32_16_16_32_1_gen(fast)
# Loading work.peaseNTT_Xilinx_RAMS_BLOCK_2R1W_RBW_rwport_en_69_4_32_16_16_32_1_gen(fast)
# Loading work.peaseNTT_Xilinx_RAMS_BLOCK_2R1W_RBW_rwport_en_70_4_32_16_16_32_1_gen(fast)
# Loading work.peaseNTT_Xilinx_RAMS_BLOCK_2R1W_RBW_rwport_71_4_32_16_16_32_1_gen(fast)
# Loading work.peaseNTT_Xilinx_RAMS_BLOCK_2R1W_RBW_rwport_72_4_32_16_16_32_1_gen(fast)
# Loading work.peaseNTT_Xilinx_RAMS_BLOCK_2R1W_RBW_rwport_73_4_32_16_16_32_1_gen(fast)
# Loading work.peaseNTT_Xilinx_RAMS_BLOCK_2R1W_RBW_rwport_74_4_32_16_16_32_1_gen(fast)
# Loading work.peaseNTT_Xilinx_RAMS_BLOCK_2R1W_RBW_rwport_75_4_32_16_16_32_1_gen(fast)
# Loading work.peaseNTT_Xilinx_RAMS_BLOCK_2R1W_RBW_rwport_76_4_32_16_16_32_1_gen(fast)
# Loading work.peaseNTT_Xilinx_RAMS_BLOCK_2R1W_RBW_rwport_77_4_32_16_16_32_1_gen(fast)
# Loading work.peaseNTT_Xilinx_RAMS_BLOCK_2R1W_RBW_rwport_78_4_32_16_16_32_1_gen(fast)
# Loading work.peaseNTT_Xilinx_RAMS_BLOCK_2R1W_RBW_rwport_79_4_32_16_16_32_1_gen(fast)
# Loading work.peaseNTT_Xilinx_RAMS_BLOCK_2R1W_RBW_rwport_80_4_32_16_16_32_1_gen(fast)
# Loading work.peaseNTT_Xilinx_RAMS_BLOCK_2R1W_RBW_rwport_81_4_32_16_16_32_1_gen(fast)
# Loading work.peaseNTT_Xilinx_RAMS_BLOCK_2R1W_RBW_rwport_82_4_32_16_16_32_1_gen(fast)
# Loading work.peaseNTT_Xilinx_RAMS_BLOCK_2R1W_RBW_rwport_83_4_32_16_16_32_1_gen(fast)
# Loading work.peaseNTT_Xilinx_RAMS_BLOCK_2R1W_RBW_rwport_84_4_32_16_16_32_1_gen(fast)
# Loading work.peaseNTT_Xilinx_RAMS_BLOCK_2R1W_RBW_rwport_85_4_32_16_16_32_1_gen(fast)
# Loading work.peaseNTT_Xilinx_RAMS_BLOCK_2R1W_RBW_rwport_86_4_32_16_16_32_1_gen(fast)
# Loading work.peaseNTT_Xilinx_RAMS_BLOCK_2R1W_RBW_rwport_87_4_32_16_16_32_1_gen(fast)
# Loading work.peaseNTT_Xilinx_RAMS_BLOCK_2R1W_RBW_rwport_88_4_32_16_16_32_1_gen(fast)
# Loading work.peaseNTT_Xilinx_RAMS_BLOCK_2R1W_RBW_rwport_89_4_32_16_16_32_1_gen(fast)
# Loading work.peaseNTT_Xilinx_RAMS_BLOCK_2R1W_RBW_rwport_90_4_32_16_16_32_1_gen(fast)
# Loading work.peaseNTT_Xilinx_RAMS_BLOCK_2R1W_RBW_rwport_91_4_32_16_16_32_1_gen(fast)
# Loading work.peaseNTT_Xilinx_RAMS_BLOCK_2R1W_RBW_rwport_92_4_32_16_16_32_1_gen(fast)
# Loading work.peaseNTT_Xilinx_RAMS_BLOCK_2R1W_RBW_rwport_93_4_32_16_16_32_1_gen(fast)
# Loading work.peaseNTT_Xilinx_RAMS_BLOCK_2R1W_RBW_rwport_94_4_32_16_16_32_1_gen(fast)
# Loading work.peaseNTT_Xilinx_RAMS_BLOCK_2R1W_RBW_rwport_95_4_32_16_16_32_1_gen(fast)
# Loading work.peaseNTT_Xilinx_RAMS_BLOCK_2R1W_RBW_rwport_96_4_32_16_16_32_1_gen(fast)
# Loading work.peaseNTT_Xilinx_RAMS_BLOCK_2R1W_RBW_rwport_97_4_32_16_16_32_1_gen(fast)
# Loading work.peaseNTT_Xilinx_RAMS_BLOCK_2R1W_RBW_rwport_98_4_32_16_16_32_1_gen(fast)
# Loading work.peaseNTT_Xilinx_RAMS_BLOCK_2R1W_RBW_rwport_99_4_32_16_16_32_1_gen(fast)
# Loading work.peaseNTT_Xilinx_RAMS_BLOCK_2R1W_RBW_rwport_100_4_32_16_16_32_1_gen(fast)
# Loading work.peaseNTT_Xilinx_RAMS_BLOCK_2R1W_RBW_rwport_101_4_32_16_16_32_1_gen(fast)
# Loading work.peaseNTT_Xilinx_RAMS_BLOCK_2R1W_RBW_rwport_102_4_32_16_16_32_1_gen(fast)
# Loading work.peaseNTT_Xilinx_RAMS_BLOCK_2R1W_RBW_rwport_103_4_32_16_16_32_1_gen(fast)
# Loading work.peaseNTT_Xilinx_RAMS_BLOCK_2R1W_RBW_rwport_104_4_32_16_16_32_1_gen(fast)
# Loading work.peaseNTT_Xilinx_RAMS_BLOCK_2R1W_RBW_rwport_105_4_32_16_16_32_1_gen(fast)
# Loading work.peaseNTT_Xilinx_RAMS_BLOCK_2R1W_RBW_rwport_106_4_32_16_16_32_1_gen(fast)
# Loading work.peaseNTT_Xilinx_RAMS_BLOCK_2R1W_RBW_rwport_107_4_32_16_16_32_1_gen(fast)
# Loading work.peaseNTT_Xilinx_RAMS_BLOCK_2R1W_RBW_rwport_108_4_32_16_16_32_1_gen(fast)
# Loading work.peaseNTT_Xilinx_RAMS_BLOCK_2R1W_RBW_rwport_109_4_32_16_16_32_1_gen(fast)
# Loading work.peaseNTT_Xilinx_RAMS_BLOCK_2R1W_RBW_rwport_110_4_32_16_16_32_1_gen(fast)
# Loading work.peaseNTT_Xilinx_RAMS_BLOCK_2R1W_RBW_rwport_111_4_32_16_16_32_1_gen(fast)
# Loading work.peaseNTT_Xilinx_RAMS_BLOCK_2R1W_RBW_rwport_112_4_32_16_16_32_1_gen(fast)
# Loading work.peaseNTT_Xilinx_RAMS_BLOCK_2R1W_RBW_rwport_113_4_32_16_16_32_1_gen(fast)
# Loading work.peaseNTT_Xilinx_RAMS_BLOCK_2R1W_RBW_rwport_114_4_32_16_16_32_1_gen(fast)
# Loading work.peaseNTT_Xilinx_RAMS_BLOCK_2R1W_RBW_rwport_115_4_32_16_16_32_1_gen(fast)
# Loading work.peaseNTT_Xilinx_RAMS_BLOCK_2R1W_RBW_rwport_116_4_32_16_16_32_1_gen(fast)
# Loading work.peaseNTT_Xilinx_RAMS_BLOCK_2R1W_RBW_rwport_117_4_32_16_16_32_1_gen(fast)
# Loading work.peaseNTT_Xilinx_RAMS_BLOCK_2R1W_RBW_rwport_118_4_32_16_16_32_1_gen(fast)
# Loading work.peaseNTT_Xilinx_RAMS_BLOCK_2R1W_RBW_rwport_119_4_32_16_16_32_1_gen(fast)
# Loading work.peaseNTT_Xilinx_RAMS_BLOCK_2R1W_RBW_rwport_120_4_32_16_16_32_1_gen(fast)
# Loading work.peaseNTT_Xilinx_RAMS_BLOCK_2R1W_RBW_rwport_121_4_32_16_16_32_1_gen(fast)
# Loading work.peaseNTT_Xilinx_RAMS_BLOCK_2R1W_RBW_rwport_122_4_32_16_16_32_1_gen(fast)
# Loading work.peaseNTT_Xilinx_RAMS_BLOCK_2R1W_RBW_rwport_123_4_32_16_16_32_1_gen(fast)
# Loading work.peaseNTT_Xilinx_RAMS_BLOCK_2R1W_RBW_rwport_124_4_32_16_16_32_1_gen(fast)
# Loading work.peaseNTT_Xilinx_RAMS_BLOCK_2R1W_RBW_rwport_125_4_32_16_16_32_1_gen(fast)
# Loading work.peaseNTT_Xilinx_RAMS_BLOCK_2R1W_RBW_rwport_126_4_32_16_16_32_1_gen(fast)
# Loading work.peaseNTT_Xilinx_RAMS_BLOCK_2R1W_RBW_rwport_127_4_32_16_16_32_1_gen(fast)
# Loading work.peaseNTT_Xilinx_RAMS_BLOCK_2R1W_RBW_rwport_128_4_32_16_16_32_1_gen(fast)
# Loading work.peaseNTT_Xilinx_RAMS_BLOCK_2R1W_RBW_rwport_129_4_32_16_16_32_1_gen(fast)
# Loading work.peaseNTT_Xilinx_RAMS_BLOCK_2R1W_RBW_rwport_130_4_32_16_16_32_1_gen(fast)
# Loading work.peaseNTT_Xilinx_RAMS_BLOCK_2R1W_RBW_rwport_131_4_32_16_16_32_1_gen(fast)
# Loading work.peaseNTT_Xilinx_RAMS_BLOCK_2R1W_RBW_rwport_132_4_32_16_16_32_1_gen(fast)
# Loading work.peaseNTT_Xilinx_RAMS_BLOCK_2R1W_RBW_rwport_133_4_32_16_16_32_1_gen(fast)
# Loading work.peaseNTT_Xilinx_RAMS_BLOCK_2R1W_RBW_rwport_134_4_32_16_16_32_1_gen(fast)
# Loading work.peaseNTT_core(fast)
# Loading work.ccs_in_v1(fast)
# Loading work.mgc_mul_pipe(fast)
# Loading work.mgc_mul_pipe(fast__1)
# Loading work.mgc_shift_bl_v5(fast)
# Loading work.mgc_shift_l_v5(fast)
# Loading work.peaseNTT_core_wait_dp(fast)
# Loading work.peaseNTT_core_xt_rsc_0_0_i_1(fast)
# Loading work.peaseNTT_core_xt_rsc_0_0_i_1_xt_rsc_0_0_wait_ctrl(fast)
# Loading work.peaseNTT_core_xt_rsc_0_0_i_1_xt_rsc_0_0_wait_dp(fast)
# Loading work.peaseNTT_core_xt_rsc_0_1_i_1(fast)
# Loading work.peaseNTT_core_xt_rsc_0_1_i_1_xt_rsc_0_1_wait_ctrl(fast)
# Loading work.peaseNTT_core_xt_rsc_0_1_i_1_xt_rsc_0_1_wait_dp(fast)
# Loading work.peaseNTT_core_xt_rsc_0_2_i_1(fast)
# Loading work.peaseNTT_core_xt_rsc_0_2_i_1_xt_rsc_0_2_wait_ctrl(fast)
# Loading work.peaseNTT_core_xt_rsc_0_2_i_1_xt_rsc_0_2_wait_dp(fast)
# Loading work.peaseNTT_core_xt_rsc_0_3_i_1(fast)
# Loading work.peaseNTT_core_xt_rsc_0_3_i_1_xt_rsc_0_3_wait_ctrl(fast)
# Loading work.peaseNTT_core_xt_rsc_0_3_i_1_xt_rsc_0_3_wait_dp(fast)
# Loading work.peaseNTT_core_xt_rsc_0_4_i_1(fast)
# Loading work.peaseNTT_core_xt_rsc_0_4_i_1_xt_rsc_0_4_wait_ctrl(fast)
# Loading work.peaseNTT_core_xt_rsc_0_4_i_1_xt_rsc_0_4_wait_dp(fast)
# Loading work.peaseNTT_core_xt_rsc_0_5_i_1(fast)
# Loading work.peaseNTT_core_xt_rsc_0_5_i_1_xt_rsc_0_5_wait_ctrl(fast)
# Loading work.peaseNTT_core_xt_rsc_0_5_i_1_xt_rsc_0_5_wait_dp(fast)
# Loading work.peaseNTT_core_xt_rsc_0_6_i_1(fast)
# Loading work.peaseNTT_core_xt_rsc_0_6_i_1_xt_rsc_0_6_wait_ctrl(fast)
# Loading work.peaseNTT_core_xt_rsc_0_6_i_1_xt_rsc_0_6_wait_dp(fast)
# Loading work.peaseNTT_core_xt_rsc_0_7_i_1(fast)
# Loading work.peaseNTT_core_xt_rsc_0_7_i_1_xt_rsc_0_7_wait_ctrl(fast)
# Loading work.peaseNTT_core_xt_rsc_0_7_i_1_xt_rsc_0_7_wait_dp(fast)
# Loading work.peaseNTT_core_xt_rsc_0_8_i_1(fast)
# Loading work.peaseNTT_core_xt_rsc_0_8_i_1_xt_rsc_0_8_wait_ctrl(fast)
# Loading work.peaseNTT_core_xt_rsc_0_8_i_1_xt_rsc_0_8_wait_dp(fast)
# Loading work.peaseNTT_core_xt_rsc_0_9_i_1(fast)
# Loading work.peaseNTT_core_xt_rsc_0_9_i_1_xt_rsc_0_9_wait_ctrl(fast)
# Loading work.peaseNTT_core_xt_rsc_0_9_i_1_xt_rsc_0_9_wait_dp(fast)
# Loading work.peaseNTT_core_xt_rsc_0_10_i_1(fast)
# Loading work.peaseNTT_core_xt_rsc_0_10_i_1_xt_rsc_0_10_wait_ctrl(fast)
# Loading work.peaseNTT_core_xt_rsc_0_10_i_1_xt_rsc_0_10_wait_dp(fast)
# Loading work.peaseNTT_core_xt_rsc_0_11_i_1(fast)
# Loading work.peaseNTT_core_xt_rsc_0_11_i_1_xt_rsc_0_11_wait_ctrl(fast)
# Loading work.peaseNTT_core_xt_rsc_0_11_i_1_xt_rsc_0_11_wait_dp(fast)
# Loading work.peaseNTT_core_xt_rsc_0_12_i_1(fast)
# Loading work.peaseNTT_core_xt_rsc_0_12_i_1_xt_rsc_0_12_wait_ctrl(fast)
# Loading work.peaseNTT_core_xt_rsc_0_12_i_1_xt_rsc_0_12_wait_dp(fast)
# Loading work.peaseNTT_core_xt_rsc_0_13_i_1(fast)
# Loading work.peaseNTT_core_xt_rsc_0_13_i_1_xt_rsc_0_13_wait_ctrl(fast)
# Loading work.peaseNTT_core_xt_rsc_0_13_i_1_xt_rsc_0_13_wait_dp(fast)
# Loading work.peaseNTT_core_xt_rsc_0_14_i_1(fast)
# Loading work.peaseNTT_core_xt_rsc_0_14_i_1_xt_rsc_0_14_wait_ctrl(fast)
# Loading work.peaseNTT_core_xt_rsc_0_14_i_1_xt_rsc_0_14_wait_dp(fast)
# Loading work.peaseNTT_core_xt_rsc_0_15_i_1(fast)
# Loading work.peaseNTT_core_xt_rsc_0_15_i_1_xt_rsc_0_15_wait_ctrl(fast)
# Loading work.peaseNTT_core_xt_rsc_0_15_i_1_xt_rsc_0_15_wait_dp(fast)
# Loading work.peaseNTT_core_xt_rsc_0_16_i_1(fast)
# Loading work.peaseNTT_core_xt_rsc_0_16_i_1_xt_rsc_0_16_wait_ctrl(fast)
# Loading work.peaseNTT_core_xt_rsc_0_16_i_1_xt_rsc_0_16_wait_dp(fast)
# Loading work.peaseNTT_core_xt_rsc_0_17_i_1(fast)
# Loading work.peaseNTT_core_xt_rsc_0_17_i_1_xt_rsc_0_17_wait_ctrl(fast)
# Loading work.peaseNTT_core_xt_rsc_0_17_i_1_xt_rsc_0_17_wait_dp(fast)
# Loading work.peaseNTT_core_xt_rsc_0_18_i_1(fast)
# Loading work.peaseNTT_core_xt_rsc_0_18_i_1_xt_rsc_0_18_wait_ctrl(fast)
# Loading work.peaseNTT_core_xt_rsc_0_18_i_1_xt_rsc_0_18_wait_dp(fast)
# Loading work.peaseNTT_core_xt_rsc_0_19_i_1(fast)
# Loading work.peaseNTT_core_xt_rsc_0_19_i_1_xt_rsc_0_19_wait_ctrl(fast)
# Loading work.peaseNTT_core_xt_rsc_0_19_i_1_xt_rsc_0_19_wait_dp(fast)
# Loading work.peaseNTT_core_xt_rsc_0_20_i_1(fast)
# Loading work.peaseNTT_core_xt_rsc_0_20_i_1_xt_rsc_0_20_wait_ctrl(fast)
# Loading work.peaseNTT_core_xt_rsc_0_20_i_1_xt_rsc_0_20_wait_dp(fast)
# Loading work.peaseNTT_core_xt_rsc_0_21_i_1(fast)
# Loading work.peaseNTT_core_xt_rsc_0_21_i_1_xt_rsc_0_21_wait_ctrl(fast)
# Loading work.peaseNTT_core_xt_rsc_0_21_i_1_xt_rsc_0_21_wait_dp(fast)
# Loading work.peaseNTT_core_xt_rsc_0_22_i_1(fast)
# Loading work.peaseNTT_core_xt_rsc_0_22_i_1_xt_rsc_0_22_wait_ctrl(fast)
# Loading work.peaseNTT_core_xt_rsc_0_22_i_1_xt_rsc_0_22_wait_dp(fast)
# Loading work.peaseNTT_core_xt_rsc_0_23_i_1(fast)
# Loading work.peaseNTT_core_xt_rsc_0_23_i_1_xt_rsc_0_23_wait_ctrl(fast)
# Loading work.peaseNTT_core_xt_rsc_0_23_i_1_xt_rsc_0_23_wait_dp(fast)
# Loading work.peaseNTT_core_xt_rsc_0_24_i_1(fast)
# Loading work.peaseNTT_core_xt_rsc_0_24_i_1_xt_rsc_0_24_wait_ctrl(fast)
# Loading work.peaseNTT_core_xt_rsc_0_24_i_1_xt_rsc_0_24_wait_dp(fast)
# Loading work.peaseNTT_core_xt_rsc_0_25_i_1(fast)
# Loading work.peaseNTT_core_xt_rsc_0_25_i_1_xt_rsc_0_25_wait_ctrl(fast)
# Loading work.peaseNTT_core_xt_rsc_0_25_i_1_xt_rsc_0_25_wait_dp(fast)
# Loading work.peaseNTT_core_xt_rsc_0_26_i_1(fast)
# Loading work.peaseNTT_core_xt_rsc_0_26_i_1_xt_rsc_0_26_wait_ctrl(fast)
# Loading work.peaseNTT_core_xt_rsc_0_26_i_1_xt_rsc_0_26_wait_dp(fast)
# Loading work.peaseNTT_core_xt_rsc_0_27_i_1(fast)
# Loading work.peaseNTT_core_xt_rsc_0_27_i_1_xt_rsc_0_27_wait_ctrl(fast)
# Loading work.peaseNTT_core_xt_rsc_0_27_i_1_xt_rsc_0_27_wait_dp(fast)
# Loading work.peaseNTT_core_xt_rsc_0_28_i_1(fast)
# Loading work.peaseNTT_core_xt_rsc_0_28_i_1_xt_rsc_0_28_wait_ctrl(fast)
# Loading work.peaseNTT_core_xt_rsc_0_28_i_1_xt_rsc_0_28_wait_dp(fast)
# Loading work.peaseNTT_core_xt_rsc_0_29_i_1(fast)
# Loading work.peaseNTT_core_xt_rsc_0_29_i_1_xt_rsc_0_29_wait_ctrl(fast)
# Loading work.peaseNTT_core_xt_rsc_0_29_i_1_xt_rsc_0_29_wait_dp(fast)
# Loading work.peaseNTT_core_xt_rsc_0_30_i_1(fast)
# Loading work.peaseNTT_core_xt_rsc_0_30_i_1_xt_rsc_0_30_wait_ctrl(fast)
# Loading work.peaseNTT_core_xt_rsc_0_30_i_1_xt_rsc_0_30_wait_dp(fast)
# Loading work.peaseNTT_core_xt_rsc_0_31_i_1(fast)
# Loading work.peaseNTT_core_xt_rsc_0_31_i_1_xt_rsc_0_31_wait_ctrl(fast)
# Loading work.peaseNTT_core_xt_rsc_0_31_i_1_xt_rsc_0_31_wait_dp(fast)
# Loading work.peaseNTT_core_xt_rsc_1_0_i_1(fast)
# Loading work.peaseNTT_core_xt_rsc_1_0_i_1_xt_rsc_1_0_wait_ctrl(fast)
# Loading work.peaseNTT_core_xt_rsc_1_0_i_1_xt_rsc_1_0_wait_dp(fast)
# Loading work.peaseNTT_core_xt_rsc_1_1_i_1(fast)
# Loading work.peaseNTT_core_xt_rsc_1_1_i_1_xt_rsc_1_1_wait_ctrl(fast)
# Loading work.peaseNTT_core_xt_rsc_1_1_i_1_xt_rsc_1_1_wait_dp(fast)
# Loading work.peaseNTT_core_xt_rsc_1_2_i_1(fast)
# Loading work.peaseNTT_core_xt_rsc_1_2_i_1_xt_rsc_1_2_wait_ctrl(fast)
# Loading work.peaseNTT_core_xt_rsc_1_2_i_1_xt_rsc_1_2_wait_dp(fast)
# Loading work.peaseNTT_core_xt_rsc_1_3_i_1(fast)
# Loading work.peaseNTT_core_xt_rsc_1_3_i_1_xt_rsc_1_3_wait_ctrl(fast)
# Loading work.peaseNTT_core_xt_rsc_1_3_i_1_xt_rsc_1_3_wait_dp(fast)
# Loading work.peaseNTT_core_xt_rsc_1_4_i_1(fast)
# Loading work.peaseNTT_core_xt_rsc_1_4_i_1_xt_rsc_1_4_wait_ctrl(fast)
# Loading work.peaseNTT_core_xt_rsc_1_4_i_1_xt_rsc_1_4_wait_dp(fast)
# Loading work.peaseNTT_core_xt_rsc_1_5_i_1(fast)
# Loading work.peaseNTT_core_xt_rsc_1_5_i_1_xt_rsc_1_5_wait_ctrl(fast)
# Loading work.peaseNTT_core_xt_rsc_1_5_i_1_xt_rsc_1_5_wait_dp(fast)
# Loading work.peaseNTT_core_xt_rsc_1_6_i_1(fast)
# Loading work.peaseNTT_core_xt_rsc_1_6_i_1_xt_rsc_1_6_wait_ctrl(fast)
# Loading work.peaseNTT_core_xt_rsc_1_6_i_1_xt_rsc_1_6_wait_dp(fast)
# Loading work.peaseNTT_core_xt_rsc_1_7_i_1(fast)
# Loading work.peaseNTT_core_xt_rsc_1_7_i_1_xt_rsc_1_7_wait_ctrl(fast)
# Loading work.peaseNTT_core_xt_rsc_1_7_i_1_xt_rsc_1_7_wait_dp(fast)
# Loading work.peaseNTT_core_xt_rsc_1_8_i_1(fast)
# Loading work.peaseNTT_core_xt_rsc_1_8_i_1_xt_rsc_1_8_wait_ctrl(fast)
# Loading work.peaseNTT_core_xt_rsc_1_8_i_1_xt_rsc_1_8_wait_dp(fast)
# Loading work.peaseNTT_core_xt_rsc_1_9_i_1(fast)
# Loading work.peaseNTT_core_xt_rsc_1_9_i_1_xt_rsc_1_9_wait_ctrl(fast)
# Loading work.peaseNTT_core_xt_rsc_1_9_i_1_xt_rsc_1_9_wait_dp(fast)
# Loading work.peaseNTT_core_xt_rsc_1_10_i_1(fast)
# Loading work.peaseNTT_core_xt_rsc_1_10_i_1_xt_rsc_1_10_wait_ctrl(fast)
# Loading work.peaseNTT_core_xt_rsc_1_10_i_1_xt_rsc_1_10_wait_dp(fast)
# Loading work.peaseNTT_core_xt_rsc_1_11_i_1(fast)
# Loading work.peaseNTT_core_xt_rsc_1_11_i_1_xt_rsc_1_11_wait_ctrl(fast)
# Loading work.peaseNTT_core_xt_rsc_1_11_i_1_xt_rsc_1_11_wait_dp(fast)
# Loading work.peaseNTT_core_xt_rsc_1_12_i_1(fast)
# Loading work.peaseNTT_core_xt_rsc_1_12_i_1_xt_rsc_1_12_wait_ctrl(fast)
# Loading work.peaseNTT_core_xt_rsc_1_12_i_1_xt_rsc_1_12_wait_dp(fast)
# Loading work.peaseNTT_core_xt_rsc_1_13_i_1(fast)
# Loading work.peaseNTT_core_xt_rsc_1_13_i_1_xt_rsc_1_13_wait_ctrl(fast)
# Loading work.peaseNTT_core_xt_rsc_1_13_i_1_xt_rsc_1_13_wait_dp(fast)
# Loading work.peaseNTT_core_xt_rsc_1_14_i_1(fast)
# Loading work.peaseNTT_core_xt_rsc_1_14_i_1_xt_rsc_1_14_wait_ctrl(fast)
# Loading work.peaseNTT_core_xt_rsc_1_14_i_1_xt_rsc_1_14_wait_dp(fast)
# Loading work.peaseNTT_core_xt_rsc_1_15_i_1(fast)
# Loading work.peaseNTT_core_xt_rsc_1_15_i_1_xt_rsc_1_15_wait_ctrl(fast)
# Loading work.peaseNTT_core_xt_rsc_1_15_i_1_xt_rsc_1_15_wait_dp(fast)
# Loading work.peaseNTT_core_xt_rsc_1_16_i_1(fast)
# Loading work.peaseNTT_core_xt_rsc_1_16_i_1_xt_rsc_1_16_wait_ctrl(fast)
# Loading work.peaseNTT_core_xt_rsc_1_16_i_1_xt_rsc_1_16_wait_dp(fast)
# Loading work.peaseNTT_core_xt_rsc_1_17_i_1(fast)
# Loading work.peaseNTT_core_xt_rsc_1_17_i_1_xt_rsc_1_17_wait_ctrl(fast)
# Loading work.peaseNTT_core_xt_rsc_1_17_i_1_xt_rsc_1_17_wait_dp(fast)
# Loading work.peaseNTT_core_xt_rsc_1_18_i_1(fast)
# Loading work.peaseNTT_core_xt_rsc_1_18_i_1_xt_rsc_1_18_wait_ctrl(fast)
# Loading work.peaseNTT_core_xt_rsc_1_18_i_1_xt_rsc_1_18_wait_dp(fast)
# Loading work.peaseNTT_core_xt_rsc_1_19_i_1(fast)
# Loading work.peaseNTT_core_xt_rsc_1_19_i_1_xt_rsc_1_19_wait_ctrl(fast)
# Loading work.peaseNTT_core_xt_rsc_1_19_i_1_xt_rsc_1_19_wait_dp(fast)
# Loading work.peaseNTT_core_xt_rsc_1_20_i_1(fast)
# Loading work.peaseNTT_core_xt_rsc_1_20_i_1_xt_rsc_1_20_wait_ctrl(fast)
# Loading work.peaseNTT_core_xt_rsc_1_20_i_1_xt_rsc_1_20_wait_dp(fast)
# Loading work.peaseNTT_core_xt_rsc_1_21_i_1(fast)
# Loading work.peaseNTT_core_xt_rsc_1_21_i_1_xt_rsc_1_21_wait_ctrl(fast)
# Loading work.peaseNTT_core_xt_rsc_1_21_i_1_xt_rsc_1_21_wait_dp(fast)
# Loading work.peaseNTT_core_xt_rsc_1_22_i_1(fast)
# Loading work.peaseNTT_core_xt_rsc_1_22_i_1_xt_rsc_1_22_wait_ctrl(fast)
# Loading work.peaseNTT_core_xt_rsc_1_22_i_1_xt_rsc_1_22_wait_dp(fast)
# Loading work.peaseNTT_core_xt_rsc_1_23_i_1(fast)
# Loading work.peaseNTT_core_xt_rsc_1_23_i_1_xt_rsc_1_23_wait_ctrl(fast)
# Loading work.peaseNTT_core_xt_rsc_1_23_i_1_xt_rsc_1_23_wait_dp(fast)
# Loading work.peaseNTT_core_xt_rsc_1_24_i_1(fast)
# Loading work.peaseNTT_core_xt_rsc_1_24_i_1_xt_rsc_1_24_wait_ctrl(fast)
# Loading work.peaseNTT_core_xt_rsc_1_24_i_1_xt_rsc_1_24_wait_dp(fast)
# Loading work.peaseNTT_core_xt_rsc_1_25_i_1(fast)
# Loading work.peaseNTT_core_xt_rsc_1_25_i_1_xt_rsc_1_25_wait_ctrl(fast)
# Loading work.peaseNTT_core_xt_rsc_1_25_i_1_xt_rsc_1_25_wait_dp(fast)
# Loading work.peaseNTT_core_xt_rsc_1_26_i_1(fast)
# Loading work.peaseNTT_core_xt_rsc_1_26_i_1_xt_rsc_1_26_wait_ctrl(fast)
# Loading work.peaseNTT_core_xt_rsc_1_26_i_1_xt_rsc_1_26_wait_dp(fast)
# Loading work.peaseNTT_core_xt_rsc_1_27_i_1(fast)
# Loading work.peaseNTT_core_xt_rsc_1_27_i_1_xt_rsc_1_27_wait_ctrl(fast)
# Loading work.peaseNTT_core_xt_rsc_1_27_i_1_xt_rsc_1_27_wait_dp(fast)
# Loading work.peaseNTT_core_xt_rsc_1_28_i_1(fast)
# Loading work.peaseNTT_core_xt_rsc_1_28_i_1_xt_rsc_1_28_wait_ctrl(fast)
# Loading work.peaseNTT_core_xt_rsc_1_28_i_1_xt_rsc_1_28_wait_dp(fast)
# Loading work.peaseNTT_core_xt_rsc_1_29_i_1(fast)
# Loading work.peaseNTT_core_xt_rsc_1_29_i_1_xt_rsc_1_29_wait_ctrl(fast)
# Loading work.peaseNTT_core_xt_rsc_1_29_i_1_xt_rsc_1_29_wait_dp(fast)
# Loading work.peaseNTT_core_xt_rsc_1_30_i_1(fast)
# Loading work.peaseNTT_core_xt_rsc_1_30_i_1_xt_rsc_1_30_wait_ctrl(fast)
# Loading work.peaseNTT_core_xt_rsc_1_30_i_1_xt_rsc_1_30_wait_dp(fast)
# Loading work.peaseNTT_core_xt_rsc_1_31_i_1(fast)
# Loading work.peaseNTT_core_xt_rsc_1_31_i_1_xt_rsc_1_31_wait_ctrl(fast)
# Loading work.peaseNTT_core_xt_rsc_1_31_i_1_xt_rsc_1_31_wait_dp(fast)
# Loading work.peaseNTT_core_twiddle_rsc_0_0_i(fast)
# Loading work.ccs_axi4_slave_mem(fast)
# Loading work.peaseNTT_core_twiddle_rsc_0_0_i_twiddle_rsc_0_0_wait_ctrl(fast)
# Loading work.peaseNTT_core_twiddle_rsc_0_0_i_twiddle_rsc_0_0_wait_dp(fast)
# Loading work.peaseNTT_core_twiddle_rsc_0_1_i(fast)
# Loading work.peaseNTT_core_twiddle_rsc_0_1_i_twiddle_rsc_0_1_wait_ctrl(fast)
# Loading work.peaseNTT_core_twiddle_rsc_0_1_i_twiddle_rsc_0_1_wait_dp(fast)
# Loading work.peaseNTT_core_twiddle_rsc_0_2_i(fast)
# Loading work.peaseNTT_core_twiddle_rsc_0_2_i_twiddle_rsc_0_2_wait_ctrl(fast)
# Loading work.peaseNTT_core_twiddle_rsc_0_2_i_twiddle_rsc_0_2_wait_dp(fast)
# Loading work.peaseNTT_core_twiddle_rsc_0_3_i(fast)
# Loading work.peaseNTT_core_twiddle_rsc_0_3_i_twiddle_rsc_0_3_wait_ctrl(fast)
# Loading work.peaseNTT_core_twiddle_rsc_0_3_i_twiddle_rsc_0_3_wait_dp(fast)
# Loading work.peaseNTT_core_twiddle_rsc_0_4_i(fast)
# Loading work.peaseNTT_core_twiddle_rsc_0_4_i_twiddle_rsc_0_4_wait_ctrl(fast)
# Loading work.peaseNTT_core_twiddle_rsc_0_4_i_twiddle_rsc_0_4_wait_dp(fast)
# Loading work.peaseNTT_core_twiddle_rsc_0_5_i(fast)
# Loading work.peaseNTT_core_twiddle_rsc_0_5_i_twiddle_rsc_0_5_wait_ctrl(fast)
# Loading work.peaseNTT_core_twiddle_rsc_0_5_i_twiddle_rsc_0_5_wait_dp(fast)
# Loading work.peaseNTT_core_twiddle_rsc_0_6_i(fast)
# Loading work.peaseNTT_core_twiddle_rsc_0_6_i_twiddle_rsc_0_6_wait_ctrl(fast)
# Loading work.peaseNTT_core_twiddle_rsc_0_6_i_twiddle_rsc_0_6_wait_dp(fast)
# Loading work.peaseNTT_core_twiddle_rsc_0_7_i(fast)
# Loading work.peaseNTT_core_twiddle_rsc_0_7_i_twiddle_rsc_0_7_wait_ctrl(fast)
# Loading work.peaseNTT_core_twiddle_rsc_0_7_i_twiddle_rsc_0_7_wait_dp(fast)
# Loading work.peaseNTT_core_twiddle_rsc_0_8_i(fast)
# Loading work.peaseNTT_core_twiddle_rsc_0_8_i_twiddle_rsc_0_8_wait_ctrl(fast)
# Loading work.peaseNTT_core_twiddle_rsc_0_8_i_twiddle_rsc_0_8_wait_dp(fast)
# Loading work.peaseNTT_core_twiddle_rsc_0_9_i(fast)
# Loading work.peaseNTT_core_twiddle_rsc_0_9_i_twiddle_rsc_0_9_wait_ctrl(fast)
# Loading work.peaseNTT_core_twiddle_rsc_0_9_i_twiddle_rsc_0_9_wait_dp(fast)
# Loading work.peaseNTT_core_twiddle_rsc_0_10_i(fast)
# Loading work.peaseNTT_core_twiddle_rsc_0_10_i_twiddle_rsc_0_10_wait_ctrl(fast)
# Loading work.peaseNTT_core_twiddle_rsc_0_10_i_twiddle_rsc_0_10_wait_dp(fast)
# Loading work.peaseNTT_core_twiddle_rsc_0_11_i(fast)
# Loading work.peaseNTT_core_twiddle_rsc_0_11_i_twiddle_rsc_0_11_wait_ctrl(fast)
# Loading work.peaseNTT_core_twiddle_rsc_0_11_i_twiddle_rsc_0_11_wait_dp(fast)
# Loading work.peaseNTT_core_twiddle_rsc_0_12_i(fast)
# Loading work.peaseNTT_core_twiddle_rsc_0_12_i_twiddle_rsc_0_12_wait_ctrl(fast)
# Loading work.peaseNTT_core_twiddle_rsc_0_12_i_twiddle_rsc_0_12_wait_dp(fast)
# Loading work.peaseNTT_core_twiddle_rsc_0_13_i(fast)
# Loading work.peaseNTT_core_twiddle_rsc_0_13_i_twiddle_rsc_0_13_wait_ctrl(fast)
# Loading work.peaseNTT_core_twiddle_rsc_0_13_i_twiddle_rsc_0_13_wait_dp(fast)
# Loading work.peaseNTT_core_twiddle_rsc_0_14_i(fast)
# Loading work.peaseNTT_core_twiddle_rsc_0_14_i_twiddle_rsc_0_14_wait_ctrl(fast)
# Loading work.peaseNTT_core_twiddle_rsc_0_14_i_twiddle_rsc_0_14_wait_dp(fast)
# Loading work.peaseNTT_core_twiddle_rsc_0_15_i(fast)
# Loading work.peaseNTT_core_twiddle_rsc_0_15_i_twiddle_rsc_0_15_wait_ctrl(fast)
# Loading work.peaseNTT_core_twiddle_rsc_0_15_i_twiddle_rsc_0_15_wait_dp(fast)
# Loading work.peaseNTT_core_twiddle_h_rsc_0_0_i(fast)
# Loading work.peaseNTT_core_twiddle_h_rsc_0_0_i_twiddle_h_rsc_0_0_wait_ctrl(fast)
# Loading work.peaseNTT_core_twiddle_h_rsc_0_0_i_twiddle_h_rsc_0_0_wait_dp(fast)
# Loading work.peaseNTT_core_twiddle_h_rsc_0_1_i(fast)
# Loading work.peaseNTT_core_twiddle_h_rsc_0_1_i_twiddle_h_rsc_0_1_wait_ctrl(fast)
# Loading work.peaseNTT_core_twiddle_h_rsc_0_1_i_twiddle_h_rsc_0_1_wait_dp(fast)
# Loading work.peaseNTT_core_twiddle_h_rsc_0_2_i(fast)
# Loading work.peaseNTT_core_twiddle_h_rsc_0_2_i_twiddle_h_rsc_0_2_wait_ctrl(fast)
# Loading work.peaseNTT_core_twiddle_h_rsc_0_2_i_twiddle_h_rsc_0_2_wait_dp(fast)
# Loading work.peaseNTT_core_twiddle_h_rsc_0_3_i(fast)
# Loading work.peaseNTT_core_twiddle_h_rsc_0_3_i_twiddle_h_rsc_0_3_wait_ctrl(fast)
# Loading work.peaseNTT_core_twiddle_h_rsc_0_3_i_twiddle_h_rsc_0_3_wait_dp(fast)
# Loading work.peaseNTT_core_twiddle_h_rsc_0_4_i(fast)
# Loading work.peaseNTT_core_twiddle_h_rsc_0_4_i_twiddle_h_rsc_0_4_wait_ctrl(fast)
# Loading work.peaseNTT_core_twiddle_h_rsc_0_4_i_twiddle_h_rsc_0_4_wait_dp(fast)
# Loading work.peaseNTT_core_twiddle_h_rsc_0_5_i(fast)
# Loading work.peaseNTT_core_twiddle_h_rsc_0_5_i_twiddle_h_rsc_0_5_wait_ctrl(fast)
# Loading work.peaseNTT_core_twiddle_h_rsc_0_5_i_twiddle_h_rsc_0_5_wait_dp(fast)
# Loading work.peaseNTT_core_twiddle_h_rsc_0_6_i(fast)
# Loading work.peaseNTT_core_twiddle_h_rsc_0_6_i_twiddle_h_rsc_0_6_wait_ctrl(fast)
# Loading work.peaseNTT_core_twiddle_h_rsc_0_6_i_twiddle_h_rsc_0_6_wait_dp(fast)
# Loading work.peaseNTT_core_twiddle_h_rsc_0_7_i(fast)
# Loading work.peaseNTT_core_twiddle_h_rsc_0_7_i_twiddle_h_rsc_0_7_wait_ctrl(fast)
# Loading work.peaseNTT_core_twiddle_h_rsc_0_7_i_twiddle_h_rsc_0_7_wait_dp(fast)
# Loading work.peaseNTT_core_twiddle_h_rsc_0_8_i(fast)
# Loading work.peaseNTT_core_twiddle_h_rsc_0_8_i_twiddle_h_rsc_0_8_wait_ctrl(fast)
# Loading work.peaseNTT_core_twiddle_h_rsc_0_8_i_twiddle_h_rsc_0_8_wait_dp(fast)
# Loading work.peaseNTT_core_twiddle_h_rsc_0_9_i(fast)
# Loading work.peaseNTT_core_twiddle_h_rsc_0_9_i_twiddle_h_rsc_0_9_wait_ctrl(fast)
# Loading work.peaseNTT_core_twiddle_h_rsc_0_9_i_twiddle_h_rsc_0_9_wait_dp(fast)
# Loading work.peaseNTT_core_twiddle_h_rsc_0_10_i(fast)
# Loading work.peaseNTT_core_twiddle_h_rsc_0_10_i_twiddle_h_rsc_0_10_wait_ctrl(fast)
# Loading work.peaseNTT_core_twiddle_h_rsc_0_10_i_twiddle_h_rsc_0_10_wait_dp(fast)
# Loading work.peaseNTT_core_twiddle_h_rsc_0_11_i(fast)
# Loading work.peaseNTT_core_twiddle_h_rsc_0_11_i_twiddle_h_rsc_0_11_wait_ctrl(fast)
# Loading work.peaseNTT_core_twiddle_h_rsc_0_11_i_twiddle_h_rsc_0_11_wait_dp(fast)
# Loading work.peaseNTT_core_twiddle_h_rsc_0_12_i(fast)
# Loading work.peaseNTT_core_twiddle_h_rsc_0_12_i_twiddle_h_rsc_0_12_wait_ctrl(fast)
# Loading work.peaseNTT_core_twiddle_h_rsc_0_12_i_twiddle_h_rsc_0_12_wait_dp(fast)
# Loading work.peaseNTT_core_twiddle_h_rsc_0_13_i(fast)
# Loading work.peaseNTT_core_twiddle_h_rsc_0_13_i_twiddle_h_rsc_0_13_wait_ctrl(fast)
# Loading work.peaseNTT_core_twiddle_h_rsc_0_13_i_twiddle_h_rsc_0_13_wait_dp(fast)
# Loading work.peaseNTT_core_twiddle_h_rsc_0_14_i(fast)
# Loading work.peaseNTT_core_twiddle_h_rsc_0_14_i_twiddle_h_rsc_0_14_wait_ctrl(fast)
# Loading work.peaseNTT_core_twiddle_h_rsc_0_14_i_twiddle_h_rsc_0_14_wait_dp(fast)
# Loading work.peaseNTT_core_twiddle_h_rsc_0_15_i(fast)
# Loading work.peaseNTT_core_twiddle_h_rsc_0_15_i_twiddle_h_rsc_0_15_wait_ctrl(fast)
# Loading work.peaseNTT_core_twiddle_h_rsc_0_15_i_twiddle_h_rsc_0_15_wait_dp(fast)
# Loading work.peaseNTT_core_xt_rsc_triosy_1_31_obj(fast)
# Loading work.mgc_io_sync_v2(fast)
# Loading work.peaseNTT_core_xt_rsc_triosy_1_31_obj_xt_rsc_triosy_1_31_wait_ctrl(fast)
# Loading work.peaseNTT_core_xt_rsc_triosy_1_30_obj(fast)
# Loading work.peaseNTT_core_xt_rsc_triosy_1_30_obj_xt_rsc_triosy_1_30_wait_ctrl(fast)
# Loading work.peaseNTT_core_xt_rsc_triosy_1_29_obj(fast)
# Loading work.peaseNTT_core_xt_rsc_triosy_1_29_obj_xt_rsc_triosy_1_29_wait_ctrl(fast)
# Loading work.peaseNTT_core_xt_rsc_triosy_1_28_obj(fast)
# Loading work.peaseNTT_core_xt_rsc_triosy_1_28_obj_xt_rsc_triosy_1_28_wait_ctrl(fast)
# Loading work.peaseNTT_core_xt_rsc_triosy_1_27_obj(fast)
# Loading work.peaseNTT_core_xt_rsc_triosy_1_27_obj_xt_rsc_triosy_1_27_wait_ctrl(fast)
# Loading work.peaseNTT_core_xt_rsc_triosy_1_26_obj(fast)
# Loading work.peaseNTT_core_xt_rsc_triosy_1_26_obj_xt_rsc_triosy_1_26_wait_ctrl(fast)
# Loading work.peaseNTT_core_xt_rsc_triosy_1_25_obj(fast)
# Loading work.peaseNTT_core_xt_rsc_triosy_1_25_obj_xt_rsc_triosy_1_25_wait_ctrl(fast)
# Loading work.peaseNTT_core_xt_rsc_triosy_1_24_obj(fast)
# Loading work.peaseNTT_core_xt_rsc_triosy_1_24_obj_xt_rsc_triosy_1_24_wait_ctrl(fast)
# Loading work.peaseNTT_core_xt_rsc_triosy_1_23_obj(fast)
# Loading work.peaseNTT_core_xt_rsc_triosy_1_23_obj_xt_rsc_triosy_1_23_wait_ctrl(fast)
# Loading work.peaseNTT_core_xt_rsc_triosy_1_22_obj(fast)
# Loading work.peaseNTT_core_xt_rsc_triosy_1_22_obj_xt_rsc_triosy_1_22_wait_ctrl(fast)
# Loading work.peaseNTT_core_xt_rsc_triosy_1_21_obj(fast)
# Loading work.peaseNTT_core_xt_rsc_triosy_1_21_obj_xt_rsc_triosy_1_21_wait_ctrl(fast)
# Loading work.peaseNTT_core_xt_rsc_triosy_1_20_obj(fast)
# Loading work.peaseNTT_core_xt_rsc_triosy_1_20_obj_xt_rsc_triosy_1_20_wait_ctrl(fast)
# Loading work.peaseNTT_core_xt_rsc_triosy_1_19_obj(fast)
# Loading work.peaseNTT_core_xt_rsc_triosy_1_19_obj_xt_rsc_triosy_1_19_wait_ctrl(fast)
# Loading work.peaseNTT_core_xt_rsc_triosy_1_18_obj(fast)
# Loading work.peaseNTT_core_xt_rsc_triosy_1_18_obj_xt_rsc_triosy_1_18_wait_ctrl(fast)
# Loading work.peaseNTT_core_xt_rsc_triosy_1_17_obj(fast)
# Loading work.peaseNTT_core_xt_rsc_triosy_1_17_obj_xt_rsc_triosy_1_17_wait_ctrl(fast)
# Loading work.peaseNTT_core_xt_rsc_triosy_1_16_obj(fast)
# Loading work.peaseNTT_core_xt_rsc_triosy_1_16_obj_xt_rsc_triosy_1_16_wait_ctrl(fast)
# Loading work.peaseNTT_core_xt_rsc_triosy_1_15_obj(fast)
# Loading work.peaseNTT_core_xt_rsc_triosy_1_15_obj_xt_rsc_triosy_1_15_wait_ctrl(fast)
# Loading work.peaseNTT_core_xt_rsc_triosy_1_14_obj(fast)
# Loading work.peaseNTT_core_xt_rsc_triosy_1_14_obj_xt_rsc_triosy_1_14_wait_ctrl(fast)
# Loading work.peaseNTT_core_xt_rsc_triosy_1_13_obj(fast)
# Loading work.peaseNTT_core_xt_rsc_triosy_1_13_obj_xt_rsc_triosy_1_13_wait_ctrl(fast)
# Loading work.peaseNTT_core_xt_rsc_triosy_1_12_obj(fast)
# Loading work.peaseNTT_core_xt_rsc_triosy_1_12_obj_xt_rsc_triosy_1_12_wait_ctrl(fast)
# Loading work.peaseNTT_core_xt_rsc_triosy_1_11_obj(fast)
# Loading work.peaseNTT_core_xt_rsc_triosy_1_11_obj_xt_rsc_triosy_1_11_wait_ctrl(fast)
# Loading work.peaseNTT_core_xt_rsc_triosy_1_10_obj(fast)
# Loading work.peaseNTT_core_xt_rsc_triosy_1_10_obj_xt_rsc_triosy_1_10_wait_ctrl(fast)
# Loading work.peaseNTT_core_xt_rsc_triosy_1_9_obj(fast)
# Loading work.peaseNTT_core_xt_rsc_triosy_1_9_obj_xt_rsc_triosy_1_9_wait_ctrl(fast)
# Loading work.peaseNTT_core_xt_rsc_triosy_1_8_obj(fast)
# Loading work.peaseNTT_core_xt_rsc_triosy_1_8_obj_xt_rsc_triosy_1_8_wait_ctrl(fast)
# Loading work.peaseNTT_core_xt_rsc_triosy_1_7_obj(fast)
# Loading work.peaseNTT_core_xt_rsc_triosy_1_7_obj_xt_rsc_triosy_1_7_wait_ctrl(fast)
# Loading work.peaseNTT_core_xt_rsc_triosy_1_6_obj(fast)
# Loading work.peaseNTT_core_xt_rsc_triosy_1_6_obj_xt_rsc_triosy_1_6_wait_ctrl(fast)
# Loading work.peaseNTT_core_xt_rsc_triosy_1_5_obj(fast)
# Loading work.peaseNTT_core_xt_rsc_triosy_1_5_obj_xt_rsc_triosy_1_5_wait_ctrl(fast)
# Loading work.peaseNTT_core_xt_rsc_triosy_1_4_obj(fast)
# Loading work.peaseNTT_core_xt_rsc_triosy_1_4_obj_xt_rsc_triosy_1_4_wait_ctrl(fast)
# Loading work.peaseNTT_core_xt_rsc_triosy_1_3_obj(fast)
# Loading work.peaseNTT_core_xt_rsc_triosy_1_3_obj_xt_rsc_triosy_1_3_wait_ctrl(fast)
# Loading work.peaseNTT_core_xt_rsc_triosy_1_2_obj(fast)
# Loading work.peaseNTT_core_xt_rsc_triosy_1_2_obj_xt_rsc_triosy_1_2_wait_ctrl(fast)
# Loading work.peaseNTT_core_xt_rsc_triosy_1_1_obj(fast)
# Loading work.peaseNTT_core_xt_rsc_triosy_1_1_obj_xt_rsc_triosy_1_1_wait_ctrl(fast)
# Loading work.peaseNTT_core_xt_rsc_triosy_1_0_obj(fast)
# Loading work.peaseNTT_core_xt_rsc_triosy_1_0_obj_xt_rsc_triosy_1_0_wait_ctrl(fast)
# Loading work.peaseNTT_core_xt_rsc_triosy_0_31_obj(fast)
# Loading work.peaseNTT_core_xt_rsc_triosy_0_31_obj_xt_rsc_triosy_0_31_wait_ctrl(fast)
# Loading work.peaseNTT_core_xt_rsc_triosy_0_30_obj(fast)
# Loading work.peaseNTT_core_xt_rsc_triosy_0_30_obj_xt_rsc_triosy_0_30_wait_ctrl(fast)
# Loading work.peaseNTT_core_xt_rsc_triosy_0_29_obj(fast)
# Loading work.peaseNTT_core_xt_rsc_triosy_0_29_obj_xt_rsc_triosy_0_29_wait_ctrl(fast)
# Loading work.peaseNTT_core_xt_rsc_triosy_0_28_obj(fast)
# Loading work.peaseNTT_core_xt_rsc_triosy_0_28_obj_xt_rsc_triosy_0_28_wait_ctrl(fast)
# Loading work.peaseNTT_core_xt_rsc_triosy_0_27_obj(fast)
# Loading work.peaseNTT_core_xt_rsc_triosy_0_27_obj_xt_rsc_triosy_0_27_wait_ctrl(fast)
# Loading work.peaseNTT_core_xt_rsc_triosy_0_26_obj(fast)
# Loading work.peaseNTT_core_xt_rsc_triosy_0_26_obj_xt_rsc_triosy_0_26_wait_ctrl(fast)
# Loading work.peaseNTT_core_xt_rsc_triosy_0_25_obj(fast)
# Loading work.peaseNTT_core_xt_rsc_triosy_0_25_obj_xt_rsc_triosy_0_25_wait_ctrl(fast)
# Loading work.peaseNTT_core_xt_rsc_triosy_0_24_obj(fast)
# Loading work.peaseNTT_core_xt_rsc_triosy_0_24_obj_xt_rsc_triosy_0_24_wait_ctrl(fast)
# Loading work.peaseNTT_core_xt_rsc_triosy_0_23_obj(fast)
# Loading work.peaseNTT_core_xt_rsc_triosy_0_23_obj_xt_rsc_triosy_0_23_wait_ctrl(fast)
# Loading work.peaseNTT_core_xt_rsc_triosy_0_22_obj(fast)
# Loading work.peaseNTT_core_xt_rsc_triosy_0_22_obj_xt_rsc_triosy_0_22_wait_ctrl(fast)
# Loading work.peaseNTT_core_xt_rsc_triosy_0_21_obj(fast)
# Loading work.peaseNTT_core_xt_rsc_triosy_0_21_obj_xt_rsc_triosy_0_21_wait_ctrl(fast)
# Loading work.peaseNTT_core_xt_rsc_triosy_0_20_obj(fast)
# Loading work.peaseNTT_core_xt_rsc_triosy_0_20_obj_xt_rsc_triosy_0_20_wait_ctrl(fast)
# Loading work.peaseNTT_core_xt_rsc_triosy_0_19_obj(fast)
# Loading work.peaseNTT_core_xt_rsc_triosy_0_19_obj_xt_rsc_triosy_0_19_wait_ctrl(fast)
# Loading work.peaseNTT_core_xt_rsc_triosy_0_18_obj(fast)
# Loading work.peaseNTT_core_xt_rsc_triosy_0_18_obj_xt_rsc_triosy_0_18_wait_ctrl(fast)
# Loading work.peaseNTT_core_xt_rsc_triosy_0_17_obj(fast)
# Loading work.peaseNTT_core_xt_rsc_triosy_0_17_obj_xt_rsc_triosy_0_17_wait_ctrl(fast)
# Loading work.peaseNTT_core_xt_rsc_triosy_0_16_obj(fast)
# Loading work.peaseNTT_core_xt_rsc_triosy_0_16_obj_xt_rsc_triosy_0_16_wait_ctrl(fast)
# Loading work.peaseNTT_core_xt_rsc_triosy_0_15_obj(fast)
# Loading work.peaseNTT_core_xt_rsc_triosy_0_15_obj_xt_rsc_triosy_0_15_wait_ctrl(fast)
# Loading work.peaseNTT_core_xt_rsc_triosy_0_14_obj(fast)
# Loading work.peaseNTT_core_xt_rsc_triosy_0_14_obj_xt_rsc_triosy_0_14_wait_ctrl(fast)
# Loading work.peaseNTT_core_xt_rsc_triosy_0_13_obj(fast)
# Loading work.peaseNTT_core_xt_rsc_triosy_0_13_obj_xt_rsc_triosy_0_13_wait_ctrl(fast)
# Loading work.peaseNTT_core_xt_rsc_triosy_0_12_obj(fast)
# Loading work.peaseNTT_core_xt_rsc_triosy_0_12_obj_xt_rsc_triosy_0_12_wait_ctrl(fast)
# Loading work.peaseNTT_core_xt_rsc_triosy_0_11_obj(fast)
# Loading work.peaseNTT_core_xt_rsc_triosy_0_11_obj_xt_rsc_triosy_0_11_wait_ctrl(fast)
# Loading work.peaseNTT_core_xt_rsc_triosy_0_10_obj(fast)
# Loading work.peaseNTT_core_xt_rsc_triosy_0_10_obj_xt_rsc_triosy_0_10_wait_ctrl(fast)
# Loading work.peaseNTT_core_xt_rsc_triosy_0_9_obj(fast)
# Loading work.peaseNTT_core_xt_rsc_triosy_0_9_obj_xt_rsc_triosy_0_9_wait_ctrl(fast)
# Loading work.peaseNTT_core_xt_rsc_triosy_0_8_obj(fast)
# Loading work.peaseNTT_core_xt_rsc_triosy_0_8_obj_xt_rsc_triosy_0_8_wait_ctrl(fast)
# Loading work.peaseNTT_core_xt_rsc_triosy_0_7_obj(fast)
# Loading work.peaseNTT_core_xt_rsc_triosy_0_7_obj_xt_rsc_triosy_0_7_wait_ctrl(fast)
# Loading work.peaseNTT_core_xt_rsc_triosy_0_6_obj(fast)
# Loading work.peaseNTT_core_xt_rsc_triosy_0_6_obj_xt_rsc_triosy_0_6_wait_ctrl(fast)
# Loading work.peaseNTT_core_xt_rsc_triosy_0_5_obj(fast)
# Loading work.peaseNTT_core_xt_rsc_triosy_0_5_obj_xt_rsc_triosy_0_5_wait_ctrl(fast)
# Loading work.peaseNTT_core_xt_rsc_triosy_0_4_obj(fast)
# Loading work.peaseNTT_core_xt_rsc_triosy_0_4_obj_xt_rsc_triosy_0_4_wait_ctrl(fast)
# Loading work.peaseNTT_core_xt_rsc_triosy_0_3_obj(fast)
# Loading work.peaseNTT_core_xt_rsc_triosy_0_3_obj_xt_rsc_triosy_0_3_wait_ctrl(fast)
# Loading work.peaseNTT_core_xt_rsc_triosy_0_2_obj(fast)
# Loading work.peaseNTT_core_xt_rsc_triosy_0_2_obj_xt_rsc_triosy_0_2_wait_ctrl(fast)
# Loading work.peaseNTT_core_xt_rsc_triosy_0_1_obj(fast)
# Loading work.peaseNTT_core_xt_rsc_triosy_0_1_obj_xt_rsc_triosy_0_1_wait_ctrl(fast)
# Loading work.peaseNTT_core_xt_rsc_triosy_0_0_obj(fast)
# Loading work.peaseNTT_core_xt_rsc_triosy_0_0_obj_xt_rsc_triosy_0_0_wait_ctrl(fast)
# Loading work.peaseNTT_core_p_rsc_triosy_obj(fast)
# Loading work.peaseNTT_core_p_rsc_triosy_obj_p_rsc_triosy_wait_ctrl(fast)
# Loading work.peaseNTT_core_r_rsc_triosy_obj(fast)
# Loading work.peaseNTT_core_r_rsc_triosy_obj_r_rsc_triosy_wait_ctrl(fast)
# Loading work.peaseNTT_core_twiddle_rsc_triosy_0_15_obj(fast)
# Loading work.peaseNTT_core_twiddle_rsc_triosy_0_15_obj_twiddle_rsc_triosy_0_15_wait_ctrl(fast)
# Loading work.peaseNTT_core_twiddle_rsc_triosy_0_14_obj(fast)
# Loading work.peaseNTT_core_twiddle_rsc_triosy_0_14_obj_twiddle_rsc_triosy_0_14_wait_ctrl(fast)
# Loading work.peaseNTT_core_twiddle_rsc_triosy_0_13_obj(fast)
# Loading work.peaseNTT_core_twiddle_rsc_triosy_0_13_obj_twiddle_rsc_triosy_0_13_wait_ctrl(fast)
# Loading work.peaseNTT_core_twiddle_rsc_triosy_0_12_obj(fast)
# Loading work.peaseNTT_core_twiddle_rsc_triosy_0_12_obj_twiddle_rsc_triosy_0_12_wait_ctrl(fast)
# Loading work.peaseNTT_core_twiddle_rsc_triosy_0_11_obj(fast)
# Loading work.peaseNTT_core_twiddle_rsc_triosy_0_11_obj_twiddle_rsc_triosy_0_11_wait_ctrl(fast)
# Loading work.peaseNTT_core_twiddle_rsc_triosy_0_10_obj(fast)
# Loading work.peaseNTT_core_twiddle_rsc_triosy_0_10_obj_twiddle_rsc_triosy_0_10_wait_ctrl(fast)
# Loading work.peaseNTT_core_twiddle_rsc_triosy_0_9_obj(fast)
# Loading work.peaseNTT_core_twiddle_rsc_triosy_0_9_obj_twiddle_rsc_triosy_0_9_wait_ctrl(fast)
# Loading work.peaseNTT_core_twiddle_rsc_triosy_0_8_obj(fast)
# Loading work.peaseNTT_core_twiddle_rsc_triosy_0_8_obj_twiddle_rsc_triosy_0_8_wait_ctrl(fast)
# Loading work.peaseNTT_core_twiddle_rsc_triosy_0_7_obj(fast)
# Loading work.peaseNTT_core_twiddle_rsc_triosy_0_7_obj_twiddle_rsc_triosy_0_7_wait_ctrl(fast)
# Loading work.peaseNTT_core_twiddle_rsc_triosy_0_6_obj(fast)
# Loading work.peaseNTT_core_twiddle_rsc_triosy_0_6_obj_twiddle_rsc_triosy_0_6_wait_ctrl(fast)
# Loading work.peaseNTT_core_twiddle_rsc_triosy_0_5_obj(fast)
# Loading work.peaseNTT_core_twiddle_rsc_triosy_0_5_obj_twiddle_rsc_triosy_0_5_wait_ctrl(fast)
# Loading work.peaseNTT_core_twiddle_rsc_triosy_0_4_obj(fast)
# Loading work.peaseNTT_core_twiddle_rsc_triosy_0_4_obj_twiddle_rsc_triosy_0_4_wait_ctrl(fast)
# Loading work.peaseNTT_core_twiddle_rsc_triosy_0_3_obj(fast)
# Loading work.peaseNTT_core_twiddle_rsc_triosy_0_3_obj_twiddle_rsc_triosy_0_3_wait_ctrl(fast)
# Loading work.peaseNTT_core_twiddle_rsc_triosy_0_2_obj(fast)
# Loading work.peaseNTT_core_twiddle_rsc_triosy_0_2_obj_twiddle_rsc_triosy_0_2_wait_ctrl(fast)
# Loading work.peaseNTT_core_twiddle_rsc_triosy_0_1_obj(fast)
# Loading work.peaseNTT_core_twiddle_rsc_triosy_0_1_obj_twiddle_rsc_triosy_0_1_wait_ctrl(fast)
# Loading work.peaseNTT_core_twiddle_rsc_triosy_0_0_obj(fast)
# Loading work.peaseNTT_core_twiddle_rsc_triosy_0_0_obj_twiddle_rsc_triosy_0_0_wait_ctrl(fast)
# Loading work.peaseNTT_core_twiddle_h_rsc_triosy_0_15_obj(fast)
# Loading work.peaseNTT_core_twiddle_h_rsc_triosy_0_15_obj_twiddle_h_rsc_triosy_0_15_wait_ctrl(fast)
# Loading work.peaseNTT_core_twiddle_h_rsc_triosy_0_14_obj(fast)
# Loading work.peaseNTT_core_twiddle_h_rsc_triosy_0_14_obj_twiddle_h_rsc_triosy_0_14_wait_ctrl(fast)
# Loading work.peaseNTT_core_twiddle_h_rsc_triosy_0_13_obj(fast)
# Loading work.peaseNTT_core_twiddle_h_rsc_triosy_0_13_obj_twiddle_h_rsc_triosy_0_13_wait_ctrl(fast)
# Loading work.peaseNTT_core_twiddle_h_rsc_triosy_0_12_obj(fast)
# Loading work.peaseNTT_core_twiddle_h_rsc_triosy_0_12_obj_twiddle_h_rsc_triosy_0_12_wait_ctrl(fast)
# Loading work.peaseNTT_core_twiddle_h_rsc_triosy_0_11_obj(fast)
# Loading work.peaseNTT_core_twiddle_h_rsc_triosy_0_11_obj_twiddle_h_rsc_triosy_0_11_wait_ctrl(fast)
# Loading work.peaseNTT_core_twiddle_h_rsc_triosy_0_10_obj(fast)
# Loading work.peaseNTT_core_twiddle_h_rsc_triosy_0_10_obj_twiddle_h_rsc_triosy_0_10_wait_ctrl(fast)
# Loading work.peaseNTT_core_twiddle_h_rsc_triosy_0_9_obj(fast)
# Loading work.peaseNTT_core_twiddle_h_rsc_triosy_0_9_obj_twiddle_h_rsc_triosy_0_9_wait_ctrl(fast)
# Loading work.peaseNTT_core_twiddle_h_rsc_triosy_0_8_obj(fast)
# Loading work.peaseNTT_core_twiddle_h_rsc_triosy_0_8_obj_twiddle_h_rsc_triosy_0_8_wait_ctrl(fast)
# Loading work.peaseNTT_core_twiddle_h_rsc_triosy_0_7_obj(fast)
# Loading work.peaseNTT_core_twiddle_h_rsc_triosy_0_7_obj_twiddle_h_rsc_triosy_0_7_wait_ctrl(fast)
# Loading work.peaseNTT_core_twiddle_h_rsc_triosy_0_6_obj(fast)
# Loading work.peaseNTT_core_twiddle_h_rsc_triosy_0_6_obj_twiddle_h_rsc_triosy_0_6_wait_ctrl(fast)
# Loading work.peaseNTT_core_twiddle_h_rsc_triosy_0_5_obj(fast)
# Loading work.peaseNTT_core_twiddle_h_rsc_triosy_0_5_obj_twiddle_h_rsc_triosy_0_5_wait_ctrl(fast)
# Loading work.peaseNTT_core_twiddle_h_rsc_triosy_0_4_obj(fast)
# Loading work.peaseNTT_core_twiddle_h_rsc_triosy_0_4_obj_twiddle_h_rsc_triosy_0_4_wait_ctrl(fast)
# Loading work.peaseNTT_core_twiddle_h_rsc_triosy_0_3_obj(fast)
# Loading work.peaseNTT_core_twiddle_h_rsc_triosy_0_3_obj_twiddle_h_rsc_triosy_0_3_wait_ctrl(fast)
# Loading work.peaseNTT_core_twiddle_h_rsc_triosy_0_2_obj(fast)
# Loading work.peaseNTT_core_twiddle_h_rsc_triosy_0_2_obj_twiddle_h_rsc_triosy_0_2_wait_ctrl(fast)
# Loading work.peaseNTT_core_twiddle_h_rsc_triosy_0_1_obj(fast)
# Loading work.peaseNTT_core_twiddle_h_rsc_triosy_0_1_obj_twiddle_h_rsc_triosy_0_1_wait_ctrl(fast)
# Loading work.peaseNTT_core_twiddle_h_rsc_triosy_0_0_obj(fast)
# Loading work.peaseNTT_core_twiddle_h_rsc_triosy_0_0_obj_twiddle_h_rsc_triosy_0_0_wait_ctrl(fast)
# Loading work.peaseNTT_core_staller(fast)
# Loading work.peaseNTT_core_core_fsm(fast)
# ** Warning: (vsim-4029) The fifo '/scverify_top/user_tb/xt_golden'
# (and any connected ports) is undebuggable as the tlm fifo size specified is '-1'. A tlm fifo with an infinite size is not debuggable.
# ** Warning: (vsim-4029) The fifo '/scverify_top/TLS_in_wait_ctrl_fifo_twiddle_h'
# (and any connected ports) is undebuggable as the tlm fifo size specified is '-1'. A tlm fifo with an infinite size is not debuggable.
# ** Warning: (vsim-4029) The fifo '/scverify_top/TLS_in_fifo_twiddle_h'
# (and any connected ports) is undebuggable as the tlm fifo size specified is '-1'. A tlm fifo with an infinite size is not debuggable.
# ** Warning: (vsim-4029) The fifo '/scverify_top/TLS_in_wait_ctrl_fifo_twiddle'
# (and any connected ports) is undebuggable as the tlm fifo size specified is '-1'. A tlm fifo with an infinite size is not debuggable.
# ** Warning: (vsim-4029) The fifo '/scverify_top/TLS_in_fifo_twiddle'
# (and any connected ports) is undebuggable as the tlm fifo size specified is '-1'. A tlm fifo with an infinite size is not debuggable.
# ** Warning: (vsim-4029) The fifo '/scverify_top/TLS_in_wait_ctrl_fifo_r'
# (and any connected ports) is undebuggable as the tlm fifo size specified is '-1'. A tlm fifo with an infinite size is not debuggable.
# ** Warning: (vsim-4029) The fifo '/scverify_top/TLS_in_fifo_r'
# (and any connected ports) is undebuggable as the tlm fifo size specified is '-1'. A tlm fifo with an infinite size is not debuggable.
# ** Warning: (vsim-4029) The fifo '/scverify_top/TLS_in_wait_ctrl_fifo_p'
# (and any connected ports) is undebuggable as the tlm fifo size specified is '-1'. A tlm fifo with an infinite size is not debuggable.
# ** Warning: (vsim-4029) The fifo '/scverify_top/TLS_in_fifo_p'
# (and any connected ports) is undebuggable as the tlm fifo size specified is '-1'. A tlm fifo with an infinite size is not debuggable.
# ** Warning: (vsim-4029) The fifo '/scverify_top/TLS_out_wait_ctrl_fifo_xt'
# (and any connected ports) is undebuggable as the tlm fifo size specified is '-1'. A tlm fifo with an infinite size is not debuggable.
# ** Warning: (vsim-4029) The fifo '/scverify_top/TLS_out_fifo_xt'
# (and any connected ports) is undebuggable as the tlm fifo size specified is '-1'. A tlm fifo with an infinite size is not debuggable.
# ** Warning: (vsim-4029) The fifo '/scverify_top/TLS_in_wait_ctrl_fifo_xt'
# (and any connected ports) is undebuggable as the tlm fifo size specified is '-1'. A tlm fifo with an infinite size is not debuggable.
# ** Warning: (vsim-4029) The fifo '/scverify_top/TLS_in_fifo_xt'
# (and any connected ports) is undebuggable as the tlm fifo size specified is '-1'. A tlm fifo with an infinite size is not debuggable.
# ** Warning: (vsim-3991) The variable '_phase' in the class 'ccs_axi4_slave_mem_trans_rsc<64, 32, 32, false, 0, 12, 32, 1, 1, 1, 0U, 0U>' is undebuggable because its name
# collides with a variable in its base class. (/opt/mentorgraphics/Catapult_10.5c/Mgc_home/pkgs/ccs_libs/interfaces/amba/ccs_axi4_slave_mem_trans_rsc.h, 656)
# ** Warning: (vsim-3991) The variable '_phase' in the class 'ccs_axi4_slave_mem_trans_rsc<64, 32, 32, false, 0, 12, 32, 1, 1, 1, 0U, 0U>' is undebuggable because its name
# collides with a variable in its base class. (/opt/mentorgraphics/Catapult_10.5c/Mgc_home/pkgs/ccs_libs/interfaces/amba/ccs_axi4_slave_mem_trans_rsc.h, 656)
# ** Warning: (vsim-3991) The variable '_phase' in the class 'ccs_axi4_slave_mem_trans_rsc<64, 32, 32, false, 0, 12, 32, 1, 1, 1, 0U, 0U>' is undebuggable because its name
# collides with a variable in its base class. (/opt/mentorgraphics/Catapult_10.5c/Mgc_home/pkgs/ccs_libs/interfaces/amba/ccs_axi4_slave_mem_trans_rsc.h, 656)
# ** Warning: (vsim-3991) The variable '_phase' in the class 'ccs_axi4_slave_mem_trans_rsc<64, 32, 32, false, 0, 12, 32, 1, 1, 1, 0U, 0U>' is undebuggable because its name
# collides with a variable in its base class. (/opt/mentorgraphics/Catapult_10.5c/Mgc_home/pkgs/ccs_libs/interfaces/amba/ccs_axi4_slave_mem_trans_rsc.h, 656)
# ** Warning: (vsim-3991) The variable '_phase' in the class 'ccs_axi4_slave_mem_trans_rsc<64, 32, 32, false, 0, 12, 32, 1, 1, 1, 0U, 0U>' is undebuggable because its name
# collides with a variable in its base class. (/opt/mentorgraphics/Catapult_10.5c/Mgc_home/pkgs/ccs_libs/interfaces/amba/ccs_axi4_slave_mem_trans_rsc.h, 656)
# ** Warning: (vsim-3991) The variable '_phase' in the class 'ccs_axi4_slave_mem_trans_rsc<64, 32, 32, false, 0, 12, 32, 1, 1, 1, 0U, 0U>' is undebuggable because its name
# collides with a variable in its base class. (/opt/mentorgraphics/Catapult_10.5c/Mgc_home/pkgs/ccs_libs/interfaces/amba/ccs_axi4_slave_mem_trans_rsc.h, 656)
# ** Warning: (vsim-3991) The variable '_phase' in the class 'ccs_axi4_slave_mem_trans_rsc<64, 32, 32, false, 0, 12, 32, 1, 1, 1, 0U, 0U>' is undebuggable because its name
# collides with a variable in its base class. (/opt/mentorgraphics/Catapult_10.5c/Mgc_home/pkgs/ccs_libs/interfaces/amba/ccs_axi4_slave_mem_trans_rsc.h, 656)
# ** Warning: (vsim-3991) The variable '_phase' in the class 'ccs_axi4_slave_mem_trans_rsc<64, 32, 32, false, 0, 12, 32, 1, 1, 1, 0U, 0U>' is undebuggable because its name
# collides with a variable in its base class. (/opt/mentorgraphics/Catapult_10.5c/Mgc_home/pkgs/ccs_libs/interfaces/amba/ccs_axi4_slave_mem_trans_rsc.h, 656)
# ** Warning: (vsim-3991) The variable '_phase' in the class 'ccs_axi4_slave_mem_trans_rsc<64, 32, 32, false, 0, 12, 32, 1, 1, 1, 0U, 0U>' is undebuggable because its name
# collides with a variable in its base class. (/opt/mentorgraphics/Catapult_10.5c/Mgc_home/pkgs/ccs_libs/interfaces/amba/ccs_axi4_slave_mem_trans_rsc.h, 656)
# ** Warning: (vsim-3991) The variable '_phase' in the class 'ccs_axi4_slave_mem_trans_rsc<64, 32, 32, false, 0, 12, 32, 1, 1, 1, 0U, 0U>' is undebuggable because its name
# collides with a variable in its base class. (/opt/mentorgraphics/Catapult_10.5c/Mgc_home/pkgs/ccs_libs/interfaces/amba/ccs_axi4_slave_mem_trans_rsc.h, 656)
# ** Warning: (vsim-3991) The variable '_phase' in the class 'ccs_axi4_slave_mem_trans_rsc<64, 32, 32, false, 0, 12, 32, 1, 1, 1, 0U, 0U>' is undebuggable because its name
# collides with a variable in its base class. (/opt/mentorgraphics/Catapult_10.5c/Mgc_home/pkgs/ccs_libs/interfaces/amba/ccs_axi4_slave_mem_trans_rsc.h, 656)
# ** Warning: (vsim-3991) The variable '_phase' in the class 'ccs_axi4_slave_mem_trans_rsc<64, 32, 32, false, 0, 12, 32, 1, 1, 1, 0U, 0U>' is undebuggable because its name
# collides with a variable in its base class. (/opt/mentorgraphics/Catapult_10.5c/Mgc_home/pkgs/ccs_libs/interfaces/amba/ccs_axi4_slave_mem_trans_rsc.h, 656)
# ** Warning: (vsim-3991) The variable '_phase' in the class 'ccs_axi4_slave_mem_trans_rsc<64, 32, 32, false, 0, 12, 32, 1, 1, 1, 0U, 0U>' is undebuggable because its name
# collides with a variable in its base class. (/opt/mentorgraphics/Catapult_10.5c/Mgc_home/pkgs/ccs_libs/interfaces/amba/ccs_axi4_slave_mem_trans_rsc.h, 656)
# ** Warning: (vsim-3991) The variable '_phase' in the class 'ccs_axi4_slave_mem_trans_rsc<64, 32, 32, false, 0, 12, 32, 1, 1, 1, 0U, 0U>' is undebuggable because its name
# collides with a variable in its base class. (/opt/mentorgraphics/Catapult_10.5c/Mgc_home/pkgs/ccs_libs/interfaces/amba/ccs_axi4_slave_mem_trans_rsc.h, 656)
# ** Warning: (vsim-3991) The variable '_phase' in the class 'ccs_axi4_slave_mem_trans_rsc<64, 32, 32, false, 0, 12, 32, 1, 1, 1, 0U, 0U>' is undebuggable because its name
# collides with a variable in its base class. (/opt/mentorgraphics/Catapult_10.5c/Mgc_home/pkgs/ccs_libs/interfaces/amba/ccs_axi4_slave_mem_trans_rsc.h, 656)
# ** Warning: (vsim-3991) The variable '_phase' in the class 'ccs_axi4_slave_mem_trans_rsc<64, 32, 32, false, 0, 12, 32, 1, 1, 1, 0U, 0U>' is undebuggable because its name
# collides with a variable in its base class. (/opt/mentorgraphics/Catapult_10.5c/Mgc_home/pkgs/ccs_libs/interfaces/amba/ccs_axi4_slave_mem_trans_rsc.h, 656)
# ** Warning: (vsim-3991) The variable '_phase' in the class 'ccs_axi4_slave_mem_trans_rsc<64, 32, 32, false, 0, 12, 32, 1, 1, 1, 0U, 0U>' is undebuggable because its name
# collides with a variable in its base class. (/opt/mentorgraphics/Catapult_10.5c/Mgc_home/pkgs/ccs_libs/interfaces/amba/ccs_axi4_slave_mem_trans_rsc.h, 656)
# ** Warning: (vsim-3991) The variable '_phase' in the class 'ccs_axi4_slave_mem_trans_rsc<64, 32, 32, false, 0, 12, 32, 1, 1, 1, 0U, 0U>' is undebuggable because its name
# collides with a variable in its base class. (/opt/mentorgraphics/Catapult_10.5c/Mgc_home/pkgs/ccs_libs/interfaces/amba/ccs_axi4_slave_mem_trans_rsc.h, 656)
# ** Warning: (vsim-3991) The variable '_phase' in the class 'ccs_axi4_slave_mem_trans_rsc<64, 32, 32, false, 0, 12, 32, 1, 1, 1, 0U, 0U>' is undebuggable because its name
# collides with a variable in its base class. (/opt/mentorgraphics/Catapult_10.5c/Mgc_home/pkgs/ccs_libs/interfaces/amba/ccs_axi4_slave_mem_trans_rsc.h, 656)
# ** Warning: (vsim-3991) The variable '_phase' in the class 'ccs_axi4_slave_mem_trans_rsc<64, 32, 32, false, 0, 12, 32, 1, 1, 1, 0U, 0U>' is undebuggable because its name
# collides with a variable in its base class. (/opt/mentorgraphics/Catapult_10.5c/Mgc_home/pkgs/ccs_libs/interfaces/amba/ccs_axi4_slave_mem_trans_rsc.h, 656)
# ** Warning: (vsim-3991) The variable '_phase' in the class 'ccs_axi4_slave_mem_trans_rsc<64, 32, 32, false, 0, 12, 32, 1, 1, 1, 0U, 0U>' is undebuggable because its name
# collides with a variable in its base class. (/opt/mentorgraphics/Catapult_10.5c/Mgc_home/pkgs/ccs_libs/interfaces/amba/ccs_axi4_slave_mem_trans_rsc.h, 656)
# ** Warning: (vsim-3991) The variable '_phase' in the class 'ccs_axi4_slave_mem_trans_rsc<64, 32, 32, false, 0, 12, 32, 1, 1, 1, 0U, 0U>' is undebuggable because its name
# collides with a variable in its base class. (/opt/mentorgraphics/Catapult_10.5c/Mgc_home/pkgs/ccs_libs/interfaces/amba/ccs_axi4_slave_mem_trans_rsc.h, 656)
# ** Warning: (vsim-3991) The variable '_phase' in the class 'ccs_axi4_slave_mem_trans_rsc<64, 32, 32, false, 0, 12, 32, 1, 1, 1, 0U, 0U>' is undebuggable because its name
# collides with a variable in its base class. (/opt/mentorgraphics/Catapult_10.5c/Mgc_home/pkgs/ccs_libs/interfaces/amba/ccs_axi4_slave_mem_trans_rsc.h, 656)
# ** Warning: (vsim-3991) The variable '_phase' in the class 'ccs_axi4_slave_mem_trans_rsc<64, 32, 32, false, 0, 12, 32, 1, 1, 1, 0U, 0U>' is undebuggable because its name
# collides with a variable in its base class. (/opt/mentorgraphics/Catapult_10.5c/Mgc_home/pkgs/ccs_libs/interfaces/amba/ccs_axi4_slave_mem_trans_rsc.h, 656)
# ** Warning: (vsim-3991) The variable '_phase' in the class 'ccs_axi4_slave_mem_trans_rsc<64, 32, 32, false, 0, 12, 32, 1, 1, 1, 0U, 0U>' is undebuggable because its name
# collides with a variable in its base class. (/opt/mentorgraphics/Catapult_10.5c/Mgc_home/pkgs/ccs_libs/interfaces/amba/ccs_axi4_slave_mem_trans_rsc.h, 656)
# ** Warning: (vsim-3991) The variable '_phase' in the class 'ccs_axi4_slave_mem_trans_rsc<64, 32, 32, false, 0, 12, 32, 1, 1, 1, 0U, 0U>' is undebuggable because its name
# collides with a variable in its base class. (/opt/mentorgraphics/Catapult_10.5c/Mgc_home/pkgs/ccs_libs/interfaces/amba/ccs_axi4_slave_mem_trans_rsc.h, 656)
# ** Warning: (vsim-3991) The variable '_phase' in the class 'ccs_axi4_slave_mem_trans_rsc<64, 32, 32, false, 0, 12, 32, 1, 1, 1, 0U, 0U>' is undebuggable because its name
# collides with a variable in its base class. (/opt/mentorgraphics/Catapult_10.5c/Mgc_home/pkgs/ccs_libs/interfaces/amba/ccs_axi4_slave_mem_trans_rsc.h, 656)
# ** Warning: (vsim-3991) The variable '_phase' in the class 'ccs_axi4_slave_mem_trans_rsc<64, 32, 32, false, 0, 12, 32, 1, 1, 1, 0U, 0U>' is undebuggable because its name
# collides with a variable in its base class. (/opt/mentorgraphics/Catapult_10.5c/Mgc_home/pkgs/ccs_libs/interfaces/amba/ccs_axi4_slave_mem_trans_rsc.h, 656)
# ** Warning: (vsim-3991) The variable '_phase' in the class 'ccs_axi4_slave_mem_trans_rsc<64, 32, 32, false, 0, 12, 32, 1, 1, 1, 0U, 0U>' is undebuggable because its name
# collides with a variable in its base class. (/opt/mentorgraphics/Catapult_10.5c/Mgc_home/pkgs/ccs_libs/interfaces/amba/ccs_axi4_slave_mem_trans_rsc.h, 656)
# ** Warning: (vsim-3991) The variable '_phase' in the class 'ccs_axi4_slave_mem_trans_rsc<64, 32, 32, false, 0, 12, 32, 1, 1, 1, 0U, 0U>' is undebuggable because its name
# collides with a variable in its base class. (/opt/mentorgraphics/Catapult_10.5c/Mgc_home/pkgs/ccs_libs/interfaces/amba/ccs_axi4_slave_mem_trans_rsc.h, 656)
# ** Warning: (vsim-3991) The variable '_phase' in the class 'ccs_axi4_slave_mem_trans_rsc<64, 32, 32, false, 0, 12, 32, 1, 1, 1, 0U, 0U>' is undebuggable because its name
# collides with a variable in its base class. (/opt/mentorgraphics/Catapult_10.5c/Mgc_home/pkgs/ccs_libs/interfaces/amba/ccs_axi4_slave_mem_trans_rsc.h, 656)
# ** Warning: (vsim-3991) The variable '_phase' in the class 'ccs_axi4_slave_mem_trans_rsc<64, 32, 32, false, 0, 12, 32, 1, 1, 1, 0U, 0U>' is undebuggable because its name
# collides with a variable in its base class. (/opt/mentorgraphics/Catapult_10.5c/Mgc_home/pkgs/ccs_libs/interfaces/amba/ccs_axi4_slave_mem_trans_rsc.h, 656)
# Disabling STALL_FLAG toggling
# do {./Catapult_2_1/peaseNTT.v36/scverify/concat_sim_rtl_v_msim/scverify_msim_wave.tcl}
# Reading SCVerify waveform database './Catapult_2_1/peaseNTT.v36/scverify/ccs_wave_signals.dat'
# Populating WAVE window...
#                 DONE
# 0
# 
# stdin: <EOF>
# Load canceled
run
# 4
# 1398461761
# 35467952
# 2943031181
# 1355970763
# 4012149257
# 3266333767
# 773399339
# 1442113008
# 2006223525
# 2429838771
# 2902525684
# 977381909
# 3814511580
# 436752336
# 1463367588
# 380778931
# 2440190552
# 2867142435
# 421246894
# 739507923
# 929271901
# 608367818
# 1631548104
# 2359065356
# 2526890678
# 1864737163
# 1798862354
# 3789312393
# 2002990905
# 2395233985
# 235038719
# 287549379
# 3465566756
# 580564636
# 1831215850
# 1279774979
# 1666729819
# 4179673383
# 231804055
# 1803120813
# 1024267761
# 1871100244
# 1868307588
# 3466623314
# 4095132926
# 466005267
# 1618059835
# 1918513428
# 3308029204
# 2801872777
# 2926185984
# 2458953939
# 1722705755
# 2163525048
# 1562599148
# 2339801983
# 2727710135
# 1438521227
# 2933754896
# 1055255476
# 1376844616
# 1844016282
# 1762896789
# 2954828294
# 172959423
# 1635801971
# 884642564
# 2957124876
# 1618251257
# 416792592
# 2105823546
# 4244211173
# 1730526593
# 1976158843
# 3705319467
# 1999017443
# 160749490
# 2322215183
# 1812723239
# 1885412933
# 4172412299
# 4063586188
# 229604888
# 2843199301
# 2891251426
# 1642942641
# 1319345353
# 2079111944
# 3785989220
# 2041214354
# 171261378
# 1948171465
# 2280104741
# 1933230022
# 2303786184
# 3910865683
# 3802312802
# 3282666772
# 438055386
# 2570862627
# 3669022647
# 3081082248
# 3489679861
# 2797711216
# 2171485055
# 3242163951
# 3618168088
# 3101326630
# 635991105
# 2205224077
# 1477913070
# 3552183846
# 1425470853
# 1580496428
# 850803537
# 876735331
# 1017518579
# 34156595
# 3338632083
# 2167939698
# 1663142095
# 807554575
# 2451536451
# 1485288974
# 216968253
# 2008106946
# 3170741259
# 1692780803
# 3820833768
# 146071154
# 1227598789
# 243387898
# 2807810028
# 3292483443
# 133201701
# 4019337549
# 1921752590
# 4095415546
# 3900751962
# 1033033325
# 2973963528
# 2658992061
# 4239375922
# 2848586272
# 1932975835
# 35557051
# 4134573921
# 1738254501
# 1705962103
# 3751241831
# 4118400814
# 1929788411
# 4157766632
# 2736656308
# 3382920964
# 3018095478
# 3522811408
# 1363446228
# 815471672
# 827019737
# 3289571042
# 819737738
# 3434351571
# 1830658140
# 380150127
# 871337457
# 721158245
# 1392576955
# 3396723065
# 2232022533
# 3374660636
# 2182974032
# 2021037222
# 607505298
# 2070332356
# 2753620627
# 879763224
# 1342713529
# 901763960
# 743363200
# 1589411398
# 1663563774
# 4108964849
# 79988966
# 4045740707
# 436860140
# 596719713
# 1316531465
# 3878438121
# 79339391
# 3387912936
# 2081222658
# 2268696462
# 852640457
# 426715819
# 605380774
# 566763844
# 1049858188
# 3691184573
# 3766578815
# 1289333867
# 4103312052
# 1793112408
# 3822348801
# 3330637756
# 2080327771
# 3446331452
# 3337736222
# 2323872990
# 356512025
# 1708500447
# 2278978850
# 2685028823
# 4046299414
# 760560906
# 1066210377
# 3306544627
# 831273301
# 1308610999
# 3026714616
# 391081957
# 2958911951
# 1596872800
# 3131094211
# 979672591
# 3822888567
# 1811576291
# 45612260
# 3033952133
# 1999334528
# 2306602941
# 4176510886
# 1243187575
# 1024935088
# 2146377212
# 1457995090
# 2078156716
# 3847510499
# 2183305192
# 3698067935
# 3258183086
# 513227747
# 3277876924
# 4119617245
# 1204743386
# 1865335188
# 3244836856
# 4004578208
# 1223853475
# 565153496
# 3419813350
# 2425376714
# 1489910741
# 82997795
# 627488010
# 2066658009
# 445467290
# 1778319802
# 2244106656
# 3032580802
# 1287448912
# 3825810849
# 3154764290
# 992657454
# 1241911102
# 4036909188
# 283593097
# 2433216453
# 3444052802
# 115745422
# 1971619089
# 2767066547
# 826097949
# 1438825425
# 3478776822
# 3383325250
# 3913760225
# 2896521901
# 1746903923
# 3979271465
# 3163143457
# 2618408593
# 732942279
# 102464266
# 4193059290
# 3664365594
# 2287260111
# 4211064327
# 3105509082
# 981890365
# 2919737319
# 3977265815
# 752996842
# 3482614060
# 923390750
# 1358553356
# 1180867627
# 3818580301
# 411548648
# 3623153916
# 2619597186
# 4249003506
# 3101396467
# 2474321908
# 1718172509
# 3675261480
# 2832295552
# 3260447050
# 1792505020
# 2056798851
# 2749967662
# 72120828
# 3522840585
# 1049174404
# 2330609811
# 804728963
# 779540864
# 3604728954
# 2015715236
# 992944712
# 1589246147
# 3279905294
# 3367174636
# 4133642885
# 2966662626
# 662264324
# 3065301720
# 2404436504
# 2001253264
# 879628466
# 3874276140
# 4009306612
# 695263620
# 3322437996
# 3465349360
# 1872396371
# 2313975891
# 871859757
# 3087272381
# 500164231
# 2315427166
# 2260862238
# 3322873596
# 3197953741
# 3315351984
# 1016951236
# 906178541
# 4238321741
# 3784644048
# 1543531435
# 3935036854
# 1888290933
# 4276859448
# 2741269238
# 3141479871
# 1339663104
# 846966295
# 1938208069
# 3537257496
# 3101746983
# 4205952237
# 1723513257
# 2231765165
# 32966643
# 1788329511
# 775100543
# 3800834159
# 1051774346
# 805357981
# 3552005293
# 3229143464
# 2167056206
# 1709758325
# 3325462794
# 621543607
# 2831010024
# 3562877420
# 2118009193
# 1689523435
# 1207939583
# 2643473595
# 113581327
# 2735878838
# 3519887065
# 271554700
# 4247709935
# 1417238770
# 509117185
# 1722088474
# 2762800371
# 513465982
# 1975571567
# 413997735
# 755870576
# 3786594518
# 2858763036
# 587971966
# 3628174616
# 558855656
# 785891703
# 2787671133
# 3227493734
# 3912647691
# 166156031
# 2622150542
# 3628365521
# 1641953530
# 3881998404
# 310554790
# 1168129161
# 3291096836
# 2059375098
# 3365603358
# 3824500950
# 3684455978
# 1014296245
# 1739157002
# 107692510
# 10059728
# 3899677497
# 3390967274
# 1828277808
# 3462256905
# 3128798506
# 2751200310
# 3722893581
# 2616366160
# 1854625614
# 778553834
# 23492454
# 340181684
# 1407160673
# 1771927054
# 579620636
# 2056284521
# 71428130
# 2652287259
# 1446055267
# 3109068518
# 3490551244
# 2267233574
# 2287550936
# 2644403879
# 1864006361
# 1832184302
# 1628414681
# 3852833144
# 2412612235
# 1051284211
# 692167057
# 686883764
# 4177609956
# 2558945153
# 130256271
# 3431516105
# 2224741790
# 2350338605
# 736570531
# 929576762
# 3166597963
# 867215897
# 1504313487
# 3301467194
# 961621352
# 2298898570
# 2102342480
# 3174814479
# 3970534889
# 343232990
# 1782272357
# 3588513070
# 3600776571
# 775204431
# 1843467037
# 3858620912
# 3666504813
# 4235498378
# 3264127349
# 844277861
# 3284991663
# 1149179364
# 4256931656
# 138069776
# 1473980243
# 3669466003
# 1297649897
# 552024268
# 1514901609
# 920508906
# 2462400424
# 682266503
# 821527121
# 2668080183
# 2222817538
# 3647905176
# 2529787024
# 2699290027
# 2345673501
# 3749171397
# 3584283723
# 2254492141
# 1890213945
# 1152307891
# 3547248456
# 2591215758
# 4066057273
# 2672830516
# 1809217653
# 3636723460
# 572209587
# 3368305389
# 4294967291
# 2896505534
# 4259499343
# 1351936114
# 2938996532
# 282818038
# 1028633528
# 3521567956
# 2852854287
# 2288743770
# 1865128524
# 1392441611
# 3317585386
# 480455715
# 3858214959
# 2831599707
# 3914188364
# 1854776743
# 1427824860
# 3873720401
# 3555459372
# 3365695394
# 3686599477
# 2663419191
# 1935901939
# 1768076617
# 2430230132
# 2496104941
# 505654902
# 2291976390
# 1899733310
# 4059928576
# 4007417916
# 829400539
# 3714402659
# 2463751445
# 3015192316
# 2628237476
# 115293912
# 4063163240
# 2491846482
# 3270699534
# 2423867051
# 2426659707
# 828343981
# 199834369
# 3828962028
# 2676907460
# 2376453867
# 986938091
# 1493094518
# 1368781311
# 1836013356
# 2572261540
# 2131442247
# 2732368147
# 1955165312
# 1567257160
# 2856446068
# 1361212399
# 3239711819
# 2918122679
# 2450951013
# 2532070506
# 1340139001
# 4122007872
# 2659165324
# 3410324731
# 1337842419
# 2676716038
# 3878174703
# 2189143749
# 50756122
# 2564440702
# 2318808452
# 589647828
# 2295949852
# 4134217805
# 1972752112
# 2482244056
# 2409554362
# 122554996
# 231381107
# 4065362407
# 1451767994
# 1403715869
# 2652024654
# 2975621942
# 2215855351
# 508978075
# 2253752941
# 4123705917
# 2346795830
# 2014862554
# 2361737273
# 1991181111
# 384101612
# 492654493
# 1012300523
# 3856911909
# 1724104668
# 625944648
# 1213885047
# 805287434
# 1497256079
# 2123482240
# 1052803344
# 676799207
# 1193640665
# 3658976190
# 2089743218
# 2817054225
# 742783449
# 2869496442
# 2714470867
# 3444163758
# 3418231964
# 3277448716
# 4260810700
# 956335212
# 2127027597
# 2631825200
# 3487412720
# 1843430844
# 2809678321
# 4077999042
# 2286860349
# 1124226036
# 2602186492
# 474133527
# 4148896141
# 3067368506
# 4051579397
# 1487157267
# 1002483852
# 4161765594
# 275629746
# 2373214705
# 199551749
# 394215333
# 3261933970
# 1321003767
# 1635975234
# 55591373
# 1446381023
# 2361991460
# 4259410244
# 160393374
# 2556712794
# 2589005192
# 543725464
# 176566481
# 2365178884
# 137200663
# 1558310987
# 912046331
# 1276871817
# 772155887
# 2931521067
# 3479495623
# 3467947558
# 1005396253
# 3475229557
# 860615724
# 2464309155
# 3914817168
# 3423629838
# 3573809050
# 2902390340
# 898244230
# 2062944762
# 920306659
# 2111993263
# 2273930073
# 3687461997
# 2224634939
# 1541346668
# 3415204071
# 2952253766
# 3393203335
# 3551604095
# 2705555897
# 2631403521
# 186002446
# 4214978329
# 249226588
# 3858107155
# 3698247582
# 2978435830
# 416529174
# 4215627904
# 907054359
# 2213744637
# 2026270833
# 3442326838
# 3868251476
# 3689586521
# 3728203451
# 3245109107
# 603782722
# 528388480
# 3005633428
# 191655243
# 2501854887
# 472618494
# 964329539
# 2214639524
# 848635843
# 957231073
# 1971094305
# 3938455270
# 2586466848
# 2015988445
# 1609938472
# 248667881
# 3534406389
# 3228756918
# 988422668
# 3463693994
# 2986356296
# 1268252679
# 3903885338
# 1336055344
# 2698094495
# 1163873084
# 3315294704
# 472078728
# 2483391004
# 4249355035
# 1261015162
# 2295632767
# 1988364354
# 118456409
# 3051779720
# 3270032207
# 2148590083
# 2836972205
# 2216810579
# 447456796
# 2111662103
# 596899360
# 1036784209
# 3781739548
# 1017090371
# 175350050
# 3090223909
# 2429632107
# 1050130439
# 290389087
# 3071113820
# 3729813799
# 875153945
# 1869590581
# 2805056554
# 4211969500
# 3667479285
# 2228309286
# 3849500005
# 2516647493
# 2050860639
# 1262386493
# 3007518383
# 469156446
# 1140203005
# 3302309841
# 3053056193
# 258058107
# 4011374198
# 1861750842
# 850914493
# 4179221873
# 2323348206
# 1527900748
# 3468869346
# 2856141870
# 816190473
# 911642045
# 381207070
# 1398445394
# 2548063372
# 315695830
# 1131823838
# 1676558702
# 3562025016
# 4192503029
# 101908005
# 630601701
# 2007707184
# 83902968
# 1189458213
# 3313076930
# 1375229976
# 317701480
# 3541970453
# 812353235
# 3371576545
# 2936413939
# 3114099668
# 476386994
# 3883418647
# 671813379
# 1675370109
# 45963789
# 1193570828
# 1820645387
# 2576794786
# 619705815
# 1462671743
# 1034520245
# 2502462275
# 2238168444
# 1544999633
# 4222846467
# 772126710
# 3245792891
# 1964357484
# 3490238332
# 3515426431
# 690238341
# 2279252059
# 3302022583
# 2705721148
# 1015062001
# 927792659
# 161324410
# 1328304669
# 3632702971
# 1229665575
# 1890530791
# 2293714031
# 3415338829
# 420691155
# 285660683
# 3599703675
# 972529299
# 829617935
# 2422570924
# 1980991404
# 3423107538
# 1207694914
# 3794803064
# 1979540129
# 2034105057
# 972093699
# 1097013554
# 979615311
# 3278016059
# 3388788754
# 56645554
# 510323247
# 2751435860
# 359930441
# 2406676362
# 18107847
# 1553698057
# 1153487424
# 2955304191
# 3448001000
# 2356759226
# 757709799
# 1193220312
# 89015058
# 2571454038
# 2063202130
# 4262000652
# 2506637784
# 3519866752
# 494133136
# 3243192949
# 3489609314
# 742962002
# 1065823831
# 2127911089
# 2585208970
# 969504501
# 3673423688
# 1463957271
# 732089875
# 2176958102
# 2605443860
# 3087027712
# 1651493700
# 4181385968
# 1559088457
# 775080230
# 4023412595
# 47257360
# 2877728525
# 3785850110
# 2572878821
# 1532166924
# 3781501313
# 2319395728
# 3880969560
# 3539096719
# 508372777
# 1436204259
# 3706995329
# 666792679
# 3736111639
# 3509075592
# 1507296162
# 1067473561
# 382319604
# 4128811264
# 1672816753
# 666601774
# 2653013765
# 412968891
# 3984412505
# 3126838134
# 1003870459
# 2235592197
# 929363937
# 470466345
# 610511317
# 3280671050
# 2555810293
# 4187274785
# 4284907567
# 395289798
# 904000021
# 2466689487
# 832710390
# 1166168789
# 1543766985
# 572073714
# 1678601135
# 2440341681
# 3516413461
# 4271474841
# 3954785611
# 2887806622
# 2523040241
# 3715346659
# 2238682774
# 4223539165
# 1642680036
# 2848912028
# 1185898777
# 804416051
# 2027733721
# 2007416359
# 1650563416
# 2430960934
# 2462782993
# 2666552614
# 442134151
# 1882355060
# 3243683084
# 3602800238
# 3608083531
# 117357339
# 1736022142
# 4164711024
# 863451190
# 2070225505
# 1944628690
# 3558396764
# 3365390533
# 1128369332
# 3427751398
# 2790653808
# 993500101
# 3333345943
# 1996068725
# 2192624815
# 1120152816
# 324432406
# 3951734305
# 2512694938
# 706454225
# 694190724
# 3519762864
# 2451500258
# 436346383
# 628462482
# 59468917
# 1030839946
# 3450689434
# 1009975632
# 3145787931
# 38035639
# 4156897519
# 2820987052
# 625501292
# 2997317398
# 3742943027
# 2780065686
# 3374458389
# 1832566871
# 3612700792
# 3473440174
# 1626887112
# 2072149757
# 647062119
# 1765180271
# 1595677268
# 1949293794
# 545795898
# 710683572
# 2040475154
# 2404753350
# 3142659404
# 747718839
# 1703751537
# 228910022
# 1622136779
# 2485749642
# 658243835
# 3722757708
# 926661906
# Info: HW reset: TLS_rst active @ 0 s
# Test Passed
run -continue
# Info: scverify_top/user_tb: Testbench exited early or ran into deadlock
# 
# Checking results
# 'xt'
#    capture count        = 1
#    comparison count     = 0
#    ignore count         = 0
#    error count          = 0
#    stuck in dut fifo    = 0
#    stuck in golden fifo = 0
#    Error: output 'xt' has incomplete comparisons
# 
# Info: scverify_top/user_tb: Simulation FAILED @ 100 ps
# Info: scverify_top/Monitor: runs with constant clock period 0 s
# Info: scverify_top/Monitor: Throughput: 1 transaction per 0 s
# Info: scverify_top/Monitor: No transactions completed.  Skipping latency and throughput reports
# End time: 13:28:59 on Sep 12,2021, Elapsed time: 1:06:47
# Errors: 1, Warnings: 45, Suppressed Warnings: 2
