-- Catapult Ultra Synthesis: Report                                              
-- ------------------------- ---------------------------------------------------
-- Version:                  10.5c/896140 Production Release                     
-- Build Date:               Sun Sep  6 22:45:38 PDT 2020                        
                                                                                 
-- Generated by:             yl7897@newnano.poly.edu                             
-- Generated date:           Wed Aug 18 21:25:08 EDT 2021                        

Solution Settings: inPlaceNTT_DIF.v5
  Current state: extract
  Project: Catapult_2
  
  Design Input Files Specified
    $PROJECT_HOME/src/ntt.cpp
      $PROJECT_HOME/include/ntt.h
        $PROJECT_HOME/include/config.h
          $MGC_HOME/shared/include/ac_int.h
        $MGC_HOME/shared/include/math/mgc_ac_math.h
          $MGC_HOME/shared/include/ac_fixed.h
          $MGC_HOME/shared/include/ac_float.h
          $MGC_HOME/shared/include/ac_complex.h
          $MGC_HOME/shared/include/math/mgc_ac_trig.h
            $MGC_HOME/shared/include/math/mgc_sc_atan_pow2.tab
            $MGC_HOME/shared/include/math/mgc_sc_atan2_pow2.tab
            $MGC_HOME/shared/include/math/mgc_sc_K_cordic.tab
            $MGC_HOME/shared/include/math/mgc_sc_x2_atan2_pow2.tab
          $MGC_HOME/shared/include/math/mgc_ac_hcordic.h
            $MGC_HOME/shared/include/math/mgc_ac_hcordic.tab
            $MGC_HOME/shared/include/math/mgc_ac_hcordic_inv_ln2.tab
    $PROJECT_HOME/src/ntt_tb.cpp
  
  Processes/Blocks in Design
    Process              Real Operation(s) count Latency Throughput Reset Length II Comments 
    -------------------- ----------------------- ------- ---------- ------------ -- --------
    /inPlaceNTT_DIF/core                      55  810567     810572            0  0        ? 
    Design Total:                             55  810567     810572            0  0          
    
  Bill Of Materials (Datapath)
    Component Name                                   Area Score   Delay Post Alloc Post Assign 
    ------------------------------------------------ ---------- ------- ---------- -----------
    [Lib: ccs_ioport]                                                                          
    ccs_in(2,64)                                          0.000   0.000          1           1 
    ccs_in(3,64)                                          0.000   0.000          1           0 
    [Lib: ccs_sample_mem]                                                                      
    ccs_ram_sync_1R1W_rport(4,64,10,1024,1024,64,5)       0.000   0.500          1           0 
    ccs_ram_sync_1R1W_rwport(1,64,10,1024,1024,64,5)      0.000   0.500          1           0 
    ccs_ram_sync_1R1W_rwport(4,64,10,1024,1024,64,5)      0.000   0.500          1           0 
    [Lib: mgc_ioport]                                                                          
    mgc_io_sync(0)                                        0.000   0.000          4           4 
    [Lib: nangate-45nm_beh]                                                                    
    mgc_add(10,0,10,0,11,4)                              42.631   0.750          3           3 
    mgc_add(11,0,10,0,11,4)                              45.288   0.784          1           1 
    mgc_add(11,0,11,0,11,4)                              46.879   0.822          3           3 
    mgc_add(4,0,1,1,4,4)                                 19.409   0.342          1           0 
    mgc_add(4,0,4,0,4,4)                                 17.142   0.325          1           0 
    mgc_add(4,0,4,1,4,4)                                 19.341   0.348          0           1 
    mgc_add(5,0,2,1,5,4)                                 23.663   0.414          1           0 
    mgc_add(64,0,64,0,64,3)                             428.977   0.871          1           0 
    mgc_add(64,0,64,0,64,4)                             272.032   4.684          0           1 
    mgc_add(9,0,1,0,10,4)                                25.650   0.384          0           1 
    mgc_add(9,0,2,1,10,4)                                40.768   0.697          1           0 
    mgc_add(9,0,9,0,9,4)                                 38.383   0.678          1           1 
    mgc_and(1,2,1)                                        1.110   0.024          0          32 
    mgc_and(1,3,1)                                        1.385   0.041          0           8 
    mgc_and(1,4,1)                                        1.660   0.051          0           5 
    mgc_and(1,5,1)                                        2.104   0.058          0           2 
    mgc_and(1,6,1)                                        2.548   0.063          0           3 
    mgc_and(1,7,1)                                        2.992   0.068          0           4 
    mgc_and(1,8,1)                                        3.436   0.071          0           1 
    mgc_and(10,2,1)                                      11.096   0.024          0           1 
    mgc_and(55,2,1)                                      61.027   0.024          0           1 
    mgc_and(9,2,1)                                        9.986   0.024          0           1 
    mgc_mul(10,0,10,0,10,4)                             220.610   0.817          1           0 
    mgc_mul(64,0,64,0,64,4)                           10260.268   4.785          1           1 
    mgc_mux(1,1,2,4)                                      1.754   0.054          0          46 
    mgc_mux(10,1,2,4)                                    17.544   0.062          0           2 
    mgc_mux(11,1,2,4)                                    19.299   0.062          0           1 
    mgc_mux(4,1,2,4)                                      7.018   0.059          0           2 
    mgc_mux(64,1,2,4)                                   112.283   0.073          0           3 
    mgc_mux(9,1,2,4)                                     15.790   0.061          0           1 
    mgc_mux1hot(10,4,4)                                  35.055   0.072          0           2 
    mgc_mux1hot(4,3,4)                                   10.574   0.061          0           1 
    mgc_mux1hot(55,3,4)                                 145.388   0.061          0           1 
    mgc_mux1hot(64,3,4)                                 169.178   0.061          0           3 
    mgc_mux1hot(64,4,4)                                 224.353   0.072          0           1 
    mgc_mux1hot(9,3,4)                                   23.791   0.061          0           1 
    mgc_nand(1,2,1)                                       0.771   0.012          0           3 
    mgc_nand(1,3,1)                                       1.046   0.028          0           1 
    mgc_nand(1,4,1)                                       1.320   0.038          0           2 
    mgc_nand(1,5,4)                                       1.934   0.056          0           1 
    mgc_nor(1,2,1)                                        0.771   0.025          0          19 
    mgc_nor(1,3,1)                                        1.046   0.045          0           5 
    mgc_nor(1,4,1)                                        1.320   0.056          0           3 
    mgc_nor(1,6,4)                                        2.548   0.086          0           1 
    mgc_nor(1,7,4)                                        3.162   0.093          0           1 
    mgc_nor(1,8,4)                                        3.776   0.099          0           1 
    mgc_not(1,1)                                          0.529   0.006          0          84 
    mgc_not(10,1)                                         5.294   0.006          0           2 
    mgc_not(4,1)                                          2.118   0.006          0           2 
    mgc_not(64,1)                                        33.882   0.006          0           2 
    mgc_or(1,2,1)                                         1.110   0.031          0          25 
    mgc_or(1,3,4)                                         1.385   0.066          0           8 
    mgc_or(1,4,4)                                         1.660   0.078          0           4 
    mgc_or(1,5,4)                                         2.104   0.087          0           3 
    mgc_or(1,6,4)                                         2.548   0.094          0           2 
    mgc_reg_pos(1,0,0,1,1,0,0,4)                          6.375   0.087          0           1 
    mgc_reg_pos(1,0,0,1,1,1,1,4)                          6.375   0.087          0           2 
    mgc_reg_pos(10,0,0,1,1,1,1,4)                        63.750   0.087          0           4 
    mgc_reg_pos(11,0,0,1,1,1,1,4)                        70.125   0.087          0           1 
    mgc_reg_pos(4,0,0,1,1,0,0,4)                         25.500   0.087          0           1 
    mgc_reg_pos(4,0,0,1,1,1,1,4)                         25.500   0.087          0           1 
    mgc_reg_pos(64,0,0,1,1,0,0,4)                       408.000   0.087          0           2 
    mgc_reg_pos(64,0,0,1,1,1,1,4)                       408.000   0.087          0           6 
    mgc_reg_pos(9,0,0,1,1,1,1,4)                         57.375   0.087          0           3 
    mgc_rem(64,64,0,4)                                22483.503 241.491          1           1 
    mgc_shift_bl(1,0,5,11,1)                             20.873   0.149          1           1 
    mgc_shift_l(1,0,4,10,4)                              18.900   0.149          1           0 
    mgc_xor(1,2,1)                                        1.660   0.055          0           1 
                                                                                               
    TOTAL AREA (After Assignment):                    39139.853                                
    
  Area Scores
                       Post-Scheduling    Post-DP & FSM  Post-Assignment 
    ----------------- ---------------- ---------------- ----------------
    Total Area Score:   36837.9          51814.9          40019.9        
    Total Reg:           2951.6   (8%)    4707.4   (9%)    4707.4  (12%) 
                                                                         
    DataPath:           36837.9 (100%)   50934.9  (98%)   39139.9  (98%) 
      MUX:                  0.0           1514.9   (3%)    1483.5   (4%) 
      FUNC:             33886.3  (92%)   45289.3  (89%)   33433.9  (85%) 
      LOGIC:                0.0            299.3   (1%)     391.1   (1%) 
      BUFFER:               0.0              0.0              0.0        
      MEM:                  0.0              0.0              0.0        
      ROM:                  0.0              0.0              0.0        
      REG:               2951.6   (8%)    3831.4   (8%)    3831.4  (10%) 
                                                                         
    
    FSM:                    0.0            880.0   (2%)     880.0   (2%) 
      FSM-REG:              0.0            876.0 (100%)     876.0 (100%) 
      FSM-COMB:             0.0              4.0   (0%)       4.0   (0%) 
                                                                         
    
  Register-to-Variable Mappings
    Register                                Size(bits) Gated Register CG Opt Done Variables                                             
    --------------------------------------- ---------- -------------- ----------- -----------------------------------------------------
    COMP_LOOP-1:acc#6.mut                           64         Y           Y      COMP_LOOP-1:acc#6.mut                                 
                                                                                  COMP_LOOP-1:mul.itm                                   
                                                                                  COMP_LOOP-2:acc#6.mut                                 
                                                                                  COMP_LOOP-2:mul.mut                                   
    COMP_LOOP-1:acc#8.itm                           64         Y           Y      COMP_LOOP-1:acc#8.itm                                 
                                                                                  COMP_LOOP-2:acc#8.itm                                 
                                                                                  factor1#1.sva                                         
                                                                                  factor1.sva                                           
                                                                                  modulo_dev#2:result:asn.itm                           
    COMP_LOOP-1:modulo_dev:result:rem:cmp.a         64                            COMP_LOOP-1:modulo_dev:result:rem:cmp.a               
    COMP_LOOP-1:modulo_dev:result:rem:cmp.b         64                            COMP_LOOP-1:modulo_dev:result:rem:cmp.b               
    COMP_LOOP:tmp:asn.itm                           64         Y           Y      COMP_LOOP:tmp:asn.itm                                 
    COMP_LOOP:tmp:asn.itm#1                         64         Y           Y      COMP_LOOP:tmp:asn.itm#1                               
    factor2#1.sva                                   64         Y           Y      factor2#1.sva                                         
                                                                                  factor2.sva                                           
    p.sva                                           64         Y           Y      p.sva                                                 
    STAGE_LOOP:lshift.psp.sva                       11         Y           Y      STAGE_LOOP:lshift.psp.sva                             
    COMP_LOOP:acc#1.cse.sva                         10         Y           Y      COMP_LOOP:acc#1.cse.sva                               
    COMP_LOOP:acc#10.cse(10:1)#1.sva                10         Y           Y      COMP_LOOP:acc#10.cse(10:1)#1.sva                      
    COMP_LOOP:acc#10.cse(10:1).sva                  10         Y           Y      COMP_LOOP:acc#10.cse(10:1).sva                        
    VEC_LOOP:j(10:0).sva(9:0)                       10         Y           Y      VEC_LOOP:j(10:0).sva(9:0)                             
    COMP_LOOP:acc.psp.sva                            9         Y           Y      COMP_LOOP:acc.psp.sva                                 
    COMP_LOOP:k(10:1).sva(8:0)                       9         Y           Y      COMP_LOOP:k(10:1).sva(8:0)                            
    reg(COMP_LOOP:k(10:1)).ftd#1                     9         Y           Y      reg(COMP_LOOP:k(10:1)).ftd#1                          
    COMP_LOOP-1:tmp:acc.cse.sva                      4                            COMP_LOOP-1:tmp:acc.cse.sva                           
    STAGE_LOOP:i(3:0).sva                            4         Y           Y      STAGE_LOOP:i(3:0).sva                                 
    COMP_LOOP-1:slc(COMP_LOOP:acc)(10).itm           1         Y           Y      COMP_LOOP-1:slc(COMP_LOOP:acc)(10).itm                
    COMP_LOOP-2:slc(COMP_LOOP:acc)(10).itm           1         Y           Y      COMP_LOOP-2:slc(COMP_LOOP:acc)(10).itm                
    reg(twiddle:rsc.triosy:obj.ld).cse               1                            reg(twiddle:rsc.triosy:obj.ld).cse                    
                                                                                                                                        
    Total:                                         601            468         468 (Total Gating Ratio: 0.78, CG Opt Gating Ratio: 0.78) 
    
  Timing Report
    Critical Path
      Max Delay:  6.496244
      Slack:      3.503756
      
      Path                                                                                                              Startpoint                                                       Endpoint                                       Delay  Slack  
      ----------------------------------------------------------------------------------------------------------------- ---------------------------------------------------------------- ---------------------------------------------- ------ ------
      1                                                                                                                 inPlaceNTT_DIF:core/reg(COMP_LOOP-1:modulo_dev:result:rem:cmp.a) inPlaceNTT_DIF:core/reg(COMP_LOOP-1:acc#6.mut) 6.4962 3.5038 
                                                                                                                                                                                                                                                      
        Instance                                                                                                        Component                                                                                                       Delta  Delay  
        --------                                                                                                        ---------                                                                                                       -----  -----  
        inPlaceNTT_DIF:core/reg(COMP_LOOP-1:modulo_dev:result:rem:cmp.a)                                                mgc_reg_pos_64_0_0_1_1_0_0_4                                                                                    0.0870 0.0870 
        inPlaceNTT_DIF:core/COMP_LOOP-1:modulo_dev:result:rem:cmp.a                                                                                                                                                                     0.0000 0.0870 
        inPlaceNTT_DIF:core/COMP_LOOP-1:modulo_dev:result:rem:cmp                                                       mgc_rem_64_64_0_4                                                                                               1.4912 1.5782 
        inPlaceNTT_DIF:core/COMP_LOOP-1:modulo_dev:result:rem:cmp.z                                                                                                                                                                     0.0000 1.5782 
        inPlaceNTT_DIF:core/COMP_LOOP:mux1h#12                                                                          mgc_mux1hot_64_3_4                                                                                              0.0609 1.6391 
        inPlaceNTT_DIF:core/COMP_LOOP:mux1h#12.itm                                                                                                                                                                                      0.0000 1.6391 
        inPlaceNTT_DIF:core/COMP_LOOP-1:mul:rg                                                                          mgc_mul_64_0_64_0_64_4                                                                                          4.7845 6.4236 
        inPlaceNTT_DIF:core/z.out#5                                                                                                                                                                                                     0.0000 6.4236 
        inPlaceNTT_DIF:core/COMP_LOOP:COMP_LOOP:mux                                                                     mgc_mux_64_1_2_4                                                                                                0.0726 6.4962 
        inPlaceNTT_DIF:core/COMP_LOOP:COMP_LOOP:mux.itm                                                                                                                                                                                 0.0000 6.4962 
        inPlaceNTT_DIF:core/reg(COMP_LOOP-1:acc#6.mut)                                                                  mgc_reg_pos_64_0_0_1_1_1_1_4                                                                                    0.0000 6.4962 
                                                                                                                                                                                                                                                      
      2                                                                                                                 inPlaceNTT_DIF:core/reg(COMP_LOOP-1:modulo_dev:result:rem:cmp.b) inPlaceNTT_DIF:core/reg(COMP_LOOP-1:acc#6.mut) 6.4962 3.5038 
                                                                                                                                                                                                                                                      
        Instance                                                                                                        Component                                                                                                       Delta  Delay  
        --------                                                                                                        ---------                                                                                                       -----  -----  
        inPlaceNTT_DIF:core/reg(COMP_LOOP-1:modulo_dev:result:rem:cmp.b)                                                mgc_reg_pos_64_0_0_1_1_0_0_4                                                                                    0.0870 0.0870 
        inPlaceNTT_DIF:core/COMP_LOOP-1:modulo_dev:result:rem:cmp.b                                                                                                                                                                     0.0000 0.0870 
        inPlaceNTT_DIF:core/COMP_LOOP-1:modulo_dev:result:rem:cmp                                                       mgc_rem_64_64_0_4                                                                                               1.4912 1.5782 
        inPlaceNTT_DIF:core/COMP_LOOP-1:modulo_dev:result:rem:cmp.z                                                                                                                                                                     0.0000 1.5782 
        inPlaceNTT_DIF:core/COMP_LOOP:mux1h#12                                                                          mgc_mux1hot_64_3_4                                                                                              0.0609 1.6391 
        inPlaceNTT_DIF:core/COMP_LOOP:mux1h#12.itm                                                                                                                                                                                      0.0000 1.6391 
        inPlaceNTT_DIF:core/COMP_LOOP-1:mul:rg                                                                          mgc_mul_64_0_64_0_64_4                                                                                          4.7845 6.4236 
        inPlaceNTT_DIF:core/z.out#5                                                                                                                                                                                                     0.0000 6.4236 
        inPlaceNTT_DIF:core/COMP_LOOP:COMP_LOOP:mux                                                                     mgc_mux_64_1_2_4                                                                                                0.0726 6.4962 
        inPlaceNTT_DIF:core/COMP_LOOP:COMP_LOOP:mux.itm                                                                                                                                                                                 0.0000 6.4962 
        inPlaceNTT_DIF:core/reg(COMP_LOOP-1:acc#6.mut)                                                                  mgc_reg_pos_64_0_0_1_1_1_1_4                                                                                    0.0000 6.4962 
                                                                                                                                                                                                                                                      
      3                                                                                                                 inPlaceNTT_DIF:core/reg(COMP_LOOP-1:modulo_dev:result:rem:cmp.a) inPlaceNTT_DIF:core/COMP_LOOP:mux1h.itm        6.4961 3.5039 
                                                                                                                                                                                                                                                      
        Instance                                                                                                        Component                                                                                                       Delta  Delay  
        --------                                                                                                        ---------                                                                                                       -----  -----  
        inPlaceNTT_DIF:core/reg(COMP_LOOP-1:modulo_dev:result:rem:cmp.a)                                                mgc_reg_pos_64_0_0_1_1_0_0_4                                                                                    0.0870 0.0870 
        inPlaceNTT_DIF:core/COMP_LOOP-1:modulo_dev:result:rem:cmp.a                                                                                                                                                                     0.0000 0.0870 
        inPlaceNTT_DIF:core/COMP_LOOP-1:modulo_dev:result:rem:cmp                                                       mgc_rem_64_64_0_4                                                                                               1.4912 1.5782 
        inPlaceNTT_DIF:core/COMP_LOOP-1:modulo_dev:result:rem:cmp.z                                                                                                                                                                     0.0000 1.5782 
        inPlaceNTT_DIF:core/COMP_LOOP:mux1h#12                                                                          mgc_mux1hot_64_3_4                                                                                              0.0609 1.6391 
        inPlaceNTT_DIF:core/COMP_LOOP:mux1h#12.itm                                                                                                                                                                                      0.0000 1.6391 
        inPlaceNTT_DIF:core/COMP_LOOP-1:mul:rg                                                                          mgc_mul_64_0_64_0_64_4                                                                                          4.7845 6.4236 
        inPlaceNTT_DIF:core/z.out#5                                                                                                                                                                                                     0.0000 6.4236 
        inPlaceNTT_DIF:core/COMP_LOOP:mux1h                                                                             mgc_mux1hot_64_4_4                                                                                              0.0725 6.4961 
        inPlaceNTT_DIF:core/COMP_LOOP:mux1h.itm                                                                                                                                                                                         0.0000 6.4961 
                                                                                                                                                                                                                                                      
      4                                                                                                                 inPlaceNTT_DIF:core/reg(COMP_LOOP-1:modulo_dev:result:rem:cmp.b) inPlaceNTT_DIF:core/COMP_LOOP:mux1h.itm        6.4961 3.5039 
                                                                                                                                                                                                                                                      
        Instance                                                                                                        Component                                                                                                       Delta  Delay  
        --------                                                                                                        ---------                                                                                                       -----  -----  
        inPlaceNTT_DIF:core/reg(COMP_LOOP-1:modulo_dev:result:rem:cmp.b)                                                mgc_reg_pos_64_0_0_1_1_0_0_4                                                                                    0.0870 0.0870 
        inPlaceNTT_DIF:core/COMP_LOOP-1:modulo_dev:result:rem:cmp.b                                                                                                                                                                     0.0000 0.0870 
        inPlaceNTT_DIF:core/COMP_LOOP-1:modulo_dev:result:rem:cmp                                                       mgc_rem_64_64_0_4                                                                                               1.4912 1.5782 
        inPlaceNTT_DIF:core/COMP_LOOP-1:modulo_dev:result:rem:cmp.z                                                                                                                                                                     0.0000 1.5782 
        inPlaceNTT_DIF:core/COMP_LOOP:mux1h#12                                                                          mgc_mux1hot_64_3_4                                                                                              0.0609 1.6391 
        inPlaceNTT_DIF:core/COMP_LOOP:mux1h#12.itm                                                                                                                                                                                      0.0000 1.6391 
        inPlaceNTT_DIF:core/COMP_LOOP-1:mul:rg                                                                          mgc_mul_64_0_64_0_64_4                                                                                          4.7845 6.4236 
        inPlaceNTT_DIF:core/z.out#5                                                                                                                                                                                                     0.0000 6.4236 
        inPlaceNTT_DIF:core/COMP_LOOP:mux1h                                                                             mgc_mux1hot_64_4_4                                                                                              0.0725 6.4961 
        inPlaceNTT_DIF:core/COMP_LOOP:mux1h.itm                                                                                                                                                                                         0.0000 6.4961 
                                                                                                                                                                                                                                                      
      5                                                                                                                 inPlaceNTT_DIF:core/reg(COMP_LOOP-1:modulo_dev:result:rem:cmp.a) inPlaceNTT_DIF/twiddle:rsc.radr                6.4956 3.5044 
                                                                                                                                                                                                                                                      
        Instance                                                                                                        Component                                                                                                       Delta  Delay  
        --------                                                                                                        ---------                                                                                                       -----  -----  
        inPlaceNTT_DIF:core/reg(COMP_LOOP-1:modulo_dev:result:rem:cmp.a)                                                mgc_reg_pos_64_0_0_1_1_0_0_4                                                                                    0.0870 0.0870 
        inPlaceNTT_DIF:core/COMP_LOOP-1:modulo_dev:result:rem:cmp.a                                                                                                                                                                     0.0000 0.0870 
        inPlaceNTT_DIF:core/COMP_LOOP-1:modulo_dev:result:rem:cmp                                                       mgc_rem_64_64_0_4                                                                                               1.4912 1.5782 
        inPlaceNTT_DIF:core/COMP_LOOP-1:modulo_dev:result:rem:cmp.z                                                                                                                                                                     0.0000 1.5782 
        inPlaceNTT_DIF:core/COMP_LOOP:mux1h#12                                                                          mgc_mux1hot_64_3_4                                                                                              0.0609 1.6391 
        inPlaceNTT_DIF:core/COMP_LOOP:mux1h#12.itm                                                                                                                                                                                      0.0000 1.6391 
        inPlaceNTT_DIF:core/COMP_LOOP-1:mul:rg                                                                          mgc_mul_64_0_64_0_64_4                                                                                          4.7845 6.4236 
        inPlaceNTT_DIF:core/z.out#5                                                                                                                                                                                                     0.0000 6.4236 
        inPlaceNTT_DIF:core/COMP_LOOP:slc(z.out#5)(8-0)                                                                                                                                                                                 0.0000 6.4236 
        inPlaceNTT_DIF:core/COMP_LOOP:slc(z.out#5)(8-0).itm                                                                                                                                                                             0.0000 6.4236 
        inPlaceNTT_DIF:core/COMP_LOOP:tmp:conc                                                                                                                                                                                          0.0000 6.4236 
        inPlaceNTT_DIF:core/COMP_LOOP:tmp:conc.itm                                                                                                                                                                                      0.0000 6.4236 
        inPlaceNTT_DIF:core/COMP_LOOP:tmp:mux                                                                           mgc_mux_10_1_2_4                                                                                                0.0620 6.4856 
        inPlaceNTT_DIF:core/twiddle:rsci.radr_d                                                                                                                                                                                         0.0000 6.4856 
        inPlaceNTT_DIF/twiddle:rsci.radr_d                                                                                                                                                                                              0.0000 6.4856 
        inPlaceNTT_DIF:ccs_sample_mem.ccs_ram_sync_1R1W_rport(4,64,10,1024,1024,64,5)gen/radr_d                                                                                                                                         0.0000 6.4856 
        inPlaceNTT_DIF:ccs_sample_mem.ccs_ram_sync_1R1W_rport(4,64,10,1024,1024,64,5)gen/COMP_LOOP:tmp:slc(radr_d)(9-0)                                                                                                                 0.0000 6.4856 
        inPlaceNTT_DIF:ccs_sample_mem.ccs_ram_sync_1R1W_rport(4,64,10,1024,1024,64,5)gen/COMP_LOOP:tmp:asn(radr)                                                                                                                        0.0000 6.4856 
        inPlaceNTT_DIF:ccs_sample_mem.ccs_ram_sync_1R1W_rport(4,64,10,1024,1024,64,5)gen/radr                                                                                                                                           0.0000 6.4856 
        inPlaceNTT_DIF/twiddle:rsc.radr                                                                                                                                                                                                 0.0100 6.4956 
                                                                                                                                                                                                                                                      
      6                                                                                                                 inPlaceNTT_DIF:core/reg(COMP_LOOP-1:modulo_dev:result:rem:cmp.a) inPlaceNTT_DIF/twiddle:rsc.radr                6.4956 3.5044 
                                                                                                                                                                                                                                                      
        Instance                                                                                                        Component                                                                                                       Delta  Delay  
        --------                                                                                                        ---------                                                                                                       -----  -----  
        inPlaceNTT_DIF:core/reg(COMP_LOOP-1:modulo_dev:result:rem:cmp.a)                                                mgc_reg_pos_64_0_0_1_1_0_0_4                                                                                    0.0870 0.0870 
        inPlaceNTT_DIF:core/COMP_LOOP-1:modulo_dev:result:rem:cmp.a                                                                                                                                                                     0.0000 0.0870 
        inPlaceNTT_DIF:core/COMP_LOOP-1:modulo_dev:result:rem:cmp                                                       mgc_rem_64_64_0_4                                                                                               1.4912 1.5782 
        inPlaceNTT_DIF:core/COMP_LOOP-1:modulo_dev:result:rem:cmp.z                                                                                                                                                                     0.0000 1.5782 
        inPlaceNTT_DIF:core/COMP_LOOP:mux1h#12                                                                          mgc_mux1hot_64_3_4                                                                                              0.0609 1.6391 
        inPlaceNTT_DIF:core/COMP_LOOP:mux1h#12.itm                                                                                                                                                                                      0.0000 1.6391 
        inPlaceNTT_DIF:core/COMP_LOOP-1:mul:rg                                                                          mgc_mul_64_0_64_0_64_4                                                                                          4.7845 6.4236 
        inPlaceNTT_DIF:core/z.out#5                                                                                                                                                                                                     0.0000 6.4236 
        inPlaceNTT_DIF:core/COMP_LOOP:slc(z.out#5)(9-0)                                                                                                                                                                                 0.0000 6.4236 
        inPlaceNTT_DIF:core/COMP_LOOP:slc(z.out#5)(9-0).itm                                                                                                                                                                             0.0000 6.4236 
        inPlaceNTT_DIF:core/COMP_LOOP:tmp:mux                                                                           mgc_mux_10_1_2_4                                                                                                0.0620 6.4856 
        inPlaceNTT_DIF:core/twiddle:rsci.radr_d                                                                                                                                                                                         0.0000 6.4856 
        inPlaceNTT_DIF/twiddle:rsci.radr_d                                                                                                                                                                                              0.0000 6.4856 
        inPlaceNTT_DIF:ccs_sample_mem.ccs_ram_sync_1R1W_rport(4,64,10,1024,1024,64,5)gen/radr_d                                                                                                                                         0.0000 6.4856 
        inPlaceNTT_DIF:ccs_sample_mem.ccs_ram_sync_1R1W_rport(4,64,10,1024,1024,64,5)gen/COMP_LOOP:tmp:slc(radr_d)(9-0)                                                                                                                 0.0000 6.4856 
        inPlaceNTT_DIF:ccs_sample_mem.ccs_ram_sync_1R1W_rport(4,64,10,1024,1024,64,5)gen/COMP_LOOP:tmp:asn(radr)                                                                                                                        0.0000 6.4856 
        inPlaceNTT_DIF:ccs_sample_mem.ccs_ram_sync_1R1W_rport(4,64,10,1024,1024,64,5)gen/radr                                                                                                                                           0.0000 6.4856 
        inPlaceNTT_DIF/twiddle:rsc.radr                                                                                                                                                                                                 0.0100 6.4956 
                                                                                                                                                                                                                                                      
      7                                                                                                                 inPlaceNTT_DIF:core/reg(COMP_LOOP-1:modulo_dev:result:rem:cmp.b) inPlaceNTT_DIF/twiddle:rsc.radr                6.4956 3.5044 
                                                                                                                                                                                                                                                      
        Instance                                                                                                        Component                                                                                                       Delta  Delay  
        --------                                                                                                        ---------                                                                                                       -----  -----  
        inPlaceNTT_DIF:core/reg(COMP_LOOP-1:modulo_dev:result:rem:cmp.b)                                                mgc_reg_pos_64_0_0_1_1_0_0_4                                                                                    0.0870 0.0870 
        inPlaceNTT_DIF:core/COMP_LOOP-1:modulo_dev:result:rem:cmp.b                                                                                                                                                                     0.0000 0.0870 
        inPlaceNTT_DIF:core/COMP_LOOP-1:modulo_dev:result:rem:cmp                                                       mgc_rem_64_64_0_4                                                                                               1.4912 1.5782 
        inPlaceNTT_DIF:core/COMP_LOOP-1:modulo_dev:result:rem:cmp.z                                                                                                                                                                     0.0000 1.5782 
        inPlaceNTT_DIF:core/COMP_LOOP:mux1h#12                                                                          mgc_mux1hot_64_3_4                                                                                              0.0609 1.6391 
        inPlaceNTT_DIF:core/COMP_LOOP:mux1h#12.itm                                                                                                                                                                                      0.0000 1.6391 
        inPlaceNTT_DIF:core/COMP_LOOP-1:mul:rg                                                                          mgc_mul_64_0_64_0_64_4                                                                                          4.7845 6.4236 
        inPlaceNTT_DIF:core/z.out#5                                                                                                                                                                                                     0.0000 6.4236 
        inPlaceNTT_DIF:core/COMP_LOOP:slc(z.out#5)(9-0)                                                                                                                                                                                 0.0000 6.4236 
        inPlaceNTT_DIF:core/COMP_LOOP:slc(z.out#5)(9-0).itm                                                                                                                                                                             0.0000 6.4236 
        inPlaceNTT_DIF:core/COMP_LOOP:tmp:mux                                                                           mgc_mux_10_1_2_4                                                                                                0.0620 6.4856 
        inPlaceNTT_DIF:core/twiddle:rsci.radr_d                                                                                                                                                                                         0.0000 6.4856 
        inPlaceNTT_DIF/twiddle:rsci.radr_d                                                                                                                                                                                              0.0000 6.4856 
        inPlaceNTT_DIF:ccs_sample_mem.ccs_ram_sync_1R1W_rport(4,64,10,1024,1024,64,5)gen/radr_d                                                                                                                                         0.0000 6.4856 
        inPlaceNTT_DIF:ccs_sample_mem.ccs_ram_sync_1R1W_rport(4,64,10,1024,1024,64,5)gen/COMP_LOOP:tmp:slc(radr_d)(9-0)                                                                                                                 0.0000 6.4856 
        inPlaceNTT_DIF:ccs_sample_mem.ccs_ram_sync_1R1W_rport(4,64,10,1024,1024,64,5)gen/COMP_LOOP:tmp:asn(radr)                                                                                                                        0.0000 6.4856 
        inPlaceNTT_DIF:ccs_sample_mem.ccs_ram_sync_1R1W_rport(4,64,10,1024,1024,64,5)gen/radr                                                                                                                                           0.0000 6.4856 
        inPlaceNTT_DIF/twiddle:rsc.radr                                                                                                                                                                                                 0.0100 6.4956 
                                                                                                                                                                                                                                                      
      8                                                                                                                 inPlaceNTT_DIF:core/inPlaceNTT_DIF:core_core:fsm:inst            inPlaceNTT_DIF/twiddle:rsc.radr                5.6625 4.3375 
                                                                                                                                                                                                                                                      
        Instance                                                                                                        Component                                                                                                       Delta  Delay  
        --------                                                                                                        ---------                                                                                                       -----  -----  
        inPlaceNTT_DIF:core/inPlaceNTT_DIF:core_core:fsm:inst                                                           inPlaceNTT_DIF:core_core:fsm                                                                                    0.0000 0.0000 
        inPlaceNTT_DIF:core/fsm_output                                                                                                                                                                                                  0.0000 0.0000 
        inPlaceNTT_DIF:core/slc(fsm_output)(1)#51                                                                                                                                                                                       0.0000 0.0000 
        inPlaceNTT_DIF:core/slc(fsm_output)(1)#51.itm                                                                                                                                                                                   0.0000 0.0000 
        inPlaceNTT_DIF:core/not#256                                                                                     mgc_not_1_1                                                                                                     0.0060 0.0060 
        inPlaceNTT_DIF:core/not#256.itm                                                                                                                                                                                                 0.0000 0.0060 
        inPlaceNTT_DIF:core/nor#60                                                                                      mgc_nor_1_8_4                                                                                                   0.0987 0.1047 
        inPlaceNTT_DIF:core/and.dcpl#124                                                                                                                                                                                                0.0000 0.1047 
        inPlaceNTT_DIF:core/STAGE_LOOP:mux                                                                              mgc_mux_4_1_2_4                                                                                                 0.0589 0.1636 
        inPlaceNTT_DIF:core/STAGE_LOOP:mux.itm                                                                                                                                                                                          0.0000 0.1636 
        inPlaceNTT_DIF:core/COMP_LOOP-1:tmp:acc:rg                                                                      mgc_addc_4_0_4_1_4_4                                                                                            0.3475 0.5112 
        inPlaceNTT_DIF:core/z.out#2                                                                                                                                                                                                     0.0000 0.5112 
        inPlaceNTT_DIF:core/STAGE_LOOP:mux1h#1                                                                          mgc_mux1hot_4_3_4                                                                                               0.0609 0.5720 
        inPlaceNTT_DIF:core/STAGE_LOOP:mux1h#1.itm                                                                                                                                                                                      0.0000 0.5720 
        inPlaceNTT_DIF:core/STAGE_LOOP:exu                                                                                                                                                                                              0.0000 0.5720 
        inPlaceNTT_DIF:core/STAGE_LOOP:exu.itm                                                                                                                                                                                          0.0000 0.5720 
        inPlaceNTT_DIF:core/COMP_LOOP-1:tmp:lshift:rg                                                                   mgc_shift_bl_v5_1_0_5_11_1                                                                                      0.1491 0.7211 
        inPlaceNTT_DIF:core/z.out#4                                                                                                                                                                                                     0.0000 0.7211 
        inPlaceNTT_DIF:core/COMP_LOOP:slc(z.out#4)(9)                                                                                                                                                                                   0.0000 0.7211 
        inPlaceNTT_DIF:core/COMP_LOOP:slc(z.out#4)(9).itm                                                                                                                                                                               0.0000 0.7211 
        inPlaceNTT_DIF:core/conc#7                                                                                                                                                                                                      0.0000 0.7211 
        inPlaceNTT_DIF:core/conc#7.itm                                                                                                                                                                                                  0.0000 0.7211 
        inPlaceNTT_DIF:core/COMP_LOOP:mux1h#11                                                                          mgc_mux1hot_55_3_4                                                                                              0.0609 0.7820 
        inPlaceNTT_DIF:core/COMP_LOOP:mux1h#11.itm                                                                                                                                                                                      0.0000 0.7820 
        inPlaceNTT_DIF:core/COMP_LOOP:and                                                                               mgc_and_55_2_1                                                                                                  0.0240 0.8060 
        inPlaceNTT_DIF:core/COMP_LOOP:and.itm                                                                                                                                                                                           0.0000 0.8060 
        inPlaceNTT_DIF:core/COMP_LOOP:conc#30                                                                                                                                                                                           0.0000 0.8060 
        inPlaceNTT_DIF:core/COMP_LOOP:conc#30.itm                                                                                                                                                                                       0.0000 0.8060 
        inPlaceNTT_DIF:core/COMP_LOOP-1:mul:rg                                                                          mgc_mul_64_0_64_0_64_4                                                                                          4.7845 5.5905 
        inPlaceNTT_DIF:core/z.out#5                                                                                                                                                                                                     0.0000 5.5905 
        inPlaceNTT_DIF:core/COMP_LOOP:slc(z.out#5)(9-0)                                                                                                                                                                                 0.0000 5.5905 
        inPlaceNTT_DIF:core/COMP_LOOP:slc(z.out#5)(9-0).itm                                                                                                                                                                             0.0000 5.5905 
        inPlaceNTT_DIF:core/COMP_LOOP:tmp:mux                                                                           mgc_mux_10_1_2_4                                                                                                0.0620 5.6525 
        inPlaceNTT_DIF:core/twiddle:rsci.radr_d                                                                                                                                                                                         0.0000 5.6525 
        inPlaceNTT_DIF/twiddle:rsci.radr_d                                                                                                                                                                                              0.0000 5.6525 
        inPlaceNTT_DIF:ccs_sample_mem.ccs_ram_sync_1R1W_rport(4,64,10,1024,1024,64,5)gen/radr_d                                                                                                                                         0.0000 5.6525 
        inPlaceNTT_DIF:ccs_sample_mem.ccs_ram_sync_1R1W_rport(4,64,10,1024,1024,64,5)gen/COMP_LOOP:tmp:slc(radr_d)(9-0)                                                                                                                 0.0000 5.6525 
        inPlaceNTT_DIF:ccs_sample_mem.ccs_ram_sync_1R1W_rport(4,64,10,1024,1024,64,5)gen/COMP_LOOP:tmp:asn(radr)                                                                                                                        0.0000 5.6525 
        inPlaceNTT_DIF:ccs_sample_mem.ccs_ram_sync_1R1W_rport(4,64,10,1024,1024,64,5)gen/radr                                                                                                                                           0.0000 5.6525 
        inPlaceNTT_DIF/twiddle:rsc.radr                                                                                                                                                                                                 0.0100 5.6625 
                                                                                                                                                                                                                                                      
      9                                                                                                                 inPlaceNTT_DIF:core/inPlaceNTT_DIF:core_core:fsm:inst            inPlaceNTT_DIF/twiddle:rsc.radr                5.6565 4.3435 
                                                                                                                                                                                                                                                      
        Instance                                                                                                        Component                                                                                                       Delta  Delay  
        --------                                                                                                        ---------                                                                                                       -----  -----  
        inPlaceNTT_DIF:core/inPlaceNTT_DIF:core_core:fsm:inst                                                           inPlaceNTT_DIF:core_core:fsm                                                                                    0.0000 0.0000 
        inPlaceNTT_DIF:core/fsm_output                                                                                                                                                                                                  0.0000 0.0000 
        inPlaceNTT_DIF:core/slc(fsm_output)(4)#68                                                                                                                                                                                       0.0000 0.0000 
        inPlaceNTT_DIF:core/slc(fsm_output)(4)#68.itm                                                                                                                                                                                   0.0000 0.0000 
        inPlaceNTT_DIF:core/nor#60                                                                                      mgc_nor_1_8_4                                                                                                   0.0987 0.0987 
        inPlaceNTT_DIF:core/and.dcpl#124                                                                                                                                                                                                0.0000 0.0987 
        inPlaceNTT_DIF:core/STAGE_LOOP:mux                                                                              mgc_mux_4_1_2_4                                                                                                 0.0589 0.1576 
        inPlaceNTT_DIF:core/STAGE_LOOP:mux.itm                                                                                                                                                                                          0.0000 0.1576 
        inPlaceNTT_DIF:core/COMP_LOOP-1:tmp:acc:rg                                                                      mgc_addc_4_0_4_1_4_4                                                                                            0.3475 0.5052 
        inPlaceNTT_DIF:core/z.out#2                                                                                                                                                                                                     0.0000 0.5052 
        inPlaceNTT_DIF:core/STAGE_LOOP:mux1h#1                                                                          mgc_mux1hot_4_3_4                                                                                               0.0609 0.5660 
        inPlaceNTT_DIF:core/STAGE_LOOP:mux1h#1.itm                                                                                                                                                                                      0.0000 0.5660 
        inPlaceNTT_DIF:core/STAGE_LOOP:exu                                                                                                                                                                                              0.0000 0.5660 
        inPlaceNTT_DIF:core/STAGE_LOOP:exu.itm                                                                                                                                                                                          0.0000 0.5660 
        inPlaceNTT_DIF:core/COMP_LOOP-1:tmp:lshift:rg                                                                   mgc_shift_bl_v5_1_0_5_11_1                                                                                      0.1491 0.7151 
        inPlaceNTT_DIF:core/z.out#4                                                                                                                                                                                                     0.0000 0.7151 
        inPlaceNTT_DIF:core/COMP_LOOP:slc(z.out#4)(9)                                                                                                                                                                                   0.0000 0.7151 
        inPlaceNTT_DIF:core/COMP_LOOP:slc(z.out#4)(9).itm                                                                                                                                                                               0.0000 0.7151 
        inPlaceNTT_DIF:core/conc#7                                                                                                                                                                                                      0.0000 0.7151 
        inPlaceNTT_DIF:core/conc#7.itm                                                                                                                                                                                                  0.0000 0.7151 
        inPlaceNTT_DIF:core/COMP_LOOP:mux1h#11                                                                          mgc_mux1hot_55_3_4                                                                                              0.0609 0.7760 
        inPlaceNTT_DIF:core/COMP_LOOP:mux1h#11.itm                                                                                                                                                                                      0.0000 0.7760 
        inPlaceNTT_DIF:core/COMP_LOOP:and                                                                               mgc_and_55_2_1                                                                                                  0.0240 0.8000 
        inPlaceNTT_DIF:core/COMP_LOOP:and.itm                                                                                                                                                                                           0.0000 0.8000 
        inPlaceNTT_DIF:core/COMP_LOOP:conc#30                                                                                                                                                                                           0.0000 0.8000 
        inPlaceNTT_DIF:core/COMP_LOOP:conc#30.itm                                                                                                                                                                                       0.0000 0.8000 
        inPlaceNTT_DIF:core/COMP_LOOP-1:mul:rg                                                                          mgc_mul_64_0_64_0_64_4                                                                                          4.7845 5.5845 
        inPlaceNTT_DIF:core/z.out#5                                                                                                                                                                                                     0.0000 5.5845 
        inPlaceNTT_DIF:core/COMP_LOOP:slc(z.out#5)(9-0)                                                                                                                                                                                 0.0000 5.5845 
        inPlaceNTT_DIF:core/COMP_LOOP:slc(z.out#5)(9-0).itm                                                                                                                                                                             0.0000 5.5845 
        inPlaceNTT_DIF:core/COMP_LOOP:tmp:mux                                                                           mgc_mux_10_1_2_4                                                                                                0.0620 5.6465 
        inPlaceNTT_DIF:core/twiddle:rsci.radr_d                                                                                                                                                                                         0.0000 5.6465 
        inPlaceNTT_DIF/twiddle:rsci.radr_d                                                                                                                                                                                              0.0000 5.6465 
        inPlaceNTT_DIF:ccs_sample_mem.ccs_ram_sync_1R1W_rport(4,64,10,1024,1024,64,5)gen/radr_d                                                                                                                                         0.0000 5.6465 
        inPlaceNTT_DIF:ccs_sample_mem.ccs_ram_sync_1R1W_rport(4,64,10,1024,1024,64,5)gen/COMP_LOOP:tmp:slc(radr_d)(9-0)                                                                                                                 0.0000 5.6465 
        inPlaceNTT_DIF:ccs_sample_mem.ccs_ram_sync_1R1W_rport(4,64,10,1024,1024,64,5)gen/COMP_LOOP:tmp:asn(radr)                                                                                                                        0.0000 5.6465 
        inPlaceNTT_DIF:ccs_sample_mem.ccs_ram_sync_1R1W_rport(4,64,10,1024,1024,64,5)gen/radr                                                                                                                                           0.0000 5.6465 
        inPlaceNTT_DIF/twiddle:rsc.radr                                                                                                                                                                                                 0.0100 5.6565 
                                                                                                                                                                                                                                                      
      10                                                                                                                inPlaceNTT_DIF:core/inPlaceNTT_DIF:core_core:fsm:inst            inPlaceNTT_DIF/twiddle:rsc.radr                5.6565 4.3435 
                                                                                                                                                                                                                                                      
        Instance                                                                                                        Component                                                                                                       Delta  Delay  
        --------                                                                                                        ---------                                                                                                       -----  -----  
        inPlaceNTT_DIF:core/inPlaceNTT_DIF:core_core:fsm:inst                                                           inPlaceNTT_DIF:core_core:fsm                                                                                    0.0000 0.0000 
        inPlaceNTT_DIF:core/fsm_output                                                                                                                                                                                                  0.0000 0.0000 
        inPlaceNTT_DIF:core/slc(fsm_output)(6)#62                                                                                                                                                                                       0.0000 0.0000 
        inPlaceNTT_DIF:core/slc(fsm_output)(6)#62.itm                                                                                                                                                                                   0.0000 0.0000 
        inPlaceNTT_DIF:core/nor#60                                                                                      mgc_nor_1_8_4                                                                                                   0.0987 0.0987 
        inPlaceNTT_DIF:core/and.dcpl#124                                                                                                                                                                                                0.0000 0.0987 
        inPlaceNTT_DIF:core/STAGE_LOOP:mux                                                                              mgc_mux_4_1_2_4                                                                                                 0.0589 0.1576 
        inPlaceNTT_DIF:core/STAGE_LOOP:mux.itm                                                                                                                                                                                          0.0000 0.1576 
        inPlaceNTT_DIF:core/COMP_LOOP-1:tmp:acc:rg                                                                      mgc_addc_4_0_4_1_4_4                                                                                            0.3475 0.5052 
        inPlaceNTT_DIF:core/z.out#2                                                                                                                                                                                                     0.0000 0.5052 
        inPlaceNTT_DIF:core/STAGE_LOOP:mux1h#1                                                                          mgc_mux1hot_4_3_4                                                                                               0.0609 0.5660 
        inPlaceNTT_DIF:core/STAGE_LOOP:mux1h#1.itm                                                                                                                                                                                      0.0000 0.5660 
        inPlaceNTT_DIF:core/STAGE_LOOP:exu                                                                                                                                                                                              0.0000 0.5660 
        inPlaceNTT_DIF:core/STAGE_LOOP:exu.itm                                                                                                                                                                                          0.0000 0.5660 
        inPlaceNTT_DIF:core/COMP_LOOP-1:tmp:lshift:rg                                                                   mgc_shift_bl_v5_1_0_5_11_1                                                                                      0.1491 0.7151 
        inPlaceNTT_DIF:core/z.out#4                                                                                                                                                                                                     0.0000 0.7151 
        inPlaceNTT_DIF:core/COMP_LOOP:slc(z.out#4)(9)                                                                                                                                                                                   0.0000 0.7151 
        inPlaceNTT_DIF:core/COMP_LOOP:slc(z.out#4)(9).itm                                                                                                                                                                               0.0000 0.7151 
        inPlaceNTT_DIF:core/conc#7                                                                                                                                                                                                      0.0000 0.7151 
        inPlaceNTT_DIF:core/conc#7.itm                                                                                                                                                                                                  0.0000 0.7151 
        inPlaceNTT_DIF:core/COMP_LOOP:mux1h#11                                                                          mgc_mux1hot_55_3_4                                                                                              0.0609 0.7760 
        inPlaceNTT_DIF:core/COMP_LOOP:mux1h#11.itm                                                                                                                                                                                      0.0000 0.7760 
        inPlaceNTT_DIF:core/COMP_LOOP:and                                                                               mgc_and_55_2_1                                                                                                  0.0240 0.8000 
        inPlaceNTT_DIF:core/COMP_LOOP:and.itm                                                                                                                                                                                           0.0000 0.8000 
        inPlaceNTT_DIF:core/COMP_LOOP:conc#30                                                                                                                                                                                           0.0000 0.8000 
        inPlaceNTT_DIF:core/COMP_LOOP:conc#30.itm                                                                                                                                                                                       0.0000 0.8000 
        inPlaceNTT_DIF:core/COMP_LOOP-1:mul:rg                                                                          mgc_mul_64_0_64_0_64_4                                                                                          4.7845 5.5845 
        inPlaceNTT_DIF:core/z.out#5                                                                                                                                                                                                     0.0000 5.5845 
        inPlaceNTT_DIF:core/COMP_LOOP:slc(z.out#5)(9-0)                                                                                                                                                                                 0.0000 5.5845 
        inPlaceNTT_DIF:core/COMP_LOOP:slc(z.out#5)(9-0).itm                                                                                                                                                                             0.0000 5.5845 
        inPlaceNTT_DIF:core/COMP_LOOP:tmp:mux                                                                           mgc_mux_10_1_2_4                                                                                                0.0620 5.6465 
        inPlaceNTT_DIF:core/twiddle:rsci.radr_d                                                                                                                                                                                         0.0000 5.6465 
        inPlaceNTT_DIF/twiddle:rsci.radr_d                                                                                                                                                                                              0.0000 5.6465 
        inPlaceNTT_DIF:ccs_sample_mem.ccs_ram_sync_1R1W_rport(4,64,10,1024,1024,64,5)gen/radr_d                                                                                                                                         0.0000 5.6465 
        inPlaceNTT_DIF:ccs_sample_mem.ccs_ram_sync_1R1W_rport(4,64,10,1024,1024,64,5)gen/COMP_LOOP:tmp:slc(radr_d)(9-0)                                                                                                                 0.0000 5.6465 
        inPlaceNTT_DIF:ccs_sample_mem.ccs_ram_sync_1R1W_rport(4,64,10,1024,1024,64,5)gen/COMP_LOOP:tmp:asn(radr)                                                                                                                        0.0000 5.6465 
        inPlaceNTT_DIF:ccs_sample_mem.ccs_ram_sync_1R1W_rport(4,64,10,1024,1024,64,5)gen/radr                                                                                                                                           0.0000 5.6465 
        inPlaceNTT_DIF/twiddle:rsc.radr                                                                                                                                                                                                 0.0100 5.6565 
                                                                                                                                                                                                                                                      
      
    Register Input and Register-to-Output Slack
      Clock period or pin-to-reg delay constraint (clk): 10.0
      Clock uncertainty constraint (clk)               : 0.0
      
      Instance                                                         Port                                                Slack (Delay) Messages 
      ---------------------------------------------------------------- ------------------------------------------------- ------- ------- --------
      inPlaceNTT_DIF:core/reg(STAGE_LOOP:i(3:0))                       STAGE_LOOP:i:STAGE_LOOP:i:mux.itm                  9.4299  0.5701          
      inPlaceNTT_DIF:core/reg(p)                                       p:rsci.idat                                       10.0000  0.0000          
      inPlaceNTT_DIF:core/reg(COMP_LOOP-1:modulo_dev:result:rem:cmp.b) p.sva                                              9.9130  0.0870          
      inPlaceNTT_DIF:core/reg(COMP_LOOP-1:modulo_dev:result:rem:cmp.a) COMP_LOOP:mux1h.itm                                3.5039  6.4961          
      inPlaceNTT_DIF:core/reg(twiddle:rsc.triosy:obj.ld)               and#42.itm                                         8.9601  1.0399          
      inPlaceNTT_DIF:core/reg(VEC_LOOP:j(10:0).sva(9:0))               VEC_LOOP:j:VEC_LOOP:j:and.itm                      9.0368  0.9632          
      inPlaceNTT_DIF:core/reg(STAGE_LOOP:lshift.psp)                   z.out#4                                            4.3369  5.6631          
      inPlaceNTT_DIF:core/reg(COMP_LOOP:k(10:1).sva(8:0))              COMP_LOOP:k:COMP_LOOP:k:and.itm                    9.8530  0.1470          
      inPlaceNTT_DIF:core/reg(COMP_LOOP-2:slc(COMP_LOOP:acc)(10))      COMP_LOOP:slc(z.out)(10).itm                       9.0608  0.9392          
      inPlaceNTT_DIF:core/reg(COMP_LOOP:acc.psp)                       COMP_LOOP:acc.itm                                  9.2348  0.7652          
      inPlaceNTT_DIF:core/reg(COMP_LOOP:acc#10.cse(10:1)#1)            COMP_LOOP-1:acc#10.itm(10:1)                       8.2689  1.7311          
      inPlaceNTT_DIF:core/reg(COMP_LOOP-1:tmp:acc)                     z.out#2                                            4.3369  5.6631          
      inPlaceNTT_DIF:core/reg(COMP_LOOP-1:slc(COMP_LOOP:acc)(10))      COMP_LOOP:slc(COMP_LOOP-1:acc)(10).itm             8.2159  1.7841          
      inPlaceNTT_DIF:core/reg(COMP_LOOP:acc#1)                         COMP_LOOP-2:acc#1.itm                              9.1631  0.8369          
      inPlaceNTT_DIF:core/reg(COMP_LOOP:acc#10.cse(10:1))              COMP_LOOP:slc(COMP_LOOP-2:acc#10)(10-1).itm        8.3414  1.6586          
      inPlaceNTT_DIF:core/reg(COMP_LOOP:tmp:asn)                       twiddle:rsci.q_d                                   9.5000  0.5000          
      inPlaceNTT_DIF:core/reg(factor2#1)                               vec:rsci.q_d                                       4.6705  5.3295          
      inPlaceNTT_DIF:core/reg(COMP_LOOP-1:acc#6.mut)                   COMP_LOOP:COMP_LOOP:mux.itm                        3.5038  6.4962          
      inPlaceNTT_DIF:core/reg(COMP_LOOP:tmp:asn)#1                     twiddle:rsci.q_d                                   9.5000  0.5000          
      inPlaceNTT_DIF:core/reg(COMP_LOOP-1:acc#8)                       COMP_LOOP:mux1h#7.itm                              4.6822  5.3178          
      inPlaceNTT_DIF:core/reg(COMP_LOOP:k(10:1))#1                     COMP_LOOP:k:slc(COMP_LOOP:k(10:1).sva#2)(8-0).itm  9.0376  0.9624          
      inPlaceNTT_DIF                                                   vec:rsc.radr                                       8.2589  1.7411          
      inPlaceNTT_DIF                                                   vec:rsc.re                                         9.7334  0.2666          
      inPlaceNTT_DIF                                                   vec:rsc.wadr                                       9.8226  0.1774          
      inPlaceNTT_DIF                                                   vec:rsc.d                                          8.3391  1.6609          
      inPlaceNTT_DIF                                                   vec:rsc.we                                         9.7624  0.2376          
      inPlaceNTT_DIF                                                   vec:rsc.triosy.lz                                  9.9130  0.0870          
      inPlaceNTT_DIF                                                   p:rsc.triosy.lz                                    9.9130  0.0870          
      inPlaceNTT_DIF                                                   r:rsc.triosy.lz                                    9.9130  0.0870          
      inPlaceNTT_DIF                                                   twiddle:rsc.radr                                   3.5044  6.4956          
      inPlaceNTT_DIF                                                   twiddle:rsc.re                                     9.8831  0.1169          
      inPlaceNTT_DIF                                                   twiddle:rsc.triosy.lz                              9.9130  0.0870          
      
  Operator Bitwidth Summary
    Operation Size (bits) Count 
    --------- ----------- -----
    add                         
    -                   9     1 
    -                  64     1 
    -                   4     1 
    -                  11     7 
    -                  10     1 
    and                         
    -                   9     1 
    -                  55     1 
    -                  10     1 
    -                   1    55 
    lshift                      
    -                  11     1 
    mul                         
    -                  64     1 
    mux                         
    -                   9     1 
    -                  64     3 
    -                   4     2 
    -                  11     1 
    -                  10     2 
    -                   1    46 
    mux1h                       
    -                   9     1 
    -                  64     4 
    -                  55     1 
    -                   4     1 
    -                  10     2 
    nand                        
    -                   1     7 
    nor                         
    -                   1    30 
    not                         
    -                  64     2 
    -                   4     2 
    -                  10     2 
    -                   1    84 
    or                          
    -                   1    42 
    read_port                   
    -                  64     1 
    read_sync                   
    -                   0     4 
    reg                         
    -                   9     3 
    -                  64     8 
    -                   4     2 
    -                  11     1 
    -                  10     4 
    -                   1     3 
    rem                         
    -                  64     1 
    xor                         
    -                   1     1 
    
  End of Report
