-- Catapult Ultra Synthesis: Report                                              
-- ------------------------- ---------------------------------------------------
-- Version:                  10.5c/896140 Production Release                     
-- Build Date:               Sun Sep  6 22:45:38 PDT 2020                        
                                                                                 
-- Generated by:             ls5382@newnano.poly.edu                             
-- Generated date:           Thu Sep 16 20:25:43 EDT 2021                        

Solution Settings: peaceNTT.v4
  Current state: extract
  Project: Catapult_3
  
  Design Input Files Specified
    $PROJECT_HOME/include/ntt.h
    $PROJECT_HOME/include/utils.h
    $PROJECT_HOME/include/config.h
      $MGC_HOME/shared/include/ac_math.h
        $MGC_HOME/shared/include/ac_math/ac_abs.h
          $MGC_HOME/shared/include/ac_int.h
          $MGC_HOME/shared/include/ac_fixed.h
          $MGC_HOME/shared/include/ac_float.h
          $MGC_HOME/shared/include/ac_complex.h
          $MGC_HOME/shared/include/ac_math/ac_sqrt_pwl.h
            $MGC_HOME/shared/include/ac_math/ac_shift.h
            $MGC_HOME/shared/include/ac_math/ac_normalize.h
        $MGC_HOME/shared/include/ac_math/ac_arccos_cordic.h
        $MGC_HOME/shared/include/ac_math/ac_arcsin_cordic.h
        $MGC_HOME/shared/include/ac_math/ac_atan_pwl.h
          $MGC_HOME/shared/include/ac_math/ac_reciprocal_pwl.h
        $MGC_HOME/shared/include/ac_math/ac_atan_pwl_ha.h
          $MGC_HOME/shared/include/ac_math/ac_reciprocal_pwl_ha.h
        $MGC_HOME/shared/include/ac_math/ac_atan2_cordic.h
        $MGC_HOME/shared/include/ac_math/ac_div.h
        $MGC_HOME/shared/include/ac_math/ac_hcordic.h
        $MGC_HOME/shared/include/ac_math/ac_inverse_sqrt_pwl.h
        $MGC_HOME/shared/include/ac_math/ac_log_pwl.h
        $MGC_HOME/shared/include/ac_math/ac_pow_pwl.h
        $MGC_HOME/shared/include/ac_math/ac_sigmoid_pwl.h
        $MGC_HOME/shared/include/ac_math/ac_sincos_cordic.h
        $MGC_HOME/shared/include/ac_math/ac_sincos_lut.h
        $MGC_HOME/shared/include/ac_math/ac_sqrt.h
        $MGC_HOME/shared/include/ac_math/ac_tan_pwl.h
        $MGC_HOME/shared/include/ac_math/ac_tanh_pwl.h
        $MGC_HOME/shared/include/ac_math/ac_softmax_pwl.h
    $PROJECT_HOME/../../../../NTT_Xilinx/Catapult/peaseNTT/src/ntt.cpp
      $PROJECT_HOME/../../../../NTT_Xilinx/Catapult/peaseNTT/include/ntt.h
        $PROJECT_HOME/../../../../NTT_Xilinx/Catapult/peaseNTT/include/config.h
          $MGC_HOME/shared/include/ac_int.h
          $MGC_HOME/shared/include/ac_math.h
            $MGC_HOME/shared/include/ac_math/ac_abs.h
              $MGC_HOME/shared/include/ac_fixed.h
              $MGC_HOME/shared/include/ac_float.h
              $MGC_HOME/shared/include/ac_complex.h
              $MGC_HOME/shared/include/ac_math/ac_sqrt_pwl.h
                $MGC_HOME/shared/include/ac_math/ac_shift.h
                $MGC_HOME/shared/include/ac_math/ac_normalize.h
            $MGC_HOME/shared/include/ac_math/ac_arccos_cordic.h
            $MGC_HOME/shared/include/ac_math/ac_arcsin_cordic.h
            $MGC_HOME/shared/include/ac_math/ac_atan_pwl.h
              $MGC_HOME/shared/include/ac_math/ac_reciprocal_pwl.h
            $MGC_HOME/shared/include/ac_math/ac_atan_pwl_ha.h
              $MGC_HOME/shared/include/ac_math/ac_reciprocal_pwl_ha.h
            $MGC_HOME/shared/include/ac_math/ac_atan2_cordic.h
            $MGC_HOME/shared/include/ac_math/ac_div.h
            $MGC_HOME/shared/include/ac_math/ac_hcordic.h
            $MGC_HOME/shared/include/ac_math/ac_inverse_sqrt_pwl.h
            $MGC_HOME/shared/include/ac_math/ac_log_pwl.h
            $MGC_HOME/shared/include/ac_math/ac_pow_pwl.h
            $MGC_HOME/shared/include/ac_math/ac_sigmoid_pwl.h
            $MGC_HOME/shared/include/ac_math/ac_sincos_cordic.h
            $MGC_HOME/shared/include/ac_math/ac_sincos_lut.h
            $MGC_HOME/shared/include/ac_math/ac_sqrt.h
            $MGC_HOME/shared/include/ac_math/ac_tan_pwl.h
            $MGC_HOME/shared/include/ac_math/ac_tanh_pwl.h
            $MGC_HOME/shared/include/ac_math/ac_softmax_pwl.h
      $PROJECT_HOME/../../../../NTT_Xilinx/Catapult/peaseNTT/include/utils.h
    $PROJECT_HOME/../../../../NTT_Xilinx/Catapult/peaseNTT/src/utils.cpp
    $PROJECT_HOME/../../../../NTT_Xilinx/Catapult/peaseNTT/src/main.cpp
    $PROJECT_HOME/../../../../NTT_Xilinx/Catapult/peaseNTT_md/directives.tcl
  
  Processes/Blocks in Design
    Process        Real Operation(s) count Latency Throughput Reset Length II Comments 
    -------------- ----------------------- ------- ---------- ------------ -- --------
    /peaceNTT/core                      54  970769     970774            0  0          
    Design Total:                       54  970769     970774            0  0          
    
  Bill Of Materials (Datapath)
    Component Name                                   Area Score Area(DSP) Area(LUTs) Area(MUX_CARRYs)   Delay Post Alloc Post Assign 
    ------------------------------------------------ ---------- --------- ---------- ---------------- ------- ---------- -----------
    [Lib: Xilinx_RAMS]                                                                                                               
    BLOCK_1R1W_RBW(6,10,64,1024,1024,64,1)                0.000     0.000      0.000            0.000   0.100          0           1 
    BLOCK_1R1W_RBW_rport(1,10,64,1024,1024,64,1)          0.000     0.000      0.000            0.000   2.400          1           0 
    BLOCK_1R1W_RBW_rport(5,10,64,1024,1024,64,1)          0.000     0.000      0.000            0.000   2.400          1           0 
    BLOCK_1R1W_RBW_rwport(1,10,64,1024,1024,64,1)         0.000     0.000      0.000            0.000   0.100          1           0 
    BLOCK_1R1W_RBW_rwport(4,10,64,1024,1024,64,1)         0.000     0.000      0.000            0.000   0.100          1           0 
    BLOCK_1R1W_RBW_rwport(5,10,64,1024,1024,64,1)         0.000     0.000      0.000            0.000   0.100          1           0 
    BLOCK_1R1W_RBW_rwport(6,10,64,1024,1024,64,1)         0.000     0.000      0.000            0.000   0.100          1           0 
    BLOCK_1R1W_RBW_rwport_en(1,10,64,1024,1024,64,1)      0.000     0.000      0.000            0.000   0.100          1           0 
    BLOCK_1R1W_RBW_rwport_en(4,10,64,1024,1024,64,1)      0.000     0.000      0.000            0.000   0.100          1           0 
    BLOCK_1R1W_RBW_rwport_en(5,10,64,1024,1024,64,1)      0.000     0.000      0.000            0.000   0.100          1           0 
    BLOCK_1R1W_RBW_rwport_en(6,10,64,1024,1024,64,1)      0.000     0.000      0.000            0.000   0.100          1           0 
    [Lib: ccs_ioport]                                                                                                                
    ccs_in(2,64)                                          0.000     0.000      0.000            0.000   0.000          1           1 
    ccs_in(3,64)                                          0.000     0.000      0.000            0.000   0.000          1           0 
    [Lib: mgc_Xilinx-VIRTEX-7-2_beh]                                                                                                 
    mgc_add(10,0,1,0,11)                                 10.000     0.000     10.000            9.000   1.035          0           1 
    mgc_add(10,0,2,1,11)                                 10.000     0.000     10.000            9.000   1.035          1           0 
    mgc_add(4,0,1,1,4)                                    4.000     0.000      4.000            3.000   0.945          1           0 
    mgc_add(4,0,1,1,5)                                    4.000     0.000      4.000            3.000   0.945          1           1 
    mgc_add(64,0,64,0,64)                                64.000     0.000     64.000           63.000   1.845          4           2 
    mgc_add(9,0,2,1,10)                                   9.000     0.000      9.000            8.000   1.020          1           0 
    mgc_and(1,2)                                          1.000     0.000      1.000            0.000   0.550          0          30 
    mgc_and(1,3)                                          1.000     0.000      1.000            0.000   0.550          0           9 
    mgc_and(1,4)                                          1.000     0.000      1.000            0.000   0.550          0           4 
    mgc_and(1,5)                                          1.000     0.000      1.000            0.000   0.550          0           4 
    mgc_and(1,6)                                          1.000     0.000      1.000            0.000   0.550          0           1 
    mgc_and(1,7)                                          2.000     0.000      2.000            0.000   1.500          0           1 
    mgc_and(10,2)                                        10.000     0.000     10.000            0.000   0.550          0           1 
    mgc_and(64,2)                                        64.000     0.000     64.000            0.000   0.550          0           1 
    mgc_and(9,2)                                          9.000     0.000      9.000            0.000   0.550          1           2 
    mgc_mul_pipe(64,0,64,0,128,1,1,0,1,11,2)          10484.000    16.000     68.000            0.000   1.319          1           1 
    mgc_mux(1,1,2)                                        1.000     0.000      1.000            0.000   0.080          0          53 
    mgc_mux(10,1,2)                                      10.000     0.000     10.000            0.000   0.080          0           2 
    mgc_mux(11,1,2)                                      11.000     0.000     11.000            0.000   0.080          0           1 
    mgc_mux(128,1,2)                                    128.000     0.000    128.000            0.000   0.080          0           1 
    mgc_mux(4,1,2)                                        4.000     0.000      4.000            0.000   0.080          0           1 
    mgc_mux(64,1,2)                                      64.000     0.000     64.000            0.000   0.080          3           5 
    mgc_mux1hot(64,3)                                    92.565     0.000     92.565            0.000   0.550          0           2 
    mgc_nand(1,2)                                         1.000     0.000      1.000            0.000   0.550          0           4 
    mgc_nand(1,3)                                         1.000     0.000      1.000            0.000   0.550          0           2 
    mgc_nand(1,4)                                         1.000     0.000      1.000            0.000   0.550          0           1 
    mgc_nand(1,5)                                         1.000     0.000      1.000            0.000   0.550          0           2 
    mgc_nor(1,2)                                          1.000     0.000      1.000            0.000   0.550          0          10 
    mgc_nor(1,3)                                          1.000     0.000      1.000            0.000   0.550          0           4 
    mgc_nor(1,4)                                          1.000     0.000      1.000            0.000   0.550          0           3 
    mgc_nor(1,5)                                          1.000     0.000      1.000            0.000   0.550          0           4 
    mgc_nor(1,8)                                          2.000     0.000      2.000            0.000   1.500          0           1 
    mgc_nor(1,9)                                          2.000     0.000      2.000            0.000   1.500          0           1 
    mgc_not(1)                                            0.000     0.000      0.000            0.000   0.000          0          61 
    mgc_not(64)                                           0.000     0.000      0.000            0.000   0.000          0           1 
    mgc_or(1,2)                                           1.000     0.000      1.000            0.000   0.550          0           9 
    mgc_or(1,3)                                           1.000     0.000      1.000            0.000   0.550          0           7 
    mgc_or(1,4)                                           1.000     0.000      1.000            0.000   0.550          0           1 
    mgc_or(1,5)                                           1.000     0.000      1.000            0.000   0.550          0           1 
    mgc_or(1,6)                                           1.000     0.000      1.000            0.000   0.550          0           1 
    mgc_reg_pos(1,0,0,1,1,0,0)                            0.000     0.000      0.000            0.000   0.320          0           4 
    mgc_reg_pos(10,0,0,1,1,1,1)                           0.000     0.000      0.000            0.000   0.320          0           1 
    mgc_reg_pos(128,0,0,0,0,0,0)                          0.000     0.000      0.000            0.000   0.320          0           1 
    mgc_reg_pos(128,0,0,0,0,1,1)                          0.000     0.000      0.000            0.000   0.320          0           1 
    mgc_reg_pos(2,0,0,1,1,1,1)                            0.000     0.000      0.000            0.000   0.320          0           1 
    mgc_reg_pos(4,0,0,0,0,1,1)                            0.000     0.000      0.000            0.000   0.320          0           1 
    mgc_reg_pos(64,0,0,0,0,0,0)                           0.000     0.000      0.000            0.000   0.320          0           2 
    mgc_reg_pos(64,0,0,0,0,1,1)                           0.000     0.000      0.000            0.000   0.320          0           3 
    mgc_reg_pos(64,0,0,1,1,1,1)                           0.000     0.000      0.000            0.000   0.320          0           1 
    mgc_reg_pos(9,0,0,0,0,1,1)                            0.000     0.000      0.000            0.000   0.320          0           1 
    mgc_reg_pos(9,0,0,1,1,1,1)                            0.000     0.000      0.000            0.000   0.320          0           1 
    mgc_rem(128,64,0)                                 15411.269     0.000  15411.269            0.000 374.622          1           1 
    mgc_rem(65,65,1)                                   8359.249     0.000   8359.249            0.000 231.970          1           1 
    mgc_shift_l(1,1,4,9)                                  7.870     0.000      7.870            0.000   0.550          1           1 
    mgc_xor(1,2)                                          1.000     0.000      1.000            0.000   0.550          0           1 
    [Lib: mgc_ioport]                                                                                                                
    mgc_io_sync(0)                                        0.000     0.000      0.000            0.000   0.000          5           5 
                                                                                                                                     
    TOTAL AREA (After Assignment):                    35321.517    16.000  24906.000          138.000                                
    
  Area Scores
                       Post-Scheduling    Post-DP & FSM  Post-Assignment 
    ----------------- ---------------- ---------------- ----------------
    Total Area Score:   34746.4          35632.6          35326.5        
    Total Reg:              0.0              0.0              0.0        
                                                                         
    DataPath:           34746.4 (100%)   35627.6 (100%)   35321.5 (100%) 
      MUX:                192.0   (1%)     965.2   (3%)     721.1   (2%) 
      FUNC:             34545.4  (99%)   34481.4  (97%)   34404.4  (97%) 
      LOGIC:                9.0   (0%)     181.0   (1%)     196.0   (1%) 
      BUFFER:               0.0              0.0              0.0        
      MEM:                  0.0              0.0              0.0        
      ROM:                  0.0              0.0              0.0        
      REG:                  0.0              0.0              0.0        
                                                                         
    
    FSM:                    0.0              5.0   (0%)       5.0   (0%) 
      FSM-REG:              0.0              0.0              0.0        
      FSM-COMB:             0.0              5.0 (100%)       5.0 (100%) 
                                                                         
    
  Register-to-Variable Mappings
    Register                                   Size(bits) Gated Register CG Opt Done Variables                                             
    ------------------------------------------ ---------- -------------- ----------- -----------------------------------------------------
    COMP_LOOP:f2:mul.mut                              128         Y           Y      COMP_LOOP:f2:mul.mut                                  
    COMP_LOOP:f2:rem:cmp.a                            128                            COMP_LOOP:f2:rem:cmp.a                                
    COMP_LOOP:acc#1.itm                                64         Y           Y      COMP_LOOP:acc#1.itm                                   
                                                                                     COMP_LOOP:f2.sva                                      
    STAGE_LOOP:lst.sva                                 64         Y           Y      STAGE_LOOP:lst.sva                                    
                                                                                     STAGE_LOOP:lst.sva.dfm                                
    modulo_dev#1:result.sva                            64         Y           Y      modulo_dev#1:result.sva                               
                                                                                     modulo_dev:result.sva                                 
                                                                                     COMP_LOOP:f1.sva                                      
                                                                                     COMP_LOOP:acc#3.psp                                   
    modulo_dev:result:rem:cmp.a(63:0)                  64                            modulo_dev:result:rem:cmp.a(63:0)                     
    p.sva                                              64         Y           Y      p.sva                                                 
    reg(modulo_dev:result:rem:cmp.b(63:0)).cse         64                            reg(modulo_dev:result:rem:cmp.b(63:0)).cse            
    COPY_LOOP#1:i(10:0).sva(9:0)                       10         Y           Y      COPY_LOOP#1:i(10:0).sva(9:0)                          
                                                                                     COPY_LOOP:i(10:0).sva(9:0)                            
                                                                                     COMP_LOOP:r(9:0).sva#1                                
    COPY_LOOP#1:i(10:0).sva#1(8:0)                      9         Y           Y      COPY_LOOP#1:i(10:0).sva#1                             
                                                                                     COPY_LOOP:i(10:0).sva#1                               
                                                                                     COMP_LOOP:r(9:0).sva(8:0)                             
    STAGE_LOOP:base(8:0).sva                            9         Y           Y      STAGE_LOOP:base(8:0).sva                              
    STAGE_LOOP:base:acc.cse.sva                         4         Y           Y      STAGE_LOOP:base:acc.cse.sva                           
                                                                                     STAGE_LOOP:c(3:0).sva                                 
    COPY_LOOP#1:i(10:0).sva#1(10:9)                     2         Y           Y      COPY_LOOP#1:i(10:0).sva#1                             
                                                                                     COPY_LOOP:i(10:0).sva#1                               
                                                                                     COMP_LOOP:r(9:0).sva(8:0)                             
    COMP_LOOP:COMP_LOOP:if:nor.svs.st                   1                            COMP_LOOP:COMP_LOOP:if:nor.svs.st                     
    reg(ensig.cgo).cse                                  1                            reg(ensig.cgo).cse                                    
    reg(vec:rsc.triosy:obj.ld).cse                      1                            reg(vec:rsc.triosy:obj.ld).cse                        
    reg(xt:rsc.@.cgo).cse                               1                            reg(xt:rsc.@.cgo).cse                                 
                                                                                                                                           
    Total:                                            678            418         418 (Total Gating Ratio: 0.62, CG Opt Gating Ratio: 0.62) 
    
  Timing Report
    Critical Path
      Max Delay:  3.685
      Slack:      1.4149999999999996
      
      Path                                                                                                 Startpoint                                           Endpoint                               Delay  Slack  
      ---------------------------------------------------------------------------------------------------- ---------------------------------------------------- -------------------------------------- ------ ------
      1                                                                                                    peaceNTT:core/peaceNTT:core_core:fsm:inst            peaceNTT/result:rsc.d                  3.6850 1.4150 
                                                                                                                                                                                                                     
        Instance                                                                                           Component                                                                                   Delta  Delay  
        --------                                                                                           ---------                                                                                   -----  -----  
        peaceNTT:core/peaceNTT:core_core:fsm:inst                                                          peaceNTT:core_core:fsm                                                                      0.0000 0.0000 
        peaceNTT:core/fsm_output                                                                                                                                                                       0.0000 0.0000 
        peaceNTT:core/slc(fsm_output)(1)#48                                                                                                                                                            0.0000 0.0000 
        peaceNTT:core/slc(fsm_output)(1)#48.itm                                                                                                                                                        0.0000 0.0000 
        peaceNTT:core/and                                                                                  mgc_and_1_3                                                                                 0.5500 0.5500 
        peaceNTT:core/and.itm                                                                                                                                                                          0.0000 0.5500 
        peaceNTT:core/mux#81                                                                               mgc_mux_1_1_2                                                                               0.0800 0.6300 
        peaceNTT:core/mux#81.itm                                                                                                                                                                       0.0000 0.6300 
        peaceNTT:core/and#109                                                                              mgc_and_1_5                                                                                 0.5500 1.1800 
        peaceNTT:core/and#109.itm                                                                                                                                                                      0.0000 1.1800 
        peaceNTT:core/COMP_LOOP:mux                                                                        mgc_mux_64_1_2                                                                              0.0800 1.2600 
        peaceNTT:core/COMP_LOOP:mux.itm                                                                                                                                                                0.0000 1.2600 
        peaceNTT:core/COMP_LOOP:acc#1:rg                                                                   mgc_addc_64_0_64_0_64                                                                       1.8450 3.1050 
        peaceNTT:core/z.out#1                                                                                                                                                                          0.0000 3.1050 
        peaceNTT:core/modulo_dev#1:mux                                                                     mgc_mux_64_1_2                                                                              0.0800 3.1850 
        peaceNTT:core/result:rsci.d_d                                                                                                                                                                  0.0000 3.1850 
        peaceNTT/result:rsci.d_d                                                                                                                                                                       0.0000 3.1850 
        peaceNTT:Xilinx_RAMS.BLOCK_1R1W_RBW_rwport(4,10,64,1024,1024,64,1)gen/d_d                                                                                                                      0.0000 3.1850 
        peaceNTT:Xilinx_RAMS.BLOCK_1R1W_RBW_rwport(4,10,64,1024,1024,64,1)gen/COMP_LOOP:slc(d_d)(63-0)                                                                                                 0.0000 3.1850 
        peaceNTT:Xilinx_RAMS.BLOCK_1R1W_RBW_rwport(4,10,64,1024,1024,64,1)gen/COMP_LOOP:asn(d)                                                                                                         0.0000 3.1850 
        peaceNTT:Xilinx_RAMS.BLOCK_1R1W_RBW_rwport(4,10,64,1024,1024,64,1)gen/d                                                                                                                        0.0000 3.1850 
        peaceNTT/result:rsc.d                                                                                                                                                                          0.5000 3.6850 
                                                                                                                                                                                                                     
      2                                                                                                    peaceNTT:core/peaceNTT:core_core:fsm:inst            peaceNTT/result:rsc.d                  3.6850 1.4150 
                                                                                                                                                                                                                     
        Instance                                                                                           Component                                                                                   Delta  Delay  
        --------                                                                                           ---------                                                                                   -----  -----  
        peaceNTT:core/peaceNTT:core_core:fsm:inst                                                          peaceNTT:core_core:fsm                                                                      0.0000 0.0000 
        peaceNTT:core/fsm_output                                                                                                                                                                       0.0000 0.0000 
        peaceNTT:core/slc(fsm_output)(1)#47                                                                                                                                                            0.0000 0.0000 
        peaceNTT:core/slc(fsm_output)(1)#47.itm                                                                                                                                                        0.0000 0.0000 
        peaceNTT:core/nor#40                                                                               mgc_nor_1_3                                                                                 0.5500 0.5500 
        peaceNTT:core/nor#40.itm                                                                                                                                                                       0.0000 0.5500 
        peaceNTT:core/mux#81                                                                               mgc_mux_1_1_2                                                                               0.0800 0.6300 
        peaceNTT:core/mux#81.itm                                                                                                                                                                       0.0000 0.6300 
        peaceNTT:core/and#109                                                                              mgc_and_1_5                                                                                 0.5500 1.1800 
        peaceNTT:core/and#109.itm                                                                                                                                                                      0.0000 1.1800 
        peaceNTT:core/COMP_LOOP:mux                                                                        mgc_mux_64_1_2                                                                              0.0800 1.2600 
        peaceNTT:core/COMP_LOOP:mux.itm                                                                                                                                                                0.0000 1.2600 
        peaceNTT:core/COMP_LOOP:acc#1:rg                                                                   mgc_addc_64_0_64_0_64                                                                       1.8450 3.1050 
        peaceNTT:core/z.out#1                                                                                                                                                                          0.0000 3.1050 
        peaceNTT:core/modulo_dev#1:mux                                                                     mgc_mux_64_1_2                                                                              0.0800 3.1850 
        peaceNTT:core/result:rsci.d_d                                                                                                                                                                  0.0000 3.1850 
        peaceNTT/result:rsci.d_d                                                                                                                                                                       0.0000 3.1850 
        peaceNTT:Xilinx_RAMS.BLOCK_1R1W_RBW_rwport(4,10,64,1024,1024,64,1)gen/d_d                                                                                                                      0.0000 3.1850 
        peaceNTT:Xilinx_RAMS.BLOCK_1R1W_RBW_rwport(4,10,64,1024,1024,64,1)gen/COMP_LOOP:slc(d_d)(63-0)                                                                                                 0.0000 3.1850 
        peaceNTT:Xilinx_RAMS.BLOCK_1R1W_RBW_rwport(4,10,64,1024,1024,64,1)gen/COMP_LOOP:asn(d)                                                                                                         0.0000 3.1850 
        peaceNTT:Xilinx_RAMS.BLOCK_1R1W_RBW_rwport(4,10,64,1024,1024,64,1)gen/d                                                                                                                        0.0000 3.1850 
        peaceNTT/result:rsc.d                                                                                                                                                                          0.5000 3.6850 
                                                                                                                                                                                                                     
      3                                                                                                    peaceNTT:core/peaceNTT:core_core:fsm:inst            peaceNTT/result:rsc.d                  3.6850 1.4150 
                                                                                                                                                                                                                     
        Instance                                                                                           Component                                                                                   Delta  Delay  
        --------                                                                                           ---------                                                                                   -----  -----  
        peaceNTT:core/peaceNTT:core_core:fsm:inst                                                          peaceNTT:core_core:fsm                                                                      0.0000 0.0000 
        peaceNTT:core/fsm_output                                                                                                                                                                       0.0000 0.0000 
        peaceNTT:core/slc(fsm_output)(4)#38                                                                                                                                                            0.0000 0.0000 
        peaceNTT:core/slc(fsm_output)(4)#38.itm                                                                                                                                                        0.0000 0.0000 
        peaceNTT:core/and                                                                                  mgc_and_1_3                                                                                 0.5500 0.5500 
        peaceNTT:core/and.itm                                                                                                                                                                          0.0000 0.5500 
        peaceNTT:core/mux#81                                                                               mgc_mux_1_1_2                                                                               0.0800 0.6300 
        peaceNTT:core/mux#81.itm                                                                                                                                                                       0.0000 0.6300 
        peaceNTT:core/and#109                                                                              mgc_and_1_5                                                                                 0.5500 1.1800 
        peaceNTT:core/and#109.itm                                                                                                                                                                      0.0000 1.1800 
        peaceNTT:core/COMP_LOOP:mux                                                                        mgc_mux_64_1_2                                                                              0.0800 1.2600 
        peaceNTT:core/COMP_LOOP:mux.itm                                                                                                                                                                0.0000 1.2600 
        peaceNTT:core/COMP_LOOP:acc#1:rg                                                                   mgc_addc_64_0_64_0_64                                                                       1.8450 3.1050 
        peaceNTT:core/z.out#1                                                                                                                                                                          0.0000 3.1050 
        peaceNTT:core/modulo_dev#1:mux                                                                     mgc_mux_64_1_2                                                                              0.0800 3.1850 
        peaceNTT:core/result:rsci.d_d                                                                                                                                                                  0.0000 3.1850 
        peaceNTT/result:rsci.d_d                                                                                                                                                                       0.0000 3.1850 
        peaceNTT:Xilinx_RAMS.BLOCK_1R1W_RBW_rwport(4,10,64,1024,1024,64,1)gen/d_d                                                                                                                      0.0000 3.1850 
        peaceNTT:Xilinx_RAMS.BLOCK_1R1W_RBW_rwport(4,10,64,1024,1024,64,1)gen/COMP_LOOP:slc(d_d)(63-0)                                                                                                 0.0000 3.1850 
        peaceNTT:Xilinx_RAMS.BLOCK_1R1W_RBW_rwport(4,10,64,1024,1024,64,1)gen/COMP_LOOP:asn(d)                                                                                                         0.0000 3.1850 
        peaceNTT:Xilinx_RAMS.BLOCK_1R1W_RBW_rwport(4,10,64,1024,1024,64,1)gen/d                                                                                                                        0.0000 3.1850 
        peaceNTT/result:rsc.d                                                                                                                                                                          0.5000 3.6850 
                                                                                                                                                                                                                     
      4                                                                                                    peaceNTT:core/peaceNTT:core_core:fsm:inst            peaceNTT/result:rsc.d                  3.6850 1.4150 
                                                                                                                                                                                                                     
        Instance                                                                                           Component                                                                                   Delta  Delay  
        --------                                                                                           ---------                                                                                   -----  -----  
        peaceNTT:core/peaceNTT:core_core:fsm:inst                                                          peaceNTT:core_core:fsm                                                                      0.0000 0.0000 
        peaceNTT:core/fsm_output                                                                                                                                                                       0.0000 0.0000 
        peaceNTT:core/slc(fsm_output)(5)#37                                                                                                                                                            0.0000 0.0000 
        peaceNTT:core/slc(fsm_output)(5)#37.itm                                                                                                                                                        0.0000 0.0000 
        peaceNTT:core/and                                                                                  mgc_and_1_3                                                                                 0.5500 0.5500 
        peaceNTT:core/and.itm                                                                                                                                                                          0.0000 0.5500 
        peaceNTT:core/mux#81                                                                               mgc_mux_1_1_2                                                                               0.0800 0.6300 
        peaceNTT:core/mux#81.itm                                                                                                                                                                       0.0000 0.6300 
        peaceNTT:core/and#109                                                                              mgc_and_1_5                                                                                 0.5500 1.1800 
        peaceNTT:core/and#109.itm                                                                                                                                                                      0.0000 1.1800 
        peaceNTT:core/COMP_LOOP:mux                                                                        mgc_mux_64_1_2                                                                              0.0800 1.2600 
        peaceNTT:core/COMP_LOOP:mux.itm                                                                                                                                                                0.0000 1.2600 
        peaceNTT:core/COMP_LOOP:acc#1:rg                                                                   mgc_addc_64_0_64_0_64                                                                       1.8450 3.1050 
        peaceNTT:core/z.out#1                                                                                                                                                                          0.0000 3.1050 
        peaceNTT:core/modulo_dev#1:mux                                                                     mgc_mux_64_1_2                                                                              0.0800 3.1850 
        peaceNTT:core/result:rsci.d_d                                                                                                                                                                  0.0000 3.1850 
        peaceNTT/result:rsci.d_d                                                                                                                                                                       0.0000 3.1850 
        peaceNTT:Xilinx_RAMS.BLOCK_1R1W_RBW_rwport(4,10,64,1024,1024,64,1)gen/d_d                                                                                                                      0.0000 3.1850 
        peaceNTT:Xilinx_RAMS.BLOCK_1R1W_RBW_rwport(4,10,64,1024,1024,64,1)gen/COMP_LOOP:slc(d_d)(63-0)                                                                                                 0.0000 3.1850 
        peaceNTT:Xilinx_RAMS.BLOCK_1R1W_RBW_rwport(4,10,64,1024,1024,64,1)gen/COMP_LOOP:asn(d)                                                                                                         0.0000 3.1850 
        peaceNTT:Xilinx_RAMS.BLOCK_1R1W_RBW_rwport(4,10,64,1024,1024,64,1)gen/d                                                                                                                        0.0000 3.1850 
        peaceNTT/result:rsc.d                                                                                                                                                                          0.5000 3.6850 
                                                                                                                                                                                                                     
      5                                                                                                    peaceNTT:core/peaceNTT:core_core:fsm:inst            peaceNTT/result:rsc.d                  3.6850 1.4150 
                                                                                                                                                                                                                     
        Instance                                                                                           Component                                                                                   Delta  Delay  
        --------                                                                                           ---------                                                                                   -----  -----  
        peaceNTT:core/peaceNTT:core_core:fsm:inst                                                          peaceNTT:core_core:fsm                                                                      0.0000 0.0000 
        peaceNTT:core/fsm_output                                                                                                                                                                       0.0000 0.0000 
        peaceNTT:core/slc(fsm_output)(4)#37                                                                                                                                                            0.0000 0.0000 
        peaceNTT:core/slc(fsm_output)(4)#37.itm                                                                                                                                                        0.0000 0.0000 
        peaceNTT:core/nor#40                                                                               mgc_nor_1_3                                                                                 0.5500 0.5500 
        peaceNTT:core/nor#40.itm                                                                                                                                                                       0.0000 0.5500 
        peaceNTT:core/mux#81                                                                               mgc_mux_1_1_2                                                                               0.0800 0.6300 
        peaceNTT:core/mux#81.itm                                                                                                                                                                       0.0000 0.6300 
        peaceNTT:core/and#109                                                                              mgc_and_1_5                                                                                 0.5500 1.1800 
        peaceNTT:core/and#109.itm                                                                                                                                                                      0.0000 1.1800 
        peaceNTT:core/COMP_LOOP:mux                                                                        mgc_mux_64_1_2                                                                              0.0800 1.2600 
        peaceNTT:core/COMP_LOOP:mux.itm                                                                                                                                                                0.0000 1.2600 
        peaceNTT:core/COMP_LOOP:acc#1:rg                                                                   mgc_addc_64_0_64_0_64                                                                       1.8450 3.1050 
        peaceNTT:core/z.out#1                                                                                                                                                                          0.0000 3.1050 
        peaceNTT:core/modulo_dev#1:mux                                                                     mgc_mux_64_1_2                                                                              0.0800 3.1850 
        peaceNTT:core/result:rsci.d_d                                                                                                                                                                  0.0000 3.1850 
        peaceNTT/result:rsci.d_d                                                                                                                                                                       0.0000 3.1850 
        peaceNTT:Xilinx_RAMS.BLOCK_1R1W_RBW_rwport(4,10,64,1024,1024,64,1)gen/d_d                                                                                                                      0.0000 3.1850 
        peaceNTT:Xilinx_RAMS.BLOCK_1R1W_RBW_rwport(4,10,64,1024,1024,64,1)gen/COMP_LOOP:slc(d_d)(63-0)                                                                                                 0.0000 3.1850 
        peaceNTT:Xilinx_RAMS.BLOCK_1R1W_RBW_rwport(4,10,64,1024,1024,64,1)gen/COMP_LOOP:asn(d)                                                                                                         0.0000 3.1850 
        peaceNTT:Xilinx_RAMS.BLOCK_1R1W_RBW_rwport(4,10,64,1024,1024,64,1)gen/d                                                                                                                        0.0000 3.1850 
        peaceNTT/result:rsc.d                                                                                                                                                                          0.5000 3.6850 
                                                                                                                                                                                                                     
      6                                                                                                    peaceNTT:core/peaceNTT:core_core:fsm:inst            peaceNTT/result:rsc.d                  3.6850 1.4150 
                                                                                                                                                                                                                     
        Instance                                                                                           Component                                                                                   Delta  Delay  
        --------                                                                                           ---------                                                                                   -----  -----  
        peaceNTT:core/peaceNTT:core_core:fsm:inst                                                          peaceNTT:core_core:fsm                                                                      0.0000 0.0000 
        peaceNTT:core/fsm_output                                                                                                                                                                       0.0000 0.0000 
        peaceNTT:core/slc(fsm_output)(5)#36                                                                                                                                                            0.0000 0.0000 
        peaceNTT:core/slc(fsm_output)(5)#36.itm                                                                                                                                                        0.0000 0.0000 
        peaceNTT:core/nor#40                                                                               mgc_nor_1_3                                                                                 0.5500 0.5500 
        peaceNTT:core/nor#40.itm                                                                                                                                                                       0.0000 0.5500 
        peaceNTT:core/mux#81                                                                               mgc_mux_1_1_2                                                                               0.0800 0.6300 
        peaceNTT:core/mux#81.itm                                                                                                                                                                       0.0000 0.6300 
        peaceNTT:core/and#109                                                                              mgc_and_1_5                                                                                 0.5500 1.1800 
        peaceNTT:core/and#109.itm                                                                                                                                                                      0.0000 1.1800 
        peaceNTT:core/COMP_LOOP:mux                                                                        mgc_mux_64_1_2                                                                              0.0800 1.2600 
        peaceNTT:core/COMP_LOOP:mux.itm                                                                                                                                                                0.0000 1.2600 
        peaceNTT:core/COMP_LOOP:acc#1:rg                                                                   mgc_addc_64_0_64_0_64                                                                       1.8450 3.1050 
        peaceNTT:core/z.out#1                                                                                                                                                                          0.0000 3.1050 
        peaceNTT:core/modulo_dev#1:mux                                                                     mgc_mux_64_1_2                                                                              0.0800 3.1850 
        peaceNTT:core/result:rsci.d_d                                                                                                                                                                  0.0000 3.1850 
        peaceNTT/result:rsci.d_d                                                                                                                                                                       0.0000 3.1850 
        peaceNTT:Xilinx_RAMS.BLOCK_1R1W_RBW_rwport(4,10,64,1024,1024,64,1)gen/d_d                                                                                                                      0.0000 3.1850 
        peaceNTT:Xilinx_RAMS.BLOCK_1R1W_RBW_rwport(4,10,64,1024,1024,64,1)gen/COMP_LOOP:slc(d_d)(63-0)                                                                                                 0.0000 3.1850 
        peaceNTT:Xilinx_RAMS.BLOCK_1R1W_RBW_rwport(4,10,64,1024,1024,64,1)gen/COMP_LOOP:asn(d)                                                                                                         0.0000 3.1850 
        peaceNTT:Xilinx_RAMS.BLOCK_1R1W_RBW_rwport(4,10,64,1024,1024,64,1)gen/d                                                                                                                        0.0000 3.1850 
        peaceNTT/result:rsc.d                                                                                                                                                                          0.5000 3.6850 
                                                                                                                                                                                                                     
      7                                                                                                    peaceNTT:core/peaceNTT:core_core:fsm:inst            peaceNTT/xt:rsc.comp                   3.4900 1.6100 
                                                                                                                                                                                                                     
        Instance                                                                                           Component                                                                                   Delta  Delay  
        --------                                                                                           ---------                                                                                   -----  -----  
        peaceNTT:core/peaceNTT:core_core:fsm:inst                                                          peaceNTT:core_core:fsm                                                                      0.0000 0.0000 
        peaceNTT:core/fsm_output                                                                                                                                                                       0.0000 0.0000 
        peaceNTT:core/slc(fsm_output)(5)#31                                                                                                                                                            0.0000 0.0000 
        peaceNTT:core/slc(fsm_output)(5)#31.itm                                                                                                                                                        0.0000 0.0000 
        peaceNTT:core/nor#33                                                                               mgc_nor_1_2                                                                                 0.5500 0.5500 
        peaceNTT:core/and.dcpl#25                                                                                                                                                                      0.0000 0.5500 
        peaceNTT:core/and#27                                                                               mgc_and_1_2                                                                                 0.5500 1.1000 
        peaceNTT:core/and.dcpl#26                                                                                                                                                                      0.0000 1.1000 
        peaceNTT:core/mux#30                                                                               mgc_mux_1_1_2                                                                               0.0800 1.1800 
        peaceNTT:core/mux.tmp#19                                                                                                                                                                       0.0000 1.1800 
        peaceNTT:core/and#30                                                                               mgc_and_1_2                                                                                 0.5500 1.7300 
        peaceNTT:core/and#30.itm                                                                                                                                                                       0.0000 1.7300 
        peaceNTT:core/mux#32                                                                               mgc_mux_1_1_2                                                                               0.0800 1.8100 
        peaceNTT:core/mux#32.itm                                                                                                                                                                       0.0000 1.8100 
        peaceNTT:core/mux#33                                                                               mgc_mux_1_1_2                                                                               0.0800 1.8900 
        peaceNTT:core/mux#33.itm                                                                                                                                                                       0.0000 1.8900 
        peaceNTT:core/and#31                                                                               mgc_and_1_2                                                                                 0.5500 2.4400 
        peaceNTT:core/and#31.rmff                                                                                                                                                                      0.0000 2.4400 
        peaceNTT:core:wait_dp/xt:rsc.@.cgo_iro                                                                                                                                                         0.0000 2.4400 
        peaceNTT:core:wait_dp/COPY_LOOP:or                                                                 mgc_or_1_2                                                                                  0.5500 2.9900 
        peaceNTT:core:wait_dp/xt:rsci.clken_d                                                                                                                                                          0.0000 2.9900 
        peaceNTT:core/xt:rsci.clken_d                                                                                                                                                                  0.0000 2.9900 
        peaceNTT/xt:rsci.clken_d                                                                                                                                                                       0.0000 2.9900 
        peaceNTT:Xilinx_RAMS.BLOCK_1R1W_RBW_rwport_en(6,10,64,1024,1024,64,1)gen/clken_d                                                                                                               0.0000 2.9900 
        peaceNTT:Xilinx_RAMS.BLOCK_1R1W_RBW_rwport_en(6,10,64,1024,1024,64,1)gen/COPY_LOOP:slc(clken_d)(0)                                                                                             0.0000 2.9900 
        peaceNTT:Xilinx_RAMS.BLOCK_1R1W_RBW_rwport_en(6,10,64,1024,1024,64,1)gen/COPY_LOOP:asn(clken)                                                                                                  0.0000 2.9900 
        peaceNTT:Xilinx_RAMS.BLOCK_1R1W_RBW_rwport_en(6,10,64,1024,1024,64,1)gen/clken                                                                                                                 0.0000 2.9900 
        peaceNTT/xt:rsc.clken                                                                                                                                                                          0.0000 2.9900 
        peaceNTT/xt:rsc.comp                                                                               BLOCK_1R1W_RBW_6_10_64_1024_1024_64_1                                                       0.0000 3.4900 
                                                                                                                                                                                                                     
      8                                                                                                    peaceNTT:core/peaceNTT:core_core:fsm:inst            peaceNTT/xt:rsc.comp                   3.4900 1.6100 
                                                                                                                                                                                                                     
        Instance                                                                                           Component                                                                                   Delta  Delay  
        --------                                                                                           ---------                                                                                   -----  -----  
        peaceNTT:core/peaceNTT:core_core:fsm:inst                                                          peaceNTT:core_core:fsm                                                                      0.0000 0.0000 
        peaceNTT:core/fsm_output                                                                                                                                                                       0.0000 0.0000 
        peaceNTT:core/slc(fsm_output)(3)#25                                                                                                                                                            0.0000 0.0000 
        peaceNTT:core/slc(fsm_output)(3)#25.itm                                                                                                                                                        0.0000 0.0000 
        peaceNTT:core/nor#33                                                                               mgc_nor_1_2                                                                                 0.5500 0.5500 
        peaceNTT:core/and.dcpl#25                                                                                                                                                                      0.0000 0.5500 
        peaceNTT:core/and#27                                                                               mgc_and_1_2                                                                                 0.5500 1.1000 
        peaceNTT:core/and.dcpl#26                                                                                                                                                                      0.0000 1.1000 
        peaceNTT:core/mux#30                                                                               mgc_mux_1_1_2                                                                               0.0800 1.1800 
        peaceNTT:core/mux.tmp#19                                                                                                                                                                       0.0000 1.1800 
        peaceNTT:core/and#30                                                                               mgc_and_1_2                                                                                 0.5500 1.7300 
        peaceNTT:core/and#30.itm                                                                                                                                                                       0.0000 1.7300 
        peaceNTT:core/mux#32                                                                               mgc_mux_1_1_2                                                                               0.0800 1.8100 
        peaceNTT:core/mux#32.itm                                                                                                                                                                       0.0000 1.8100 
        peaceNTT:core/mux#33                                                                               mgc_mux_1_1_2                                                                               0.0800 1.8900 
        peaceNTT:core/mux#33.itm                                                                                                                                                                       0.0000 1.8900 
        peaceNTT:core/and#31                                                                               mgc_and_1_2                                                                                 0.5500 2.4400 
        peaceNTT:core/and#31.rmff                                                                                                                                                                      0.0000 2.4400 
        peaceNTT:core:wait_dp/xt:rsc.@.cgo_iro                                                                                                                                                         0.0000 2.4400 
        peaceNTT:core:wait_dp/COPY_LOOP:or                                                                 mgc_or_1_2                                                                                  0.5500 2.9900 
        peaceNTT:core:wait_dp/xt:rsci.clken_d                                                                                                                                                          0.0000 2.9900 
        peaceNTT:core/xt:rsci.clken_d                                                                                                                                                                  0.0000 2.9900 
        peaceNTT/xt:rsci.clken_d                                                                                                                                                                       0.0000 2.9900 
        peaceNTT:Xilinx_RAMS.BLOCK_1R1W_RBW_rwport_en(6,10,64,1024,1024,64,1)gen/clken_d                                                                                                               0.0000 2.9900 
        peaceNTT:Xilinx_RAMS.BLOCK_1R1W_RBW_rwport_en(6,10,64,1024,1024,64,1)gen/COPY_LOOP:slc(clken_d)(0)                                                                                             0.0000 2.9900 
        peaceNTT:Xilinx_RAMS.BLOCK_1R1W_RBW_rwport_en(6,10,64,1024,1024,64,1)gen/COPY_LOOP:asn(clken)                                                                                                  0.0000 2.9900 
        peaceNTT:Xilinx_RAMS.BLOCK_1R1W_RBW_rwport_en(6,10,64,1024,1024,64,1)gen/clken                                                                                                                 0.0000 2.9900 
        peaceNTT/xt:rsc.clken                                                                                                                                                                          0.0000 2.9900 
        peaceNTT/xt:rsc.comp                                                                               BLOCK_1R1W_RBW_6_10_64_1024_1024_64_1                                                       0.0000 3.4900 
                                                                                                                                                                                                                     
      9                                                                                                    peaceNTT:core/reg(modulo_dev:result:rem:cmp.a(63:0)) peaceNTT:core/reg(modulo_dev#1:result) 3.3396 1.7604 
                                                                                                                                                                                                                     
        Instance                                                                                           Component                                                                                   Delta  Delay  
        --------                                                                                           ---------                                                                                   -----  -----  
        peaceNTT:core/reg(modulo_dev:result:rem:cmp.a(63:0))                                               mgc_reg_pos_64_0_0_0_0_0_0                                                                  0.3200 0.3200 
        peaceNTT:core/modulo_dev:result:rem:cmp.a(63:0)                                                                                                                                                0.0000 0.3200 
        peaceNTT:core/modulo_dev:result:exs                                                                                                                                                            0.0000 0.3200 
        peaceNTT:core/modulo_dev:result:exs.itm                                                                                                                                                        0.0000 0.3200 
        peaceNTT:core/modulo_dev:result:rem:cmp                                                            mgc_rem_65_65_1                                                                             2.4696 2.7896 
        peaceNTT:core/modulo_dev:result:rem:cmp.z                                                                                                                                                      0.0000 2.7896 
        peaceNTT:core/modulo_dev#1:result:slc(modulo_dev:result:rem:cmp.z)(63-0)                                                                                                                       0.0000 2.7896 
        peaceNTT:core/modulo_dev#1:result:slc(modulo_dev:result:rem:cmp.z)(63-0).itm                                                                                                                   0.0000 2.7896 
        peaceNTT:core/COPY_LOOP:mux1h                                                                      mgc_mux1hot_64_3                                                                            0.5500 3.3396 
        peaceNTT:core/COPY_LOOP:mux1h.itm                                                                                                                                                              0.0000 3.3396 
        peaceNTT:core/reg(modulo_dev#1:result)                                                             mgc_reg_pos_64_0_0_1_1_1_1                                                                  0.0000 3.3396 
                                                                                                                                                                                                                     
      10                                                                                                   peaceNTT:core/reg(modulo_dev:result:rem:cmp.b(63:0)) peaceNTT:core/reg(modulo_dev#1:result) 3.3396 1.7604 
                                                                                                                                                                                                                     
        Instance                                                                                           Component                                                                                   Delta  Delay  
        --------                                                                                           ---------                                                                                   -----  -----  
        peaceNTT:core/reg(modulo_dev:result:rem:cmp.b(63:0))                                               mgc_reg_pos_64_0_0_0_0_0_0                                                                  0.3200 0.3200 
        peaceNTT:core/reg(modulo_dev:result:rem:cmp.b(63:0)).cse                                                                                                                                       0.0000 0.3200 
        peaceNTT:core/modulo_dev:result:exu                                                                                                                                                            0.0000 0.3200 
        peaceNTT:core/modulo_dev:result:exu.itm                                                                                                                                                        0.0000 0.3200 
        peaceNTT:core/modulo_dev:result:rem:cmp                                                            mgc_rem_65_65_1                                                                             2.4696 2.7896 
        peaceNTT:core/modulo_dev:result:rem:cmp.z                                                                                                                                                      0.0000 2.7896 
        peaceNTT:core/modulo_dev#1:result:slc(modulo_dev:result:rem:cmp.z)(63-0)                                                                                                                       0.0000 2.7896 
        peaceNTT:core/modulo_dev#1:result:slc(modulo_dev:result:rem:cmp.z)(63-0).itm                                                                                                                   0.0000 2.7896 
        peaceNTT:core/COPY_LOOP:mux1h                                                                      mgc_mux1hot_64_3                                                                            0.5500 3.3396 
        peaceNTT:core/COPY_LOOP:mux1h.itm                                                                                                                                                              0.0000 3.3396 
        peaceNTT:core/reg(modulo_dev#1:result)                                                             mgc_reg_pos_64_0_0_1_1_1_1                                                                  0.0000 3.3396 
                                                                                                                                                                                                                     
      
    Register Input and Register-to-Output Slack
      Clock period or pin-to-reg delay constraint (clk): 5.1
      Clock uncertainty constraint (clk)               : 0.0
      
      Instance                                             Port                                                Slack (Delay) Messages 
      ---------------------------------------------------- -------------------------------------------------- ------ ------- --------
      peaceNTT:core/reg(p)                                 p:rsci.idat                                        5.1000  0.0000          
      peaceNTT:core/reg(xt:rsc.@.cgo)                      and#31.rmff                                        2.1100  2.9900          
      peaceNTT:core/reg(vec:rsc.triosy:obj.ld)             and#48.itm                                         3.2850  1.8150          
      peaceNTT:core/reg(modulo_dev:result:rem:cmp.a(63:0)) COMP_LOOP:mux1h.itm                                2.3850  2.7150          
      peaceNTT:core/reg(modulo_dev:result:rem:cmp.b(63:0)) p.sva                                              2.7750  2.3250          
      peaceNTT:core/reg(COMP_LOOP:f2:rem:cmp.a)            COMP_LOOP:f2:mux.itm                               3.6800  1.4200          
      peaceNTT:core/reg(ensig.cgo)                         nor#35.rmff                                        2.7530  2.3470          
      peaceNTT:core/reg(COPY_LOOP#1:i(10:0).sva(9:0))      COPY_LOOP#1:i:COPY_LOOP#1:i:and.itm                2.2550  2.8450          
      peaceNTT:core/reg(COPY_LOOP#1:i(10:0))               slc(COPY_LOOP#1:i:COPY_LOOP#1:i:mux.rgt)(10-9).itm 2.6600  2.4400          
      peaceNTT:core/reg(COPY_LOOP#1:i(10:0))#1             slc(COPY_LOOP#1:i:COPY_LOOP#1:i:mux.rgt)(8-0).itm  2.6600  2.4400          
      peaceNTT:core/reg(STAGE_LOOP:base:acc)               STAGE_LOOP:base:STAGE_LOOP:base:mux.itm            3.3700  1.7300          
      peaceNTT:core/reg(STAGE_LOOP:base(8:0))              STAGE_LOOP:base:lshift.itm                         3.2850  1.8150          
      peaceNTT:core/reg(STAGE_LOOP:lst)                    STAGE_LOOP:lst:STAGE_LOOP:lst:and.itm              2.1500  2.9500          
      peaceNTT:core/reg(COMP_LOOP:COMP_LOOP:if:nor.svs.st) COMP_LOOP:COMP_LOOP:if:nor.tmp                     3.6800  1.4200          
      peaceNTT:core/reg(modulo_dev#1:result)               COPY_LOOP:mux1h.itm                                1.7604  3.3396          
      peaceNTT:core/reg(COMP_LOOP:f2:mul.mut)              COMP_LOOP:f2:mul:cmp.z                             3.7015  1.3985          
      peaceNTT:core/reg(COMP_LOOP:acc#1)                   COMP_LOOP:f2:COMP_LOOP:f2:mux.itm                  1.9150  3.1850          
      peaceNTT                                             vec:rsc.radr                                       4.2800  0.8200          
      peaceNTT                                             vec:rsc.triosy.lz                                  4.7800  0.3200          
      peaceNTT                                             p:rsc.triosy.lz                                    4.7800  0.3200          
      peaceNTT                                             g:rsc.triosy.lz                                    4.7800  0.3200          
      peaceNTT                                             result:rsc.wadr                                    2.9500  2.1500          
      peaceNTT                                             result:rsc.d                                       1.4150  3.6850          
      peaceNTT                                             result:rsc.we                                      3.4200  1.6800          
      peaceNTT                                             result:rsc.radr                                    4.2800  0.8200          
      peaceNTT                                             result:rsc.triosy.lz                               4.7800  0.3200          
      peaceNTT                                             twiddle:rsc.radr                                   3.7300  1.3700          
      peaceNTT                                             twiddle:rsc.triosy.lz                              4.7800  0.3200          
      
  Operator Bitwidth Summary
    Operation Size (bits) Count 
    --------- ----------- -----
    add                         
    -                  64     2 
    -                   5     1 
    -                  11     1 
    and                         
    -                   9     2 
    -                  64     1 
    -                  10     1 
    -                   1    49 
    lshift                      
    -                   9     1 
    mul                         
    -                 128     1 
    mux                         
    -                  64     5 
    -                   4     1 
    -                 128     1 
    -                  11     1 
    -                  10     2 
    -                   1    53 
    mux1h                       
    -                  64     2 
    nand                        
    -                   1     9 
    nor                         
    -                   1    23 
    not                         
    -                  64     1 
    -                   1    61 
    or                          
    -                   1    19 
    read_port                   
    -                  64     1 
    read_sync                   
    -                   0     5 
    reg                         
    -                   9     2 
    -                  64     6 
    -                   4     1 
    -                   2     1 
    -                 128     2 
    -                  10     1 
    -                   1     4 
    rem                         
    -                  65     1 
    -                  64     1 
    write_ram                   
    -                   0     1 
    xor                         
    -                   1     1 
    
  End of Report
