-- Catapult Ultra Synthesis: Report                                              
-- ------------------------- ---------------------------------------------------
-- Version:                  10.5c/896140 Production Release                     
-- Build Date:               Sun Sep  6 22:45:38 PDT 2020                        
                                                                                 
-- Generated by:             yl7897@newnano.poly.edu                             
-- Generated date:           Mon Sep 13 21:46:49 EDT 2021                        

Solution Settings: inPlaceNTT_DIF_precomp.v1
  Current state: extract
  Project: Catapult_1
  
  Design Input Files Specified
    $PROJECT_HOME/src/main.cpp
    $PROJECT_HOME/src/ntt.cpp
      $PROJECT_HOME/include/ntt.h
        $MGC_HOME/shared/include/ac_sync.h
          $MGC_HOME/shared/include/ac_channel.h
        $PROJECT_HOME/include/config.h
          $MGC_HOME/shared/include/ac_int.h
    $PROJECT_HOME/src/utils.cpp
  
  Processes/Blocks in Design
    Process                      Real Operation(s) count Latency Throughput Reset Length II Comments 
    ---------------------------- ----------------------- ------- ---------- ------------ -- --------
    /inPlaceNTT_DIF_precomp/core                      40  102517     102523            0  0        ? 
    Design Total:                                     40  102517     102523            0  0          
    
  Bill Of Materials (Datapath)
    Component Name                                       Area Score Area(DSP) Area(LUTs) Area(MUX_CARRYs) Delay Post Alloc Post Assign 
    ---------------------------------------------------- ---------- --------- ---------- ---------------- ----- ---------- -----------
    [Lib: Xilinx_RAMS]                                                                                                                 
    BLOCK_DPRAM_RBW_DUAL_rwport(13,12,32,4096,4096,32,1)      0.000     0.000      0.000            0.000 2.400          2           0 
    BLOCK_DPRAM_RBW_DUAL_rwport(16,12,32,4096,4096,32,1)      0.000     0.000      0.000            0.000 2.400          1           0 
    BLOCK_DPRAM_RBW_DUAL_rwport(17,12,32,4096,4096,32,1)      0.000     0.000      0.000            0.000 2.400          1           0 
    [Lib: ccs_ioport]                                                                                                                  
    ccs_in(14,32)                                             0.000     0.000      0.000            0.000 0.000          1           1 
    ccs_in(15,32)                                             0.000     0.000      0.000            0.000 0.000          1           0 
    ccs_sync_in_wait(12)                                      0.000     0.000      0.000            0.000 0.000          1           1 
    ccs_sync_out_wait(18)                                     0.000     0.000      0.000            0.000 0.000          1           1 
    [Lib: cluster]                                                                                                                     
    modulo_add_86a4e13eef67db9706364ef65c383d9d60fa()        96.000     0.000      0.000            0.000 0.320          1           1 
    modulo_sub_1bb50f5def739ec4079134016dea7c766383()        64.000     0.000      0.000            0.000 0.320          1           1 
    mult_81c1b7d49a9f3c7ad693045e78ab662170f2()            6293.000     0.000      0.000            0.000 0.320          1           1 
    [Lib: mgc_Xilinx-VIRTEX-7-2_beh]                                                                                                   
    mgc_add(10,0,2,1,11)                                     10.000     0.000     10.000            9.000 1.035          1           1 
    mgc_add(11,0,10,0,11)                                    11.000     0.000     11.000           10.000 1.050          1           1 
    mgc_add(11,0,11,0,11)                                    11.000     0.000     11.000           10.000 1.050          1           0 
    mgc_add(12,0,11,0,12)                                    12.000     0.000     12.000           11.000 1.065          2           2 
    mgc_add(20,0,1,1,21)                                     20.000     0.000     20.000           19.000 1.185          1           1 
    mgc_add(32,0,32,0,32)                                    32.000     0.000     32.000           31.000 1.365          3           2 
    mgc_add(4,0,1,1,4)                                        4.000     0.000      4.000            3.000 0.945          1           0 
    mgc_add(4,0,4,0,4)                                        4.000     0.000      4.000            3.000 0.945          1           1 
    mgc_add(5,0,2,1,5)                                        5.000     0.000      5.000            4.000 0.960          1           1 
    mgc_and(1,2)                                              1.000     0.000      1.000            0.000 0.550          0          32 
    mgc_and(1,3)                                              1.000     0.000      1.000            0.000 0.550          0           2 
    mgc_and(1,5)                                              1.000     0.000      1.000            0.000 0.550          0           1 
    mgc_and(11,2)                                            11.000     0.000     11.000            0.000 0.550          0           1 
    mgc_and(2,2)                                              2.000     0.000      2.000            0.000 0.550          0           1 
    mgc_and(32,2)                                            32.000     0.000     32.000            0.000 0.550          0           1 
    mgc_mul(10,0,11,0,12)                                   608.000     1.000      0.000            0.000 3.791          1           1 
    mgc_mux(1,1,2)                                            1.000     0.000      1.000            0.000 0.080          0           2 
    mgc_mux(10,1,2)                                          10.000     0.000     10.000            0.000 0.080          0           1 
    mgc_mux(11,1,2)                                          11.000     0.000     11.000            0.000 0.080          0           1 
    mgc_mux(12,1,2)                                          12.000     0.000     12.000            0.000 0.080          0           1 
    mgc_mux(32,1,2)                                          32.000     0.000     32.000            0.000 0.080          0           7 
    mgc_mux(4,1,2)                                            4.000     0.000      4.000            0.000 0.080          0           2 
    mgc_mux1hot(12,3)                                        17.356     0.000     17.356            0.000 0.550          0           1 
    mgc_nand(1,3)                                             1.000     0.000      1.000            0.000 0.550          0           1 
    mgc_nor(1,2)                                              1.000     0.000      1.000            0.000 0.550          0          14 
    mgc_nor(1,3)                                              1.000     0.000      1.000            0.000 0.550          0           1 
    mgc_nor(1,5)                                              1.000     0.000      1.000            0.000 0.550          0           1 
    mgc_not(1)                                                0.000     0.000      0.000            0.000 0.000          0          32 
    mgc_not(10)                                               0.000     0.000      0.000            0.000 0.000          0           1 
    mgc_not(32)                                               0.000     0.000      0.000            0.000 0.000          0           1 
    mgc_not(4)                                                0.000     0.000      0.000            0.000 0.000          0           2 
    mgc_or(1,2)                                               1.000     0.000      1.000            0.000 0.550          0          12 
    mgc_or(1,3)                                               1.000     0.000      1.000            0.000 0.550          0           1 
    mgc_or(1,7)                                               2.000     0.000      2.000            0.000 1.500          0           1 
    mgc_reg_pos(1,0,0,0,0,1,1)                                0.000     0.000      0.000            0.000 0.320          0           1 
    mgc_reg_pos(1,0,0,1,1,0,0)                                0.000     0.000      0.000            0.000 0.320          0           7 
    mgc_reg_pos(1,0,0,1,1,1,1)                                0.000     0.000      0.000            0.000 0.320          0           9 
    mgc_reg_pos(11,0,0,0,0,1,1)                               0.000     0.000      0.000            0.000 0.320          0           2 
    mgc_reg_pos(12,0,0,0,0,1,1)                               0.000     0.000      0.000            0.000 0.320          0           2 
    mgc_reg_pos(32,0,0,0,0,1,1)                               0.000     0.000      0.000            0.000 0.320          0           8 
    mgc_reg_pos(4,0,0,0,0,1,1)                                0.000     0.000      0.000            0.000 0.320          0           1 
    mgc_shift_l(1,0,4,11)                                     9.595     0.000      9.595            0.000 0.550          1           1 
    [Lib: mgc_ioport]                                                                                                                  
    mgc_io_sync(0)                                            0.000     0.000      0.000            0.000 0.000          5           5 
                                                                                                                                       
    TOTAL AREA (After Assignment):                         7604.951     1.000    544.000          129.000                              
    
  Area Scores
                      Post-Scheduling   Post-DP & FSM Post-Assignment 
    ----------------- --------------- --------------- ---------------
    Total Area Score:   7255.6          7741.4          7610.0        
    Total Reg:             0.0             0.0             0.0        
                                                                      
    DataPath:           7255.6 (100%)   7736.4 (100%)   7605.0 (100%) 
      MUX:                 0.0           419.2   (5%)    284.4   (4%) 
      FUNC:             7255.6 (100%)   7201.2  (93%)   7208.6  (95%) 
      LOGIC:               0.0           116.0   (1%)    112.0   (1%) 
      BUFFER:              0.0             0.0             0.0        
      MEM:                 0.0             0.0             0.0        
      ROM:                 0.0             0.0             0.0        
      REG:                 0.0             0.0             0.0        
                                                                      
    
    FSM:                   0.0             5.0   (0%)      5.0   (0%) 
      FSM-REG:             0.0             0.0             0.0        
      FSM-COMB:            0.0             5.0 (100%)      5.0 (100%) 
                                                                      
    
  Register-to-Variable Mappings
    Register                           Size(bits) Gated Register CG Opt Done Variables                                             
    ---------------------------------- ---------- -------------- ----------- -----------------------------------------------------
    COMP_LOOP:twiddle_f.sva                    32         Y           Y      COMP_LOOP:twiddle_f.sva                               
    COMP_LOOP:twiddle_help.sva                 32         Y           Y      COMP_LOOP:twiddle_help.sva                            
    VEC_LOOP:j.sva                             32         Y           Y      VEC_LOOP:j.sva                                        
                                                                             VEC_LOOP:j.sva#1                                      
    p.sva                                      32         Y           Y      p.sva                                                 
    twiddle:rsci.qa_d.bfwt(31:0)               32         Y           Y      twiddle:rsci.qa_d.bfwt(31:0)                          
    twiddle_h:rsci.qa_d.bfwt(31:0)             32         Y           Y      twiddle_h:rsci.qa_d.bfwt(31:0)                        
    vec:rsci.qa_d.bfwt(31:0)                   32         Y           Y      vec:rsci.qa_d.bfwt(31:0)                              
    vec:rsci.qa_d.bfwt(63:32)                  32         Y           Y      vec:rsci.qa_d.bfwt(63:32)                             
    VEC_LOOP:acc#1.cse.sva                     12         Y           Y      VEC_LOOP:acc#1.cse.sva                                
    VEC_LOOP:acc#10.cse.sva                    12         Y           Y      VEC_LOOP:acc#10.cse.sva                               
    COMP_LOOP:k(10:0).sva                      11         Y           Y      COMP_LOOP:k(10:0).sva                                 
    STAGE_LOOP:lshift.psp.sva                  11         Y           Y      STAGE_LOOP:lshift.psp.sva                             
    STAGE_LOOP:i(3:0).sva                       4         Y           Y      STAGE_LOOP:i(3:0).sva                                 
    VEC_LOOP:slc(VEC_LOOP:acc)(20).itm          1         Y           Y      VEC_LOOP:slc(VEC_LOOP:acc)(20).itm                    
                                                                             run_ac_sync_tmp_dobj.sva                              
    complete:rsci.bcwt                          1                            complete:rsci.bcwt                                    
    core.wten.reg                               1                            core.wten.reg                                         
    reg(complete:rsci.oswt).cse                 1         Y                  reg(complete:rsci.oswt).cse                           
    reg(ensig.cgo#1).cse                        1         Y                  reg(ensig.cgo#1).cse                                  
    reg(ensig.cgo).cse                          1         Y                  reg(ensig.cgo).cse                                    
    reg(run:rsci.oswt).cse                      1         Y                  reg(run:rsci.oswt).cse                                
    reg(twiddle:rsci.oswt).cse                  1         Y                  reg(twiddle:rsci.oswt).cse                            
    reg(vec:rsc.triosy:obj.iswt0).cse           1         Y                  reg(vec:rsc.triosy:obj.iswt0).cse                     
    reg(vec:rsci.oswt#1).cse                    1         Y                  reg(vec:rsci.oswt#1).cse                              
    reg(vec:rsci.oswt).cse                      1         Y                  reg(vec:rsci.oswt).cse                                
    run:rsci.bcwt                               1                            run:rsci.bcwt                                         
    run:rsci.ivld.bfwt                          1         Y           Y      run:rsci.ivld.bfwt                                    
    twiddle:rsci.bcwt                           1                            twiddle:rsci.bcwt                                     
    twiddle_h:rsci.bcwt                         1                            twiddle_h:rsci.bcwt                                   
    vec:rsci.bcwt                               1                            vec:rsci.bcwt                                         
    vec:rsci.bcwt#1                             1                            vec:rsci.bcwt#1                                       
                                                                                                                                   
    Total:                                    323            316         308 (Total Gating Ratio: 0.98, CG Opt Gating Ratio: 0.95) 
    
  Timing Report
    Critical Path
      Max Delay:  8.615601
      Slack:      1.3843990000000002
      
      Path                                                                                 Startpoint                                                                         Endpoint                               Delay  Slack  
      ------------------------------------------------------------------------------------ ---------------------------------------------------------------------------------- -------------------------------------- ------ ------
      1                                                                                    inPlaceNTT_DIF_precomp:core:complete:rsci:complete:wait_dp/reg(complete:rsci.bcwt) inPlaceNTT_DIF_precomp:core/mult():cmp 8.6156 1.3844 
                                                                                                                                                                                                                                   
        Instance                                                                           Component                                                                                                                 Delta  Delay  
        --------                                                                           ---------                                                                                                                 -----  -----  
        inPlaceNTT_DIF_precomp:core:complete:rsci:complete:wait_dp/reg(complete:rsci.bcwt) mgc_reg_pos_1_0_0_1_1_0_0                                                                                                 0.3200 0.3200 
        inPlaceNTT_DIF_precomp:core:complete:rsci:complete:wait_dp/complete:rsci.bcwt                                                                                                                                0.0000 0.3200 
        inPlaceNTT_DIF_precomp:core:complete:rsci/complete:rsci.bcwt                                                                                                                                                 0.0000 0.3200 
        inPlaceNTT_DIF_precomp:core:complete:rsci:complete:wait_ctrl/complete:rsci.bcwt                                                                                                                              0.0000 0.3200 
        inPlaceNTT_DIF_precomp:core:complete:rsci:complete:wait_ctrl/if:not#2              mgc_not_1                                                                                                                 0.0000 0.3200 
        inPlaceNTT_DIF_precomp:core:complete:rsci:complete:wait_ctrl/if:not#2.itm                                                                                                                                    0.0000 0.3200 
        inPlaceNTT_DIF_precomp:core:complete:rsci:complete:wait_ctrl/if:and#7              mgc_and_1_2                                                                                                               0.5500 0.8700 
        inPlaceNTT_DIF_precomp:core:complete:rsci:complete:wait_ctrl/complete:rsci.ogwt                                                                                                                              0.0000 0.8700 
        inPlaceNTT_DIF_precomp:core:complete:rsci:complete:wait_ctrl/if:and#5              mgc_and_1_2                                                                                                               0.5500 1.4200 
        inPlaceNTT_DIF_precomp:core:complete:rsci:complete:wait_ctrl/complete:rsci.biwt                                                                                                                              0.0000 1.4200 
        inPlaceNTT_DIF_precomp:core:complete:rsci/complete:rsci.biwt                                                                                                                                                 0.0000 1.4200 
        inPlaceNTT_DIF_precomp:core:complete:rsci:complete:wait_dp/complete:rsci.biwt                                                                                                                                0.0000 1.4200 
        inPlaceNTT_DIF_precomp:core:complete:rsci:complete:wait_dp/if:or#2                 mgc_or_1_3                                                                                                                0.5500 1.9700 
        inPlaceNTT_DIF_precomp:core:complete:rsci:complete:wait_dp/complete:rsci.wen_comp                                                                                                                            0.0000 1.9700 
        inPlaceNTT_DIF_precomp:core:complete:rsci/complete:rsci.wen_comp                                                                                                                                             0.0000 1.9700 
        inPlaceNTT_DIF_precomp:core/complete:rsci.wen_comp                                                                                                                                                           0.0000 1.9700 
        inPlaceNTT_DIF_precomp:core:wait_dp/core.wen                                                                                                                                                                 0.0000 1.9700 
        inPlaceNTT_DIF_precomp:core:wait_dp/VEC_LOOP:and#11                                mgc_and_1_2                                                                                                               0.5500 2.5200 
        inPlaceNTT_DIF_precomp:core:wait_dp/mult():cmp.ccs_ccore_en                                                                                                                                                  0.0000 2.5200 
        inPlaceNTT_DIF_precomp:core/mult():cmp.ccs_ccore_en                                                                                                                                                          0.0000 2.5200 
        inPlaceNTT_DIF_precomp:core/mult():cmp                                             mult                                                                                                                      0.0000 8.6156 
                                                                                                                                                                                                                                   
      2                                                                                    inPlaceNTT_DIF_precomp:core/reg(complete:rsci.oswt)                                inPlaceNTT_DIF_precomp:core/mult():cmp 8.6156 1.3844 
                                                                                                                                                                                                                                   
        Instance                                                                           Component                                                                                                                 Delta  Delay  
        --------                                                                           ---------                                                                                                                 -----  -----  
        inPlaceNTT_DIF_precomp:core/reg(complete:rsci.oswt)                                mgc_reg_pos_1_0_0_1_1_1_1                                                                                                 0.3200 0.3200 
        inPlaceNTT_DIF_precomp:core/reg(complete:rsci.oswt).cse                                                                                                                                                      0.0000 0.3200 
        inPlaceNTT_DIF_precomp:core:complete:rsci/complete:rsci.oswt                                                                                                                                                 0.0000 0.3200 
        inPlaceNTT_DIF_precomp:core:complete:rsci:complete:wait_ctrl/complete:rsci.oswt                                                                                                                              0.0000 0.3200 
        inPlaceNTT_DIF_precomp:core:complete:rsci:complete:wait_ctrl/if:and#7              mgc_and_1_2                                                                                                               0.5500 0.8700 
        inPlaceNTT_DIF_precomp:core:complete:rsci:complete:wait_ctrl/complete:rsci.ogwt                                                                                                                              0.0000 0.8700 
        inPlaceNTT_DIF_precomp:core:complete:rsci:complete:wait_ctrl/if:and#5              mgc_and_1_2                                                                                                               0.5500 1.4200 
        inPlaceNTT_DIF_precomp:core:complete:rsci:complete:wait_ctrl/complete:rsci.biwt                                                                                                                              0.0000 1.4200 
        inPlaceNTT_DIF_precomp:core:complete:rsci/complete:rsci.biwt                                                                                                                                                 0.0000 1.4200 
        inPlaceNTT_DIF_precomp:core:complete:rsci:complete:wait_dp/complete:rsci.biwt                                                                                                                                0.0000 1.4200 
        inPlaceNTT_DIF_precomp:core:complete:rsci:complete:wait_dp/if:or#2                 mgc_or_1_3                                                                                                                0.5500 1.9700 
        inPlaceNTT_DIF_precomp:core:complete:rsci:complete:wait_dp/complete:rsci.wen_comp                                                                                                                            0.0000 1.9700 
        inPlaceNTT_DIF_precomp:core:complete:rsci/complete:rsci.wen_comp                                                                                                                                             0.0000 1.9700 
        inPlaceNTT_DIF_precomp:core/complete:rsci.wen_comp                                                                                                                                                           0.0000 1.9700 
        inPlaceNTT_DIF_precomp:core:wait_dp/core.wen                                                                                                                                                                 0.0000 1.9700 
        inPlaceNTT_DIF_precomp:core:wait_dp/VEC_LOOP:and#11                                mgc_and_1_2                                                                                                               0.5500 2.5200 
        inPlaceNTT_DIF_precomp:core:wait_dp/mult():cmp.ccs_ccore_en                                                                                                                                                  0.0000 2.5200 
        inPlaceNTT_DIF_precomp:core/mult():cmp.ccs_ccore_en                                                                                                                                                          0.0000 2.5200 
        inPlaceNTT_DIF_precomp:core/mult():cmp                                             mult                                                                                                                      0.0000 8.6156 
                                                                                                                                                                                                                                   
      3                                                                                    inPlaceNTT_DIF_precomp:core/inPlaceNTT_DIF_precomp:core_core:fsm:inst              inPlaceNTT_DIF_precomp:core/mult():cmp 7.7456 2.2544 
                                                                                                                                                                                                                                   
        Instance                                                                           Component                                                                                                                 Delta  Delay  
        --------                                                                           ---------                                                                                                                 -----  -----  
        inPlaceNTT_DIF_precomp:core/inPlaceNTT_DIF_precomp:core_core:fsm:inst              inPlaceNTT_DIF_precomp:core_core:fsm                                                                                      0.0000 0.0000 
        inPlaceNTT_DIF_precomp:core/fsm_output                                                                                                                                                                       0.0000 0.0000 
        inPlaceNTT_DIF_precomp:core/slc(fsm_output)(8)#1                                                                                                                                                             0.0000 0.0000 
        inPlaceNTT_DIF_precomp:core/slc(fsm_output)(8)#1.itm                                                                                                                                                         0.0000 0.0000 
        inPlaceNTT_DIF_precomp:core/or#13                                                  mgc_or_1_2                                                                                                                0.5500 0.5500 
        inPlaceNTT_DIF_precomp:core/or.dcpl#8                                                                                                                                                                        0.0000 0.5500 
        inPlaceNTT_DIF_precomp:core/or#39                                                  mgc_or_1_2                                                                                                                0.5500 1.1000 
        inPlaceNTT_DIF_precomp:core/or#39.rmff                                                                                                                                                                       0.0000 1.1000 
        inPlaceNTT_DIF_precomp:core:wait_dp/ensig.cgo_iro                                                                                                                                                            0.0000 1.1000 
        inPlaceNTT_DIF_precomp:core:wait_dp/VEC_LOOP:or#2                                  mgc_or_1_2                                                                                                                0.0000 1.1000 
        inPlaceNTT_DIF_precomp:core:wait_dp/VEC_LOOP:or#2.itm                                                                                                                                                        0.0000 1.1000 
        inPlaceNTT_DIF_precomp:core:wait_dp/VEC_LOOP:and#11                                mgc_and_1_2                                                                                                               0.5500 1.6500 
        inPlaceNTT_DIF_precomp:core:wait_dp/mult():cmp.ccs_ccore_en                                                                                                                                                  0.0000 1.6500 
        inPlaceNTT_DIF_precomp:core/mult():cmp.ccs_ccore_en                                                                                                                                                          0.0000 1.6500 
        inPlaceNTT_DIF_precomp:core/mult():cmp                                             mult                                                                                                                      0.8700 7.7456 
                                                                                                                                                                                                                                   
      4                                                                                    inPlaceNTT_DIF_precomp:core/inPlaceNTT_DIF_precomp:core_core:fsm:inst              inPlaceNTT_DIF_precomp:core/mult():cmp 7.7456 2.2544 
                                                                                                                                                                                                                                   
        Instance                                                                           Component                                                                                                                 Delta  Delay  
        --------                                                                           ---------                                                                                                                 -----  -----  
        inPlaceNTT_DIF_precomp:core/inPlaceNTT_DIF_precomp:core_core:fsm:inst              inPlaceNTT_DIF_precomp:core_core:fsm                                                                                      0.0000 0.0000 
        inPlaceNTT_DIF_precomp:core/fsm_output                                                                                                                                                                       0.0000 0.0000 
        inPlaceNTT_DIF_precomp:core/slc(fsm_output)(7)#2                                                                                                                                                             0.0000 0.0000 
        inPlaceNTT_DIF_precomp:core/slc(fsm_output)(7)#2.itm                                                                                                                                                         0.0000 0.0000 
        inPlaceNTT_DIF_precomp:core/or#13                                                  mgc_or_1_2                                                                                                                0.5500 0.5500 
        inPlaceNTT_DIF_precomp:core/or.dcpl#8                                                                                                                                                                        0.0000 0.5500 
        inPlaceNTT_DIF_precomp:core/or#39                                                  mgc_or_1_2                                                                                                                0.5500 1.1000 
        inPlaceNTT_DIF_precomp:core/or#39.rmff                                                                                                                                                                       0.0000 1.1000 
        inPlaceNTT_DIF_precomp:core:wait_dp/ensig.cgo_iro                                                                                                                                                            0.0000 1.1000 
        inPlaceNTT_DIF_precomp:core:wait_dp/VEC_LOOP:or#2                                  mgc_or_1_2                                                                                                                0.0000 1.1000 
        inPlaceNTT_DIF_precomp:core:wait_dp/VEC_LOOP:or#2.itm                                                                                                                                                        0.0000 1.1000 
        inPlaceNTT_DIF_precomp:core:wait_dp/VEC_LOOP:and#11                                mgc_and_1_2                                                                                                               0.5500 1.6500 
        inPlaceNTT_DIF_precomp:core:wait_dp/mult():cmp.ccs_ccore_en                                                                                                                                                  0.0000 1.6500 
        inPlaceNTT_DIF_precomp:core/mult():cmp.ccs_ccore_en                                                                                                                                                          0.0000 1.6500 
        inPlaceNTT_DIF_precomp:core/mult():cmp                                             mult                                                                                                                      0.8700 7.7456 
                                                                                                                                                                                                                                   
      5                                                                                    inPlaceNTT_DIF_precomp:core:complete:rsci:complete:wait_ctrl/complete:rsci.irdy    inPlaceNTT_DIF_precomp:core/mult():cmp 7.7456 2.2544 
                                                                                                                                                                                                                                   
        Instance                                                                           Component                                                                                                                 Delta  Delay  
        --------                                                                           ---------                                                                                                                 -----  -----  
        inPlaceNTT_DIF_precomp:core:complete:rsci:complete:wait_ctrl/complete:rsci.irdy                                                                                                                              0.0000 0.0000 
        inPlaceNTT_DIF_precomp:core:complete:rsci:complete:wait_ctrl/if:and#5              mgc_and_1_2                                                                                                               0.5500 0.5500 
        inPlaceNTT_DIF_precomp:core:complete:rsci:complete:wait_ctrl/complete:rsci.biwt                                                                                                                              0.0000 0.5500 
        inPlaceNTT_DIF_precomp:core:complete:rsci/complete:rsci.biwt                                                                                                                                                 0.0000 0.5500 
        inPlaceNTT_DIF_precomp:core:complete:rsci:complete:wait_dp/complete:rsci.biwt                                                                                                                                0.0000 0.5500 
        inPlaceNTT_DIF_precomp:core:complete:rsci:complete:wait_dp/if:or#2                 mgc_or_1_3                                                                                                                0.5500 1.1000 
        inPlaceNTT_DIF_precomp:core:complete:rsci:complete:wait_dp/complete:rsci.wen_comp                                                                                                                            0.0000 1.1000 
        inPlaceNTT_DIF_precomp:core:complete:rsci/complete:rsci.wen_comp                                                                                                                                             0.0000 1.1000 
        inPlaceNTT_DIF_precomp:core/complete:rsci.wen_comp                                                                                                                                                           0.0000 1.1000 
        inPlaceNTT_DIF_precomp:core:wait_dp/core.wen                                                                                                                                                                 0.0000 1.1000 
        inPlaceNTT_DIF_precomp:core:wait_dp/VEC_LOOP:and#11                                mgc_and_1_2                                                                                                               0.5500 1.6500 
        inPlaceNTT_DIF_precomp:core:wait_dp/mult():cmp.ccs_ccore_en                                                                                                                                                  0.0000 1.6500 
        inPlaceNTT_DIF_precomp:core/mult():cmp.ccs_ccore_en                                                                                                                                                          0.0000 1.6500 
        inPlaceNTT_DIF_precomp:core/mult():cmp                                             mult                                                                                                                      0.8700 7.7456 
                                                                                                                                                                                                                                   
      6                                                                                    inPlaceNTT_DIF_precomp:core/reg(complete:rsci.oswt)                                inPlaceNTT_DIF_precomp:core/mult():cmp 7.5156 2.4844 
                                                                                                                                                                                                                                   
        Instance                                                                           Component                                                                                                                 Delta  Delay  
        --------                                                                           ---------                                                                                                                 -----  -----  
        inPlaceNTT_DIF_precomp:core/reg(complete:rsci.oswt)                                mgc_reg_pos_1_0_0_1_1_1_1                                                                                                 0.3200 0.3200 
        inPlaceNTT_DIF_precomp:core/reg(complete:rsci.oswt).cse                                                                                                                                                      0.0000 0.3200 
        inPlaceNTT_DIF_precomp:core:complete:rsci/complete:rsci.oswt                                                                                                                                                 0.0000 0.3200 
        inPlaceNTT_DIF_precomp:core:complete:rsci:complete:wait_dp/complete:rsci.oswt                                                                                                                                0.0000 0.3200 
        inPlaceNTT_DIF_precomp:core:complete:rsci:complete:wait_dp/if:not#3                mgc_not_1                                                                                                                 0.0000 0.3200 
        inPlaceNTT_DIF_precomp:core:complete:rsci:complete:wait_dp/if:not#3.itm                                                                                                                                      0.0000 0.3200 
        inPlaceNTT_DIF_precomp:core:complete:rsci:complete:wait_dp/if:or#2                 mgc_or_1_3                                                                                                                0.5500 0.8700 
        inPlaceNTT_DIF_precomp:core:complete:rsci:complete:wait_dp/complete:rsci.wen_comp                                                                                                                            0.0000 0.8700 
        inPlaceNTT_DIF_precomp:core:complete:rsci/complete:rsci.wen_comp                                                                                                                                             0.0000 0.8700 
        inPlaceNTT_DIF_precomp:core/complete:rsci.wen_comp                                                                                                                                                           0.0000 0.8700 
        inPlaceNTT_DIF_precomp:core:wait_dp/core.wen                                                                                                                                                                 0.0000 0.8700 
        inPlaceNTT_DIF_precomp:core:wait_dp/VEC_LOOP:and#11                                mgc_and_1_2                                                                                                               0.5500 1.4200 
        inPlaceNTT_DIF_precomp:core:wait_dp/mult():cmp.ccs_ccore_en                                                                                                                                                  0.0000 1.4200 
        inPlaceNTT_DIF_precomp:core/mult():cmp.ccs_ccore_en                                                                                                                                                          0.0000 1.4200 
        inPlaceNTT_DIF_precomp:core/mult():cmp                                             mult                                                                                                                      1.1000 7.5156 
                                                                                                                                                                                                                                   
      7                                                                                    inPlaceNTT_DIF_precomp:core:complete:rsci:complete:wait_dp/reg(complete:rsci.bcwt) inPlaceNTT_DIF_precomp:core/mult():cmp 7.5156 2.4844 
                                                                                                                                                                                                                                   
        Instance                                                                           Component                                                                                                                 Delta  Delay  
        --------                                                                           ---------                                                                                                                 -----  -----  
        inPlaceNTT_DIF_precomp:core:complete:rsci:complete:wait_dp/reg(complete:rsci.bcwt) mgc_reg_pos_1_0_0_1_1_0_0                                                                                                 0.3200 0.3200 
        inPlaceNTT_DIF_precomp:core:complete:rsci:complete:wait_dp/complete:rsci.bcwt                                                                                                                                0.0000 0.3200 
        inPlaceNTT_DIF_precomp:core:complete:rsci:complete:wait_dp/if:or#2                 mgc_or_1_3                                                                                                                0.5500 0.8700 
        inPlaceNTT_DIF_precomp:core:complete:rsci:complete:wait_dp/complete:rsci.wen_comp                                                                                                                            0.0000 0.8700 
        inPlaceNTT_DIF_precomp:core:complete:rsci/complete:rsci.wen_comp                                                                                                                                             0.0000 0.8700 
        inPlaceNTT_DIF_precomp:core/complete:rsci.wen_comp                                                                                                                                                           0.0000 0.8700 
        inPlaceNTT_DIF_precomp:core:wait_dp/core.wen                                                                                                                                                                 0.0000 0.8700 
        inPlaceNTT_DIF_precomp:core:wait_dp/VEC_LOOP:and#11                                mgc_and_1_2                                                                                                               0.5500 1.4200 
        inPlaceNTT_DIF_precomp:core:wait_dp/mult():cmp.ccs_ccore_en                                                                                                                                                  0.0000 1.4200 
        inPlaceNTT_DIF_precomp:core/mult():cmp.ccs_ccore_en                                                                                                                                                          0.0000 1.4200 
        inPlaceNTT_DIF_precomp:core/mult():cmp                                             mult                                                                                                                      1.1000 7.5156 
                                                                                                                                                                                                                                   
      8                                                                                    inPlaceNTT_DIF_precomp:core/inPlaceNTT_DIF_precomp:core_core:fsm:inst              inPlaceNTT_DIF_precomp:core/mult():cmp 7.1956 2.8044 
                                                                                                                                                                                                                                   
        Instance                                                                           Component                                                                                                                 Delta  Delay  
        --------                                                                           ---------                                                                                                                 -----  -----  
        inPlaceNTT_DIF_precomp:core/inPlaceNTT_DIF_precomp:core_core:fsm:inst              inPlaceNTT_DIF_precomp:core_core:fsm                                                                                      0.0000 0.0000 
        inPlaceNTT_DIF_precomp:core/fsm_output                                                                                                                                                                       0.0000 0.0000 
        inPlaceNTT_DIF_precomp:core/slc(fsm_output)(6)#3                                                                                                                                                             0.0000 0.0000 
        inPlaceNTT_DIF_precomp:core/slc(fsm_output)(6)#3.itm                                                                                                                                                         0.0000 0.0000 
        inPlaceNTT_DIF_precomp:core/or#39                                                  mgc_or_1_2                                                                                                                0.5500 0.5500 
        inPlaceNTT_DIF_precomp:core/or#39.rmff                                                                                                                                                                       0.0000 0.5500 
        inPlaceNTT_DIF_precomp:core:wait_dp/ensig.cgo_iro                                                                                                                                                            0.0000 0.5500 
        inPlaceNTT_DIF_precomp:core:wait_dp/VEC_LOOP:or#2                                  mgc_or_1_2                                                                                                                0.0000 0.5500 
        inPlaceNTT_DIF_precomp:core:wait_dp/VEC_LOOP:or#2.itm                                                                                                                                                        0.0000 0.5500 
        inPlaceNTT_DIF_precomp:core:wait_dp/VEC_LOOP:and#11                                mgc_and_1_2                                                                                                               0.5500 1.1000 
        inPlaceNTT_DIF_precomp:core:wait_dp/mult():cmp.ccs_ccore_en                                                                                                                                                  0.0000 1.1000 
        inPlaceNTT_DIF_precomp:core/mult():cmp.ccs_ccore_en                                                                                                                                                          0.0000 1.1000 
        inPlaceNTT_DIF_precomp:core/mult():cmp                                             mult                                                                                                                      1.4200 7.1956 
                                                                                                                                                                                                                                   
      9                                                                                    inPlaceNTT_DIF_precomp:core/reg(ensig.cgo)                                         inPlaceNTT_DIF_precomp:core/mult():cmp 6.9656 3.0344 
                                                                                                                                                                                                                                   
        Instance                                                                           Component                                                                                                                 Delta  Delay  
        --------                                                                           ---------                                                                                                                 -----  -----  
        inPlaceNTT_DIF_precomp:core/reg(ensig.cgo)                                         mgc_reg_pos_1_0_0_1_1_1_1                                                                                                 0.3200 0.3200 
        inPlaceNTT_DIF_precomp:core/reg(ensig.cgo).cse                                                                                                                                                               0.0000 0.3200 
        inPlaceNTT_DIF_precomp:core:wait_dp/ensig.cgo                                                                                                                                                                0.0000 0.3200 
        inPlaceNTT_DIF_precomp:core:wait_dp/VEC_LOOP:or#2                                  mgc_or_1_2                                                                                                                0.0000 0.3200 
        inPlaceNTT_DIF_precomp:core:wait_dp/VEC_LOOP:or#2.itm                                                                                                                                                        0.0000 0.3200 
        inPlaceNTT_DIF_precomp:core:wait_dp/VEC_LOOP:and#11                                mgc_and_1_2                                                                                                               0.5500 0.8700 
        inPlaceNTT_DIF_precomp:core:wait_dp/mult():cmp.ccs_ccore_en                                                                                                                                                  0.0000 0.8700 
        inPlaceNTT_DIF_precomp:core/mult():cmp.ccs_ccore_en                                                                                                                                                          0.0000 0.8700 
        inPlaceNTT_DIF_precomp:core/mult():cmp                                             mult                                                                                                                      1.6500 6.9656 
                                                                                                                                                                                                                                   
      10                                                                                   inPlaceNTT_DIF_precomp:core/reg(COMP_LOOP:twiddle_help)                            inPlaceNTT_DIF_precomp:core/mult():cmp 6.4156 3.5844 
                                                                                                                                                                                                                                   
        Instance                                                                           Component                                                                                                                 Delta  Delay  
        --------                                                                           ---------                                                                                                                 -----  -----  
        inPlaceNTT_DIF_precomp:core/reg(COMP_LOOP:twiddle_help)                            mgc_reg_pos_32_0_0_0_0_1_1                                                                                                0.3200 0.3200 
        inPlaceNTT_DIF_precomp:core/COMP_LOOP:twiddle_help.sva                                                                                                                                                       0.0000 0.3200 
        inPlaceNTT_DIF_precomp:core/VEC_LOOP:asn(mult():cmp.y_rsc_dat_1)                                                                                                                                             0.0000 0.3200 
        inPlaceNTT_DIF_precomp:core/VEC_LOOP:asn(mult():cmp.y_rsc_dat_1).itm                                                                                                                                         0.0000 0.3200 
        inPlaceNTT_DIF_precomp:core/mult():cmp                                             mult                                                                                                                      0.0000 6.4156 
                                                                                                                                                                                                                                   
      
    Register Input and Register-to-Output Slack
      Clock period or pin-to-reg delay constraint (clk): 10.0
      Clock uncertainty constraint (clk)               : 0.0
      
      Instance                                                                                             Port                                                        Slack (Delay) Messages 
      ---------------------------------------------------------------------------------------------------- --------------------------------------------------------- ------- ------- --------
      inPlaceNTT_DIF_precomp:core/reg(run:rsci.oswt)                                                       slc(fsm_output)(0)#2.itm                                  10.0000  0.0000          
      inPlaceNTT_DIF_precomp:core/reg(vec:rsci.oswt)                                                       or#25.rmff                                                 7.8000  2.2000          
      inPlaceNTT_DIF_precomp:core/reg(vec:rsci.oswt#1)                                                     slc(fsm_output)(4)#9.itm                                  10.0000  0.0000          
      inPlaceNTT_DIF_precomp:core/reg(twiddle:rsci.oswt)                                                   slc(fsm_output)(2)#1.itm                                  10.0000  0.0000          
      inPlaceNTT_DIF_precomp:core/reg(complete:rsci.oswt)                                                  and#62.itm                                                 7.0550  2.9450          
      inPlaceNTT_DIF_precomp:core/reg(vec:rsc.triosy:obj.iswt0)                                            slc(fsm_output)(13)#4.itm                                 10.0000  0.0000          
      inPlaceNTT_DIF_precomp:core/reg(ensig.cgo)                                                           or#39.rmff                                                 2.2544  7.7456          
      inPlaceNTT_DIF_precomp:core/reg(ensig.cgo#1)                                                         or.dcpl                                                    7.4550  2.5450          
      inPlaceNTT_DIF_precomp:core/reg(STAGE_LOOP:i(3:0))                                                   STAGE_LOOP:i:STAGE_LOOP:i:mux.itm                          8.4850  1.5150          
      inPlaceNTT_DIF_precomp:core/reg(p)                                                                   p:rsci.idat                                               10.0000  0.0000          
      inPlaceNTT_DIF_precomp:core/reg(STAGE_LOOP:lshift.psp)                                               z.out                                                      4.3143  5.6857          
      inPlaceNTT_DIF_precomp:core/reg(COMP_LOOP:k(10:0))                                                   COMP_LOOP:k:COMP_LOOP:k:and.itm                            8.0150  1.9850          
      inPlaceNTT_DIF_precomp:core/reg(COMP_LOOP:twiddle_help)                                              twiddle_h:rsci.qa_d.mxwt                                   7.5200  2.4800          
      inPlaceNTT_DIF_precomp:core/reg(COMP_LOOP:twiddle_f)                                                 twiddle:rsci.qa_d.mxwt                                     7.5200  2.4800          
      inPlaceNTT_DIF_precomp:core/reg(VEC_LOOP:j)                                                          VEC_LOOP:VEC_LOOP:and.itm                                  5.5250  4.4750          
      inPlaceNTT_DIF_precomp:core/reg(VEC_LOOP:slc(VEC_LOOP:acc)(20))                                      VEC_LOOP:VEC_LOOP:mux.itm                                  4.8100  5.1900          
      inPlaceNTT_DIF_precomp:core/reg(VEC_LOOP:acc#10)                                                     VEC_LOOP:acc#10.cse.sva#1                                  7.5650  2.4350          
      inPlaceNTT_DIF_precomp:core/reg(VEC_LOOP:acc#1)                                                      z.out#1                                                    6.8700  3.1300          
      inPlaceNTT_DIF_precomp:core:run:rsci:run:wait_dp/reg(run:rsci.bcwt)                                  if:nor.itm                                                 6.9300  3.0700          
      inPlaceNTT_DIF_precomp:core:run:rsci:run:wait_dp/reg(run:rsci.ivld.bfwt)                             run:rsci.ivld                                              9.9200  0.0800          
      inPlaceNTT_DIF_precomp:core:vec:rsci#1:vec:rsc.@:wait_dp/reg(vec:rsci.bcwt)                          VEC_LOOP:nor.itm                                           6.9300  3.0700          
      inPlaceNTT_DIF_precomp:core:vec:rsci#1:vec:rsc.@:wait_dp/reg(vec:rsci.bcwt#1)                        VEC_LOOP:nor#2.itm                                         6.9300  3.0700          
      inPlaceNTT_DIF_precomp:core:vec:rsci#1:vec:rsc.@:wait_dp/reg(vec:rsci.qa_d.bfwt)                     VEC_LOOP:slc(vec:rsci.qa_d)(63-32).itm                     7.6000  2.4000          
      inPlaceNTT_DIF_precomp:core:vec:rsci#1:vec:rsc.@:wait_dp/reg(vec:rsci.qa_d.bfwt)#1                   VEC_LOOP:slc(vec:rsci.qa_d)(31-0).itm                      7.6000  2.4000          
      inPlaceNTT_DIF_precomp:core:twiddle:rsci#1:twiddle:rsc.@:wait_dp/reg(twiddle:rsci.bcwt)              COMP_LOOP:twiddle_f:nor.itm                                6.9300  3.0700          
      inPlaceNTT_DIF_precomp:core:twiddle:rsci#1:twiddle:rsc.@:wait_dp/reg(twiddle:rsci.qa_d.bfwt)#1       COMP_LOOP:twiddle_f:slc(twiddle:rsci.qa_d)(31-0).itm       7.6000  2.4000          
      inPlaceNTT_DIF_precomp:core:twiddle_h:rsci#1:twiddle_h:rsc.@:wait_dp/reg(twiddle_h:rsci.bcwt)        COMP_LOOP:twiddle_help:nor.itm                             6.9300  3.0700          
      inPlaceNTT_DIF_precomp:core:twiddle_h:rsci#1:twiddle_h:rsc.@:wait_dp/reg(twiddle_h:rsci.qa_d.bfwt)#1 COMP_LOOP:twiddle_help:slc(twiddle_h:rsci.qa_d)(31-0).itm  7.6000  2.4000          
      inPlaceNTT_DIF_precomp:core:complete:rsci:complete:wait_dp/reg(complete:rsci.bcwt)                   if:nor#3.itm                                               6.9300  3.0700          
      inPlaceNTT_DIF_precomp:core:staller/reg(core.wten)                                                   not#1.itm                                                  8.0300  1.9700          
      inPlaceNTT_DIF_precomp                                                                               run:rsc.rdy                                                9.1300  0.8700          
      inPlaceNTT_DIF_precomp                                                                               vec:rsc.adra                                               6.3700  3.6300          
      inPlaceNTT_DIF_precomp                                                                               vec:rsc.da                                                 9.1000  0.9000          
      inPlaceNTT_DIF_precomp                                                                               vec:rsc.wea                                                6.4300  3.5700          
      inPlaceNTT_DIF_precomp                                                                               vec:rsc.adrb                                               6.3700  3.6300          
      inPlaceNTT_DIF_precomp                                                                               vec:rsc.db                                                 9.1000  0.9000          
      inPlaceNTT_DIF_precomp                                                                               vec:rsc.web                                                6.4300  3.5700          
      inPlaceNTT_DIF_precomp                                                                               vec:rsc.triosy.lz                                          9.1300  0.8700          
      inPlaceNTT_DIF_precomp                                                                               p:rsc.triosy.lz                                            9.1300  0.8700          
      inPlaceNTT_DIF_precomp                                                                               r:rsc.triosy.lz                                            9.1300  0.8700          
      inPlaceNTT_DIF_precomp                                                                               twiddle:rsc.adra                                           3.8143  6.1857          
      inPlaceNTT_DIF_precomp                                                                               twiddle:rsc.da                                             9.5000  0.5000          
      inPlaceNTT_DIF_precomp                                                                               twiddle:rsc.wea                                            9.5000  0.5000          
      inPlaceNTT_DIF_precomp                                                                               twiddle:rsc.adrb                                           3.8143  6.1857          
      inPlaceNTT_DIF_precomp                                                                               twiddle:rsc.db                                             9.5000  0.5000          
      inPlaceNTT_DIF_precomp                                                                               twiddle:rsc.web                                            9.5000  0.5000          
      inPlaceNTT_DIF_precomp                                                                               twiddle:rsc.triosy.lz                                      9.1300  0.8700          
      inPlaceNTT_DIF_precomp                                                                               twiddle_h:rsc.adra                                         3.8143  6.1857          
      inPlaceNTT_DIF_precomp                                                                               twiddle_h:rsc.da                                           9.5000  0.5000          
      inPlaceNTT_DIF_precomp                                                                               twiddle_h:rsc.wea                                          9.5000  0.5000          
      inPlaceNTT_DIF_precomp                                                                               twiddle_h:rsc.adrb                                         3.8143  6.1857          
      inPlaceNTT_DIF_precomp                                                                               twiddle_h:rsc.db                                           9.5000  0.5000          
      inPlaceNTT_DIF_precomp                                                                               twiddle_h:rsc.web                                          9.5000  0.5000          
      inPlaceNTT_DIF_precomp                                                                               twiddle_h:rsc.triosy.lz                                    9.1300  0.8700          
      inPlaceNTT_DIF_precomp                                                                               complete:rsc.vld                                           9.1300  0.8700          
      
  Operator Bitwidth Summary
    Operation                                       Size (bits) Count 
    ----------------------------------------------- ----------- -----
    add                                                               
    -                                                         5     1 
    -                                                         4     1 
    -                                                        32     2 
    -                                                        21     1 
    -                                                        12     2 
    -                                                        11     2 
    and                                                               
    -                                                        32     1 
    -                                                         2     1 
    -                                                        11     1 
    -                                                         1    35 
    chread_sync                                                       
    -                                                         0     1 
    chwrite_sync                                                      
    -                                                         0     1 
    lshift                                                            
    -                                                        11     1 
    modulo_add_86a4e13eef67db9706364ef65c383d9d60fa                   
    -                                                        32     1 
    modulo_sub_1bb50f5def739ec4079134016dea7c766383                   
    -                                                        32     1 
    mul                                                               
    -                                                        12     1 
    mult_81c1b7d49a9f3c7ad693045e78ab662170f2                         
    -                                                        32     1 
    mux                                                               
    -                                                         4     2 
    -                                                        32     7 
    -                                                        12     1 
    -                                                        11     1 
    -                                                        10     1 
    -                                                         1     2 
    mux1h                                                             
    -                                                        12     1 
    nand                                                              
    -                                                         1     1 
    nor                                                               
    -                                                         1    16 
    not                                                               
    -                                                         4     2 
    -                                                        32     1 
    -                                                        10     1 
    -                                                         1    32 
    or                                                                
    -                                                         1    14 
    read_port                                                         
    -                                                        32     1 
    read_sync                                                         
    -                                                         0     5 
    reg                                                               
    -                                                         4     1 
    -                                                        32     8 
    -                                                        12     2 
    -                                                        11     2 
    -                                                         1    17 
    
  End of Report
