-- Catapult Ultra Synthesis: Report                                              
-- ------------------------- ---------------------------------------------------
-- Version:                  10.5c/896140 Production Release                     
-- Build Date:               Sun Sep  6 22:45:38 PDT 2020                        
                                                                                 
-- Generated by:             yl7897@newnano.poly.edu                             
-- Generated date:           Tue Jul 20 15:39:17 EDT 2021                        

Solution Settings: inPlaceNTT_DIF.v6
  Current state: schedule
  Project: Catapult
  
  Design Input Files Specified
    $PROJECT_HOME/src/ntt.cpp
      $PROJECT_HOME/include/ntt.h
        $PROJECT_HOME/include/config.h
          $MGC_HOME/shared/include/ac_int.h
    $PROJECT_HOME/src/ntt_tb.cpp
  
  Processes/Blocks in Design
    Process              Real Operation(s) count Latency Throughput Reset Length II Comments 
    -------------------- ----------------------- ------- ---------- ------------ -- --------
    /inPlaceNTT_DIF/core                     676  297237     297242            0  0        ? 
    Design Total:                            676  297237     297242            0  0          
    
  Clock Information
    Clock Signal Edge   Period Sharing Alloc (%) Uncertainty Used by Processes/Blocks 
    ------------ ------ ------ ----------------- ----------- ------------------------
    clk          rising 20.000             20.00    0.000000 /inPlaceNTT_DIF/core     
    
  I/O Data Ranges
    Port                    Mode DeclType DeclWidth DeclRange ActType ActWidth ActRange 
    ----------------------- ---- -------- --------- --------- ------- -------- --------
    clk                     IN   Unsigned         1                                     
    rst                     IN   Unsigned         1                                     
    vec:rsc(0)(0).qa        IN   Unsigned        64                                     
    vec:rsc(0)(1).qa        IN   Unsigned        64                                     
    vec:rsc(0)(2).qa        IN   Unsigned        64                                     
    vec:rsc(0)(3).qa        IN   Unsigned        64                                     
    vec:rsc(0)(4).qa        IN   Unsigned        64                                     
    vec:rsc(0)(5).qa        IN   Unsigned        64                                     
    vec:rsc(0)(6).qa        IN   Unsigned        64                                     
    vec:rsc(0)(7).qa        IN   Unsigned        64                                     
    p:rsc.dat               IN   Unsigned        64                                     
    r:rsc.dat               IN   Unsigned        64                                     
    vec:rsc(0)(0).adra      OUT  Unsigned         7                                     
    vec:rsc(0)(0).da        OUT  Unsigned        64                                     
    vec:rsc(0)(0).wea       OUT  Unsigned         1                                     
    vec:rsc.triosy(0)(0).lz OUT  Unsigned         1                                     
    vec:rsc(0)(1).adra      OUT  Unsigned         7                                     
    vec:rsc(0)(1).da        OUT  Unsigned        64                                     
    vec:rsc(0)(1).wea       OUT  Unsigned         1                                     
    vec:rsc.triosy(0)(1).lz OUT  Unsigned         1                                     
    vec:rsc(0)(2).adra      OUT  Unsigned         7                                     
    vec:rsc(0)(2).da        OUT  Unsigned        64                                     
    vec:rsc(0)(2).wea       OUT  Unsigned         1                                     
    vec:rsc.triosy(0)(2).lz OUT  Unsigned         1                                     
    vec:rsc(0)(3).adra      OUT  Unsigned         7                                     
    vec:rsc(0)(3).da        OUT  Unsigned        64                                     
    vec:rsc(0)(3).wea       OUT  Unsigned         1                                     
    vec:rsc.triosy(0)(3).lz OUT  Unsigned         1                                     
    vec:rsc(0)(4).adra      OUT  Unsigned         7                                     
    vec:rsc(0)(4).da        OUT  Unsigned        64                                     
    vec:rsc(0)(4).wea       OUT  Unsigned         1                                     
    vec:rsc.triosy(0)(4).lz OUT  Unsigned         1                                     
    vec:rsc(0)(5).adra      OUT  Unsigned         7                                     
    vec:rsc(0)(5).da        OUT  Unsigned        64                                     
    vec:rsc(0)(5).wea       OUT  Unsigned         1                                     
    vec:rsc.triosy(0)(5).lz OUT  Unsigned         1                                     
    vec:rsc(0)(6).adra      OUT  Unsigned         7                                     
    vec:rsc(0)(6).da        OUT  Unsigned        64                                     
    vec:rsc(0)(6).wea       OUT  Unsigned         1                                     
    vec:rsc.triosy(0)(6).lz OUT  Unsigned         1                                     
    vec:rsc(0)(7).adra      OUT  Unsigned         7                                     
    vec:rsc(0)(7).da        OUT  Unsigned        64                                     
    vec:rsc(0)(7).wea       OUT  Unsigned         1                                     
    vec:rsc.triosy(0)(7).lz OUT  Unsigned         1                                     
    p:rsc.triosy.lz         OUT  Unsigned         1                                     
    r:rsc.triosy.lz         OUT  Unsigned         1                                     
    
  Memory Resources
    Resource Name: /inPlaceNTT_DIF/modulo_dev/base:rsc
      Memory Component: ccs_in                       Size:         1 x 64
      External:         true                         Packing Mode: sidebyside
      Memory Map:
      Variable                        Indices Phys Memory Address     
      ------------------------------- ------- -----------------------
      /inPlaceNTT_DIF/modulo_dev/base    0:63 00000000-00000000 (0-0) 
      
    Resource Name: /inPlaceNTT_DIF/modulo_dev/m:rsc
      Memory Component: ccs_in                       Size:         1 x 64
      External:         true                         Packing Mode: sidebyside
      Memory Map:
      Variable                     Indices Phys Memory Address     
      ---------------------------- ------- -----------------------
      /inPlaceNTT_DIF/modulo_dev/m    0:63 00000000-00000000 (0-0) 
      
    Resource Name: /inPlaceNTT_DIF/modulo_dev/return:rsc
      Memory Component: mgc_out_dreg                 Size:         1 x 64
      External:         true                         Packing Mode: sidebyside
      Memory Map:
      Variable                          Indices Phys Memory Address     
      --------------------------------- ------- -----------------------
      /inPlaceNTT_DIF/modulo_dev/return    0:63 00000000-00000000 (0-0) 
      
    Resource Name: /inPlaceNTT_DIF/modulo_dev/ccs_ccore_start:rsc
      Memory Component: ccs_in                       Size:         1 x 1
      External:         true                         Packing Mode: sidebyside
      Memory Map:
      Variable                                   Indices Phys Memory Address     
      ------------------------------------------ ------- -----------------------
      /inPlaceNTT_DIF/modulo_dev/ccs_ccore_start     0:0 00000000-00000000 (0-0) 
      
    Resource Name: /inPlaceNTT_DIF/vec:rsc
      Memory Component: BLOCK_2R1W_RBW_DUAL          Size:         1024 x 64
      External:         true                         Packing Mode: absolute
      Memory Map:
      Variable            Indices Phys Memory Address        
      ------------------- ------- --------------------------
      /inPlaceNTT_DIF/vec    0:63 000003ff-00000000 (1023-0) 
      
      Splitting: 
      Block         Original Addresses 
      ------------- ------------------
      vec:rsc(0)(0)   0, 8, ..., 1016  
      vec:rsc(0)(1)   1, 9, ..., 1017  
      vec:rsc(0)(2)   2, 10, ..., 1018 
      vec:rsc(0)(3)   3, 11, ..., 1019 
      vec:rsc(0)(4)   4, 12, ..., 1020 
      vec:rsc(0)(5)   5, 13, ..., 1021 
      vec:rsc(0)(6)   6, 14, ..., 1022 
      vec:rsc(0)(7)   7, 15, ..., 1023 
      
    Resource Name: /inPlaceNTT_DIF/p:rsc
      Memory Component: ccs_in                       Size:         1 x 64
      External:         true                         Packing Mode: sidebyside
      Memory Map:
      Variable          Indices Phys Memory Address     
      ----------------- ------- -----------------------
      /inPlaceNTT_DIF/p    0:63 00000000-00000000 (0-0) 
      
    Resource Name: /inPlaceNTT_DIF/r:rsc
      Memory Component: ccs_in                       Size:         1 x 64
      External:         true                         Packing Mode: sidebyside
      Memory Map:
      Variable          Indices Phys Memory Address     
      ----------------- ------- -----------------------
      /inPlaceNTT_DIF/r    0:63 00000000-00000000 (0-0) 
      
  C++ to Interface Mappings
    C++ Field Interface Range Range Expression Expression Limits 
    --------- --------------- ---------------- -----------------
    
  Multi-Cycle (Combinational) Component Usage
    Instance Component Name Delay 
    -------- -------------- -----
    
  Loops
    Process              Loop                                Iterations C-Steps Total Cycles   Duration  Unroll Init Comments 
    -------------------- ----------------------------------- ---------- ------- ------------- ---------- ------ ---- --------
    /inPlaceNTT_DIF/core core:rlp                              Infinite       0     297242 ?    5.94 ms                       
    /inPlaceNTT_DIF/core  main                                 Infinite       2     297242 ?    5.94 ms                       
    /inPlaceNTT_DIF/core   STAGE_MAIN_LOOP                           10       5     297240 ?    5.94 ms                       
    /inPlaceNTT_DIF/core    modExp_dev:while                          ?      12         12 ?  240.00 ns                       
    /inPlaceNTT_DIF/core    STAGE_VEC_LOOP                            ?       2      29707 ?  594.14 us                       
    /inPlaceNTT_DIF/core     COMP_LOOP                               65     361      29705 ?  594.10 us       8               
    /inPlaceNTT_DIF/core      COMP_LOOP-1:modExp_dev#1:while          ?      12         12 ?  240.00 ns                       
    /inPlaceNTT_DIF/core      COMP_LOOP-2:modExp_dev#1:while          ?      12         12 ?  240.00 ns                       
    /inPlaceNTT_DIF/core      COMP_LOOP-3:modExp_dev#1:while          ?      12         12 ?  240.00 ns                       
    /inPlaceNTT_DIF/core      COMP_LOOP-4:modExp_dev#1:while          ?      12         12 ?  240.00 ns                       
    /inPlaceNTT_DIF/core      COMP_LOOP-5:modExp_dev#1:while          ?      12         12 ?  240.00 ns                       
    /inPlaceNTT_DIF/core      COMP_LOOP-6:modExp_dev#1:while          ?      12         12 ?  240.00 ns                       
    /inPlaceNTT_DIF/core      COMP_LOOP-7:modExp_dev#1:while          ?      12         12 ?  240.00 ns                       
    /inPlaceNTT_DIF/core      COMP_LOOP-8:modExp_dev#1:while          ?      12         12 ?  240.00 ns                       
    
  Loop Execution Profile
    Process              Loop                                Total Cycles % of Overall Design Cycles Throughput Cycles Comments 
    -------------------- ----------------------------------- ------------ -------------------------- ----------------- --------
    /inPlaceNTT_DIF/core core:rlp                                    0 ?                        0.00         297242 ?           
    /inPlaceNTT_DIF/core  main                                       2 ?                        0.00         297242 ?           
    /inPlaceNTT_DIF/core   STAGE_MAIN_LOOP                          50 ?                        0.02         297240 ?           
    /inPlaceNTT_DIF/core    modExp_dev:while                       120 ?                        0.04            120 ?           
    /inPlaceNTT_DIF/core    STAGE_VEC_LOOP                          20 ?                        0.01         297070 ?           
    /inPlaceNTT_DIF/core     COMP_LOOP                          234650 ?                       78.94         297050 ?           
    /inPlaceNTT_DIF/core      COMP_LOOP-1:modExp_dev#1:while      7800 ?                        2.62           7800 ?           
    /inPlaceNTT_DIF/core      COMP_LOOP-2:modExp_dev#1:while      7800 ?                        2.62           7800 ?           
    /inPlaceNTT_DIF/core      COMP_LOOP-3:modExp_dev#1:while      7800 ?                        2.62           7800 ?           
    /inPlaceNTT_DIF/core      COMP_LOOP-4:modExp_dev#1:while      7800 ?                        2.62           7800 ?           
    /inPlaceNTT_DIF/core      COMP_LOOP-5:modExp_dev#1:while      7800 ?                        2.62           7800 ?           
    /inPlaceNTT_DIF/core      COMP_LOOP-6:modExp_dev#1:while      7800 ?                        2.62           7800 ?           
    /inPlaceNTT_DIF/core      COMP_LOOP-7:modExp_dev#1:while      7800 ?                        2.62           7800 ?           
    /inPlaceNTT_DIF/core      COMP_LOOP-8:modExp_dev#1:while      7800 ?                        2.62           7800 ?           
    
  End of Report
