-- Catapult Ultra Synthesis: Report                                              
-- ------------------------- ---------------------------------------------------
-- Version:                  10.5c/896140 Production Release                     
-- Build Date:               Sun Sep  6 22:45:38 PDT 2020                        
                                                                                 
-- Generated by:             yl7897@newnano.poly.edu                             
-- Generated date:           Wed Jun 16 22:25:04 EDT 2021                        

Solution Settings: peaceNTT.v6
  Current state: extract
  Project: Catapult
  
  Design Input Files Specified
    $PROJECT_HOME/src/main.cpp
    $PROJECT_HOME/src/ntt.cpp
      $PROJECT_HOME/include/ntt.h
        $PROJECT_HOME/include/config.h
          $MGC_HOME/shared/include/ac_int.h
        $MGC_HOME/shared/include/math/mgc_ac_math.h
          $MGC_HOME/shared/include/ac_fixed.h
          $MGC_HOME/shared/include/ac_float.h
          $MGC_HOME/shared/include/ac_complex.h
          $MGC_HOME/shared/include/math/mgc_ac_trig.h
            $MGC_HOME/shared/include/math/mgc_sc_atan_pow2.tab
            $MGC_HOME/shared/include/math/mgc_sc_atan2_pow2.tab
            $MGC_HOME/shared/include/math/mgc_sc_K_cordic.tab
            $MGC_HOME/shared/include/math/mgc_sc_x2_atan2_pow2.tab
          $MGC_HOME/shared/include/math/mgc_ac_hcordic.h
            $MGC_HOME/shared/include/math/mgc_ac_hcordic.tab
            $MGC_HOME/shared/include/math/mgc_ac_hcordic_inv_ln2.tab
      $PROJECT_HOME/include/utils.h
    $PROJECT_HOME/src/utils.cpp
  
  Processes/Blocks in Design
    Process        Real Operation(s) count Latency Throughput Reset Length II Comments 
    -------------- ----------------------- ------- ---------- ------------ -- --------
    /peaceNTT/core                      30 1486865    1486870            0  0          
    Design Total:                       30 1486865    1486870            0  0          
    
  Bill Of Materials (Datapath)
    Component Name                                   Area Score Area(DSP) Area(LUTs) Area(MUX_CARRYs)   Delay Post Alloc Post Assign 
    ------------------------------------------------ ---------- --------- ---------- ---------------- ------- ---------- -----------
    [Lib: Xilinx_RAMS]                                                                                                               
    BLOCK_1R1W_RBW(6,12,64,4096,4096,64,1)                0.000     0.000      0.000            0.000   0.100          0           1 
    BLOCK_1R1W_RBW_rport(1,12,64,4096,4096,64,1)          0.000     0.000      0.000            0.000   2.400          1           0 
    BLOCK_1R1W_RBW_rport(5,12,64,4096,4096,64,1)          0.000     0.000      0.000            0.000   2.400          1           0 
    BLOCK_1R1W_RBW_rwport(1,12,64,4096,4096,64,1)         0.000     0.000      0.000            0.000   0.100          1           0 
    BLOCK_1R1W_RBW_rwport(4,12,64,4096,4096,64,1)         0.000     0.000      0.000            0.000   0.100          1           0 
    BLOCK_1R1W_RBW_rwport(5,12,64,4096,4096,64,1)         0.000     0.000      0.000            0.000   0.100          1           0 
    BLOCK_1R1W_RBW_rwport(6,12,64,4096,4096,64,1)         0.000     0.000      0.000            0.000   0.100          1           0 
    BLOCK_1R1W_RBW_rwport_en(1,12,64,4096,4096,64,1)      0.000     0.000      0.000            0.000   0.100          1           0 
    BLOCK_1R1W_RBW_rwport_en(4,12,64,4096,4096,64,1)      0.000     0.000      0.000            0.000   0.100          1           0 
    BLOCK_1R1W_RBW_rwport_en(5,12,64,4096,4096,64,1)      0.000     0.000      0.000            0.000   0.100          1           0 
    BLOCK_1R1W_RBW_rwport_en(6,12,64,4096,4096,64,1)      0.000     0.000      0.000            0.000   0.100          1           0 
    [Lib: ccs_ioport]                                                                                                                
    ccs_in(2,64)                                          0.000     0.000      0.000            0.000   0.000          1           1 
    ccs_in(3,64)                                          0.000     0.000      0.000            0.000   0.000          1           0 
    [Lib: mgc_Xilinx-VIRTEX-7-2_beh]                                                                                                 
    mgc_add(11,0,2,1,12)                                 11.000     0.000     11.000           10.000   1.050          1           1 
    mgc_add(12,0,2,1,13)                                 12.000     0.000     12.000           11.000   1.065          1           1 
    mgc_add(4,0,1,1,4)                                    4.000     0.000      4.000            3.000   0.945          1           0 
    mgc_add(4,0,1,1,5)                                    4.000     0.000      4.000            3.000   0.945          1           1 
    mgc_add(64,0,64,0,65)                                64.000     0.000     64.000           63.000   1.845          1           1 
    mgc_add(65,0,64,0,65)                                65.000     0.000     65.000           64.000   1.860          1           1 
    mgc_and(1,2)                                          1.000     0.000      1.000            0.000   0.550          0          16 
    mgc_and(1,3)                                          1.000     0.000      1.000            0.000   0.550          0          11 
    mgc_and(1,4)                                          1.000     0.000      1.000            0.000   0.550          0           3 
    mgc_and(1,5)                                          1.000     0.000      1.000            0.000   0.550          0           1 
    mgc_and(11,2)                                        11.000     0.000     11.000            0.000   0.550          1           2 
    mgc_and(12,2)                                        12.000     0.000     12.000            0.000   0.550          0           1 
    mgc_and(63,2)                                        63.000     0.000     63.000            0.000   0.550          0           1 
    mgc_mul(64,0,64,0,128)                             9728.000    16.000      0.000            0.000   9.706          1           1 
    mgc_mux(1,1,2)                                        1.000     0.000      1.000            0.000   0.080          0          30 
    mgc_mux(10,1,2)                                      10.000     0.000     10.000            0.000   0.080          0           1 
    mgc_mux(12,1,2)                                      12.000     0.000     12.000            0.000   0.080          0           1 
    mgc_mux(13,1,2)                                      13.000     0.000     13.000            0.000   0.080          0           1 
    mgc_mux(4,1,2)                                        4.000     0.000      4.000            0.000   0.080          0           1 
    mgc_mux(63,1,2)                                      63.000     0.000     63.000            0.000   0.080          0           1 
    mgc_mux(64,1,2)                                      64.000     0.000     64.000            0.000   0.080          0           2 
    mgc_mux(65,1,2)                                      65.000     0.000     65.000            0.000   0.080          0           3 
    mgc_mux1hot(65,4)                                   118.973     0.000    118.973            0.000   1.500          0           1 
    mgc_nand(1,2)                                         1.000     0.000      1.000            0.000   0.550          0           4 
    mgc_nor(1,2)                                          1.000     0.000      1.000            0.000   0.550          0           8 
    mgc_nor(1,3)                                          1.000     0.000      1.000            0.000   0.550          0           3 
    mgc_nor(1,4)                                          1.000     0.000      1.000            0.000   0.550          0           2 
    mgc_nor(1,5)                                          1.000     0.000      1.000            0.000   0.550          0           1 
    mgc_nor(1,6)                                          1.000     0.000      1.000            0.000   0.550          0           1 
    mgc_not(1)                                            0.000     0.000      0.000            0.000   0.000          0          33 
    mgc_not(64)                                           0.000     0.000      0.000            0.000   0.000          0           1 
    mgc_or(1,2)                                           1.000     0.000      1.000            0.000   0.550          0           8 
    mgc_or(1,3)                                           1.000     0.000      1.000            0.000   0.550          0           7 
    mgc_or(1,4)                                           1.000     0.000      1.000            0.000   0.550          0           2 
    mgc_or(1,5)                                           1.000     0.000      1.000            0.000   0.550          0           1 
    mgc_reg_pos(1,0,0,0,0,1,1)                            0.000     0.000      0.000            0.000   0.320          0           1 
    mgc_reg_pos(1,0,0,1,1,0,0)                            0.000     0.000      0.000            0.000   0.320          0           2 
    mgc_reg_pos(11,0,0,1,1,1,1)                           0.000     0.000      0.000            0.000   0.320          0           1 
    mgc_reg_pos(12,0,0,1,1,1,1)                           0.000     0.000      0.000            0.000   0.320          0           1 
    mgc_reg_pos(128,0,0,0,0,1,1)                          0.000     0.000      0.000            0.000   0.320          0           1 
    mgc_reg_pos(2,0,0,1,1,1,1)                            0.000     0.000      0.000            0.000   0.320          0           1 
    mgc_reg_pos(4,0,0,0,0,1,1)                            0.000     0.000      0.000            0.000   0.320          0           1 
    mgc_reg_pos(63,0,0,0,0,0,0)                           0.000     0.000      0.000            0.000   0.320          0           1 
    mgc_reg_pos(64,0,0,0,0,0,0)                           0.000     0.000      0.000            0.000   0.320          0           2 
    mgc_reg_pos(64,0,0,0,0,1,1)                           0.000     0.000      0.000            0.000   0.320          0           2 
    mgc_reg_pos(65,0,0,0,0,0,0)                           0.000     0.000      0.000            0.000   0.320          0           2 
    mgc_reg_pos(65,0,0,0,0,1,1)                           0.000     0.000      0.000            0.000   0.320          0           1 
    mgc_reg_pos(9,0,0,0,0,1,1)                            0.000     0.000      0.000            0.000   0.320          0           1 
    mgc_rem(128,64,0)                                 15411.269     0.000  15411.269            0.000 374.622          1           1 
    mgc_rem(65,65,1)                                   8359.249     0.000   8359.249            0.000 231.970          1           1 
    mgc_shift_l(1,1,4,9)                                  7.870     0.000      7.870            0.000   0.550          1           1 
    mgc_xor(1,2)                                          1.000     0.000      1.000            0.000   0.550          0           1 
    [Lib: mgc_ioport]                                                                                                                
    mgc_io_sync(0)                                        0.000     0.000      0.000            0.000   0.000          5           5 
                                                                                                                                     
    TOTAL AREA (After Assignment):                    34402.360    16.000  24674.000          151.000                                
    
  Area Scores
                       Post-Scheduling    Post-DP & FSM  Post-Assignment 
    ----------------- ---------------- ---------------- ----------------
    Total Area Score:   33677.4          34649.5          34407.4        
    Total Reg:              0.0              0.0              0.0        
                                                                         
    DataPath:           33677.4 (100%)   34644.5 (100%)   34402.4 (100%) 
      MUX:                  0.0            812.2   (2%)     574.0   (2%) 
      FUNC:             33666.4 (100%)   33666.4  (97%)   33662.4  (98%) 
      LOGIC:               11.0   (0%)     166.0   (0%)     166.0   (0%) 
      BUFFER:               0.0              0.0              0.0        
      MEM:                  0.0              0.0              0.0        
      ROM:                  0.0              0.0              0.0        
      REG:                  0.0              0.0              0.0        
                                                                         
    
    FSM:                    0.0              5.0   (0%)       5.0   (0%) 
      FSM-REG:              0.0              0.0              0.0        
      FSM-COMB:             0.0              5.0 (100%)       5.0 (100%) 
                                                                         
    
  Register-to-Variable Mappings
    Register                           Size(bits) Gated Register CG Opt Done Variables                                             
    ---------------------------------- ---------- -------------- ----------- -----------------------------------------------------
    COMP_LOOP:f2:mul.mut                      128         Y           Y      COMP_LOOP:f2:mul.mut                                  
    COMP_LOOP:acc.mut                          65         Y           Y      COMP_LOOP:acc.mut                                     
                                                                             COMP_LOOP:f2:asn.itm                                  
    COMP_LOOP:rem:cmp.a                        65                            COMP_LOOP:rem:cmp.a                                   
    reg(COMP_LOOP:f2:rem:cmp.a).ftd#1          65                            reg(COMP_LOOP:f2:rem:cmp.a).ftd#1                     
    COMP_LOOP:acc#1.psp(63:0)                  64         Y           Y      COMP_LOOP:acc#1.psp                                   
                                                                             COMP_LOOP:f1.sva                                      
                                                                             COMP_LOOP:f2:asn#1.itm                                
    COMP_LOOP:f2:rem:cmp.z.oreg                64                            COMP_LOOP:f2:rem:cmp.z.oreg                           
    p.sva                                      64         Y           Y      p.sva                                                 
    reg(COMP_LOOP:rem:cmp.b(63:0)).cse         64                            reg(COMP_LOOP:rem:cmp.b(63:0)).cse                    
    reg(COMP_LOOP:f2:rem:cmp.a).ftd            63                            reg(COMP_LOOP:f2:rem:cmp.a).ftd                       
    COPY_LOOP#1:i(12:0).sva(11:0)              12         Y           Y      COPY_LOOP#1:i(12:0).sva(11:0)                         
                                                                             COPY_LOOP:i(12:0).sva(11:0)                           
                                                                             COMP_LOOP:r(11:0).sva#1                               
    COPY_LOOP#1:i(12:0).sva#1(10:0)            11         Y           Y      COPY_LOOP#1:i(12:0).sva#1                             
                                                                             COPY_LOOP:i(12:0).sva#1                               
                                                                             COMP_LOOP:r(11:0).sva(10:0)                           
    STAGE_LOOP:base(8:0).sva                    9         Y           Y      STAGE_LOOP:base(8:0).sva                              
    STAGE_LOOP:base:acc.cse.sva                 4         Y           Y      STAGE_LOOP:base:acc.cse.sva                           
                                                                             STAGE_LOOP:c(3:0).sva                                 
    COPY_LOOP#1:i(12:0).sva#1(12:11)            2         Y           Y      COPY_LOOP#1:i(12:0).sva#1                             
                                                                             COPY_LOOP:i(12:0).sva#1                               
                                                                             COMP_LOOP:r(11:0).sva(10:0)                           
    COMP_LOOP:acc#1.psp(64)                     1         Y           Y      COMP_LOOP:acc#1.psp                                   
                                                                             COMP_LOOP:f1.sva                                      
                                                                             COMP_LOOP:f2:asn#1.itm                                
    reg(vec:rsc.triosy:obj.ld).cse              1                            reg(vec:rsc.triosy:obj.ld).cse                        
    reg(xt:rsc.@.cgo).cse                       1                            reg(xt:rsc.@.cgo).cse                                 
                                                                                                                                   
    Total:                                    683            360         360 (Total Gating Ratio: 0.53, CG Opt Gating Ratio: 0.53) 
    
  Timing Report
    Critical Path
      Max Delay:  12.442008
      Slack:      0.05799200000000049
      
      Path                                                                                             Startpoint                                   Endpoint                                               Delay   Slack   
      ------------------------------------------------------------------------------------------------ -------------------------------------------- ------------------------------------------------------ ------- -------
      1                                                                                                peaceNTT:core/reg(COMP_LOOP:f2:rem:cmp.a)    peaceNTT:core:wait_dp/reg(COMP_LOOP:f2:rem:cmp.z.oreg) 12.4420 0.0580  
                                                                                                                                                                                                                           
        Instance                                                                                       Component                                                                                           Delta   Delay   
        --------                                                                                       ---------                                                                                           -----   -----   
        peaceNTT:core/reg(COMP_LOOP:f2:rem:cmp.a)                                                      mgc_reg_pos_63_0_0_0_0_0_0                                                                          0.3200  0.3200  
        peaceNTT:core/reg(COMP_LOOP:f2:rem:cmp.a).ftd                                                                                                                                                      0.0000  0.3200  
        peaceNTT:core/COMP_LOOP:f2:conc#5                                                                                                                                                                  0.0000  0.3200  
        peaceNTT:core/COMP_LOOP:f2:rem:cmp.a                                                                                                                                                               0.0000  0.3200  
        peaceNTT/COMP_LOOP:f2:rem:cmp.a                                                                                                                                                                    0.0000  0.3200  
        peaceNTT/COMP_LOOP:f2:rem:cmp                                                                  mgc_rem_128_64_0                                                                                    12.1220 12.4420 
        peaceNTT/COMP_LOOP:f2:rem:cmp.z                                                                                                                                                                    0.0000  12.4420 
        peaceNTT:core/COMP_LOOP:f2:rem:cmp.z                                                                                                                                                               0.0000  12.4420 
        peaceNTT:core:wait_dp/COMP_LOOP:f2:rem:cmp.z                                                                                                                                                       0.0000  12.4420 
        peaceNTT:core:wait_dp/reg(COMP_LOOP:f2:rem:cmp.z.oreg)                                         mgc_reg_pos_64_0_0_0_0_0_0                                                                          0.0000  12.4420 
                                                                                                                                                                                                                           
      2                                                                                                peaceNTT:core/reg(COMP_LOOP:rem:cmp.b(63:0)) peaceNTT:core:wait_dp/reg(COMP_LOOP:f2:rem:cmp.z.oreg) 12.4420 0.0580  
                                                                                                                                                                                                                           
        Instance                                                                                       Component                                                                                           Delta   Delay   
        --------                                                                                       ---------                                                                                           -----   -----   
        peaceNTT:core/reg(COMP_LOOP:rem:cmp.b(63:0))                                                   mgc_reg_pos_64_0_0_0_0_0_0                                                                          0.3200  0.3200  
        peaceNTT:core/reg(COMP_LOOP:rem:cmp.b(63:0)).cse                                                                                                                                                   0.0000  0.3200  
        peaceNTT:core/COMP_LOOP:f2:asn(COMP_LOOP:f2:rem:cmp.b)                                                                                                                                             0.0000  0.3200  
        peaceNTT:core/COMP_LOOP:f2:rem:cmp.b                                                                                                                                                               0.0000  0.3200  
        peaceNTT/COMP_LOOP:f2:rem:cmp.b                                                                                                                                                                    0.0000  0.3200  
        peaceNTT/COMP_LOOP:f2:rem:cmp                                                                  mgc_rem_128_64_0                                                                                    12.1220 12.4420 
        peaceNTT/COMP_LOOP:f2:rem:cmp.z                                                                                                                                                                    0.0000  12.4420 
        peaceNTT:core/COMP_LOOP:f2:rem:cmp.z                                                                                                                                                               0.0000  12.4420 
        peaceNTT:core:wait_dp/COMP_LOOP:f2:rem:cmp.z                                                                                                                                                       0.0000  12.4420 
        peaceNTT:core:wait_dp/reg(COMP_LOOP:f2:rem:cmp.z.oreg)                                         mgc_reg_pos_64_0_0_0_0_0_0                                                                          0.0000  12.4420 
                                                                                                                                                                                                                           
      3                                                                                                peaceNTT:core/reg(COMP_LOOP:f2:rem:cmp.a)#1  peaceNTT:core:wait_dp/reg(COMP_LOOP:f2:rem:cmp.z.oreg) 12.4420 0.0580  
                                                                                                                                                                                                                           
        Instance                                                                                       Component                                                                                           Delta   Delay   
        --------                                                                                       ---------                                                                                           -----   -----   
        peaceNTT:core/reg(COMP_LOOP:f2:rem:cmp.a)#1                                                    mgc_reg_pos_65_0_0_0_0_0_0                                                                          0.3200  0.3200  
        peaceNTT:core/reg(COMP_LOOP:f2:rem:cmp.a).ftd#1                                                                                                                                                    0.0000  0.3200  
        peaceNTT:core/COMP_LOOP:f2:conc#5                                                                                                                                                                  0.0000  0.3200  
        peaceNTT:core/COMP_LOOP:f2:rem:cmp.a                                                                                                                                                               0.0000  0.3200  
        peaceNTT/COMP_LOOP:f2:rem:cmp.a                                                                                                                                                                    0.0000  0.3200  
        peaceNTT/COMP_LOOP:f2:rem:cmp                                                                  mgc_rem_128_64_0                                                                                    12.1220 12.4420 
        peaceNTT/COMP_LOOP:f2:rem:cmp.z                                                                                                                                                                    0.0000  12.4420 
        peaceNTT:core/COMP_LOOP:f2:rem:cmp.z                                                                                                                                                               0.0000  12.4420 
        peaceNTT:core:wait_dp/COMP_LOOP:f2:rem:cmp.z                                                                                                                                                       0.0000  12.4420 
        peaceNTT:core:wait_dp/reg(COMP_LOOP:f2:rem:cmp.z.oreg)                                         mgc_reg_pos_64_0_0_0_0_0_0                                                                          0.0000  12.4420 
                                                                                                                                                                                                                           
      4                                                                                                peaceNTT:core/reg(COMP_LOOP:acc.mut)         peaceNTT:core/reg(COMP_LOOP:f2:rem:cmp.a)#1            11.5261 0.9739  
                                                                                                                                                                                                                           
        Instance                                                                                       Component                                                                                           Delta   Delay   
        --------                                                                                       ---------                                                                                           -----   -----   
        peaceNTT:core/reg(COMP_LOOP:acc.mut)                                                           mgc_reg_pos_65_0_0_0_0_1_1                                                                          0.3200  0.3200  
        peaceNTT:core/COMP_LOOP:acc.mut                                                                                                                                                                    0.0000  0.3200  
        peaceNTT:core/COMP_LOOP:f2:slc(COMP_LOOP:acc.mut)(63-0)                                                                                                                                            0.0000  0.3200  
        peaceNTT:core/COMP_LOOP:f2:slc(COMP_LOOP:acc.mut)(63-0).itm                                                                                                                                        0.0000  0.3200  
        peaceNTT:core/COMP_LOOP:f2:mul                                                                 mgc_mul_64_0_64_0_128                                                                               9.7061  10.0261 
        peaceNTT:core/COMP_LOOP:f2:mul.mut:mx0w0                                                                                                                                                           0.0000  10.0261 
        peaceNTT:core/COMP_LOOP:f2:slc(COMP_LOOP:f2:mul.mut:mx0w0)(64-0)                                                                                                                                   0.0000  10.0261 
        peaceNTT:core/COMP_LOOP:f2:slc(COMP_LOOP:f2:mul.mut:mx0w0)(64-0).itm                                                                                                                               0.0000  10.0261 
        peaceNTT:core/COMP_LOOP:f2:mux1h                                                               mgc_mux1hot_65_4                                                                                    1.5000  11.5261 
        peaceNTT:core/COMP_LOOP:f2:mux1h.itm                                                                                                                                                               0.0000  11.5261 
        peaceNTT:core/reg(COMP_LOOP:f2:rem:cmp.a)#1                                                    mgc_reg_pos_65_0_0_0_0_0_0                                                                          0.0000  11.5261 
                                                                                                                                                                                                                           
      5                                                                                                peaceNTT:core/reg(COMP_LOOP:acc#1.psp)#1     peaceNTT:core/reg(COMP_LOOP:f2:rem:cmp.a)#1            11.5261 0.9739  
                                                                                                                                                                                                                           
        Instance                                                                                       Component                                                                                           Delta   Delay   
        --------                                                                                       ---------                                                                                           -----   -----   
        peaceNTT:core/reg(COMP_LOOP:acc#1.psp)#1                                                       mgc_reg_pos_64_0_0_0_0_1_1                                                                          0.3200  0.3200  
        peaceNTT:core/COMP_LOOP:acc#1.psp(63:0)                                                                                                                                                            0.0000  0.3200  
        peaceNTT:core/COMP_LOOP:f2:mul                                                                 mgc_mul_64_0_64_0_128                                                                               9.7061  10.0261 
        peaceNTT:core/COMP_LOOP:f2:mul.mut:mx0w0                                                                                                                                                           0.0000  10.0261 
        peaceNTT:core/COMP_LOOP:f2:slc(COMP_LOOP:f2:mul.mut:mx0w0)(64-0)                                                                                                                                   0.0000  10.0261 
        peaceNTT:core/COMP_LOOP:f2:slc(COMP_LOOP:f2:mul.mut:mx0w0)(64-0).itm                                                                                                                               0.0000  10.0261 
        peaceNTT:core/COMP_LOOP:f2:mux1h                                                               mgc_mux1hot_65_4                                                                                    1.5000  11.5261 
        peaceNTT:core/COMP_LOOP:f2:mux1h.itm                                                                                                                                                               0.0000  11.5261 
        peaceNTT:core/reg(COMP_LOOP:f2:rem:cmp.a)#1                                                    mgc_reg_pos_65_0_0_0_0_0_0                                                                          0.0000  11.5261 
                                                                                                                                                                                                                           
      6                                                                                                peaceNTT:core/reg(COMP_LOOP:acc.mut)         peaceNTT:core/reg(COMP_LOOP:f2:rem:cmp.a)              10.6561 1.8439  
                                                                                                                                                                                                                           
        Instance                                                                                       Component                                                                                           Delta   Delay   
        --------                                                                                       ---------                                                                                           -----   -----   
        peaceNTT:core/reg(COMP_LOOP:acc.mut)                                                           mgc_reg_pos_65_0_0_0_0_1_1                                                                          0.3200  0.3200  
        peaceNTT:core/COMP_LOOP:acc.mut                                                                                                                                                                    0.0000  0.3200  
        peaceNTT:core/COMP_LOOP:f2:slc(COMP_LOOP:acc.mut)(63-0)                                                                                                                                            0.0000  0.3200  
        peaceNTT:core/COMP_LOOP:f2:slc(COMP_LOOP:acc.mut)(63-0).itm                                                                                                                                        0.0000  0.3200  
        peaceNTT:core/COMP_LOOP:f2:mul                                                                 mgc_mul_64_0_64_0_128                                                                               9.7061  10.0261 
        peaceNTT:core/COMP_LOOP:f2:mul.mut:mx0w0                                                                                                                                                           0.0000  10.0261 
        peaceNTT:core/COMP_LOOP:f2:slc(COMP_LOOP:f2:mul.mut:mx0w0)(127-65)                                                                                                                                 0.0000  10.0261 
        peaceNTT:core/COMP_LOOP:f2:slc(COMP_LOOP:f2:mul.mut:mx0w0)(127-65).itm                                                                                                                             0.0000  10.0261 
        peaceNTT:core/COMP_LOOP:f2:mux                                                                 mgc_mux_63_1_2                                                                                      0.0800  10.1061 
        peaceNTT:core/COMP_LOOP:f2:mux.itm                                                                                                                                                                 0.0000  10.1061 
        peaceNTT:core/COMP_LOOP:f2:COMP_LOOP:f2:and                                                    mgc_and_63_2                                                                                        0.5500  10.6561 
        peaceNTT:core/COMP_LOOP:f2:COMP_LOOP:f2:and.itm                                                                                                                                                    0.0000  10.6561 
        peaceNTT:core/reg(COMP_LOOP:f2:rem:cmp.a)                                                      mgc_reg_pos_63_0_0_0_0_0_0                                                                          0.0000  10.6561 
                                                                                                                                                                                                                           
      7                                                                                                peaceNTT:core/reg(COMP_LOOP:acc#1.psp)#1     peaceNTT:core/reg(COMP_LOOP:f2:rem:cmp.a)              10.6561 1.8439  
                                                                                                                                                                                                                           
        Instance                                                                                       Component                                                                                           Delta   Delay   
        --------                                                                                       ---------                                                                                           -----   -----   
        peaceNTT:core/reg(COMP_LOOP:acc#1.psp)#1                                                       mgc_reg_pos_64_0_0_0_0_1_1                                                                          0.3200  0.3200  
        peaceNTT:core/COMP_LOOP:acc#1.psp(63:0)                                                                                                                                                            0.0000  0.3200  
        peaceNTT:core/COMP_LOOP:f2:mul                                                                 mgc_mul_64_0_64_0_128                                                                               9.7061  10.0261 
        peaceNTT:core/COMP_LOOP:f2:mul.mut:mx0w0                                                                                                                                                           0.0000  10.0261 
        peaceNTT:core/COMP_LOOP:f2:slc(COMP_LOOP:f2:mul.mut:mx0w0)(127-65)                                                                                                                                 0.0000  10.0261 
        peaceNTT:core/COMP_LOOP:f2:slc(COMP_LOOP:f2:mul.mut:mx0w0)(127-65).itm                                                                                                                             0.0000  10.0261 
        peaceNTT:core/COMP_LOOP:f2:mux                                                                 mgc_mux_63_1_2                                                                                      0.0800  10.1061 
        peaceNTT:core/COMP_LOOP:f2:mux.itm                                                                                                                                                                 0.0000  10.1061 
        peaceNTT:core/COMP_LOOP:f2:COMP_LOOP:f2:and                                                    mgc_and_63_2                                                                                        0.5500  10.6561 
        peaceNTT:core/COMP_LOOP:f2:COMP_LOOP:f2:and.itm                                                                                                                                                    0.0000  10.6561 
        peaceNTT:core/reg(COMP_LOOP:f2:rem:cmp.a)                                                      mgc_reg_pos_63_0_0_0_0_0_0                                                                          0.0000  10.6561 
                                                                                                                                                                                                                           
      8                                                                                                peaceNTT:core/reg(COMP_LOOP:acc.mut)         peaceNTT:core/reg(COMP_LOOP:f2:mul.mut)                10.0261 2.4739  
                                                                                                                                                                                                                           
        Instance                                                                                       Component                                                                                           Delta   Delay   
        --------                                                                                       ---------                                                                                           -----   -----   
        peaceNTT:core/reg(COMP_LOOP:acc.mut)                                                           mgc_reg_pos_65_0_0_0_0_1_1                                                                          0.3200  0.3200  
        peaceNTT:core/COMP_LOOP:acc.mut                                                                                                                                                                    0.0000  0.3200  
        peaceNTT:core/COMP_LOOP:f2:slc(COMP_LOOP:acc.mut)(63-0)                                                                                                                                            0.0000  0.3200  
        peaceNTT:core/COMP_LOOP:f2:slc(COMP_LOOP:acc.mut)(63-0).itm                                                                                                                                        0.0000  0.3200  
        peaceNTT:core/COMP_LOOP:f2:mul                                                                 mgc_mul_64_0_64_0_128                                                                               9.7061  10.0261 
        peaceNTT:core/COMP_LOOP:f2:mul.mut:mx0w0                                                                                                                                                           0.0000  10.0261 
        peaceNTT:core/reg(COMP_LOOP:f2:mul.mut)                                                        mgc_reg_pos_128_0_0_0_0_1_1                                                                         0.0000  10.0261 
                                                                                                                                                                                                                           
      9                                                                                                peaceNTT:core/reg(COMP_LOOP:acc#1.psp)#1     peaceNTT:core/reg(COMP_LOOP:f2:mul.mut)                10.0261 2.4739  
                                                                                                                                                                                                                           
        Instance                                                                                       Component                                                                                           Delta   Delay   
        --------                                                                                       ---------                                                                                           -----   -----   
        peaceNTT:core/reg(COMP_LOOP:acc#1.psp)#1                                                       mgc_reg_pos_64_0_0_0_0_1_1                                                                          0.3200  0.3200  
        peaceNTT:core/COMP_LOOP:acc#1.psp(63:0)                                                                                                                                                            0.0000  0.3200  
        peaceNTT:core/COMP_LOOP:f2:mul                                                                 mgc_mul_64_0_64_0_128                                                                               9.7061  10.0261 
        peaceNTT:core/COMP_LOOP:f2:mul.mut:mx0w0                                                                                                                                                           0.0000  10.0261 
        peaceNTT:core/reg(COMP_LOOP:f2:mul.mut)                                                        mgc_reg_pos_128_0_0_0_0_1_1                                                                         0.0000  10.0261 
                                                                                                                                                                                                                           
      10                                                                                               peaceNTT:core/reg(COMP_LOOP:rem:cmp.a)       peaceNTT/result:rsc.d                                  7.8696  4.6304  
                                                                                                                                                                                                                           
        Instance                                                                                       Component                                                                                           Delta   Delay   
        --------                                                                                       ---------                                                                                           -----   -----   
        peaceNTT:core/reg(COMP_LOOP:rem:cmp.a)                                                         mgc_reg_pos_65_0_0_0_0_0_0                                                                          0.3200  0.3200  
        peaceNTT:core/COMP_LOOP:rem:cmp.a                                                                                                                                                                  0.0000  0.3200  
        peaceNTT:core/COMP_LOOP:rem:cmp                                                                mgc_rem_65_65_1                                                                                     6.9696  7.2896  
        peaceNTT:core/COMP_LOOP:rem:cmp.z                                                                                                                                                                  0.0000  7.2896  
        peaceNTT:core/COMP_LOOP:slc(COMP_LOOP:rem:cmp.z)(63-0)                                                                                                                                             0.0000  7.2896  
        peaceNTT:core/COMP_LOOP:slc(COMP_LOOP:rem:cmp.z)(63-0).itm                                                                                                                                         0.0000  7.2896  
        peaceNTT:core/COMP_LOOP:mux                                                                    mgc_mux_64_1_2                                                                                      0.0800  7.3696  
        peaceNTT:core/result:rsci.d_d                                                                                                                                                                      0.0000  7.3696  
        peaceNTT/result:rsci.d_d                                                                                                                                                                           0.0000  7.3696  
        peaceNTT:Xilinx_RAMS.BLOCK_1R1W_RBW_rwport(4,12,64,4096,4096,64,1)gen/d_d                                                                                                                          0.0000  7.3696  
        peaceNTT:Xilinx_RAMS.BLOCK_1R1W_RBW_rwport(4,12,64,4096,4096,64,1)gen/COMP_LOOP:slc(d_d)(63-0)                                                                                                     0.0000  7.3696  
        peaceNTT:Xilinx_RAMS.BLOCK_1R1W_RBW_rwport(4,12,64,4096,4096,64,1)gen/COMP_LOOP:asn(d)                                                                                                             0.0000  7.3696  
        peaceNTT:Xilinx_RAMS.BLOCK_1R1W_RBW_rwport(4,12,64,4096,4096,64,1)gen/d                                                                                                                            0.0000  7.3696  
        peaceNTT/result:rsc.d                                                                                                                                                                              0.5000  7.8696  
                                                                                                                                                                                                                           
      
    Register Input and Register-to-Output Slack
      Clock period or pin-to-reg delay constraint (clk): 12.5
      Clock uncertainty constraint (clk)               : 0.0
      
      Instance                                               Port                                                  Slack (Delay) Messages 
      ------------------------------------------------------ --------------------------------------------------- ------- ------- --------
      peaceNTT:core/reg(p)                                   p:rsci.idat                                         12.5000  0.0000          
      peaceNTT:core/reg(xt:rsc.@.cgo)                        nor#30.rmff                                         10.6900  1.8100          
      peaceNTT:core/reg(vec:rsc.triosy:obj.ld)               and#38.itm                                          10.6850  1.8150          
      peaceNTT:core/reg(COMP_LOOP:rem:cmp.a)                 COMP_LOOP:mux#2.itm                                 10.2400  2.2600          
      peaceNTT:core/reg(COMP_LOOP:rem:cmp.b(63:0))           p.sva                                               12.1800  0.3200          
      peaceNTT:core/reg(COPY_LOOP#1:i(12:0).sva(11:0))       COPY_LOOP#1:i:COPY_LOOP#1:i:and.itm                 10.2200  2.2800          
      peaceNTT:core/reg(COPY_LOOP#1:i(12:0))                 slc(COPY_LOOP#1:i:COPY_LOOP#1:i:mux.rgt)(12-11).itm 11.0350  1.4650          
      peaceNTT:core/reg(COPY_LOOP#1:i(12:0))#1               slc(COPY_LOOP#1:i:COPY_LOOP#1:i:mux.rgt)(10-0).itm  11.0350  1.4650          
      peaceNTT:core/reg(STAGE_LOOP:base:acc)                 STAGE_LOOP:base:STAGE_LOOP:base:mux.itm             11.1550  1.3450          
      peaceNTT:core/reg(STAGE_LOOP:base(8:0))                STAGE_LOOP:base:lshift.itm                          10.6850  1.8150          
      peaceNTT:core/reg(COMP_LOOP:acc#1.psp)                 slc(COMP_LOOP:COMP_LOOP:mux.rgt)(64).itm            10.2550  2.2450          
      peaceNTT:core/reg(COMP_LOOP:acc#1.psp)#1               slc(COMP_LOOP:COMP_LOOP:mux.rgt)(63-0).itm          10.2550  2.2450          
      peaceNTT:core/reg(COMP_LOOP:acc.mut)                   COMP_LOOP:COMP_LOOP:mux#1.itm                       10.0200  2.4800          
      peaceNTT:core/reg(COMP_LOOP:f2:mul.mut)                COMP_LOOP:f2:mul.mut:mx0w0                           0.9739 11.5261          
      peaceNTT:core/reg(COMP_LOOP:f2:rem:cmp.a)              COMP_LOOP:f2:COMP_LOOP:f2:and.itm                    1.8439 10.6561          
      peaceNTT:core/reg(COMP_LOOP:f2:rem:cmp.a)#1            COMP_LOOP:f2:mux1h.itm                               0.9739 11.5261          
      peaceNTT:core:wait_dp/reg(COMP_LOOP:f2:rem:cmp.z.oreg) COMP_LOOP:f2:rem:cmp.z                               0.0580 12.4420          
      peaceNTT                                               vec:rsc.radr                                        11.6800  0.8200          
      peaceNTT                                               vec:rsc.triosy.lz                                   12.1800  0.3200          
      peaceNTT                                               p:rsc.triosy.lz                                     12.1800  0.3200          
      peaceNTT                                               g:rsc.triosy.lz                                     12.1800  0.3200          
      peaceNTT                                               result:rsc.wadr                                     10.9000  1.6000          
      peaceNTT                                               result:rsc.d                                         4.6304  7.8696          
      peaceNTT                                               result:rsc.we                                       10.2700  2.2300          
      peaceNTT                                               result:rsc.radr                                     11.6800  0.8200          
      peaceNTT                                               result:rsc.triosy.lz                                12.1800  0.3200          
      peaceNTT                                               twiddle:rsc.radr                                    11.1300  1.3700          
      peaceNTT                                               twiddle:rsc.triosy.lz                               12.1800  0.3200          
      
  Operator Bitwidth Summary
    Operation Size (bits) Count 
    --------- ----------- -----
    add                         
    -                  65     2 
    -                   5     1 
    -                  13     1 
    -                  12     1 
    and                         
    -                  63     1 
    -                  12     1 
    -                  11     2 
    -                   1    31 
    lshift                      
    -                   9     1 
    mul                         
    -                 128     1 
    mux                         
    -                  65     3 
    -                  64     2 
    -                  63     1 
    -                   4     1 
    -                  13     1 
    -                  12     1 
    -                  10     1 
    -                   1    30 
    mux1h                       
    -                  65     1 
    nand                        
    -                   1     4 
    nor                         
    -                   1    15 
    not                         
    -                  64     1 
    -                   1    33 
    or                          
    -                   1    18 
    read_port                   
    -                  64     1 
    read_sync                   
    -                   0     5 
    reg                         
    -                   9     1 
    -                  65     3 
    -                  64     4 
    -                  63     1 
    -                   4     1 
    -                   2     1 
    -                 128     1 
    -                  12     1 
    -                  11     1 
    -                   1     3 
    rem                         
    -                  65     1 
    -                  64     1 
    write_ram                   
    -                   0     1 
    xor                         
    -                   1     1 
    
  End of Report
