-- Catapult Ultra Synthesis: Report                                              
-- ------------------------- ---------------------------------------------------
-- Version:                  10.5c/896140 Production Release                     
-- Build Date:               Sun Sep  6 22:45:38 PDT 2020                        
                                                                                 
-- Generated by:             yl7897@newnano.poly.edu                             
-- Generated date:           Tue Jul 27 15:41:53 EDT 2021                        

Solution Settings: inPlaceNTT_DIF.v2
  Current state: schedule
  Project: Catapult_1
  
  Design Input Files Specified
    $PROJECT_HOME/src/ntt_tb.cpp
    $PROJECT_HOME/src/ntt.cpp
      $PROJECT_HOME/include/ntt.h
        $PROJECT_HOME/include/config.h
          $MGC_HOME/shared/include/ac_int.h
  
  Processes/Blocks in Design
    Process              Real Operation(s) count Latency Throughput Reset Length II Comments 
    -------------------- ----------------------- ------- ---------- ------------ -- --------
    /inPlaceNTT_DIF/core                      52  292607     292612            0  0        ? 
    Design Total:                             52  292607     292612            0  0          
    
  Clock Information
    Clock Signal Edge   Period Sharing Alloc (%) Uncertainty Used by Processes/Blocks 
    ------------ ------ ------ ----------------- ----------- ------------------------
    clk          rising 20.000             20.00    0.000000 /inPlaceNTT_DIF/core     
    
  I/O Data Ranges
    Port              Mode DeclType DeclWidth DeclRange ActType ActWidth ActRange 
    ----------------- ---- -------- --------- --------- ------- -------- --------
    clk               IN   Unsigned         1                                     
    rst               IN   Unsigned         1                                     
    vec:rsc.q         IN   Unsigned        64                                     
    p:rsc.dat         IN   Unsigned        64                                     
    r:rsc.dat         IN   Unsigned        64                                     
    vec:rsc.wadr      OUT  Unsigned        10                                     
    vec:rsc.d         OUT  Unsigned        64                                     
    vec:rsc.we        OUT  Unsigned         1                                     
    vec:rsc.radr      OUT  Unsigned        10                                     
    vec:rsc.triosy.lz OUT  Unsigned         1                                     
    p:rsc.triosy.lz   OUT  Unsigned         1                                     
    r:rsc.triosy.lz   OUT  Unsigned         1                                     
    
  Memory Resources
    Resource Name: /inPlaceNTT_DIF/modulo_dev/base:rsc
      Memory Component: ccs_in                       Size:         1 x 64
      External:         true                         Packing Mode: sidebyside
      Memory Map:
      Variable                        Indices Phys Memory Address     
      ------------------------------- ------- -----------------------
      /inPlaceNTT_DIF/modulo_dev/base    0:63 00000000-00000000 (0-0) 
      
    Resource Name: /inPlaceNTT_DIF/modulo_dev/m:rsc
      Memory Component: ccs_in                       Size:         1 x 64
      External:         true                         Packing Mode: sidebyside
      Memory Map:
      Variable                     Indices Phys Memory Address     
      ---------------------------- ------- -----------------------
      /inPlaceNTT_DIF/modulo_dev/m    0:63 00000000-00000000 (0-0) 
      
    Resource Name: /inPlaceNTT_DIF/modulo_dev/return:rsc
      Memory Component: mgc_out_dreg                 Size:         1 x 64
      External:         true                         Packing Mode: sidebyside
      Memory Map:
      Variable                          Indices Phys Memory Address     
      --------------------------------- ------- -----------------------
      /inPlaceNTT_DIF/modulo_dev/return    0:63 00000000-00000000 (0-0) 
      
    Resource Name: /inPlaceNTT_DIF/modulo_dev/ccs_ccore_start:rsc
      Memory Component: ccs_in                       Size:         1 x 1
      External:         true                         Packing Mode: sidebyside
      Memory Map:
      Variable                                   Indices Phys Memory Address     
      ------------------------------------------ ------- -----------------------
      /inPlaceNTT_DIF/modulo_dev/ccs_ccore_start     0:0 00000000-00000000 (0-0) 
      
    Resource Name: /inPlaceNTT_DIF/vec:rsc
      Memory Component: BLOCK_1R1W_RBW               Size:         1024 x 64
      External:         true                         Packing Mode: absolute
      Memory Map:
      Variable            Indices Phys Memory Address        
      ------------------- ------- --------------------------
      /inPlaceNTT_DIF/vec    0:63 000003ff-00000000 (1023-0) 
      
    Resource Name: /inPlaceNTT_DIF/p:rsc
      Memory Component: ccs_in                       Size:         1 x 64
      External:         true                         Packing Mode: sidebyside
      Memory Map:
      Variable          Indices Phys Memory Address     
      ----------------- ------- -----------------------
      /inPlaceNTT_DIF/p    0:63 00000000-00000000 (0-0) 
      
    Resource Name: /inPlaceNTT_DIF/r:rsc
      Memory Component: ccs_in                       Size:         1 x 64
      External:         true                         Packing Mode: sidebyside
      Memory Map:
      Variable          Indices Phys Memory Address     
      ----------------- ------- -----------------------
      /inPlaceNTT_DIF/r    0:63 00000000-00000000 (0-0) 
      
  C++ to Interface Mappings
    C++ Field Interface Range Range Expression Expression Limits 
    --------- --------------- ---------------- -----------------
    
  Multi-Cycle (Combinational) Component Usage
    Instance Component Name Delay 
    -------- -------------- -----
    
  Loops
    Process              Loop                    Iterations C-Steps Total Cycles   Duration  Unroll Init Comments 
    -------------------- ----------------------- ---------- ------- ------------- ---------- ------ ---- --------
    /inPlaceNTT_DIF/core core:rlp                  Infinite       0     292612 ?    5.85 ms                       
    /inPlaceNTT_DIF/core  main                     Infinite       2     292612 ?    5.85 ms                       
    /inPlaceNTT_DIF/core   STAGE_MAIN_LOOP               10       6     292610 ?    5.85 ms                       
    /inPlaceNTT_DIF/core    modExp_dev:while              ?      12         12 ?  240.00 ns                       
    /inPlaceNTT_DIF/core    STAGE_VEC_LOOP                ?       2      29243 ?  584.86 us                       
    /inPlaceNTT_DIF/core     COMP_LOOP                  513      45      29241 ?  584.82 us                       
    /inPlaceNTT_DIF/core      modExp_dev#1:while          ?      12         12 ?  240.00 ns                       
    
  Loop Execution Profile
    Process              Loop                    Total Cycles % of Overall Design Cycles Throughput Cycles Comments 
    -------------------- ----------------------- ------------ -------------------------- ----------------- --------
    /inPlaceNTT_DIF/core core:rlp                        0 ?                        0.00         292612 ?           
    /inPlaceNTT_DIF/core  main                           2 ?                        0.00         292612 ?           
    /inPlaceNTT_DIF/core   STAGE_MAIN_LOOP              60 ?                        0.02         292610 ?           
    /inPlaceNTT_DIF/core    modExp_dev:while           120 ?                        0.04            120 ?           
    /inPlaceNTT_DIF/core    STAGE_VEC_LOOP              20 ?                        0.01         292430 ?           
    /inPlaceNTT_DIF/core     COMP_LOOP              230850 ?                       78.89         292410 ?           
    /inPlaceNTT_DIF/core      modExp_dev#1:while     61560 ?                       21.04          61560 ?           
    
  End of Report
