-- Catapult Ultra Synthesis: Report                                              
-- ------------------------- ---------------------------------------------------
-- Version:                  10.5c/896140 Production Release                     
-- Build Date:               Sun Sep  6 22:45:38 PDT 2020                        
                                                                                 
-- Generated by:             yl7897@newnano.poly.edu                             
-- Generated date:           Wed May 19 22:43:18 EDT 2021                        

Solution Settings: inPlaceNTT_DIT.v24
  Current state: schedule
  Project: Catapult
  
  Design Input Files Specified
    $PROJECT_HOME/src/ntt_tb.cpp
    $PROJECT_HOME/src/ntt.cpp
      $MGC_HOME/shared/include/ac_math.h
        $MGC_HOME/shared/include/ac_math/ac_abs.h
          $MGC_HOME/shared/include/ac_int.h
          $MGC_HOME/shared/include/ac_fixed.h
          $MGC_HOME/shared/include/ac_float.h
          $MGC_HOME/shared/include/ac_complex.h
          $MGC_HOME/shared/include/ac_math/ac_sqrt_pwl.h
            $MGC_HOME/shared/include/ac_math/ac_shift.h
            $MGC_HOME/shared/include/ac_math/ac_normalize.h
        $MGC_HOME/shared/include/ac_math/ac_arccos_cordic.h
        $MGC_HOME/shared/include/ac_math/ac_arcsin_cordic.h
        $MGC_HOME/shared/include/ac_math/ac_atan_pwl.h
          $MGC_HOME/shared/include/ac_math/ac_reciprocal_pwl.h
        $MGC_HOME/shared/include/ac_math/ac_atan_pwl_ha.h
          $MGC_HOME/shared/include/ac_math/ac_reciprocal_pwl_ha.h
        $MGC_HOME/shared/include/ac_math/ac_atan2_cordic.h
        $MGC_HOME/shared/include/ac_math/ac_div.h
        $MGC_HOME/shared/include/ac_math/ac_hcordic.h
        $MGC_HOME/shared/include/ac_math/ac_inverse_sqrt_pwl.h
        $MGC_HOME/shared/include/ac_math/ac_log_pwl.h
        $MGC_HOME/shared/include/ac_math/ac_pow_pwl.h
        $MGC_HOME/shared/include/ac_math/ac_sigmoid_pwl.h
        $MGC_HOME/shared/include/ac_math/ac_sincos_cordic.h
        $MGC_HOME/shared/include/ac_math/ac_sincos_lut.h
        $MGC_HOME/shared/include/ac_math/ac_sqrt.h
        $MGC_HOME/shared/include/ac_math/ac_tan_pwl.h
        $MGC_HOME/shared/include/ac_math/ac_tanh_pwl.h
        $MGC_HOME/shared/include/ac_math/ac_softmax_pwl.h
      $PROJECT_HOME/include/ntt.h
        $PROJECT_HOME/include/config.h
  
  Processes/Blocks in Design
    Process              Real Operation(s) count Latency Throughput Reset Length II Comments 
    -------------------- ----------------------- ------- ---------- ------------ -- --------
    /inPlaceNTT_DIT/core                     610  606345     606350            0  0        ? 
    Design Total:                            610  606345     606350            0  0          
    
  Clock Information
    Clock Signal Edge   Period Sharing Alloc (%) Uncertainty Used by Processes/Blocks 
    ------------ ------ ------ ----------------- ----------- ------------------------
    clk          rising 20.000             20.00    0.000000 /inPlaceNTT_DIT/core     
    
  I/O Data Ranges
    Port                    Mode DeclType DeclWidth DeclRange ActType ActWidth ActRange 
    ----------------------- ---- -------- --------- --------- ------- -------- --------
    clk                     IN   Unsigned         1                                     
    rst                     IN   Unsigned         1                                     
    vec:rsc(0)(0).qa        IN   Unsigned        64                                     
    vec:rsc(0)(1).qa        IN   Unsigned        64                                     
    vec:rsc(0)(2).qa        IN   Unsigned        64                                     
    vec:rsc(0)(3).qa        IN   Unsigned        64                                     
    p:rsc.dat               IN   Unsigned        64                                     
    r:rsc.dat               IN   Unsigned        64                                     
    vec:rsc(0)(0).adra      OUT  Unsigned        10                                     
    vec:rsc(0)(0).da        OUT  Unsigned        64                                     
    vec:rsc(0)(0).wea       OUT  Unsigned         1                                     
    vec:rsc.triosy(0)(0).lz OUT  Unsigned         1                                     
    vec:rsc(0)(1).adra      OUT  Unsigned        10                                     
    vec:rsc(0)(1).da        OUT  Unsigned        64                                     
    vec:rsc(0)(1).wea       OUT  Unsigned         1                                     
    vec:rsc.triosy(0)(1).lz OUT  Unsigned         1                                     
    vec:rsc(0)(2).adra      OUT  Unsigned        10                                     
    vec:rsc(0)(2).da        OUT  Unsigned        64                                     
    vec:rsc(0)(2).wea       OUT  Unsigned         1                                     
    vec:rsc.triosy(0)(2).lz OUT  Unsigned         1                                     
    vec:rsc(0)(3).adra      OUT  Unsigned        10                                     
    vec:rsc(0)(3).da        OUT  Unsigned        64                                     
    vec:rsc(0)(3).wea       OUT  Unsigned         1                                     
    vec:rsc.triosy(0)(3).lz OUT  Unsigned         1                                     
    p:rsc.triosy.lz         OUT  Unsigned         1                                     
    r:rsc.triosy.lz         OUT  Unsigned         1                                     
    
  Memory Resources
    Resource Name: /inPlaceNTT_DIT/vec:rsc
      Memory Component: BLOCK_2R1W_RBW_DUAL          Size:         4096 x 64
      External:         true                         Packing Mode: absolute
      Memory Map:
      Variable            Indices Phys Memory Address        
      ------------------- ------- --------------------------
      /inPlaceNTT_DIT/vec    0:63 00000fff-00000000 (4095-0) 
      
      Splitting: 
      Block         Original Addresses 
      ------------- ------------------
      vec:rsc(0)(0)   0, 4, ..., 4092  
      vec:rsc(0)(1)   1, 5, ..., 4093  
      vec:rsc(0)(2)   2, 6, ..., 4094  
      vec:rsc(0)(3)   3, 7, ..., 4095  
      
    Resource Name: /inPlaceNTT_DIT/p:rsc
      Memory Component: ccs_in                       Size:         1 x 64
      External:         true                         Packing Mode: sidebyside
      Memory Map:
      Variable          Indices Phys Memory Address     
      ----------------- ------- -----------------------
      /inPlaceNTT_DIT/p    0:63 00000000-00000000 (0-0) 
      
    Resource Name: /inPlaceNTT_DIT/r:rsc
      Memory Component: ccs_in                       Size:         1 x 64
      External:         true                         Packing Mode: sidebyside
      Memory Map:
      Variable          Indices Phys Memory Address     
      ----------------- ------- -----------------------
      /inPlaceNTT_DIT/r    0:63 00000000-00000000 (0-0) 
      
  C++ to Interface Mappings
    C++ Field Interface Range Range Expression Expression Limits 
    --------- --------------- ---------------- -----------------
    
  Multi-Cycle (Combinational) Component Usage
    Instance Component Name Delay 
    -------- -------------- -----
    
  Loops
    Process              Loop                                       Iterations C-Steps Total Cycles   Duration  Unroll Init Comments 
    -------------------- ------------------------------------------ ---------- ------- ------------- ---------- ------ ---- --------
    /inPlaceNTT_DIT/core core:rlp                                     Infinite       0     606350 ?   12.13 ms                       
    /inPlaceNTT_DIT/core  main                                        Infinite       2     606350 ?   12.13 ms                       
    /inPlaceNTT_DIT/core   STAGE_LOOP                                        9       7     606348 ?   12.13 ms                       
    /inPlaceNTT_DIT/core    modExp:while                                     ?      25         25 ?  500.00 ns                       
    /inPlaceNTT_DIT/core    VEC_LOOP                                         ?       2      67340 ?    1.35 ms       2               
    /inPlaceNTT_DIT/core     VEC_LOOP-1:COMP_LOOP                          129     161      33669 ?  673.38 us       4               
    /inPlaceNTT_DIT/core      VEC_LOOP-1:COMP_LOOP-1:modExp#1:while          ?      25         25 ?  500.00 ns                       
    /inPlaceNTT_DIT/core      VEC_LOOP-1:COMP_LOOP-2:modExp#1:while          ?      25         25 ?  500.00 ns                       
    /inPlaceNTT_DIT/core      VEC_LOOP-1:COMP_LOOP-3:modExp#1:while          ?      25         25 ?  500.00 ns                       
    /inPlaceNTT_DIT/core      VEC_LOOP-1:COMP_LOOP-4:modExp#1:while          ?      25         25 ?  500.00 ns                       
    /inPlaceNTT_DIT/core     VEC_LOOP-2:COMP_LOOP                          129     161      33669 ?  673.38 us       4               
    /inPlaceNTT_DIT/core      VEC_LOOP-2:COMP_LOOP-1:modExp#1:while          ?      25         25 ?  500.00 ns                       
    /inPlaceNTT_DIT/core      VEC_LOOP-2:COMP_LOOP-2:modExp#1:while          ?      25         25 ?  500.00 ns                       
    /inPlaceNTT_DIT/core      VEC_LOOP-2:COMP_LOOP-3:modExp#1:while          ?      25         25 ?  500.00 ns                       
    /inPlaceNTT_DIT/core      VEC_LOOP-2:COMP_LOOP-4:modExp#1:while          ?      25         25 ?  500.00 ns                       
    
  Loop Execution Profile
    Process              Loop                                       Total Cycles % of Overall Design Cycles Throughput Cycles Comments 
    -------------------- ------------------------------------------ ------------ -------------------------- ----------------- --------
    /inPlaceNTT_DIT/core core:rlp                                           0 ?                        0.00         606350 ?           
    /inPlaceNTT_DIT/core  main                                              2 ?                        0.00         606350 ?           
    /inPlaceNTT_DIT/core   STAGE_LOOP                                      63 ?                        0.01         606348 ?           
    /inPlaceNTT_DIT/core    modExp:while                                  225 ?                        0.04            225 ?           
    /inPlaceNTT_DIT/core    VEC_LOOP                                       18 ?                        0.00         606060 ?           
    /inPlaceNTT_DIT/core     VEC_LOOP-1:COMP_LOOP                      186921 ?                       30.83         303021 ?           
    /inPlaceNTT_DIT/core      VEC_LOOP-1:COMP_LOOP-1:modExp#1:while     29025 ?                        4.79          29025 ?           
    /inPlaceNTT_DIT/core      VEC_LOOP-1:COMP_LOOP-2:modExp#1:while     29025 ?                        4.79          29025 ?           
    /inPlaceNTT_DIT/core      VEC_LOOP-1:COMP_LOOP-3:modExp#1:while     29025 ?                        4.79          29025 ?           
    /inPlaceNTT_DIT/core      VEC_LOOP-1:COMP_LOOP-4:modExp#1:while     29025 ?                        4.79          29025 ?           
    /inPlaceNTT_DIT/core     VEC_LOOP-2:COMP_LOOP                      186921 ?                       30.83         303021 ?           
    /inPlaceNTT_DIT/core      VEC_LOOP-2:COMP_LOOP-1:modExp#1:while     29025 ?                        4.79          29025 ?           
    /inPlaceNTT_DIT/core      VEC_LOOP-2:COMP_LOOP-2:modExp#1:while     29025 ?                        4.79          29025 ?           
    /inPlaceNTT_DIT/core      VEC_LOOP-2:COMP_LOOP-3:modExp#1:while     29025 ?                        4.79          29025 ?           
    /inPlaceNTT_DIT/core      VEC_LOOP-2:COMP_LOOP-4:modExp#1:while     29025 ?                        4.79          29025 ?           
    
  End of Report
