# //  ModelSim SE-64 10.6 Dec 13 2016Linux 3.10.0-1062.4.1.el7.x86_64
# //
# //  Copyright 1991-2016 Mentor Graphics Corporation
# //  All Rights Reserved.
# //
# //  ModelSim SE-64 and its associated documentation contain trade
# //  secrets and commercial or financial information that are the property of
# //  Mentor Graphics Corporation and are privileged, confidential,
# //  and exempt from disclosure under the Freedom of Information Act,
# //  5 U.S.C. Section 552. Furthermore, this information
# //  is prohibited from disclosure under the Trade Secrets Act,
# //  18 U.S.C. Section 1905.
# //
# vsim -i -t ps -wlf ./Catapult_2_1/peaseNTT.v29/scverify/concat_sim_rtl_v_msim/vsim.wlf -l ./Catapult_2_1/peaseNTT.v29/scverify/concat_sim_rtl_v_msim/sim.log -L ./Catapult_2_1/peaseNTT.v29/scverify/concat_sim_rtl_v_msim/work scverify_top_opt -do "do {./Catapult_2_1/peaseNTT.v29/scverify/concat_sim_rtl_v_msim/scverify_msim_wave.tcl}" 
# Start time: 09:46:52 on Sep 12,2021
# Loading /home/jd4691/research/NTT_CPU/peaseNTT_nocpy/Catapult_2_1/peaseNTT.v29/scverify/concat_sim_rtl_v_msim/work/_sc/linux_x86_64_gcc-5.3.0/systemc.so
# Loading /home/jd4691/research/NTT_CPU/peaseNTT_nocpy/Catapult_2_1/peaseNTT.v29/scverify/concat_sim_rtl_v_msim/work.scverify_top
# Info: CCS_CLK_CTOR: Clock 'clk' - Using default clock period '5 ns'
# Loading work.peaseNTT(fast)
# Loading work.BLOCK_2R1W_RBW(fast)
# Loading work.peaseNTT_Xilinx_RAMS_BLOCK_2R1W_RBW_rwport_en_7_4_32_16_16_32_1_gen(fast)
# Loading work.peaseNTT_Xilinx_RAMS_BLOCK_2R1W_RBW_rwport_en_8_4_32_16_16_32_1_gen(fast)
# Loading work.peaseNTT_Xilinx_RAMS_BLOCK_2R1W_RBW_rwport_en_9_4_32_16_16_32_1_gen(fast)
# Loading work.peaseNTT_Xilinx_RAMS_BLOCK_2R1W_RBW_rwport_en_10_4_32_16_16_32_1_gen(fast)
# Loading work.peaseNTT_Xilinx_RAMS_BLOCK_2R1W_RBW_rwport_en_11_4_32_16_16_32_1_gen(fast)
# Loading work.peaseNTT_Xilinx_RAMS_BLOCK_2R1W_RBW_rwport_en_12_4_32_16_16_32_1_gen(fast)
# Loading work.peaseNTT_Xilinx_RAMS_BLOCK_2R1W_RBW_rwport_en_13_4_32_16_16_32_1_gen(fast)
# Loading work.peaseNTT_Xilinx_RAMS_BLOCK_2R1W_RBW_rwport_en_14_4_32_16_16_32_1_gen(fast)
# Loading work.peaseNTT_Xilinx_RAMS_BLOCK_2R1W_RBW_rwport_en_15_4_32_16_16_32_1_gen(fast)
# Loading work.peaseNTT_Xilinx_RAMS_BLOCK_2R1W_RBW_rwport_en_16_4_32_16_16_32_1_gen(fast)
# Loading work.peaseNTT_Xilinx_RAMS_BLOCK_2R1W_RBW_rwport_en_17_4_32_16_16_32_1_gen(fast)
# Loading work.peaseNTT_Xilinx_RAMS_BLOCK_2R1W_RBW_rwport_en_18_4_32_16_16_32_1_gen(fast)
# Loading work.peaseNTT_Xilinx_RAMS_BLOCK_2R1W_RBW_rwport_en_19_4_32_16_16_32_1_gen(fast)
# Loading work.peaseNTT_Xilinx_RAMS_BLOCK_2R1W_RBW_rwport_en_20_4_32_16_16_32_1_gen(fast)
# Loading work.peaseNTT_Xilinx_RAMS_BLOCK_2R1W_RBW_rwport_en_21_4_32_16_16_32_1_gen(fast)
# Loading work.peaseNTT_Xilinx_RAMS_BLOCK_2R1W_RBW_rwport_en_22_4_32_16_16_32_1_gen(fast)
# Loading work.peaseNTT_Xilinx_RAMS_BLOCK_2R1W_RBW_rwport_en_23_4_32_16_16_32_1_gen(fast)
# Loading work.peaseNTT_Xilinx_RAMS_BLOCK_2R1W_RBW_rwport_en_24_4_32_16_16_32_1_gen(fast)
# Loading work.peaseNTT_Xilinx_RAMS_BLOCK_2R1W_RBW_rwport_en_25_4_32_16_16_32_1_gen(fast)
# Loading work.peaseNTT_Xilinx_RAMS_BLOCK_2R1W_RBW_rwport_en_26_4_32_16_16_32_1_gen(fast)
# Loading work.peaseNTT_Xilinx_RAMS_BLOCK_2R1W_RBW_rwport_en_27_4_32_16_16_32_1_gen(fast)
# Loading work.peaseNTT_Xilinx_RAMS_BLOCK_2R1W_RBW_rwport_en_28_4_32_16_16_32_1_gen(fast)
# Loading work.peaseNTT_Xilinx_RAMS_BLOCK_2R1W_RBW_rwport_en_29_4_32_16_16_32_1_gen(fast)
# Loading work.peaseNTT_Xilinx_RAMS_BLOCK_2R1W_RBW_rwport_en_30_4_32_16_16_32_1_gen(fast)
# Loading work.peaseNTT_Xilinx_RAMS_BLOCK_2R1W_RBW_rwport_en_31_4_32_16_16_32_1_gen(fast)
# Loading work.peaseNTT_Xilinx_RAMS_BLOCK_2R1W_RBW_rwport_en_32_4_32_16_16_32_1_gen(fast)
# Loading work.peaseNTT_Xilinx_RAMS_BLOCK_2R1W_RBW_rwport_en_33_4_32_16_16_32_1_gen(fast)
# Loading work.peaseNTT_Xilinx_RAMS_BLOCK_2R1W_RBW_rwport_en_34_4_32_16_16_32_1_gen(fast)
# Loading work.peaseNTT_Xilinx_RAMS_BLOCK_2R1W_RBW_rwport_en_35_4_32_16_16_32_1_gen(fast)
# Loading work.peaseNTT_Xilinx_RAMS_BLOCK_2R1W_RBW_rwport_en_36_4_32_16_16_32_1_gen(fast)
# Loading work.peaseNTT_Xilinx_RAMS_BLOCK_2R1W_RBW_rwport_en_37_4_32_16_16_32_1_gen(fast)
# Loading work.peaseNTT_Xilinx_RAMS_BLOCK_2R1W_RBW_rwport_en_38_4_32_16_16_32_1_gen(fast)
# Loading work.peaseNTT_Xilinx_RAMS_BLOCK_2R1W_RBW_rwport_en_39_4_32_16_16_32_1_gen(fast)
# Loading work.peaseNTT_Xilinx_RAMS_BLOCK_2R1W_RBW_rwport_en_40_4_32_16_16_32_1_gen(fast)
# Loading work.peaseNTT_Xilinx_RAMS_BLOCK_2R1W_RBW_rwport_en_41_4_32_16_16_32_1_gen(fast)
# Loading work.peaseNTT_Xilinx_RAMS_BLOCK_2R1W_RBW_rwport_en_42_4_32_16_16_32_1_gen(fast)
# Loading work.peaseNTT_Xilinx_RAMS_BLOCK_2R1W_RBW_rwport_en_43_4_32_16_16_32_1_gen(fast)
# Loading work.peaseNTT_Xilinx_RAMS_BLOCK_2R1W_RBW_rwport_en_44_4_32_16_16_32_1_gen(fast)
# Loading work.peaseNTT_Xilinx_RAMS_BLOCK_2R1W_RBW_rwport_en_45_4_32_16_16_32_1_gen(fast)
# Loading work.peaseNTT_Xilinx_RAMS_BLOCK_2R1W_RBW_rwport_en_46_4_32_16_16_32_1_gen(fast)
# Loading work.peaseNTT_Xilinx_RAMS_BLOCK_2R1W_RBW_rwport_en_47_4_32_16_16_32_1_gen(fast)
# Loading work.peaseNTT_Xilinx_RAMS_BLOCK_2R1W_RBW_rwport_en_48_4_32_16_16_32_1_gen(fast)
# Loading work.peaseNTT_Xilinx_RAMS_BLOCK_2R1W_RBW_rwport_en_49_4_32_16_16_32_1_gen(fast)
# Loading work.peaseNTT_Xilinx_RAMS_BLOCK_2R1W_RBW_rwport_en_50_4_32_16_16_32_1_gen(fast)
# Loading work.peaseNTT_Xilinx_RAMS_BLOCK_2R1W_RBW_rwport_en_51_4_32_16_16_32_1_gen(fast)
# Loading work.peaseNTT_Xilinx_RAMS_BLOCK_2R1W_RBW_rwport_en_52_4_32_16_16_32_1_gen(fast)
# Loading work.peaseNTT_Xilinx_RAMS_BLOCK_2R1W_RBW_rwport_en_53_4_32_16_16_32_1_gen(fast)
# Loading work.peaseNTT_Xilinx_RAMS_BLOCK_2R1W_RBW_rwport_en_54_4_32_16_16_32_1_gen(fast)
# Loading work.peaseNTT_Xilinx_RAMS_BLOCK_2R1W_RBW_rwport_en_55_4_32_16_16_32_1_gen(fast)
# Loading work.peaseNTT_Xilinx_RAMS_BLOCK_2R1W_RBW_rwport_en_56_4_32_16_16_32_1_gen(fast)
# Loading work.peaseNTT_Xilinx_RAMS_BLOCK_2R1W_RBW_rwport_en_57_4_32_16_16_32_1_gen(fast)
# Loading work.peaseNTT_Xilinx_RAMS_BLOCK_2R1W_RBW_rwport_en_58_4_32_16_16_32_1_gen(fast)
# Loading work.peaseNTT_Xilinx_RAMS_BLOCK_2R1W_RBW_rwport_en_59_4_32_16_16_32_1_gen(fast)
# Loading work.peaseNTT_Xilinx_RAMS_BLOCK_2R1W_RBW_rwport_en_60_4_32_16_16_32_1_gen(fast)
# Loading work.peaseNTT_Xilinx_RAMS_BLOCK_2R1W_RBW_rwport_en_61_4_32_16_16_32_1_gen(fast)
# Loading work.peaseNTT_Xilinx_RAMS_BLOCK_2R1W_RBW_rwport_en_62_4_32_16_16_32_1_gen(fast)
# Loading work.peaseNTT_Xilinx_RAMS_BLOCK_2R1W_RBW_rwport_en_63_4_32_16_16_32_1_gen(fast)
# Loading work.peaseNTT_Xilinx_RAMS_BLOCK_2R1W_RBW_rwport_en_64_4_32_16_16_32_1_gen(fast)
# Loading work.peaseNTT_Xilinx_RAMS_BLOCK_2R1W_RBW_rwport_en_65_4_32_16_16_32_1_gen(fast)
# Loading work.peaseNTT_Xilinx_RAMS_BLOCK_2R1W_RBW_rwport_en_66_4_32_16_16_32_1_gen(fast)
# Loading work.peaseNTT_Xilinx_RAMS_BLOCK_2R1W_RBW_rwport_en_67_4_32_16_16_32_1_gen(fast)
# Loading work.peaseNTT_Xilinx_RAMS_BLOCK_2R1W_RBW_rwport_en_68_4_32_16_16_32_1_gen(fast)
# Loading work.peaseNTT_Xilinx_RAMS_BLOCK_2R1W_RBW_rwport_en_69_4_32_16_16_32_1_gen(fast)
# Loading work.peaseNTT_Xilinx_RAMS_BLOCK_2R1W_RBW_rwport_en_70_4_32_16_16_32_1_gen(fast)
# Loading work.peaseNTT_Xilinx_RAMS_BLOCK_2R1W_RBW_rwport_71_4_32_16_16_32_1_gen(fast)
# Loading work.peaseNTT_Xilinx_RAMS_BLOCK_2R1W_RBW_rwport_72_4_32_16_16_32_1_gen(fast)
# Loading work.peaseNTT_Xilinx_RAMS_BLOCK_2R1W_RBW_rwport_73_4_32_16_16_32_1_gen(fast)
# Loading work.peaseNTT_Xilinx_RAMS_BLOCK_2R1W_RBW_rwport_74_4_32_16_16_32_1_gen(fast)
# Loading work.peaseNTT_Xilinx_RAMS_BLOCK_2R1W_RBW_rwport_75_4_32_16_16_32_1_gen(fast)
# Loading work.peaseNTT_Xilinx_RAMS_BLOCK_2R1W_RBW_rwport_76_4_32_16_16_32_1_gen(fast)
# Loading work.peaseNTT_Xilinx_RAMS_BLOCK_2R1W_RBW_rwport_77_4_32_16_16_32_1_gen(fast)
# Loading work.peaseNTT_Xilinx_RAMS_BLOCK_2R1W_RBW_rwport_78_4_32_16_16_32_1_gen(fast)
# Loading work.peaseNTT_Xilinx_RAMS_BLOCK_2R1W_RBW_rwport_79_4_32_16_16_32_1_gen(fast)
# Loading work.peaseNTT_Xilinx_RAMS_BLOCK_2R1W_RBW_rwport_80_4_32_16_16_32_1_gen(fast)
# Loading work.peaseNTT_Xilinx_RAMS_BLOCK_2R1W_RBW_rwport_81_4_32_16_16_32_1_gen(fast)
# Loading work.peaseNTT_Xilinx_RAMS_BLOCK_2R1W_RBW_rwport_82_4_32_16_16_32_1_gen(fast)
# Loading work.peaseNTT_Xilinx_RAMS_BLOCK_2R1W_RBW_rwport_83_4_32_16_16_32_1_gen(fast)
# Loading work.peaseNTT_Xilinx_RAMS_BLOCK_2R1W_RBW_rwport_84_4_32_16_16_32_1_gen(fast)
# Loading work.peaseNTT_Xilinx_RAMS_BLOCK_2R1W_RBW_rwport_85_4_32_16_16_32_1_gen(fast)
# Loading work.peaseNTT_Xilinx_RAMS_BLOCK_2R1W_RBW_rwport_86_4_32_16_16_32_1_gen(fast)
# Loading work.peaseNTT_Xilinx_RAMS_BLOCK_2R1W_RBW_rwport_87_4_32_16_16_32_1_gen(fast)
# Loading work.peaseNTT_Xilinx_RAMS_BLOCK_2R1W_RBW_rwport_88_4_32_16_16_32_1_gen(fast)
# Loading work.peaseNTT_Xilinx_RAMS_BLOCK_2R1W_RBW_rwport_89_4_32_16_16_32_1_gen(fast)
# Loading work.peaseNTT_Xilinx_RAMS_BLOCK_2R1W_RBW_rwport_90_4_32_16_16_32_1_gen(fast)
# Loading work.peaseNTT_Xilinx_RAMS_BLOCK_2R1W_RBW_rwport_91_4_32_16_16_32_1_gen(fast)
# Loading work.peaseNTT_Xilinx_RAMS_BLOCK_2R1W_RBW_rwport_92_4_32_16_16_32_1_gen(fast)
# Loading work.peaseNTT_Xilinx_RAMS_BLOCK_2R1W_RBW_rwport_93_4_32_16_16_32_1_gen(fast)
# Loading work.peaseNTT_Xilinx_RAMS_BLOCK_2R1W_RBW_rwport_94_4_32_16_16_32_1_gen(fast)
# Loading work.peaseNTT_Xilinx_RAMS_BLOCK_2R1W_RBW_rwport_95_4_32_16_16_32_1_gen(fast)
# Loading work.peaseNTT_Xilinx_RAMS_BLOCK_2R1W_RBW_rwport_96_4_32_16_16_32_1_gen(fast)
# Loading work.peaseNTT_Xilinx_RAMS_BLOCK_2R1W_RBW_rwport_97_4_32_16_16_32_1_gen(fast)
# Loading work.peaseNTT_Xilinx_RAMS_BLOCK_2R1W_RBW_rwport_98_4_32_16_16_32_1_gen(fast)
# Loading work.peaseNTT_Xilinx_RAMS_BLOCK_2R1W_RBW_rwport_99_4_32_16_16_32_1_gen(fast)
# Loading work.peaseNTT_Xilinx_RAMS_BLOCK_2R1W_RBW_rwport_100_4_32_16_16_32_1_gen(fast)
# Loading work.peaseNTT_Xilinx_RAMS_BLOCK_2R1W_RBW_rwport_101_4_32_16_16_32_1_gen(fast)
# Loading work.peaseNTT_Xilinx_RAMS_BLOCK_2R1W_RBW_rwport_102_4_32_16_16_32_1_gen(fast)
# Loading work.peaseNTT_Xilinx_RAMS_BLOCK_2R1W_RBW_rwport_103_4_32_16_16_32_1_gen(fast)
# Loading work.peaseNTT_Xilinx_RAMS_BLOCK_2R1W_RBW_rwport_104_4_32_16_16_32_1_gen(fast)
# Loading work.peaseNTT_Xilinx_RAMS_BLOCK_2R1W_RBW_rwport_105_4_32_16_16_32_1_gen(fast)
# Loading work.peaseNTT_Xilinx_RAMS_BLOCK_2R1W_RBW_rwport_106_4_32_16_16_32_1_gen(fast)
# Loading work.peaseNTT_Xilinx_RAMS_BLOCK_2R1W_RBW_rwport_107_4_32_16_16_32_1_gen(fast)
# Loading work.peaseNTT_Xilinx_RAMS_BLOCK_2R1W_RBW_rwport_108_4_32_16_16_32_1_gen(fast)
# Loading work.peaseNTT_Xilinx_RAMS_BLOCK_2R1W_RBW_rwport_109_4_32_16_16_32_1_gen(fast)
# Loading work.peaseNTT_Xilinx_RAMS_BLOCK_2R1W_RBW_rwport_110_4_32_16_16_32_1_gen(fast)
# Loading work.peaseNTT_Xilinx_RAMS_BLOCK_2R1W_RBW_rwport_111_4_32_16_16_32_1_gen(fast)
# Loading work.peaseNTT_Xilinx_RAMS_BLOCK_2R1W_RBW_rwport_112_4_32_16_16_32_1_gen(fast)
# Loading work.peaseNTT_Xilinx_RAMS_BLOCK_2R1W_RBW_rwport_113_4_32_16_16_32_1_gen(fast)
# Loading work.peaseNTT_Xilinx_RAMS_BLOCK_2R1W_RBW_rwport_114_4_32_16_16_32_1_gen(fast)
# Loading work.peaseNTT_Xilinx_RAMS_BLOCK_2R1W_RBW_rwport_115_4_32_16_16_32_1_gen(fast)
# Loading work.peaseNTT_Xilinx_RAMS_BLOCK_2R1W_RBW_rwport_116_4_32_16_16_32_1_gen(fast)
# Loading work.peaseNTT_Xilinx_RAMS_BLOCK_2R1W_RBW_rwport_117_4_32_16_16_32_1_gen(fast)
# Loading work.peaseNTT_Xilinx_RAMS_BLOCK_2R1W_RBW_rwport_118_4_32_16_16_32_1_gen(fast)
# Loading work.peaseNTT_Xilinx_RAMS_BLOCK_2R1W_RBW_rwport_119_4_32_16_16_32_1_gen(fast)
# Loading work.peaseNTT_Xilinx_RAMS_BLOCK_2R1W_RBW_rwport_120_4_32_16_16_32_1_gen(fast)
# Loading work.peaseNTT_Xilinx_RAMS_BLOCK_2R1W_RBW_rwport_121_4_32_16_16_32_1_gen(fast)
# Loading work.peaseNTT_Xilinx_RAMS_BLOCK_2R1W_RBW_rwport_122_4_32_16_16_32_1_gen(fast)
# Loading work.peaseNTT_Xilinx_RAMS_BLOCK_2R1W_RBW_rwport_123_4_32_16_16_32_1_gen(fast)
# Loading work.peaseNTT_Xilinx_RAMS_BLOCK_2R1W_RBW_rwport_124_4_32_16_16_32_1_gen(fast)
# Loading work.peaseNTT_Xilinx_RAMS_BLOCK_2R1W_RBW_rwport_125_4_32_16_16_32_1_gen(fast)
# Loading work.peaseNTT_Xilinx_RAMS_BLOCK_2R1W_RBW_rwport_126_4_32_16_16_32_1_gen(fast)
# Loading work.peaseNTT_Xilinx_RAMS_BLOCK_2R1W_RBW_rwport_127_4_32_16_16_32_1_gen(fast)
# Loading work.peaseNTT_Xilinx_RAMS_BLOCK_2R1W_RBW_rwport_128_4_32_16_16_32_1_gen(fast)
# Loading work.peaseNTT_Xilinx_RAMS_BLOCK_2R1W_RBW_rwport_129_4_32_16_16_32_1_gen(fast)
# Loading work.peaseNTT_Xilinx_RAMS_BLOCK_2R1W_RBW_rwport_130_4_32_16_16_32_1_gen(fast)
# Loading work.peaseNTT_Xilinx_RAMS_BLOCK_2R1W_RBW_rwport_131_4_32_16_16_32_1_gen(fast)
# Loading work.peaseNTT_Xilinx_RAMS_BLOCK_2R1W_RBW_rwport_132_4_32_16_16_32_1_gen(fast)
# Loading work.peaseNTT_Xilinx_RAMS_BLOCK_2R1W_RBW_rwport_133_4_32_16_16_32_1_gen(fast)
# Loading work.peaseNTT_Xilinx_RAMS_BLOCK_2R1W_RBW_rwport_134_4_32_16_16_32_1_gen(fast)
# Loading work.peaseNTT_core(fast)
# Loading work.ccs_in_v1(fast)
# Loading work.mgc_mul_pipe(fast)
# Loading work.mgc_mul_pipe(fast__1)
# Loading work.mgc_shift_bl_v5(fast)
# Loading work.mgc_shift_l_v5(fast)
# Loading work.peaseNTT_core_wait_dp(fast)
# Loading work.peaseNTT_core_xt_rsc_0_0_i_1(fast)
# Loading work.peaseNTT_core_xt_rsc_0_0_i_1_xt_rsc_0_0_wait_ctrl(fast)
# Loading work.peaseNTT_core_xt_rsc_0_0_i_1_xt_rsc_0_0_wait_dp(fast)
# Loading work.peaseNTT_core_xt_rsc_0_1_i_1(fast)
# Loading work.peaseNTT_core_xt_rsc_0_1_i_1_xt_rsc_0_1_wait_ctrl(fast)
# Loading work.peaseNTT_core_xt_rsc_0_1_i_1_xt_rsc_0_1_wait_dp(fast)
# Loading work.peaseNTT_core_xt_rsc_0_2_i_1(fast)
# Loading work.peaseNTT_core_xt_rsc_0_2_i_1_xt_rsc_0_2_wait_ctrl(fast)
# Loading work.peaseNTT_core_xt_rsc_0_2_i_1_xt_rsc_0_2_wait_dp(fast)
# Loading work.peaseNTT_core_xt_rsc_0_3_i_1(fast)
# Loading work.peaseNTT_core_xt_rsc_0_3_i_1_xt_rsc_0_3_wait_ctrl(fast)
# Loading work.peaseNTT_core_xt_rsc_0_3_i_1_xt_rsc_0_3_wait_dp(fast)
# Loading work.peaseNTT_core_xt_rsc_0_4_i_1(fast)
# Loading work.peaseNTT_core_xt_rsc_0_4_i_1_xt_rsc_0_4_wait_ctrl(fast)
# Loading work.peaseNTT_core_xt_rsc_0_4_i_1_xt_rsc_0_4_wait_dp(fast)
# Loading work.peaseNTT_core_xt_rsc_0_5_i_1(fast)
# Loading work.peaseNTT_core_xt_rsc_0_5_i_1_xt_rsc_0_5_wait_ctrl(fast)
# Loading work.peaseNTT_core_xt_rsc_0_5_i_1_xt_rsc_0_5_wait_dp(fast)
# Loading work.peaseNTT_core_xt_rsc_0_6_i_1(fast)
# Loading work.peaseNTT_core_xt_rsc_0_6_i_1_xt_rsc_0_6_wait_ctrl(fast)
# Loading work.peaseNTT_core_xt_rsc_0_6_i_1_xt_rsc_0_6_wait_dp(fast)
# Loading work.peaseNTT_core_xt_rsc_0_7_i_1(fast)
# Loading work.peaseNTT_core_xt_rsc_0_7_i_1_xt_rsc_0_7_wait_ctrl(fast)
# Loading work.peaseNTT_core_xt_rsc_0_7_i_1_xt_rsc_0_7_wait_dp(fast)
# Loading work.peaseNTT_core_xt_rsc_0_8_i_1(fast)
# Loading work.peaseNTT_core_xt_rsc_0_8_i_1_xt_rsc_0_8_wait_ctrl(fast)
# Loading work.peaseNTT_core_xt_rsc_0_8_i_1_xt_rsc_0_8_wait_dp(fast)
# Loading work.peaseNTT_core_xt_rsc_0_9_i_1(fast)
# Loading work.peaseNTT_core_xt_rsc_0_9_i_1_xt_rsc_0_9_wait_ctrl(fast)
# Loading work.peaseNTT_core_xt_rsc_0_9_i_1_xt_rsc_0_9_wait_dp(fast)
# Loading work.peaseNTT_core_xt_rsc_0_10_i_1(fast)
# Loading work.peaseNTT_core_xt_rsc_0_10_i_1_xt_rsc_0_10_wait_ctrl(fast)
# Loading work.peaseNTT_core_xt_rsc_0_10_i_1_xt_rsc_0_10_wait_dp(fast)
# Loading work.peaseNTT_core_xt_rsc_0_11_i_1(fast)
# Loading work.peaseNTT_core_xt_rsc_0_11_i_1_xt_rsc_0_11_wait_ctrl(fast)
# Loading work.peaseNTT_core_xt_rsc_0_11_i_1_xt_rsc_0_11_wait_dp(fast)
# Loading work.peaseNTT_core_xt_rsc_0_12_i_1(fast)
# Loading work.peaseNTT_core_xt_rsc_0_12_i_1_xt_rsc_0_12_wait_ctrl(fast)
# Loading work.peaseNTT_core_xt_rsc_0_12_i_1_xt_rsc_0_12_wait_dp(fast)
# Loading work.peaseNTT_core_xt_rsc_0_13_i_1(fast)
# Loading work.peaseNTT_core_xt_rsc_0_13_i_1_xt_rsc_0_13_wait_ctrl(fast)
# Loading work.peaseNTT_core_xt_rsc_0_13_i_1_xt_rsc_0_13_wait_dp(fast)
# Loading work.peaseNTT_core_xt_rsc_0_14_i_1(fast)
# Loading work.peaseNTT_core_xt_rsc_0_14_i_1_xt_rsc_0_14_wait_ctrl(fast)
# Loading work.peaseNTT_core_xt_rsc_0_14_i_1_xt_rsc_0_14_wait_dp(fast)
# Loading work.peaseNTT_core_xt_rsc_0_15_i_1(fast)
# Loading work.peaseNTT_core_xt_rsc_0_15_i_1_xt_rsc_0_15_wait_ctrl(fast)
# Loading work.peaseNTT_core_xt_rsc_0_15_i_1_xt_rsc_0_15_wait_dp(fast)
# Loading work.peaseNTT_core_xt_rsc_0_16_i_1(fast)
# Loading work.peaseNTT_core_xt_rsc_0_16_i_1_xt_rsc_0_16_wait_ctrl(fast)
# Loading work.peaseNTT_core_xt_rsc_0_16_i_1_xt_rsc_0_16_wait_dp(fast)
# Loading work.peaseNTT_core_xt_rsc_0_17_i_1(fast)
# Loading work.peaseNTT_core_xt_rsc_0_17_i_1_xt_rsc_0_17_wait_ctrl(fast)
# Loading work.peaseNTT_core_xt_rsc_0_17_i_1_xt_rsc_0_17_wait_dp(fast)
# Loading work.peaseNTT_core_xt_rsc_0_18_i_1(fast)
# Loading work.peaseNTT_core_xt_rsc_0_18_i_1_xt_rsc_0_18_wait_ctrl(fast)
# Loading work.peaseNTT_core_xt_rsc_0_18_i_1_xt_rsc_0_18_wait_dp(fast)
# Loading work.peaseNTT_core_xt_rsc_0_19_i_1(fast)
# Loading work.peaseNTT_core_xt_rsc_0_19_i_1_xt_rsc_0_19_wait_ctrl(fast)
# Loading work.peaseNTT_core_xt_rsc_0_19_i_1_xt_rsc_0_19_wait_dp(fast)
# Loading work.peaseNTT_core_xt_rsc_0_20_i_1(fast)
# Loading work.peaseNTT_core_xt_rsc_0_20_i_1_xt_rsc_0_20_wait_ctrl(fast)
# Loading work.peaseNTT_core_xt_rsc_0_20_i_1_xt_rsc_0_20_wait_dp(fast)
# Loading work.peaseNTT_core_xt_rsc_0_21_i_1(fast)
# Loading work.peaseNTT_core_xt_rsc_0_21_i_1_xt_rsc_0_21_wait_ctrl(fast)
# Loading work.peaseNTT_core_xt_rsc_0_21_i_1_xt_rsc_0_21_wait_dp(fast)
# Loading work.peaseNTT_core_xt_rsc_0_22_i_1(fast)
# Loading work.peaseNTT_core_xt_rsc_0_22_i_1_xt_rsc_0_22_wait_ctrl(fast)
# Loading work.peaseNTT_core_xt_rsc_0_22_i_1_xt_rsc_0_22_wait_dp(fast)
# Loading work.peaseNTT_core_xt_rsc_0_23_i_1(fast)
# Loading work.peaseNTT_core_xt_rsc_0_23_i_1_xt_rsc_0_23_wait_ctrl(fast)
# Loading work.peaseNTT_core_xt_rsc_0_23_i_1_xt_rsc_0_23_wait_dp(fast)
# Loading work.peaseNTT_core_xt_rsc_0_24_i_1(fast)
# Loading work.peaseNTT_core_xt_rsc_0_24_i_1_xt_rsc_0_24_wait_ctrl(fast)
# Loading work.peaseNTT_core_xt_rsc_0_24_i_1_xt_rsc_0_24_wait_dp(fast)
# Loading work.peaseNTT_core_xt_rsc_0_25_i_1(fast)
# Loading work.peaseNTT_core_xt_rsc_0_25_i_1_xt_rsc_0_25_wait_ctrl(fast)
# Loading work.peaseNTT_core_xt_rsc_0_25_i_1_xt_rsc_0_25_wait_dp(fast)
# Loading work.peaseNTT_core_xt_rsc_0_26_i_1(fast)
# Loading work.peaseNTT_core_xt_rsc_0_26_i_1_xt_rsc_0_26_wait_ctrl(fast)
# Loading work.peaseNTT_core_xt_rsc_0_26_i_1_xt_rsc_0_26_wait_dp(fast)
# Loading work.peaseNTT_core_xt_rsc_0_27_i_1(fast)
# Loading work.peaseNTT_core_xt_rsc_0_27_i_1_xt_rsc_0_27_wait_ctrl(fast)
# Loading work.peaseNTT_core_xt_rsc_0_27_i_1_xt_rsc_0_27_wait_dp(fast)
# Loading work.peaseNTT_core_xt_rsc_0_28_i_1(fast)
# Loading work.peaseNTT_core_xt_rsc_0_28_i_1_xt_rsc_0_28_wait_ctrl(fast)
# Loading work.peaseNTT_core_xt_rsc_0_28_i_1_xt_rsc_0_28_wait_dp(fast)
# Loading work.peaseNTT_core_xt_rsc_0_29_i_1(fast)
# Loading work.peaseNTT_core_xt_rsc_0_29_i_1_xt_rsc_0_29_wait_ctrl(fast)
# Loading work.peaseNTT_core_xt_rsc_0_29_i_1_xt_rsc_0_29_wait_dp(fast)
# Loading work.peaseNTT_core_xt_rsc_0_30_i_1(fast)
# Loading work.peaseNTT_core_xt_rsc_0_30_i_1_xt_rsc_0_30_wait_ctrl(fast)
# Loading work.peaseNTT_core_xt_rsc_0_30_i_1_xt_rsc_0_30_wait_dp(fast)
# Loading work.peaseNTT_core_xt_rsc_0_31_i_1(fast)
# Loading work.peaseNTT_core_xt_rsc_0_31_i_1_xt_rsc_0_31_wait_ctrl(fast)
# Loading work.peaseNTT_core_xt_rsc_0_31_i_1_xt_rsc_0_31_wait_dp(fast)
# Loading work.peaseNTT_core_xt_rsc_1_0_i_1(fast)
# Loading work.peaseNTT_core_xt_rsc_1_0_i_1_xt_rsc_1_0_wait_ctrl(fast)
# Loading work.peaseNTT_core_xt_rsc_1_0_i_1_xt_rsc_1_0_wait_dp(fast)
# Loading work.peaseNTT_core_xt_rsc_1_1_i_1(fast)
# Loading work.peaseNTT_core_xt_rsc_1_1_i_1_xt_rsc_1_1_wait_ctrl(fast)
# Loading work.peaseNTT_core_xt_rsc_1_1_i_1_xt_rsc_1_1_wait_dp(fast)
# Loading work.peaseNTT_core_xt_rsc_1_2_i_1(fast)
# Loading work.peaseNTT_core_xt_rsc_1_2_i_1_xt_rsc_1_2_wait_ctrl(fast)
# Loading work.peaseNTT_core_xt_rsc_1_2_i_1_xt_rsc_1_2_wait_dp(fast)
# Loading work.peaseNTT_core_xt_rsc_1_3_i_1(fast)
# Loading work.peaseNTT_core_xt_rsc_1_3_i_1_xt_rsc_1_3_wait_ctrl(fast)
# Loading work.peaseNTT_core_xt_rsc_1_3_i_1_xt_rsc_1_3_wait_dp(fast)
# Loading work.peaseNTT_core_xt_rsc_1_4_i_1(fast)
# Loading work.peaseNTT_core_xt_rsc_1_4_i_1_xt_rsc_1_4_wait_ctrl(fast)
# Loading work.peaseNTT_core_xt_rsc_1_4_i_1_xt_rsc_1_4_wait_dp(fast)
# Loading work.peaseNTT_core_xt_rsc_1_5_i_1(fast)
# Loading work.peaseNTT_core_xt_rsc_1_5_i_1_xt_rsc_1_5_wait_ctrl(fast)
# Loading work.peaseNTT_core_xt_rsc_1_5_i_1_xt_rsc_1_5_wait_dp(fast)
# Loading work.peaseNTT_core_xt_rsc_1_6_i_1(fast)
# Loading work.peaseNTT_core_xt_rsc_1_6_i_1_xt_rsc_1_6_wait_ctrl(fast)
# Loading work.peaseNTT_core_xt_rsc_1_6_i_1_xt_rsc_1_6_wait_dp(fast)
# Loading work.peaseNTT_core_xt_rsc_1_7_i_1(fast)
# Loading work.peaseNTT_core_xt_rsc_1_7_i_1_xt_rsc_1_7_wait_ctrl(fast)
# Loading work.peaseNTT_core_xt_rsc_1_7_i_1_xt_rsc_1_7_wait_dp(fast)
# Loading work.peaseNTT_core_xt_rsc_1_8_i_1(fast)
# Loading work.peaseNTT_core_xt_rsc_1_8_i_1_xt_rsc_1_8_wait_ctrl(fast)
# Loading work.peaseNTT_core_xt_rsc_1_8_i_1_xt_rsc_1_8_wait_dp(fast)
# Loading work.peaseNTT_core_xt_rsc_1_9_i_1(fast)
# Loading work.peaseNTT_core_xt_rsc_1_9_i_1_xt_rsc_1_9_wait_ctrl(fast)
# Loading work.peaseNTT_core_xt_rsc_1_9_i_1_xt_rsc_1_9_wait_dp(fast)
# Loading work.peaseNTT_core_xt_rsc_1_10_i_1(fast)
# Loading work.peaseNTT_core_xt_rsc_1_10_i_1_xt_rsc_1_10_wait_ctrl(fast)
# Loading work.peaseNTT_core_xt_rsc_1_10_i_1_xt_rsc_1_10_wait_dp(fast)
# Loading work.peaseNTT_core_xt_rsc_1_11_i_1(fast)
# Loading work.peaseNTT_core_xt_rsc_1_11_i_1_xt_rsc_1_11_wait_ctrl(fast)
# Loading work.peaseNTT_core_xt_rsc_1_11_i_1_xt_rsc_1_11_wait_dp(fast)
# Loading work.peaseNTT_core_xt_rsc_1_12_i_1(fast)
# Loading work.peaseNTT_core_xt_rsc_1_12_i_1_xt_rsc_1_12_wait_ctrl(fast)
# Loading work.peaseNTT_core_xt_rsc_1_12_i_1_xt_rsc_1_12_wait_dp(fast)
# Loading work.peaseNTT_core_xt_rsc_1_13_i_1(fast)
# Loading work.peaseNTT_core_xt_rsc_1_13_i_1_xt_rsc_1_13_wait_ctrl(fast)
# Loading work.peaseNTT_core_xt_rsc_1_13_i_1_xt_rsc_1_13_wait_dp(fast)
# Loading work.peaseNTT_core_xt_rsc_1_14_i_1(fast)
# Loading work.peaseNTT_core_xt_rsc_1_14_i_1_xt_rsc_1_14_wait_ctrl(fast)
# Loading work.peaseNTT_core_xt_rsc_1_14_i_1_xt_rsc_1_14_wait_dp(fast)
# Loading work.peaseNTT_core_xt_rsc_1_15_i_1(fast)
# Loading work.peaseNTT_core_xt_rsc_1_15_i_1_xt_rsc_1_15_wait_ctrl(fast)
# Loading work.peaseNTT_core_xt_rsc_1_15_i_1_xt_rsc_1_15_wait_dp(fast)
# Loading work.peaseNTT_core_xt_rsc_1_16_i_1(fast)
# Loading work.peaseNTT_core_xt_rsc_1_16_i_1_xt_rsc_1_16_wait_ctrl(fast)
# Loading work.peaseNTT_core_xt_rsc_1_16_i_1_xt_rsc_1_16_wait_dp(fast)
# Loading work.peaseNTT_core_xt_rsc_1_17_i_1(fast)
# Loading work.peaseNTT_core_xt_rsc_1_17_i_1_xt_rsc_1_17_wait_ctrl(fast)
# Loading work.peaseNTT_core_xt_rsc_1_17_i_1_xt_rsc_1_17_wait_dp(fast)
# Loading work.peaseNTT_core_xt_rsc_1_18_i_1(fast)
# Loading work.peaseNTT_core_xt_rsc_1_18_i_1_xt_rsc_1_18_wait_ctrl(fast)
# Loading work.peaseNTT_core_xt_rsc_1_18_i_1_xt_rsc_1_18_wait_dp(fast)
# Loading work.peaseNTT_core_xt_rsc_1_19_i_1(fast)
# Loading work.peaseNTT_core_xt_rsc_1_19_i_1_xt_rsc_1_19_wait_ctrl(fast)
# Loading work.peaseNTT_core_xt_rsc_1_19_i_1_xt_rsc_1_19_wait_dp(fast)
# Loading work.peaseNTT_core_xt_rsc_1_20_i_1(fast)
# Loading work.peaseNTT_core_xt_rsc_1_20_i_1_xt_rsc_1_20_wait_ctrl(fast)
# Loading work.peaseNTT_core_xt_rsc_1_20_i_1_xt_rsc_1_20_wait_dp(fast)
# Loading work.peaseNTT_core_xt_rsc_1_21_i_1(fast)
# Loading work.peaseNTT_core_xt_rsc_1_21_i_1_xt_rsc_1_21_wait_ctrl(fast)
# Loading work.peaseNTT_core_xt_rsc_1_21_i_1_xt_rsc_1_21_wait_dp(fast)
# Loading work.peaseNTT_core_xt_rsc_1_22_i_1(fast)
# Loading work.peaseNTT_core_xt_rsc_1_22_i_1_xt_rsc_1_22_wait_ctrl(fast)
# Loading work.peaseNTT_core_xt_rsc_1_22_i_1_xt_rsc_1_22_wait_dp(fast)
# Loading work.peaseNTT_core_xt_rsc_1_23_i_1(fast)
# Loading work.peaseNTT_core_xt_rsc_1_23_i_1_xt_rsc_1_23_wait_ctrl(fast)
# Loading work.peaseNTT_core_xt_rsc_1_23_i_1_xt_rsc_1_23_wait_dp(fast)
# Loading work.peaseNTT_core_xt_rsc_1_24_i_1(fast)
# Loading work.peaseNTT_core_xt_rsc_1_24_i_1_xt_rsc_1_24_wait_ctrl(fast)
# Loading work.peaseNTT_core_xt_rsc_1_24_i_1_xt_rsc_1_24_wait_dp(fast)
# Loading work.peaseNTT_core_xt_rsc_1_25_i_1(fast)
# Loading work.peaseNTT_core_xt_rsc_1_25_i_1_xt_rsc_1_25_wait_ctrl(fast)
# Loading work.peaseNTT_core_xt_rsc_1_25_i_1_xt_rsc_1_25_wait_dp(fast)
# Loading work.peaseNTT_core_xt_rsc_1_26_i_1(fast)
# Loading work.peaseNTT_core_xt_rsc_1_26_i_1_xt_rsc_1_26_wait_ctrl(fast)
# Loading work.peaseNTT_core_xt_rsc_1_26_i_1_xt_rsc_1_26_wait_dp(fast)
# Loading work.peaseNTT_core_xt_rsc_1_27_i_1(fast)
# Loading work.peaseNTT_core_xt_rsc_1_27_i_1_xt_rsc_1_27_wait_ctrl(fast)
# Loading work.peaseNTT_core_xt_rsc_1_27_i_1_xt_rsc_1_27_wait_dp(fast)
# Loading work.peaseNTT_core_xt_rsc_1_28_i_1(fast)
# Loading work.peaseNTT_core_xt_rsc_1_28_i_1_xt_rsc_1_28_wait_ctrl(fast)
# Loading work.peaseNTT_core_xt_rsc_1_28_i_1_xt_rsc_1_28_wait_dp(fast)
# Loading work.peaseNTT_core_xt_rsc_1_29_i_1(fast)
# Loading work.peaseNTT_core_xt_rsc_1_29_i_1_xt_rsc_1_29_wait_ctrl(fast)
# Loading work.peaseNTT_core_xt_rsc_1_29_i_1_xt_rsc_1_29_wait_dp(fast)
# Loading work.peaseNTT_core_xt_rsc_1_30_i_1(fast)
# Loading work.peaseNTT_core_xt_rsc_1_30_i_1_xt_rsc_1_30_wait_ctrl(fast)
# Loading work.peaseNTT_core_xt_rsc_1_30_i_1_xt_rsc_1_30_wait_dp(fast)
# Loading work.peaseNTT_core_xt_rsc_1_31_i_1(fast)
# Loading work.peaseNTT_core_xt_rsc_1_31_i_1_xt_rsc_1_31_wait_ctrl(fast)
# Loading work.peaseNTT_core_xt_rsc_1_31_i_1_xt_rsc_1_31_wait_dp(fast)
# Loading work.peaseNTT_core_twiddle_rsc_0_0_i(fast)
# Loading work.ccs_axi4_slave_mem(fast)
# Loading work.peaseNTT_core_twiddle_rsc_0_0_i_twiddle_rsc_0_0_wait_ctrl(fast)
# Loading work.peaseNTT_core_twiddle_rsc_0_0_i_twiddle_rsc_0_0_wait_dp(fast)
# Loading work.peaseNTT_core_twiddle_rsc_0_1_i(fast)
# Loading work.peaseNTT_core_twiddle_rsc_0_1_i_twiddle_rsc_0_1_wait_ctrl(fast)
# Loading work.peaseNTT_core_twiddle_rsc_0_1_i_twiddle_rsc_0_1_wait_dp(fast)
# Loading work.peaseNTT_core_twiddle_rsc_0_2_i(fast)
# Loading work.peaseNTT_core_twiddle_rsc_0_2_i_twiddle_rsc_0_2_wait_ctrl(fast)
# Loading work.peaseNTT_core_twiddle_rsc_0_2_i_twiddle_rsc_0_2_wait_dp(fast)
# Loading work.peaseNTT_core_twiddle_rsc_0_3_i(fast)
# Loading work.peaseNTT_core_twiddle_rsc_0_3_i_twiddle_rsc_0_3_wait_ctrl(fast)
# Loading work.peaseNTT_core_twiddle_rsc_0_3_i_twiddle_rsc_0_3_wait_dp(fast)
# Loading work.peaseNTT_core_twiddle_rsc_0_4_i(fast)
# Loading work.peaseNTT_core_twiddle_rsc_0_4_i_twiddle_rsc_0_4_wait_ctrl(fast)
# Loading work.peaseNTT_core_twiddle_rsc_0_4_i_twiddle_rsc_0_4_wait_dp(fast)
# Loading work.peaseNTT_core_twiddle_rsc_0_5_i(fast)
# Loading work.peaseNTT_core_twiddle_rsc_0_5_i_twiddle_rsc_0_5_wait_ctrl(fast)
# Loading work.peaseNTT_core_twiddle_rsc_0_5_i_twiddle_rsc_0_5_wait_dp(fast)
# Loading work.peaseNTT_core_twiddle_rsc_0_6_i(fast)
# Loading work.peaseNTT_core_twiddle_rsc_0_6_i_twiddle_rsc_0_6_wait_ctrl(fast)
# Loading work.peaseNTT_core_twiddle_rsc_0_6_i_twiddle_rsc_0_6_wait_dp(fast)
# Loading work.peaseNTT_core_twiddle_rsc_0_7_i(fast)
# Loading work.peaseNTT_core_twiddle_rsc_0_7_i_twiddle_rsc_0_7_wait_ctrl(fast)
# Loading work.peaseNTT_core_twiddle_rsc_0_7_i_twiddle_rsc_0_7_wait_dp(fast)
# Loading work.peaseNTT_core_twiddle_rsc_0_8_i(fast)
# Loading work.peaseNTT_core_twiddle_rsc_0_8_i_twiddle_rsc_0_8_wait_ctrl(fast)
# Loading work.peaseNTT_core_twiddle_rsc_0_8_i_twiddle_rsc_0_8_wait_dp(fast)
# Loading work.peaseNTT_core_twiddle_rsc_0_9_i(fast)
# Loading work.peaseNTT_core_twiddle_rsc_0_9_i_twiddle_rsc_0_9_wait_ctrl(fast)
# Loading work.peaseNTT_core_twiddle_rsc_0_9_i_twiddle_rsc_0_9_wait_dp(fast)
# Loading work.peaseNTT_core_twiddle_rsc_0_10_i(fast)
# Loading work.peaseNTT_core_twiddle_rsc_0_10_i_twiddle_rsc_0_10_wait_ctrl(fast)
# Loading work.peaseNTT_core_twiddle_rsc_0_10_i_twiddle_rsc_0_10_wait_dp(fast)
# Loading work.peaseNTT_core_twiddle_rsc_0_11_i(fast)
# Loading work.peaseNTT_core_twiddle_rsc_0_11_i_twiddle_rsc_0_11_wait_ctrl(fast)
# Loading work.peaseNTT_core_twiddle_rsc_0_11_i_twiddle_rsc_0_11_wait_dp(fast)
# Loading work.peaseNTT_core_twiddle_rsc_0_12_i(fast)
# Loading work.peaseNTT_core_twiddle_rsc_0_12_i_twiddle_rsc_0_12_wait_ctrl(fast)
# Loading work.peaseNTT_core_twiddle_rsc_0_12_i_twiddle_rsc_0_12_wait_dp(fast)
# Loading work.peaseNTT_core_twiddle_rsc_0_13_i(fast)
# Loading work.peaseNTT_core_twiddle_rsc_0_13_i_twiddle_rsc_0_13_wait_ctrl(fast)
# Loading work.peaseNTT_core_twiddle_rsc_0_13_i_twiddle_rsc_0_13_wait_dp(fast)
# Loading work.peaseNTT_core_twiddle_rsc_0_14_i(fast)
# Loading work.peaseNTT_core_twiddle_rsc_0_14_i_twiddle_rsc_0_14_wait_ctrl(fast)
# Loading work.peaseNTT_core_twiddle_rsc_0_14_i_twiddle_rsc_0_14_wait_dp(fast)
# Loading work.peaseNTT_core_twiddle_rsc_0_15_i(fast)
# Loading work.peaseNTT_core_twiddle_rsc_0_15_i_twiddle_rsc_0_15_wait_ctrl(fast)
# Loading work.peaseNTT_core_twiddle_rsc_0_15_i_twiddle_rsc_0_15_wait_dp(fast)
# Loading work.peaseNTT_core_twiddle_h_rsc_0_0_i(fast)
# Loading work.peaseNTT_core_twiddle_h_rsc_0_0_i_twiddle_h_rsc_0_0_wait_ctrl(fast)
# Loading work.peaseNTT_core_twiddle_h_rsc_0_0_i_twiddle_h_rsc_0_0_wait_dp(fast)
# Loading work.peaseNTT_core_twiddle_h_rsc_0_1_i(fast)
# Loading work.peaseNTT_core_twiddle_h_rsc_0_1_i_twiddle_h_rsc_0_1_wait_ctrl(fast)
# Loading work.peaseNTT_core_twiddle_h_rsc_0_1_i_twiddle_h_rsc_0_1_wait_dp(fast)
# Loading work.peaseNTT_core_twiddle_h_rsc_0_2_i(fast)
# Loading work.peaseNTT_core_twiddle_h_rsc_0_2_i_twiddle_h_rsc_0_2_wait_ctrl(fast)
# Loading work.peaseNTT_core_twiddle_h_rsc_0_2_i_twiddle_h_rsc_0_2_wait_dp(fast)
# Loading work.peaseNTT_core_twiddle_h_rsc_0_3_i(fast)
# Loading work.peaseNTT_core_twiddle_h_rsc_0_3_i_twiddle_h_rsc_0_3_wait_ctrl(fast)
# Loading work.peaseNTT_core_twiddle_h_rsc_0_3_i_twiddle_h_rsc_0_3_wait_dp(fast)
# Loading work.peaseNTT_core_twiddle_h_rsc_0_4_i(fast)
# Loading work.peaseNTT_core_twiddle_h_rsc_0_4_i_twiddle_h_rsc_0_4_wait_ctrl(fast)
# Loading work.peaseNTT_core_twiddle_h_rsc_0_4_i_twiddle_h_rsc_0_4_wait_dp(fast)
# Loading work.peaseNTT_core_twiddle_h_rsc_0_5_i(fast)
# Loading work.peaseNTT_core_twiddle_h_rsc_0_5_i_twiddle_h_rsc_0_5_wait_ctrl(fast)
# Loading work.peaseNTT_core_twiddle_h_rsc_0_5_i_twiddle_h_rsc_0_5_wait_dp(fast)
# Loading work.peaseNTT_core_twiddle_h_rsc_0_6_i(fast)
# Loading work.peaseNTT_core_twiddle_h_rsc_0_6_i_twiddle_h_rsc_0_6_wait_ctrl(fast)
# Loading work.peaseNTT_core_twiddle_h_rsc_0_6_i_twiddle_h_rsc_0_6_wait_dp(fast)
# Loading work.peaseNTT_core_twiddle_h_rsc_0_7_i(fast)
# Loading work.peaseNTT_core_twiddle_h_rsc_0_7_i_twiddle_h_rsc_0_7_wait_ctrl(fast)
# Loading work.peaseNTT_core_twiddle_h_rsc_0_7_i_twiddle_h_rsc_0_7_wait_dp(fast)
# Loading work.peaseNTT_core_twiddle_h_rsc_0_8_i(fast)
# Loading work.peaseNTT_core_twiddle_h_rsc_0_8_i_twiddle_h_rsc_0_8_wait_ctrl(fast)
# Loading work.peaseNTT_core_twiddle_h_rsc_0_8_i_twiddle_h_rsc_0_8_wait_dp(fast)
# Loading work.peaseNTT_core_twiddle_h_rsc_0_9_i(fast)
# Loading work.peaseNTT_core_twiddle_h_rsc_0_9_i_twiddle_h_rsc_0_9_wait_ctrl(fast)
# Loading work.peaseNTT_core_twiddle_h_rsc_0_9_i_twiddle_h_rsc_0_9_wait_dp(fast)
# Loading work.peaseNTT_core_twiddle_h_rsc_0_10_i(fast)
# Loading work.peaseNTT_core_twiddle_h_rsc_0_10_i_twiddle_h_rsc_0_10_wait_ctrl(fast)
# Loading work.peaseNTT_core_twiddle_h_rsc_0_10_i_twiddle_h_rsc_0_10_wait_dp(fast)
# Loading work.peaseNTT_core_twiddle_h_rsc_0_11_i(fast)
# Loading work.peaseNTT_core_twiddle_h_rsc_0_11_i_twiddle_h_rsc_0_11_wait_ctrl(fast)
# Loading work.peaseNTT_core_twiddle_h_rsc_0_11_i_twiddle_h_rsc_0_11_wait_dp(fast)
# Loading work.peaseNTT_core_twiddle_h_rsc_0_12_i(fast)
# Loading work.peaseNTT_core_twiddle_h_rsc_0_12_i_twiddle_h_rsc_0_12_wait_ctrl(fast)
# Loading work.peaseNTT_core_twiddle_h_rsc_0_12_i_twiddle_h_rsc_0_12_wait_dp(fast)
# Loading work.peaseNTT_core_twiddle_h_rsc_0_13_i(fast)
# Loading work.peaseNTT_core_twiddle_h_rsc_0_13_i_twiddle_h_rsc_0_13_wait_ctrl(fast)
# Loading work.peaseNTT_core_twiddle_h_rsc_0_13_i_twiddle_h_rsc_0_13_wait_dp(fast)
# Loading work.peaseNTT_core_twiddle_h_rsc_0_14_i(fast)
# Loading work.peaseNTT_core_twiddle_h_rsc_0_14_i_twiddle_h_rsc_0_14_wait_ctrl(fast)
# Loading work.peaseNTT_core_twiddle_h_rsc_0_14_i_twiddle_h_rsc_0_14_wait_dp(fast)
# Loading work.peaseNTT_core_twiddle_h_rsc_0_15_i(fast)
# Loading work.peaseNTT_core_twiddle_h_rsc_0_15_i_twiddle_h_rsc_0_15_wait_ctrl(fast)
# Loading work.peaseNTT_core_twiddle_h_rsc_0_15_i_twiddle_h_rsc_0_15_wait_dp(fast)
# Loading work.peaseNTT_core_xt_rsc_triosy_1_31_obj(fast)
# Loading work.mgc_io_sync_v2(fast)
# Loading work.peaseNTT_core_xt_rsc_triosy_1_31_obj_xt_rsc_triosy_1_31_wait_ctrl(fast)
# Loading work.peaseNTT_core_xt_rsc_triosy_1_30_obj(fast)
# Loading work.peaseNTT_core_xt_rsc_triosy_1_30_obj_xt_rsc_triosy_1_30_wait_ctrl(fast)
# Loading work.peaseNTT_core_xt_rsc_triosy_1_29_obj(fast)
# Loading work.peaseNTT_core_xt_rsc_triosy_1_29_obj_xt_rsc_triosy_1_29_wait_ctrl(fast)
# Loading work.peaseNTT_core_xt_rsc_triosy_1_28_obj(fast)
# Loading work.peaseNTT_core_xt_rsc_triosy_1_28_obj_xt_rsc_triosy_1_28_wait_ctrl(fast)
# Loading work.peaseNTT_core_xt_rsc_triosy_1_27_obj(fast)
# Loading work.peaseNTT_core_xt_rsc_triosy_1_27_obj_xt_rsc_triosy_1_27_wait_ctrl(fast)
# Loading work.peaseNTT_core_xt_rsc_triosy_1_26_obj(fast)
# Loading work.peaseNTT_core_xt_rsc_triosy_1_26_obj_xt_rsc_triosy_1_26_wait_ctrl(fast)
# Loading work.peaseNTT_core_xt_rsc_triosy_1_25_obj(fast)
# Loading work.peaseNTT_core_xt_rsc_triosy_1_25_obj_xt_rsc_triosy_1_25_wait_ctrl(fast)
# Loading work.peaseNTT_core_xt_rsc_triosy_1_24_obj(fast)
# Loading work.peaseNTT_core_xt_rsc_triosy_1_24_obj_xt_rsc_triosy_1_24_wait_ctrl(fast)
# Loading work.peaseNTT_core_xt_rsc_triosy_1_23_obj(fast)
# Loading work.peaseNTT_core_xt_rsc_triosy_1_23_obj_xt_rsc_triosy_1_23_wait_ctrl(fast)
# Loading work.peaseNTT_core_xt_rsc_triosy_1_22_obj(fast)
# Loading work.peaseNTT_core_xt_rsc_triosy_1_22_obj_xt_rsc_triosy_1_22_wait_ctrl(fast)
# Loading work.peaseNTT_core_xt_rsc_triosy_1_21_obj(fast)
# Loading work.peaseNTT_core_xt_rsc_triosy_1_21_obj_xt_rsc_triosy_1_21_wait_ctrl(fast)
# Loading work.peaseNTT_core_xt_rsc_triosy_1_20_obj(fast)
# Loading work.peaseNTT_core_xt_rsc_triosy_1_20_obj_xt_rsc_triosy_1_20_wait_ctrl(fast)
# Loading work.peaseNTT_core_xt_rsc_triosy_1_19_obj(fast)
# Loading work.peaseNTT_core_xt_rsc_triosy_1_19_obj_xt_rsc_triosy_1_19_wait_ctrl(fast)
# Loading work.peaseNTT_core_xt_rsc_triosy_1_18_obj(fast)
# Loading work.peaseNTT_core_xt_rsc_triosy_1_18_obj_xt_rsc_triosy_1_18_wait_ctrl(fast)
# Loading work.peaseNTT_core_xt_rsc_triosy_1_17_obj(fast)
# Loading work.peaseNTT_core_xt_rsc_triosy_1_17_obj_xt_rsc_triosy_1_17_wait_ctrl(fast)
# Loading work.peaseNTT_core_xt_rsc_triosy_1_16_obj(fast)
# Loading work.peaseNTT_core_xt_rsc_triosy_1_16_obj_xt_rsc_triosy_1_16_wait_ctrl(fast)
# Loading work.peaseNTT_core_xt_rsc_triosy_1_15_obj(fast)
# Loading work.peaseNTT_core_xt_rsc_triosy_1_15_obj_xt_rsc_triosy_1_15_wait_ctrl(fast)
# Loading work.peaseNTT_core_xt_rsc_triosy_1_14_obj(fast)
# Loading work.peaseNTT_core_xt_rsc_triosy_1_14_obj_xt_rsc_triosy_1_14_wait_ctrl(fast)
# Loading work.peaseNTT_core_xt_rsc_triosy_1_13_obj(fast)
# Loading work.peaseNTT_core_xt_rsc_triosy_1_13_obj_xt_rsc_triosy_1_13_wait_ctrl(fast)
# Loading work.peaseNTT_core_xt_rsc_triosy_1_12_obj(fast)
# Loading work.peaseNTT_core_xt_rsc_triosy_1_12_obj_xt_rsc_triosy_1_12_wait_ctrl(fast)
# Loading work.peaseNTT_core_xt_rsc_triosy_1_11_obj(fast)
# Loading work.peaseNTT_core_xt_rsc_triosy_1_11_obj_xt_rsc_triosy_1_11_wait_ctrl(fast)
# Loading work.peaseNTT_core_xt_rsc_triosy_1_10_obj(fast)
# Loading work.peaseNTT_core_xt_rsc_triosy_1_10_obj_xt_rsc_triosy_1_10_wait_ctrl(fast)
# Loading work.peaseNTT_core_xt_rsc_triosy_1_9_obj(fast)
# Loading work.peaseNTT_core_xt_rsc_triosy_1_9_obj_xt_rsc_triosy_1_9_wait_ctrl(fast)
# Loading work.peaseNTT_core_xt_rsc_triosy_1_8_obj(fast)
# Loading work.peaseNTT_core_xt_rsc_triosy_1_8_obj_xt_rsc_triosy_1_8_wait_ctrl(fast)
# Loading work.peaseNTT_core_xt_rsc_triosy_1_7_obj(fast)
# Loading work.peaseNTT_core_xt_rsc_triosy_1_7_obj_xt_rsc_triosy_1_7_wait_ctrl(fast)
# Loading work.peaseNTT_core_xt_rsc_triosy_1_6_obj(fast)
# Loading work.peaseNTT_core_xt_rsc_triosy_1_6_obj_xt_rsc_triosy_1_6_wait_ctrl(fast)
# Loading work.peaseNTT_core_xt_rsc_triosy_1_5_obj(fast)
# Loading work.peaseNTT_core_xt_rsc_triosy_1_5_obj_xt_rsc_triosy_1_5_wait_ctrl(fast)
# Loading work.peaseNTT_core_xt_rsc_triosy_1_4_obj(fast)
# Loading work.peaseNTT_core_xt_rsc_triosy_1_4_obj_xt_rsc_triosy_1_4_wait_ctrl(fast)
# Loading work.peaseNTT_core_xt_rsc_triosy_1_3_obj(fast)
# Loading work.peaseNTT_core_xt_rsc_triosy_1_3_obj_xt_rsc_triosy_1_3_wait_ctrl(fast)
# Loading work.peaseNTT_core_xt_rsc_triosy_1_2_obj(fast)
# Loading work.peaseNTT_core_xt_rsc_triosy_1_2_obj_xt_rsc_triosy_1_2_wait_ctrl(fast)
# Loading work.peaseNTT_core_xt_rsc_triosy_1_1_obj(fast)
# Loading work.peaseNTT_core_xt_rsc_triosy_1_1_obj_xt_rsc_triosy_1_1_wait_ctrl(fast)
# Loading work.peaseNTT_core_xt_rsc_triosy_1_0_obj(fast)
# Loading work.peaseNTT_core_xt_rsc_triosy_1_0_obj_xt_rsc_triosy_1_0_wait_ctrl(fast)
# Loading work.peaseNTT_core_xt_rsc_triosy_0_31_obj(fast)
# Loading work.peaseNTT_core_xt_rsc_triosy_0_31_obj_xt_rsc_triosy_0_31_wait_ctrl(fast)
# Loading work.peaseNTT_core_xt_rsc_triosy_0_30_obj(fast)
# Loading work.peaseNTT_core_xt_rsc_triosy_0_30_obj_xt_rsc_triosy_0_30_wait_ctrl(fast)
# Loading work.peaseNTT_core_xt_rsc_triosy_0_29_obj(fast)
# Loading work.peaseNTT_core_xt_rsc_triosy_0_29_obj_xt_rsc_triosy_0_29_wait_ctrl(fast)
# Loading work.peaseNTT_core_xt_rsc_triosy_0_28_obj(fast)
# Loading work.peaseNTT_core_xt_rsc_triosy_0_28_obj_xt_rsc_triosy_0_28_wait_ctrl(fast)
# Loading work.peaseNTT_core_xt_rsc_triosy_0_27_obj(fast)
# Loading work.peaseNTT_core_xt_rsc_triosy_0_27_obj_xt_rsc_triosy_0_27_wait_ctrl(fast)
# Loading work.peaseNTT_core_xt_rsc_triosy_0_26_obj(fast)
# Loading work.peaseNTT_core_xt_rsc_triosy_0_26_obj_xt_rsc_triosy_0_26_wait_ctrl(fast)
# Loading work.peaseNTT_core_xt_rsc_triosy_0_25_obj(fast)
# Loading work.peaseNTT_core_xt_rsc_triosy_0_25_obj_xt_rsc_triosy_0_25_wait_ctrl(fast)
# Loading work.peaseNTT_core_xt_rsc_triosy_0_24_obj(fast)
# Loading work.peaseNTT_core_xt_rsc_triosy_0_24_obj_xt_rsc_triosy_0_24_wait_ctrl(fast)
# Loading work.peaseNTT_core_xt_rsc_triosy_0_23_obj(fast)
# Loading work.peaseNTT_core_xt_rsc_triosy_0_23_obj_xt_rsc_triosy_0_23_wait_ctrl(fast)
# Loading work.peaseNTT_core_xt_rsc_triosy_0_22_obj(fast)
# Loading work.peaseNTT_core_xt_rsc_triosy_0_22_obj_xt_rsc_triosy_0_22_wait_ctrl(fast)
# Loading work.peaseNTT_core_xt_rsc_triosy_0_21_obj(fast)
# Loading work.peaseNTT_core_xt_rsc_triosy_0_21_obj_xt_rsc_triosy_0_21_wait_ctrl(fast)
# Loading work.peaseNTT_core_xt_rsc_triosy_0_20_obj(fast)
# Loading work.peaseNTT_core_xt_rsc_triosy_0_20_obj_xt_rsc_triosy_0_20_wait_ctrl(fast)
# Loading work.peaseNTT_core_xt_rsc_triosy_0_19_obj(fast)
# Loading work.peaseNTT_core_xt_rsc_triosy_0_19_obj_xt_rsc_triosy_0_19_wait_ctrl(fast)
# Loading work.peaseNTT_core_xt_rsc_triosy_0_18_obj(fast)
# Loading work.peaseNTT_core_xt_rsc_triosy_0_18_obj_xt_rsc_triosy_0_18_wait_ctrl(fast)
# Loading work.peaseNTT_core_xt_rsc_triosy_0_17_obj(fast)
# Loading work.peaseNTT_core_xt_rsc_triosy_0_17_obj_xt_rsc_triosy_0_17_wait_ctrl(fast)
# Loading work.peaseNTT_core_xt_rsc_triosy_0_16_obj(fast)
# Loading work.peaseNTT_core_xt_rsc_triosy_0_16_obj_xt_rsc_triosy_0_16_wait_ctrl(fast)
# Loading work.peaseNTT_core_xt_rsc_triosy_0_15_obj(fast)
# Loading work.peaseNTT_core_xt_rsc_triosy_0_15_obj_xt_rsc_triosy_0_15_wait_ctrl(fast)
# Loading work.peaseNTT_core_xt_rsc_triosy_0_14_obj(fast)
# Loading work.peaseNTT_core_xt_rsc_triosy_0_14_obj_xt_rsc_triosy_0_14_wait_ctrl(fast)
# Loading work.peaseNTT_core_xt_rsc_triosy_0_13_obj(fast)
# Loading work.peaseNTT_core_xt_rsc_triosy_0_13_obj_xt_rsc_triosy_0_13_wait_ctrl(fast)
# Loading work.peaseNTT_core_xt_rsc_triosy_0_12_obj(fast)
# Loading work.peaseNTT_core_xt_rsc_triosy_0_12_obj_xt_rsc_triosy_0_12_wait_ctrl(fast)
# Loading work.peaseNTT_core_xt_rsc_triosy_0_11_obj(fast)
# Loading work.peaseNTT_core_xt_rsc_triosy_0_11_obj_xt_rsc_triosy_0_11_wait_ctrl(fast)
# Loading work.peaseNTT_core_xt_rsc_triosy_0_10_obj(fast)
# Loading work.peaseNTT_core_xt_rsc_triosy_0_10_obj_xt_rsc_triosy_0_10_wait_ctrl(fast)
# Loading work.peaseNTT_core_xt_rsc_triosy_0_9_obj(fast)
# Loading work.peaseNTT_core_xt_rsc_triosy_0_9_obj_xt_rsc_triosy_0_9_wait_ctrl(fast)
# Loading work.peaseNTT_core_xt_rsc_triosy_0_8_obj(fast)
# Loading work.peaseNTT_core_xt_rsc_triosy_0_8_obj_xt_rsc_triosy_0_8_wait_ctrl(fast)
# Loading work.peaseNTT_core_xt_rsc_triosy_0_7_obj(fast)
# Loading work.peaseNTT_core_xt_rsc_triosy_0_7_obj_xt_rsc_triosy_0_7_wait_ctrl(fast)
# Loading work.peaseNTT_core_xt_rsc_triosy_0_6_obj(fast)
# Loading work.peaseNTT_core_xt_rsc_triosy_0_6_obj_xt_rsc_triosy_0_6_wait_ctrl(fast)
# Loading work.peaseNTT_core_xt_rsc_triosy_0_5_obj(fast)
# Loading work.peaseNTT_core_xt_rsc_triosy_0_5_obj_xt_rsc_triosy_0_5_wait_ctrl(fast)
# Loading work.peaseNTT_core_xt_rsc_triosy_0_4_obj(fast)
# Loading work.peaseNTT_core_xt_rsc_triosy_0_4_obj_xt_rsc_triosy_0_4_wait_ctrl(fast)
# Loading work.peaseNTT_core_xt_rsc_triosy_0_3_obj(fast)
# Loading work.peaseNTT_core_xt_rsc_triosy_0_3_obj_xt_rsc_triosy_0_3_wait_ctrl(fast)
# Loading work.peaseNTT_core_xt_rsc_triosy_0_2_obj(fast)
# Loading work.peaseNTT_core_xt_rsc_triosy_0_2_obj_xt_rsc_triosy_0_2_wait_ctrl(fast)
# Loading work.peaseNTT_core_xt_rsc_triosy_0_1_obj(fast)
# Loading work.peaseNTT_core_xt_rsc_triosy_0_1_obj_xt_rsc_triosy_0_1_wait_ctrl(fast)
# Loading work.peaseNTT_core_xt_rsc_triosy_0_0_obj(fast)
# Loading work.peaseNTT_core_xt_rsc_triosy_0_0_obj_xt_rsc_triosy_0_0_wait_ctrl(fast)
# Loading work.peaseNTT_core_p_rsc_triosy_obj(fast)
# Loading work.peaseNTT_core_p_rsc_triosy_obj_p_rsc_triosy_wait_ctrl(fast)
# Loading work.peaseNTT_core_r_rsc_triosy_obj(fast)
# Loading work.peaseNTT_core_r_rsc_triosy_obj_r_rsc_triosy_wait_ctrl(fast)
# Loading work.peaseNTT_core_twiddle_rsc_triosy_0_15_obj(fast)
# Loading work.peaseNTT_core_twiddle_rsc_triosy_0_15_obj_twiddle_rsc_triosy_0_15_wait_ctrl(fast)
# Loading work.peaseNTT_core_twiddle_rsc_triosy_0_14_obj(fast)
# Loading work.peaseNTT_core_twiddle_rsc_triosy_0_14_obj_twiddle_rsc_triosy_0_14_wait_ctrl(fast)
# Loading work.peaseNTT_core_twiddle_rsc_triosy_0_13_obj(fast)
# Loading work.peaseNTT_core_twiddle_rsc_triosy_0_13_obj_twiddle_rsc_triosy_0_13_wait_ctrl(fast)
# Loading work.peaseNTT_core_twiddle_rsc_triosy_0_12_obj(fast)
# Loading work.peaseNTT_core_twiddle_rsc_triosy_0_12_obj_twiddle_rsc_triosy_0_12_wait_ctrl(fast)
# Loading work.peaseNTT_core_twiddle_rsc_triosy_0_11_obj(fast)
# Loading work.peaseNTT_core_twiddle_rsc_triosy_0_11_obj_twiddle_rsc_triosy_0_11_wait_ctrl(fast)
# Loading work.peaseNTT_core_twiddle_rsc_triosy_0_10_obj(fast)
# Loading work.peaseNTT_core_twiddle_rsc_triosy_0_10_obj_twiddle_rsc_triosy_0_10_wait_ctrl(fast)
# Loading work.peaseNTT_core_twiddle_rsc_triosy_0_9_obj(fast)
# Loading work.peaseNTT_core_twiddle_rsc_triosy_0_9_obj_twiddle_rsc_triosy_0_9_wait_ctrl(fast)
# Loading work.peaseNTT_core_twiddle_rsc_triosy_0_8_obj(fast)
# Loading work.peaseNTT_core_twiddle_rsc_triosy_0_8_obj_twiddle_rsc_triosy_0_8_wait_ctrl(fast)
# Loading work.peaseNTT_core_twiddle_rsc_triosy_0_7_obj(fast)
# Loading work.peaseNTT_core_twiddle_rsc_triosy_0_7_obj_twiddle_rsc_triosy_0_7_wait_ctrl(fast)
# Loading work.peaseNTT_core_twiddle_rsc_triosy_0_6_obj(fast)
# Loading work.peaseNTT_core_twiddle_rsc_triosy_0_6_obj_twiddle_rsc_triosy_0_6_wait_ctrl(fast)
# Loading work.peaseNTT_core_twiddle_rsc_triosy_0_5_obj(fast)
# Loading work.peaseNTT_core_twiddle_rsc_triosy_0_5_obj_twiddle_rsc_triosy_0_5_wait_ctrl(fast)
# Loading work.peaseNTT_core_twiddle_rsc_triosy_0_4_obj(fast)
# Loading work.peaseNTT_core_twiddle_rsc_triosy_0_4_obj_twiddle_rsc_triosy_0_4_wait_ctrl(fast)
# Loading work.peaseNTT_core_twiddle_rsc_triosy_0_3_obj(fast)
# Loading work.peaseNTT_core_twiddle_rsc_triosy_0_3_obj_twiddle_rsc_triosy_0_3_wait_ctrl(fast)
# Loading work.peaseNTT_core_twiddle_rsc_triosy_0_2_obj(fast)
# Loading work.peaseNTT_core_twiddle_rsc_triosy_0_2_obj_twiddle_rsc_triosy_0_2_wait_ctrl(fast)
# Loading work.peaseNTT_core_twiddle_rsc_triosy_0_1_obj(fast)
# Loading work.peaseNTT_core_twiddle_rsc_triosy_0_1_obj_twiddle_rsc_triosy_0_1_wait_ctrl(fast)
# Loading work.peaseNTT_core_twiddle_rsc_triosy_0_0_obj(fast)
# Loading work.peaseNTT_core_twiddle_rsc_triosy_0_0_obj_twiddle_rsc_triosy_0_0_wait_ctrl(fast)
# Loading work.peaseNTT_core_twiddle_h_rsc_triosy_0_15_obj(fast)
# Loading work.peaseNTT_core_twiddle_h_rsc_triosy_0_15_obj_twiddle_h_rsc_triosy_0_15_wait_ctrl(fast)
# Loading work.peaseNTT_core_twiddle_h_rsc_triosy_0_14_obj(fast)
# Loading work.peaseNTT_core_twiddle_h_rsc_triosy_0_14_obj_twiddle_h_rsc_triosy_0_14_wait_ctrl(fast)
# Loading work.peaseNTT_core_twiddle_h_rsc_triosy_0_13_obj(fast)
# Loading work.peaseNTT_core_twiddle_h_rsc_triosy_0_13_obj_twiddle_h_rsc_triosy_0_13_wait_ctrl(fast)
# Loading work.peaseNTT_core_twiddle_h_rsc_triosy_0_12_obj(fast)
# Loading work.peaseNTT_core_twiddle_h_rsc_triosy_0_12_obj_twiddle_h_rsc_triosy_0_12_wait_ctrl(fast)
# Loading work.peaseNTT_core_twiddle_h_rsc_triosy_0_11_obj(fast)
# Loading work.peaseNTT_core_twiddle_h_rsc_triosy_0_11_obj_twiddle_h_rsc_triosy_0_11_wait_ctrl(fast)
# Loading work.peaseNTT_core_twiddle_h_rsc_triosy_0_10_obj(fast)
# Loading work.peaseNTT_core_twiddle_h_rsc_triosy_0_10_obj_twiddle_h_rsc_triosy_0_10_wait_ctrl(fast)
# Loading work.peaseNTT_core_twiddle_h_rsc_triosy_0_9_obj(fast)
# Loading work.peaseNTT_core_twiddle_h_rsc_triosy_0_9_obj_twiddle_h_rsc_triosy_0_9_wait_ctrl(fast)
# Loading work.peaseNTT_core_twiddle_h_rsc_triosy_0_8_obj(fast)
# Loading work.peaseNTT_core_twiddle_h_rsc_triosy_0_8_obj_twiddle_h_rsc_triosy_0_8_wait_ctrl(fast)
# Loading work.peaseNTT_core_twiddle_h_rsc_triosy_0_7_obj(fast)
# Loading work.peaseNTT_core_twiddle_h_rsc_triosy_0_7_obj_twiddle_h_rsc_triosy_0_7_wait_ctrl(fast)
# Loading work.peaseNTT_core_twiddle_h_rsc_triosy_0_6_obj(fast)
# Loading work.peaseNTT_core_twiddle_h_rsc_triosy_0_6_obj_twiddle_h_rsc_triosy_0_6_wait_ctrl(fast)
# Loading work.peaseNTT_core_twiddle_h_rsc_triosy_0_5_obj(fast)
# Loading work.peaseNTT_core_twiddle_h_rsc_triosy_0_5_obj_twiddle_h_rsc_triosy_0_5_wait_ctrl(fast)
# Loading work.peaseNTT_core_twiddle_h_rsc_triosy_0_4_obj(fast)
# Loading work.peaseNTT_core_twiddle_h_rsc_triosy_0_4_obj_twiddle_h_rsc_triosy_0_4_wait_ctrl(fast)
# Loading work.peaseNTT_core_twiddle_h_rsc_triosy_0_3_obj(fast)
# Loading work.peaseNTT_core_twiddle_h_rsc_triosy_0_3_obj_twiddle_h_rsc_triosy_0_3_wait_ctrl(fast)
# Loading work.peaseNTT_core_twiddle_h_rsc_triosy_0_2_obj(fast)
# Loading work.peaseNTT_core_twiddle_h_rsc_triosy_0_2_obj_twiddle_h_rsc_triosy_0_2_wait_ctrl(fast)
# Loading work.peaseNTT_core_twiddle_h_rsc_triosy_0_1_obj(fast)
# Loading work.peaseNTT_core_twiddle_h_rsc_triosy_0_1_obj_twiddle_h_rsc_triosy_0_1_wait_ctrl(fast)
# Loading work.peaseNTT_core_twiddle_h_rsc_triosy_0_0_obj(fast)
# Loading work.peaseNTT_core_twiddle_h_rsc_triosy_0_0_obj_twiddle_h_rsc_triosy_0_0_wait_ctrl(fast)
# Loading work.peaseNTT_core_staller(fast)
# Loading work.peaseNTT_core_core_fsm(fast)
# ** Warning: (vsim-4029) The fifo '/scverify_top/user_tb/xt_golden'
# (and any connected ports) is undebuggable as the tlm fifo size specified is '-1'. A tlm fifo with an infinite size is not debuggable.
# ** Warning: (vsim-4029) The fifo '/scverify_top/TLS_in_wait_ctrl_fifo_twiddle_h'
# (and any connected ports) is undebuggable as the tlm fifo size specified is '-1'. A tlm fifo with an infinite size is not debuggable.
# ** Warning: (vsim-4029) The fifo '/scverify_top/TLS_in_fifo_twiddle_h'
# (and any connected ports) is undebuggable as the tlm fifo size specified is '-1'. A tlm fifo with an infinite size is not debuggable.
# ** Warning: (vsim-4029) The fifo '/scverify_top/TLS_in_wait_ctrl_fifo_twiddle'
# (and any connected ports) is undebuggable as the tlm fifo size specified is '-1'. A tlm fifo with an infinite size is not debuggable.
# ** Warning: (vsim-4029) The fifo '/scverify_top/TLS_in_fifo_twiddle'
# (and any connected ports) is undebuggable as the tlm fifo size specified is '-1'. A tlm fifo with an infinite size is not debuggable.
# ** Warning: (vsim-4029) The fifo '/scverify_top/TLS_in_wait_ctrl_fifo_r'
# (and any connected ports) is undebuggable as the tlm fifo size specified is '-1'. A tlm fifo with an infinite size is not debuggable.
# ** Warning: (vsim-4029) The fifo '/scverify_top/TLS_in_fifo_r'
# (and any connected ports) is undebuggable as the tlm fifo size specified is '-1'. A tlm fifo with an infinite size is not debuggable.
# ** Warning: (vsim-4029) The fifo '/scverify_top/TLS_in_wait_ctrl_fifo_p'
# (and any connected ports) is undebuggable as the tlm fifo size specified is '-1'. A tlm fifo with an infinite size is not debuggable.
# ** Warning: (vsim-4029) The fifo '/scverify_top/TLS_in_fifo_p'
# (and any connected ports) is undebuggable as the tlm fifo size specified is '-1'. A tlm fifo with an infinite size is not debuggable.
# ** Warning: (vsim-4029) The fifo '/scverify_top/TLS_out_wait_ctrl_fifo_xt'
# (and any connected ports) is undebuggable as the tlm fifo size specified is '-1'. A tlm fifo with an infinite size is not debuggable.
# ** Warning: (vsim-4029) The fifo '/scverify_top/TLS_out_fifo_xt'
# (and any connected ports) is undebuggable as the tlm fifo size specified is '-1'. A tlm fifo with an infinite size is not debuggable.
# ** Warning: (vsim-4029) The fifo '/scverify_top/TLS_in_wait_ctrl_fifo_xt'
# (and any connected ports) is undebuggable as the tlm fifo size specified is '-1'. A tlm fifo with an infinite size is not debuggable.
# ** Warning: (vsim-4029) The fifo '/scverify_top/TLS_in_fifo_xt'
# (and any connected ports) is undebuggable as the tlm fifo size specified is '-1'. A tlm fifo with an infinite size is not debuggable.
# ** Warning: (vsim-3991) The variable '_phase' in the class 'ccs_axi4_slave_mem_trans_rsc<64, 32, 32, false, 0, 12, 32, 1, 1, 1, 0U, 0U>' is undebuggable because its name
# collides with a variable in its base class. (/opt/mentorgraphics/Catapult_10.5c/Mgc_home/pkgs/ccs_libs/interfaces/amba/ccs_axi4_slave_mem_trans_rsc.h, 656)
# ** Warning: (vsim-3991) The variable '_phase' in the class 'ccs_axi4_slave_mem_trans_rsc<64, 32, 32, false, 0, 12, 32, 1, 1, 1, 0U, 0U>' is undebuggable because its name
# collides with a variable in its base class. (/opt/mentorgraphics/Catapult_10.5c/Mgc_home/pkgs/ccs_libs/interfaces/amba/ccs_axi4_slave_mem_trans_rsc.h, 656)
# ** Warning: (vsim-3991) The variable '_phase' in the class 'ccs_axi4_slave_mem_trans_rsc<64, 32, 32, false, 0, 12, 32, 1, 1, 1, 0U, 0U>' is undebuggable because its name
# collides with a variable in its base class. (/opt/mentorgraphics/Catapult_10.5c/Mgc_home/pkgs/ccs_libs/interfaces/amba/ccs_axi4_slave_mem_trans_rsc.h, 656)
# ** Warning: (vsim-3991) The variable '_phase' in the class 'ccs_axi4_slave_mem_trans_rsc<64, 32, 32, false, 0, 12, 32, 1, 1, 1, 0U, 0U>' is undebuggable because its name
# collides with a variable in its base class. (/opt/mentorgraphics/Catapult_10.5c/Mgc_home/pkgs/ccs_libs/interfaces/amba/ccs_axi4_slave_mem_trans_rsc.h, 656)
# ** Warning: (vsim-3991) The variable '_phase' in the class 'ccs_axi4_slave_mem_trans_rsc<64, 32, 32, false, 0, 12, 32, 1, 1, 1, 0U, 0U>' is undebuggable because its name
# collides with a variable in its base class. (/opt/mentorgraphics/Catapult_10.5c/Mgc_home/pkgs/ccs_libs/interfaces/amba/ccs_axi4_slave_mem_trans_rsc.h, 656)
# ** Warning: (vsim-3991) The variable '_phase' in the class 'ccs_axi4_slave_mem_trans_rsc<64, 32, 32, false, 0, 12, 32, 1, 1, 1, 0U, 0U>' is undebuggable because its name
# collides with a variable in its base class. (/opt/mentorgraphics/Catapult_10.5c/Mgc_home/pkgs/ccs_libs/interfaces/amba/ccs_axi4_slave_mem_trans_rsc.h, 656)
# ** Warning: (vsim-3991) The variable '_phase' in the class 'ccs_axi4_slave_mem_trans_rsc<64, 32, 32, false, 0, 12, 32, 1, 1, 1, 0U, 0U>' is undebuggable because its name
# collides with a variable in its base class. (/opt/mentorgraphics/Catapult_10.5c/Mgc_home/pkgs/ccs_libs/interfaces/amba/ccs_axi4_slave_mem_trans_rsc.h, 656)
# ** Warning: (vsim-3991) The variable '_phase' in the class 'ccs_axi4_slave_mem_trans_rsc<64, 32, 32, false, 0, 12, 32, 1, 1, 1, 0U, 0U>' is undebuggable because its name
# collides with a variable in its base class. (/opt/mentorgraphics/Catapult_10.5c/Mgc_home/pkgs/ccs_libs/interfaces/amba/ccs_axi4_slave_mem_trans_rsc.h, 656)
# ** Warning: (vsim-3991) The variable '_phase' in the class 'ccs_axi4_slave_mem_trans_rsc<64, 32, 32, false, 0, 12, 32, 1, 1, 1, 0U, 0U>' is undebuggable because its name
# collides with a variable in its base class. (/opt/mentorgraphics/Catapult_10.5c/Mgc_home/pkgs/ccs_libs/interfaces/amba/ccs_axi4_slave_mem_trans_rsc.h, 656)
# ** Warning: (vsim-3991) The variable '_phase' in the class 'ccs_axi4_slave_mem_trans_rsc<64, 32, 32, false, 0, 12, 32, 1, 1, 1, 0U, 0U>' is undebuggable because its name
# collides with a variable in its base class. (/opt/mentorgraphics/Catapult_10.5c/Mgc_home/pkgs/ccs_libs/interfaces/amba/ccs_axi4_slave_mem_trans_rsc.h, 656)
# ** Warning: (vsim-3991) The variable '_phase' in the class 'ccs_axi4_slave_mem_trans_rsc<64, 32, 32, false, 0, 12, 32, 1, 1, 1, 0U, 0U>' is undebuggable because its name
# collides with a variable in its base class. (/opt/mentorgraphics/Catapult_10.5c/Mgc_home/pkgs/ccs_libs/interfaces/amba/ccs_axi4_slave_mem_trans_rsc.h, 656)
# ** Warning: (vsim-3991) The variable '_phase' in the class 'ccs_axi4_slave_mem_trans_rsc<64, 32, 32, false, 0, 12, 32, 1, 1, 1, 0U, 0U>' is undebuggable because its name
# collides with a variable in its base class. (/opt/mentorgraphics/Catapult_10.5c/Mgc_home/pkgs/ccs_libs/interfaces/amba/ccs_axi4_slave_mem_trans_rsc.h, 656)
# ** Warning: (vsim-3991) The variable '_phase' in the class 'ccs_axi4_slave_mem_trans_rsc<64, 32, 32, false, 0, 12, 32, 1, 1, 1, 0U, 0U>' is undebuggable because its name
# collides with a variable in its base class. (/opt/mentorgraphics/Catapult_10.5c/Mgc_home/pkgs/ccs_libs/interfaces/amba/ccs_axi4_slave_mem_trans_rsc.h, 656)
# ** Warning: (vsim-3991) The variable '_phase' in the class 'ccs_axi4_slave_mem_trans_rsc<64, 32, 32, false, 0, 12, 32, 1, 1, 1, 0U, 0U>' is undebuggable because its name
# collides with a variable in its base class. (/opt/mentorgraphics/Catapult_10.5c/Mgc_home/pkgs/ccs_libs/interfaces/amba/ccs_axi4_slave_mem_trans_rsc.h, 656)
# ** Warning: (vsim-3991) The variable '_phase' in the class 'ccs_axi4_slave_mem_trans_rsc<64, 32, 32, false, 0, 12, 32, 1, 1, 1, 0U, 0U>' is undebuggable because its name
# collides with a variable in its base class. (/opt/mentorgraphics/Catapult_10.5c/Mgc_home/pkgs/ccs_libs/interfaces/amba/ccs_axi4_slave_mem_trans_rsc.h, 656)
# ** Warning: (vsim-3991) The variable '_phase' in the class 'ccs_axi4_slave_mem_trans_rsc<64, 32, 32, false, 0, 12, 32, 1, 1, 1, 0U, 0U>' is undebuggable because its name
# collides with a variable in its base class. (/opt/mentorgraphics/Catapult_10.5c/Mgc_home/pkgs/ccs_libs/interfaces/amba/ccs_axi4_slave_mem_trans_rsc.h, 656)
# ** Warning: (vsim-3991) The variable '_phase' in the class 'ccs_axi4_slave_mem_trans_rsc<64, 32, 32, false, 0, 12, 32, 1, 1, 1, 0U, 0U>' is undebuggable because its name
# collides with a variable in its base class. (/opt/mentorgraphics/Catapult_10.5c/Mgc_home/pkgs/ccs_libs/interfaces/amba/ccs_axi4_slave_mem_trans_rsc.h, 656)
# ** Warning: (vsim-3991) The variable '_phase' in the class 'ccs_axi4_slave_mem_trans_rsc<64, 32, 32, false, 0, 12, 32, 1, 1, 1, 0U, 0U>' is undebuggable because its name
# collides with a variable in its base class. (/opt/mentorgraphics/Catapult_10.5c/Mgc_home/pkgs/ccs_libs/interfaces/amba/ccs_axi4_slave_mem_trans_rsc.h, 656)
# ** Warning: (vsim-3991) The variable '_phase' in the class 'ccs_axi4_slave_mem_trans_rsc<64, 32, 32, false, 0, 12, 32, 1, 1, 1, 0U, 0U>' is undebuggable because its name
# collides with a variable in its base class. (/opt/mentorgraphics/Catapult_10.5c/Mgc_home/pkgs/ccs_libs/interfaces/amba/ccs_axi4_slave_mem_trans_rsc.h, 656)
# ** Warning: (vsim-3991) The variable '_phase' in the class 'ccs_axi4_slave_mem_trans_rsc<64, 32, 32, false, 0, 12, 32, 1, 1, 1, 0U, 0U>' is undebuggable because its name
# collides with a variable in its base class. (/opt/mentorgraphics/Catapult_10.5c/Mgc_home/pkgs/ccs_libs/interfaces/amba/ccs_axi4_slave_mem_trans_rsc.h, 656)
# ** Warning: (vsim-3991) The variable '_phase' in the class 'ccs_axi4_slave_mem_trans_rsc<64, 32, 32, false, 0, 12, 32, 1, 1, 1, 0U, 0U>' is undebuggable because its name
# collides with a variable in its base class. (/opt/mentorgraphics/Catapult_10.5c/Mgc_home/pkgs/ccs_libs/interfaces/amba/ccs_axi4_slave_mem_trans_rsc.h, 656)
# ** Warning: (vsim-3991) The variable '_phase' in the class 'ccs_axi4_slave_mem_trans_rsc<64, 32, 32, false, 0, 12, 32, 1, 1, 1, 0U, 0U>' is undebuggable because its name
# collides with a variable in its base class. (/opt/mentorgraphics/Catapult_10.5c/Mgc_home/pkgs/ccs_libs/interfaces/amba/ccs_axi4_slave_mem_trans_rsc.h, 656)
# ** Warning: (vsim-3991) The variable '_phase' in the class 'ccs_axi4_slave_mem_trans_rsc<64, 32, 32, false, 0, 12, 32, 1, 1, 1, 0U, 0U>' is undebuggable because its name
# collides with a variable in its base class. (/opt/mentorgraphics/Catapult_10.5c/Mgc_home/pkgs/ccs_libs/interfaces/amba/ccs_axi4_slave_mem_trans_rsc.h, 656)
# ** Warning: (vsim-3991) The variable '_phase' in the class 'ccs_axi4_slave_mem_trans_rsc<64, 32, 32, false, 0, 12, 32, 1, 1, 1, 0U, 0U>' is undebuggable because its name
# collides with a variable in its base class. (/opt/mentorgraphics/Catapult_10.5c/Mgc_home/pkgs/ccs_libs/interfaces/amba/ccs_axi4_slave_mem_trans_rsc.h, 656)
# ** Warning: (vsim-3991) The variable '_phase' in the class 'ccs_axi4_slave_mem_trans_rsc<64, 32, 32, false, 0, 12, 32, 1, 1, 1, 0U, 0U>' is undebuggable because its name
# collides with a variable in its base class. (/opt/mentorgraphics/Catapult_10.5c/Mgc_home/pkgs/ccs_libs/interfaces/amba/ccs_axi4_slave_mem_trans_rsc.h, 656)
# ** Warning: (vsim-3991) The variable '_phase' in the class 'ccs_axi4_slave_mem_trans_rsc<64, 32, 32, false, 0, 12, 32, 1, 1, 1, 0U, 0U>' is undebuggable because its name
# collides with a variable in its base class. (/opt/mentorgraphics/Catapult_10.5c/Mgc_home/pkgs/ccs_libs/interfaces/amba/ccs_axi4_slave_mem_trans_rsc.h, 656)
# ** Warning: (vsim-3991) The variable '_phase' in the class 'ccs_axi4_slave_mem_trans_rsc<64, 32, 32, false, 0, 12, 32, 1, 1, 1, 0U, 0U>' is undebuggable because its name
# collides with a variable in its base class. (/opt/mentorgraphics/Catapult_10.5c/Mgc_home/pkgs/ccs_libs/interfaces/amba/ccs_axi4_slave_mem_trans_rsc.h, 656)
# ** Warning: (vsim-3991) The variable '_phase' in the class 'ccs_axi4_slave_mem_trans_rsc<64, 32, 32, false, 0, 12, 32, 1, 1, 1, 0U, 0U>' is undebuggable because its name
# collides with a variable in its base class. (/opt/mentorgraphics/Catapult_10.5c/Mgc_home/pkgs/ccs_libs/interfaces/amba/ccs_axi4_slave_mem_trans_rsc.h, 656)
# ** Warning: (vsim-3991) The variable '_phase' in the class 'ccs_axi4_slave_mem_trans_rsc<64, 32, 32, false, 0, 12, 32, 1, 1, 1, 0U, 0U>' is undebuggable because its name
# collides with a variable in its base class. (/opt/mentorgraphics/Catapult_10.5c/Mgc_home/pkgs/ccs_libs/interfaces/amba/ccs_axi4_slave_mem_trans_rsc.h, 656)
# ** Warning: (vsim-3991) The variable '_phase' in the class 'ccs_axi4_slave_mem_trans_rsc<64, 32, 32, false, 0, 12, 32, 1, 1, 1, 0U, 0U>' is undebuggable because its name
# collides with a variable in its base class. (/opt/mentorgraphics/Catapult_10.5c/Mgc_home/pkgs/ccs_libs/interfaces/amba/ccs_axi4_slave_mem_trans_rsc.h, 656)
# ** Warning: (vsim-3991) The variable '_phase' in the class 'ccs_axi4_slave_mem_trans_rsc<64, 32, 32, false, 0, 12, 32, 1, 1, 1, 0U, 0U>' is undebuggable because its name
# collides with a variable in its base class. (/opt/mentorgraphics/Catapult_10.5c/Mgc_home/pkgs/ccs_libs/interfaces/amba/ccs_axi4_slave_mem_trans_rsc.h, 656)
# ** Warning: (vsim-3991) The variable '_phase' in the class 'ccs_axi4_slave_mem_trans_rsc<64, 32, 32, false, 0, 12, 32, 1, 1, 1, 0U, 0U>' is undebuggable because its name
# collides with a variable in its base class. (/opt/mentorgraphics/Catapult_10.5c/Mgc_home/pkgs/ccs_libs/interfaces/amba/ccs_axi4_slave_mem_trans_rsc.h, 656)
# Disabling STALL_FLAG toggling
# do {./Catapult_2_1/peaseNTT.v29/scverify/concat_sim_rtl_v_msim/scverify_msim_wave.tcl}
# Reading SCVerify waveform database './Catapult_2_1/peaseNTT.v29/scverify/ccs_wave_signals.dat'
# Populating WAVE window...
#                 DONE
# 0
# 
# stdin: <EOF>
run
# Info: HW reset: TLS_rst active @ 0 s
# ../../src/main.cpp:Testbench Complete with 4294967294 mismatches, after running 1 iteration(s).
# Info: Execution of user-supplied C++ testbench 'main()' has completed with exit code = -2
# 
# Info: Collecting data completed
#    captured 1 values of xt_IN
#    captured 1 values of xt
#    captured 1 values of p
#    captured 1 values of r
#    captured 1 values of twiddle
#    captured 1 values of twiddle_h
# Info: scverify_top/user_tb: Testbench exited early or ran into deadlock
# 
# Checking results
# 'xt'
#    capture count        = 1
#    comparison count     = 0
#    ignore count         = 0
#    error count          = 0
#    stuck in dut fifo    = 0
#    stuck in golden fifo = 0
#    Error: output 'xt' has incomplete comparisons
# 
# Error: C++ Testbench 'main()' returned a non-zero exit code (-2). Check your testbench.
# Info: scverify_top/user_tb: Simulation FAILED @ 100 ps
# Info: scverify_top/Monitor: runs with constant clock period 0 s
# Info: scverify_top/Monitor: Throughput: 1 transaction per 0 s
# Info: scverify_top/Monitor: No transactions completed.  Skipping latency and throughput reports
# End time: 09:52:51 on Sep 12,2021, Elapsed time: 0:05:59
# Errors: 0, Warnings: 45, Suppressed Warnings: 2
