-- Catapult Ultra Synthesis: Report                                              
-- ------------------------- ---------------------------------------------------
-- Version:                  10.5c/896140 Production Release                     
-- Build Date:               Sun Sep  6 22:45:38 PDT 2020                        
                                                                                 
-- Generated by:             yl7897@newnano.poly.edu                             
-- Generated date:           Wed Jun 16 22:32:21 EDT 2021                        

Solution Settings: peaceNTT.v10
  Current state: extract
  Project: Catapult
  
  Design Input Files Specified
    $PROJECT_HOME/src/main.cpp
    $PROJECT_HOME/src/ntt.cpp
      $PROJECT_HOME/include/ntt.h
        $PROJECT_HOME/include/config.h
          $MGC_HOME/shared/include/ac_int.h
        $MGC_HOME/shared/include/math/mgc_ac_math.h
          $MGC_HOME/shared/include/ac_fixed.h
          $MGC_HOME/shared/include/ac_float.h
          $MGC_HOME/shared/include/ac_complex.h
          $MGC_HOME/shared/include/math/mgc_ac_trig.h
            $MGC_HOME/shared/include/math/mgc_sc_atan_pow2.tab
            $MGC_HOME/shared/include/math/mgc_sc_atan2_pow2.tab
            $MGC_HOME/shared/include/math/mgc_sc_K_cordic.tab
            $MGC_HOME/shared/include/math/mgc_sc_x2_atan2_pow2.tab
          $MGC_HOME/shared/include/math/mgc_ac_hcordic.h
            $MGC_HOME/shared/include/math/mgc_ac_hcordic.tab
            $MGC_HOME/shared/include/math/mgc_ac_hcordic_inv_ln2.tab
      $PROJECT_HOME/include/utils.h
    $PROJECT_HOME/src/utils.cpp
  
  Processes/Blocks in Design
    Process        Real Operation(s) count Latency Throughput Reset Length II Comments 
    -------------- ----------------------- ------- ---------- ------------ -- --------
    /peaceNTT/core                     197 1272849    1272854            0  0          
    Design Total:                      197 1272849    1272854            0  0          
    
  Bill Of Materials (Datapath)
    Component Name                                   Area Score Area(DSP) Area(LUTs) Area(MUX_CARRYs)   Delay Post Alloc Post Assign 
    ------------------------------------------------ ---------- --------- ---------- ---------------- ------- ---------- -----------
    [Lib: Xilinx_RAMS]                                                                                                               
    BLOCK_1R1W_RBW(10,7,128,128,128,128,1)                0.000     0.000      0.000            0.000   0.100          0           1 
    BLOCK_1R1W_RBW(11,7,128,128,128,128,1)                0.000     0.000      0.000            0.000   0.100          0           1 
    BLOCK_1R1W_RBW(12,7,128,128,128,128,1)                0.000     0.000      0.000            0.000   0.100          0           1 
    BLOCK_1R1W_RBW(13,7,128,128,128,128,1)                0.000     0.000      0.000            0.000   0.100          0           1 
    BLOCK_1R1W_RBW(14,7,128,128,128,128,1)                0.000     0.000      0.000            0.000   0.100          0           1 
    BLOCK_1R1W_RBW(7,7,128,128,128,128,1)                 0.000     0.000      0.000            0.000   0.100          0           1 
    BLOCK_1R1W_RBW(8,7,128,128,128,128,1)                 0.000     0.000      0.000            0.000   0.100          0           1 
    BLOCK_1R1W_RBW(9,7,128,128,128,128,1)                 0.000     0.000      0.000            0.000   0.100          0           1 
    BLOCK_1R1W_RBW_rport(15,9,64,512,512,64,1)            0.000     0.000      0.000            0.000   2.400          1           0 
    BLOCK_1R1W_RBW_rport(17,9,64,512,512,64,1)            0.000     0.000      0.000            0.000   2.400          1           0 
    BLOCK_1R1W_RBW_rport(19,9,64,512,512,64,1)            0.000     0.000      0.000            0.000   2.400          1           0 
    BLOCK_1R1W_RBW_rport(21,9,64,512,512,64,1)            0.000     0.000      0.000            0.000   2.400          1           0 
    BLOCK_1R1W_RBW_rport(31,9,64,512,512,64,1)            0.000     0.000      0.000            0.000   2.400          1           0 
    BLOCK_1R1W_RBW_rport(32,9,64,512,512,64,1)            0.000     0.000      0.000            0.000   2.400          1           0 
    BLOCK_1R1W_RBW_rport(33,9,64,512,512,64,1)            0.000     0.000      0.000            0.000   2.400          1           0 
    BLOCK_1R1W_RBW_rport(34,9,64,512,512,64,1)            0.000     0.000      0.000            0.000   2.400          1           0 
    BLOCK_1R1W_RBW_rport(35,9,64,512,512,64,1)            0.000     0.000      0.000            0.000   2.400          1           0 
    BLOCK_1R1W_RBW_rport(36,9,64,512,512,64,1)            0.000     0.000      0.000            0.000   2.400          1           0 
    BLOCK_1R1W_RBW_rport(37,9,64,512,512,64,1)            0.000     0.000      0.000            0.000   2.400          1           0 
    BLOCK_1R1W_RBW_rport(38,9,64,512,512,64,1)            0.000     0.000      0.000            0.000   2.400          1           0 
    BLOCK_1R1W_RBW_rwport(10,7,128,128,128,128,1)         0.000     0.000      0.000            0.000   0.100          1           0 
    BLOCK_1R1W_RBW_rwport(11,7,128,128,128,128,1)         0.000     0.000      0.000            0.000   0.100          1           0 
    BLOCK_1R1W_RBW_rwport(12,7,128,128,128,128,1)         0.000     0.000      0.000            0.000   0.100          1           0 
    BLOCK_1R1W_RBW_rwport(13,7,128,128,128,128,1)         0.000     0.000      0.000            0.000   0.100          1           0 
    BLOCK_1R1W_RBW_rwport(14,7,128,128,128,128,1)         0.000     0.000      0.000            0.000   0.100          1           0 
    BLOCK_1R1W_RBW_rwport(15,9,64,512,512,64,1)           0.000     0.000      0.000            0.000   0.100          1           0 
    BLOCK_1R1W_RBW_rwport(17,9,64,512,512,64,1)           0.000     0.000      0.000            0.000   0.100          1           0 
    BLOCK_1R1W_RBW_rwport(19,9,64,512,512,64,1)           0.000     0.000      0.000            0.000   0.100          1           0 
    BLOCK_1R1W_RBW_rwport(21,9,64,512,512,64,1)           0.000     0.000      0.000            0.000   0.100          1           0 
    BLOCK_1R1W_RBW_rwport(23,9,64,512,512,64,1)           0.000     0.000      0.000            0.000   0.100          1           0 
    BLOCK_1R1W_RBW_rwport(24,9,64,512,512,64,1)           0.000     0.000      0.000            0.000   0.100          1           0 
    BLOCK_1R1W_RBW_rwport(25,9,64,512,512,64,1)           0.000     0.000      0.000            0.000   0.100          1           0 
    BLOCK_1R1W_RBW_rwport(26,9,64,512,512,64,1)           0.000     0.000      0.000            0.000   0.100          1           0 
    BLOCK_1R1W_RBW_rwport(27,9,64,512,512,64,1)           0.000     0.000      0.000            0.000   0.100          1           0 
    BLOCK_1R1W_RBW_rwport(28,9,64,512,512,64,1)           0.000     0.000      0.000            0.000   0.100          1           0 
    BLOCK_1R1W_RBW_rwport(29,9,64,512,512,64,1)           0.000     0.000      0.000            0.000   0.100          1           0 
    BLOCK_1R1W_RBW_rwport(30,9,64,512,512,64,1)           0.000     0.000      0.000            0.000   0.100          1           0 
    BLOCK_1R1W_RBW_rwport(31,9,64,512,512,64,1)           0.000     0.000      0.000            0.000   0.100          1           0 
    BLOCK_1R1W_RBW_rwport(32,9,64,512,512,64,1)           0.000     0.000      0.000            0.000   0.100          1           0 
    BLOCK_1R1W_RBW_rwport(33,9,64,512,512,64,1)           0.000     0.000      0.000            0.000   0.100          1           0 
    BLOCK_1R1W_RBW_rwport(34,9,64,512,512,64,1)           0.000     0.000      0.000            0.000   0.100          1           0 
    BLOCK_1R1W_RBW_rwport(35,9,64,512,512,64,1)           0.000     0.000      0.000            0.000   0.100          1           0 
    BLOCK_1R1W_RBW_rwport(36,9,64,512,512,64,1)           0.000     0.000      0.000            0.000   0.100          1           0 
    BLOCK_1R1W_RBW_rwport(37,9,64,512,512,64,1)           0.000     0.000      0.000            0.000   0.100          1           0 
    BLOCK_1R1W_RBW_rwport(38,9,64,512,512,64,1)           0.000     0.000      0.000            0.000   0.100          1           0 
    BLOCK_1R1W_RBW_rwport(7,7,128,128,128,128,1)          0.000     0.000      0.000            0.000   0.100          1           0 
    BLOCK_1R1W_RBW_rwport(8,7,128,128,128,128,1)          0.000     0.000      0.000            0.000   0.100          1           0 
    BLOCK_1R1W_RBW_rwport(9,7,128,128,128,128,1)          0.000     0.000      0.000            0.000   0.100          1           0 
    BLOCK_1R1W_RBW_rwport_en(10,7,128,128,128,128,1)      0.000     0.000      0.000            0.000   0.100          1           0 
    BLOCK_1R1W_RBW_rwport_en(11,7,128,128,128,128,1)      0.000     0.000      0.000            0.000   0.100          1           0 
    BLOCK_1R1W_RBW_rwport_en(12,7,128,128,128,128,1)      0.000     0.000      0.000            0.000   0.100          1           0 
    BLOCK_1R1W_RBW_rwport_en(13,7,128,128,128,128,1)      0.000     0.000      0.000            0.000   0.100          1           0 
    BLOCK_1R1W_RBW_rwport_en(14,7,128,128,128,128,1)      0.000     0.000      0.000            0.000   0.100          1           0 
    BLOCK_1R1W_RBW_rwport_en(15,9,64,512,512,64,1)        0.000     0.000      0.000            0.000   0.100          1           0 
    BLOCK_1R1W_RBW_rwport_en(17,9,64,512,512,64,1)        0.000     0.000      0.000            0.000   0.100          1           0 
    BLOCK_1R1W_RBW_rwport_en(19,9,64,512,512,64,1)        0.000     0.000      0.000            0.000   0.100          1           0 
    BLOCK_1R1W_RBW_rwport_en(21,9,64,512,512,64,1)        0.000     0.000      0.000            0.000   0.100          1           0 
    BLOCK_1R1W_RBW_rwport_en(23,9,64,512,512,64,1)        0.000     0.000      0.000            0.000   0.100          1           0 
    BLOCK_1R1W_RBW_rwport_en(24,9,64,512,512,64,1)        0.000     0.000      0.000            0.000   0.100          1           0 
    BLOCK_1R1W_RBW_rwport_en(25,9,64,512,512,64,1)        0.000     0.000      0.000            0.000   0.100          1           0 
    BLOCK_1R1W_RBW_rwport_en(26,9,64,512,512,64,1)        0.000     0.000      0.000            0.000   0.100          1           0 
    BLOCK_1R1W_RBW_rwport_en(27,9,64,512,512,64,1)        0.000     0.000      0.000            0.000   0.100          1           0 
    BLOCK_1R1W_RBW_rwport_en(28,9,64,512,512,64,1)        0.000     0.000      0.000            0.000   0.100          1           0 
    BLOCK_1R1W_RBW_rwport_en(29,9,64,512,512,64,1)        0.000     0.000      0.000            0.000   0.100          1           0 
    BLOCK_1R1W_RBW_rwport_en(30,9,64,512,512,64,1)        0.000     0.000      0.000            0.000   0.100          1           0 
    BLOCK_1R1W_RBW_rwport_en(31,9,64,512,512,64,1)        0.000     0.000      0.000            0.000   0.100          1           0 
    BLOCK_1R1W_RBW_rwport_en(32,9,64,512,512,64,1)        0.000     0.000      0.000            0.000   0.100          1           0 
    BLOCK_1R1W_RBW_rwport_en(33,9,64,512,512,64,1)        0.000     0.000      0.000            0.000   0.100          1           0 
    BLOCK_1R1W_RBW_rwport_en(34,9,64,512,512,64,1)        0.000     0.000      0.000            0.000   0.100          1           0 
    BLOCK_1R1W_RBW_rwport_en(35,9,64,512,512,64,1)        0.000     0.000      0.000            0.000   0.100          1           0 
    BLOCK_1R1W_RBW_rwport_en(36,9,64,512,512,64,1)        0.000     0.000      0.000            0.000   0.100          1           0 
    BLOCK_1R1W_RBW_rwport_en(37,9,64,512,512,64,1)        0.000     0.000      0.000            0.000   0.100          1           0 
    BLOCK_1R1W_RBW_rwport_en(38,9,64,512,512,64,1)        0.000     0.000      0.000            0.000   0.100          1           0 
    BLOCK_1R1W_RBW_rwport_en(7,7,128,128,128,128,1)       0.000     0.000      0.000            0.000   0.100          1           0 
    BLOCK_1R1W_RBW_rwport_en(8,7,128,128,128,128,1)       0.000     0.000      0.000            0.000   0.100          1           0 
    BLOCK_1R1W_RBW_rwport_en(9,7,128,128,128,128,1)       0.000     0.000      0.000            0.000   0.100          1           0 
    BLOCK_1R1W_RBW_wport(24,9,64,512,512,64,1)            0.000     0.000      0.000            0.000   0.100          1           0 
    BLOCK_1R1W_RBW_wport(26,9,64,512,512,64,1)            0.000     0.000      0.000            0.000   0.100          1           0 
    BLOCK_1R1W_RBW_wport(28,9,64,512,512,64,1)            0.000     0.000      0.000            0.000   0.100          1           0 
    BLOCK_1R1W_RBW_wport(30,9,64,512,512,64,1)            0.000     0.000      0.000            0.000   0.100          1           0 
    [Lib: ccs_ioport]                                                                                                                
    ccs_in(2,64)                                          0.000     0.000      0.000            0.000   0.000          1           1 
    ccs_in(3,64)                                          0.000     0.000      0.000            0.000   0.000          1           0 
    [Lib: mgc_Xilinx-VIRTEX-7-2_beh]                                                                                                 
    mgc_add(10,0,2,1,11)                                 10.000     0.000     10.000            9.000   1.035          1           1 
    mgc_add(4,0,1,1,4)                                    4.000     0.000      4.000            3.000   0.945          1           0 
    mgc_add(4,0,1,1,5)                                    4.000     0.000      4.000            3.000   0.945          1           1 
    mgc_add(64,0,64,0,65)                                64.000     0.000     64.000           63.000   1.845          4           1 
    mgc_add(65,0,64,0,65)                                65.000     0.000     65.000           64.000   1.860          4           1 
    mgc_add(9,0,2,1,10)                                   9.000     0.000      9.000            8.000   1.020          1           1 
    mgc_and(1,2)                                          1.000     0.000      1.000            0.000   0.550          0          79 
    mgc_and(1,3)                                          1.000     0.000      1.000            0.000   0.550          0          46 
    mgc_and(1,4)                                          1.000     0.000      1.000            0.000   0.550          0          28 
    mgc_and(1,5)                                          1.000     0.000      1.000            0.000   0.550          0           5 
    mgc_and(1,6)                                          1.000     0.000      1.000            0.000   0.550          0           2 
    mgc_and(1,7)                                          2.000     0.000      2.000            0.000   1.500          0           1 
    mgc_and(1,8)                                          2.000     0.000      2.000            0.000   1.500          0           3 
    mgc_and(10,2)                                        10.000     0.000     10.000            0.000   0.550          0           1 
    mgc_and(63,2)                                        63.000     0.000     63.000            0.000   0.550          0           1 
    mgc_and(7,2)                                          7.000     0.000      7.000            0.000   0.550          1           1 
    mgc_and(9,2)                                          9.000     0.000      9.000            0.000   0.550          0           1 
    mgc_mul(64,0,64,0,128)                             9728.000    16.000      0.000            0.000   9.706          1           2 
    mgc_mux(1,1,2)                                        1.000     0.000      1.000            0.000   0.080          0         147 
    mgc_mux(10,1,2)                                      10.000     0.000     10.000            0.000   0.080          0           2 
    mgc_mux(4,1,2)                                        4.000     0.000      4.000            0.000   0.080          0           1 
    mgc_mux(6,1,2)                                        6.000     0.000      6.000            0.000   0.080          0           2 
    mgc_mux(64,1,2)                                      64.000     0.000     64.000            0.000   0.080          5          11 
    mgc_mux(64,2,4)                                      64.000     0.000     64.000            0.000   0.550          0           1 
    mgc_mux(65,1,2)                                      65.000     0.000     65.000            0.000   0.080          0           6 
    mgc_mux(7,1,2)                                        7.000     0.000      7.000            0.000   0.080          0           2 
    mgc_mux1hot(63,5)                                   139.505     0.000    139.505            0.000   1.500          0           1 
    mgc_mux1hot(64,10)                                  264.607     0.000    264.607            0.000   1.500          0           1 
    mgc_mux1hot(64,3)                                    92.565     0.000     92.565            0.000   0.550          0           2 
    mgc_mux1hot(64,4)                                   117.142     0.000    117.142            0.000   1.500          6           5 
    mgc_mux1hot(64,8)                                   215.452     0.000    215.452            0.000   1.500          1           0 
    mgc_mux1hot(65,9)                                   243.780     0.000    243.780            0.000   1.500          0           1 
    mgc_nand(1,2)                                         1.000     0.000      1.000            0.000   0.550          0           8 
    mgc_nand(1,3)                                         1.000     0.000      1.000            0.000   0.550          0           1 
    mgc_nand(1,4)                                         1.000     0.000      1.000            0.000   0.550          0           3 
    mgc_nand(1,5)                                         1.000     0.000      1.000            0.000   0.550          0           1 
    mgc_nand(1,6)                                         1.000     0.000      1.000            0.000   0.550          0           1 
    mgc_nand(1,7)                                         2.000     0.000      2.000            0.000   1.500          0           1 
    mgc_nor(1,2)                                          1.000     0.000      1.000            0.000   0.550          0          25 
    mgc_nor(1,3)                                          1.000     0.000      1.000            0.000   0.550          0          22 
    mgc_nor(1,4)                                          1.000     0.000      1.000            0.000   0.550          0          12 
    mgc_nor(1,5)                                          1.000     0.000      1.000            0.000   0.550          0           6 
    mgc_nor(1,6)                                          1.000     0.000      1.000            0.000   0.550          0           6 
    mgc_nor(1,7)                                          2.000     0.000      2.000            0.000   1.500          0           2 
    mgc_nor(1,8)                                          2.000     0.000      2.000            0.000   1.500          0           5 
    mgc_not(1)                                            0.000     0.000      0.000            0.000   0.000          0         230 
    mgc_not(64)                                           0.000     0.000      0.000            0.000   0.000          0           1 
    mgc_or(1,2)                                           1.000     0.000      1.000            0.000   0.550          0          37 
    mgc_or(1,3)                                           1.000     0.000      1.000            0.000   0.550          0          25 
    mgc_or(1,4)                                           1.000     0.000      1.000            0.000   0.550          0          11 
    mgc_or(1,5)                                           1.000     0.000      1.000            0.000   0.550          0           4 
    mgc_or(1,6)                                           1.000     0.000      1.000            0.000   0.550          0           4 
    mgc_or(1,7)                                           2.000     0.000      2.000            0.000   1.500          0           2 
    mgc_or(1,8)                                           2.000     0.000      2.000            0.000   1.500          0           4 
    mgc_reg_pos(1,0,0,0,0,1,1)                            0.000     0.000      0.000            0.000   0.320          0           3 
    mgc_reg_pos(1,0,0,1,1,0,0)                            0.000     0.000      0.000            0.000   0.320          0          14 
    mgc_reg_pos(10,0,0,1,1,1,1)                           0.000     0.000      0.000            0.000   0.320          0           1 
    mgc_reg_pos(11,0,0,1,1,1,1)                           0.000     0.000      0.000            0.000   0.320          0           1 
    mgc_reg_pos(128,0,0,0,0,1,1)                          0.000     0.000      0.000            0.000   0.320          0           4 
    mgc_reg_pos(4,0,0,0,0,1,1)                            0.000     0.000      0.000            0.000   0.320          0           1 
    mgc_reg_pos(63,0,0,0,0,0,0)                           0.000     0.000      0.000            0.000   0.320          0           1 
    mgc_reg_pos(64,0,0,0,0,0,0)                           0.000     0.000      0.000            0.000   0.320          0           3 
    mgc_reg_pos(64,0,0,0,0,1,1)                           0.000     0.000      0.000            0.000   0.320          0           8 
    mgc_reg_pos(65,0,0,0,0,0,0)                           0.000     0.000      0.000            0.000   0.320          0           2 
    mgc_reg_pos(65,0,0,0,0,1,1)                           0.000     0.000      0.000            0.000   0.320          0           2 
    mgc_reg_pos(7,0,0,1,1,1,1)                            0.000     0.000      0.000            0.000   0.320          0           1 
    mgc_reg_pos(9,0,0,1,1,1,1)                            0.000     0.000      0.000            0.000   0.320          0           2 
    mgc_rem(128,64,0)                                 15411.269     0.000  15411.269            0.000 374.622          1           1 
    mgc_rem(65,65,1)                                   8359.249     0.000   8359.249            0.000 231.970          1           1 
    mgc_shift_l(1,1,4,9)                                  7.870     0.000      7.870            0.000   0.550          1           1 
    [Lib: mgc_ioport]                                                                                                                
    mgc_io_sync(0)                                        0.000     0.000      0.000            0.000   0.000         22          22 
                                                                                                                                     
    TOTAL AREA (After Assignment):                    46611.122    32.000  27155.000          147.000                                
    
  Area Scores
                       Post-Scheduling    Post-DP & FSM  Post-Assignment 
    ----------------- ---------------- ---------------- ----------------
    Total Area Score:   35294.7          66493.9          46616.1        
    Total Reg:              0.0              0.0              0.0        
                                                                         
    DataPath:           35294.7 (100%)   66488.9 (100%)   46611.1 (100%) 
      MUX:               1238.3   (4%)    2828.5   (4%)    2773.7   (6%) 
      FUNC:             34049.4  (96%)   63242.4  (95%)   43386.4  (93%) 
      LOGIC:                7.0   (0%)     418.0   (1%)     451.0   (1%) 
      BUFFER:               0.0              0.0              0.0        
      MEM:                  0.0              0.0              0.0        
      ROM:                  0.0              0.0              0.0        
      REG:                  0.0              0.0              0.0        
                                                                         
    
    FSM:                    0.0              5.0   (0%)       5.0   (0%) 
      FSM-REG:              0.0              0.0              0.0        
      FSM-COMB:             0.0              5.0 (100%)       5.0 (100%) 
                                                                         
    
  Register-to-Variable Mappings
    Register                             Size(bits) Gated Register CG Opt Done Variables                                             
    ------------------------------------ ---------- -------------- ----------- -----------------------------------------------------
    COMP_LOOP-1:f2:mul.itm                      128         Y           Y      COMP_LOOP-1:f2:mul.itm                                
    COMP_LOOP-2:f2:mul.itm                      128         Y           Y      COMP_LOOP-2:f2:mul.itm                                
    COMP_LOOP-3:f2:mul.itm                      128         Y           Y      COMP_LOOP-3:f2:mul.itm                                
    COMP_LOOP-4:f2:mul.mut                      128         Y           Y      COMP_LOOP-4:f2:mul.mut                                
    COMP_LOOP-1:acc#1.itm                        65         Y           Y      COMP_LOOP-1:acc#1.itm                                 
                                                                               COMP_LOOP:f2:mux#1.itm                                
                                                                               COMP_LOOP:f2:mux1h#1.itm                              
                                                                               COMP_LOOP:f2:mux1h#2.itm                              
                                                                               COMP_LOOP:f2:mux1h.itm                                
    COMP_LOOP-1:rem:cmp.a                        65                            COMP_LOOP-1:rem:cmp.a                                 
    COMP_LOOP-4:acc#1.itm                        65         Y           Y      COMP_LOOP-4:acc#1.itm                                 
                                                                               COMP_LOOP:f2:mux#4.itm                                
                                                                               tmp#15.sva#1                                          
    reg(COMP_LOOP-1:f2:rem:cmp.a).ftd#1          65                            reg(COMP_LOOP-1:f2:rem:cmp.a).ftd#1                   
    COMP_LOOP-1:f2:rem:cmp.z.oreg                64                            COMP_LOOP-1:f2:rem:cmp.z.oreg                         
    COMP_LOOP-2:acc#1.itm(63:0)                  64         Y           Y      COMP_LOOP-2:acc#1.itm                                 
                                                                               COMP_LOOP:f2:mux#2.itm                                
    COMP_LOOP-3:acc#1.itm(63:0)                  64         Y           Y      COMP_LOOP-3:acc#1.itm                                 
                                                                               COMP_LOOP:f2:mux#3.itm                                
    COMP_LOOP:acc#5.mut(63:0)                    64         Y           Y      COMP_LOOP:acc#5.mut                                   
                                                                               COMP_LOOP:acc#6.mut                                   
                                                                               COMP_LOOP:acc#7.mut                                   
                                                                               COMP_LOOP:acc#8.mut                                   
                                                                               COMP_LOOP:f2:mux.itm                                  
    p.sva                                        64         Y           Y      p.sva                                                 
    reg(COMP_LOOP-1:rem:cmp.b(63:0)).cse         64                            reg(COMP_LOOP-1:rem:cmp.b(63:0)).cse                  
    tmp#15.sva#3                                 64                            tmp#15.sva#3                                          
    tmp#2(127:64).lpi#3.dfm                      64         Y           Y      tmp#2(127:64).lpi#3.dfm                               
    tmp#4(63:0).lpi#3.dfm                        64         Y           Y      tmp#4(63:0).lpi#3.dfm                                 
    tmp#6(127:64).lpi#3.dfm                      64         Y           Y      tmp#6(127:64).lpi#3.dfm                               
    tmp(63:0).lpi#3.dfm                          64         Y           Y      tmp(63:0).lpi#3.dfm                                   
    reg(COMP_LOOP-1:f2:rem:cmp.a).ftd            63                            reg(COMP_LOOP-1:f2:rem:cmp.a).ftd                     
    COPY_LOOP:i(12:2).sva#1                      11         Y           Y      COPY_LOOP:i(12:2).sva#1                               
    COPY_LOOP#1:i(12:3).sva#1                    10         Y           Y      COPY_LOOP#1:i(12:3).sva#1                             
                                                                               COPY_LOOP:i(12:2).sva(9:0)                            
                                                                               COMP_LOOP:slc(COMP_LOOP-4:acc#4)(11-2).psp.sva        
    COMP_LOOP:r(10:2).sva                         9         Y           Y      COMP_LOOP:r(10:2).sva                                 
                                                                               COPY_LOOP#1:i(12:3).sva(8:0)                          
    STAGE_LOOP:base(8:0).sva                      9         Y           Y      STAGE_LOOP:base(8:0).sva                              
    COMP_LOOP-1:f2:and.cse(6:0).sva               7         Y           Y      COMP_LOOP-1:f2:and.cse(6:0).sva                       
    STAGE_LOOP:base:acc.cse.sva                   4         Y           Y      STAGE_LOOP:base:acc.cse.sva                           
                                                                               STAGE_LOOP:c(3:0).sva                                 
    COMP_LOOP-2:acc#1.itm(64)                     1         Y           Y      COMP_LOOP-2:acc#1.itm                                 
                                                                               COMP_LOOP:f2:mux#2.itm                                
    COMP_LOOP-3:acc#1.itm(64)                     1         Y           Y      COMP_LOOP-3:acc#1.itm                                 
                                                                               COMP_LOOP:f2:mux#3.itm                                
    COMP_LOOP:acc#5.mut(64)                       1         Y           Y      COMP_LOOP:acc#5.mut                                   
                                                                               COMP_LOOP:acc#6.mut                                   
                                                                               COMP_LOOP:acc#7.mut                                   
                                                                               COMP_LOOP:acc#8.mut                                   
                                                                               COMP_LOOP:f2:mux.itm                                  
    COMP_LOOP:f2:COMP_LOOP:f2:and#10.itm          1                            COMP_LOOP:f2:COMP_LOOP:f2:and#10.itm                  
    COMP_LOOP:f2:COMP_LOOP:f2:and#11.itm          1                            COMP_LOOP:f2:COMP_LOOP:f2:and#11.itm                  
    COMP_LOOP:f2:COMP_LOOP:f2:and#12.itm          1                            COMP_LOOP:f2:COMP_LOOP:f2:and#12.itm                  
    COMP_LOOP:f2:COMP_LOOP:f2:and#8.itm           1                            COMP_LOOP:f2:COMP_LOOP:f2:and#8.itm                   
    COMP_LOOP:f2:COMP_LOOP:f2:nor#2.itm           1                            COMP_LOOP:f2:COMP_LOOP:f2:nor#2.itm                   
    reg(vec:rsc.triosy(0)(6):obj.ld).cse          1                            reg(vec:rsc.triosy(0)(6):obj.ld).cse                  
    reg(xt:rsc(0)(0).@.cgo).cse                   1                            reg(xt:rsc(0)(0).@.cgo).cse                           
    reg(xt:rsc(0)(1).@.cgo).cse                   1                            reg(xt:rsc(0)(1).@.cgo).cse                           
    reg(xt:rsc(0)(2).@.cgo).cse                   1                            reg(xt:rsc(0)(2).@.cgo).cse                           
    reg(xt:rsc(0)(3).@.cgo).cse                   1                            reg(xt:rsc(0)(3).@.cgo).cse                           
    reg(xt:rsc(0)(4).@.cgo).cse                   1                            reg(xt:rsc(0)(4).@.cgo).cse                           
    reg(xt:rsc(0)(5).@.cgo).cse                   1                            reg(xt:rsc(0)(5).@.cgo).cse                           
    reg(xt:rsc(0)(6).@.cgo).cse                   1                            reg(xt:rsc(0)(6).@.cgo).cse                           
    reg(xt:rsc(0)(7).@.cgo).cse                   1                            reg(xt:rsc(0)(7).@.cgo).cse                           
                                                                                                                                     
    Total:                                     1606           1207        1207 (Total Gating Ratio: 0.75, CG Opt Gating Ratio: 0.75) 
    
  Timing Report
    Critical Path
      Max Delay:  12.442008
      Slack:      0.05799200000000049
      
      Path                                                                       Startpoint                                     Endpoint                                                 Delay   Slack   
      -------------------------------------------------------------------------- ---------------------------------------------- -------------------------------------------------------- ------- -------
      1                                                                          peaceNTT:core/reg(COMP_LOOP-1:f2:rem:cmp.a)    peaceNTT:core:wait_dp/reg(COMP_LOOP-1:f2:rem:cmp.z.oreg) 12.4420 0.0580  
                                                                                                                                                                                                         
        Instance                                                                 Component                                                                                               Delta   Delay   
        --------                                                                 ---------                                                                                               -----   -----   
        peaceNTT:core/reg(COMP_LOOP-1:f2:rem:cmp.a)                              mgc_reg_pos_63_0_0_0_0_0_0                                                                              0.3200  0.3200  
        peaceNTT:core/reg(COMP_LOOP-1:f2:rem:cmp.a).ftd                                                                                                                                  0.0000  0.3200  
        peaceNTT:core/COMP_LOOP:f2:conc#124                                                                                                                                              0.0000  0.3200  
        peaceNTT:core/COMP_LOOP-1:f2:rem:cmp.a                                                                                                                                           0.0000  0.3200  
        peaceNTT/COMP_LOOP-1:f2:rem:cmp.a                                                                                                                                                0.0000  0.3200  
        peaceNTT/COMP_LOOP-1:f2:rem:cmp                                          mgc_rem_128_64_0                                                                                        12.1220 12.4420 
        peaceNTT/COMP_LOOP-1:f2:rem:cmp.z                                                                                                                                                0.0000  12.4420 
        peaceNTT:core/COMP_LOOP-1:f2:rem:cmp.z                                                                                                                                           0.0000  12.4420 
        peaceNTT:core:wait_dp/COMP_LOOP-1:f2:rem:cmp.z                                                                                                                                   0.0000  12.4420 
        peaceNTT:core:wait_dp/reg(COMP_LOOP-1:f2:rem:cmp.z.oreg)                 mgc_reg_pos_64_0_0_0_0_0_0                                                                              0.0000  12.4420 
                                                                                                                                                                                                         
      2                                                                          peaceNTT:core/reg(COMP_LOOP-1:rem:cmp.b(63:0)) peaceNTT:core:wait_dp/reg(COMP_LOOP-1:f2:rem:cmp.z.oreg) 12.4420 0.0580  
                                                                                                                                                                                                         
        Instance                                                                 Component                                                                                               Delta   Delay   
        --------                                                                 ---------                                                                                               -----   -----   
        peaceNTT:core/reg(COMP_LOOP-1:rem:cmp.b(63:0))                           mgc_reg_pos_64_0_0_0_0_0_0                                                                              0.3200  0.3200  
        peaceNTT:core/reg(COMP_LOOP-1:rem:cmp.b(63:0)).cse                                                                                                                               0.0000  0.3200  
        peaceNTT:core/COMP_LOOP:f2:asn(COMP_LOOP-1:f2:rem:cmp.b)                                                                                                                         0.0000  0.3200  
        peaceNTT:core/COMP_LOOP-1:f2:rem:cmp.b                                                                                                                                           0.0000  0.3200  
        peaceNTT/COMP_LOOP-1:f2:rem:cmp.b                                                                                                                                                0.0000  0.3200  
        peaceNTT/COMP_LOOP-1:f2:rem:cmp                                          mgc_rem_128_64_0                                                                                        12.1220 12.4420 
        peaceNTT/COMP_LOOP-1:f2:rem:cmp.z                                                                                                                                                0.0000  12.4420 
        peaceNTT:core/COMP_LOOP-1:f2:rem:cmp.z                                                                                                                                           0.0000  12.4420 
        peaceNTT:core:wait_dp/COMP_LOOP-1:f2:rem:cmp.z                                                                                                                                   0.0000  12.4420 
        peaceNTT:core:wait_dp/reg(COMP_LOOP-1:f2:rem:cmp.z.oreg)                 mgc_reg_pos_64_0_0_0_0_0_0                                                                              0.0000  12.4420 
                                                                                                                                                                                                         
      3                                                                          peaceNTT:core/reg(COMP_LOOP-1:f2:rem:cmp.a)#1  peaceNTT:core:wait_dp/reg(COMP_LOOP-1:f2:rem:cmp.z.oreg) 12.4420 0.0580  
                                                                                                                                                                                                         
        Instance                                                                 Component                                                                                               Delta   Delay   
        --------                                                                 ---------                                                                                               -----   -----   
        peaceNTT:core/reg(COMP_LOOP-1:f2:rem:cmp.a)#1                            mgc_reg_pos_65_0_0_0_0_0_0                                                                              0.3200  0.3200  
        peaceNTT:core/reg(COMP_LOOP-1:f2:rem:cmp.a).ftd#1                                                                                                                                0.0000  0.3200  
        peaceNTT:core/COMP_LOOP:f2:conc#124                                                                                                                                              0.0000  0.3200  
        peaceNTT:core/COMP_LOOP-1:f2:rem:cmp.a                                                                                                                                           0.0000  0.3200  
        peaceNTT/COMP_LOOP-1:f2:rem:cmp.a                                                                                                                                                0.0000  0.3200  
        peaceNTT/COMP_LOOP-1:f2:rem:cmp                                          mgc_rem_128_64_0                                                                                        12.1220 12.4420 
        peaceNTT/COMP_LOOP-1:f2:rem:cmp.z                                                                                                                                                0.0000  12.4420 
        peaceNTT:core/COMP_LOOP-1:f2:rem:cmp.z                                                                                                                                           0.0000  12.4420 
        peaceNTT:core:wait_dp/COMP_LOOP-1:f2:rem:cmp.z                                                                                                                                   0.0000  12.4420 
        peaceNTT:core:wait_dp/reg(COMP_LOOP-1:f2:rem:cmp.z.oreg)                 mgc_reg_pos_64_0_0_0_0_0_0                                                                              0.0000  12.4420 
                                                                                                                                                                                                         
      4                                                                          peaceNTT:core/reg(COMP_LOOP-1:acc#1)           peaceNTT:core/reg(COMP_LOOP-1:f2:rem:cmp.a)              12.0761 0.4239  
                                                                                                                                                                                                         
        Instance                                                                 Component                                                                                               Delta   Delay   
        --------                                                                 ---------                                                                                               -----   -----   
        peaceNTT:core/reg(COMP_LOOP-1:acc#1)                                     mgc_reg_pos_65_0_0_0_0_1_1                                                                              0.3200  0.3200  
        peaceNTT:core/COMP_LOOP-1:acc#1.itm                                                                                                                                              0.0000  0.3200  
        peaceNTT:core/COMP_LOOP:f2:slc(COMP_LOOP-1:acc#1.itm)(63-0)#1                                                                                                                    0.0000  0.3200  
        peaceNTT:core/COMP_LOOP:f2:slc(COMP_LOOP-1:acc#1.itm)(63-0)#1.itm                                                                                                                0.0000  0.3200  
        peaceNTT:core/COMP_LOOP-4:f2:mul                                         mgc_mul_64_0_64_0_128                                                                                   9.7061  10.0261 
        peaceNTT:core/COMP_LOOP-4:f2:mul.mut:mx0w0                                                                                                                                       0.0000  10.0261 
        peaceNTT:core/COMP_LOOP:f2:slc(COMP_LOOP-4:f2:mul.mut:mx0w0)(127-65)                                                                                                             0.0000  10.0261 
        peaceNTT:core/COMP_LOOP:f2:slc(COMP_LOOP-4:f2:mul.mut:mx0w0)(127-65).itm                                                                                                         0.0000  10.0261 
        peaceNTT:core/COMP_LOOP:f2:mux1h                                         mgc_mux1hot_63_5                                                                                        1.5000  11.5261 
        peaceNTT:core/COMP_LOOP:f2:mux1h.itm                                                                                                                                             0.0000  11.5261 
        peaceNTT:core/COMP_LOOP:f2:and#13                                        mgc_and_63_2                                                                                            0.5500  12.0761 
        peaceNTT:core/COMP_LOOP:f2:and#13.itm                                                                                                                                            0.0000  12.0761 
        peaceNTT:core/reg(COMP_LOOP-1:f2:rem:cmp.a)                              mgc_reg_pos_63_0_0_0_0_0_0                                                                              0.0000  12.0761 
                                                                                                                                                                                                         
      5                                                                          peaceNTT:core/reg(COMP_LOOP-4:acc#1)           peaceNTT:core/reg(COMP_LOOP-1:f2:rem:cmp.a)              12.0761 0.4239  
                                                                                                                                                                                                         
        Instance                                                                 Component                                                                                               Delta   Delay   
        --------                                                                 ---------                                                                                               -----   -----   
        peaceNTT:core/reg(COMP_LOOP-4:acc#1)                                     mgc_reg_pos_65_0_0_0_0_1_1                                                                              0.3200  0.3200  
        peaceNTT:core/COMP_LOOP-4:acc#1.itm                                                                                                                                              0.0000  0.3200  
        peaceNTT:core/COMP_LOOP:f2:slc(COMP_LOOP-4:acc#1.itm)(63-0)                                                                                                                      0.0000  0.3200  
        peaceNTT:core/COMP_LOOP:f2:slc(COMP_LOOP-4:acc#1.itm)(63-0).itm                                                                                                                  0.0000  0.3200  
        peaceNTT:core/COMP_LOOP-4:f2:mul                                         mgc_mul_64_0_64_0_128                                                                                   9.7061  10.0261 
        peaceNTT:core/COMP_LOOP-4:f2:mul.mut:mx0w0                                                                                                                                       0.0000  10.0261 
        peaceNTT:core/COMP_LOOP:f2:slc(COMP_LOOP-4:f2:mul.mut:mx0w0)(127-65)                                                                                                             0.0000  10.0261 
        peaceNTT:core/COMP_LOOP:f2:slc(COMP_LOOP-4:f2:mul.mut:mx0w0)(127-65).itm                                                                                                         0.0000  10.0261 
        peaceNTT:core/COMP_LOOP:f2:mux1h                                         mgc_mux1hot_63_5                                                                                        1.5000  11.5261 
        peaceNTT:core/COMP_LOOP:f2:mux1h.itm                                                                                                                                             0.0000  11.5261 
        peaceNTT:core/COMP_LOOP:f2:and#13                                        mgc_and_63_2                                                                                            0.5500  12.0761 
        peaceNTT:core/COMP_LOOP:f2:and#13.itm                                                                                                                                            0.0000  12.0761 
        peaceNTT:core/reg(COMP_LOOP-1:f2:rem:cmp.a)                              mgc_reg_pos_63_0_0_0_0_0_0                                                                              0.0000  12.0761 
                                                                                                                                                                                                         
      6                                                                          peaceNTT:core/peaceNTT:core_core:fsm:inst      peaceNTT:core/reg(COMP_LOOP-3:f2:mul)                    11.9061 0.5939  
                                                                                                                                                                                                         
        Instance                                                                 Component                                                                                               Delta   Delay   
        --------                                                                 ---------                                                                                               -----   -----   
        peaceNTT:core/peaceNTT:core_core:fsm:inst                                peaceNTT:core_core:fsm                                                                                  0.0000  0.0000  
        peaceNTT:core/fsm_output                                                                                                                                                         0.0000  0.0000  
        peaceNTT:core/slc(fsm_output)(2)#68                                                                                                                                              0.0000  0.0000  
        peaceNTT:core/slc(fsm_output)(2)#68.itm                                                                                                                                          0.0000  0.0000  
        peaceNTT:core/not#428                                                    mgc_not_1                                                                                               0.0000  0.0000  
        peaceNTT:core/not#428.itm                                                                                                                                                        0.0000  0.0000  
        peaceNTT:core/and#7                                                      mgc_and_1_2                                                                                             0.5500  0.5500  
        peaceNTT:core/and.dcpl#6                                                                                                                                                         0.0000  0.5500  
        peaceNTT:core/and#319                                                    mgc_and_1_3                                                                                             0.5500  1.1000  
        peaceNTT:core/and.dcpl#273                                                                                                                                                       0.0000  1.1000  
        peaceNTT:core/and#320                                                    mgc_and_1_2                                                                                             0.5500  1.6500  
        peaceNTT:core/and#320.itm                                                                                                                                                        0.0000  1.6500  
        peaceNTT:core/COMP_LOOP:f2:mux1h#10                                      mgc_mux1hot_64_3                                                                                        0.5500  2.2000  
        peaceNTT:core/COMP_LOOP:f2:mux1h#10.itm                                                                                                                                          0.0000  2.2000  
        peaceNTT:core/COMP_LOOP-1:f2:mul:rg                                      mgc_mul_64_0_64_0_128                                                                                   9.7061  11.9061 
        peaceNTT:core/z.out#4                                                                                                                                                            0.0000  11.9061 
        peaceNTT:core/reg(COMP_LOOP-3:f2:mul)                                    mgc_reg_pos_128_0_0_0_0_1_1                                                                             0.0000  11.9061 
                                                                                                                                                                                                         
      7                                                                          peaceNTT:core/peaceNTT:core_core:fsm:inst      peaceNTT:core/reg(COMP_LOOP-3:f2:mul)                    11.9061 0.5939  
                                                                                                                                                                                                         
        Instance                                                                 Component                                                                                               Delta   Delay   
        --------                                                                 ---------                                                                                               -----   -----   
        peaceNTT:core/peaceNTT:core_core:fsm:inst                                peaceNTT:core_core:fsm                                                                                  0.0000  0.0000  
        peaceNTT:core/fsm_output                                                                                                                                                         0.0000  0.0000  
        peaceNTT:core/slc(fsm_output)(2)#68                                                                                                                                              0.0000  0.0000  
        peaceNTT:core/slc(fsm_output)(2)#68.itm                                                                                                                                          0.0000  0.0000  
        peaceNTT:core/not#428                                                    mgc_not_1                                                                                               0.0000  0.0000  
        peaceNTT:core/not#428.itm                                                                                                                                                        0.0000  0.0000  
        peaceNTT:core/and#7                                                      mgc_and_1_2                                                                                             0.5500  0.5500  
        peaceNTT:core/and.dcpl#6                                                                                                                                                         0.0000  0.5500  
        peaceNTT:core/and#319                                                    mgc_and_1_3                                                                                             0.5500  1.1000  
        peaceNTT:core/and.dcpl#273                                                                                                                                                       0.0000  1.1000  
        peaceNTT:core/and#323                                                    mgc_and_1_4                                                                                             0.5500  1.6500  
        peaceNTT:core/and#323.itm                                                                                                                                                        0.0000  1.6500  
        peaceNTT:core/COMP_LOOP:f2:mux1h#10                                      mgc_mux1hot_64_3                                                                                        0.5500  2.2000  
        peaceNTT:core/COMP_LOOP:f2:mux1h#10.itm                                                                                                                                          0.0000  2.2000  
        peaceNTT:core/COMP_LOOP-1:f2:mul:rg                                      mgc_mul_64_0_64_0_128                                                                                   9.7061  11.9061 
        peaceNTT:core/z.out#4                                                                                                                                                            0.0000  11.9061 
        peaceNTT:core/reg(COMP_LOOP-3:f2:mul)                                    mgc_reg_pos_128_0_0_0_0_1_1                                                                             0.0000  11.9061 
                                                                                                                                                                                                         
      8                                                                          peaceNTT:core/peaceNTT:core_core:fsm:inst      peaceNTT:core/reg(COMP_LOOP-3:f2:mul)                    11.9061 0.5939  
                                                                                                                                                                                                         
        Instance                                                                 Component                                                                                               Delta   Delay   
        --------                                                                 ---------                                                                                               -----   -----   
        peaceNTT:core/peaceNTT:core_core:fsm:inst                                peaceNTT:core_core:fsm                                                                                  0.0000  0.0000  
        peaceNTT:core/fsm_output                                                                                                                                                         0.0000  0.0000  
        peaceNTT:core/slc(fsm_output)(3)#97                                                                                                                                              0.0000  0.0000  
        peaceNTT:core/slc(fsm_output)(3)#97.itm                                                                                                                                          0.0000  0.0000  
        peaceNTT:core/and#7                                                      mgc_and_1_2                                                                                             0.5500  0.5500  
        peaceNTT:core/and.dcpl#6                                                                                                                                                         0.0000  0.5500  
        peaceNTT:core/and#319                                                    mgc_and_1_3                                                                                             0.5500  1.1000  
        peaceNTT:core/and.dcpl#273                                                                                                                                                       0.0000  1.1000  
        peaceNTT:core/and#323                                                    mgc_and_1_4                                                                                             0.5500  1.6500  
        peaceNTT:core/and#323.itm                                                                                                                                                        0.0000  1.6500  
        peaceNTT:core/COMP_LOOP:f2:mux1h#10                                      mgc_mux1hot_64_3                                                                                        0.5500  2.2000  
        peaceNTT:core/COMP_LOOP:f2:mux1h#10.itm                                                                                                                                          0.0000  2.2000  
        peaceNTT:core/COMP_LOOP-1:f2:mul:rg                                      mgc_mul_64_0_64_0_128                                                                                   9.7061  11.9061 
        peaceNTT:core/z.out#4                                                                                                                                                            0.0000  11.9061 
        peaceNTT:core/reg(COMP_LOOP-3:f2:mul)                                    mgc_reg_pos_128_0_0_0_0_1_1                                                                             0.0000  11.9061 
                                                                                                                                                                                                         
      9                                                                          peaceNTT:core/peaceNTT:core_core:fsm:inst      peaceNTT:core/reg(COMP_LOOP-3:f2:mul)                    11.9061 0.5939  
                                                                                                                                                                                                         
        Instance                                                                 Component                                                                                               Delta   Delay   
        --------                                                                 ---------                                                                                               -----   -----   
        peaceNTT:core/peaceNTT:core_core:fsm:inst                                peaceNTT:core_core:fsm                                                                                  0.0000  0.0000  
        peaceNTT:core/fsm_output                                                                                                                                                         0.0000  0.0000  
        peaceNTT:core/slc(fsm_output)(7)                                                                                                                                                 0.0000  0.0000  
        peaceNTT:core/slc(fsm_output)(7).itm                                                                                                                                             0.0000  0.0000  
        peaceNTT:core/nor                                                        mgc_nor_1_2                                                                                             0.5500  0.5500  
        peaceNTT:core/nor.cse#1                                                                                                                                                          0.0000  0.5500  
        peaceNTT:core/and#316                                                    mgc_and_1_3                                                                                             0.5500  1.1000  
        peaceNTT:core/and.dcpl#270                                                                                                                                                       0.0000  1.1000  
        peaceNTT:core/and#320                                                    mgc_and_1_2                                                                                             0.5500  1.6500  
        peaceNTT:core/and#320.itm                                                                                                                                                        0.0000  1.6500  
        peaceNTT:core/COMP_LOOP:f2:mux1h#10                                      mgc_mux1hot_64_3                                                                                        0.5500  2.2000  
        peaceNTT:core/COMP_LOOP:f2:mux1h#10.itm                                                                                                                                          0.0000  2.2000  
        peaceNTT:core/COMP_LOOP-1:f2:mul:rg                                      mgc_mul_64_0_64_0_128                                                                                   9.7061  11.9061 
        peaceNTT:core/z.out#4                                                                                                                                                            0.0000  11.9061 
        peaceNTT:core/reg(COMP_LOOP-3:f2:mul)                                    mgc_reg_pos_128_0_0_0_0_1_1                                                                             0.0000  11.9061 
                                                                                                                                                                                                         
      10                                                                         peaceNTT:core/peaceNTT:core_core:fsm:inst      peaceNTT:core/reg(COMP_LOOP-3:f2:mul)                    11.9061 0.5939  
                                                                                                                                                                                                         
        Instance                                                                 Component                                                                                               Delta   Delay   
        --------                                                                 ---------                                                                                               -----   -----   
        peaceNTT:core/peaceNTT:core_core:fsm:inst                                peaceNTT:core_core:fsm                                                                                  0.0000  0.0000  
        peaceNTT:core/fsm_output                                                                                                                                                         0.0000  0.0000  
        peaceNTT:core/slc(fsm_output)(7)                                                                                                                                                 0.0000  0.0000  
        peaceNTT:core/slc(fsm_output)(7).itm                                                                                                                                             0.0000  0.0000  
        peaceNTT:core/nor                                                        mgc_nor_1_2                                                                                             0.5500  0.5500  
        peaceNTT:core/nor.cse#1                                                                                                                                                          0.0000  0.5500  
        peaceNTT:core/and#316                                                    mgc_and_1_3                                                                                             0.5500  1.1000  
        peaceNTT:core/and.dcpl#270                                                                                                                                                       0.0000  1.1000  
        peaceNTT:core/and#326                                                    mgc_and_1_4                                                                                             0.5500  1.6500  
        peaceNTT:core/and#326.itm                                                                                                                                                        0.0000  1.6500  
        peaceNTT:core/COMP_LOOP:f2:mux1h#10                                      mgc_mux1hot_64_3                                                                                        0.5500  2.2000  
        peaceNTT:core/COMP_LOOP:f2:mux1h#10.itm                                                                                                                                          0.0000  2.2000  
        peaceNTT:core/COMP_LOOP-1:f2:mul:rg                                      mgc_mul_64_0_64_0_128                                                                                   9.7061  11.9061 
        peaceNTT:core/z.out#4                                                                                                                                                            0.0000  11.9061 
        peaceNTT:core/reg(COMP_LOOP-3:f2:mul)                                    mgc_reg_pos_128_0_0_0_0_1_1                                                                             0.0000  11.9061 
                                                                                                                                                                                                         
      
    Register Input and Register-to-Output Slack
      Clock period or pin-to-reg delay constraint (clk): 12.5
      Clock uncertainty constraint (clk)               : 0.0
      
      Instance                                                 Port                                                              Slack (Delay) Messages 
      -------------------------------------------------------- --------------------------------------------------------------- ------- ------- --------
      peaceNTT:core/reg(p)                                     p:rsci.idat                                                     12.5000  0.0000          
      peaceNTT:core/reg(xt:rsc(0)(0).@.cgo)                    not#549.itm                                                     10.3700  2.1300          
      peaceNTT:core/reg(xt:rsc(0)(1).@.cgo)                    not#550.itm                                                     10.3700  2.1300          
      peaceNTT:core/reg(xt:rsc(0)(2).@.cgo)                    mux#88.rmff                                                      9.8200  2.6800          
      peaceNTT:core/reg(xt:rsc(0)(3).@.cgo)                    mux#99.rmff                                                      9.8200  2.6800          
      peaceNTT:core/reg(xt:rsc(0)(4).@.cgo)                    mux#109.rmff                                                     9.7400  2.7600          
      peaceNTT:core/reg(xt:rsc(0)(5).@.cgo)                    mux#122.rmff                                                     9.7400  2.7600          
      peaceNTT:core/reg(xt:rsc(0)(6).@.cgo)                    mux#130.rmff                                                     9.7400  2.7600          
      peaceNTT:core/reg(xt:rsc(0)(7).@.cgo)                    mux#140.rmff                                                     9.7400  2.7600          
      peaceNTT:core/reg(vec:rsc.triosy(0)(6):obj.ld)           and#133.itm                                                     10.6850  1.8150          
      peaceNTT:core/reg(COMP_LOOP-1:rem:cmp.a)                 COMP_LOOP:COMP_LOOP:mux#5.itm                                    7.9600  4.5400          
      peaceNTT:core/reg(COMP_LOOP-1:rem:cmp.b(63:0))           p.sva                                                           12.1800  0.3200          
      peaceNTT:core/reg(COPY_LOOP#1:i(12:3))                   COPY_LOOP#1:i:asn(COPY_LOOP#1:i(12:3).sva#1:COPY_LOOP:i:and.itm  9.6700  2.8300          
      peaceNTT:core/reg(COPY_LOOP:i(12:2))                     z.out#2                                                          9.7350  2.7650          
      peaceNTT:core/reg(STAGE_LOOP:base:acc)                   STAGE_LOOP:base:STAGE_LOOP:base:mux.itm                         10.2050  2.2950          
      peaceNTT:core/reg(COMP_LOOP:r(10:2))                     and.itm                                                         10.1400  2.3600          
      peaceNTT:core/reg(STAGE_LOOP:base(8:0))                  STAGE_LOOP:base:lshift.itm                                       9.7350  2.7650          
      peaceNTT:core/reg(COMP_LOOP-1:f2:and.cse(6:0))           COMP_LOOP-1:f2:and.cse(6:0).sva#1                               11.0800  1.4200          
      peaceNTT:core/reg(COMP_LOOP:f2:COMP_LOOP:f2:nor#2)       COMP_LOOP:f2:COMP_LOOP:f2:nor#2.itm#3                           11.0800  1.4200          
      peaceNTT:core/reg(COMP_LOOP:f2:COMP_LOOP:f2:and#8)       COMP_LOOP:f2:COMP_LOOP:f2:and#8.itm#3                           11.0800  1.4200          
      peaceNTT:core/reg(COMP_LOOP:f2:COMP_LOOP:f2:and#10)      COMP_LOOP:f2:COMP_LOOP:f2:and#10.itm#3                          11.0800  1.4200          
      peaceNTT:core/reg(COMP_LOOP:f2:COMP_LOOP:f2:and#11)      COMP_LOOP:f2:COMP_LOOP:f2:and#11.itm#3                          11.0800  1.4200          
      peaceNTT:core/reg(COMP_LOOP:f2:COMP_LOOP:f2:and#12)      COMP_LOOP:f2:COMP_LOOP:f2:and#12.itm#3                          11.0800  1.4200          
      peaceNTT:core/reg(COMP_LOOP-1:acc#1)                     COMP_LOOP:COMP_LOOP:mux.itm                                      7.9750  4.5250          
      peaceNTT:core/reg(COMP_LOOP-2:acc#1)                     slc(COMP_LOOP:COMP_LOOP:mux#1.rgt)(64).itm                       7.9750  4.5250          
      peaceNTT:core/reg(COMP_LOOP-2:acc#1)#1                   slc(COMP_LOOP:COMP_LOOP:mux#1.rgt)(63-0).itm                     7.9750  4.5250          
      peaceNTT:core/reg(COMP_LOOP-3:acc#1)                     slc(COMP_LOOP:COMP_LOOP:mux#2.rgt)(64).itm                       7.9750  4.5250          
      peaceNTT:core/reg(COMP_LOOP-3:acc#1)#1                   slc(COMP_LOOP:COMP_LOOP:mux#2.rgt)(63-0).itm                     7.9750  4.5250          
      peaceNTT:core/reg(COMP_LOOP-4:acc#1)                     COMP_LOOP:COMP_LOOP:mux#3.itm                                    7.9750  4.5250          
      peaceNTT:core/reg(COMP_LOOP:acc#5.mut)                   slc(COMP_LOOP:COMP_LOOP:mux#4.rgt)(64).itm                       7.9600  4.5400          
      peaceNTT:core/reg(COMP_LOOP:acc#5.mut)#1                 slc(COMP_LOOP:COMP_LOOP:mux#4.rgt)(63-0).itm                     7.9600  4.5400          
      peaceNTT:core/reg(tmp#2(127:64).lpi#3.dfm)               COMP_LOOP:f1:mux1h.itm                                           8.8000  3.7000          
      peaceNTT:core/reg(tmp(63:0).lpi#3.dfm)                   COMP_LOOP:f2:mux1h#7.itm                                         8.8000  3.7000          
      peaceNTT:core/reg                                        twiddle:rsc(0)(5)i.q_d                                           8.5200  3.9800          
      peaceNTT:core/reg(tmp#4(63:0).lpi#3.dfm)                 COMP_LOOP:f2:mux1h#8.itm                                         8.8000  3.7000          
      peaceNTT:core/reg(tmp#6(127:64).lpi#3.dfm)               COMP_LOOP:f1:mux#3.itm                                          11.6300  0.8700          
      peaceNTT:core/reg(COMP_LOOP-4:f2:mul.mut)                COMP_LOOP-4:f2:mul.mut:mx0w0                                     0.4239 12.0761          
      peaceNTT:core/reg(COMP_LOOP-3:f2:mul)                    z.out#4                                                          0.5939 11.9061          
      peaceNTT:core/reg(COMP_LOOP-2:f2:mul)                    z.out#4                                                          0.5939 11.9061          
      peaceNTT:core/reg(COMP_LOOP-1:f2:mul)                    z.out#4                                                          0.5939 11.9061          
      peaceNTT:core/reg(COMP_LOOP-1:f2:rem:cmp.a)              COMP_LOOP:f2:and#13.itm                                          0.4239 12.0761          
      peaceNTT:core/reg(COMP_LOOP-1:f2:rem:cmp.a)#1            COMP_LOOP:f2:mux1h#9.itm                                         0.9739 11.5261          
      peaceNTT:core:wait_dp/reg(COMP_LOOP-1:f2:rem:cmp.z.oreg) COMP_LOOP-1:f2:rem:cmp.z                                         0.0580 12.4420          
      peaceNTT                                                 vec:rsc(0)(0).radr                                              11.6800  0.8200          
      peaceNTT                                                 vec:rsc.triosy(0)(0).lz                                         12.1800  0.3200          
      peaceNTT                                                 vec:rsc(0)(2).radr                                              11.6800  0.8200          
      peaceNTT                                                 vec:rsc.triosy(0)(2).lz                                         12.1800  0.3200          
      peaceNTT                                                 vec:rsc(0)(4).radr                                              11.6800  0.8200          
      peaceNTT                                                 vec:rsc.triosy(0)(4).lz                                         12.1800  0.3200          
      peaceNTT                                                 vec:rsc(0)(6).radr                                              11.6800  0.8200          
      peaceNTT                                                 vec:rsc.triosy(0)(6).lz                                         12.1800  0.3200          
      peaceNTT                                                 p:rsc.triosy.lz                                                 12.1800  0.3200          
      peaceNTT                                                 g:rsc.triosy.lz                                                 12.1800  0.3200          
      peaceNTT                                                 result:rsc(0)(0).wadr                                           10.3500  2.1500          
      peaceNTT                                                 result:rsc(0)(0).d                                               4.6304  7.8696          
      peaceNTT                                                 result:rsc(0)(0).we                                             10.8200  1.6800          
      peaceNTT                                                 result:rsc(0)(0).radr                                           11.6800  0.8200          
      peaceNTT                                                 result:rsc.triosy(0)(0).lz                                      12.1800  0.3200          
      peaceNTT                                                 result:rsc(0)(1).wadr                                           10.9000  1.6000          
      peaceNTT                                                 result:rsc(0)(1).d                                               4.6304  7.8696          
      peaceNTT                                                 result:rsc(0)(1).we                                             10.8200  1.6800          
      peaceNTT                                                 result:rsc.triosy(0)(1).lz                                      12.1800  0.3200          
      peaceNTT                                                 result:rsc(0)(2).wadr                                           10.3500  2.1500          
      peaceNTT                                                 result:rsc(0)(2).d                                               4.6304  7.8696          
      peaceNTT                                                 result:rsc(0)(2).we                                             10.2700  2.2300          
      peaceNTT                                                 result:rsc(0)(2).radr                                           11.6800  0.8200          
      peaceNTT                                                 result:rsc.triosy(0)(2).lz                                      12.1800  0.3200          
      peaceNTT                                                 result:rsc(0)(3).wadr                                           10.9000  1.6000          
      peaceNTT                                                 result:rsc(0)(3).d                                               4.6304  7.8696          
      peaceNTT                                                 result:rsc(0)(3).we                                             10.8200  1.6800          
      peaceNTT                                                 result:rsc.triosy(0)(3).lz                                      12.1800  0.3200          
      peaceNTT                                                 result:rsc(0)(4).wadr                                           10.3500  2.1500          
      peaceNTT                                                 result:rsc(0)(4).d                                               4.6304  7.8696          
      peaceNTT                                                 result:rsc(0)(4).we                                             10.8200  1.6800          
      peaceNTT                                                 result:rsc(0)(4).radr                                           11.6800  0.8200          
      peaceNTT                                                 result:rsc.triosy(0)(4).lz                                      12.1800  0.3200          
      peaceNTT                                                 result:rsc(0)(5).wadr                                           10.9000  1.6000          
      peaceNTT                                                 result:rsc(0)(5).d                                               4.6304  7.8696          
      peaceNTT                                                 result:rsc(0)(5).we                                             10.8200  1.6800          
      peaceNTT                                                 result:rsc.triosy(0)(5).lz                                      12.1800  0.3200          
      peaceNTT                                                 result:rsc(0)(6).wadr                                           10.3500  2.1500          
      peaceNTT                                                 result:rsc(0)(6).d                                               4.6304  7.8696          
      peaceNTT                                                 result:rsc(0)(6).we                                             10.2700  2.2300          
      peaceNTT                                                 result:rsc(0)(6).radr                                           11.6800  0.8200          
      peaceNTT                                                 result:rsc.triosy(0)(6).lz                                      12.1800  0.3200          
      peaceNTT                                                 result:rsc(0)(7).wadr                                           10.9000  1.6000          
      peaceNTT                                                 result:rsc(0)(7).d                                               4.6304  7.8696          
      peaceNTT                                                 result:rsc(0)(7).we                                             10.8200  1.6800          
      peaceNTT                                                 result:rsc.triosy(0)(7).lz                                      12.1800  0.3200          
      peaceNTT                                                 twiddle:rsc(0)(0).radr                                          10.2700  2.2300          
      peaceNTT                                                 twiddle:rsc.triosy(0)(0).lz                                     12.1800  0.3200          
      peaceNTT                                                 twiddle:rsc(0)(1).radr                                          10.2700  2.2300          
      peaceNTT                                                 twiddle:rsc.triosy(0)(1).lz                                     12.1800  0.3200          
      peaceNTT                                                 twiddle:rsc(0)(2).radr                                          10.2700  2.2300          
      peaceNTT                                                 twiddle:rsc.triosy(0)(2).lz                                     12.1800  0.3200          
      peaceNTT                                                 twiddle:rsc(0)(3).radr                                          11.1300  1.3700          
      peaceNTT                                                 twiddle:rsc.triosy(0)(3).lz                                     12.1800  0.3200          
      peaceNTT                                                 twiddle:rsc(0)(4).radr                                          10.2700  2.2300          
      peaceNTT                                                 twiddle:rsc.triosy(0)(4).lz                                     12.1800  0.3200          
      peaceNTT                                                 twiddle:rsc(0)(5).radr                                          10.2700  2.2300          
      peaceNTT                                                 twiddle:rsc.triosy(0)(5).lz                                     12.1800  0.3200          
      peaceNTT                                                 twiddle:rsc(0)(6).radr                                          10.2700  2.2300          
      peaceNTT                                                 twiddle:rsc.triosy(0)(6).lz                                     12.1800  0.3200          
      peaceNTT                                                 twiddle:rsc(0)(7).radr                                          11.1300  1.3700          
      peaceNTT                                                 twiddle:rsc.triosy(0)(7).lz                                     12.1800  0.3200          
      
  Operator Bitwidth Summary
    Operation Size (bits) Count 
    --------- ----------- -----
    add                         
    -                  65     2 
    -                   5     1 
    -                  11     1 
    -                  10     1 
    and                         
    -                   9     1 
    -                   7     1 
    -                  63     1 
    -                  10     1 
    -                   1   164 
    lshift                      
    -                   9     1 
    mul                         
    -                 128     2 
    mux                         
    -                   7     2 
    -                  65     6 
    -                  64    12 
    -                   6     2 
    -                   4     1 
    -                  10     2 
    -                   1   147 
    mux1h                       
    -                  65     1 
    -                  64     8 
    -                  63     1 
    nand                        
    -                   1    15 
    nor                         
    -                   1    78 
    not                         
    -                  64     1 
    -                   1   230 
    or                          
    -                   1    87 
    read_port                   
    -                  64     1 
    read_sync                   
    -                   0    22 
    reg                         
    -                   9     2 
    -                   7     1 
    -                  65     4 
    -                  64    11 
    -                  63     1 
    -                   4     1 
    -                 128     4 
    -                  11     1 
    -                  10     1 
    -                   1    17 
    rem                         
    -                  65     1 
    -                  64     1 
    write_ram                   
    -                   0     8 
    
  End of Report
