-- Catapult Ultra Synthesis: Report                                              
-- ------------------------- ---------------------------------------------------
-- Version:                  10.5c/896140 Production Release                     
-- Build Date:               Sun Sep  6 22:45:38 PDT 2020                        
                                                                                 
-- Generated by:             yl7897@newnano.poly.edu                             
-- Generated date:           Mon Sep 13 19:44:19 EDT 2021                        

Solution Settings: inPlaceNTT_DIF_precomp.v9
  Current state: extract
  Project: Catapult
  
  Design Input Files Specified
    $PROJECT_HOME/src/utils.cpp
    $PROJECT_HOME/src/ntt.cpp
      $PROJECT_HOME/include/ntt.h
        $MGC_HOME/shared/include/ac_sync.h
          $MGC_HOME/shared/include/ac_channel.h
        $PROJECT_HOME/include/config.h
          $MGC_HOME/shared/include/ac_int.h
    $PROJECT_HOME/src/main.cpp
  
  Processes/Blocks in Design
    Process                      Real Operation(s) count Latency Throughput Reset Length II Comments 
    ---------------------------- ----------------------- ------- ---------- ------------ -- --------
    /inPlaceNTT_DIF_precomp/core                      38  102517     102523            0  0        ? 
    Design Total:                                     38  102517     102523            0  0          
    
  Bill Of Materials (Datapath)
    Component Name                                       Area Score Area(DSP) Area(LUTs) Area(MUX_CARRYs) Delay Post Alloc Post Assign 
    ---------------------------------------------------- ---------- --------- ---------- ---------------- ----- ---------- -----------
    [Lib: Xilinx_RAMS]                                                                                                                 
    BLOCK_2R1W_RBW_DUAL_rport(16,10,32,1024,1024,32,1)        0.000     0.000      0.000            0.000 2.400          1           0 
    BLOCK_2R1W_RBW_DUAL_rport(17,10,32,1024,1024,32,1)        0.000     0.000      0.000            0.000 2.400          1           0 
    BLOCK_DPRAM_RBW_DUAL_rwport(13,10,32,1024,1024,32,1)      0.000     0.000      0.000            0.000 2.400          2           0 
    [Lib: ccs_ioport]                                                                                                                  
    ccs_in(14,32)                                             0.000     0.000      0.000            0.000 0.000          1           1 
    ccs_in(15,32)                                             0.000     0.000      0.000            0.000 0.000          1           0 
    ccs_sync_in_wait(12)                                      0.000     0.000      0.000            0.000 0.000          1           1 
    ccs_sync_out_wait(18)                                     0.000     0.000      0.000            0.000 0.000          1           1 
    [Lib: cluster]                                                                                                                     
    modulo_add_4e8eb5d29cd6616994f3ae99c3f0659b60c5()        96.000     0.000      0.000            0.000 0.320          1           1 
    modulo_sub_b34d1fc81f426503f0338916345b2acd634e()        64.000     0.000      0.000            0.000 0.320          1           1 
    mult_dd399d4082bfb1cbfba92496f4a2a48f70bd()            6293.000     0.000      0.000            0.000 0.320          1           1 
    [Lib: mgc_Xilinx-VIRTEX-7-2_beh]                                                                                                   
    mgc_add(10,0,10,0,10)                                    10.000     0.000     10.000            9.000 1.035          3           2 
    mgc_add(10,0,10,0,11)                                    10.000     0.000     10.000            9.000 1.035          0           1 
    mgc_add(10,0,2,1,11)                                     10.000     0.000     10.000            9.000 1.035          1           0 
    mgc_add(11,0,10,0,11)                                    11.000     0.000     11.000           10.000 1.050          1           0 
    mgc_add(11,0,11,0,11)                                    11.000     0.000     11.000           10.000 1.050          1           1 
    mgc_add(32,0,32,0,32)                                    32.000     0.000     32.000           31.000 1.365          2           2 
    mgc_add(4,0,1,1,4)                                        4.000     0.000      4.000            3.000 0.945          1           1 
    mgc_add(4,0,4,0,4)                                        4.000     0.000      4.000            3.000 0.945          1           1 
    mgc_add(5,0,2,1,5)                                        5.000     0.000      5.000            4.000 0.960          1           1 
    mgc_and(1,2)                                              1.000     0.000      1.000            0.000 0.550          0          35 
    mgc_and(10,2)                                            10.000     0.000     10.000            0.000 0.550          0           2 
    mgc_and(2,2)                                              2.000     0.000      2.000            0.000 0.550          0           1 
    mgc_mul(10,0,10,0,10)                                   608.000     1.000      0.000            0.000 3.713          1           1 
    mgc_mux(1,1,2)                                            1.000     0.000      1.000            0.000 0.080          0           1 
    mgc_mux(10,1,2)                                          10.000     0.000     10.000            0.000 0.080          0           2 
    mgc_mux(11,1,2)                                          11.000     0.000     11.000            0.000 0.080          0           2 
    mgc_mux(32,1,2)                                          32.000     0.000     32.000            0.000 0.080          0           5 
    mgc_mux(4,1,2)                                            4.000     0.000      4.000            0.000 0.080          0           2 
    mgc_mux1hot(10,3)                                        14.463     0.000     14.463            0.000 0.550          0           1 
    mgc_nor(1,2)                                              1.000     0.000      1.000            0.000 0.550          0          12 
    mgc_nor(1,6)                                              1.000     0.000      1.000            0.000 0.550          0           1 
    mgc_not(1)                                                0.000     0.000      0.000            0.000 0.000          0          25 
    mgc_not(10)                                               0.000     0.000      0.000            0.000 0.000          0           1 
    mgc_not(32)                                               0.000     0.000      0.000            0.000 0.000          0           1 
    mgc_not(4)                                                0.000     0.000      0.000            0.000 0.000          0           2 
    mgc_or(1,2)                                               1.000     0.000      1.000            0.000 0.550          0           9 
    mgc_or(1,3)                                               1.000     0.000      1.000            0.000 0.550          0           4 
    mgc_or(1,5)                                               1.000     0.000      1.000            0.000 0.550          0           1 
    mgc_reg_pos(1,0,0,0,0,1,1)                                0.000     0.000      0.000            0.000 0.320          0           1 
    mgc_reg_pos(1,0,0,1,1,0,0)                                0.000     0.000      0.000            0.000 0.320          0           7 
    mgc_reg_pos(1,0,0,1,1,1,1)                                0.000     0.000      0.000            0.000 0.320          0           9 
    mgc_reg_pos(10,0,0,0,0,1,1)                               0.000     0.000      0.000            0.000 0.320          0           3 
    mgc_reg_pos(11,0,0,0,0,1,1)                               0.000     0.000      0.000            0.000 0.320          0           1 
    mgc_reg_pos(11,0,0,1,1,1,1)                               0.000     0.000      0.000            0.000 0.320          0           1 
    mgc_reg_pos(32,0,0,0,0,1,1)                               0.000     0.000      0.000            0.000 0.320          0           7 
    mgc_reg_pos(4,0,0,0,0,1,1)                                0.000     0.000      0.000            0.000 0.320          0           1 
    mgc_shift_l(1,0,4,10)                                     8.738     0.000      8.738            0.000 0.550          1           0 
    mgc_shift_l(1,0,4,11)                                     9.595     0.000      9.595            0.000 0.550          1           1 
    [Lib: mgc_ioport]                                                                                                                  
    mgc_io_sync(0)                                            0.000     0.000      0.000            0.000 0.000          5           5 
                                                                                                                                       
    TOTAL AREA (After Assignment):                         7498.058     1.000    437.000          109.000                              
    
  Area Scores
                      Post-Scheduling   Post-DP & FSM Post-Assignment 
    ----------------- --------------- --------------- ---------------
    Total Area Score:   7218.3          7625.1          7503.1        
    Total Reg:             0.0             0.0             0.0        
                                                                      
    DataPath:           7218.3 (100%)   7620.1 (100%)   7498.1 (100%) 
      MUX:                 0.0           377.7   (5%)    225.5   (3%) 
      FUNC:             7218.3 (100%)   7154.3  (94%)   7188.6  (96%) 
      LOGIC:               0.0            88.0   (1%)     84.0   (1%) 
      BUFFER:              0.0             0.0             0.0        
      MEM:                 0.0             0.0             0.0        
      ROM:                 0.0             0.0             0.0        
      REG:                 0.0             0.0             0.0        
                                                                      
    
    FSM:                   0.0             5.0   (0%)      5.0   (0%) 
      FSM-REG:             0.0             0.0             0.0        
      FSM-COMB:            0.0             5.0 (100%)      5.0 (100%) 
                                                                      
    
  Register-to-Variable Mappings
    Register                          Size(bits) Gated Register CG Opt Done Variables                                             
    --------------------------------- ---------- -------------- ----------- -----------------------------------------------------
    COMP_LOOP:twiddle_f.sva                   32         Y           Y      COMP_LOOP:twiddle_f.sva                               
    COMP_LOOP:twiddle_help.sva                32         Y           Y      COMP_LOOP:twiddle_help.sva                            
    p.sva                                     32         Y           Y      p.sva                                                 
    twiddle:rsci.qb_d.bfwt                    32         Y           Y      twiddle:rsci.qb_d.bfwt                                
    twiddle_h:rsci.qb_d.bfwt                  32         Y           Y      twiddle_h:rsci.qb_d.bfwt                              
    vec:rsci.qa_d.bfwt(31:0)                  32         Y           Y      vec:rsci.qa_d.bfwt(31:0)                              
    vec:rsci.qa_d.bfwt(63:32)                 32         Y           Y      vec:rsci.qa_d.bfwt(63:32)                             
    STAGE_LOOP:lshift.psp.sva                 11         Y           Y      STAGE_LOOP:lshift.psp.sva                             
    VEC_LOOP:j(10:0).sva#1                    11         Y           Y      VEC_LOOP:j(10:0).sva#1                                
    COMP_LOOP:k(10:0).sva(9:0)                10         Y           Y      COMP_LOOP:k(10:0).sva(9:0)                            
    VEC_LOOP:acc#1.cse.sva                    10         Y           Y      VEC_LOOP:acc#1.cse.sva                                
                                                                            VEC_LOOP:j(10:0).sva(9:0)                             
    VEC_LOOP:acc#10.cse.sva                   10         Y           Y      VEC_LOOP:acc#10.cse.sva                               
    STAGE_LOOP:i(3:0).sva                      4         Y           Y      STAGE_LOOP:i(3:0).sva                                 
    complete:rsci.bcwt                         1                            complete:rsci.bcwt                                    
    core.wten.reg                              1                            core.wten.reg                                         
    reg(complete:rsci.oswt).cse                1         Y                  reg(complete:rsci.oswt).cse                           
    reg(ensig.cgo#1).cse                       1         Y                  reg(ensig.cgo#1).cse                                  
    reg(ensig.cgo).cse                         1         Y                  reg(ensig.cgo).cse                                    
    reg(run:rsci.oswt).cse                     1         Y                  reg(run:rsci.oswt).cse                                
    reg(twiddle:rsci.oswt).cse                 1         Y                  reg(twiddle:rsci.oswt).cse                            
    reg(vec:rsc.triosy:obj.iswt0).cse          1         Y                  reg(vec:rsc.triosy:obj.iswt0).cse                     
    reg(vec:rsci.oswt#1).cse                   1         Y                  reg(vec:rsci.oswt#1).cse                              
    reg(vec:rsci.oswt).cse                     1         Y                  reg(vec:rsci.oswt).cse                                
    run:rsci.bcwt                              1                            run:rsci.bcwt                                         
    run:rsci.ivld.bfwt                         1         Y           Y      run:rsci.ivld.bfwt                                    
    run_ac_sync_tmp_dobj.sva                   1         Y           Y      run_ac_sync_tmp_dobj.sva                              
    twiddle:rsci.bcwt                          1                            twiddle:rsci.bcwt                                     
    twiddle_h:rsci.bcwt                        1                            twiddle_h:rsci.bcwt                                   
    vec:rsci.bcwt                              1                            vec:rsci.bcwt                                         
    vec:rsci.bcwt#1                            1                            vec:rsci.bcwt#1                                       
                                                                                                                                  
    Total:                                   297            290         282 (Total Gating Ratio: 0.98, CG Opt Gating Ratio: 0.95) 
    
  Timing Report
    Critical Path
      Max Delay:  8.615601
      Slack:      1.3843990000000002
      
      Path                                                                                 Startpoint                                                                         Endpoint                               Delay  Slack  
      ------------------------------------------------------------------------------------ ---------------------------------------------------------------------------------- -------------------------------------- ------ ------
      1                                                                                    inPlaceNTT_DIF_precomp:core:complete:rsci:complete:wait_dp/reg(complete:rsci.bcwt) inPlaceNTT_DIF_precomp:core/mult():cmp 8.6156 1.3844 
                                                                                                                                                                                                                                   
        Instance                                                                           Component                                                                                                                 Delta  Delay  
        --------                                                                           ---------                                                                                                                 -----  -----  
        inPlaceNTT_DIF_precomp:core:complete:rsci:complete:wait_dp/reg(complete:rsci.bcwt) mgc_reg_pos_1_0_0_1_1_0_0                                                                                                 0.3200 0.3200 
        inPlaceNTT_DIF_precomp:core:complete:rsci:complete:wait_dp/complete:rsci.bcwt                                                                                                                                0.0000 0.3200 
        inPlaceNTT_DIF_precomp:core:complete:rsci/complete:rsci.bcwt                                                                                                                                                 0.0000 0.3200 
        inPlaceNTT_DIF_precomp:core:complete:rsci:complete:wait_ctrl/complete:rsci.bcwt                                                                                                                              0.0000 0.3200 
        inPlaceNTT_DIF_precomp:core:complete:rsci:complete:wait_ctrl/if:not#2              mgc_not_1                                                                                                                 0.0000 0.3200 
        inPlaceNTT_DIF_precomp:core:complete:rsci:complete:wait_ctrl/if:not#2.itm                                                                                                                                    0.0000 0.3200 
        inPlaceNTT_DIF_precomp:core:complete:rsci:complete:wait_ctrl/if:and#7              mgc_and_1_2                                                                                                               0.5500 0.8700 
        inPlaceNTT_DIF_precomp:core:complete:rsci:complete:wait_ctrl/complete:rsci.ogwt                                                                                                                              0.0000 0.8700 
        inPlaceNTT_DIF_precomp:core:complete:rsci:complete:wait_ctrl/if:and#5              mgc_and_1_2                                                                                                               0.5500 1.4200 
        inPlaceNTT_DIF_precomp:core:complete:rsci:complete:wait_ctrl/complete:rsci.biwt                                                                                                                              0.0000 1.4200 
        inPlaceNTT_DIF_precomp:core:complete:rsci/complete:rsci.biwt                                                                                                                                                 0.0000 1.4200 
        inPlaceNTT_DIF_precomp:core:complete:rsci:complete:wait_dp/complete:rsci.biwt                                                                                                                                0.0000 1.4200 
        inPlaceNTT_DIF_precomp:core:complete:rsci:complete:wait_dp/if:or#2                 mgc_or_1_3                                                                                                                0.5500 1.9700 
        inPlaceNTT_DIF_precomp:core:complete:rsci:complete:wait_dp/complete:rsci.wen_comp                                                                                                                            0.0000 1.9700 
        inPlaceNTT_DIF_precomp:core:complete:rsci/complete:rsci.wen_comp                                                                                                                                             0.0000 1.9700 
        inPlaceNTT_DIF_precomp:core/complete:rsci.wen_comp                                                                                                                                                           0.0000 1.9700 
        inPlaceNTT_DIF_precomp:core:wait_dp/core.wen                                                                                                                                                                 0.0000 1.9700 
        inPlaceNTT_DIF_precomp:core:wait_dp/VEC_LOOP:and#11                                mgc_and_1_2                                                                                                               0.5500 2.5200 
        inPlaceNTT_DIF_precomp:core:wait_dp/mult():cmp.ccs_ccore_en                                                                                                                                                  0.0000 2.5200 
        inPlaceNTT_DIF_precomp:core/mult():cmp.ccs_ccore_en                                                                                                                                                          0.0000 2.5200 
        inPlaceNTT_DIF_precomp:core/mult():cmp                                             mult                                                                                                                      0.0000 8.6156 
                                                                                                                                                                                                                                   
      2                                                                                    inPlaceNTT_DIF_precomp:core/reg(complete:rsci.oswt)                                inPlaceNTT_DIF_precomp:core/mult():cmp 8.6156 1.3844 
                                                                                                                                                                                                                                   
        Instance                                                                           Component                                                                                                                 Delta  Delay  
        --------                                                                           ---------                                                                                                                 -----  -----  
        inPlaceNTT_DIF_precomp:core/reg(complete:rsci.oswt)                                mgc_reg_pos_1_0_0_1_1_1_1                                                                                                 0.3200 0.3200 
        inPlaceNTT_DIF_precomp:core/reg(complete:rsci.oswt).cse                                                                                                                                                      0.0000 0.3200 
        inPlaceNTT_DIF_precomp:core:complete:rsci/complete:rsci.oswt                                                                                                                                                 0.0000 0.3200 
        inPlaceNTT_DIF_precomp:core:complete:rsci:complete:wait_ctrl/complete:rsci.oswt                                                                                                                              0.0000 0.3200 
        inPlaceNTT_DIF_precomp:core:complete:rsci:complete:wait_ctrl/if:and#7              mgc_and_1_2                                                                                                               0.5500 0.8700 
        inPlaceNTT_DIF_precomp:core:complete:rsci:complete:wait_ctrl/complete:rsci.ogwt                                                                                                                              0.0000 0.8700 
        inPlaceNTT_DIF_precomp:core:complete:rsci:complete:wait_ctrl/if:and#5              mgc_and_1_2                                                                                                               0.5500 1.4200 
        inPlaceNTT_DIF_precomp:core:complete:rsci:complete:wait_ctrl/complete:rsci.biwt                                                                                                                              0.0000 1.4200 
        inPlaceNTT_DIF_precomp:core:complete:rsci/complete:rsci.biwt                                                                                                                                                 0.0000 1.4200 
        inPlaceNTT_DIF_precomp:core:complete:rsci:complete:wait_dp/complete:rsci.biwt                                                                                                                                0.0000 1.4200 
        inPlaceNTT_DIF_precomp:core:complete:rsci:complete:wait_dp/if:or#2                 mgc_or_1_3                                                                                                                0.5500 1.9700 
        inPlaceNTT_DIF_precomp:core:complete:rsci:complete:wait_dp/complete:rsci.wen_comp                                                                                                                            0.0000 1.9700 
        inPlaceNTT_DIF_precomp:core:complete:rsci/complete:rsci.wen_comp                                                                                                                                             0.0000 1.9700 
        inPlaceNTT_DIF_precomp:core/complete:rsci.wen_comp                                                                                                                                                           0.0000 1.9700 
        inPlaceNTT_DIF_precomp:core:wait_dp/core.wen                                                                                                                                                                 0.0000 1.9700 
        inPlaceNTT_DIF_precomp:core:wait_dp/VEC_LOOP:and#11                                mgc_and_1_2                                                                                                               0.5500 2.5200 
        inPlaceNTT_DIF_precomp:core:wait_dp/mult():cmp.ccs_ccore_en                                                                                                                                                  0.0000 2.5200 
        inPlaceNTT_DIF_precomp:core/mult():cmp.ccs_ccore_en                                                                                                                                                          0.0000 2.5200 
        inPlaceNTT_DIF_precomp:core/mult():cmp                                             mult                                                                                                                      0.0000 8.6156 
                                                                                                                                                                                                                                   
      3                                                                                    inPlaceNTT_DIF_precomp:core/inPlaceNTT_DIF_precomp:core_core:fsm:inst              inPlaceNTT_DIF_precomp:core/mult():cmp 7.7456 2.2544 
                                                                                                                                                                                                                                   
        Instance                                                                           Component                                                                                                                 Delta  Delay  
        --------                                                                           ---------                                                                                                                 -----  -----  
        inPlaceNTT_DIF_precomp:core/inPlaceNTT_DIF_precomp:core_core:fsm:inst              inPlaceNTT_DIF_precomp:core_core:fsm                                                                                      0.0000 0.0000 
        inPlaceNTT_DIF_precomp:core/fsm_output                                                                                                                                                                       0.0000 0.0000 
        inPlaceNTT_DIF_precomp:core/slc(fsm_output)(8)                                                                                                                                                               0.0000 0.0000 
        inPlaceNTT_DIF_precomp:core/slc(fsm_output)(8).itm                                                                                                                                                           0.0000 0.0000 
        inPlaceNTT_DIF_precomp:core/or#8                                                   mgc_or_1_2                                                                                                                0.5500 0.5500 
        inPlaceNTT_DIF_precomp:core/or.dcpl#4                                                                                                                                                                        0.0000 0.5500 
        inPlaceNTT_DIF_precomp:core/or#29                                                  mgc_or_1_2                                                                                                                0.5500 1.1000 
        inPlaceNTT_DIF_precomp:core/or#29.rmff                                                                                                                                                                       0.0000 1.1000 
        inPlaceNTT_DIF_precomp:core:wait_dp/ensig.cgo_iro                                                                                                                                                            0.0000 1.1000 
        inPlaceNTT_DIF_precomp:core:wait_dp/VEC_LOOP:or#2                                  mgc_or_1_2                                                                                                                0.0000 1.1000 
        inPlaceNTT_DIF_precomp:core:wait_dp/VEC_LOOP:or#2.itm                                                                                                                                                        0.0000 1.1000 
        inPlaceNTT_DIF_precomp:core:wait_dp/VEC_LOOP:and#11                                mgc_and_1_2                                                                                                               0.5500 1.6500 
        inPlaceNTT_DIF_precomp:core:wait_dp/mult():cmp.ccs_ccore_en                                                                                                                                                  0.0000 1.6500 
        inPlaceNTT_DIF_precomp:core/mult():cmp.ccs_ccore_en                                                                                                                                                          0.0000 1.6500 
        inPlaceNTT_DIF_precomp:core/mult():cmp                                             mult                                                                                                                      0.8700 7.7456 
                                                                                                                                                                                                                                   
      4                                                                                    inPlaceNTT_DIF_precomp:core/inPlaceNTT_DIF_precomp:core_core:fsm:inst              inPlaceNTT_DIF_precomp:core/mult():cmp 7.7456 2.2544 
                                                                                                                                                                                                                                   
        Instance                                                                           Component                                                                                                                 Delta  Delay  
        --------                                                                           ---------                                                                                                                 -----  -----  
        inPlaceNTT_DIF_precomp:core/inPlaceNTT_DIF_precomp:core_core:fsm:inst              inPlaceNTT_DIF_precomp:core_core:fsm                                                                                      0.0000 0.0000 
        inPlaceNTT_DIF_precomp:core/fsm_output                                                                                                                                                                       0.0000 0.0000 
        inPlaceNTT_DIF_precomp:core/slc(fsm_output)(7)                                                                                                                                                               0.0000 0.0000 
        inPlaceNTT_DIF_precomp:core/slc(fsm_output)(7).itm                                                                                                                                                           0.0000 0.0000 
        inPlaceNTT_DIF_precomp:core/or#8                                                   mgc_or_1_2                                                                                                                0.5500 0.5500 
        inPlaceNTT_DIF_precomp:core/or.dcpl#4                                                                                                                                                                        0.0000 0.5500 
        inPlaceNTT_DIF_precomp:core/or#29                                                  mgc_or_1_2                                                                                                                0.5500 1.1000 
        inPlaceNTT_DIF_precomp:core/or#29.rmff                                                                                                                                                                       0.0000 1.1000 
        inPlaceNTT_DIF_precomp:core:wait_dp/ensig.cgo_iro                                                                                                                                                            0.0000 1.1000 
        inPlaceNTT_DIF_precomp:core:wait_dp/VEC_LOOP:or#2                                  mgc_or_1_2                                                                                                                0.0000 1.1000 
        inPlaceNTT_DIF_precomp:core:wait_dp/VEC_LOOP:or#2.itm                                                                                                                                                        0.0000 1.1000 
        inPlaceNTT_DIF_precomp:core:wait_dp/VEC_LOOP:and#11                                mgc_and_1_2                                                                                                               0.5500 1.6500 
        inPlaceNTT_DIF_precomp:core:wait_dp/mult():cmp.ccs_ccore_en                                                                                                                                                  0.0000 1.6500 
        inPlaceNTT_DIF_precomp:core/mult():cmp.ccs_ccore_en                                                                                                                                                          0.0000 1.6500 
        inPlaceNTT_DIF_precomp:core/mult():cmp                                             mult                                                                                                                      0.8700 7.7456 
                                                                                                                                                                                                                                   
      5                                                                                    inPlaceNTT_DIF_precomp:core:complete:rsci:complete:wait_ctrl/complete:rsci.irdy    inPlaceNTT_DIF_precomp:core/mult():cmp 7.7456 2.2544 
                                                                                                                                                                                                                                   
        Instance                                                                           Component                                                                                                                 Delta  Delay  
        --------                                                                           ---------                                                                                                                 -----  -----  
        inPlaceNTT_DIF_precomp:core:complete:rsci:complete:wait_ctrl/complete:rsci.irdy                                                                                                                              0.0000 0.0000 
        inPlaceNTT_DIF_precomp:core:complete:rsci:complete:wait_ctrl/if:and#5              mgc_and_1_2                                                                                                               0.5500 0.5500 
        inPlaceNTT_DIF_precomp:core:complete:rsci:complete:wait_ctrl/complete:rsci.biwt                                                                                                                              0.0000 0.5500 
        inPlaceNTT_DIF_precomp:core:complete:rsci/complete:rsci.biwt                                                                                                                                                 0.0000 0.5500 
        inPlaceNTT_DIF_precomp:core:complete:rsci:complete:wait_dp/complete:rsci.biwt                                                                                                                                0.0000 0.5500 
        inPlaceNTT_DIF_precomp:core:complete:rsci:complete:wait_dp/if:or#2                 mgc_or_1_3                                                                                                                0.5500 1.1000 
        inPlaceNTT_DIF_precomp:core:complete:rsci:complete:wait_dp/complete:rsci.wen_comp                                                                                                                            0.0000 1.1000 
        inPlaceNTT_DIF_precomp:core:complete:rsci/complete:rsci.wen_comp                                                                                                                                             0.0000 1.1000 
        inPlaceNTT_DIF_precomp:core/complete:rsci.wen_comp                                                                                                                                                           0.0000 1.1000 
        inPlaceNTT_DIF_precomp:core:wait_dp/core.wen                                                                                                                                                                 0.0000 1.1000 
        inPlaceNTT_DIF_precomp:core:wait_dp/VEC_LOOP:and#11                                mgc_and_1_2                                                                                                               0.5500 1.6500 
        inPlaceNTT_DIF_precomp:core:wait_dp/mult():cmp.ccs_ccore_en                                                                                                                                                  0.0000 1.6500 
        inPlaceNTT_DIF_precomp:core/mult():cmp.ccs_ccore_en                                                                                                                                                          0.0000 1.6500 
        inPlaceNTT_DIF_precomp:core/mult():cmp                                             mult                                                                                                                      0.8700 7.7456 
                                                                                                                                                                                                                                   
      6                                                                                    inPlaceNTT_DIF_precomp:core/reg(complete:rsci.oswt)                                inPlaceNTT_DIF_precomp:core/mult():cmp 7.5156 2.4844 
                                                                                                                                                                                                                                   
        Instance                                                                           Component                                                                                                                 Delta  Delay  
        --------                                                                           ---------                                                                                                                 -----  -----  
        inPlaceNTT_DIF_precomp:core/reg(complete:rsci.oswt)                                mgc_reg_pos_1_0_0_1_1_1_1                                                                                                 0.3200 0.3200 
        inPlaceNTT_DIF_precomp:core/reg(complete:rsci.oswt).cse                                                                                                                                                      0.0000 0.3200 
        inPlaceNTT_DIF_precomp:core:complete:rsci/complete:rsci.oswt                                                                                                                                                 0.0000 0.3200 
        inPlaceNTT_DIF_precomp:core:complete:rsci:complete:wait_dp/complete:rsci.oswt                                                                                                                                0.0000 0.3200 
        inPlaceNTT_DIF_precomp:core:complete:rsci:complete:wait_dp/if:not#3                mgc_not_1                                                                                                                 0.0000 0.3200 
        inPlaceNTT_DIF_precomp:core:complete:rsci:complete:wait_dp/if:not#3.itm                                                                                                                                      0.0000 0.3200 
        inPlaceNTT_DIF_precomp:core:complete:rsci:complete:wait_dp/if:or#2                 mgc_or_1_3                                                                                                                0.5500 0.8700 
        inPlaceNTT_DIF_precomp:core:complete:rsci:complete:wait_dp/complete:rsci.wen_comp                                                                                                                            0.0000 0.8700 
        inPlaceNTT_DIF_precomp:core:complete:rsci/complete:rsci.wen_comp                                                                                                                                             0.0000 0.8700 
        inPlaceNTT_DIF_precomp:core/complete:rsci.wen_comp                                                                                                                                                           0.0000 0.8700 
        inPlaceNTT_DIF_precomp:core:wait_dp/core.wen                                                                                                                                                                 0.0000 0.8700 
        inPlaceNTT_DIF_precomp:core:wait_dp/VEC_LOOP:and#11                                mgc_and_1_2                                                                                                               0.5500 1.4200 
        inPlaceNTT_DIF_precomp:core:wait_dp/mult():cmp.ccs_ccore_en                                                                                                                                                  0.0000 1.4200 
        inPlaceNTT_DIF_precomp:core/mult():cmp.ccs_ccore_en                                                                                                                                                          0.0000 1.4200 
        inPlaceNTT_DIF_precomp:core/mult():cmp                                             mult                                                                                                                      1.1000 7.5156 
                                                                                                                                                                                                                                   
      7                                                                                    inPlaceNTT_DIF_precomp:core:complete:rsci:complete:wait_dp/reg(complete:rsci.bcwt) inPlaceNTT_DIF_precomp:core/mult():cmp 7.5156 2.4844 
                                                                                                                                                                                                                                   
        Instance                                                                           Component                                                                                                                 Delta  Delay  
        --------                                                                           ---------                                                                                                                 -----  -----  
        inPlaceNTT_DIF_precomp:core:complete:rsci:complete:wait_dp/reg(complete:rsci.bcwt) mgc_reg_pos_1_0_0_1_1_0_0                                                                                                 0.3200 0.3200 
        inPlaceNTT_DIF_precomp:core:complete:rsci:complete:wait_dp/complete:rsci.bcwt                                                                                                                                0.0000 0.3200 
        inPlaceNTT_DIF_precomp:core:complete:rsci:complete:wait_dp/if:or#2                 mgc_or_1_3                                                                                                                0.5500 0.8700 
        inPlaceNTT_DIF_precomp:core:complete:rsci:complete:wait_dp/complete:rsci.wen_comp                                                                                                                            0.0000 0.8700 
        inPlaceNTT_DIF_precomp:core:complete:rsci/complete:rsci.wen_comp                                                                                                                                             0.0000 0.8700 
        inPlaceNTT_DIF_precomp:core/complete:rsci.wen_comp                                                                                                                                                           0.0000 0.8700 
        inPlaceNTT_DIF_precomp:core:wait_dp/core.wen                                                                                                                                                                 0.0000 0.8700 
        inPlaceNTT_DIF_precomp:core:wait_dp/VEC_LOOP:and#11                                mgc_and_1_2                                                                                                               0.5500 1.4200 
        inPlaceNTT_DIF_precomp:core:wait_dp/mult():cmp.ccs_ccore_en                                                                                                                                                  0.0000 1.4200 
        inPlaceNTT_DIF_precomp:core/mult():cmp.ccs_ccore_en                                                                                                                                                          0.0000 1.4200 
        inPlaceNTT_DIF_precomp:core/mult():cmp                                             mult                                                                                                                      1.1000 7.5156 
                                                                                                                                                                                                                                   
      8                                                                                    inPlaceNTT_DIF_precomp:core/inPlaceNTT_DIF_precomp:core_core:fsm:inst              inPlaceNTT_DIF_precomp:core/mult():cmp 7.1956 2.8044 
                                                                                                                                                                                                                                   
        Instance                                                                           Component                                                                                                                 Delta  Delay  
        --------                                                                           ---------                                                                                                                 -----  -----  
        inPlaceNTT_DIF_precomp:core/inPlaceNTT_DIF_precomp:core_core:fsm:inst              inPlaceNTT_DIF_precomp:core_core:fsm                                                                                      0.0000 0.0000 
        inPlaceNTT_DIF_precomp:core/fsm_output                                                                                                                                                                       0.0000 0.0000 
        inPlaceNTT_DIF_precomp:core/slc(fsm_output)(6)#3                                                                                                                                                             0.0000 0.0000 
        inPlaceNTT_DIF_precomp:core/slc(fsm_output)(6)#3.itm                                                                                                                                                         0.0000 0.0000 
        inPlaceNTT_DIF_precomp:core/or#29                                                  mgc_or_1_2                                                                                                                0.5500 0.5500 
        inPlaceNTT_DIF_precomp:core/or#29.rmff                                                                                                                                                                       0.0000 0.5500 
        inPlaceNTT_DIF_precomp:core:wait_dp/ensig.cgo_iro                                                                                                                                                            0.0000 0.5500 
        inPlaceNTT_DIF_precomp:core:wait_dp/VEC_LOOP:or#2                                  mgc_or_1_2                                                                                                                0.0000 0.5500 
        inPlaceNTT_DIF_precomp:core:wait_dp/VEC_LOOP:or#2.itm                                                                                                                                                        0.0000 0.5500 
        inPlaceNTT_DIF_precomp:core:wait_dp/VEC_LOOP:and#11                                mgc_and_1_2                                                                                                               0.5500 1.1000 
        inPlaceNTT_DIF_precomp:core:wait_dp/mult():cmp.ccs_ccore_en                                                                                                                                                  0.0000 1.1000 
        inPlaceNTT_DIF_precomp:core/mult():cmp.ccs_ccore_en                                                                                                                                                          0.0000 1.1000 
        inPlaceNTT_DIF_precomp:core/mult():cmp                                             mult                                                                                                                      1.4200 7.1956 
                                                                                                                                                                                                                                   
      9                                                                                    inPlaceNTT_DIF_precomp:core/reg(ensig.cgo)                                         inPlaceNTT_DIF_precomp:core/mult():cmp 6.9656 3.0344 
                                                                                                                                                                                                                                   
        Instance                                                                           Component                                                                                                                 Delta  Delay  
        --------                                                                           ---------                                                                                                                 -----  -----  
        inPlaceNTT_DIF_precomp:core/reg(ensig.cgo)                                         mgc_reg_pos_1_0_0_1_1_1_1                                                                                                 0.3200 0.3200 
        inPlaceNTT_DIF_precomp:core/reg(ensig.cgo).cse                                                                                                                                                               0.0000 0.3200 
        inPlaceNTT_DIF_precomp:core:wait_dp/ensig.cgo                                                                                                                                                                0.0000 0.3200 
        inPlaceNTT_DIF_precomp:core:wait_dp/VEC_LOOP:or#2                                  mgc_or_1_2                                                                                                                0.0000 0.3200 
        inPlaceNTT_DIF_precomp:core:wait_dp/VEC_LOOP:or#2.itm                                                                                                                                                        0.0000 0.3200 
        inPlaceNTT_DIF_precomp:core:wait_dp/VEC_LOOP:and#11                                mgc_and_1_2                                                                                                               0.5500 0.8700 
        inPlaceNTT_DIF_precomp:core:wait_dp/mult():cmp.ccs_ccore_en                                                                                                                                                  0.0000 0.8700 
        inPlaceNTT_DIF_precomp:core/mult():cmp.ccs_ccore_en                                                                                                                                                          0.0000 0.8700 
        inPlaceNTT_DIF_precomp:core/mult():cmp                                             mult                                                                                                                      1.6500 6.9656 
                                                                                                                                                                                                                                   
      10                                                                                   inPlaceNTT_DIF_precomp:core/modulo_sub():cmp                                       inPlaceNTT_DIF_precomp:core/mult():cmp 6.4156 3.5844 
                                                                                                                                                                                                                                   
        Instance                                                                           Component                                                                                                                 Delta  Delay  
        --------                                                                           ---------                                                                                                                 -----  -----  
        inPlaceNTT_DIF_precomp:core/modulo_sub():cmp                                       modulo_sub                                                                                                                0.3200 0.3200 
        inPlaceNTT_DIF_precomp:core/modulo_sub():cmp.return_rsc_z                                                                                                                                                    0.0000 0.3200 
        inPlaceNTT_DIF_precomp:core/mult():cmp                                             mult                                                                                                                      0.0000 6.4156 
                                                                                                                                                                                                                                   
      
    Register Input and Register-to-Output Slack
      Clock period or pin-to-reg delay constraint (clk): 10.0
      Clock uncertainty constraint (clk)               : 0.0
      
      Instance                                                                                           Port                                     Slack (Delay) Messages 
      -------------------------------------------------------------------------------------------------- -------------------------------------- ------- ------- --------
      inPlaceNTT_DIF_precomp:core/reg(run:rsci.oswt)                                                     slc(fsm_output)(0)#2.itm               10.0000  0.0000          
      inPlaceNTT_DIF_precomp:core/reg(vec:rsci.oswt)                                                     or#17.rmff                              8.3500  1.6500          
      inPlaceNTT_DIF_precomp:core/reg(vec:rsci.oswt#1)                                                   slc(fsm_output)(4)#8.itm               10.0000  0.0000          
      inPlaceNTT_DIF_precomp:core/reg(twiddle:rsci.oswt)                                                 slc(fsm_output)(2)#1.itm               10.0000  0.0000          
      inPlaceNTT_DIF_precomp:core/reg(complete:rsci.oswt)                                                and#49.itm                              7.2250  2.7750          
      inPlaceNTT_DIF_precomp:core/reg(vec:rsc.triosy:obj.iswt0)                                          slc(fsm_output)(13)#1.itm              10.0000  0.0000          
      inPlaceNTT_DIF_precomp:core/reg(ensig.cgo)                                                         or#29.rmff                              2.2544  7.7456          
      inPlaceNTT_DIF_precomp:core/reg(ensig.cgo#1)                                                       or#31.rmff                              7.4550  2.5450          
      inPlaceNTT_DIF_precomp:core/reg(STAGE_LOOP:i(3:0))                                                 STAGE_LOOP:i:STAGE_LOOP:i:mux.itm       8.6550  1.3450          
      inPlaceNTT_DIF_precomp:core/reg(p)                                                                 p:rsci.idat                            10.0000  0.0000          
      inPlaceNTT_DIF_precomp:core/reg(run_ac_sync_tmp_dobj)                                              run:rsci.ivld.mxwt                      9.6000  0.4000          
      inPlaceNTT_DIF_precomp:core/reg(STAGE_LOOP:lshift.psp)                                             z.out                                   4.3925  5.6075          
      inPlaceNTT_DIF_precomp:core/reg(COMP_LOOP:k(10:0).sva(9:0))                                        COMP_LOOP:k:COMP_LOOP:k:and.itm         8.0150  1.9850          
      inPlaceNTT_DIF_precomp:core/reg(COMP_LOOP:twiddle_help)                                            twiddle_h:rsci.qb_d.mxwt                7.5200  2.4800          
      inPlaceNTT_DIF_precomp:core/reg(COMP_LOOP:twiddle_f)                                               twiddle:rsci.qb_d.mxwt                  7.5200  2.4800          
      inPlaceNTT_DIF_precomp:core/reg(VEC_LOOP:acc#1)                                                    COMP_LOOP:k:COMP_LOOP:k:and#1.itm       8.0150  1.9850          
      inPlaceNTT_DIF_precomp:core/reg(VEC_LOOP:j(10:0))                                                  z.out#1                                 7.4350  2.5650          
      inPlaceNTT_DIF_precomp:core/reg(VEC_LOOP:acc#10)                                                   VEC_LOOP:acc#10.cse.sva#1               7.5300  2.4700          
      inPlaceNTT_DIF_precomp:core:run:rsci:run:wait_dp/reg(run:rsci.bcwt)                                if:nor.itm                              6.9300  3.0700          
      inPlaceNTT_DIF_precomp:core:run:rsci:run:wait_dp/reg(run:rsci.ivld.bfwt)                           run:rsci.ivld                           9.9200  0.0800          
      inPlaceNTT_DIF_precomp:core:vec:rsci#1:vec:rsc.@:wait_dp/reg(vec:rsci.bcwt)                        VEC_LOOP:nor.itm                        6.9300  3.0700          
      inPlaceNTT_DIF_precomp:core:vec:rsci#1:vec:rsc.@:wait_dp/reg(vec:rsci.bcwt#1)                      VEC_LOOP:nor#2.itm                      6.9300  3.0700          
      inPlaceNTT_DIF_precomp:core:vec:rsci#1:vec:rsc.@:wait_dp/reg(vec:rsci.qa_d.bfwt)                   VEC_LOOP:slc(vec:rsci.qa_d)(63-32).itm  7.6000  2.4000          
      inPlaceNTT_DIF_precomp:core:vec:rsci#1:vec:rsc.@:wait_dp/reg(vec:rsci.qa_d.bfwt)#1                 VEC_LOOP:slc(vec:rsci.qa_d)(31-0).itm   7.6000  2.4000          
      inPlaceNTT_DIF_precomp:core:twiddle:rsci#1:twiddle:rsc.@:wait_dp/reg(twiddle:rsci.bcwt)            COMP_LOOP:twiddle_f:nor.itm             6.9300  3.0700          
      inPlaceNTT_DIF_precomp:core:twiddle:rsci#1:twiddle:rsc.@:wait_dp/reg(twiddle:rsci.qb_d.bfwt)       twiddle:rsci.qb_d                       7.5200  2.4800          
      inPlaceNTT_DIF_precomp:core:twiddle_h:rsci#1:twiddle_h:rsc.@:wait_dp/reg(twiddle_h:rsci.bcwt)      COMP_LOOP:twiddle_help:nor.itm          6.9300  3.0700          
      inPlaceNTT_DIF_precomp:core:twiddle_h:rsci#1:twiddle_h:rsc.@:wait_dp/reg(twiddle_h:rsci.qb_d.bfwt) twiddle_h:rsci.qb_d                     7.5200  2.4800          
      inPlaceNTT_DIF_precomp:core:complete:rsci:complete:wait_dp/reg(complete:rsci.bcwt)                 if:nor#3.itm                            6.9300  3.0700          
      inPlaceNTT_DIF_precomp:core:staller/reg(core.wten)                                                 not#1.itm                               8.0300  1.9700          
      inPlaceNTT_DIF_precomp                                                                             run:rsc.rdy                             9.1300  0.8700          
      inPlaceNTT_DIF_precomp                                                                             vec:rsc.adra                            7.0300  2.9700          
      inPlaceNTT_DIF_precomp                                                                             vec:rsc.da                              9.1000  0.9000          
      inPlaceNTT_DIF_precomp                                                                             vec:rsc.wea                             6.4300  3.5700          
      inPlaceNTT_DIF_precomp                                                                             vec:rsc.adrb                            7.0300  2.9700          
      inPlaceNTT_DIF_precomp                                                                             vec:rsc.db                              9.1000  0.9000          
      inPlaceNTT_DIF_precomp                                                                             vec:rsc.web                             6.4300  3.5700          
      inPlaceNTT_DIF_precomp                                                                             vec:rsc.triosy.lz                       9.1300  0.8700          
      inPlaceNTT_DIF_precomp                                                                             p:rsc.triosy.lz                         9.1300  0.8700          
      inPlaceNTT_DIF_precomp                                                                             r:rsc.triosy.lz                         9.1300  0.8700          
      inPlaceNTT_DIF_precomp                                                                             twiddle:rsc.adrb                        3.8925  6.1075          
      inPlaceNTT_DIF_precomp                                                                             twiddle:rsc.triosy.lz                   9.1300  0.8700          
      inPlaceNTT_DIF_precomp                                                                             twiddle_h:rsc.adrb                      3.8925  6.1075          
      inPlaceNTT_DIF_precomp                                                                             twiddle_h:rsc.triosy.lz                 9.1300  0.8700          
      inPlaceNTT_DIF_precomp                                                                             complete:rsc.vld                        9.1300  0.8700          
      
  Operator Bitwidth Summary
    Operation                                       Size (bits) Count 
    ----------------------------------------------- ----------- -----
    add                                                               
    -                                                         5     1 
    -                                                         4     2 
    -                                                        32     2 
    -                                                        11     2 
    -                                                        10     2 
    and                                                               
    -                                                         2     1 
    -                                                        10     2 
    -                                                         1    35 
    chread_sync                                                       
    -                                                         0     1 
    chwrite_sync                                                      
    -                                                         0     1 
    lshift                                                            
    -                                                        11     1 
    modulo_add_4e8eb5d29cd6616994f3ae99c3f0659b60c5                   
    -                                                        32     1 
    modulo_sub_b34d1fc81f426503f0338916345b2acd634e                   
    -                                                        32     1 
    mul                                                               
    -                                                        10     1 
    mult_dd399d4082bfb1cbfba92496f4a2a48f70bd                         
    -                                                        32     1 
    mux                                                               
    -                                                         4     2 
    -                                                        32     5 
    -                                                        11     2 
    -                                                        10     2 
    -                                                         1     1 
    mux1h                                                             
    -                                                        10     1 
    nor                                                               
    -                                                         1    13 
    not                                                               
    -                                                         4     2 
    -                                                        32     1 
    -                                                        10     1 
    -                                                         1    25 
    or                                                                
    -                                                         1    14 
    read_port                                                         
    -                                                        32     1 
    read_sync                                                         
    -                                                         0     5 
    reg                                                               
    -                                                         4     1 
    -                                                        32     7 
    -                                                        11     2 
    -                                                        10     3 
    -                                                         1    17 
    
  End of Report
