-- Catapult Ultra Synthesis: Report                                              
-- ------------------------- ---------------------------------------------------
-- Version:                  10.5c/896140 Production Release                     
-- Build Date:               Sun Sep  6 22:45:38 PDT 2020                        
                                                                                 
-- Generated by:             jd4691@newnano.poly.edu                             
-- Generated date:           Thu Sep 09 23:41:47 EDT 2021                        

Solution Settings: peaseNTT.v6
  Current state: schedule
  Project: Catapult
  
  Design Input Files Specified
    $PROJECT_HOME/src/utils.cpp
      $PROJECT_HOME/include/utils.h
        $PROJECT_HOME/include/config.h
          $MGC_HOME/shared/include/ac_math.h
            $MGC_HOME/shared/include/ac_math/ac_abs.h
              $MGC_HOME/shared/include/ac_int.h
              $MGC_HOME/shared/include/ac_fixed.h
              $MGC_HOME/shared/include/ac_float.h
              $MGC_HOME/shared/include/ac_complex.h
              $MGC_HOME/shared/include/ac_math/ac_sqrt_pwl.h
                $MGC_HOME/shared/include/ac_math/ac_shift.h
                $MGC_HOME/shared/include/ac_math/ac_normalize.h
            $MGC_HOME/shared/include/ac_math/ac_arccos_cordic.h
            $MGC_HOME/shared/include/ac_math/ac_arcsin_cordic.h
            $MGC_HOME/shared/include/ac_math/ac_atan_pwl.h
              $MGC_HOME/shared/include/ac_math/ac_reciprocal_pwl.h
            $MGC_HOME/shared/include/ac_math/ac_atan_pwl_ha.h
              $MGC_HOME/shared/include/ac_math/ac_reciprocal_pwl_ha.h
            $MGC_HOME/shared/include/ac_math/ac_atan2_cordic.h
            $MGC_HOME/shared/include/ac_math/ac_div.h
            $MGC_HOME/shared/include/ac_math/ac_hcordic.h
            $MGC_HOME/shared/include/ac_math/ac_inverse_sqrt_pwl.h
            $MGC_HOME/shared/include/ac_math/ac_log_pwl.h
            $MGC_HOME/shared/include/ac_math/ac_pow_pwl.h
            $MGC_HOME/shared/include/ac_math/ac_sigmoid_pwl.h
            $MGC_HOME/shared/include/ac_math/ac_sincos_cordic.h
            $MGC_HOME/shared/include/ac_math/ac_sincos_lut.h
            $MGC_HOME/shared/include/ac_math/ac_sqrt.h
            $MGC_HOME/shared/include/ac_math/ac_tan_pwl.h
            $MGC_HOME/shared/include/ac_math/ac_tanh_pwl.h
            $MGC_HOME/shared/include/ac_math/ac_softmax_pwl.h
    $PROJECT_HOME/src/ntt.cpp
      $PROJECT_HOME/include/ntt.h
        $PROJECT_HOME/include/config.h
          $MGC_HOME/shared/include/ac_math.h
            $MGC_HOME/shared/include/ac_math/ac_abs.h
              $MGC_HOME/shared/include/ac_int.h
              $MGC_HOME/shared/include/ac_fixed.h
              $MGC_HOME/shared/include/ac_float.h
              $MGC_HOME/shared/include/ac_complex.h
              $MGC_HOME/shared/include/ac_math/ac_sqrt_pwl.h
                $MGC_HOME/shared/include/ac_math/ac_shift.h
                $MGC_HOME/shared/include/ac_math/ac_normalize.h
            $MGC_HOME/shared/include/ac_math/ac_arccos_cordic.h
            $MGC_HOME/shared/include/ac_math/ac_arcsin_cordic.h
            $MGC_HOME/shared/include/ac_math/ac_atan_pwl.h
              $MGC_HOME/shared/include/ac_math/ac_reciprocal_pwl.h
            $MGC_HOME/shared/include/ac_math/ac_atan_pwl_ha.h
              $MGC_HOME/shared/include/ac_math/ac_reciprocal_pwl_ha.h
            $MGC_HOME/shared/include/ac_math/ac_atan2_cordic.h
            $MGC_HOME/shared/include/ac_math/ac_div.h
            $MGC_HOME/shared/include/ac_math/ac_hcordic.h
            $MGC_HOME/shared/include/ac_math/ac_inverse_sqrt_pwl.h
            $MGC_HOME/shared/include/ac_math/ac_log_pwl.h
            $MGC_HOME/shared/include/ac_math/ac_pow_pwl.h
            $MGC_HOME/shared/include/ac_math/ac_sigmoid_pwl.h
            $MGC_HOME/shared/include/ac_math/ac_sincos_cordic.h
            $MGC_HOME/shared/include/ac_math/ac_sincos_lut.h
            $MGC_HOME/shared/include/ac_math/ac_sqrt.h
            $MGC_HOME/shared/include/ac_math/ac_tan_pwl.h
            $MGC_HOME/shared/include/ac_math/ac_tanh_pwl.h
            $MGC_HOME/shared/include/ac_math/ac_softmax_pwl.h
        $PROJECT_HOME/include/utils.h
  
  Processes/Blocks in Design
    Process        Real Operation(s) count Latency Throughput Reset Length II Comments 
    -------------- ----------------------- ------- ---------- ------------ -- --------
    /peaseNTT/core                     182   61663      61667            0  0          
    Design Total:                      182   61663      61667            0  0          
    
  Clock Information
    Clock Signal Edge   Period Sharing Alloc (%) Uncertainty Used by Processes/Blocks 
    ------------ ------ ------ ----------------- ----------- ------------------------
    clk          rising  5.000             20.00    0.000000 /peaseNTT/core           
    
  I/O Data Ranges
    Port                              Mode DeclType DeclWidth DeclRange ActType ActWidth ActRange 
    --------------------------------- ---- -------- --------- --------- ------- -------- --------
    clk                               IN   Unsigned         1                                     
    rst                               IN   Unsigned         1                                     
    xt:rsc(0)(0).qa                   IN   Unsigned        32                                     
    xt:rsc(0)(0).qb                   IN   Unsigned        32                                     
    xt:rsc(0)(1).qa                   IN   Unsigned        32                                     
    xt:rsc(0)(1).qb                   IN   Unsigned        32                                     
    xt:rsc(0)(2).qa                   IN   Unsigned        32                                     
    xt:rsc(0)(2).qb                   IN   Unsigned        32                                     
    xt:rsc(0)(3).qa                   IN   Unsigned        32                                     
    xt:rsc(0)(3).qb                   IN   Unsigned        32                                     
    xt:rsc(0)(4).qa                   IN   Unsigned        32                                     
    xt:rsc(0)(4).qb                   IN   Unsigned        32                                     
    xt:rsc(0)(5).qa                   IN   Unsigned        32                                     
    xt:rsc(0)(5).qb                   IN   Unsigned        32                                     
    xt:rsc(0)(6).qa                   IN   Unsigned        32                                     
    xt:rsc(0)(6).qb                   IN   Unsigned        32                                     
    xt:rsc(0)(7).qa                   IN   Unsigned        32                                     
    xt:rsc(0)(7).qb                   IN   Unsigned        32                                     
    p:rsc.dat                         IN   Unsigned        32                                     
    r:rsc.dat                         IN   Unsigned        32                                     
    twiddle:rsc(0)(0).s_tdone         IN   Unsigned         1                                     
    twiddle:rsc(0)(0).tr_write_done   IN   Unsigned         1                                     
    twiddle:rsc(0)(0).RREADY          IN   Unsigned         1                                     
    twiddle:rsc(0)(0).ARVALID         IN   Unsigned         1                                     
    twiddle:rsc(0)(0).ARUSER          IN   Unsigned         1                                     
    twiddle:rsc(0)(0).ARREGION        IN   Unsigned         4                                     
    twiddle:rsc(0)(0).ARQOS           IN   Unsigned         4                                     
    twiddle:rsc(0)(0).ARPROT          IN   Unsigned         3                                     
    twiddle:rsc(0)(0).ARCACHE         IN   Unsigned         4                                     
    twiddle:rsc(0)(0).ARLOCK          IN   Unsigned         1                                     
    twiddle:rsc(0)(0).ARBURST         IN   Unsigned         2                                     
    twiddle:rsc(0)(0).ARSIZE          IN   Unsigned         3                                     
    twiddle:rsc(0)(0).ARLEN           IN   Unsigned         8                                     
    twiddle:rsc(0)(0).ARADDR          IN   Unsigned        12                                     
    twiddle:rsc(0)(0).ARID            IN   Unsigned         1                                     
    twiddle:rsc(0)(0).BREADY          IN   Unsigned         1                                     
    twiddle:rsc(0)(0).WVALID          IN   Unsigned         1                                     
    twiddle:rsc(0)(0).WUSER           IN   Unsigned         1                                     
    twiddle:rsc(0)(0).WLAST           IN   Unsigned         1                                     
    twiddle:rsc(0)(0).WSTRB           IN   Unsigned         4                                     
    twiddle:rsc(0)(0).WDATA           IN   Unsigned        32                                     
    twiddle:rsc(0)(0).AWVALID         IN   Unsigned         1                                     
    twiddle:rsc(0)(0).AWUSER          IN   Unsigned         1                                     
    twiddle:rsc(0)(0).AWREGION        IN   Unsigned         4                                     
    twiddle:rsc(0)(0).AWQOS           IN   Unsigned         4                                     
    twiddle:rsc(0)(0).AWPROT          IN   Unsigned         3                                     
    twiddle:rsc(0)(0).AWCACHE         IN   Unsigned         4                                     
    twiddle:rsc(0)(0).AWLOCK          IN   Unsigned         1                                     
    twiddle:rsc(0)(0).AWBURST         IN   Unsigned         2                                     
    twiddle:rsc(0)(0).AWSIZE          IN   Unsigned         3                                     
    twiddle:rsc(0)(0).AWLEN           IN   Unsigned         8                                     
    twiddle:rsc(0)(0).AWADDR          IN   Unsigned        12                                     
    twiddle:rsc(0)(0).AWID            IN   Unsigned         1                                     
    twiddle:rsc(0)(1).s_tdone         IN   Unsigned         1                                     
    twiddle:rsc(0)(1).tr_write_done   IN   Unsigned         1                                     
    twiddle:rsc(0)(1).RREADY          IN   Unsigned         1                                     
    twiddle:rsc(0)(1).ARVALID         IN   Unsigned         1                                     
    twiddle:rsc(0)(1).ARUSER          IN   Unsigned         1                                     
    twiddle:rsc(0)(1).ARREGION        IN   Unsigned         4                                     
    twiddle:rsc(0)(1).ARQOS           IN   Unsigned         4                                     
    twiddle:rsc(0)(1).ARPROT          IN   Unsigned         3                                     
    twiddle:rsc(0)(1).ARCACHE         IN   Unsigned         4                                     
    twiddle:rsc(0)(1).ARLOCK          IN   Unsigned         1                                     
    twiddle:rsc(0)(1).ARBURST         IN   Unsigned         2                                     
    twiddle:rsc(0)(1).ARSIZE          IN   Unsigned         3                                     
    twiddle:rsc(0)(1).ARLEN           IN   Unsigned         8                                     
    twiddle:rsc(0)(1).ARADDR          IN   Unsigned        12                                     
    twiddle:rsc(0)(1).ARID            IN   Unsigned         1                                     
    twiddle:rsc(0)(1).BREADY          IN   Unsigned         1                                     
    twiddle:rsc(0)(1).WVALID          IN   Unsigned         1                                     
    twiddle:rsc(0)(1).WUSER           IN   Unsigned         1                                     
    twiddle:rsc(0)(1).WLAST           IN   Unsigned         1                                     
    twiddle:rsc(0)(1).WSTRB           IN   Unsigned         4                                     
    twiddle:rsc(0)(1).WDATA           IN   Unsigned        32                                     
    twiddle:rsc(0)(1).AWVALID         IN   Unsigned         1                                     
    twiddle:rsc(0)(1).AWUSER          IN   Unsigned         1                                     
    twiddle:rsc(0)(1).AWREGION        IN   Unsigned         4                                     
    twiddle:rsc(0)(1).AWQOS           IN   Unsigned         4                                     
    twiddle:rsc(0)(1).AWPROT          IN   Unsigned         3                                     
    twiddle:rsc(0)(1).AWCACHE         IN   Unsigned         4                                     
    twiddle:rsc(0)(1).AWLOCK          IN   Unsigned         1                                     
    twiddle:rsc(0)(1).AWBURST         IN   Unsigned         2                                     
    twiddle:rsc(0)(1).AWSIZE          IN   Unsigned         3                                     
    twiddle:rsc(0)(1).AWLEN           IN   Unsigned         8                                     
    twiddle:rsc(0)(1).AWADDR          IN   Unsigned        12                                     
    twiddle:rsc(0)(1).AWID            IN   Unsigned         1                                     
    twiddle:rsc(0)(2).s_tdone         IN   Unsigned         1                                     
    twiddle:rsc(0)(2).tr_write_done   IN   Unsigned         1                                     
    twiddle:rsc(0)(2).RREADY          IN   Unsigned         1                                     
    twiddle:rsc(0)(2).ARVALID         IN   Unsigned         1                                     
    twiddle:rsc(0)(2).ARUSER          IN   Unsigned         1                                     
    twiddle:rsc(0)(2).ARREGION        IN   Unsigned         4                                     
    twiddle:rsc(0)(2).ARQOS           IN   Unsigned         4                                     
    twiddle:rsc(0)(2).ARPROT          IN   Unsigned         3                                     
    twiddle:rsc(0)(2).ARCACHE         IN   Unsigned         4                                     
    twiddle:rsc(0)(2).ARLOCK          IN   Unsigned         1                                     
    twiddle:rsc(0)(2).ARBURST         IN   Unsigned         2                                     
    twiddle:rsc(0)(2).ARSIZE          IN   Unsigned         3                                     
    twiddle:rsc(0)(2).ARLEN           IN   Unsigned         8                                     
    twiddle:rsc(0)(2).ARADDR          IN   Unsigned        12                                     
    twiddle:rsc(0)(2).ARID            IN   Unsigned         1                                     
    twiddle:rsc(0)(2).BREADY          IN   Unsigned         1                                     
    twiddle:rsc(0)(2).WVALID          IN   Unsigned         1                                     
    twiddle:rsc(0)(2).WUSER           IN   Unsigned         1                                     
    twiddle:rsc(0)(2).WLAST           IN   Unsigned         1                                     
    twiddle:rsc(0)(2).WSTRB           IN   Unsigned         4                                     
    twiddle:rsc(0)(2).WDATA           IN   Unsigned        32                                     
    twiddle:rsc(0)(2).AWVALID         IN   Unsigned         1                                     
    twiddle:rsc(0)(2).AWUSER          IN   Unsigned         1                                     
    twiddle:rsc(0)(2).AWREGION        IN   Unsigned         4                                     
    twiddle:rsc(0)(2).AWQOS           IN   Unsigned         4                                     
    twiddle:rsc(0)(2).AWPROT          IN   Unsigned         3                                     
    twiddle:rsc(0)(2).AWCACHE         IN   Unsigned         4                                     
    twiddle:rsc(0)(2).AWLOCK          IN   Unsigned         1                                     
    twiddle:rsc(0)(2).AWBURST         IN   Unsigned         2                                     
    twiddle:rsc(0)(2).AWSIZE          IN   Unsigned         3                                     
    twiddle:rsc(0)(2).AWLEN           IN   Unsigned         8                                     
    twiddle:rsc(0)(2).AWADDR          IN   Unsigned        12                                     
    twiddle:rsc(0)(2).AWID            IN   Unsigned         1                                     
    twiddle:rsc(0)(3).s_tdone         IN   Unsigned         1                                     
    twiddle:rsc(0)(3).tr_write_done   IN   Unsigned         1                                     
    twiddle:rsc(0)(3).RREADY          IN   Unsigned         1                                     
    twiddle:rsc(0)(3).ARVALID         IN   Unsigned         1                                     
    twiddle:rsc(0)(3).ARUSER          IN   Unsigned         1                                     
    twiddle:rsc(0)(3).ARREGION        IN   Unsigned         4                                     
    twiddle:rsc(0)(3).ARQOS           IN   Unsigned         4                                     
    twiddle:rsc(0)(3).ARPROT          IN   Unsigned         3                                     
    twiddle:rsc(0)(3).ARCACHE         IN   Unsigned         4                                     
    twiddle:rsc(0)(3).ARLOCK          IN   Unsigned         1                                     
    twiddle:rsc(0)(3).ARBURST         IN   Unsigned         2                                     
    twiddle:rsc(0)(3).ARSIZE          IN   Unsigned         3                                     
    twiddle:rsc(0)(3).ARLEN           IN   Unsigned         8                                     
    twiddle:rsc(0)(3).ARADDR          IN   Unsigned        12                                     
    twiddle:rsc(0)(3).ARID            IN   Unsigned         1                                     
    twiddle:rsc(0)(3).BREADY          IN   Unsigned         1                                     
    twiddle:rsc(0)(3).WVALID          IN   Unsigned         1                                     
    twiddle:rsc(0)(3).WUSER           IN   Unsigned         1                                     
    twiddle:rsc(0)(3).WLAST           IN   Unsigned         1                                     
    twiddle:rsc(0)(3).WSTRB           IN   Unsigned         4                                     
    twiddle:rsc(0)(3).WDATA           IN   Unsigned        32                                     
    twiddle:rsc(0)(3).AWVALID         IN   Unsigned         1                                     
    twiddle:rsc(0)(3).AWUSER          IN   Unsigned         1                                     
    twiddle:rsc(0)(3).AWREGION        IN   Unsigned         4                                     
    twiddle:rsc(0)(3).AWQOS           IN   Unsigned         4                                     
    twiddle:rsc(0)(3).AWPROT          IN   Unsigned         3                                     
    twiddle:rsc(0)(3).AWCACHE         IN   Unsigned         4                                     
    twiddle:rsc(0)(3).AWLOCK          IN   Unsigned         1                                     
    twiddle:rsc(0)(3).AWBURST         IN   Unsigned         2                                     
    twiddle:rsc(0)(3).AWSIZE          IN   Unsigned         3                                     
    twiddle:rsc(0)(3).AWLEN           IN   Unsigned         8                                     
    twiddle:rsc(0)(3).AWADDR          IN   Unsigned        12                                     
    twiddle:rsc(0)(3).AWID            IN   Unsigned         1                                     
    twiddle_h:rsc(0)(0).s_tdone       IN   Unsigned         1                                     
    twiddle_h:rsc(0)(0).tr_write_done IN   Unsigned         1                                     
    twiddle_h:rsc(0)(0).RREADY        IN   Unsigned         1                                     
    twiddle_h:rsc(0)(0).ARVALID       IN   Unsigned         1                                     
    twiddle_h:rsc(0)(0).ARUSER        IN   Unsigned         1                                     
    twiddle_h:rsc(0)(0).ARREGION      IN   Unsigned         4                                     
    twiddle_h:rsc(0)(0).ARQOS         IN   Unsigned         4                                     
    twiddle_h:rsc(0)(0).ARPROT        IN   Unsigned         3                                     
    twiddle_h:rsc(0)(0).ARCACHE       IN   Unsigned         4                                     
    twiddle_h:rsc(0)(0).ARLOCK        IN   Unsigned         1                                     
    twiddle_h:rsc(0)(0).ARBURST       IN   Unsigned         2                                     
    twiddle_h:rsc(0)(0).ARSIZE        IN   Unsigned         3                                     
    twiddle_h:rsc(0)(0).ARLEN         IN   Unsigned         8                                     
    twiddle_h:rsc(0)(0).ARADDR        IN   Unsigned        12                                     
    twiddle_h:rsc(0)(0).ARID          IN   Unsigned         1                                     
    twiddle_h:rsc(0)(0).BREADY        IN   Unsigned         1                                     
    twiddle_h:rsc(0)(0).WVALID        IN   Unsigned         1                                     
    twiddle_h:rsc(0)(0).WUSER         IN   Unsigned         1                                     
    twiddle_h:rsc(0)(0).WLAST         IN   Unsigned         1                                     
    twiddle_h:rsc(0)(0).WSTRB         IN   Unsigned         4                                     
    twiddle_h:rsc(0)(0).WDATA         IN   Unsigned        32                                     
    twiddle_h:rsc(0)(0).AWVALID       IN   Unsigned         1                                     
    twiddle_h:rsc(0)(0).AWUSER        IN   Unsigned         1                                     
    twiddle_h:rsc(0)(0).AWREGION      IN   Unsigned         4                                     
    twiddle_h:rsc(0)(0).AWQOS         IN   Unsigned         4                                     
    twiddle_h:rsc(0)(0).AWPROT        IN   Unsigned         3                                     
    twiddle_h:rsc(0)(0).AWCACHE       IN   Unsigned         4                                     
    twiddle_h:rsc(0)(0).AWLOCK        IN   Unsigned         1                                     
    twiddle_h:rsc(0)(0).AWBURST       IN   Unsigned         2                                     
    twiddle_h:rsc(0)(0).AWSIZE        IN   Unsigned         3                                     
    twiddle_h:rsc(0)(0).AWLEN         IN   Unsigned         8                                     
    twiddle_h:rsc(0)(0).AWADDR        IN   Unsigned        12                                     
    twiddle_h:rsc(0)(0).AWID          IN   Unsigned         1                                     
    twiddle_h:rsc(0)(1).s_tdone       IN   Unsigned         1                                     
    twiddle_h:rsc(0)(1).tr_write_done IN   Unsigned         1                                     
    twiddle_h:rsc(0)(1).RREADY        IN   Unsigned         1                                     
    twiddle_h:rsc(0)(1).ARVALID       IN   Unsigned         1                                     
    twiddle_h:rsc(0)(1).ARUSER        IN   Unsigned         1                                     
    twiddle_h:rsc(0)(1).ARREGION      IN   Unsigned         4                                     
    twiddle_h:rsc(0)(1).ARQOS         IN   Unsigned         4                                     
    twiddle_h:rsc(0)(1).ARPROT        IN   Unsigned         3                                     
    twiddle_h:rsc(0)(1).ARCACHE       IN   Unsigned         4                                     
    twiddle_h:rsc(0)(1).ARLOCK        IN   Unsigned         1                                     
    twiddle_h:rsc(0)(1).ARBURST       IN   Unsigned         2                                     
    twiddle_h:rsc(0)(1).ARSIZE        IN   Unsigned         3                                     
    twiddle_h:rsc(0)(1).ARLEN         IN   Unsigned         8                                     
    twiddle_h:rsc(0)(1).ARADDR        IN   Unsigned        12                                     
    twiddle_h:rsc(0)(1).ARID          IN   Unsigned         1                                     
    twiddle_h:rsc(0)(1).BREADY        IN   Unsigned         1                                     
    twiddle_h:rsc(0)(1).WVALID        IN   Unsigned         1                                     
    twiddle_h:rsc(0)(1).WUSER         IN   Unsigned         1                                     
    twiddle_h:rsc(0)(1).WLAST         IN   Unsigned         1                                     
    twiddle_h:rsc(0)(1).WSTRB         IN   Unsigned         4                                     
    twiddle_h:rsc(0)(1).WDATA         IN   Unsigned        32                                     
    twiddle_h:rsc(0)(1).AWVALID       IN   Unsigned         1                                     
    twiddle_h:rsc(0)(1).AWUSER        IN   Unsigned         1                                     
    twiddle_h:rsc(0)(1).AWREGION      IN   Unsigned         4                                     
    twiddle_h:rsc(0)(1).AWQOS         IN   Unsigned         4                                     
    twiddle_h:rsc(0)(1).AWPROT        IN   Unsigned         3                                     
    twiddle_h:rsc(0)(1).AWCACHE       IN   Unsigned         4                                     
    twiddle_h:rsc(0)(1).AWLOCK        IN   Unsigned         1                                     
    twiddle_h:rsc(0)(1).AWBURST       IN   Unsigned         2                                     
    twiddle_h:rsc(0)(1).AWSIZE        IN   Unsigned         3                                     
    twiddle_h:rsc(0)(1).AWLEN         IN   Unsigned         8                                     
    twiddle_h:rsc(0)(1).AWADDR        IN   Unsigned        12                                     
    twiddle_h:rsc(0)(1).AWID          IN   Unsigned         1                                     
    twiddle_h:rsc(0)(2).s_tdone       IN   Unsigned         1                                     
    twiddle_h:rsc(0)(2).tr_write_done IN   Unsigned         1                                     
    twiddle_h:rsc(0)(2).RREADY        IN   Unsigned         1                                     
    twiddle_h:rsc(0)(2).ARVALID       IN   Unsigned         1                                     
    twiddle_h:rsc(0)(2).ARUSER        IN   Unsigned         1                                     
    twiddle_h:rsc(0)(2).ARREGION      IN   Unsigned         4                                     
    twiddle_h:rsc(0)(2).ARQOS         IN   Unsigned         4                                     
    twiddle_h:rsc(0)(2).ARPROT        IN   Unsigned         3                                     
    twiddle_h:rsc(0)(2).ARCACHE       IN   Unsigned         4                                     
    twiddle_h:rsc(0)(2).ARLOCK        IN   Unsigned         1                                     
    twiddle_h:rsc(0)(2).ARBURST       IN   Unsigned         2                                     
    twiddle_h:rsc(0)(2).ARSIZE        IN   Unsigned         3                                     
    twiddle_h:rsc(0)(2).ARLEN         IN   Unsigned         8                                     
    twiddle_h:rsc(0)(2).ARADDR        IN   Unsigned        12                                     
    twiddle_h:rsc(0)(2).ARID          IN   Unsigned         1                                     
    twiddle_h:rsc(0)(2).BREADY        IN   Unsigned         1                                     
    twiddle_h:rsc(0)(2).WVALID        IN   Unsigned         1                                     
    twiddle_h:rsc(0)(2).WUSER         IN   Unsigned         1                                     
    twiddle_h:rsc(0)(2).WLAST         IN   Unsigned         1                                     
    twiddle_h:rsc(0)(2).WSTRB         IN   Unsigned         4                                     
    twiddle_h:rsc(0)(2).WDATA         IN   Unsigned        32                                     
    twiddle_h:rsc(0)(2).AWVALID       IN   Unsigned         1                                     
    twiddle_h:rsc(0)(2).AWUSER        IN   Unsigned         1                                     
    twiddle_h:rsc(0)(2).AWREGION      IN   Unsigned         4                                     
    twiddle_h:rsc(0)(2).AWQOS         IN   Unsigned         4                                     
    twiddle_h:rsc(0)(2).AWPROT        IN   Unsigned         3                                     
    twiddle_h:rsc(0)(2).AWCACHE       IN   Unsigned         4                                     
    twiddle_h:rsc(0)(2).AWLOCK        IN   Unsigned         1                                     
    twiddle_h:rsc(0)(2).AWBURST       IN   Unsigned         2                                     
    twiddle_h:rsc(0)(2).AWSIZE        IN   Unsigned         3                                     
    twiddle_h:rsc(0)(2).AWLEN         IN   Unsigned         8                                     
    twiddle_h:rsc(0)(2).AWADDR        IN   Unsigned        12                                     
    twiddle_h:rsc(0)(2).AWID          IN   Unsigned         1                                     
    twiddle_h:rsc(0)(3).s_tdone       IN   Unsigned         1                                     
    twiddle_h:rsc(0)(3).tr_write_done IN   Unsigned         1                                     
    twiddle_h:rsc(0)(3).RREADY        IN   Unsigned         1                                     
    twiddle_h:rsc(0)(3).ARVALID       IN   Unsigned         1                                     
    twiddle_h:rsc(0)(3).ARUSER        IN   Unsigned         1                                     
    twiddle_h:rsc(0)(3).ARREGION      IN   Unsigned         4                                     
    twiddle_h:rsc(0)(3).ARQOS         IN   Unsigned         4                                     
    twiddle_h:rsc(0)(3).ARPROT        IN   Unsigned         3                                     
    twiddle_h:rsc(0)(3).ARCACHE       IN   Unsigned         4                                     
    twiddle_h:rsc(0)(3).ARLOCK        IN   Unsigned         1                                     
    twiddle_h:rsc(0)(3).ARBURST       IN   Unsigned         2                                     
    twiddle_h:rsc(0)(3).ARSIZE        IN   Unsigned         3                                     
    twiddle_h:rsc(0)(3).ARLEN         IN   Unsigned         8                                     
    twiddle_h:rsc(0)(3).ARADDR        IN   Unsigned        12                                     
    twiddle_h:rsc(0)(3).ARID          IN   Unsigned         1                                     
    twiddle_h:rsc(0)(3).BREADY        IN   Unsigned         1                                     
    twiddle_h:rsc(0)(3).WVALID        IN   Unsigned         1                                     
    twiddle_h:rsc(0)(3).WUSER         IN   Unsigned         1                                     
    twiddle_h:rsc(0)(3).WLAST         IN   Unsigned         1                                     
    twiddle_h:rsc(0)(3).WSTRB         IN   Unsigned         4                                     
    twiddle_h:rsc(0)(3).WDATA         IN   Unsigned        32                                     
    twiddle_h:rsc(0)(3).AWVALID       IN   Unsigned         1                                     
    twiddle_h:rsc(0)(3).AWUSER        IN   Unsigned         1                                     
    twiddle_h:rsc(0)(3).AWREGION      IN   Unsigned         4                                     
    twiddle_h:rsc(0)(3).AWQOS         IN   Unsigned         4                                     
    twiddle_h:rsc(0)(3).AWPROT        IN   Unsigned         3                                     
    twiddle_h:rsc(0)(3).AWCACHE       IN   Unsigned         4                                     
    twiddle_h:rsc(0)(3).AWLOCK        IN   Unsigned         1                                     
    twiddle_h:rsc(0)(3).AWBURST       IN   Unsigned         2                                     
    twiddle_h:rsc(0)(3).AWSIZE        IN   Unsigned         3                                     
    twiddle_h:rsc(0)(3).AWLEN         IN   Unsigned         8                                     
    twiddle_h:rsc(0)(3).AWADDR        IN   Unsigned        12                                     
    twiddle_h:rsc(0)(3).AWID          IN   Unsigned         1                                     
    xt:rsc(0)(0).adra                 OUT  Unsigned        11                                     
    xt:rsc(0)(0).da                   OUT  Unsigned        32                                     
    xt:rsc(0)(0).wea                  OUT  Unsigned         1                                     
    xt:rsc(0)(0).adrb                 OUT  Unsigned        11                                     
    xt:rsc(0)(0).db                   OUT  Unsigned        32                                     
    xt:rsc(0)(0).web                  OUT  Unsigned         1                                     
    xt:rsc.triosy(0)(0).lz            OUT  Unsigned         1                                     
    xt:rsc(0)(1).adra                 OUT  Unsigned        11                                     
    xt:rsc(0)(1).da                   OUT  Unsigned        32                                     
    xt:rsc(0)(1).wea                  OUT  Unsigned         1                                     
    xt:rsc(0)(1).adrb                 OUT  Unsigned        11                                     
    xt:rsc(0)(1).db                   OUT  Unsigned        32                                     
    xt:rsc(0)(1).web                  OUT  Unsigned         1                                     
    xt:rsc.triosy(0)(1).lz            OUT  Unsigned         1                                     
    xt:rsc(0)(2).adra                 OUT  Unsigned        11                                     
    xt:rsc(0)(2).da                   OUT  Unsigned        32                                     
    xt:rsc(0)(2).wea                  OUT  Unsigned         1                                     
    xt:rsc(0)(2).adrb                 OUT  Unsigned        11                                     
    xt:rsc(0)(2).db                   OUT  Unsigned        32                                     
    xt:rsc(0)(2).web                  OUT  Unsigned         1                                     
    xt:rsc.triosy(0)(2).lz            OUT  Unsigned         1                                     
    xt:rsc(0)(3).adra                 OUT  Unsigned        11                                     
    xt:rsc(0)(3).da                   OUT  Unsigned        32                                     
    xt:rsc(0)(3).wea                  OUT  Unsigned         1                                     
    xt:rsc(0)(3).adrb                 OUT  Unsigned        11                                     
    xt:rsc(0)(3).db                   OUT  Unsigned        32                                     
    xt:rsc(0)(3).web                  OUT  Unsigned         1                                     
    xt:rsc.triosy(0)(3).lz            OUT  Unsigned         1                                     
    xt:rsc(0)(4).adra                 OUT  Unsigned        11                                     
    xt:rsc(0)(4).da                   OUT  Unsigned        32                                     
    xt:rsc(0)(4).wea                  OUT  Unsigned         1                                     
    xt:rsc(0)(4).adrb                 OUT  Unsigned        11                                     
    xt:rsc(0)(4).db                   OUT  Unsigned        32                                     
    xt:rsc(0)(4).web                  OUT  Unsigned         1                                     
    xt:rsc.triosy(0)(4).lz            OUT  Unsigned         1                                     
    xt:rsc(0)(5).adra                 OUT  Unsigned        11                                     
    xt:rsc(0)(5).da                   OUT  Unsigned        32                                     
    xt:rsc(0)(5).wea                  OUT  Unsigned         1                                     
    xt:rsc(0)(5).adrb                 OUT  Unsigned        11                                     
    xt:rsc(0)(5).db                   OUT  Unsigned        32                                     
    xt:rsc(0)(5).web                  OUT  Unsigned         1                                     
    xt:rsc.triosy(0)(5).lz            OUT  Unsigned         1                                     
    xt:rsc(0)(6).adra                 OUT  Unsigned        11                                     
    xt:rsc(0)(6).da                   OUT  Unsigned        32                                     
    xt:rsc(0)(6).wea                  OUT  Unsigned         1                                     
    xt:rsc(0)(6).adrb                 OUT  Unsigned        11                                     
    xt:rsc(0)(6).db                   OUT  Unsigned        32                                     
    xt:rsc(0)(6).web                  OUT  Unsigned         1                                     
    xt:rsc.triosy(0)(6).lz            OUT  Unsigned         1                                     
    xt:rsc(0)(7).adra                 OUT  Unsigned        11                                     
    xt:rsc(0)(7).da                   OUT  Unsigned        32                                     
    xt:rsc(0)(7).wea                  OUT  Unsigned         1                                     
    xt:rsc(0)(7).adrb                 OUT  Unsigned        11                                     
    xt:rsc(0)(7).db                   OUT  Unsigned        32                                     
    xt:rsc(0)(7).web                  OUT  Unsigned         1                                     
    xt:rsc.triosy(0)(7).lz            OUT  Unsigned         1                                     
    p:rsc.triosy.lz                   OUT  Unsigned         1                                     
    r:rsc.triosy.lz                   OUT  Unsigned         1                                     
    twiddle:rsc(0)(0).RVALID          OUT  Unsigned         1                                     
    twiddle:rsc(0)(0).RUSER           OUT  Unsigned         1                                     
    twiddle:rsc(0)(0).RLAST           OUT  Unsigned         1                                     
    twiddle:rsc(0)(0).RRESP           OUT  Unsigned         2                                     
    twiddle:rsc(0)(0).RDATA           OUT  Unsigned        32                                     
    twiddle:rsc(0)(0).RID             OUT  Unsigned         1                                     
    twiddle:rsc(0)(0).ARREADY         OUT  Unsigned         1                                     
    twiddle:rsc(0)(0).BVALID          OUT  Unsigned         1                                     
    twiddle:rsc(0)(0).BUSER           OUT  Unsigned         1                                     
    twiddle:rsc(0)(0).BRESP           OUT  Unsigned         2                                     
    twiddle:rsc(0)(0).BID             OUT  Unsigned         1                                     
    twiddle:rsc(0)(0).WREADY          OUT  Unsigned         1                                     
    twiddle:rsc(0)(0).AWREADY         OUT  Unsigned         1                                     
    twiddle:rsc.triosy(0)(0).lz       OUT  Unsigned         1                                     
    twiddle:rsc(0)(1).RVALID          OUT  Unsigned         1                                     
    twiddle:rsc(0)(1).RUSER           OUT  Unsigned         1                                     
    twiddle:rsc(0)(1).RLAST           OUT  Unsigned         1                                     
    twiddle:rsc(0)(1).RRESP           OUT  Unsigned         2                                     
    twiddle:rsc(0)(1).RDATA           OUT  Unsigned        32                                     
    twiddle:rsc(0)(1).RID             OUT  Unsigned         1                                     
    twiddle:rsc(0)(1).ARREADY         OUT  Unsigned         1                                     
    twiddle:rsc(0)(1).BVALID          OUT  Unsigned         1                                     
    twiddle:rsc(0)(1).BUSER           OUT  Unsigned         1                                     
    twiddle:rsc(0)(1).BRESP           OUT  Unsigned         2                                     
    twiddle:rsc(0)(1).BID             OUT  Unsigned         1                                     
    twiddle:rsc(0)(1).WREADY          OUT  Unsigned         1                                     
    twiddle:rsc(0)(1).AWREADY         OUT  Unsigned         1                                     
    twiddle:rsc.triosy(0)(1).lz       OUT  Unsigned         1                                     
    twiddle:rsc(0)(2).RVALID          OUT  Unsigned         1                                     
    twiddle:rsc(0)(2).RUSER           OUT  Unsigned         1                                     
    twiddle:rsc(0)(2).RLAST           OUT  Unsigned         1                                     
    twiddle:rsc(0)(2).RRESP           OUT  Unsigned         2                                     
    twiddle:rsc(0)(2).RDATA           OUT  Unsigned        32                                     
    twiddle:rsc(0)(2).RID             OUT  Unsigned         1                                     
    twiddle:rsc(0)(2).ARREADY         OUT  Unsigned         1                                     
    twiddle:rsc(0)(2).BVALID          OUT  Unsigned         1                                     
    twiddle:rsc(0)(2).BUSER           OUT  Unsigned         1                                     
    twiddle:rsc(0)(2).BRESP           OUT  Unsigned         2                                     
    twiddle:rsc(0)(2).BID             OUT  Unsigned         1                                     
    twiddle:rsc(0)(2).WREADY          OUT  Unsigned         1                                     
    twiddle:rsc(0)(2).AWREADY         OUT  Unsigned         1                                     
    twiddle:rsc.triosy(0)(2).lz       OUT  Unsigned         1                                     
    twiddle:rsc(0)(3).RVALID          OUT  Unsigned         1                                     
    twiddle:rsc(0)(3).RUSER           OUT  Unsigned         1                                     
    twiddle:rsc(0)(3).RLAST           OUT  Unsigned         1                                     
    twiddle:rsc(0)(3).RRESP           OUT  Unsigned         2                                     
    twiddle:rsc(0)(3).RDATA           OUT  Unsigned        32                                     
    twiddle:rsc(0)(3).RID             OUT  Unsigned         1                                     
    twiddle:rsc(0)(3).ARREADY         OUT  Unsigned         1                                     
    twiddle:rsc(0)(3).BVALID          OUT  Unsigned         1                                     
    twiddle:rsc(0)(3).BUSER           OUT  Unsigned         1                                     
    twiddle:rsc(0)(3).BRESP           OUT  Unsigned         2                                     
    twiddle:rsc(0)(3).BID             OUT  Unsigned         1                                     
    twiddle:rsc(0)(3).WREADY          OUT  Unsigned         1                                     
    twiddle:rsc(0)(3).AWREADY         OUT  Unsigned         1                                     
    twiddle:rsc.triosy(0)(3).lz       OUT  Unsigned         1                                     
    twiddle_h:rsc(0)(0).RVALID        OUT  Unsigned         1                                     
    twiddle_h:rsc(0)(0).RUSER         OUT  Unsigned         1                                     
    twiddle_h:rsc(0)(0).RLAST         OUT  Unsigned         1                                     
    twiddle_h:rsc(0)(0).RRESP         OUT  Unsigned         2                                     
    twiddle_h:rsc(0)(0).RDATA         OUT  Unsigned        32                                     
    twiddle_h:rsc(0)(0).RID           OUT  Unsigned         1                                     
    twiddle_h:rsc(0)(0).ARREADY       OUT  Unsigned         1                                     
    twiddle_h:rsc(0)(0).BVALID        OUT  Unsigned         1                                     
    twiddle_h:rsc(0)(0).BUSER         OUT  Unsigned         1                                     
    twiddle_h:rsc(0)(0).BRESP         OUT  Unsigned         2                                     
    twiddle_h:rsc(0)(0).BID           OUT  Unsigned         1                                     
    twiddle_h:rsc(0)(0).WREADY        OUT  Unsigned         1                                     
    twiddle_h:rsc(0)(0).AWREADY       OUT  Unsigned         1                                     
    twiddle_h:rsc.triosy(0)(0).lz     OUT  Unsigned         1                                     
    twiddle_h:rsc(0)(1).RVALID        OUT  Unsigned         1                                     
    twiddle_h:rsc(0)(1).RUSER         OUT  Unsigned         1                                     
    twiddle_h:rsc(0)(1).RLAST         OUT  Unsigned         1                                     
    twiddle_h:rsc(0)(1).RRESP         OUT  Unsigned         2                                     
    twiddle_h:rsc(0)(1).RDATA         OUT  Unsigned        32                                     
    twiddle_h:rsc(0)(1).RID           OUT  Unsigned         1                                     
    twiddle_h:rsc(0)(1).ARREADY       OUT  Unsigned         1                                     
    twiddle_h:rsc(0)(1).BVALID        OUT  Unsigned         1                                     
    twiddle_h:rsc(0)(1).BUSER         OUT  Unsigned         1                                     
    twiddle_h:rsc(0)(1).BRESP         OUT  Unsigned         2                                     
    twiddle_h:rsc(0)(1).BID           OUT  Unsigned         1                                     
    twiddle_h:rsc(0)(1).WREADY        OUT  Unsigned         1                                     
    twiddle_h:rsc(0)(1).AWREADY       OUT  Unsigned         1                                     
    twiddle_h:rsc.triosy(0)(1).lz     OUT  Unsigned         1                                     
    twiddle_h:rsc(0)(2).RVALID        OUT  Unsigned         1                                     
    twiddle_h:rsc(0)(2).RUSER         OUT  Unsigned         1                                     
    twiddle_h:rsc(0)(2).RLAST         OUT  Unsigned         1                                     
    twiddle_h:rsc(0)(2).RRESP         OUT  Unsigned         2                                     
    twiddle_h:rsc(0)(2).RDATA         OUT  Unsigned        32                                     
    twiddle_h:rsc(0)(2).RID           OUT  Unsigned         1                                     
    twiddle_h:rsc(0)(2).ARREADY       OUT  Unsigned         1                                     
    twiddle_h:rsc(0)(2).BVALID        OUT  Unsigned         1                                     
    twiddle_h:rsc(0)(2).BUSER         OUT  Unsigned         1                                     
    twiddle_h:rsc(0)(2).BRESP         OUT  Unsigned         2                                     
    twiddle_h:rsc(0)(2).BID           OUT  Unsigned         1                                     
    twiddle_h:rsc(0)(2).WREADY        OUT  Unsigned         1                                     
    twiddle_h:rsc(0)(2).AWREADY       OUT  Unsigned         1                                     
    twiddle_h:rsc.triosy(0)(2).lz     OUT  Unsigned         1                                     
    twiddle_h:rsc(0)(3).RVALID        OUT  Unsigned         1                                     
    twiddle_h:rsc(0)(3).RUSER         OUT  Unsigned         1                                     
    twiddle_h:rsc(0)(3).RLAST         OUT  Unsigned         1                                     
    twiddle_h:rsc(0)(3).RRESP         OUT  Unsigned         2                                     
    twiddle_h:rsc(0)(3).RDATA         OUT  Unsigned        32                                     
    twiddle_h:rsc(0)(3).RID           OUT  Unsigned         1                                     
    twiddle_h:rsc(0)(3).ARREADY       OUT  Unsigned         1                                     
    twiddle_h:rsc(0)(3).BVALID        OUT  Unsigned         1                                     
    twiddle_h:rsc(0)(3).BUSER         OUT  Unsigned         1                                     
    twiddle_h:rsc(0)(3).BRESP         OUT  Unsigned         2                                     
    twiddle_h:rsc(0)(3).BID           OUT  Unsigned         1                                     
    twiddle_h:rsc(0)(3).WREADY        OUT  Unsigned         1                                     
    twiddle_h:rsc(0)(3).AWREADY       OUT  Unsigned         1                                     
    twiddle_h:rsc.triosy(0)(3).lz     OUT  Unsigned         1                                     
    
  Memory Resources
    Resource Name: /peaseNTT/core/yt:rsc
      Memory Component: BLOCK_1R1W_RBW               Size:         16384 x 32
      External:         false                        Packing Mode: absolute
      Memory Map:
      Variable          Indices Phys Memory Address         
      ----------------- ------- ---------------------------
      /peaseNTT/core/yt    0:31 00003fff-00000000 (16383-0) 
      
      Splitting: 
      Block        Original Addresses       
      ------------ ------------------------
      yt:rsc(0)(0)   0, 8, ..., 8184        
      yt:rsc(0)(1)   1, 9, ..., 8185        
      yt:rsc(0)(2)   2, 10, ..., 8186       
      yt:rsc(0)(3)   3, 11, ..., 8187       
      yt:rsc(0)(4)   4, 12, ..., 8188       
      yt:rsc(0)(5)   5, 13, ..., 8189       
      yt:rsc(0)(6)   6, 14, ..., 8190       
      yt:rsc(0)(7)   7, 15, ..., 8191       
      yt:rsc(1)(0)   8192, 8200, ..., 16376 
      yt:rsc(1)(1)   8193, 8201, ..., 16377 
      yt:rsc(1)(2)   8194, 8202, ..., 16378 
      yt:rsc(1)(3)   8195, 8203, ..., 16379 
      yt:rsc(1)(4)   8196, 8204, ..., 16380 
      yt:rsc(1)(5)   8197, 8205, ..., 16381 
      yt:rsc(1)(6)   8198, 8206, ..., 16382 
      yt:rsc(1)(7)   8199, 8207, ..., 16383 
      
    Resource Name: /peaseNTT/xt:rsc
      Memory Component: BLOCK_DPRAM_RBW_DUAL         Size:         16384 x 32
      External:         true                         Packing Mode: absolute
      Memory Map:
      Variable     Indices Phys Memory Address         
      ------------ ------- ---------------------------
      /peaseNTT/xt    0:31 00003fff-00000000 (16383-0) 
      
      Splitting: 
      Block        Original Addresses  
      ------------ -------------------
      xt:rsc(0)(0)   0, 8, ..., 16376  
      xt:rsc(0)(1)   1, 9, ..., 16377  
      xt:rsc(0)(2)   2, 10, ..., 16378 
      xt:rsc(0)(3)   3, 11, ..., 16379 
      xt:rsc(0)(4)   4, 12, ..., 16380 
      xt:rsc(0)(5)   5, 13, ..., 16381 
      xt:rsc(0)(6)   6, 14, ..., 16382 
      xt:rsc(0)(7)   7, 15, ..., 16383 
      
    Resource Name: /peaseNTT/p:rsc
      Memory Component: ccs_in                       Size:         1 x 32
      External:         true                         Packing Mode: sidebyside
      Memory Map:
      Variable    Indices Phys Memory Address     
      ----------- ------- -----------------------
      /peaseNTT/p    0:31 00000000-00000000 (0-0) 
      
    Resource Name: /peaseNTT/r:rsc
      Memory Component: ccs_in                       Size:         1 x 32
      External:         true                         Packing Mode: sidebyside
      Memory Map:
      Variable    Indices Phys Memory Address     
      ----------- ------- -----------------------
      /peaseNTT/r    0:31 00000000-00000000 (0-0) 
      
    Resource Name: /peaseNTT/twiddle:rsc
      Memory Component: ccs_axi4_slave_mem           Size:         16384 x 32
      External:         true                         Packing Mode: absolute
      Memory Map:
      Variable          Indices Phys Memory Address         
      ----------------- ------- ---------------------------
      /peaseNTT/twiddle    0:31 00003fff-00000000 (16383-0) 
      
      Splitting: 
      Block             Original Addresses 
      ----------------- ------------------
      twiddle:rsc(0)(0)   0, 4, ..., 16380 
      twiddle:rsc(0)(1)   1, 5, ..., 16381 
      twiddle:rsc(0)(2)   2, 6, ..., 16382 
      twiddle:rsc(0)(3)   3, 7, ..., 16383 
      
    Resource Name: /peaseNTT/twiddle_h:rsc
      Memory Component: ccs_axi4_slave_mem           Size:         16384 x 32
      External:         true                         Packing Mode: absolute
      Memory Map:
      Variable            Indices Phys Memory Address         
      ------------------- ------- ---------------------------
      /peaseNTT/twiddle_h    0:31 00003fff-00000000 (16383-0) 
      
      Splitting: 
      Block               Original Addresses 
      ------------------- ------------------
      twiddle_h:rsc(0)(0)   0, 4, ..., 16380 
      twiddle_h:rsc(0)(1)   1, 5, ..., 16381 
      twiddle_h:rsc(0)(2)   2, 6, ..., 16382 
      twiddle_h:rsc(0)(3)   3, 7, ..., 16383 
      
  C++ to Interface Mappings
    C++ Field Interface Range Range Expression Expression Limits 
    --------- --------------- ---------------- -----------------
    
  Multi-Cycle (Combinational) Component Usage
    Instance Component Name Delay 
    -------- -------------- -----
    
  Loops
    Process        Loop             Iterations C-Steps Total Cycles   Duration  Unroll Init Comments 
    -------------- ---------------- ---------- ------- ------------- ---------- ------ ---- --------
    /peaseNTT/core core:rlp           Infinite       0        61667  308.33 us                       
    /peaseNTT/core  main              Infinite       2        61667  308.33 us                       
    /peaseNTT/core   STAGE_LOOP             15       2        61665  308.32 us                       
    /peaseNTT/core    INNER_LOOP          2048      12         2059   10.29 us            1          
    /peaseNTT/core    cpyVec:for          2048       3         2050   10.25 us            1          
    
  Loop Execution Profile
    Process        Loop             Total Cycles % of Overall Design Cycles Throughput Cycles Comments 
    -------------- ---------------- ------------ -------------------------- ----------------- --------
    /peaseNTT/core core:rlp                   0                        0.00            61667           
    /peaseNTT/core  main                      2                        0.00            61667           
    /peaseNTT/core   STAGE_LOOP              30                        0.05            61665           
    /peaseNTT/core    INNER_LOOP          30885                       50.08                1           
    /peaseNTT/core    cpyVec:for          30750                       49.86                1           
    
  End of Report
