-- Catapult Ultra Synthesis: Report                                              
-- ------------------------- ---------------------------------------------------
-- Version:                  10.5c/896140 Production Release                     
-- Build Date:               Sun Sep  6 22:45:38 PDT 2020                        
                                                                                 
-- Generated by:             yl7897@newnano.poly.edu                             
-- Generated date:           Wed Aug 18 21:09:32 EDT 2021                        

Solution Settings: inPlaceNTT_DIF.v3
  Current state: schedule
  Project: Catapult_2
  
  Design Input Files Specified
    $PROJECT_HOME/src/ntt.cpp
      $PROJECT_HOME/include/ntt.h
        $PROJECT_HOME/include/config.h
          $MGC_HOME/shared/include/ac_int.h
        $MGC_HOME/shared/include/math/mgc_ac_math.h
          $MGC_HOME/shared/include/ac_fixed.h
          $MGC_HOME/shared/include/ac_float.h
          $MGC_HOME/shared/include/ac_complex.h
          $MGC_HOME/shared/include/math/mgc_ac_trig.h
            $MGC_HOME/shared/include/math/mgc_sc_atan_pow2.tab
            $MGC_HOME/shared/include/math/mgc_sc_atan2_pow2.tab
            $MGC_HOME/shared/include/math/mgc_sc_K_cordic.tab
            $MGC_HOME/shared/include/math/mgc_sc_x2_atan2_pow2.tab
          $MGC_HOME/shared/include/math/mgc_ac_hcordic.h
            $MGC_HOME/shared/include/math/mgc_ac_hcordic.tab
            $MGC_HOME/shared/include/math/mgc_ac_hcordic_inv_ln2.tab
    $PROJECT_HOME/src/ntt_tb.cpp
  
  Processes/Blocks in Design
    Process              Real Operation(s) count Latency Throughput Reset Length II Comments 
    -------------------- ----------------------- ------- ---------- ------------ -- --------
    /inPlaceNTT_DIF/core                      35  451027     451032            0  0        ? 
    Design Total:                             35  451027     451032            0  0          
    
  Clock Information
    Clock Signal Edge   Period Sharing Alloc (%) Uncertainty Used by Processes/Blocks 
    ------------ ------ ------ ----------------- ----------- ------------------------
    clk          rising 20.000             20.00    0.000000 /inPlaceNTT_DIF/core     
    
  I/O Data Ranges
    Port                  Mode DeclType DeclWidth DeclRange ActType ActWidth ActRange 
    --------------------- ---- -------- --------- --------- ------- -------- --------
    clk                   IN   Unsigned         1                                     
    rst                   IN   Unsigned         1                                     
    vec:rsc.q             IN   Unsigned        64                                     
    p:rsc.dat             IN   Unsigned        64                                     
    r:rsc.dat             IN   Unsigned        64                                     
    twiddle:rsc.q         IN   Unsigned        64                                     
    vec:rsc.radr          OUT  Unsigned        10                                     
    vec:rsc.re            OUT  Unsigned         1                                     
    vec:rsc.wadr          OUT  Unsigned        10                                     
    vec:rsc.d             OUT  Unsigned        64                                     
    vec:rsc.we            OUT  Unsigned         1                                     
    vec:rsc.triosy.lz     OUT  Unsigned         1                                     
    p:rsc.triosy.lz       OUT  Unsigned         1                                     
    r:rsc.triosy.lz       OUT  Unsigned         1                                     
    twiddle:rsc.radr      OUT  Unsigned        10                                     
    twiddle:rsc.re        OUT  Unsigned         1                                     
    twiddle:rsc.triosy.lz OUT  Unsigned         1                                     
    
  Memory Resources
    Resource Name: /inPlaceNTT_DIF/vec:rsc
      Memory Component: ccs_ram_sync_1R1W            Size:         1024 x 64
      External:         true                         Packing Mode: absolute
      Memory Map:
      Variable            Indices Phys Memory Address        
      ------------------- ------- --------------------------
      /inPlaceNTT_DIF/vec    0:63 000003ff-00000000 (1023-0) 
      
    Resource Name: /inPlaceNTT_DIF/p:rsc
      Memory Component: ccs_in                       Size:         1 x 64
      External:         true                         Packing Mode: sidebyside
      Memory Map:
      Variable          Indices Phys Memory Address     
      ----------------- ------- -----------------------
      /inPlaceNTT_DIF/p    0:63 00000000-00000000 (0-0) 
      
    Resource Name: /inPlaceNTT_DIF/r:rsc
      Memory Component: ccs_in                       Size:         1 x 64
      External:         true                         Packing Mode: sidebyside
      Memory Map:
      Variable          Indices Phys Memory Address     
      ----------------- ------- -----------------------
      /inPlaceNTT_DIF/r    0:63 00000000-00000000 (0-0) 
      
    Resource Name: /inPlaceNTT_DIF/twiddle:rsc
      Memory Component: ccs_ram_sync_1R1W            Size:         1024 x 64
      External:         true                         Packing Mode: absolute
      Memory Map:
      Variable                Indices Phys Memory Address        
      ----------------------- ------- --------------------------
      /inPlaceNTT_DIF/twiddle    0:63 000003ff-00000000 (1023-0) 
      
  C++ to Interface Mappings
    C++ Field Interface Range Range Expression Expression Limits 
    --------- --------------- ---------------- -----------------
    
  Multi-Cycle (Combinational) Component Usage
    Instance Component Name Delay 
    -------- -------------- -----
    
  Loops
    Process              Loop             Iterations C-Steps Total Cycles   Duration  Unroll Init Comments 
    -------------------- ---------------- ---------- ------- ------------- ---------- ------ ---- --------
    /inPlaceNTT_DIF/core core:rlp           Infinite       0     451032 ?    9.02 ms                       
    /inPlaceNTT_DIF/core  main              Infinite       2     451032 ?    9.02 ms                       
    /inPlaceNTT_DIF/core   STAGE_LOOP             10       2     451030 ?    9.02 ms                       
    /inPlaceNTT_DIF/core    VEC_LOOP               ?       1      45101 ?  902.02 us                       
    /inPlaceNTT_DIF/core     COMP_LOOP          1025      44      45100 ?  902.00 us                       
    
  Loop Execution Profile
    Process              Loop             Total Cycles % of Overall Design Cycles Throughput Cycles Comments 
    -------------------- ---------------- ------------ -------------------------- ----------------- --------
    /inPlaceNTT_DIF/core core:rlp                 0 ?                        0.00         451032 ?           
    /inPlaceNTT_DIF/core  main                    2 ?                        0.00         451032 ?           
    /inPlaceNTT_DIF/core   STAGE_LOOP            20 ?                        0.00         451030 ?           
    /inPlaceNTT_DIF/core    VEC_LOOP             10 ?                        0.00         451010 ?           
    /inPlaceNTT_DIF/core     COMP_LOOP       451000 ?                       99.99         451000 ?           
    
  End of Report
