-- Catapult Ultra Synthesis: Report                                              
-- ------------------------- ---------------------------------------------------
-- Version:                  10.5c/896140 Production Release                     
-- Build Date:               Sun Sep  6 22:45:38 PDT 2020                        
                                                                                 
-- Generated by:             yl7897@newnano.poly.edu                             
-- Generated date:           Mon Sep 13 22:15:43 EDT 2021                        

Solution Settings: inPlaceNTT_DIF_precomp.v9
  Current state: extract
  Project: Catapult_1
  
  Design Input Files Specified
    $PROJECT_HOME/src/main.cpp
    $PROJECT_HOME/src/ntt.cpp
      $PROJECT_HOME/include/ntt.h
        $MGC_HOME/shared/include/ac_sync.h
          $MGC_HOME/shared/include/ac_channel.h
        $PROJECT_HOME/include/config.h
          $MGC_HOME/shared/include/ac_int.h
    $PROJECT_HOME/src/utils.cpp
  
  Processes/Blocks in Design
    Process                      Real Operation(s) count Latency Throughput Reset Length II Comments 
    ---------------------------- ----------------------- ------- ---------- ------------ -- --------
    /inPlaceNTT_DIF_precomp/core                      59  442605     442611            0  0        ? 
    Design Total:                                     59  442605     442611            0  0          
    
  Bill Of Materials (Datapath)
    Component Name                                       Area Score Area(DSP) Area(LUTs) Area(MUX_CARRYs) Delay Post Alloc Post Assign 
    ---------------------------------------------------- ---------- --------- ---------- ---------------- ----- ---------- -----------
    [Lib: Xilinx_RAMS]                                                                                                                 
    BLOCK_DPRAM_RBW_DUAL_rwport(13,12,32,4096,4096,32,1)      0.000     0.000      0.000            0.000 2.400          2           0 
    BLOCK_DPRAM_RBW_DUAL_rwport(16,12,32,4096,4096,32,1)      0.000     0.000      0.000            0.000 2.400          2           0 
    BLOCK_DPRAM_RBW_DUAL_rwport(17,12,32,4096,4096,32,1)      0.000     0.000      0.000            0.000 2.400          2           0 
    [Lib: ccs_ioport]                                                                                                                  
    ccs_in(14,32)                                             0.000     0.000      0.000            0.000 0.000          1           1 
    ccs_in(15,32)                                             0.000     0.000      0.000            0.000 0.000          1           0 
    ccs_sync_in_wait(12)                                      0.000     0.000      0.000            0.000 0.000          1           1 
    ccs_sync_out_wait(18)                                     0.000     0.000      0.000            0.000 0.000          1           1 
    [Lib: cluster]                                                                                                                     
    modulo_add_8b3f96d27942dd35d77cd1e313d6ead560ec()        96.000     0.000      0.000            0.000 0.320          1           1 
    modulo_sub_221cc38820a0941d4772a0cf032267436375()        64.000     0.000      0.000            0.000 0.320          1           1 
    mult_a1e233277d0d5c0cfe721a9995382bef70e4()            6293.000     0.000      0.000            0.000 0.320          1           1 
    [Lib: mgc_Xilinx-VIRTEX-7-2_beh]                                                                                                   
    mgc_add(11,0,11,0,11)                                    11.000     0.000     11.000           10.000 1.050          1           0 
    mgc_add(11,0,11,0,12)                                    11.000     0.000     11.000           10.000 1.050          0           1 
    mgc_add(11,0,2,1,12)                                     11.000     0.000     11.000           10.000 1.050          1           0 
    mgc_add(12,0,12,0,12)                                    12.000     0.000     12.000           11.000 1.065          3           3 
    mgc_add(13,0,12,0,13)                                    13.000     0.000     13.000           12.000 1.080          1           1 
    mgc_add(13,0,13,0,13)                                    13.000     0.000     13.000           12.000 1.080          1           1 
    mgc_add(32,0,32,0,32)                                    32.000     0.000     32.000           31.000 1.365          2           2 
    mgc_add(4,0,3,1,4)                                        4.000     0.000      4.000            3.000 0.945          1           1 
    mgc_add(5,0,2,1,5)                                        5.000     0.000      5.000            4.000 0.960          1           1 
    mgc_and(1,2)                                              1.000     0.000      1.000            0.000 0.550          0          37 
    mgc_and(1,3)                                              1.000     0.000      1.000            0.000 0.550          0           2 
    mgc_and(11,2)                                            11.000     0.000     11.000            0.000 0.550          0           1 
    mgc_and(12,2)                                            12.000     0.000     12.000            0.000 0.550          0           1 
    mgc_and(2,2)                                              2.000     0.000      2.000            0.000 0.550          0           1 
    mgc_mul(12,0,12,0,12)                                   608.000     1.000      0.000            0.000 3.792          1           1 
    mgc_mux(1,1,2)                                            1.000     0.000      1.000            0.000 0.080          0           1 
    mgc_mux(11,1,2)                                          11.000     0.000     11.000            0.000 0.080          0           3 
    mgc_mux(12,1,2)                                          12.000     0.000     12.000            0.000 0.080          0           4 
    mgc_mux(13,1,2)                                          13.000     0.000     13.000            0.000 0.080          0           1 
    mgc_mux(32,1,2)                                          32.000     0.000     32.000            0.000 0.080          0           5 
    mgc_mux(4,1,2)                                            4.000     0.000      4.000            0.000 0.080          0           3 
    mgc_mux1hot(1,4)                                          1.830     0.000      1.830            0.000 1.500          0           1 
    mgc_mux1hot(11,5)                                        24.358     0.000     24.358            0.000 1.500          0           1 
    mgc_nand(1,2)                                             1.000     0.000      1.000            0.000 0.550          0           1 
    mgc_nor(1,2)                                              1.000     0.000      1.000            0.000 0.550          0          14 
    mgc_nor(1,3)                                              1.000     0.000      1.000            0.000 0.550          0           1 
    mgc_nor(1,5)                                              1.000     0.000      1.000            0.000 0.550          0           1 
    mgc_nor(1,9)                                              2.000     0.000      2.000            0.000 1.500          0           1 
    mgc_not(1)                                                0.000     0.000      0.000            0.000 0.000          0          25 
    mgc_not(12)                                               0.000     0.000      0.000            0.000 0.000          0           2 
    mgc_not(32)                                               0.000     0.000      0.000            0.000 0.000          0           1 
    mgc_not(4)                                                0.000     0.000      0.000            0.000 0.000          0           2 
    mgc_or(1,2)                                               1.000     0.000      1.000            0.000 0.550          0          13 
    mgc_or(1,3)                                               1.000     0.000      1.000            0.000 0.550          0           3 
    mgc_or(1,5)                                               1.000     0.000      1.000            0.000 0.550          0           1 
    mgc_or(1,6)                                               1.000     0.000      1.000            0.000 0.550          0           2 
    mgc_reg_pos(1,0,0,0,0,1,1)                                0.000     0.000      0.000            0.000 0.320          0           1 
    mgc_reg_pos(1,0,0,1,1,0,0)                                0.000     0.000      0.000            0.000 0.320          0           7 
    mgc_reg_pos(1,0,0,1,1,1,1)                                0.000     0.000      0.000            0.000 0.320          0           9 
    mgc_reg_pos(11,0,0,0,0,1,1)                               0.000     0.000      0.000            0.000 0.320          0           2 
    mgc_reg_pos(12,0,0,0,0,1,1)                               0.000     0.000      0.000            0.000 0.320          0           3 
    mgc_reg_pos(13,0,0,0,0,1,1)                               0.000     0.000      0.000            0.000 0.320          0           1 
    mgc_reg_pos(13,0,0,1,1,1,1)                               0.000     0.000      0.000            0.000 0.320          0           1 
    mgc_reg_pos(32,0,0,0,0,1,1)                               0.000     0.000      0.000            0.000 0.320          0           7 
    mgc_reg_pos(4,0,0,0,0,1,1)                                0.000     0.000      0.000            0.000 0.320          0           1 
    mgc_shift_l(1,0,4,11)                                     9.595     0.000      9.595            0.000 0.550          0           1 
    mgc_shift_l(1,0,4,12)                                    10.442     0.000     10.442            0.000 0.550          1           0 
    mgc_shift_l(1,0,4,13)                                    11.280     0.000     11.280            0.000 0.550          1           1 
    [Lib: mgc_ioport]                                                                                                                  
    mgc_io_sync(0)                                            0.000     0.000      0.000            0.000 0.000          5           5 
                                                                                                                                       
    TOTAL AREA (After Assignment):                         7623.064     1.000    562.000          136.000                              
    
  Area Scores
                      Post-Scheduling   Post-DP & FSM Post-Assignment 
    ----------------- --------------- --------------- ---------------
    Total Area Score:   7239.7          8466.5          7630.1        
    Total Reg:             0.0             0.0             0.0        
                                                                      
    DataPath:           7239.7 (100%)   8459.5 (100%)   7623.1 (100%) 
      MUX:                 0.0           523.5   (6%)    293.2   (4%) 
      FUNC:             7239.7 (100%)   7836.0  (93%)   7227.9  (95%) 
      LOGIC:               0.0           100.0   (1%)    102.0   (1%) 
      BUFFER:              0.0             0.0             0.0        
      MEM:                 0.0             0.0             0.0        
      ROM:                 0.0             0.0             0.0        
      REG:                 0.0             0.0             0.0        
                                                                      
    
    FSM:                   0.0             7.0   (0%)      7.0   (0%) 
      FSM-REG:             0.0             0.0             0.0        
      FSM-COMB:            0.0             7.0 (100%)      7.0 (100%) 
                                                                      
    
  Register-to-Variable Mappings
    Register                          Size(bits) Gated Register CG Opt Done Variables                                             
    --------------------------------- ---------- -------------- ----------- -----------------------------------------------------
    COMP_LOOP:twiddle_f#1.sva                 32         Y           Y      COMP_LOOP:twiddle_f#1.sva                             
                                                                            COMP_LOOP:twiddle_f.sva                               
    COMP_LOOP:twiddle_help#1.sva              32         Y           Y      COMP_LOOP:twiddle_help#1.sva                          
                                                                            COMP_LOOP:twiddle_help.sva                            
    p.sva                                     32         Y           Y      p.sva                                                 
    twiddle:rsci.qa_d.bfwt(31:0)              32         Y           Y      twiddle:rsci.qa_d.bfwt(31:0)                          
    twiddle_h:rsci.qa_d.bfwt(31:0)            32         Y           Y      twiddle_h:rsci.qa_d.bfwt(31:0)                        
    vec:rsci.qa_d.bfwt(31:0)                  32         Y           Y      vec:rsci.qa_d.bfwt(31:0)                              
    vec:rsci.qa_d.bfwt(63:32)                 32         Y           Y      vec:rsci.qa_d.bfwt(63:32)                             
    STAGE_LOOP:lshift.psp.sva                 13         Y           Y      STAGE_LOOP:lshift.psp.sva                             
    VEC_LOOP:j(12:0)#1.sva#1                  13         Y           Y      VEC_LOOP:j(12:0)#1.sva#1                              
                                                                            VEC_LOOP:j(12:0).sva#1                                
    COMP_LOOP-2:twiddle_f:lshift.itm          12         Y           Y      COMP_LOOP-2:twiddle_f:lshift.itm                      
                                                                            VEC_LOOP:acc#1.cse.sva                                
    VEC_LOOP:acc#10.cse#1.sva                 12         Y           Y      VEC_LOOP:acc#10.cse#1.sva                             
                                                                            VEC_LOOP:acc#10.cse.sva                               
    VEC_LOOP:j(12:0)#1.sva(11:0)              12         Y           Y      VEC_LOOP:j(12:0)#1.sva(11:0)                          
                                                                            VEC_LOOP:j(12:0).sva(11:0)                            
    COMP_LOOP:k(12:1).sva(10:0)               11         Y           Y      COMP_LOOP:k(12:1).sva(10:0)                           
    VEC_LOOP:acc.psp.sva                      11         Y           Y      VEC_LOOP:acc.psp.sva                                  
    STAGE_LOOP:i(3:0).sva                      4         Y           Y      STAGE_LOOP:i(3:0).sva                                 
    complete:rsci.bcwt                         1                            complete:rsci.bcwt                                    
    core.wten.reg                              1                            core.wten.reg                                         
    reg(complete:rsci.oswt).cse                1         Y                  reg(complete:rsci.oswt).cse                           
    reg(ensig.cgo#1).cse                       1         Y                  reg(ensig.cgo#1).cse                                  
    reg(ensig.cgo).cse                         1         Y                  reg(ensig.cgo).cse                                    
    reg(run:rsci.oswt).cse                     1         Y                  reg(run:rsci.oswt).cse                                
    reg(twiddle:rsci.oswt).cse                 1         Y                  reg(twiddle:rsci.oswt).cse                            
    reg(vec:rsc.triosy:obj.iswt0).cse          1         Y                  reg(vec:rsc.triosy:obj.iswt0).cse                     
    reg(vec:rsci.oswt#1).cse                   1         Y                  reg(vec:rsci.oswt#1).cse                              
    reg(vec:rsci.oswt).cse                     1         Y                  reg(vec:rsci.oswt).cse                                
    run:rsci.bcwt                              1                            run:rsci.bcwt                                         
    run:rsci.ivld.bfwt                         1         Y           Y      run:rsci.ivld.bfwt                                    
    run_ac_sync_tmp_dobj.sva                   1         Y           Y      run_ac_sync_tmp_dobj.sva                              
    twiddle:rsci.bcwt                          1                            twiddle:rsci.bcwt                                     
    twiddle_h:rsci.bcwt                        1                            twiddle_h:rsci.bcwt                                   
    vec:rsci.bcwt                              1                            vec:rsci.bcwt                                         
    vec:rsci.bcwt#1                            1                            vec:rsci.bcwt#1                                       
                                                                                                                                  
    Total:                                   329            322         314 (Total Gating Ratio: 0.98, CG Opt Gating Ratio: 0.95) 
    
  Timing Report
    Critical Path
      Max Delay:  8.615601
      Slack:      1.3843990000000002
      
      Path                                                                                 Startpoint                                                                         Endpoint                                           Delay  Slack  
      ------------------------------------------------------------------------------------ ---------------------------------------------------------------------------------- -------------------------------------------------- ------ ------
      1                                                                                    inPlaceNTT_DIF_precomp:core:complete:rsci:complete:wait_dp/reg(complete:rsci.bcwt) inPlaceNTT_DIF_precomp:core/COMP_LOOP-1:mult():cmp 8.6156 1.3844 
                                                                                                                                                                                                                                               
        Instance                                                                           Component                                                                                                                             Delta  Delay  
        --------                                                                           ---------                                                                                                                             -----  -----  
        inPlaceNTT_DIF_precomp:core:complete:rsci:complete:wait_dp/reg(complete:rsci.bcwt) mgc_reg_pos_1_0_0_1_1_0_0                                                                                                             0.3200 0.3200 
        inPlaceNTT_DIF_precomp:core:complete:rsci:complete:wait_dp/complete:rsci.bcwt                                                                                                                                            0.0000 0.3200 
        inPlaceNTT_DIF_precomp:core:complete:rsci/complete:rsci.bcwt                                                                                                                                                             0.0000 0.3200 
        inPlaceNTT_DIF_precomp:core:complete:rsci:complete:wait_ctrl/complete:rsci.bcwt                                                                                                                                          0.0000 0.3200 
        inPlaceNTT_DIF_precomp:core:complete:rsci:complete:wait_ctrl/if:not#2              mgc_not_1                                                                                                                             0.0000 0.3200 
        inPlaceNTT_DIF_precomp:core:complete:rsci:complete:wait_ctrl/if:not#2.itm                                                                                                                                                0.0000 0.3200 
        inPlaceNTT_DIF_precomp:core:complete:rsci:complete:wait_ctrl/if:and#7              mgc_and_1_2                                                                                                                           0.5500 0.8700 
        inPlaceNTT_DIF_precomp:core:complete:rsci:complete:wait_ctrl/complete:rsci.ogwt                                                                                                                                          0.0000 0.8700 
        inPlaceNTT_DIF_precomp:core:complete:rsci:complete:wait_ctrl/if:and#5              mgc_and_1_2                                                                                                                           0.5500 1.4200 
        inPlaceNTT_DIF_precomp:core:complete:rsci:complete:wait_ctrl/complete:rsci.biwt                                                                                                                                          0.0000 1.4200 
        inPlaceNTT_DIF_precomp:core:complete:rsci/complete:rsci.biwt                                                                                                                                                             0.0000 1.4200 
        inPlaceNTT_DIF_precomp:core:complete:rsci:complete:wait_dp/complete:rsci.biwt                                                                                                                                            0.0000 1.4200 
        inPlaceNTT_DIF_precomp:core:complete:rsci:complete:wait_dp/if:or#2                 mgc_or_1_3                                                                                                                            0.5500 1.9700 
        inPlaceNTT_DIF_precomp:core:complete:rsci:complete:wait_dp/complete:rsci.wen_comp                                                                                                                                        0.0000 1.9700 
        inPlaceNTT_DIF_precomp:core:complete:rsci/complete:rsci.wen_comp                                                                                                                                                         0.0000 1.9700 
        inPlaceNTT_DIF_precomp:core/complete:rsci.wen_comp                                                                                                                                                                       0.0000 1.9700 
        inPlaceNTT_DIF_precomp:core:wait_dp/core.wen                                                                                                                                                                             0.0000 1.9700 
        inPlaceNTT_DIF_precomp:core:wait_dp/VEC_LOOP:and#11                                mgc_and_1_2                                                                                                                           0.5500 2.5200 
        inPlaceNTT_DIF_precomp:core:wait_dp/COMP_LOOP-1:mult():cmp.ccs_ccore_en                                                                                                                                                  0.0000 2.5200 
        inPlaceNTT_DIF_precomp:core/COMP_LOOP-1:mult():cmp.ccs_ccore_en                                                                                                                                                          0.0000 2.5200 
        inPlaceNTT_DIF_precomp:core/COMP_LOOP-1:mult():cmp                                 mult                                                                                                                                  0.0000 8.6156 
                                                                                                                                                                                                                                               
      2                                                                                    inPlaceNTT_DIF_precomp:core/reg(complete:rsci.oswt)                                inPlaceNTT_DIF_precomp:core/COMP_LOOP-1:mult():cmp 8.6156 1.3844 
                                                                                                                                                                                                                                               
        Instance                                                                           Component                                                                                                                             Delta  Delay  
        --------                                                                           ---------                                                                                                                             -----  -----  
        inPlaceNTT_DIF_precomp:core/reg(complete:rsci.oswt)                                mgc_reg_pos_1_0_0_1_1_1_1                                                                                                             0.3200 0.3200 
        inPlaceNTT_DIF_precomp:core/reg(complete:rsci.oswt).cse                                                                                                                                                                  0.0000 0.3200 
        inPlaceNTT_DIF_precomp:core:complete:rsci/complete:rsci.oswt                                                                                                                                                             0.0000 0.3200 
        inPlaceNTT_DIF_precomp:core:complete:rsci:complete:wait_ctrl/complete:rsci.oswt                                                                                                                                          0.0000 0.3200 
        inPlaceNTT_DIF_precomp:core:complete:rsci:complete:wait_ctrl/if:and#7              mgc_and_1_2                                                                                                                           0.5500 0.8700 
        inPlaceNTT_DIF_precomp:core:complete:rsci:complete:wait_ctrl/complete:rsci.ogwt                                                                                                                                          0.0000 0.8700 
        inPlaceNTT_DIF_precomp:core:complete:rsci:complete:wait_ctrl/if:and#5              mgc_and_1_2                                                                                                                           0.5500 1.4200 
        inPlaceNTT_DIF_precomp:core:complete:rsci:complete:wait_ctrl/complete:rsci.biwt                                                                                                                                          0.0000 1.4200 
        inPlaceNTT_DIF_precomp:core:complete:rsci/complete:rsci.biwt                                                                                                                                                             0.0000 1.4200 
        inPlaceNTT_DIF_precomp:core:complete:rsci:complete:wait_dp/complete:rsci.biwt                                                                                                                                            0.0000 1.4200 
        inPlaceNTT_DIF_precomp:core:complete:rsci:complete:wait_dp/if:or#2                 mgc_or_1_3                                                                                                                            0.5500 1.9700 
        inPlaceNTT_DIF_precomp:core:complete:rsci:complete:wait_dp/complete:rsci.wen_comp                                                                                                                                        0.0000 1.9700 
        inPlaceNTT_DIF_precomp:core:complete:rsci/complete:rsci.wen_comp                                                                                                                                                         0.0000 1.9700 
        inPlaceNTT_DIF_precomp:core/complete:rsci.wen_comp                                                                                                                                                                       0.0000 1.9700 
        inPlaceNTT_DIF_precomp:core:wait_dp/core.wen                                                                                                                                                                             0.0000 1.9700 
        inPlaceNTT_DIF_precomp:core:wait_dp/VEC_LOOP:and#11                                mgc_and_1_2                                                                                                                           0.5500 2.5200 
        inPlaceNTT_DIF_precomp:core:wait_dp/COMP_LOOP-1:mult():cmp.ccs_ccore_en                                                                                                                                                  0.0000 2.5200 
        inPlaceNTT_DIF_precomp:core/COMP_LOOP-1:mult():cmp.ccs_ccore_en                                                                                                                                                          0.0000 2.5200 
        inPlaceNTT_DIF_precomp:core/COMP_LOOP-1:mult():cmp                                 mult                                                                                                                                  0.0000 8.6156 
                                                                                                                                                                                                                                               
      3                                                                                    inPlaceNTT_DIF_precomp:core:complete:rsci:complete:wait_ctrl/complete:rsci.irdy    inPlaceNTT_DIF_precomp:core/COMP_LOOP-1:mult():cmp 7.7456 2.2544 
                                                                                                                                                                                                                                               
        Instance                                                                           Component                                                                                                                             Delta  Delay  
        --------                                                                           ---------                                                                                                                             -----  -----  
        inPlaceNTT_DIF_precomp:core:complete:rsci:complete:wait_ctrl/complete:rsci.irdy                                                                                                                                          0.0000 0.0000 
        inPlaceNTT_DIF_precomp:core:complete:rsci:complete:wait_ctrl/if:and#5              mgc_and_1_2                                                                                                                           0.5500 0.5500 
        inPlaceNTT_DIF_precomp:core:complete:rsci:complete:wait_ctrl/complete:rsci.biwt                                                                                                                                          0.0000 0.5500 
        inPlaceNTT_DIF_precomp:core:complete:rsci/complete:rsci.biwt                                                                                                                                                             0.0000 0.5500 
        inPlaceNTT_DIF_precomp:core:complete:rsci:complete:wait_dp/complete:rsci.biwt                                                                                                                                            0.0000 0.5500 
        inPlaceNTT_DIF_precomp:core:complete:rsci:complete:wait_dp/if:or#2                 mgc_or_1_3                                                                                                                            0.5500 1.1000 
        inPlaceNTT_DIF_precomp:core:complete:rsci:complete:wait_dp/complete:rsci.wen_comp                                                                                                                                        0.0000 1.1000 
        inPlaceNTT_DIF_precomp:core:complete:rsci/complete:rsci.wen_comp                                                                                                                                                         0.0000 1.1000 
        inPlaceNTT_DIF_precomp:core/complete:rsci.wen_comp                                                                                                                                                                       0.0000 1.1000 
        inPlaceNTT_DIF_precomp:core:wait_dp/core.wen                                                                                                                                                                             0.0000 1.1000 
        inPlaceNTT_DIF_precomp:core:wait_dp/VEC_LOOP:and#11                                mgc_and_1_2                                                                                                                           0.5500 1.6500 
        inPlaceNTT_DIF_precomp:core:wait_dp/COMP_LOOP-1:mult():cmp.ccs_ccore_en                                                                                                                                                  0.0000 1.6500 
        inPlaceNTT_DIF_precomp:core/COMP_LOOP-1:mult():cmp.ccs_ccore_en                                                                                                                                                          0.0000 1.6500 
        inPlaceNTT_DIF_precomp:core/COMP_LOOP-1:mult():cmp                                 mult                                                                                                                                  0.8700 7.7456 
                                                                                                                                                                                                                                               
      4                                                                                    inPlaceNTT_DIF_precomp:core/reg(complete:rsci.oswt)                                inPlaceNTT_DIF_precomp:core/COMP_LOOP-1:mult():cmp 7.5156 2.4844 
                                                                                                                                                                                                                                               
        Instance                                                                           Component                                                                                                                             Delta  Delay  
        --------                                                                           ---------                                                                                                                             -----  -----  
        inPlaceNTT_DIF_precomp:core/reg(complete:rsci.oswt)                                mgc_reg_pos_1_0_0_1_1_1_1                                                                                                             0.3200 0.3200 
        inPlaceNTT_DIF_precomp:core/reg(complete:rsci.oswt).cse                                                                                                                                                                  0.0000 0.3200 
        inPlaceNTT_DIF_precomp:core:complete:rsci/complete:rsci.oswt                                                                                                                                                             0.0000 0.3200 
        inPlaceNTT_DIF_precomp:core:complete:rsci:complete:wait_dp/complete:rsci.oswt                                                                                                                                            0.0000 0.3200 
        inPlaceNTT_DIF_precomp:core:complete:rsci:complete:wait_dp/if:not#3                mgc_not_1                                                                                                                             0.0000 0.3200 
        inPlaceNTT_DIF_precomp:core:complete:rsci:complete:wait_dp/if:not#3.itm                                                                                                                                                  0.0000 0.3200 
        inPlaceNTT_DIF_precomp:core:complete:rsci:complete:wait_dp/if:or#2                 mgc_or_1_3                                                                                                                            0.5500 0.8700 
        inPlaceNTT_DIF_precomp:core:complete:rsci:complete:wait_dp/complete:rsci.wen_comp                                                                                                                                        0.0000 0.8700 
        inPlaceNTT_DIF_precomp:core:complete:rsci/complete:rsci.wen_comp                                                                                                                                                         0.0000 0.8700 
        inPlaceNTT_DIF_precomp:core/complete:rsci.wen_comp                                                                                                                                                                       0.0000 0.8700 
        inPlaceNTT_DIF_precomp:core:wait_dp/core.wen                                                                                                                                                                             0.0000 0.8700 
        inPlaceNTT_DIF_precomp:core:wait_dp/VEC_LOOP:and#11                                mgc_and_1_2                                                                                                                           0.5500 1.4200 
        inPlaceNTT_DIF_precomp:core:wait_dp/COMP_LOOP-1:mult():cmp.ccs_ccore_en                                                                                                                                                  0.0000 1.4200 
        inPlaceNTT_DIF_precomp:core/COMP_LOOP-1:mult():cmp.ccs_ccore_en                                                                                                                                                          0.0000 1.4200 
        inPlaceNTT_DIF_precomp:core/COMP_LOOP-1:mult():cmp                                 mult                                                                                                                                  1.1000 7.5156 
                                                                                                                                                                                                                                               
      5                                                                                    inPlaceNTT_DIF_precomp:core:complete:rsci:complete:wait_dp/reg(complete:rsci.bcwt) inPlaceNTT_DIF_precomp:core/COMP_LOOP-1:mult():cmp 7.5156 2.4844 
                                                                                                                                                                                                                                               
        Instance                                                                           Component                                                                                                                             Delta  Delay  
        --------                                                                           ---------                                                                                                                             -----  -----  
        inPlaceNTT_DIF_precomp:core:complete:rsci:complete:wait_dp/reg(complete:rsci.bcwt) mgc_reg_pos_1_0_0_1_1_0_0                                                                                                             0.3200 0.3200 
        inPlaceNTT_DIF_precomp:core:complete:rsci:complete:wait_dp/complete:rsci.bcwt                                                                                                                                            0.0000 0.3200 
        inPlaceNTT_DIF_precomp:core:complete:rsci:complete:wait_dp/if:or#2                 mgc_or_1_3                                                                                                                            0.5500 0.8700 
        inPlaceNTT_DIF_precomp:core:complete:rsci:complete:wait_dp/complete:rsci.wen_comp                                                                                                                                        0.0000 0.8700 
        inPlaceNTT_DIF_precomp:core:complete:rsci/complete:rsci.wen_comp                                                                                                                                                         0.0000 0.8700 
        inPlaceNTT_DIF_precomp:core/complete:rsci.wen_comp                                                                                                                                                                       0.0000 0.8700 
        inPlaceNTT_DIF_precomp:core:wait_dp/core.wen                                                                                                                                                                             0.0000 0.8700 
        inPlaceNTT_DIF_precomp:core:wait_dp/VEC_LOOP:and#11                                mgc_and_1_2                                                                                                                           0.5500 1.4200 
        inPlaceNTT_DIF_precomp:core:wait_dp/COMP_LOOP-1:mult():cmp.ccs_ccore_en                                                                                                                                                  0.0000 1.4200 
        inPlaceNTT_DIF_precomp:core/COMP_LOOP-1:mult():cmp.ccs_ccore_en                                                                                                                                                          0.0000 1.4200 
        inPlaceNTT_DIF_precomp:core/COMP_LOOP-1:mult():cmp                                 mult                                                                                                                                  1.1000 7.5156 
                                                                                                                                                                                                                                               
      6                                                                                    inPlaceNTT_DIF_precomp:core/inPlaceNTT_DIF_precomp:core_core:fsm:inst              inPlaceNTT_DIF_precomp:core/COMP_LOOP-1:mult():cmp 7.1956 2.8044 
                                                                                                                                                                                                                                               
        Instance                                                                           Component                                                                                                                             Delta  Delay  
        --------                                                                           ---------                                                                                                                             -----  -----  
        inPlaceNTT_DIF_precomp:core/inPlaceNTT_DIF_precomp:core_core:fsm:inst              inPlaceNTT_DIF_precomp:core_core:fsm                                                                                                  0.0000 0.0000 
        inPlaceNTT_DIF_precomp:core/fsm_output                                                                                                                                                                                   0.0000 0.0000 
        inPlaceNTT_DIF_precomp:core/slc(fsm_output)(16)                                                                                                                                                                          0.0000 0.0000 
        inPlaceNTT_DIF_precomp:core/slc(fsm_output)(16).itm                                                                                                                                                                      0.0000 0.0000 
        inPlaceNTT_DIF_precomp:core/or#73                                                  mgc_or_1_6                                                                                                                            0.5500 0.5500 
        inPlaceNTT_DIF_precomp:core/or#73.rmff                                                                                                                                                                                   0.0000 0.5500 
        inPlaceNTT_DIF_precomp:core:wait_dp/ensig.cgo_iro                                                                                                                                                                        0.0000 0.5500 
        inPlaceNTT_DIF_precomp:core:wait_dp/VEC_LOOP:or#2                                  mgc_or_1_2                                                                                                                            0.0000 0.5500 
        inPlaceNTT_DIF_precomp:core:wait_dp/VEC_LOOP:or#2.itm                                                                                                                                                                    0.0000 0.5500 
        inPlaceNTT_DIF_precomp:core:wait_dp/VEC_LOOP:and#11                                mgc_and_1_2                                                                                                                           0.5500 1.1000 
        inPlaceNTT_DIF_precomp:core:wait_dp/COMP_LOOP-1:mult():cmp.ccs_ccore_en                                                                                                                                                  0.0000 1.1000 
        inPlaceNTT_DIF_precomp:core/COMP_LOOP-1:mult():cmp.ccs_ccore_en                                                                                                                                                          0.0000 1.1000 
        inPlaceNTT_DIF_precomp:core/COMP_LOOP-1:mult():cmp                                 mult                                                                                                                                  1.4200 7.1956 
                                                                                                                                                                                                                                               
      7                                                                                    inPlaceNTT_DIF_precomp:core/inPlaceNTT_DIF_precomp:core_core:fsm:inst              inPlaceNTT_DIF_precomp:core/COMP_LOOP-1:mult():cmp 7.1956 2.8044 
                                                                                                                                                                                                                                               
        Instance                                                                           Component                                                                                                                             Delta  Delay  
        --------                                                                           ---------                                                                                                                             -----  -----  
        inPlaceNTT_DIF_precomp:core/inPlaceNTT_DIF_precomp:core_core:fsm:inst              inPlaceNTT_DIF_precomp:core_core:fsm                                                                                                  0.0000 0.0000 
        inPlaceNTT_DIF_precomp:core/fsm_output                                                                                                                                                                                   0.0000 0.0000 
        inPlaceNTT_DIF_precomp:core/slc(fsm_output)(15)                                                                                                                                                                          0.0000 0.0000 
        inPlaceNTT_DIF_precomp:core/slc(fsm_output)(15).itm                                                                                                                                                                      0.0000 0.0000 
        inPlaceNTT_DIF_precomp:core/or#73                                                  mgc_or_1_6                                                                                                                            0.5500 0.5500 
        inPlaceNTT_DIF_precomp:core/or#73.rmff                                                                                                                                                                                   0.0000 0.5500 
        inPlaceNTT_DIF_precomp:core:wait_dp/ensig.cgo_iro                                                                                                                                                                        0.0000 0.5500 
        inPlaceNTT_DIF_precomp:core:wait_dp/VEC_LOOP:or#2                                  mgc_or_1_2                                                                                                                            0.0000 0.5500 
        inPlaceNTT_DIF_precomp:core:wait_dp/VEC_LOOP:or#2.itm                                                                                                                                                                    0.0000 0.5500 
        inPlaceNTT_DIF_precomp:core:wait_dp/VEC_LOOP:and#11                                mgc_and_1_2                                                                                                                           0.5500 1.1000 
        inPlaceNTT_DIF_precomp:core:wait_dp/COMP_LOOP-1:mult():cmp.ccs_ccore_en                                                                                                                                                  0.0000 1.1000 
        inPlaceNTT_DIF_precomp:core/COMP_LOOP-1:mult():cmp.ccs_ccore_en                                                                                                                                                          0.0000 1.1000 
        inPlaceNTT_DIF_precomp:core/COMP_LOOP-1:mult():cmp                                 mult                                                                                                                                  1.4200 7.1956 
                                                                                                                                                                                                                                               
      8                                                                                    inPlaceNTT_DIF_precomp:core/inPlaceNTT_DIF_precomp:core_core:fsm:inst              inPlaceNTT_DIF_precomp:core/COMP_LOOP-1:mult():cmp 7.1956 2.8044 
                                                                                                                                                                                                                                               
        Instance                                                                           Component                                                                                                                             Delta  Delay  
        --------                                                                           ---------                                                                                                                             -----  -----  
        inPlaceNTT_DIF_precomp:core/inPlaceNTT_DIF_precomp:core_core:fsm:inst              inPlaceNTT_DIF_precomp:core_core:fsm                                                                                                  0.0000 0.0000 
        inPlaceNTT_DIF_precomp:core/fsm_output                                                                                                                                                                                   0.0000 0.0000 
        inPlaceNTT_DIF_precomp:core/slc(fsm_output)(7)#2                                                                                                                                                                         0.0000 0.0000 
        inPlaceNTT_DIF_precomp:core/slc(fsm_output)(7)#2.itm                                                                                                                                                                     0.0000 0.0000 
        inPlaceNTT_DIF_precomp:core/or#73                                                  mgc_or_1_6                                                                                                                            0.5500 0.5500 
        inPlaceNTT_DIF_precomp:core/or#73.rmff                                                                                                                                                                                   0.0000 0.5500 
        inPlaceNTT_DIF_precomp:core:wait_dp/ensig.cgo_iro                                                                                                                                                                        0.0000 0.5500 
        inPlaceNTT_DIF_precomp:core:wait_dp/VEC_LOOP:or#2                                  mgc_or_1_2                                                                                                                            0.0000 0.5500 
        inPlaceNTT_DIF_precomp:core:wait_dp/VEC_LOOP:or#2.itm                                                                                                                                                                    0.0000 0.5500 
        inPlaceNTT_DIF_precomp:core:wait_dp/VEC_LOOP:and#11                                mgc_and_1_2                                                                                                                           0.5500 1.1000 
        inPlaceNTT_DIF_precomp:core:wait_dp/COMP_LOOP-1:mult():cmp.ccs_ccore_en                                                                                                                                                  0.0000 1.1000 
        inPlaceNTT_DIF_precomp:core/COMP_LOOP-1:mult():cmp.ccs_ccore_en                                                                                                                                                          0.0000 1.1000 
        inPlaceNTT_DIF_precomp:core/COMP_LOOP-1:mult():cmp                                 mult                                                                                                                                  1.4200 7.1956 
                                                                                                                                                                                                                                               
      9                                                                                    inPlaceNTT_DIF_precomp:core/inPlaceNTT_DIF_precomp:core_core:fsm:inst              inPlaceNTT_DIF_precomp:core/COMP_LOOP-1:mult():cmp 7.1956 2.8044 
                                                                                                                                                                                                                                               
        Instance                                                                           Component                                                                                                                             Delta  Delay  
        --------                                                                           ---------                                                                                                                             -----  -----  
        inPlaceNTT_DIF_precomp:core/inPlaceNTT_DIF_precomp:core_core:fsm:inst              inPlaceNTT_DIF_precomp:core_core:fsm                                                                                                  0.0000 0.0000 
        inPlaceNTT_DIF_precomp:core/fsm_output                                                                                                                                                                                   0.0000 0.0000 
        inPlaceNTT_DIF_precomp:core/slc(fsm_output)(8)#1                                                                                                                                                                         0.0000 0.0000 
        inPlaceNTT_DIF_precomp:core/slc(fsm_output)(8)#1.itm                                                                                                                                                                     0.0000 0.0000 
        inPlaceNTT_DIF_precomp:core/or#73                                                  mgc_or_1_6                                                                                                                            0.5500 0.5500 
        inPlaceNTT_DIF_precomp:core/or#73.rmff                                                                                                                                                                                   0.0000 0.5500 
        inPlaceNTT_DIF_precomp:core:wait_dp/ensig.cgo_iro                                                                                                                                                                        0.0000 0.5500 
        inPlaceNTT_DIF_precomp:core:wait_dp/VEC_LOOP:or#2                                  mgc_or_1_2                                                                                                                            0.0000 0.5500 
        inPlaceNTT_DIF_precomp:core:wait_dp/VEC_LOOP:or#2.itm                                                                                                                                                                    0.0000 0.5500 
        inPlaceNTT_DIF_precomp:core:wait_dp/VEC_LOOP:and#11                                mgc_and_1_2                                                                                                                           0.5500 1.1000 
        inPlaceNTT_DIF_precomp:core:wait_dp/COMP_LOOP-1:mult():cmp.ccs_ccore_en                                                                                                                                                  0.0000 1.1000 
        inPlaceNTT_DIF_precomp:core/COMP_LOOP-1:mult():cmp.ccs_ccore_en                                                                                                                                                          0.0000 1.1000 
        inPlaceNTT_DIF_precomp:core/COMP_LOOP-1:mult():cmp                                 mult                                                                                                                                  1.4200 7.1956 
                                                                                                                                                                                                                                               
      10                                                                                   inPlaceNTT_DIF_precomp:core/inPlaceNTT_DIF_precomp:core_core:fsm:inst              inPlaceNTT_DIF_precomp:core/COMP_LOOP-1:mult():cmp 7.1956 2.8044 
                                                                                                                                                                                                                                               
        Instance                                                                           Component                                                                                                                             Delta  Delay  
        --------                                                                           ---------                                                                                                                             -----  -----  
        inPlaceNTT_DIF_precomp:core/inPlaceNTT_DIF_precomp:core_core:fsm:inst              inPlaceNTT_DIF_precomp:core_core:fsm                                                                                                  0.0000 0.0000 
        inPlaceNTT_DIF_precomp:core/fsm_output                                                                                                                                                                                   0.0000 0.0000 
        inPlaceNTT_DIF_precomp:core/slc(fsm_output)(6)#3                                                                                                                                                                         0.0000 0.0000 
        inPlaceNTT_DIF_precomp:core/slc(fsm_output)(6)#3.itm                                                                                                                                                                     0.0000 0.0000 
        inPlaceNTT_DIF_precomp:core/or#73                                                  mgc_or_1_6                                                                                                                            0.5500 0.5500 
        inPlaceNTT_DIF_precomp:core/or#73.rmff                                                                                                                                                                                   0.0000 0.5500 
        inPlaceNTT_DIF_precomp:core:wait_dp/ensig.cgo_iro                                                                                                                                                                        0.0000 0.5500 
        inPlaceNTT_DIF_precomp:core:wait_dp/VEC_LOOP:or#2                                  mgc_or_1_2                                                                                                                            0.0000 0.5500 
        inPlaceNTT_DIF_precomp:core:wait_dp/VEC_LOOP:or#2.itm                                                                                                                                                                    0.0000 0.5500 
        inPlaceNTT_DIF_precomp:core:wait_dp/VEC_LOOP:and#11                                mgc_and_1_2                                                                                                                           0.5500 1.1000 
        inPlaceNTT_DIF_precomp:core:wait_dp/COMP_LOOP-1:mult():cmp.ccs_ccore_en                                                                                                                                                  0.0000 1.1000 
        inPlaceNTT_DIF_precomp:core/COMP_LOOP-1:mult():cmp.ccs_ccore_en                                                                                                                                                          0.0000 1.1000 
        inPlaceNTT_DIF_precomp:core/COMP_LOOP-1:mult():cmp                                 mult                                                                                                                                  1.4200 7.1956 
                                                                                                                                                                                                                                               
      
    Register Input and Register-to-Output Slack
      Clock period or pin-to-reg delay constraint (clk): 10.0
      Clock uncertainty constraint (clk)               : 0.0
      
      Instance                                                                                             Port                                                        Slack (Delay) Messages 
      ---------------------------------------------------------------------------------------------------- --------------------------------------------------------- ------- ------- --------
      inPlaceNTT_DIF_precomp:core/reg(run:rsci.oswt)                                                       slc(fsm_output)(0)#2.itm                                  10.0000  0.0000          
      inPlaceNTT_DIF_precomp:core/reg(vec:rsci.oswt)                                                       or#50.rmff                                                 7.8000  2.2000          
      inPlaceNTT_DIF_precomp:core/reg(vec:rsci.oswt#1)                                                     or#51.rmff                                                 8.9000  1.1000          
      inPlaceNTT_DIF_precomp:core/reg(twiddle:rsci.oswt)                                                   or#66.rmff                                                 9.1300  0.8700          
      inPlaceNTT_DIF_precomp:core/reg(complete:rsci.oswt)                                                  and#92.itm                                                 7.1450  2.8550          
      inPlaceNTT_DIF_precomp:core/reg(vec:rsc.triosy:obj.iswt0)                                            slc(fsm_output)(21)#1.itm                                 10.0000  0.0000          
      inPlaceNTT_DIF_precomp:core/reg(ensig.cgo)                                                           or#73.rmff                                                 2.8044  7.1956          
      inPlaceNTT_DIF_precomp:core/reg(ensig.cgo#1)                                                         or#75.rmff                                                 6.9050  3.0950          
      inPlaceNTT_DIF_precomp:core/reg(STAGE_LOOP:i(3:0))                                                   STAGE_LOOP:i:STAGE_LOOP:i:mux.itm                          8.5750  1.4250          
      inPlaceNTT_DIF_precomp:core/reg(p)                                                                   p:rsci.idat                                               10.0000  0.0000          
      inPlaceNTT_DIF_precomp:core/reg(run_ac_sync_tmp_dobj)                                                run:rsci.ivld.mxwt                                         9.6000  0.4000          
      inPlaceNTT_DIF_precomp:core/reg(STAGE_LOOP:lshift.psp)                                               z.out#3                                                    7.9450  2.0550          
      inPlaceNTT_DIF_precomp:core/reg(COMP_LOOP:k(12:1).sva(10:0))                                         COMP_LOOP:k:COMP_LOOP:k:and.itm                            8.0000  2.0000          
      inPlaceNTT_DIF_precomp:core/reg(COMP_LOOP-2:twiddle_f:lshift)                                        COMP_LOOP:twiddle_f:COMP_LOOP:twiddle_f:mux.itm            7.9450  2.0550          
      inPlaceNTT_DIF_precomp:core/reg(COMP_LOOP:twiddle_help#1)                                            twiddle_h:rsci.qa_d.mxwt                                   7.5200  2.4800          
      inPlaceNTT_DIF_precomp:core/reg(COMP_LOOP:twiddle_f#1)                                               twiddle:rsci.qa_d.mxwt                                     7.5200  2.4800          
      inPlaceNTT_DIF_precomp:core/reg(VEC_LOOP:j(12:0)#1.sva(11:0))                                        VEC_LOOP:j:VEC_LOOP:j:VEC_LOOP:j:and.itm                   9.1300  0.8700          
      inPlaceNTT_DIF_precomp:core/reg(VEC_LOOP:j(12:0)#1)                                                  z.out#4                                                    8.3700  1.6300          
      inPlaceNTT_DIF_precomp:core/reg(VEC_LOOP:acc#10)                                                     z.out#1                                                    7.5500  2.4500          
      inPlaceNTT_DIF_precomp:core/reg(VEC_LOOP:acc.psp)                                                    VEC_LOOP:slc(z.out#6)(10-0)#1.itm                          8.5500  1.4500          
      inPlaceNTT_DIF_precomp:core:run:rsci:run:wait_dp/reg(run:rsci.bcwt)                                  if:nor.itm                                                 6.9300  3.0700          
      inPlaceNTT_DIF_precomp:core:run:rsci:run:wait_dp/reg(run:rsci.ivld.bfwt)                             run:rsci.ivld                                              9.9200  0.0800          
      inPlaceNTT_DIF_precomp:core:vec:rsci#1:vec:rsc.@:wait_dp/reg(vec:rsci.bcwt)                          VEC_LOOP:nor.itm                                           6.9300  3.0700          
      inPlaceNTT_DIF_precomp:core:vec:rsci#1:vec:rsc.@:wait_dp/reg(vec:rsci.bcwt#1)                        VEC_LOOP:nor#2.itm                                         6.9300  3.0700          
      inPlaceNTT_DIF_precomp:core:vec:rsci#1:vec:rsc.@:wait_dp/reg(vec:rsci.qa_d.bfwt)                     VEC_LOOP:slc(vec:rsci.qa_d)(63-32).itm                     7.6000  2.4000          
      inPlaceNTT_DIF_precomp:core:vec:rsci#1:vec:rsc.@:wait_dp/reg(vec:rsci.qa_d.bfwt)#1                   VEC_LOOP:slc(vec:rsci.qa_d)(31-0).itm                      7.6000  2.4000          
      inPlaceNTT_DIF_precomp:core:twiddle:rsci#1:twiddle:rsc.@:wait_dp/reg(twiddle:rsci.bcwt)              COMP_LOOP:twiddle_f:nor.itm                                6.9300  3.0700          
      inPlaceNTT_DIF_precomp:core:twiddle:rsci#1:twiddle:rsc.@:wait_dp/reg(twiddle:rsci.qa_d.bfwt)#1       COMP_LOOP:twiddle_f:slc(twiddle:rsci.qa_d)(31-0).itm       7.6000  2.4000          
      inPlaceNTT_DIF_precomp:core:twiddle_h:rsci#1:twiddle_h:rsc.@:wait_dp/reg(twiddle_h:rsci.bcwt)        COMP_LOOP:twiddle_help:nor.itm                             6.9300  3.0700          
      inPlaceNTT_DIF_precomp:core:twiddle_h:rsci#1:twiddle_h:rsc.@:wait_dp/reg(twiddle_h:rsci.qa_d.bfwt)#1 COMP_LOOP:twiddle_help:slc(twiddle_h:rsci.qa_d)(31-0).itm  7.6000  2.4000          
      inPlaceNTT_DIF_precomp:core:complete:rsci:complete:wait_dp/reg(complete:rsci.bcwt)                   if:nor#3.itm                                               6.9300  3.0700          
      inPlaceNTT_DIF_precomp:core:staller/reg(core.wten)                                                   not#1.itm                                                  8.0300  1.9700          
      inPlaceNTT_DIF_precomp                                                                               run:rsc.rdy                                                9.1300  0.8700          
      inPlaceNTT_DIF_precomp                                                                               vec:rsc.adra                                               6.5500  3.4500          
      inPlaceNTT_DIF_precomp                                                                               vec:rsc.da                                                 8.8700  1.1300          
      inPlaceNTT_DIF_precomp                                                                               vec:rsc.wea                                                6.4300  3.5700          
      inPlaceNTT_DIF_precomp                                                                               vec:rsc.adrb                                               6.5500  3.4500          
      inPlaceNTT_DIF_precomp                                                                               vec:rsc.db                                                 8.8700  1.1300          
      inPlaceNTT_DIF_precomp                                                                               vec:rsc.web                                                6.4300  3.5700          
      inPlaceNTT_DIF_precomp                                                                               vec:rsc.triosy.lz                                          9.1300  0.8700          
      inPlaceNTT_DIF_precomp                                                                               p:rsc.triosy.lz                                            9.1300  0.8700          
      inPlaceNTT_DIF_precomp                                                                               r:rsc.triosy.lz                                            9.1300  0.8700          
      inPlaceNTT_DIF_precomp                                                                               twiddle:rsc.adra                                           3.1834  6.8166          
      inPlaceNTT_DIF_precomp                                                                               twiddle:rsc.da                                             9.5000  0.5000          
      inPlaceNTT_DIF_precomp                                                                               twiddle:rsc.wea                                            9.5000  0.5000          
      inPlaceNTT_DIF_precomp                                                                               twiddle:rsc.adrb                                           3.1834  6.8166          
      inPlaceNTT_DIF_precomp                                                                               twiddle:rsc.db                                             9.5000  0.5000          
      inPlaceNTT_DIF_precomp                                                                               twiddle:rsc.web                                            9.5000  0.5000          
      inPlaceNTT_DIF_precomp                                                                               twiddle:rsc.triosy.lz                                      9.1300  0.8700          
      inPlaceNTT_DIF_precomp                                                                               twiddle_h:rsc.adra                                         3.1834  6.8166          
      inPlaceNTT_DIF_precomp                                                                               twiddle_h:rsc.da                                           9.5000  0.5000          
      inPlaceNTT_DIF_precomp                                                                               twiddle_h:rsc.wea                                          9.5000  0.5000          
      inPlaceNTT_DIF_precomp                                                                               twiddle_h:rsc.adrb                                         3.1834  6.8166          
      inPlaceNTT_DIF_precomp                                                                               twiddle_h:rsc.db                                           9.5000  0.5000          
      inPlaceNTT_DIF_precomp                                                                               twiddle_h:rsc.web                                          9.5000  0.5000          
      inPlaceNTT_DIF_precomp                                                                               twiddle_h:rsc.triosy.lz                                    9.1300  0.8700          
      inPlaceNTT_DIF_precomp                                                                               complete:rsc.vld                                           9.1300  0.8700          
      
  Operator Bitwidth Summary
    Operation                                       Size (bits) Count 
    ----------------------------------------------- ----------- -----
    add                                                               
    -                                                         5     1 
    -                                                         4     1 
    -                                                        32     2 
    -                                                        13     2 
    -                                                        12     4 
    and                                                               
    -                                                         2     1 
    -                                                        12     1 
    -                                                        11     1 
    -                                                         1    39 
    chread_sync                                                       
    -                                                         0     1 
    chwrite_sync                                                      
    -                                                         0     1 
    lshift                                                            
    -                                                        13     1 
    -                                                        11     1 
    modulo_add_8b3f96d27942dd35d77cd1e313d6ead560ec                   
    -                                                        32     1 
    modulo_sub_221cc38820a0941d4772a0cf032267436375                   
    -                                                        32     1 
    mul                                                               
    -                                                        12     1 
    mult_a1e233277d0d5c0cfe721a9995382bef70e4                         
    -                                                        32     1 
    mux                                                               
    -                                                         4     3 
    -                                                        32     5 
    -                                                        13     1 
    -                                                        12     4 
    -                                                        11     3 
    -                                                         1     1 
    mux1h                                                             
    -                                                        11     1 
    -                                                         1     1 
    nand                                                              
    -                                                         1     1 
    nor                                                               
    -                                                         1    17 
    not                                                               
    -                                                         4     2 
    -                                                        32     1 
    -                                                        12     2 
    -                                                         1    25 
    or                                                                
    -                                                         1    19 
    read_port                                                         
    -                                                        32     1 
    read_sync                                                         
    -                                                         0     5 
    reg                                                               
    -                                                         4     1 
    -                                                        32     7 
    -                                                        13     2 
    -                                                        12     3 
    -                                                        11     2 
    -                                                         1    17 
    
  End of Report
