# //  ModelSim SE-64 10.6 Dec 13 2016Linux 3.10.0-1062.4.1.el7.x86_64
# //
# //  Copyright 1991-2016 Mentor Graphics Corporation
# //  All Rights Reserved.
# //
# //  ModelSim SE-64 and its associated documentation contain trade
# //  secrets and commercial or financial information that are the property of
# //  Mentor Graphics Corporation and are privileged, confidential,
# //  and exempt from disclosure under the Freedom of Information Act,
# //  5 U.S.C. Section 552. Furthermore, this information
# //  is prohibited from disclosure under the Trade Secrets Act,
# //  18 U.S.C. Section 1905.
# //
# vsim -i -t ps -wlf ./Catapult_1/inPlaceNTT_DIF.v15/scverify/rtl_v_msim/vsim.wlf -l ./Catapult_1/inPlaceNTT_DIF.v15/scverify/rtl_v_msim/sim.log -L ./Catapult_1/inPlaceNTT_DIF.v15/scverify/rtl_v_msim/mgc_hls -L ./Catapult_1/inPlaceNTT_DIF.v15/scverify/rtl_v_msim/work scverify_top_opt -do "do {./Catapult_1/inPlaceNTT_DIF.v15/scverify/rtl_v_msim/scverify_msim_wave.tcl}" 
# Start time: 22:09:23 on Aug 31,2021
# Loading /home/yl7897/NTT_Xilinx/Catapult/inplaceNTT_DIF_precomp/Catapult_1/inPlaceNTT_DIF.v15/scverify/rtl_v_msim/work/_sc/linux_x86_64_gcc-5.3.0/systemc.so
# Loading /home/yl7897/NTT_Xilinx/Catapult/inplaceNTT_DIF_precomp/Catapult_1/inPlaceNTT_DIF.v15/scverify/rtl_v_msim/work.scverify_top
# Info: CCS_CLK_CTOR: Clock 'clk' - Using default clock period '20 ns'
# Loading work.inPlaceNTT_DIF(fast)
# Loading work.inPlaceNTT_DIF_Xilinx_RAMS_BLOCK_1R1W_RBW_rwport_4_10_64_1024_1024_64_1_gen(fast)
# Loading work.inPlaceNTT_DIF_Xilinx_RAMS_BLOCK_1R1W_RBW_rport_7_10_64_1024_1024_64_1_gen(fast)
# Loading work.inPlaceNTT_DIF_core(fast)
# Loading ./Catapult_1/inPlaceNTT_DIF.v15/scverify/rtl_v_msim/mgc_hls.ccs_in_v1(fast)
# Loading ./Catapult_1/inPlaceNTT_DIF.v15/scverify/rtl_v_msim/mgc_hls.mgc_io_sync_v2(fast)
# Loading work.modulo_dev(fast)
# Loading work.modulo_dev_core(fast)
# Loading ./Catapult_1/inPlaceNTT_DIF.v15/scverify/rtl_v_msim/mgc_hls.ccs_in_v1(fast__1)
# Loading ./Catapult_1/inPlaceNTT_DIF.v15/scverify/rtl_v_msim/mgc_hls.ccs_in_v1(fast__2)
# Loading ./Catapult_1/inPlaceNTT_DIF.v15/scverify/rtl_v_msim/mgc_hls.mgc_out_dreg_v2(fast)
# Loading ./Catapult_1/inPlaceNTT_DIF.v15/scverify/rtl_v_msim/mgc_hls.ccs_in_v1(fast__3)
# Loading ./Catapult_1/inPlaceNTT_DIF.v15/scverify/rtl_v_msim/mgc_hls.mgc_rem(fast)
# Loading ./Catapult_1/inPlaceNTT_DIF.v15/scverify/rtl_v_msim/mgc_hls.mgc_shift_l_v5(fast)
# Loading work.inPlaceNTT_DIF_core_wait_dp(fast)
# Loading work.inPlaceNTT_DIF_core_core_fsm(fast)
# ** Warning: (vsim-4029) The fifo '/scverify_top/user_tb/vec_golden'
# (and any connected ports) is undebuggable as the tlm fifo size specified is '-1'. A tlm fifo with an infinite size is not debuggable.
# ** Warning: (vsim-4029) The fifo '/scverify_top/TLS_in_wait_ctrl_fifo_twiddle'
# (and any connected ports) is undebuggable as the tlm fifo size specified is '-1'. A tlm fifo with an infinite size is not debuggable.
# ** Warning: (vsim-4029) The fifo '/scverify_top/TLS_in_fifo_twiddle'
# (and any connected ports) is undebuggable as the tlm fifo size specified is '-1'. A tlm fifo with an infinite size is not debuggable.
# ** Warning: (vsim-4029) The fifo '/scverify_top/TLS_in_wait_ctrl_fifo_r'
# (and any connected ports) is undebuggable as the tlm fifo size specified is '-1'. A tlm fifo with an infinite size is not debuggable.
# ** Warning: (vsim-4029) The fifo '/scverify_top/TLS_in_fifo_r'
# (and any connected ports) is undebuggable as the tlm fifo size specified is '-1'. A tlm fifo with an infinite size is not debuggable.
# ** Warning: (vsim-4029) The fifo '/scverify_top/TLS_in_wait_ctrl_fifo_p'
# (and any connected ports) is undebuggable as the tlm fifo size specified is '-1'. A tlm fifo with an infinite size is not debuggable.
# ** Warning: (vsim-4029) The fifo '/scverify_top/TLS_in_fifo_p'
# (and any connected ports) is undebuggable as the tlm fifo size specified is '-1'. A tlm fifo with an infinite size is not debuggable.
# ** Warning: (vsim-4029) The fifo '/scverify_top/TLS_out_wait_ctrl_fifo_vec'
# (and any connected ports) is undebuggable as the tlm fifo size specified is '-1'. A tlm fifo with an infinite size is not debuggable.
# ** Warning: (vsim-4029) The fifo '/scverify_top/TLS_out_fifo_vec'
# (and any connected ports) is undebuggable as the tlm fifo size specified is '-1'. A tlm fifo with an infinite size is not debuggable.
# ** Warning: (vsim-4029) The fifo '/scverify_top/TLS_in_wait_ctrl_fifo_vec'
# (and any connected ports) is undebuggable as the tlm fifo size specified is '-1'. A tlm fifo with an infinite size is not debuggable.
# ** Warning: (vsim-4029) The fifo '/scverify_top/TLS_in_fifo_vec'
# (and any connected ports) is undebuggable as the tlm fifo size specified is '-1'. A tlm fifo with an infinite size is not debuggable.
# Disabling STALL_FLAG toggling
# do {./Catapult_1/inPlaceNTT_DIF.v15/scverify/rtl_v_msim/scverify_msim_wave.tcl}
# Reading SCVerify waveform database './Catapult_1/inPlaceNTT_DIF.v15/scverify/ccs_wave_signals.dat'
# Populating WAVE window...
#                 DONE
# 0
# 
# stdin: <EOF>
run -all
# (vec1[0] : 446596008)!= (vec2[0] : 509836)
# (vec1[1] : 3377304085)!= (vec2[1] : 68719393457)
# (vec1[2] : 32523629540)!= (vec2[2] : 762940662)
# (vec1[3] : 33417450271)!= (vec2[3] : 67956473779)
# (vec1[4] : 55138598995)!= (vec2[4] : 37268937831)
# (vec1[5] : 38272908712)!= (vec2[5] : 59149173914)
# (vec1[6] : 68013690048)!= (vec2[6] : 38566348044)
# (vec1[7] : 58107070702)!= (vec2[7] : 2454381865)
# (vec1[8] : 23597064177)!= (vec2[8] : 58374459479)
# (vec1[9] : 5854656441)!= (vec2[9] : 53373767784)
# (vec1[10] : 15466555007)!= (vec2[10] : 46825185599)
# (vec1[11] : 28565134845)!= (vec2[11] : 60866982676)
# (vec1[12] : 26573181681)!= (vec2[12] : 44353590469)
# (vec1[13] : 66881172185)!= (vec2[13] : 42481053865)
# (vec1[14] : 29149288411)!= (vec2[14] : 14646056691)
# (vec1[15] : 39068659841)!= (vec2[15] : 22675930602)
# (vec1[16] : 30683620898)!= (vec2[16] : 14093604335)
# (vec1[17] : 14773985816)!= (vec2[17] : 40342457062)
# (vec1[18] : 50154633503)!= (vec2[18] : 63031365372)
# (vec1[19] : 40034380556)!= (vec2[19] : 6804755800)
# (vec1[20] : 57262958411)!= (vec2[20] : 11518781116)
# (vec1[21] : 45015641890)!= (vec2[21] : 47286281064)
# (vec1[22] : 37138761233)!= (vec2[22] : 23896665247)
# (vec1[23] : 19949311150)!= (vec2[23] : 45958154937)
# (vec1[24] : 44047709714)!= (vec2[24] : 51668608309)
# (vec1[25] : 37688459787)!= (vec2[25] : 22951553231)
# (vec1[26] : 42378246112)!= (vec2[26] : 15400325968)
# (vec1[27] : 19303238085)!= (vec2[27] : 1154076356)
# (vec1[28] : 67520499840)!= (vec2[28] : 30465667897)
# (vec1[29] : 31054997114)!= (vec2[29] : 43313409436)
# (vec1[30] : 41734109908)!= (vec2[30] : 26275294195)
# (vec1[31] : 17827726594)!= (vec2[31] : 36874776338)
# (vec1[32] : 40965101154)!= (vec2[32] : 46703765650)
# (vec1[33] : 28826738924)!= (vec2[33] : 56559524034)
# (vec1[34] : 31379139181)!= (vec2[34] : 68071736279)
# (vec1[35] : 6266481661)!= (vec2[35] : 59896816267)
# (vec1[36] : 28898153107)!= (vec2[36] : 37972726384)
# (vec1[37] : 54724931995)!= (vec2[37] : 11268750588)
# (vec1[38] : 67640939693)!= (vec2[38] : 18089283150)
# (vec1[39] : 51851934703)!= (vec2[39] : 13532922606)
# (vec1[40] : 9397023550)!= (vec2[40] : 50885775703)
# (vec1[41] : 53167541060)!= (vec2[41] : 26501705273)
# (vec1[42] : 35611199646)!= (vec2[42] : 35951283298)
# (vec1[43] : 30470043989)!= (vec2[43] : 31706278865)
# (vec1[44] : 63904484431)!= (vec2[44] : 19342816179)
# (vec1[45] : 38843675062)!= (vec2[45] : 42572951152)
# (vec1[46] : 2015508201)!= (vec2[46] : 16480270286)
# (vec1[47] : 61532523596)!= (vec2[47] : 32628623475)
# (vec1[48] : 8361411920)!= (vec2[48] : 58493454310)
# (vec1[49] : 17770961845)!= (vec2[49] : 33385871862)
# (vec1[50] : 58470797149)!= (vec2[50] : 65379523541)
# (vec1[51] : 24882460212)!= (vec2[51] : 35871631346)
# (vec1[52] : 3602428629)!= (vec2[52] : 60745164688)
# (vec1[53] : 2685712372)!= (vec2[53] : 53581570865)
# (vec1[54] : 14636490156)!= (vec2[54] : 20965073374)
# (vec1[55] : 29145898078)!= (vec2[55] : 42960545623)
# (vec1[56] : 39106453346)!= (vec2[56] : 850363879)
# (vec1[57] : 5871419748)!= (vec2[57] : 55768858283)
# (vec1[58] : 48264544151)!= (vec2[58] : 36776593085)
# (vec1[59] : 41384697483)!= (vec2[59] : 28967117408)
# (vec1[60] : 46685233950)!= (vec2[60] : 53174429130)
# (vec1[61] : 10231191283)!= (vec2[61] : 1546823133)
# (vec1[62] : 16221180704)!= (vec2[62] : 27158342088)
# (vec1[63] : 19637870632)!= (vec2[63] : 24439311829)
# (vec1[64] : 40901265528)!= (vec2[64] : 66190090209)
# (vec1[65] : 38255558182)!= (vec2[65] : 132848809)
# (vec1[66] : 16880882965)!= (vec2[66] : 46157424647)
# (vec1[67] : 28491052037)!= (vec2[67] : 64231214611)
# (vec1[68] : 53447872636)!= (vec2[68] : 63854297063)
# (vec1[69] : 6433286821)!= (vec2[69] : 11001543716)
# (vec1[70] : 31163237850)!= (vec2[70] : 52593841733)
# (vec1[71] : 9455774892)!= (vec2[71] : 4778089619)
# (vec1[72] : 45286183714)!= (vec2[72] : 24066661323)
# (vec1[73] : 66110131341)!= (vec2[73] : 8724215850)
# (vec1[74] : 12653268214)!= (vec2[74] : 54536602220)
# (vec1[75] : 52451484031)!= (vec2[75] : 45229725956)
# (vec1[76] : 9849948706)!= (vec2[76] : 37204990235)
# (vec1[77] : 19795316880)!= (vec2[77] : 31630160966)
# (vec1[78] : 44748547158)!= (vec2[78] : 20902037819)
# (vec1[79] : 26651100944)!= (vec2[79] : 5735442989)
# (vec1[80] : 28306664495)!= (vec2[80] : 21555258284)
# (vec1[81] : 31912640546)!= (vec2[81] : 55790787119)
# (vec1[82] : 36089924496)!= (vec2[82] : 64864202676)
# (vec1[83] : 49390756165)!= (vec2[83] : 31161687443)
# (vec1[84] : 31624043316)!= (vec2[84] : 59045117077)
# (vec1[85] : 54811865136)!= (vec2[85] : 48545080906)
# (vec1[86] : 52067057920)!= (vec2[86] : 36869452927)
# (vec1[87] : 2915923327)!= (vec2[87] : 45316402981)
# (vec1[88] : 52215686062)!= (vec2[88] : 30763988847)
# (vec1[89] : 18644998514)!= (vec2[89] : 58446351086)
# (vec1[90] : 9817554440)!= (vec2[90] : 21322798232)
# (vec1[91] : 32406390072)!= (vec2[91] : 63735886344)
# (vec1[92] : 33858598826)!= (vec2[92] : 30742675300)
# (vec1[93] : 43506137252)!= (vec2[93] : 27896309205)
# (vec1[94] : 1646645776)!= (vec2[94] : 58715598660)
# (vec1[95] : 35857950639)!= (vec2[95] : 451227347)
# (vec1[96] : 45501602921)!= (vec2[96] : 60924387602)
# (vec1[97] : 15529160226)!= (vec2[97] : 63388652707)
# (vec1[98] : 51412434293)!= (vec2[98] : 41070273045)
# (vec1[99] : 10237146235)!= (vec2[99] : 34366694196)
# (vec1[100] : 46098894138)!= (vec2[100] : 39392641848)
# (vec1[101] : 33507612694)!= (vec2[101] : 59377466782)
# (vec1[102] : 24709665775)!= (vec2[102] : 39897646315)
# (vec1[103] : 61580201441)!= (vec2[103] : 26622608970)
# (vec1[104] : 46906014564)!= (vec2[104] : 17588263317)
# (vec1[105] : 60245331840)!= (vec2[105] : 20441901365)
# (vec1[106] : 65269499447)!= (vec2[106] : 7470796180)
# (vec1[107] : 31204635758)!= (vec2[107] : 3388876903)
# (vec1[108] : 60741620781)!= (vec2[108] : 38738663477)
# (vec1[109] : 8102753187)!= (vec2[109] : 10570897759)
# (vec1[110] : 54128225868)!= (vec2[110] : 14705362719)
# (vec1[111] : 61804893790)!= (vec2[111] : 19766904172)
# (vec1[112] : 65291548844)!= (vec2[112] : 39777836254)
# (vec1[113] : 46653611690)!= (vec2[113] : 51242096272)
# (vec1[114] : 5430884977)!= (vec2[114] : 64620376940)
# (vec1[115] : 30406971921)!= (vec2[115] : 28327735741)
# (vec1[116] : 37223199075)!= (vec2[116] : 48368016613)
# (vec1[117] : 19622909421)!= (vec2[117] : 21592319020)
# (vec1[118] : 21802538564)!= (vec2[118] : 64601985368)
# (vec1[119] : 252215446)!= (vec2[119] : 49416583561)
# (vec1[120] : 47283155568)!= (vec2[120] : 30875481212)
# (vec1[121] : 47965236642)!= (vec2[121] : 27051619126)
# (vec1[122] : 47645150361)!= (vec2[122] : 18672261484)
# (vec1[123] : 3035504726)!= (vec2[123] : 13209848785)
# (vec1[124] : 44411709864)!= (vec2[124] : 12378320210)
# (vec1[125] : 68431655557)!= (vec2[125] : 25533359428)
# (vec1[126] : 34634556458)!= (vec2[126] : 51116180925)
# (vec1[127] : 64038302346)!= (vec2[127] : 31052388802)
# (vec1[128] : 67553290504)!= (vec2[128] : 46724814923)
# (vec1[129] : 8232346546)!= (vec2[129] : 63768733763)
# (vec1[130] : 25422614859)!= (vec2[130] : 7292318037)
# (vec1[131] : 2151780499)!= (vec2[131] : 6770886548)
# (vec1[132] : 61011411345)!= (vec2[132] : 24319733671)
# (vec1[133] : 14065996276)!= (vec2[133] : 53360221651)
# (vec1[134] : 36783386182)!= (vec2[134] : 54740389165)
# (vec1[135] : 24310629337)!= (vec2[135] : 23011457711)
# (vec1[136] : 24442311814)!= (vec2[136] : 3836180860)
# (vec1[137] : 34903757413)!= (vec2[137] : 34307755465)
# (vec1[138] : 14210759191)!= (vec2[138] : 9224142035)
# (vec1[139] : 31332670654)!= (vec2[139] : 6151251122)
# (vec1[140] : 19398660867)!= (vec2[140] : 6602084214)
# (vec1[141] : 50697681956)!= (vec2[141] : 20596285588)
# (vec1[142] : 64982129843)!= (vec2[142] : 49345947593)
# (vec1[143] : 18323713641)!= (vec2[143] : 57296171121)
# (vec1[144] : 33773891549)!= (vec2[144] : 3756490329)
# (vec1[145] : 68423118243)!= (vec2[145] : 9829730901)
# (vec1[146] : 25731822088)!= (vec2[146] : 61125989629)
# (vec1[147] : 59158672801)!= (vec2[147] : 40758715968)
# (vec1[148] : 64516915807)!= (vec2[148] : 6091447280)
# (vec1[149] : 9364754504)!= (vec2[149] : 22412272910)
# (vec1[150] : 21288340664)!= (vec2[150] : 10146850706)
# (vec1[151] : 45758234756)!= (vec2[151] : 66949463743)
# (vec1[152] : 44310318690)!= (vec2[152] : 14461623993)
# (vec1[153] : 26806092635)!= (vec2[153] : 3316214167)
# (vec1[154] : 35078763250)!= (vec2[154] : 26421100712)
# (vec1[155] : 42708020866)!= (vec2[155] : 48456523864)
# (vec1[156] : 14298921023)!= (vec2[156] : 55212255290)
# (vec1[157] : 13715424455)!= (vec2[157] : 64350934873)
# (vec1[158] : 47465678787)!= (vec2[158] : 24792110090)
# (vec1[159] : 56323721815)!= (vec2[159] : 47551308018)
# (vec1[160] : 2739036388)!= (vec2[160] : 28387432525)
# (vec1[161] : 64406036484)!= (vec2[161] : 46889348676)
# (vec1[162] : 2691669897)!= (vec2[162] : 49787270750)
# (vec1[163] : 64426800568)!= (vec2[163] : 28736679553)
# (vec1[164] : 32978205308)!= (vec2[164] : 50800607388)
# (vec1[165] : 56040498751)!= (vec2[165] : 8865877548)
# (vec1[166] : 13055866540)!= (vec2[166] : 29667641842)
# (vec1[167] : 37211983968)!= (vec2[167] : 32417384232)
# (vec1[168] : 5668622136)!= (vec2[168] : 66690361867)
# (vec1[169] : 3253538817)!= (vec2[169] : 14870332036)
# (vec1[170] : 19650076756)!= (vec2[170] : 55202798342)
# (vec1[171] : 26977731682)!= (vec2[171] : 57681972404)
# (vec1[172] : 32119957431)!= (vec2[172] : 65717348573)
# (vec1[173] : 11739654141)!= (vec2[173] : 62659320159)
# (vec1[174] : 1737855880)!= (vec2[174] : 9346500898)
# (vec1[175] : 5883054673)!= (vec2[175] : 61858196475)
# (vec1[176] : 30605391886)!= (vec2[176] : 11664898913)
# (vec1[177] : 3066352407)!= (vec2[177] : 65314757580)
# (vec1[178] : 53076124054)!= (vec2[178] : 23896721545)
# (vec1[179] : 45252414088)!= (vec2[179] : 14837933459)
# (vec1[180] : 16328173066)!= (vec2[180] : 16597340286)
# (vec1[181] : 34435638698)!= (vec2[181] : 14148892670)
# (vec1[182] : 3517524345)!= (vec2[182] : 46849796785)
# (vec1[183] : 41329890209)!= (vec2[183] : 13028251064)
# (vec1[184] : 36541423198)!= (vec2[184] : 35932944027)
# (vec1[185] : 49797002490)!= (vec2[185] : 8134944338)
# (vec1[186] : 11938069265)!= (vec2[186] : 61506357647)
# (vec1[187] : 61820348007)!= (vec2[187] : 48166681918)
# (vec1[188] : 12352703885)!= (vec2[188] : 31630496360)
# (vec1[189] : 1839035180)!= (vec2[189] : 57028871383)
# (vec1[190] : 59949245184)!= (vec2[190] : 3297547286)
# (vec1[191] : 10259434974)!= (vec2[191] : 3593944857)
# (vec1[192] : 24188371698)!= (vec2[192] : 43626267587)
# (vec1[193] : 15184627400)!= (vec2[193] : 48771346327)
# (vec1[194] : 51031871051)!= (vec2[194] : 9768793280)
# (vec1[195] : 54147132781)!= (vec2[195] : 52018326092)
# (vec1[196] : 51447274426)!= (vec2[196] : 31319241763)
# (vec1[197] : 32730946385)!= (vec2[197] : 42141833776)
# (vec1[198] : 17066258618)!= (vec2[198] : 48946957424)
# (vec1[199] : 37508535641)!= (vec2[199] : 9861396621)
# (vec1[200] : 5379574769)!= (vec2[200] : 56766484998)
# (vec1[201] : 15297804607)!= (vec2[201] : 52534286544)
# (vec1[202] : 32185249066)!= (vec2[202] : 12191175532)
# (vec1[203] : 30635544602)!= (vec2[203] : 7144912614)
# (vec1[204] : 60232585094)!= (vec2[204] : 68169118459)
# (vec1[205] : 38639367773)!= (vec2[205] : 8362570948)
# (vec1[206] : 2359174016)!= (vec2[206] : 26234879045)
# (vec1[207] : 66550479986)!= (vec2[207] : 56447188487)
# (vec1[208] : 60279528562)!= (vec2[208] : 8073254295)
# (vec1[209] : 68078441599)!= (vec2[209] : 66476574316)
# (vec1[210] : 30775724207)!= (vec2[210] : 110183374)
# (vec1[211] : 12352657036)!= (vec2[211] : 63223559799)
# (vec1[212] : 2814002631)!= (vec2[212] : 68625125123)
# (vec1[213] : 28244494836)!= (vec2[213] : 40335050004)
# (vec1[214] : 47194854818)!= (vec2[214] : 56858841795)
# (vec1[215] : 14352847757)!= (vec2[215] : 61556878313)
# (vec1[216] : 45069285778)!= (vec2[216] : 47741383466)
# (vec1[217] : 16175340459)!= (vec2[217] : 19615000692)
# (vec1[218] : 39074204872)!= (vec2[218] : 34064290935)
# (vec1[219] : 1563882524)!= (vec2[219] : 1962291300)
# (vec1[220] : 65848138826)!= (vec2[220] : 25753247437)
# (vec1[221] : 54736042583)!= (vec2[221] : 55834788711)
# (vec1[222] : 49475482237)!= (vec2[222] : 14690705275)
# (vec1[223] : 50066033574)!= (vec2[223] : 24840413247)
# (vec1[224] : 55666699291)!= (vec2[224] : 41488510828)
# (vec1[225] : 68469653090)!= (vec2[225] : 33826805706)
# (vec1[226] : 23936634602)!= (vec2[226] : 35552123165)
# (vec1[227] : 8805449730)!= (vec2[227] : 38621747018)
# (vec1[228] : 53352963685)!= (vec2[228] : 47645268336)
# (vec1[229] : 32668546611)!= (vec2[229] : 30044989445)
# (vec1[230] : 22915973655)!= (vec2[230] : 25047326008)
# (vec1[231] : 56946312877)!= (vec2[231] : 11957132955)
# (vec1[232] : 29011093898)!= (vec2[232] : 53610075161)
# (vec1[233] : 32930921213)!= (vec2[233] : 48967666459)
# (vec1[234] : 51322380901)!= (vec2[234] : 63370624785)
# (vec1[235] : 24844217870)!= (vec2[235] : 22168405275)
# (vec1[236] : 6169756985)!= (vec2[236] : 17276844706)
# (vec1[237] : 23412541234)!= (vec2[237] : 28141830056)
# (vec1[238] : 31915936142)!= (vec2[238] : 68321183709)
# (vec1[239] : 28081445705)!= (vec2[239] : 32365366562)
# (vec1[240] : 1002811366)!= (vec2[240] : 47267007085)
# (vec1[241] : 42561803360)!= (vec2[241] : 29160956810)
# (vec1[242] : 38624219860)!= (vec2[242] : 462197665)
# (vec1[243] : 5019347838)!= (vec2[243] : 8343450183)
# (vec1[244] : 19201503095)!= (vec2[244] : 3703993690)
# (vec1[245] : 17194596594)!= (vec2[245] : 66255962853)
# (vec1[246] : 37879879371)!= (vec2[246] : 28672786618)
# (vec1[247] : 30869716171)!= (vec2[247] : 23159682778)
# (vec1[248] : 54504769309)!= (vec2[248] : 15222945141)
# (vec1[249] : 43423127441)!= (vec2[249] : 47105442748)
# (vec1[250] : 43988870343)!= (vec2[250] : 51852626738)
# (vec1[251] : 20144324192)!= (vec2[251] : 22131902305)
# (vec1[252] : 3245333596)!= (vec2[252] : 67862457536)
# (vec1[253] : 59409402753)!= (vec2[253] : 51035100483)
# (vec1[254] : 36624586906)!= (vec2[254] : 40830665728)
# (vec1[255] : 46087756314)!= (vec2[255] : 34311454880)
# (vec1[256] : 43649426439)!= (vec2[256] : 5232118201)
# (vec1[257] : 35277919223)!= (vec2[257] : 54785848364)
# (vec1[258] : 31890462613)!= (vec2[258] : 51413205326)
# (vec1[259] : 18108630989)!= (vec2[259] : 44160976908)
# (vec1[260] : 22552185178)!= (vec2[260] : 26462092098)
# (vec1[261] : 15601740086)!= (vec2[261] : 16510935431)
# (vec1[262] : 7054907745)!= (vec2[262] : 28698887855)
# (vec1[263] : 91500070)!= (vec2[263] : 28137257077)
# (vec1[264] : 19466206245)!= (vec2[264] : 22001030444)
# (vec1[265] : 22216452340)!= (vec2[265] : 3590864922)
# (vec1[266] : 31930160081)!= (vec2[266] : 49465575325)
# (vec1[267] : 14151697522)!= (vec2[267] : 66308494977)
# (vec1[268] : 17881533431)!= (vec2[268] : 20996157600)
# (vec1[269] : 6878882879)!= (vec2[269] : 65753418613)
# (vec1[270] : 43765103570)!= (vec2[270] : 41719760765)
# (vec1[271] : 19088499080)!= (vec2[271] : 61285141880)
# (vec1[272] : 34425214516)!= (vec2[272] : 18453416641)
# (vec1[273] : 11687085051)!= (vec2[273] : 19617714585)
# (vec1[274] : 26783604234)!= (vec2[274] : 20057872344)
# (vec1[275] : 2721202150)!= (vec2[275] : 30801904797)
# (vec1[276] : 27806112200)!= (vec2[276] : 2518620176)
# (vec1[277] : 39429036466)!= (vec2[277] : 51490091992)
# (vec1[278] : 52041194093)!= (vec2[278] : 20508907540)
# (vec1[279] : 21805561411)!= (vec2[279] : 20495841635)
# (vec1[280] : 30223653015)!= (vec2[280] : 37750513879)
# (vec1[281] : 63735683306)!= (vec2[281] : 36337112291)
# (vec1[282] : 12748748145)!= (vec2[282] : 53253888128)
# (vec1[283] : 2899523460)!= (vec2[283] : 45123938019)
# (vec1[284] : 35449768189)!= (vec2[284] : 42822324536)
# (vec1[285] : 55916279571)!= (vec2[285] : 59124483995)
# (vec1[286] : 55329127007)!= (vec2[286] : 68475675699)
# (vec1[287] : 7794460244)!= (vec2[287] : 37606133018)
# (vec1[288] : 42050743434)!= (vec2[288] : 48316424652)
# (vec1[289] : 46501289894)!= (vec2[289] : 63861227726)
# (vec1[290] : 39623593344)!= (vec2[290] : 12940500586)
# (vec1[291] : 5835512972)!= (vec2[291] : 51771689279)
# (vec1[292] : 39892713589)!= (vec2[292] : 39132637118)
# (vec1[293] : 32208840098)!= (vec2[293] : 21550213168)
# (vec1[294] : 8898523991)!= (vec2[294] : 45517180291)
# (vec1[295] : 13867391790)!= (vec2[295] : 23407159627)
# (vec1[296] : 28233151926)!= (vec2[296] : 42809329089)
# (vec1[297] : 51765882167)!= (vec2[297] : 21699316669)
# (vec1[298] : 65505367267)!= (vec2[298] : 54040083599)
# (vec1[299] : 12902472502)!= (vec2[299] : 42918693644)
# (vec1[300] : 56242509849)!= (vec2[300] : 2739526956)
# (vec1[301] : 10869132823)!= (vec2[301] : 15103308699)
# (vec1[302] : 14624709901)!= (vec2[302] : 66782668039)
# (vec1[303] : 19873020494)!= (vec2[303] : 62879768092)
# (vec1[304] : 67040943985)!= (vec2[304] : 45270143706)
# (vec1[305] : 3367690836)!= (vec2[305] : 15462773040)
# (vec1[306] : 58537835255)!= (vec2[306] : 9739184972)
# (vec1[307] : 27728544866)!= (vec2[307] : 22148825178)
# (vec1[308] : 16779937597)!= (vec2[308] : 59610754523)
# (vec1[309] : 64167316188)!= (vec2[309] : 25322636340)
# (vec1[310] : 1381416710)!= (vec2[310] : 51922876514)
# (vec1[311] : 39583924254)!= (vec2[311] : 47709283927)
# (vec1[312] : 35322888597)!= (vec2[312] : 11983583262)
# (vec1[313] : 28871327153)!= (vec2[313] : 43309496587)
# (vec1[314] : 20590174020)!= (vec2[314] : 47442460730)
# (vec1[315] : 13762221708)!= (vec2[315] : 13357838656)
# (vec1[316] : 65213294231)!= (vec2[316] : 50099747991)
# (vec1[317] : 7130651934)!= (vec2[317] : 48076057169)
# (vec1[318] : 2573083749)!= (vec2[318] : 48905367274)
# (vec1[319] : 27224988790)!= (vec2[319] : 53366652816)
# (vec1[320] : 42521166068)!= (vec2[320] : 47096563967)
# (vec1[321] : 57028361526)!= (vec2[321] : 9599755538)
# (vec1[322] : 59017669490)!= (vec2[322] : 4369551637)
# (vec1[323] : 2042038819)!= (vec2[323] : 27268920393)
# (vec1[324] : 20034240727)!= (vec2[324] : 64058527470)
# (vec1[325] : 25321023707)!= (vec2[325] : 63705184163)
# (vec1[326] : 59547387565)!= (vec2[326] : 31310752365)
# (vec1[327] : 37539333029)!= (vec2[327] : 51689257481)
# (vec1[328] : 43736020238)!= (vec2[328] : 10935505664)
# (vec1[329] : 54232609743)!= (vec2[329] : 30968823673)
# (vec1[330] : 12254512257)!= (vec2[330] : 9690183841)
# (vec1[331] : 19946628033)!= (vec2[331] : 14084447159)
# (vec1[332] : 63317641360)!= (vec2[332] : 16119912002)
# (vec1[333] : 14406956742)!= (vec2[333] : 3817792205)
# (vec1[334] : 67182168899)!= (vec2[334] : 59880861562)
# (vec1[335] : 23854148133)!= (vec2[335] : 53168106529)
# (vec1[336] : 60196975964)!= (vec2[336] : 47476530252)
# (vec1[337] : 36476487024)!= (vec2[337] : 41272136820)
# (vec1[338] : 13124806635)!= (vec2[338] : 9023617537)
# (vec1[339] : 53938925874)!= (vec2[339] : 59360068920)
# (vec1[340] : 48926103942)!= (vec2[340] : 14635283127)
# (vec1[341] : 62862628255)!= (vec2[341] : 31423010932)
# (vec1[342] : 44458147324)!= (vec2[342] : 28844551240)
# (vec1[343] : 46498402407)!= (vec2[343] : 44149499157)
# (vec1[344] : 44929050166)!= (vec2[344] : 33407677524)
# (vec1[345] : 29378853987)!= (vec2[345] : 56300091371)
# (vec1[346] : 26050846672)!= (vec2[346] : 64730903407)
# (vec1[347] : 51505308089)!= (vec2[347] : 36165211238)
# (vec1[348] : 5190791483)!= (vec2[348] : 12343433533)
# (vec1[349] : 1691601818)!= (vec2[349] : 65790144218)
# (vec1[350] : 25872670030)!= (vec2[350] : 44579309322)
# (vec1[351] : 11423315810)!= (vec2[351] : 35127574120)
# (vec1[352] : 66651756297)!= (vec2[352] : 19154484668)
# (vec1[353] : 4902705220)!= (vec2[353] : 28924207087)
# (vec1[354] : 39819659680)!= (vec2[354] : 36519198907)
# (vec1[355] : 68050269373)!= (vec2[355] : 19389205994)
# (vec1[356] : 57415947417)!= (vec2[356] : 1882322784)
# (vec1[357] : 6917674077)!= (vec2[357] : 11905801618)
# (vec1[358] : 2205213330)!= (vec2[358] : 30035588299)
# (vec1[359] : 65403838811)!= (vec2[359] : 24916050570)
# (vec1[360] : 37041370054)!= (vec2[360] : 50171857859)
# (vec1[361] : 54564050024)!= (vec2[361] : 20064738268)
# (vec1[362] : 15938028344)!= (vec2[362] : 24723732148)
# (vec1[363] : 45931175730)!= (vec2[363] : 37325689662)
# (vec1[364] : 24445031926)!= (vec2[364] : 40665126346)
# (vec1[365] : 24498241202)!= (vec2[365] : 30277999659)
# (vec1[366] : 56386914515)!= (vec2[366] : 45341522962)
# (vec1[367] : 14149173866)!= (vec2[367] : 28791641631)
# (vec1[368] : 25154296641)!= (vec2[368] : 49726587493)
# (vec1[369] : 44827705225)!= (vec2[369] : 51267471027)
# (vec1[370] : 23478505507)!= (vec2[370] : 6300977895)
# (vec1[371] : 45974014999)!= (vec2[371] : 25685558641)
# (vec1[372] : 44278326646)!= (vec2[372] : 37108193015)
# (vec1[373] : 27142486577)!= (vec2[373] : 15596467647)
# (vec1[374] : 17081538067)!= (vec2[374] : 36578790282)
# (vec1[375] : 63994418438)!= (vec2[375] : 3020574865)
# (vec1[376] : 31810952648)!= (vec2[376] : 19628119973)
# (vec1[377] : 63305252009)!= (vec2[377] : 35096209293)
# (vec1[378] : 25915150023)!= (vec2[378] : 19812463634)
# (vec1[379] : 1981775582)!= (vec2[379] : 38136491937)
# (vec1[380] : 51660565822)!= (vec2[380] : 54613020438)
# (vec1[381] : 37404171159)!= (vec2[381] : 61072688568)
# (vec1[382] : 8263415633)!= (vec2[382] : 45143212185)
# (vec1[383] : 2311594252)!= (vec2[383] : 25124194365)
# (vec1[384] : 15005422447)!= (vec2[384] : 40581064742)
# (vec1[385] : 67344163017)!= (vec2[385] : 51345118301)
# (vec1[386] : 43576164882)!= (vec2[386] : 36390666150)
# (vec1[387] : 7293900847)!= (vec2[387] : 11625821932)
# (vec1[388] : 46306737768)!= (vec2[388] : 34553743168)
# (vec1[389] : 17487291603)!= (vec2[389] : 34967103415)
# (vec1[390] : 27427131792)!= (vec2[390] : 59297478567)
# (vec1[391] : 37934630533)!= (vec2[391] : 33184612843)
# (vec1[392] : 38123305374)!= (vec2[392] : 65161997592)
# (vec1[393] : 11990300227)!= (vec2[393] : 11245778267)
# (vec1[394] : 7987534233)!= (vec2[394] : 64066482674)
# (vec1[395] : 15257438305)!= (vec2[395] : 33612589398)
# (vec1[396] : 21131841866)!= (vec2[396] : 24892570422)
# (vec1[397] : 50253343116)!= (vec2[397] : 64112318013)
# (vec1[398] : 59956267678)!= (vec2[398] : 62276137343)
# (vec1[399] : 66391701060)!= (vec2[399] : 5956247682)
# (vec1[400] : 60362026684)!= (vec2[400] : 6405516110)
# (vec1[401] : 37408179094)!= (vec2[401] : 39743123488)
# (vec1[402] : 694157092)!= (vec2[402] : 49800806102)
# (vec1[403] : 41033798011)!= (vec2[403] : 59168779319)
# (vec1[404] : 59210630647)!= (vec2[404] : 39496361076)
# (vec1[405] : 5785991381)!= (vec2[405] : 25781531311)
# (vec1[406] : 49603527953)!= (vec2[406] : 11323064303)
# (vec1[407] : 41624377905)!= (vec2[407] : 56375056035)
# (vec1[408] : 5978412814)!= (vec2[408] : 62549414266)
# (vec1[409] : 41840253680)!= (vec2[409] : 17619673306)
# (vec1[410] : 19333897189)!= (vec2[410] : 27830406181)
# (vec1[411] : 18137215902)!= (vec2[411] : 57523496246)
# (vec1[412] : 27700193763)!= (vec2[412] : 12834796916)
# (vec1[413] : 54055432125)!= (vec2[413] : 51238763089)
# (vec1[414] : 57523881893)!= (vec2[414] : 58762155802)
# (vec1[415] : 15970423494)!= (vec2[415] : 1585759889)
# (vec1[416] : 10317256857)!= (vec2[416] : 36899319231)
# (vec1[417] : 58370199376)!= (vec2[417] : 4020044726)
# (vec1[418] : 27415145875)!= (vec2[418] : 53638054668)
# (vec1[419] : 17387317231)!= (vec2[419] : 49089748274)
# (vec1[420] : 48304005779)!= (vec2[420] : 3332698530)
# (vec1[421] : 52748696300)!= (vec2[421] : 59080313763)
# (vec1[422] : 25521584169)!= (vec2[422] : 475314234)
# (vec1[423] : 5877437608)!= (vec2[423] : 20184767591)
# (vec1[424] : 24477334065)!= (vec2[424] : 65289644366)
# (vec1[425] : 57995278533)!= (vec2[425] : 40957593802)
# (vec1[426] : 35641622975)!= (vec2[426] : 63586834467)
# (vec1[427] : 3142897953)!= (vec2[427] : 60362893570)
# (vec1[428] : 23657387760)!= (vec2[428] : 21736991667)
# (vec1[429] : 12450819159)!= (vec2[429] : 8511402385)
# (vec1[430] : 24581928277)!= (vec2[430] : 51535324936)
# (vec1[431] : 65814362525)!= (vec2[431] : 3234552664)
# (vec1[432] : 44370204904)!= (vec2[432] : 540471704)
# (vec1[433] : 58166798055)!= (vec2[433] : 57775160358)
# (vec1[434] : 6325177099)!= (vec2[434] : 56738090839)
# (vec1[435] : 32582849440)!= (vec2[435] : 52499124804)
# (vec1[436] : 42449157733)!= (vec2[436] : 55163846480)
# (vec1[437] : 36273480928)!= (vec2[437] : 21995918661)
# (vec1[438] : 2488421679)!= (vec2[438] : 64793711571)
# (vec1[439] : 23526469261)!= (vec2[439] : 66725239833)
# (vec1[440] : 5648144056)!= (vec2[440] : 22419552540)
# (vec1[441] : 50813064663)!= (vec2[441] : 46949638998)
# (vec1[442] : 47114229441)!= (vec2[442] : 36362022441)
# (vec1[443] : 37635591508)!= (vec2[443] : 24466685577)
# (vec1[444] : 21018102726)!= (vec2[444] : 66980979083)
# (vec1[445] : 37612940462)!= (vec2[445] : 39969391655)
# (vec1[446] : 53241034843)!= (vec2[446] : 64024003813)
# (vec1[447] : 61559488523)!= (vec2[447] : 9886769484)
# (vec1[448] : 47277484827)!= (vec2[448] : 35082209027)
# (vec1[449] : 30425801167)!= (vec2[449] : 67818174031)
# (vec1[450] : 41074601692)!= (vec2[450] : 56269174559)
# (vec1[451] : 42321850033)!= (vec2[451] : 54419652784)
# (vec1[452] : 68340290565)!= (vec2[452] : 66714267996)
# (vec1[453] : 38039307880)!= (vec2[453] : 20017574693)
# (vec1[454] : 16706568989)!= (vec2[454] : 32766353157)
# (vec1[455] : 62107199686)!= (vec2[455] : 20093061461)
# (vec1[456] : 47045980038)!= (vec2[456] : 63884064393)
# (vec1[457] : 20992675671)!= (vec2[457] : 65620971082)
# (vec1[458] : 5073565145)!= (vec2[458] : 30343147244)
# (vec1[459] : 12587498502)!= (vec2[459] : 65347648267)
# (vec1[460] : 21881531204)!= (vec2[460] : 1465873470)
# (vec1[461] : 51824593531)!= (vec2[461] : 29303987602)
# (vec1[462] : 13280413066)!= (vec2[462] : 3627089543)
# (vec1[463] : 7845984902)!= (vec2[463] : 5356916962)
# (vec1[464] : 56506691281)!= (vec2[464] : 64423316986)
# (vec1[465] : 26140007061)!= (vec2[465] : 50447297724)
# (vec1[466] : 63892512845)!= (vec2[466] : 67084186625)
# (vec1[467] : 27437632264)!= (vec2[467] : 58051369654)
# (vec1[468] : 67421973974)!= (vec2[468] : 14924290410)
# (vec1[469] : 52845083243)!= (vec2[469] : 42785577570)
# (vec1[470] : 38436265489)!= (vec2[470] : 2208651626)
# (vec1[471] : 33876772442)!= (vec2[471] : 23558660182)
# (vec1[472] : 24483285527)!= (vec2[472] : 9910166954)
# (vec1[473] : 11885598087)!= (vec2[473] : 47815216632)
# (vec1[474] : 8094746174)!= (vec2[474] : 33221005635)
# (vec1[475] : 1168007837)!= (vec2[475] : 68371447675)
# (vec1[476] : 17145345066)!= (vec2[476] : 55875981612)
# (vec1[477] : 37768538830)!= (vec2[477] : 66170891215)
# (vec1[478] : 42119808910)!= (vec2[478] : 34720055687)
# (vec1[479] : 5560338270)!= (vec2[479] : 22592434702)
# (vec1[480] : 54980976024)!= (vec2[480] : 27016353475)
# (vec1[481] : 49611573998)!= (vec2[481] : 48556819081)
# (vec1[482] : 61861301180)!= (vec2[482] : 32125012591)
# (vec1[483] : 36023065448)!= (vec2[483] : 36021581883)
# (vec1[484] : 19052433546)!= (vec2[484] : 40589712191)
# (vec1[485] : 50499664428)!= (vec2[485] : 64417453864)
# (vec1[486] : 65979687287)!= (vec2[486] : 54074494563)
# (vec1[487] : 27645713291)!= (vec2[487] : 20642083107)
# (vec1[488] : 17976001473)!= (vec2[488] : 34479607727)
# (vec1[489] : 26520873714)!= (vec2[489] : 42829789424)
# (vec1[490] : 59340424829)!= (vec2[490] : 57432952471)
# (vec1[491] : 49573393774)!= (vec2[491] : 15994249047)
# (vec1[492] : 40909465730)!= (vec2[492] : 54768233229)
# (vec1[493] : 24384397841)!= (vec2[493] : 40797120709)
# (vec1[494] : 33383785326)!= (vec2[494] : 33936034489)
# (vec1[495] : 18274304807)!= (vec2[495] : 243417888)
# (vec1[496] : 18497288472)!= (vec2[496] : 42962218255)
# (vec1[497] : 61695669113)!= (vec2[497] : 31607904599)
# (vec1[498] : 55631176776)!= (vec2[498] : 43089707420)
# (vec1[499] : 33073843115)!= (vec2[499] : 15617534215)
# (vec1[500] : 5352559311)!= (vec2[500] : 2697502083)
# (vec1[501] : 53997984028)!= (vec2[501] : 49160518726)
# (vec1[502] : 33264401432)!= (vec2[502] : 23126809476)
# (vec1[503] : 56613565133)!= (vec2[503] : 15712463096)
# (vec1[504] : 12444954053)!= (vec2[504] : 10523646223)
# (vec1[505] : 2653204059)!= (vec2[505] : 38082533179)
# (vec1[506] : 16660766343)!= (vec2[506] : 63767402382)
# (vec1[507] : 55029263296)!= (vec2[507] : 31579459063)
# (vec1[508] : 12608203351)!= (vec2[508] : 65248607170)
# (vec1[509] : 33154236625)!= (vec2[509] : 55730548150)
# (vec1[510] : 21855530080)!= (vec2[510] : 18675220590)
# (vec1[511] : 21537821699)!= (vec2[511] : 56955801952)
# (vec1[512] : 60860499953)!= (vec2[512] : 14735247255)
# (vec1[513] : 68178650047)!= (vec2[513] : 60896430119)
# (vec1[514] : 38513158695)!= (vec2[514] : 1498360471)
# (vec1[515] : 4425852778)!= (vec2[515] : 31114348415)
# (vec1[516] : 27498949778)!= (vec2[516] : 68516216146)
# (vec1[517] : 37055175780)!= (vec2[517] : 34960877033)
# (vec1[518] : 19778506723)!= (vec2[518] : 42665501752)
# (vec1[519] : 30285237936)!= (vec2[519] : 30567315789)
# (vec1[520] : 60726567076)!= (vec2[520] : 65158214895)
# (vec1[521] : 40420265860)!= (vec2[521] : 33104962897)
# (vec1[522] : 26094201899)!= (vec2[522] : 26414301175)
# (vec1[523] : 61937242340)!= (vec2[523] : 43693296291)
# (vec1[524] : 68354652378)!= (vec2[524] : 7479647735)
# (vec1[525] : 41376438258)!= (vec2[525] : 1241768048)
# (vec1[526] : 1387452845)!= (vec2[526] : 37208908772)
# (vec1[527] : 25167265725)!= (vec2[527] : 4152919218)
# (vec1[528] : 18066322538)!= (vec2[528] : 52636455948)
# (vec1[529] : 28790086120)!= (vec2[529] : 61405381705)
# (vec1[530] : 15787942450)!= (vec2[530] : 11122975051)
# (vec1[531] : 34711939859)!= (vec2[531] : 61683605456)
# (vec1[532] : 58266983457)!= (vec2[532] : 493105544)
# (vec1[533] : 3352871272)!= (vec2[533] : 22697686917)
# (vec1[534] : 18508119573)!= (vec2[534] : 3910451182)
# (vec1[535] : 5904442273)!= (vec2[535] : 39839715224)
# (vec1[536] : 47338717819)!= (vec2[536] : 36221729897)
# (vec1[537] : 48818576963)!= (vec2[537] : 45811723411)
# (vec1[538] : 51449896296)!= (vec2[538] : 52976729815)
# (vec1[539] : 42155096513)!= (vec2[539] : 17238728522)
# (vec1[540] : 61074692382)!= (vec2[540] : 30098817040)
# (vec1[541] : 7814074487)!= (vec2[541] : 60565400574)
# (vec1[542] : 9241117327)!= (vec2[542] : 29644875213)
# (vec1[543] : 68245781340)!= (vec2[543] : 53756546752)
# (vec1[544] : 17890684241)!= (vec2[544] : 40796782157)
# (vec1[545] : 15768642642)!= (vec2[545] : 60585032182)
# (vec1[546] : 31773736909)!= (vec2[546] : 66330665275)
# (vec1[547] : 9354171704)!= (vec2[547] : 65733907993)
# (vec1[548] : 24049003806)!= (vec2[548] : 10175588686)
# (vec1[549] : 47037773247)!= (vec2[549] : 34017529303)
# (vec1[550] : 7884353783)!= (vec2[550] : 5141503695)
# (vec1[551] : 32413550486)!= (vec2[551] : 7102072546)
# (vec1[552] : 47654998920)!= (vec2[552] : 18331655650)
# (vec1[553] : 67094356629)!= (vec2[553] : 36294557085)
# (vec1[554] : 3697551024)!= (vec2[554] : 43763884496)
# (vec1[555] : 51107907140)!= (vec2[555] : 41283781359)
# (vec1[556] : 59282520778)!= (vec2[556] : 386632992)
# (vec1[557] : 41006558579)!= (vec2[557] : 19083266085)
# (vec1[558] : 10763290575)!= (vec2[558] : 26941119123)
# (vec1[559] : 56084555510)!= (vec2[559] : 17937591861)
# (vec1[560] : 40604495353)!= (vec2[560] : 34233938236)
# (vec1[561] : 35402026861)!= (vec2[561] : 48365960224)
# (vec1[562] : 40381239985)!= (vec2[562] : 57414464524)
# (vec1[563] : 44541938584)!= (vec2[563] : 23689247311)
# (vec1[564] : 65592648449)!= (vec2[564] : 15291257592)
# (vec1[565] : 67195447200)!= (vec2[565] : 3270085812)
# (vec1[566] : 5134912250)!= (vec2[566] : 39365983272)
# (vec1[567] : 10978222964)!= (vec2[567] : 11909986722)
# (vec1[568] : 40836002925)!= (vec2[568] : 56207265024)
# (vec1[569] : 36738237831)!= (vec2[569] : 50890598782)
# (vec1[570] : 20534958943)!= (vec2[570] : 7291841225)
# (vec1[571] : 57932147474)!= (vec2[571] : 24911445478)
# (vec1[572] : 514408881)!= (vec2[572] : 33281900735)
# (vec1[573] : 54245671567)!= (vec2[573] : 27231660306)
# (vec1[574] : 1497113062)!= (vec2[574] : 57738464354)
# (vec1[575] : 44774377116)!= (vec2[575] : 38614789825)
# (vec1[576] : 44658901921)!= (vec2[576] : 41505849248)
# (vec1[577] : 45957535974)!= (vec2[577] : 21793931211)
# (vec1[578] : 65296017227)!= (vec2[578] : 53880728294)
# (vec1[579] : 35762460317)!= (vec2[579] : 47710051784)
# (vec1[580] : 68603334615)!= (vec2[580] : 53394218972)
# (vec1[581] : 33511135784)!= (vec2[581] : 41796085579)
# (vec1[582] : 11158625768)!= (vec2[582] : 36059961844)
# (vec1[583] : 65225849730)!= (vec2[583] : 2667963440)
# (vec1[584] : 32969334300)!= (vec2[584] : 50749080608)
# (vec1[585] : 37977931571)!= (vec2[585] : 34983995608)
# (vec1[586] : 38738738466)!= (vec2[586] : 15392819974)
# (vec1[587] : 9416678477)!= (vec2[587] : 43607628772)
# (vec1[588] : 34273713105)!= (vec2[588] : 15512640911)
# (vec1[589] : 48900747260)!= (vec2[589] : 63592428626)
# (vec1[590] : 60678791201)!= (vec2[590] : 7324001759)
# (vec1[591] : 45129890581)!= (vec2[591] : 47199412716)
# (vec1[592] : 51986936167)!= (vec2[592] : 55908124840)
# (vec1[593] : 29963175642)!= (vec2[593] : 2177403662)
# (vec1[594] : 10059787331)!= (vec2[594] : 29732802471)
# (vec1[595] : 33173397240)!= (vec2[595] : 55168187406)
# (vec1[596] : 27460688131)!= (vec2[596] : 38443410067)
# (vec1[597] : 59986145309)!= (vec2[597] : 51908683628)
# (vec1[598] : 67173743126)!= (vec2[598] : 3016267310)
# (vec1[599] : 35366763086)!= (vec2[599] : 44410167811)
# (vec1[600] : 55426547954)!= (vec2[600] : 11459137542)
# (vec1[601] : 48708178078)!= (vec2[601] : 16193729019)
# (vec1[602] : 57435017257)!= (vec2[602] : 67351748252)
# (vec1[603] : 50661041092)!= (vec2[603] : 53818544919)
# (vec1[604] : 142161228)!= (vec2[604] : 33920030465)
# (vec1[605] : 48039449534)!= (vec2[605] : 5129570256)
# (vec1[606] : 54775940265)!= (vec2[606] : 27761812519)
# (vec1[607] : 50053143318)!= (vec2[607] : 29386565744)
# (vec1[608] : 50913566948)!= (vec2[608] : 59347916491)
# (vec1[609] : 14285447114)!= (vec2[609] : 33505587432)
# (vec1[610] : 32140423285)!= (vec2[610] : 27712888847)
# (vec1[611] : 18953791804)!= (vec2[611] : 49928162453)
# (vec1[612] : 20898600170)!= (vec2[612] : 26308731987)
# (vec1[613] : 123921218)!= (vec2[613] : 43341440682)
# (vec1[614] : 11528327227)!= (vec2[614] : 52406088575)
# (vec1[615] : 42978177799)!= (vec2[615] : 21151351041)
# (vec1[616] : 6642259529)!= (vec2[616] : 36211950968)
# (vec1[617] : 23100651115)!= (vec2[617] : 13130628337)
# (vec1[618] : 3684433749)!= (vec2[618] : 44108562485)
# (vec1[619] : 39677486794)!= (vec2[619] : 10294255470)
# (vec1[620] : 25243683625)!= (vec2[620] : 19903044111)
# (vec1[621] : 59652170838)!= (vec2[621] : 41841252378)
# (vec1[622] : 34681579893)!= (vec2[622] : 597132369)
# (vec1[623] : 52880788653)!= (vec2[623] : 36650581348)
# (vec1[624] : 27903150196)!= (vec2[624] : 40621326423)
# (vec1[625] : 35142252235)!= (vec2[625] : 2610416654)
# (vec1[626] : 53027185848)!= (vec2[626] : 20974883137)
# (vec1[627] : 27035890266)!= (vec2[627] : 66237047936)
# (vec1[628] : 57328672723)!= (vec2[628] : 42509832722)
# (vec1[629] : 3408204407)!= (vec2[629] : 41006483261)
# (vec1[630] : 47013228026)!= (vec2[630] : 15966678606)
# (vec1[631] : 30701736896)!= (vec2[631] : 33462966404)
# (vec1[632] : 13830758485)!= (vec2[632] : 14557807436)
# (vec1[633] : 51031888405)!= (vec2[633] : 53885646466)
# (vec1[634] : 36646254012)!= (vec2[634] : 35351383895)
# (vec1[635] : 44795599504)!= (vec2[635] : 52596697631)
# (vec1[636] : 52957696963)!= (vec2[636] : 67619587879)
# (vec1[637] : 5073831012)!= (vec2[637] : 59621305050)
# (vec1[638] : 58882535069)!= (vec2[638] : 12029907896)
# (vec1[639] : 59762238946)!= (vec2[639] : 62631486636)
# (vec1[640] : 53172716945)!= (vec2[640] : 10801789024)
# (vec1[641] : 40790279672)!= (vec2[641] : 42699079057)
# (vec1[642] : 19390176006)!= (vec2[642] : 67607501220)
# (vec1[643] : 53250403302)!= (vec2[643] : 5878863142)
# (vec1[644] : 39992216536)!= (vec2[644] : 24626484662)
# (vec1[645] : 47036946177)!= (vec2[645] : 63179707850)
# (vec1[646] : 51887706343)!= (vec2[646] : 58309069445)
# (vec1[647] : 29756086793)!= (vec2[647] : 17821248365)
# (vec1[648] : 65092895619)!= (vec2[648] : 23954167583)
# (vec1[649] : 24882629869)!= (vec2[649] : 66382281621)
# (vec1[650] : 29961091686)!= (vec2[650] : 58149296023)
# (vec1[651] : 3322341112)!= (vec2[651] : 57891943510)
# (vec1[652] : 64485320648)!= (vec2[652] : 58156524985)
# (vec1[653] : 14675766390)!= (vec2[653] : 45215915515)
# (vec1[654] : 46721371159)!= (vec2[654] : 2560934953)
# (vec1[655] : 40102539328)!= (vec2[655] : 25140329213)
# (vec1[656] : 65909071028)!= (vec2[656] : 4301232577)
# (vec1[657] : 55182605945)!= (vec2[657] : 46180184751)
# (vec1[658] : 20753784281)!= (vec2[658] : 20418486822)
# (vec1[659] : 15857611418)!= (vec2[659] : 64601387314)
# (vec1[660] : 55113755688)!= (vec2[660] : 49602412734)
# (vec1[661] : 55983840821)!= (vec2[661] : 26241289635)
# (vec1[662] : 59441037407)!= (vec2[662] : 44411070336)
# (vec1[663] : 35960821662)!= (vec2[663] : 27879154555)
# (vec1[664] : 66117674917)!= (vec2[664] : 61179772846)
# (vec1[665] : 36654135301)!= (vec2[665] : 43943131364)
# (vec1[666] : 27820516235)!= (vec2[666] : 65194666597)
# (vec1[667] : 35798679486)!= (vec2[667] : 13907581030)
# (vec1[668] : 44110311633)!= (vec2[668] : 63168389877)
# (vec1[669] : 1363022510)!= (vec2[669] : 59736998879)
# (vec1[670] : 9718211610)!= (vec2[670] : 58428331386)
# (vec1[671] : 58625599440)!= (vec2[671] : 39798561411)
# (vec1[672] : 43449027600)!= (vec2[672] : 8979616052)
# (vec1[673] : 27561502068)!= (vec2[673] : 22756709708)
# (vec1[674] : 56463620416)!= (vec2[674] : 26960520417)
# (vec1[675] : 12355735964)!= (vec2[675] : 12000686637)
# (vec1[676] : 6142658719)!= (vec2[676] : 33508122075)
# (vec1[677] : 47372539634)!= (vec2[677] : 5092023335)
# (vec1[678] : 22662309055)!= (vec2[678] : 37359833396)
# (vec1[679] : 6684111094)!= (vec2[679] : 53558076858)
# (vec1[680] : 38556780461)!= (vec2[680] : 24317985034)
# (vec1[681] : 16739920554)!= (vec2[681] : 57653763329)
# (vec1[682] : 61343055201)!= (vec2[682] : 20184446673)
# (vec1[683] : 20328479740)!= (vec2[683] : 39610358884)
# (vec1[684] : 42392527487)!= (vec2[684] : 8569776870)
# (vec1[685] : 1404063406)!= (vec2[685] : 29057102890)
# (vec1[686] : 27826932937)!= (vec2[686] : 18200503728)
# (vec1[687] : 21117255318)!= (vec2[687] : 23214220804)
# (vec1[688] : 16192250731)!= (vec2[688] : 63756070391)
# (vec1[689] : 7894215293)!= (vec2[689] : 60042264141)
# (vec1[690] : 14773668536)!= (vec2[690] : 62366133790)
# (vec1[691] : 7461890509)!= (vec2[691] : 57582498228)
# (vec1[692] : 1909438818)!= (vec2[692] : 60811906433)
# (vec1[693] : 38562761487)!= (vec2[693] : 40607352160)
# (vec1[694] : 20678310333)!= (vec2[694] : 55933683477)
# (vec1[695] : 2381784846)!= (vec2[695] : 21755438526)
# (vec1[696] : 53666128838)!= (vec2[696] : 42356766712)
# (vec1[697] : 5788818374)!= (vec2[697] : 46088171217)
# (vec1[698] : 62623044539)!= (vec2[698] : 62315120945)
# (vec1[699] : 35237296472)!= (vec2[699] : 7022489977)
# (vec1[700] : 23219846334)!= (vec2[700] : 44751690886)
# (vec1[701] : 20529531734)!= (vec2[701] : 36319292189)
# (vec1[702] : 59918770043)!= (vec2[702] : 36533208670)
# (vec1[703] : 40439179417)!= (vec2[703] : 63969871464)
# (vec1[704] : 30660697662)!= (vec2[704] : 64045647668)
# (vec1[705] : 35735831142)!= (vec2[705] : 29838278358)
# (vec1[706] : 7792187115)!= (vec2[706] : 61321148130)
# (vec1[707] : 1580678614)!= (vec2[707] : 43430622210)
# (vec1[708] : 38245988805)!= (vec2[708] : 49200218709)
# (vec1[709] : 19454643246)!= (vec2[709] : 4073732614)
# (vec1[710] : 56066324036)!= (vec2[710] : 58107319781)
# (vec1[711] : 11145038327)!= (vec2[711] : 52593298818)
# (vec1[712] : 47581297524)!= (vec2[712] : 210197546)
# (vec1[713] : 10114409669)!= (vec2[713] : 28605415530)
# (vec1[714] : 63209361112)!= (vec2[714] : 47990900598)
# (vec1[715] : 9985862793)!= (vec2[715] : 25482858130)
# (vec1[716] : 31599996525)!= (vec2[716] : 15442446685)
# (vec1[717] : 57695928394)!= (vec2[717] : 7953372355)
# (vec1[718] : 29523299735)!= (vec2[718] : 58659983687)
# (vec1[719] : 63208177705)!= (vec2[719] : 45113360510)
# (vec1[720] : 68341787353)!= (vec2[720] : 36663649893)
# (vec1[721] : 46674194220)!= (vec2[721] : 44682111573)
# (vec1[722] : 50440167356)!= (vec2[722] : 50737071278)
# (vec1[723] : 40656525884)!= (vec2[723] : 35953693891)
# (vec1[724] : 16637754873)!= (vec2[724] : 25400854946)
# (vec1[725] : 48011522579)!= (vec2[725] : 61395207247)
# (vec1[726] : 18345437384)!= (vec2[726] : 41699671163)
# (vec1[727] : 43540324117)!= (vec2[727] : 41086593637)
# (vec1[728] : 27990627037)!= (vec2[728] : 52710521092)
# (vec1[729] : 66324663123)!= (vec2[729] : 35763465480)
# (vec1[730] : 52105608806)!= (vec2[730] : 17497925996)
# (vec1[731] : 51567540758)!= (vec2[731] : 63109342828)
# (vec1[732] : 40500193688)!= (vec2[732] : 46285448045)
# (vec1[733] : 52435773047)!= (vec2[733] : 41624765698)
# (vec1[734] : 23236785975)!= (vec2[734] : 54220182520)
# (vec1[735] : 18798494031)!= (vec2[735] : 8176073182)
# (vec1[736] : 29670646052)!= (vec2[736] : 30341748297)
# (vec1[737] : 56936579224)!= (vec2[737] : 147613815)
# (vec1[738] : 56470982690)!= (vec2[738] : 51801684528)
# (vec1[739] : 3701861015)!= (vec2[739] : 26752269268)
# (vec1[740] : 56041485896)!= (vec2[740] : 39494800192)
# (vec1[741] : 8653386494)!= (vec2[741] : 6777604199)
# (vec1[742] : 52826496021)!= (vec2[742] : 18930977956)
# (vec1[743] : 23659259869)!= (vec2[743] : 28604793598)
# (vec1[744] : 34826479001)!= (vec2[744] : 59163783816)
# (vec1[745] : 46024294195)!= (vec2[745] : 3114670132)
# (vec1[746] : 12446010190)!= (vec2[746] : 15872712221)
# (vec1[747] : 51226671325)!= (vec2[747] : 56478548727)
# (vec1[748] : 5403142307)!= (vec2[748] : 25030442994)
# (vec1[749] : 10158858756)!= (vec2[749] : 63162660370)
# (vec1[750] : 899107073)!= (vec2[750] : 15909656281)
# (vec1[751] : 34027216177)!= (vec2[751] : 15718432499)
# (vec1[752] : 32686371123)!= (vec2[752] : 32292253249)
# (vec1[753] : 67806429008)!= (vec2[753] : 1511746295)
# (vec1[754] : 2408612148)!= (vec2[754] : 40475341986)
# (vec1[755] : 34316308580)!= (vec2[755] : 34108610913)
# (vec1[756] : 51219481064)!= (vec2[756] : 20173478483)
# (vec1[757] : 20543669506)!= (vec2[757] : 64259512824)
# (vec1[758] : 62930573415)!= (vec2[758] : 1612994282)
# (vec1[759] : 13395492189)!= (vec2[759] : 22827129544)
# (vec1[760] : 34378056687)!= (vec2[760] : 23884076941)
# (vec1[761] : 21139250720)!= (vec2[761] : 5819497099)
# (vec1[762] : 32103871040)!= (vec2[762] : 32493496850)
# (vec1[763] : 37860457865)!= (vec2[763] : 22263090921)
# (vec1[764] : 11450671272)!= (vec2[764] : 60588335110)
# (vec1[765] : 48159619330)!= (vec2[765] : 38465100985)
# (vec1[766] : 9004645175)!= (vec2[766] : 19600960434)
# (vec1[767] : 44167621495)!= (vec2[767] : 23349530700)
# (vec1[768] : 40070863480)!= (vec2[768] : 59718887363)
# (vec1[769] : 25193055280)!= (vec2[769] : 45916385914)
# (vec1[770] : 67113701955)!= (vec2[770] : 45506624777)
# (vec1[771] : 56710165252)!= (vec2[771] : 11590792648)
# (vec1[772] : 62085465616)!= (vec2[772] : 3540644551)
# (vec1[773] : 29363409129)!= (vec2[773] : 59353929535)
# (vec1[774] : 49656441507)!= (vec2[774] : 37061996452)
# (vec1[775] : 64705015659)!= (vec2[775] : 46713200592)
# (vec1[776] : 30490736130)!= (vec2[776] : 8693585626)
# (vec1[777] : 51747217325)!= (vec2[777] : 22774729602)
# (vec1[778] : 6244158913)!= (vec2[778] : 25246759679)
# (vec1[779] : 12234799226)!= (vec2[779] : 64609990006)
# (vec1[780] : 37554623361)!= (vec2[780] : 67465247505)
# (vec1[781] : 56463292175)!= (vec2[781] : 4884616277)
# (vec1[782] : 43849460732)!= (vec2[782] : 32944733)
# (vec1[783] : 64299530321)!= (vec2[783] : 10916811300)
# (vec1[784] : 46646834549)!= (vec2[784] : 60661588139)
# (vec1[785] : 53939011555)!= (vec2[785] : 36096410827)
# (vec1[786] : 64809329089)!= (vec2[786] : 67378254665)
# (vec1[787] : 54766175319)!= (vec2[787] : 6668059343)
# (vec1[788] : 15074846414)!= (vec2[788] : 13688168879)
# (vec1[789] : 5670476919)!= (vec2[789] : 14149842765)
# (vec1[790] : 19857387397)!= (vec2[790] : 3545483039)
# (vec1[791] : 17890042632)!= (vec2[791] : 63941927113)
# (vec1[792] : 19084349414)!= (vec2[792] : 57072394818)
# (vec1[793] : 36998041876)!= (vec2[793] : 59197546782)
# (vec1[794] : 44639721177)!= (vec2[794] : 53650332343)
# (vec1[795] : 10631902120)!= (vec2[795] : 22531621524)
# (vec1[796] : 1279191491)!= (vec2[796] : 43146682708)
# (vec1[797] : 49206237693)!= (vec2[797] : 30851173698)
# (vec1[798] : 30249899503)!= (vec2[798] : 5414744981)
# (vec1[799] : 56571360621)!= (vec2[799] : 38623587831)
# (vec1[800] : 24341222965)!= (vec2[800] : 24660319518)
# (vec1[801] : 21419816042)!= (vec2[801] : 67252619263)
# (vec1[802] : 14226173416)!= (vec2[802] : 2994010031)
# (vec1[803] : 7420374572)!= (vec2[803] : 28549984664)
# (vec1[804] : 22200279129)!= (vec2[804] : 45625593149)
# (vec1[805] : 61214361889)!= (vec2[805] : 30955725970)
# (vec1[806] : 21665688879)!= (vec2[806] : 24367446362)
# (vec1[807] : 43922768512)!= (vec2[807] : 23372809328)
# (vec1[808] : 62170891459)!= (vec2[808] : 61463839675)
# (vec1[809] : 54807166517)!= (vec2[809] : 10589195767)
# (vec1[810] : 6583557943)!= (vec2[810] : 67821341601)
# (vec1[811] : 38025607222)!= (vec2[811] : 16843189028)
# (vec1[812] : 7607629674)!= (vec2[812] : 7398016783)
# (vec1[813] : 16319916215)!= (vec2[813] : 46237530680)
# (vec1[814] : 56107612685)!= (vec2[814] : 54821494172)
# (vec1[815] : 47694554446)!= (vec2[815] : 32762629818)
# (vec1[816] : 40816437688)!= (vec2[816] : 31518890422)
# (vec1[817] : 48007787668)!= (vec2[817] : 31127519009)
# (vec1[818] : 15849635369)!= (vec2[818] : 35035044422)
# (vec1[819] : 29625527867)!= (vec2[819] : 17825558693)
# (vec1[820] : 7540555998)!= (vec2[820] : 66801993013)
# (vec1[821] : 64034394053)!= (vec2[821] : 50218976704)
# (vec1[822] : 1990917467)!= (vec2[822] : 34288343437)
# (vec1[823] : 49389993148)!= (vec2[823] : 25922119412)
# (vec1[824] : 34577967055)!= (vec2[824] : 21960540551)
# (vec1[825] : 64303410355)!= (vec2[825] : 62451944901)
# (vec1[826] : 30331306714)!= (vec2[826] : 49959996143)
# (vec1[827] : 62230262712)!= (vec2[827] : 282936970)
# (vec1[828] : 12590294114)!= (vec2[828] : 43615257252)
# (vec1[829] : 24661020074)!= (vec2[829] : 22331442679)
# (vec1[830] : 15164001004)!= (vec2[830] : 19818299539)
# (vec1[831] : 47510042813)!= (vec2[831] : 61884695248)
# (vec1[832] : 26143575816)!= (vec2[832] : 63309291301)
# (vec1[833] : 4081464637)!= (vec2[833] : 40253323784)
# (vec1[834] : 3089022164)!= (vec2[834] : 53441262556)
# (vec1[835] : 23920260713)!= (vec2[835] : 24556855849)
# (vec1[836] : 14376963460)!= (vec2[836] : 2971653647)
# (vec1[837] : 55730797962)!= (vec2[837] : 19121636575)
# (vec1[838] : 18309218494)!= (vec2[838] : 7565266163)
# (vec1[839] : 15822657360)!= (vec2[839] : 57792892591)
# (vec1[840] : 59473531935)!= (vec2[840] : 28466668657)
# (vec1[841] : 64377281479)!= (vec2[841] : 60815989979)
# (vec1[842] : 37492182225)!= (vec2[842] : 28344956116)
# (vec1[843] : 51954874683)!= (vec2[843] : 44928033360)
# (vec1[844] : 33851211002)!= (vec2[844] : 8467320620)
# (vec1[845] : 31984885363)!= (vec2[845] : 20351323566)
# (vec1[846] : 19404469819)!= (vec2[846] : 3673613554)
# (vec1[847] : 60852899625)!= (vec2[847] : 30914073189)
# (vec1[848] : 55007023513)!= (vec2[848] : 29564258461)
# (vec1[849] : 17198215153)!= (vec2[849] : 27869946195)
# (vec1[850] : 26973069997)!= (vec2[850] : 25386463386)
# (vec1[851] : 47489514102)!= (vec2[851] : 37556599104)
# (vec1[852] : 51206436228)!= (vec2[852] : 3756104605)
# (vec1[853] : 49782929913)!= (vec2[853] : 59513540448)
# (vec1[854] : 48907929677)!= (vec2[854] : 33928294475)
# (vec1[855] : 17161346753)!= (vec2[855] : 27644503766)
# (vec1[856] : 54556835435)!= (vec2[856] : 51982102565)
# (vec1[857] : 13721346311)!= (vec2[857] : 18973295043)
# (vec1[858] : 40455903520)!= (vec2[858] : 24323706561)
# (vec1[859] : 38645416001)!= (vec2[859] : 9480367648)
# (vec1[860] : 55801382301)!= (vec2[860] : 9951417252)
# (vec1[861] : 11776216709)!= (vec2[861] : 64124498224)
# (vec1[862] : 40353413351)!= (vec2[862] : 11415584284)
# (vec1[863] : 41444526554)!= (vec2[863] : 62581923728)
# (vec1[864] : 31131142263)!= (vec2[864] : 18371967505)
# (vec1[865] : 6512977531)!= (vec2[865] : 39675223549)
# (vec1[866] : 57263568105)!= (vec2[866] : 13736154978)
# (vec1[867] : 5034997744)!= (vec2[867] : 11957869358)
# (vec1[868] : 5596971178)!= (vec2[868] : 39479593907)
# (vec1[869] : 50358969544)!= (vec2[869] : 29773202337)
# (vec1[870] : 12886370623)!= (vec2[870] : 44089888680)
# (vec1[871] : 58523956527)!= (vec2[871] : 49505291386)
# (vec1[872] : 2134021691)!= (vec2[872] : 40837910949)
# (vec1[873] : 5719121093)!= (vec2[873] : 57593657790)
# (vec1[874] : 33890175718)!= (vec2[874] : 23444633057)
# (vec1[875] : 631374813)!= (vec2[875] : 38636611984)
# (vec1[876] : 8394415614)!= (vec2[876] : 7183460978)
# (vec1[877] : 31886166437)!= (vec2[877] : 20843917889)
# (vec1[878] : 53699501885)!= (vec2[878] : 58448956505)
# (vec1[879] : 5970449099)!= (vec2[879] : 64011822541)
# (vec1[880] : 34448940270)!= (vec2[880] : 24049473630)
# (vec1[881] : 29740941370)!= (vec2[881] : 13501109165)
# (vec1[882] : 52815189575)!= (vec2[882] : 24516010772)
# (vec1[883] : 46319151450)!= (vec2[883] : 48458654646)
# (vec1[884] : 42248335426)!= (vec2[884] : 11810690065)
# (vec1[885] : 62055993161)!= (vec2[885] : 67694039140)
# (vec1[886] : 35510521180)!= (vec2[886] : 2631237955)
# (vec1[887] : 30822057686)!= (vec2[887] : 56052290080)
# (vec1[888] : 59482044185)!= (vec2[888] : 5632800913)
# (vec1[889] : 49251817903)!= (vec2[889] : 66032438606)
# (vec1[890] : 29830808424)!= (vec2[890] : 67299047286)
# (vec1[891] : 45446508973)!= (vec2[891] : 50105528288)
# (vec1[892] : 28189685123)!= (vec2[892] : 49176271381)
# (vec1[893] : 60354493452)!= (vec2[893] : 1208438120)
# (vec1[894] : 39513794002)!= (vec2[894] : 31851403889)
# (vec1[895] : 43665176498)!= (vec2[895] : 6650730192)
# (vec1[896] : 3225579133)!= (vec2[896] : 37759226870)
# (vec1[897] : 66922743401)!= (vec2[897] : 10271178611)
# (vec1[898] : 43294613847)!= (vec2[898] : 41800019603)
# (vec1[899] : 41987465431)!= (vec2[899] : 3862579736)
# (vec1[900] : 66512719089)!= (vec2[900] : 9284643498)
# (vec1[901] : 32162237992)!= (vec2[901] : 17400983119)
# (vec1[902] : 23674251580)!= (vec2[902] : 2891863314)
# (vec1[903] : 6537442314)!= (vec2[903] : 64277246375)
# (vec1[904] : 61901415779)!= (vec2[904] : 39392319563)
# (vec1[905] : 44939415245)!= (vec2[905] : 43543563278)
# (vec1[906] : 18013366572)!= (vec2[906] : 21827671348)
# (vec1[907] : 27619515331)!= (vec2[907] : 19813914416)
# (vec1[908] : 68668761374)!= (vec2[908] : 1696297762)
# (vec1[909] : 57652778231)!= (vec2[909] : 9520424829)
# (vec1[910] : 7593118439)!= (vec2[910] : 63217653642)
# (vec1[911] : 31324518461)!= (vec2[911] : 5177912926)
# (vec1[912] : 3833446480)!= (vec2[912] : 24054753823)
# (vec1[913] : 65904488123)!= (vec2[913] : 7144990977)
# (vec1[914] : 16567237702)!= (vec2[914] : 24989200594)
# (vec1[915] : 5922838743)!= (vec2[915] : 37358630859)
# (vec1[916] : 5248350189)!= (vec2[916] : 26572473721)
# (vec1[917] : 13915551425)!= (vec2[917] : 25377880004)
# (vec1[918] : 12998708067)!= (vec2[918] : 48613535619)
# (vec1[919] : 38370787310)!= (vec2[919] : 55790761957)
# (vec1[920] : 39152947881)!= (vec2[920] : 49651045157)
# (vec1[921] : 14712197434)!= (vec2[921] : 48001324935)
# (vec1[922] : 51139186539)!= (vec2[922] : 51735467147)
# (vec1[923] : 26935307213)!= (vec2[923] : 28238830599)
# (vec1[924] : 56589055256)!= (vec2[924] : 3405683657)
# (vec1[925] : 32907983963)!= (vec2[925] : 15649668512)
# (vec1[926] : 67334431704)!= (vec2[926] : 17773770592)
# (vec1[927] : 1481493141)!= (vec2[927] : 18957258536)
# (vec1[928] : 37714644096)!= (vec2[928] : 33423046065)
# (vec1[929] : 58102658582)!= (vec2[929] : 51308054219)
# (vec1[930] : 23710021201)!= (vec2[930] : 38759345050)
# (vec1[931] : 41161055095)!= (vec2[931] : 24446734664)
# (vec1[932] : 54006732031)!= (vec2[932] : 23636185182)
# (vec1[933] : 60268449237)!= (vec2[933] : 5513166879)
# (vec1[934] : 68213282071)!= (vec2[934] : 13390508308)
# (vec1[935] : 35590113059)!= (vec2[935] : 16073488717)
# (vec1[936] : 59195842064)!= (vec2[936] : 16299679292)
# (vec1[937] : 57714337423)!= (vec2[937] : 32197871765)
# (vec1[938] : 34653825610)!= (vec2[938] : 11380703329)
# (vec1[939] : 45856980775)!= (vec2[939] : 11972305525)
# (vec1[940] : 27638826689)!= (vec2[940] : 26616123239)
# (vec1[941] : 65181827529)!= (vec2[941] : 12097599901)
# (vec1[942] : 68631836356)!= (vec2[942] : 56927172959)
# (vec1[943] : 4227204682)!= (vec2[943] : 40558444082)
# (vec1[944] : 30177558986)!= (vec2[944] : 67532278572)
# (vec1[945] : 60522794739)!= (vec2[945] : 41322788010)
# (vec1[946] : 25088519826)!= (vec2[946] : 11365009459)
# (vec1[947] : 61171675359)!= (vec2[947] : 11288140147)
# (vec1[948] : 52117510260)!= (vec2[948] : 21143746271)
# (vec1[949] : 35245142131)!= (vec2[949] : 66647489644)
# (vec1[950] : 61989038927)!= (vec2[950] : 65417553315)
# (vec1[951] : 26087002309)!= (vec2[951] : 38686214091)
# (vec1[952] : 8276811668)!= (vec2[952] : 58296944759)
# (vec1[953] : 7444125906)!= (vec2[953] : 9800318000)
# (vec1[954] : 66056577634)!= (vec2[954] : 44728840423)
# (vec1[955] : 65460549968)!= (vec2[955] : 19754011919)
# (vec1[956] : 9511082990)!= (vec2[956] : 38857001255)
# (vec1[957] : 57834059430)!= (vec2[957] : 36801906531)
# (vec1[958] : 29413215199)!= (vec2[958] : 31849757407)
# (vec1[959] : 10405919821)!= (vec2[959] : 51709807904)
# (vec1[960] : 19860630802)!= (vec2[960] : 19476652107)
# (vec1[961] : 51634528546)!= (vec2[961] : 59604267785)
# (vec1[962] : 63832895329)!= (vec2[962] : 5505529046)
# (vec1[963] : 24000409037)!= (vec2[963] : 27413394822)
# (vec1[964] : 7209928502)!= (vec2[964] : 6438239984)
# (vec1[965] : 40082363533)!= (vec2[965] : 10996858328)
# (vec1[966] : 68675695410)!= (vec2[966] : 31123842383)
# (vec1[967] : 3249956469)!= (vec2[967] : 35219096868)
# (vec1[968] : 12587832310)!= (vec2[968] : 22637132453)
# (vec1[969] : 35110425051)!= (vec2[969] : 50117723014)
# (vec1[970] : 4209210649)!= (vec2[970] : 15877018702)
# (vec1[971] : 5987635664)!= (vec2[971] : 49391808393)
# (vec1[972] : 51378835082)!= (vec2[972] : 19879167134)
# (vec1[973] : 34863375462)!= (vec2[973] : 29883915299)
# (vec1[974] : 23561175552)!= (vec2[974] : 5561726473)
# (vec1[975] : 64759852391)!= (vec2[975] : 20417984308)
# (vec1[976] : 67508418536)!= (vec2[976] : 46567382332)
# (vec1[977] : 13762068195)!= (vec2[977] : 66720570554)
# (vec1[978] : 51671205838)!= (vec2[978] : 38472033240)
# (vec1[979] : 50356616571)!= (vec2[979] : 63329508870)
# (vec1[980] : 46867876850)!= (vec2[980] : 16616008322)
# (vec1[981] : 22029400133)!= (vec2[981] : 60803257347)
# (vec1[982] : 7035284610)!= (vec2[982] : 27433849921)
# (vec1[983] : 54853169359)!= (vec2[983] : 35004543382)
# (vec1[984] : 22471715398)!= (vec2[984] : 68468246701)
# (vec1[985] : 12241818459)!= (vec2[985] : 18871346051)
# (vec1[986] : 7992705711)!= (vec2[986] : 1400146255)
# (vec1[987] : 55995506048)!= (vec2[987] : 24849672615)
# (vec1[988] : 67017012427)!= (vec2[988] : 32596897810)
# (vec1[989] : 34922404238)!= (vec2[989] : 22866992927)
# (vec1[990] : 25410488944)!= (vec2[990] : 46043701457)
# (vec1[991] : 9659514790)!= (vec2[991] : 3175198174)
# (vec1[992] : 43457459126)!= (vec2[992] : 63909308645)
# (vec1[993] : 21569392195)!= (vec2[993] : 17905372831)
# (vec1[994] : 24092481961)!= (vec2[994] : 10019783966)
# (vec1[995] : 34452564753)!= (vec2[995] : 46591803221)
# (vec1[996] : 49908175867)!= (vec2[996] : 59930157588)
# (vec1[997] : 25863844540)!= (vec2[997] : 28054367624)
# (vec1[998] : 51778150878)!= (vec2[998] : 3615952562)
# (vec1[999] : 68712417255)!= (vec2[999] : 63845580684)
# (vec1[1000] : 56049299607)!= (vec2[1000] : 37088940245)
# (vec1[1001] : 10224514545)!= (vec2[1001] : 25561886050)
# (vec1[1002] : 27884476157)!= (vec2[1002] : 14431200992)
# (vec1[1003] : 61806427358)!= (vec2[1003] : 50751969415)
# (vec1[1004] : 37997170564)!= (vec2[1004] : 11188116947)
# (vec1[1005] : 66013116091)!= (vec2[1005] : 33816267786)
# (vec1[1006] : 19464310804)!= (vec2[1006] : 68243677831)
# (vec1[1007] : 1507618603)!= (vec2[1007] : 21188980291)
# (vec1[1008] : 65067667965)!= (vec2[1008] : 58438742344)
# (vec1[1009] : 9136634227)!= (vec2[1009] : 25296045575)
# (vec1[1010] : 2410195376)!= (vec2[1010] : 17553362074)
# (vec1[1011] : 63487042041)!= (vec2[1011] : 15653179344)
# (vec1[1012] : 38049230833)!= (vec2[1012] : 45952702779)
# (vec1[1013] : 14768999913)!= (vec2[1013] : 4433022456)
# (vec1[1014] : 46636738461)!= (vec2[1014] : 55084858494)
# (vec1[1015] : 3196371283)!= (vec2[1015] : 39431104640)
# (vec1[1016] : 15323121987)!= (vec2[1016] : 62655652541)
# (vec1[1017] : 68472201094)!= (vec2[1017] : 29289359813)
# (vec1[1018] : 7131281236)!= (vec2[1018] : 40966583197)
# (vec1[1019] : 64945234399)!= (vec2[1019] : 44330738157)
# (vec1[1020] : 38405609384)!= (vec2[1020] : 28232455836)
# (vec1[1021] : 4140785100)!= (vec2[1021] : 68375980439)
# (vec1[1022] : 7611701630)!= (vec2[1022] : 56533496212)
# (vec1[1023] : 994)!= (vec2[1023] : 62415148651)
# ../../src/ntt_tb.cpp:173 - End of testbench.
# Info: Execution of user-supplied C++ testbench 'main()' has completed with exit code = 0
# 
# Info: Collecting data completed
#    captured 0 values of vec_IN
#    captured 0 values of vec
#    captured 0 values of p
#    captured 0 values of r
#    captured 0 values of twiddle
# Info: HW reset: TLS_rst active @ 0 s
# Info: scverify_top/user_tb: Simulation completed
# 
# Checking results
# 'vec'
#    capture count        = 0
#    comparison count     = 0
#    ignore count         = 0
#    error count          = 0
#    stuck in dut fifo    = 0
#    stuck in golden fifo = 0
#    Error: output 'vec' has no golden values to compare against
# 
# Error: Nothing to compare, all output capture counts are zero.
# Info: scverify_top/user_tb: Simulation FAILED @ 0 s
# ** Note: (vsim-6574) SystemC simulation stopped by user.
# 1
# 
# Info: scverify_top/Monitor: runs with constant clock period 0 s
# Info: scverify_top/Monitor: Throughput: 1 transaction per 0 s
# Info: scverify_top/Monitor: No transactions completed.  Skipping latency and throughput reports
# End time: 22:10:13 on Aug 31,2021, Elapsed time: 0:00:50
# Errors: 0, Warnings: 11, Suppressed Warnings: 2
