-- Catapult Ultra Synthesis: Report                                              
-- ------------------------- ---------------------------------------------------
-- Version:                  10.5c/896140 Production Release                     
-- Build Date:               Sun Sep  6 22:45:38 PDT 2020                        
                                                                                 
-- Generated by:             yl7897@newnano.poly.edu                             
-- Generated date:           Wed Aug 18 22:19:08 EDT 2021                        

Solution Settings: DIT_RELOOP.v6
  Current state: schedule
  Project: Catapult
  
  Design Input Files Specified
    $PROJECT_HOME/src/ntt.cpp
      $PROJECT_HOME/include/ntt.h
        $PROJECT_HOME/include/config.h
          $MGC_HOME/shared/include/ac_int.h
        $MGC_HOME/shared/include/math/mgc_ac_math.h
          $MGC_HOME/shared/include/ac_fixed.h
          $MGC_HOME/shared/include/ac_float.h
          $MGC_HOME/shared/include/ac_complex.h
          $MGC_HOME/shared/include/math/mgc_ac_trig.h
            $MGC_HOME/shared/include/math/mgc_sc_atan_pow2.tab
            $MGC_HOME/shared/include/math/mgc_sc_atan2_pow2.tab
            $MGC_HOME/shared/include/math/mgc_sc_K_cordic.tab
            $MGC_HOME/shared/include/math/mgc_sc_x2_atan2_pow2.tab
          $MGC_HOME/shared/include/math/mgc_ac_hcordic.h
            $MGC_HOME/shared/include/math/mgc_ac_hcordic.tab
            $MGC_HOME/shared/include/math/mgc_ac_hcordic_inv_ln2.tab
    $PROJECT_HOME/src/ntt_tb.cpp
  
  Processes/Blocks in Design
    Process          Real Operation(s) count   Latency Throughput Reset Length II Comments 
    ---------------- ----------------------- --------- ---------- ------------ -- --------
    /DIT_RELOOP/core                      65 347054767  347054772            0  0        ? 
    Design Total:                         65 347054767  347054772            0  0          
    
  Clock Information
    Clock Signal Edge   Period Sharing Alloc (%) Uncertainty Used by Processes/Blocks 
    ------------ ------ ------ ----------------- ----------- ------------------------
    clk          rising 20.000             20.00    0.000000 /DIT_RELOOP/core         
    
  I/O Data Ranges
    Port                        Mode DeclType DeclWidth DeclRange ActType ActWidth ActRange 
    --------------------------- ---- -------- --------- --------- ------- -------- --------
    clk                         IN   Unsigned         1                                     
    rst                         IN   Unsigned         1                                     
    vec:rsc(0)(0).q             IN   Unsigned        64                                     
    vec:rsc(0)(1).q             IN   Unsigned        64                                     
    p:rsc.dat                   IN   Unsigned        64                                     
    r:rsc.dat                   IN   Unsigned        64                                     
    twiddle:rsc(0)(0).q         IN   Unsigned        64                                     
    twiddle:rsc(0)(1).q         IN   Unsigned        64                                     
    vec:rsc(0)(0).radr          OUT  Unsigned         9                                     
    vec:rsc(0)(0).re            OUT  Unsigned         1                                     
    vec:rsc(0)(0).wadr          OUT  Unsigned         9                                     
    vec:rsc(0)(0).d             OUT  Unsigned        64                                     
    vec:rsc(0)(0).we            OUT  Unsigned         1                                     
    vec:rsc.triosy(0)(0).lz     OUT  Unsigned         1                                     
    vec:rsc(0)(1).radr          OUT  Unsigned         9                                     
    vec:rsc(0)(1).re            OUT  Unsigned         1                                     
    vec:rsc(0)(1).wadr          OUT  Unsigned         9                                     
    vec:rsc(0)(1).d             OUT  Unsigned        64                                     
    vec:rsc(0)(1).we            OUT  Unsigned         1                                     
    vec:rsc.triosy(0)(1).lz     OUT  Unsigned         1                                     
    p:rsc.triosy.lz             OUT  Unsigned         1                                     
    r:rsc.triosy.lz             OUT  Unsigned         1                                     
    twiddle:rsc(0)(0).radr      OUT  Unsigned         9                                     
    twiddle:rsc(0)(0).re        OUT  Unsigned         1                                     
    twiddle:rsc.triosy(0)(0).lz OUT  Unsigned         1                                     
    twiddle:rsc(0)(1).radr      OUT  Unsigned         9                                     
    twiddle:rsc(0)(1).re        OUT  Unsigned         1                                     
    twiddle:rsc.triosy(0)(1).lz OUT  Unsigned         1                                     
    
  Memory Resources
    Resource Name: /DIT_RELOOP/modulo_dev/base:rsc
      Memory Component: ccs_in                       Size:         1 x 64
      External:         true                         Packing Mode: sidebyside
      Memory Map:
      Variable                    Indices Phys Memory Address     
      --------------------------- ------- -----------------------
      /DIT_RELOOP/modulo_dev/base    0:63 00000000-00000000 (0-0) 
      
    Resource Name: /DIT_RELOOP/modulo_dev/m:rsc
      Memory Component: ccs_in                       Size:         1 x 64
      External:         true                         Packing Mode: sidebyside
      Memory Map:
      Variable                 Indices Phys Memory Address     
      ------------------------ ------- -----------------------
      /DIT_RELOOP/modulo_dev/m    0:63 00000000-00000000 (0-0) 
      
    Resource Name: /DIT_RELOOP/modulo_dev/return:rsc
      Memory Component: mgc_out_dreg                 Size:         1 x 64
      External:         true                         Packing Mode: sidebyside
      Memory Map:
      Variable                      Indices Phys Memory Address     
      ----------------------------- ------- -----------------------
      /DIT_RELOOP/modulo_dev/return    0:63 00000000-00000000 (0-0) 
      
    Resource Name: /DIT_RELOOP/modulo_dev/ccs_ccore_start:rsc
      Memory Component: ccs_in                       Size:         1 x 1
      External:         true                         Packing Mode: sidebyside
      Memory Map:
      Variable                               Indices Phys Memory Address     
      -------------------------------------- ------- -----------------------
      /DIT_RELOOP/modulo_dev/ccs_ccore_start     0:0 00000000-00000000 (0-0) 
      
    Resource Name: /DIT_RELOOP/vec:rsc
      Memory Component: ccs_ram_sync_1R1W            Size:         1024 x 64
      External:         true                         Packing Mode: absolute
      Memory Map:
      Variable        Indices Phys Memory Address        
      --------------- ------- --------------------------
      /DIT_RELOOP/vec    0:63 000003ff-00000000 (1023-0) 
      
      Splitting: 
      Block         Original Addresses 
      ------------- ------------------
      vec:rsc(0)(0)   0, 2, ..., 1022  
      vec:rsc(0)(1)   1, 3, ..., 1023  
      
    Resource Name: /DIT_RELOOP/p:rsc
      Memory Component: ccs_in                       Size:         1 x 64
      External:         true                         Packing Mode: sidebyside
      Memory Map:
      Variable      Indices Phys Memory Address     
      ------------- ------- -----------------------
      /DIT_RELOOP/p    0:63 00000000-00000000 (0-0) 
      
    Resource Name: /DIT_RELOOP/r:rsc
      Memory Component: ccs_in                       Size:         1 x 64
      External:         true                         Packing Mode: sidebyside
      Memory Map:
      Variable      Indices Phys Memory Address     
      ------------- ------- -----------------------
      /DIT_RELOOP/r    0:63 00000000-00000000 (0-0) 
      
    Resource Name: /DIT_RELOOP/twiddle:rsc
      Memory Component: ccs_ram_sync_1R1W            Size:         1024 x 64
      External:         true                         Packing Mode: absolute
      Memory Map:
      Variable            Indices Phys Memory Address        
      ------------------- ------- --------------------------
      /DIT_RELOOP/twiddle    0:63 000003ff-00000000 (1023-0) 
      
      Splitting: 
      Block             Original Addresses 
      ----------------- ------------------
      twiddle:rsc(0)(0)   0, 2, ..., 1022  
      twiddle:rsc(0)(1)   1, 3, ..., 1023  
      
  C++ to Interface Mappings
    C++ Field Interface Range Range Expression Expression Limits 
    --------- --------------- ---------------- -----------------
    
  Multi-Cycle (Combinational) Component Usage
    Instance Component Name Delay 
    -------- -------------- -----
    
  Loops
    Process          Loop             Iterations C-Steps Total Cycles   Duration  Unroll Init Comments 
    ---------------- ---------------- ---------- ------- ------------- ---------- ------ ---- --------
    /DIT_RELOOP/core core:rlp           Infinite       0  347054772 ?   6.94 sec                       
    /DIT_RELOOP/core  main              Infinite       2  347054772 ?   6.94 sec                       
    /DIT_RELOOP/core   STAGE_LOOP             10       2  347054770 ?   6.94 sec                       
    /DIT_RELOOP/core    GROUP_LOOP          1025       1   34705475 ?  694.11 ms                       
    /DIT_RELOOP/core     IDX_LOOP            513      66      33858 ?  677.16 us       2               
    
  Loop Execution Profile
    Process          Loop             Total Cycles % of Overall Design Cycles Throughput Cycles Comments 
    ---------------- ---------------- ------------ -------------------------- ----------------- --------
    /DIT_RELOOP/core core:rlp                 0 ?                        0.00      347054772 ?           
    /DIT_RELOOP/core  main                    2 ?                        0.00      347054772 ?           
    /DIT_RELOOP/core   STAGE_LOOP            20 ?                        0.00      347054770 ?           
    /DIT_RELOOP/core    GROUP_LOOP        10250 ?                        0.00      347054750 ?           
    /DIT_RELOOP/core     IDX_LOOP     347044500 ?                      100.00      347044500 ?           
    
  End of Report
