-- Catapult Ultra Synthesis: Report                                              
-- ------------------------- ---------------------------------------------------
-- Version:                  10.5c/896140 Production Release                     
-- Build Date:               Sun Sep  6 22:45:38 PDT 2020                        
                                                                                 
-- Generated by:             yl7897@newnano.poly.edu                             
-- Generated date:           Wed Aug 18 22:11:49 EDT 2021                        

Solution Settings: DIT_RELOOP.v5
  Current state: extract
  Project: Catapult
  
  Design Input Files Specified
    $PROJECT_HOME/src/ntt.cpp
      $PROJECT_HOME/include/ntt.h
        $PROJECT_HOME/include/config.h
          $MGC_HOME/shared/include/ac_int.h
        $MGC_HOME/shared/include/math/mgc_ac_math.h
          $MGC_HOME/shared/include/ac_fixed.h
          $MGC_HOME/shared/include/ac_float.h
          $MGC_HOME/shared/include/ac_complex.h
          $MGC_HOME/shared/include/math/mgc_ac_trig.h
            $MGC_HOME/shared/include/math/mgc_sc_atan_pow2.tab
            $MGC_HOME/shared/include/math/mgc_sc_atan2_pow2.tab
            $MGC_HOME/shared/include/math/mgc_sc_K_cordic.tab
            $MGC_HOME/shared/include/math/mgc_sc_x2_atan2_pow2.tab
          $MGC_HOME/shared/include/math/mgc_ac_hcordic.h
            $MGC_HOME/shared/include/math/mgc_ac_hcordic.tab
            $MGC_HOME/shared/include/math/mgc_ac_hcordic_inv_ln2.tab
    $PROJECT_HOME/src/ntt_tb.cpp
  
  Processes/Blocks in Design
    Process          Real Operation(s) count   Latency Throughput Reset Length II Comments 
    ---------------- ----------------------- --------- ---------- ------------ -- --------
    /DIT_RELOOP/core                      36 357222767  357222772            0  0        ? 
    Design Total:                         36 357222767  357222772            0  0          
    
  Bill Of Materials (Datapath)
    Component Name                                    Area Score   Delay Post Alloc Post Assign 
    ------------------------------------------------- ---------- ------- ---------- -----------
    [Lib: ccs_ioport]                                                                           
    ccs_in(5,64)                                           0.000   0.000          1           1 
    ccs_in(6,64)                                           0.000   0.000          1           0 
    [Lib: ccs_sample_mem]                                                                       
    ccs_ram_sync_1R1W_rport(7,64,10,1024,1024,64,5)        0.000   0.500          1           0 
    ccs_ram_sync_1R1W_rwport(4,64,10,1024,1024,64,5)       0.000   0.500          1           0 
    ccs_ram_sync_1R1W_rwport(7,64,10,1024,1024,64,5)       0.000   0.500          1           0 
    [Lib: cluster]                                                                              
    modulo_dev_0dc217f8ce5f309b848fa994f59fa3f66234() 143238.559   0.087          1           1 
    [Lib: mgc_ioport]                                                                           
    mgc_io_sync(0)                                         0.000   0.000          4           4 
    [Lib: nangate-45nm_beh]                                                                     
    mgc_add(10,0,10,0,10,4)                               42.631   0.750          1           1 
    mgc_add(10,0,2,1,11,4)                                45.045   0.768          1           1 
    mgc_add(11,0,11,0,11,4)                               46.879   0.822          1           1 
    mgc_add(4,0,1,0,4,4)                                  12.367   0.218          0           1 
    mgc_add(4,0,2,1,4,4)                                  19.386   0.344          1           0 
    mgc_add(5,0,4,0,5,4)                                  19.799   0.357          0           1 
    mgc_add(5,0,5,0,5,4)                                  21.390   0.394          1           0 
    mgc_add(64,0,64,0,64,4)                              272.032   4.684          2           2 
    mgc_add(9,0,9,0,9,4)                                  38.383   0.678          1           1 
    mgc_and(1,2,1)                                         1.110   0.024          0           1 
    mgc_and(1,3,1)                                         1.385   0.041          0           1 
    mgc_and(10,2,1)                                       11.096   0.024          0           2 
    mgc_mul(64,0,64,0,128,4)                           20823.174   9.186          1           1 
    mgc_mul(9,0,9,0,9,4)                                 175.201   0.730          1           0 
    mgc_mux(10,1,2,4)                                     17.544   0.062          0           4 
    mgc_mux(128,1,2,4)                                   224.566   0.094          0           1 
    mgc_mux(4,1,2,4)                                       7.018   0.059          0           2 
    mgc_mux(64,1,2,4)                                    112.283   0.073          0           4 
    mgc_mux1hot(10,3,4)                                   26.434   0.061          0           1 
    mgc_mux1hot(64,3,4)                                  169.178   0.061          0           1 
    mgc_nor(1,15,4)                                        6.499   0.125          0           1 
    mgc_nor(1,2,1)                                         0.771   0.025          0           1 
    mgc_not(1,1)                                           0.529   0.006          0          10 
    mgc_not(10,1)                                          5.294   0.006          0           2 
    mgc_not(4,1)                                           2.118   0.006          0           1 
    mgc_not(64,1)                                         33.882   0.006          0           1 
    mgc_or(1,2,1)                                          1.110   0.031          0           6 
    mgc_or(1,3,4)                                          1.385   0.066          0           1 
    mgc_or(1,4,4)                                          1.660   0.078          0           1 
    mgc_or(1,6,4)                                          2.548   0.094          0           1 
    mgc_reg_pos(1,0,0,1,1,0,0,4)                           6.375   0.087          0           2 
    mgc_reg_pos(1,0,0,1,1,1,1,4)                           6.375   0.087          0           2 
    mgc_reg_pos(10,0,0,1,1,1,1,4)                         63.750   0.087          0           5 
    mgc_reg_pos(128,0,0,1,1,0,0,4)                       816.000   0.087          0           1 
    mgc_reg_pos(128,0,0,1,1,1,1,4)                       816.000   0.087          0           1 
    mgc_reg_pos(4,0,0,1,1,1,1,4)                          25.500   0.087          0           2 
    mgc_reg_pos(64,0,0,1,1,0,0,4)                        408.000   0.087          0           1 
    mgc_reg_pos(64,0,0,1,1,1,1,4)                        408.000   0.087          0           3 
    mgc_reg_pos(9,0,0,1,1,1,1,4)                          57.375   0.087          0           1 
    mgc_rem(128,64,0,4)                                46006.587 494.213          1           1 
    mgc_shift_l(1,0,4,10,4)                               18.900   0.149          1           0 
    mgc_shift_l(10,0,4,10,4)                              46.189   0.149          1           1 
    mgc_shift_r(11,0,4,10,4)                              48.044   0.178          1           1 
                                                                                                
    TOTAL AREA (After Assignment):                    215677.957                                
    
  Area Scores
                        Post-Scheduling     Post-DP & FSM   Post-Assignment 
    ----------------- ----------------- ----------------- -----------------
    Total Area Score:   213543.3          215816.2          215890.0        
    Total Reg:            2428.9   (1%)     3925.6   (2%)     3925.6   (2%) 
                                                                            
    DataPath:           213543.3 (100%)   215604.2 (100%)   215678.0 (100%) 
      MUX:                   0.0             850.3   (0%)      953.5   (0%) 
      FUNC:             211114.4  (99%)   210979.4  (98%)   210911.7  (98%) 
      LOGIC:                 0.0              57.9   (0%)       96.1   (0%) 
      BUFFER:                0.0               0.0               0.0        
      MEM:                   0.0               0.0               0.0        
      ROM:                   0.0               0.0               0.0        
      REG:                2428.9   (1%)     3716.6   (2%)     3716.6   (2%) 
                                                                            
    
    FSM:                     0.0             212.0   (0%)      212.0   (0%) 
      FSM-REG:               0.0             209.0  (99%)      209.0  (99%) 
      FSM-COMB:              0.0               3.0   (1%)        3.0   (1%) 
                                                                            
    
  Register-to-Variable Mappings
    Register                                Size(bits) Gated Register CG Opt Done Variables                                             
    --------------------------------------- ---------- -------------- ----------- -----------------------------------------------------
    IDX_LOOP:IDX_LOOP:rem#1:cmp.a                  128                            IDX_LOOP:IDX_LOOP:rem#1:cmp.a                         
    IDX_LOOP:mul.mut                               128         Y           Y      IDX_LOOP:mul.mut                                      
    IDX_LOOP:acc#3.itm                              64         Y           Y      IDX_LOOP:acc#3.itm                                    
                                                                                  IDX_LOOP:modulo_dev(return)#1.sva                     
                                                                                  IDX_LOOP:f2.sva                                       
    IDX_LOOP:asn.itm#1                              64         Y           Y      IDX_LOOP:asn.itm#1                                    
    p.sva                                           64         Y           Y      p.sva                                                 
    reg(modulo_dev():cmp.m_rsc_dat).cse             64                            reg(modulo_dev():cmp.m_rsc_dat).cse                   
    GROUP_LOOP:j(10:0).sva(9:0)                     10         Y           Y      GROUP_LOOP:j(10:0).sva(9:0)                           
    IDX_LOOP:idx2(9:0).sva                          10         Y           Y      IDX_LOOP:idx2(9:0).sva                                
    IDX_LOOP:t(10:0).sva(9:0)                       10         Y           Y      IDX_LOOP:t(10:0).sva(9:0)                             
    STAGE_LOOP:gp:lshift.psp.sva                    10         Y           Y      STAGE_LOOP:gp:lshift.psp.sva                          
    STAGE_LOOP:op:rshift.psp#1.sva                  10         Y           Y      STAGE_LOOP:op:rshift.psp#1.sva                        
    IDX_LOOP:idx1:acc.psp.sva                        9         Y           Y      IDX_LOOP:idx1:acc.psp.sva                             
    STAGE_LOOP:gp:acc.psp.sva                        4         Y           Y      STAGE_LOOP:gp:acc.psp.sva                             
    STAGE_LOOP:i(3:0).sva                            4         Y           Y      STAGE_LOOP:i(3:0).sva                                 
    IDX_LOOP:t:slc(IDX_LOOP:t(10:0))(0).itm          1         Y           Y      IDX_LOOP:t:slc(IDX_LOOP:t(10:0))(0).itm               
    exit:IDX_LOOP.sva                                1         Y           Y      exit:IDX_LOOP.sva                                     
    reg(ensig.cgo).cse                               1                            reg(ensig.cgo).cse                                    
    reg(twiddle:rsc.triosy:obj.ld).cse               1                            reg(twiddle:rsc.triosy:obj.ld).cse                    
                                                                                                                                        
    Total:                                         583            389         389 (Total Gating Ratio: 0.67, CG Opt Gating Ratio: 0.67) 
    
  Timing Report
    Critical Path
      Max Delay:  14.382314
      Slack:      5.617686000000001
      
      Path                                                                                                         Startpoint                                         Endpoint                                Delay   Slack   
      ------------------------------------------------------------------------------------------------------------ -------------------------------------------------- --------------------------------------- ------- -------
      1                                                                                                            DIT_RELOOP:core/reg(IDX_LOOP:IDX_LOOP:rem#1:cmp.a) DIT_RELOOP/vec:rsc.d                    14.3823 5.6177  
                                                                                                                                                                                                                              
        Instance                                                                                                   Component                                                                                  Delta   Delay   
        --------                                                                                                   ---------                                                                                  -----   -----   
        DIT_RELOOP:core/reg(IDX_LOOP:IDX_LOOP:rem#1:cmp.a)                                                         mgc_reg_pos_128_0_0_1_1_0_0_4                                                              0.0870  0.0870  
        DIT_RELOOP:core/IDX_LOOP:IDX_LOOP:rem#1:cmp.a                                                                                                                                                         0.0000  0.0870  
        DIT_RELOOP:core/IDX_LOOP:IDX_LOOP:rem#1:cmp                                                                mgc_rem_128_64_0_4                                                                         14.2127 14.2997 
        DIT_RELOOP:core/IDX_LOOP:IDX_LOOP:rem#1:cmp.z                                                                                                                                                         0.0000  14.2997 
        DIT_RELOOP:core/IDX_LOOP:mux#2                                                                             mgc_mux_64_1_2_4                                                                           0.0726  14.3723 
        DIT_RELOOP:core/vec:rsci.d_d                                                                                                                                                                          0.0000  14.3723 
        DIT_RELOOP/vec:rsci.d_d                                                                                                                                                                               0.0000  14.3723 
        DIT_RELOOP:ccs_sample_mem.ccs_ram_sync_1R1W_rwport(4,64,10,1024,1024,64,5)gen/d_d                                                                                                                     0.0000  14.3723 
        DIT_RELOOP:ccs_sample_mem.ccs_ram_sync_1R1W_rwport(4,64,10,1024,1024,64,5)gen/IDX_LOOP:f1:slc(d_d)(63-0)                                                                                              0.0000  14.3723 
        DIT_RELOOP:ccs_sample_mem.ccs_ram_sync_1R1W_rwport(4,64,10,1024,1024,64,5)gen/IDX_LOOP:f1:asn(d)                                                                                                      0.0000  14.3723 
        DIT_RELOOP:ccs_sample_mem.ccs_ram_sync_1R1W_rwport(4,64,10,1024,1024,64,5)gen/d                                                                                                                       0.0000  14.3723 
        DIT_RELOOP/vec:rsc.d                                                                                                                                                                                  0.0100  14.3823 
                                                                                                                                                                                                                              
      2                                                                                                            DIT_RELOOP:core/reg(modulo_dev():cmp.m_rsc_dat)    DIT_RELOOP/vec:rsc.d                    14.3823 5.6177  
                                                                                                                                                                                                                              
        Instance                                                                                                   Component                                                                                  Delta   Delay   
        --------                                                                                                   ---------                                                                                  -----   -----   
        DIT_RELOOP:core/reg(modulo_dev():cmp.m_rsc_dat)                                                            mgc_reg_pos_64_0_0_1_1_0_0_4                                                               0.0870  0.0870  
        DIT_RELOOP:core/reg(modulo_dev():cmp.m_rsc_dat).cse                                                                                                                                                   0.0000  0.0870  
        DIT_RELOOP:core/IDX_LOOP:IDX_LOOP:rem#1:cmp                                                                mgc_rem_128_64_0_4                                                                         14.2127 14.2997 
        DIT_RELOOP:core/IDX_LOOP:IDX_LOOP:rem#1:cmp.z                                                                                                                                                         0.0000  14.2997 
        DIT_RELOOP:core/IDX_LOOP:mux#2                                                                             mgc_mux_64_1_2_4                                                                           0.0726  14.3723 
        DIT_RELOOP:core/vec:rsci.d_d                                                                                                                                                                          0.0000  14.3723 
        DIT_RELOOP/vec:rsci.d_d                                                                                                                                                                               0.0000  14.3723 
        DIT_RELOOP:ccs_sample_mem.ccs_ram_sync_1R1W_rwport(4,64,10,1024,1024,64,5)gen/d_d                                                                                                                     0.0000  14.3723 
        DIT_RELOOP:ccs_sample_mem.ccs_ram_sync_1R1W_rwport(4,64,10,1024,1024,64,5)gen/IDX_LOOP:f1:slc(d_d)(63-0)                                                                                              0.0000  14.3723 
        DIT_RELOOP:ccs_sample_mem.ccs_ram_sync_1R1W_rwport(4,64,10,1024,1024,64,5)gen/IDX_LOOP:f1:asn(d)                                                                                                      0.0000  14.3723 
        DIT_RELOOP:ccs_sample_mem.ccs_ram_sync_1R1W_rwport(4,64,10,1024,1024,64,5)gen/d                                                                                                                       0.0000  14.3723 
        DIT_RELOOP/vec:rsc.d                                                                                                                                                                                  0.0100  14.3823 
                                                                                                                                                                                                                              
      3                                                                                                            DIT_RELOOP:core/reg(IDX_LOOP:asn)                  DIT_RELOOP/vec:rsc.radr                 10.8460 9.1540  
                                                                                                                                                                                                                              
        Instance                                                                                                   Component                                                                                  Delta   Delay   
        --------                                                                                                   ---------                                                                                  -----   -----   
        DIT_RELOOP:core/reg(IDX_LOOP:asn)                                                                          mgc_reg_pos_64_0_0_1_1_1_1_4                                                               0.0870  0.0870  
        DIT_RELOOP:core/IDX_LOOP:asn.itm#1                                                                                                                                                                    0.0000  0.0870  
        DIT_RELOOP:core/IDX_LOOP:mux#9                                                                             mgc_mux_64_1_2_4                                                                           0.0726  0.1596  
        DIT_RELOOP:core/IDX_LOOP:mux#9.itm                                                                                                                                                                    0.0000  0.1596  
        DIT_RELOOP:core/IDX_LOOP:idx1:mul:rg                                                                       mgc_mul_64_0_64_0_128_4                                                                    9.1863  9.3459  
        DIT_RELOOP:core/z.out#1                                                                                                                                                                               0.0000  9.3459  
        DIT_RELOOP:core/IDX_LOOP:slc(z.out#1)(8-0)                                                                                                                                                            0.0000  9.3459  
        DIT_RELOOP:core/IDX_LOOP:slc(z.out#1)(8-0).itm                                                                                                                                                        0.0000  9.3459  
        DIT_RELOOP:core/IDX_LOOP:idx1:acc                                                                          mgc_addc_9_0_9_0_9_4                                                                       0.6782  10.0242 
        DIT_RELOOP:core/IDX_LOOP:idx1:acc.psp.sva:mx0w0                                                                                                                                                       0.0000  10.0242 
        DIT_RELOOP:core/IDX_LOOP:idx1:conc                                                                                                                                                                    0.0000  10.0242 
        DIT_RELOOP:core/IDX_LOOP:idx1:conc.itm                                                                                                                                                                0.0000  10.0242 
        DIT_RELOOP:core/IDX_LOOP:idx2:acc                                                                          mgc_addc_10_0_10_0_10_4                                                                    0.7499  10.7740 
        DIT_RELOOP:core/IDX_LOOP:idx2(9:0).sva:mx0w0                                                                                                                                                          0.0000  10.7740 
        DIT_RELOOP:core/IDX_LOOP:idx2:mux#1                                                                        mgc_mux_10_1_2_4                                                                           0.0620  10.8360 
        DIT_RELOOP:core/vec:rsci.radr_d                                                                                                                                                                       0.0000  10.8360 
        DIT_RELOOP/vec:rsci.radr_d                                                                                                                                                                            0.0000  10.8360 
        DIT_RELOOP:ccs_sample_mem.ccs_ram_sync_1R1W_rwport(4,64,10,1024,1024,64,5)gen/radr_d                                                                                                                  0.0000  10.8360 
        DIT_RELOOP:ccs_sample_mem.ccs_ram_sync_1R1W_rwport(4,64,10,1024,1024,64,5)gen/IDX_LOOP:f1:slc(radr_d)(9-0)                                                                                            0.0000  10.8360 
        DIT_RELOOP:ccs_sample_mem.ccs_ram_sync_1R1W_rwport(4,64,10,1024,1024,64,5)gen/IDX_LOOP:f1:asn(radr)                                                                                                   0.0000  10.8360 
        DIT_RELOOP:ccs_sample_mem.ccs_ram_sync_1R1W_rwport(4,64,10,1024,1024,64,5)gen/radr                                                                                                                    0.0000  10.8360 
        DIT_RELOOP/vec:rsc.radr                                                                                                                                                                               0.0100  10.8460 
                                                                                                                                                                                                                              
      4                                                                                                            DIT_RELOOP:core/reg(STAGE_LOOP:op:rshift.psp#1)    DIT_RELOOP/vec:rsc.radr                 10.8460 9.1540  
                                                                                                                                                                                                                              
        Instance                                                                                                   Component                                                                                  Delta   Delay   
        --------                                                                                                   ---------                                                                                  -----   -----   
        DIT_RELOOP:core/reg(STAGE_LOOP:op:rshift.psp#1)                                                            mgc_reg_pos_10_0_0_1_1_1_1_4                                                               0.0870  0.0870  
        DIT_RELOOP:core/STAGE_LOOP:op:rshift.psp#1.sva                                                                                                                                                        0.0000  0.0870  
        DIT_RELOOP:core/STAGE_LOOP:op:slc(STAGE_LOOP:op:rshift.psp#1.sva)(8-0)                                                                                                                                0.0000  0.0870  
        DIT_RELOOP:core/STAGE_LOOP:op:slc(STAGE_LOOP:op:rshift.psp#1.sva)(8-0).itm                                                                                                                            0.0000  0.0870  
        DIT_RELOOP:core/conc#1                                                                                                                                                                                0.0000  0.0870  
        DIT_RELOOP:core/conc#1.itm                                                                                                                                                                            0.0000  0.0870  
        DIT_RELOOP:core/IDX_LOOP:mux#6                                                                             mgc_mux_64_1_2_4                                                                           0.0726  0.1596  
        DIT_RELOOP:core/IDX_LOOP:mux#6.itm                                                                                                                                                                    0.0000  0.1596  
        DIT_RELOOP:core/IDX_LOOP:idx1:mul:rg                                                                       mgc_mul_64_0_64_0_128_4                                                                    9.1863  9.3459  
        DIT_RELOOP:core/z.out#1                                                                                                                                                                               0.0000  9.3459  
        DIT_RELOOP:core/IDX_LOOP:slc(z.out#1)(8-0)                                                                                                                                                            0.0000  9.3459  
        DIT_RELOOP:core/IDX_LOOP:slc(z.out#1)(8-0).itm                                                                                                                                                        0.0000  9.3459  
        DIT_RELOOP:core/IDX_LOOP:idx1:acc                                                                          mgc_addc_9_0_9_0_9_4                                                                       0.6782  10.0242 
        DIT_RELOOP:core/IDX_LOOP:idx1:acc.psp.sva:mx0w0                                                                                                                                                       0.0000  10.0242 
        DIT_RELOOP:core/IDX_LOOP:idx1:conc                                                                                                                                                                    0.0000  10.0242 
        DIT_RELOOP:core/IDX_LOOP:idx1:conc.itm                                                                                                                                                                0.0000  10.0242 
        DIT_RELOOP:core/IDX_LOOP:idx2:acc                                                                          mgc_addc_10_0_10_0_10_4                                                                    0.7499  10.7740 
        DIT_RELOOP:core/IDX_LOOP:idx2(9:0).sva:mx0w0                                                                                                                                                          0.0000  10.7740 
        DIT_RELOOP:core/IDX_LOOP:idx2:mux#1                                                                        mgc_mux_10_1_2_4                                                                           0.0620  10.8360 
        DIT_RELOOP:core/vec:rsci.radr_d                                                                                                                                                                       0.0000  10.8360 
        DIT_RELOOP/vec:rsci.radr_d                                                                                                                                                                            0.0000  10.8360 
        DIT_RELOOP:ccs_sample_mem.ccs_ram_sync_1R1W_rwport(4,64,10,1024,1024,64,5)gen/radr_d                                                                                                                  0.0000  10.8360 
        DIT_RELOOP:ccs_sample_mem.ccs_ram_sync_1R1W_rwport(4,64,10,1024,1024,64,5)gen/IDX_LOOP:f1:slc(radr_d)(9-0)                                                                                            0.0000  10.8360 
        DIT_RELOOP:ccs_sample_mem.ccs_ram_sync_1R1W_rwport(4,64,10,1024,1024,64,5)gen/IDX_LOOP:f1:asn(radr)                                                                                                   0.0000  10.8360 
        DIT_RELOOP:ccs_sample_mem.ccs_ram_sync_1R1W_rwport(4,64,10,1024,1024,64,5)gen/radr                                                                                                                    0.0000  10.8360 
        DIT_RELOOP/vec:rsc.radr                                                                                                                                                                               0.0100  10.8460 
                                                                                                                                                                                                                              
      5                                                                                                            DIT_RELOOP:core/reg(GROUP_LOOP:j(10:0).sva(9:0))   DIT_RELOOP/vec:rsc.radr                 10.8460 9.1540  
                                                                                                                                                                                                                              
        Instance                                                                                                   Component                                                                                  Delta   Delay   
        --------                                                                                                   ---------                                                                                  -----   -----   
        DIT_RELOOP:core/reg(GROUP_LOOP:j(10:0).sva(9:0))                                                           mgc_reg_pos_10_0_0_1_1_1_1_4                                                               0.0870  0.0870  
        DIT_RELOOP:core/GROUP_LOOP:j(10:0).sva(9:0)                                                                                                                                                           0.0000  0.0870  
        DIT_RELOOP:core/GROUP_LOOP:j:slc(GROUP_LOOP:j(10:0).sva(9:0))(8-0)                                                                                                                                    0.0000  0.0870  
        DIT_RELOOP:core/GROUP_LOOP:j:slc(GROUP_LOOP:j(10:0).sva(9:0))(8-0).itm                                                                                                                                0.0000  0.0870  
        DIT_RELOOP:core/conc                                                                                                                                                                                  0.0000  0.0870  
        DIT_RELOOP:core/conc.itm                                                                                                                                                                              0.0000  0.0870  
        DIT_RELOOP:core/IDX_LOOP:mux#9                                                                             mgc_mux_64_1_2_4                                                                           0.0726  0.1596  
        DIT_RELOOP:core/IDX_LOOP:mux#9.itm                                                                                                                                                                    0.0000  0.1596  
        DIT_RELOOP:core/IDX_LOOP:idx1:mul:rg                                                                       mgc_mul_64_0_64_0_128_4                                                                    9.1863  9.3459  
        DIT_RELOOP:core/z.out#1                                                                                                                                                                               0.0000  9.3459  
        DIT_RELOOP:core/IDX_LOOP:slc(z.out#1)(8-0)                                                                                                                                                            0.0000  9.3459  
        DIT_RELOOP:core/IDX_LOOP:slc(z.out#1)(8-0).itm                                                                                                                                                        0.0000  9.3459  
        DIT_RELOOP:core/IDX_LOOP:idx1:acc                                                                          mgc_addc_9_0_9_0_9_4                                                                       0.6782  10.0242 
        DIT_RELOOP:core/IDX_LOOP:idx1:acc.psp.sva:mx0w0                                                                                                                                                       0.0000  10.0242 
        DIT_RELOOP:core/IDX_LOOP:idx1:conc                                                                                                                                                                    0.0000  10.0242 
        DIT_RELOOP:core/IDX_LOOP:idx1:conc.itm                                                                                                                                                                0.0000  10.0242 
        DIT_RELOOP:core/IDX_LOOP:idx2:acc                                                                          mgc_addc_10_0_10_0_10_4                                                                    0.7499  10.7740 
        DIT_RELOOP:core/IDX_LOOP:idx2(9:0).sva:mx0w0                                                                                                                                                          0.0000  10.7740 
        DIT_RELOOP:core/IDX_LOOP:idx2:mux#1                                                                        mgc_mux_10_1_2_4                                                                           0.0620  10.8360 
        DIT_RELOOP:core/vec:rsci.radr_d                                                                                                                                                                       0.0000  10.8360 
        DIT_RELOOP/vec:rsci.radr_d                                                                                                                                                                            0.0000  10.8360 
        DIT_RELOOP:ccs_sample_mem.ccs_ram_sync_1R1W_rwport(4,64,10,1024,1024,64,5)gen/radr_d                                                                                                                  0.0000  10.8360 
        DIT_RELOOP:ccs_sample_mem.ccs_ram_sync_1R1W_rwport(4,64,10,1024,1024,64,5)gen/IDX_LOOP:f1:slc(radr_d)(9-0)                                                                                            0.0000  10.8360 
        DIT_RELOOP:ccs_sample_mem.ccs_ram_sync_1R1W_rwport(4,64,10,1024,1024,64,5)gen/IDX_LOOP:f1:asn(radr)                                                                                                   0.0000  10.8360 
        DIT_RELOOP:ccs_sample_mem.ccs_ram_sync_1R1W_rwport(4,64,10,1024,1024,64,5)gen/radr                                                                                                                    0.0000  10.8360 
        DIT_RELOOP/vec:rsc.radr                                                                                                                                                                               0.0100  10.8460 
                                                                                                                                                                                                                              
      6                                                                                                            DIT_RELOOP:core/modulo_dev():cmp                   DIT_RELOOP/vec:rsc.radr                 10.8459 9.1541  
                                                                                                                                                                                                                              
        Instance                                                                                                   Component                                                                                  Delta   Delay   
        --------                                                                                                   ---------                                                                                  -----   -----   
        DIT_RELOOP:core/modulo_dev():cmp                                                                           modulo_dev                                                                                 0.0869  0.0869  
        DIT_RELOOP:core/modulo_dev():cmp.return_rsc_z                                                                                                                                                         0.0000  0.0869  
        DIT_RELOOP:core/IDX_LOOP:mux#6                                                                             mgc_mux_64_1_2_4                                                                           0.0726  0.1595  
        DIT_RELOOP:core/IDX_LOOP:mux#6.itm                                                                                                                                                                    0.0000  0.1595  
        DIT_RELOOP:core/IDX_LOOP:idx1:mul:rg                                                                       mgc_mul_64_0_64_0_128_4                                                                    9.1863  9.3458  
        DIT_RELOOP:core/z.out#1                                                                                                                                                                               0.0000  9.3458  
        DIT_RELOOP:core/IDX_LOOP:slc(z.out#1)(8-0)                                                                                                                                                            0.0000  9.3458  
        DIT_RELOOP:core/IDX_LOOP:slc(z.out#1)(8-0).itm                                                                                                                                                        0.0000  9.3458  
        DIT_RELOOP:core/IDX_LOOP:idx1:acc                                                                          mgc_addc_9_0_9_0_9_4                                                                       0.6782  10.0241 
        DIT_RELOOP:core/IDX_LOOP:idx1:acc.psp.sva:mx0w0                                                                                                                                                       0.0000  10.0241 
        DIT_RELOOP:core/IDX_LOOP:idx1:conc                                                                                                                                                                    0.0000  10.0241 
        DIT_RELOOP:core/IDX_LOOP:idx1:conc.itm                                                                                                                                                                0.0000  10.0241 
        DIT_RELOOP:core/IDX_LOOP:idx2:acc                                                                          mgc_addc_10_0_10_0_10_4                                                                    0.7499  10.7739 
        DIT_RELOOP:core/IDX_LOOP:idx2(9:0).sva:mx0w0                                                                                                                                                          0.0000  10.7739 
        DIT_RELOOP:core/IDX_LOOP:idx2:mux#1                                                                        mgc_mux_10_1_2_4                                                                           0.0620  10.8359 
        DIT_RELOOP:core/vec:rsci.radr_d                                                                                                                                                                       0.0000  10.8359 
        DIT_RELOOP/vec:rsci.radr_d                                                                                                                                                                            0.0000  10.8359 
        DIT_RELOOP:ccs_sample_mem.ccs_ram_sync_1R1W_rwport(4,64,10,1024,1024,64,5)gen/radr_d                                                                                                                  0.0000  10.8359 
        DIT_RELOOP:ccs_sample_mem.ccs_ram_sync_1R1W_rwport(4,64,10,1024,1024,64,5)gen/IDX_LOOP:f1:slc(radr_d)(9-0)                                                                                            0.0000  10.8359 
        DIT_RELOOP:ccs_sample_mem.ccs_ram_sync_1R1W_rwport(4,64,10,1024,1024,64,5)gen/IDX_LOOP:f1:asn(radr)                                                                                                   0.0000  10.8359 
        DIT_RELOOP:ccs_sample_mem.ccs_ram_sync_1R1W_rwport(4,64,10,1024,1024,64,5)gen/radr                                                                                                                    0.0000  10.8359 
        DIT_RELOOP/vec:rsc.radr                                                                                                                                                                               0.0100  10.8459 
                                                                                                                                                                                                                              
      7                                                                                                            DIT_RELOOP:core/reg(IDX_LOOP:asn)                  DIT_RELOOP:core/reg(IDX_LOOP:idx2(9:0)) 10.7740 9.2260  
                                                                                                                                                                                                                              
        Instance                                                                                                   Component                                                                                  Delta   Delay   
        --------                                                                                                   ---------                                                                                  -----   -----   
        DIT_RELOOP:core/reg(IDX_LOOP:asn)                                                                          mgc_reg_pos_64_0_0_1_1_1_1_4                                                               0.0870  0.0870  
        DIT_RELOOP:core/IDX_LOOP:asn.itm#1                                                                                                                                                                    0.0000  0.0870  
        DIT_RELOOP:core/IDX_LOOP:mux#9                                                                             mgc_mux_64_1_2_4                                                                           0.0726  0.1596  
        DIT_RELOOP:core/IDX_LOOP:mux#9.itm                                                                                                                                                                    0.0000  0.1596  
        DIT_RELOOP:core/IDX_LOOP:idx1:mul:rg                                                                       mgc_mul_64_0_64_0_128_4                                                                    9.1863  9.3459  
        DIT_RELOOP:core/z.out#1                                                                                                                                                                               0.0000  9.3459  
        DIT_RELOOP:core/IDX_LOOP:slc(z.out#1)(8-0)                                                                                                                                                            0.0000  9.3459  
        DIT_RELOOP:core/IDX_LOOP:slc(z.out#1)(8-0).itm                                                                                                                                                        0.0000  9.3459  
        DIT_RELOOP:core/IDX_LOOP:idx1:acc                                                                          mgc_addc_9_0_9_0_9_4                                                                       0.6782  10.0242 
        DIT_RELOOP:core/IDX_LOOP:idx1:acc.psp.sva:mx0w0                                                                                                                                                       0.0000  10.0242 
        DIT_RELOOP:core/IDX_LOOP:idx1:conc                                                                                                                                                                    0.0000  10.0242 
        DIT_RELOOP:core/IDX_LOOP:idx1:conc.itm                                                                                                                                                                0.0000  10.0242 
        DIT_RELOOP:core/IDX_LOOP:idx2:acc                                                                          mgc_addc_10_0_10_0_10_4                                                                    0.7499  10.7740 
        DIT_RELOOP:core/IDX_LOOP:idx2(9:0).sva:mx0w0                                                                                                                                                          0.0000  10.7740 
        DIT_RELOOP:core/reg(IDX_LOOP:idx2(9:0))                                                                    mgc_reg_pos_10_0_0_1_1_1_1_4                                                               0.0000  10.7740 
                                                                                                                                                                                                                              
      8                                                                                                            DIT_RELOOP:core/reg(GROUP_LOOP:j(10:0).sva(9:0))   DIT_RELOOP:core/reg(IDX_LOOP:idx2(9:0)) 10.7740 9.2260  
                                                                                                                                                                                                                              
        Instance                                                                                                   Component                                                                                  Delta   Delay   
        --------                                                                                                   ---------                                                                                  -----   -----   
        DIT_RELOOP:core/reg(GROUP_LOOP:j(10:0).sva(9:0))                                                           mgc_reg_pos_10_0_0_1_1_1_1_4                                                               0.0870  0.0870  
        DIT_RELOOP:core/GROUP_LOOP:j(10:0).sva(9:0)                                                                                                                                                           0.0000  0.0870  
        DIT_RELOOP:core/GROUP_LOOP:j:slc(GROUP_LOOP:j(10:0).sva(9:0))(8-0)                                                                                                                                    0.0000  0.0870  
        DIT_RELOOP:core/GROUP_LOOP:j:slc(GROUP_LOOP:j(10:0).sva(9:0))(8-0).itm                                                                                                                                0.0000  0.0870  
        DIT_RELOOP:core/conc                                                                                                                                                                                  0.0000  0.0870  
        DIT_RELOOP:core/conc.itm                                                                                                                                                                              0.0000  0.0870  
        DIT_RELOOP:core/IDX_LOOP:mux#9                                                                             mgc_mux_64_1_2_4                                                                           0.0726  0.1596  
        DIT_RELOOP:core/IDX_LOOP:mux#9.itm                                                                                                                                                                    0.0000  0.1596  
        DIT_RELOOP:core/IDX_LOOP:idx1:mul:rg                                                                       mgc_mul_64_0_64_0_128_4                                                                    9.1863  9.3459  
        DIT_RELOOP:core/z.out#1                                                                                                                                                                               0.0000  9.3459  
        DIT_RELOOP:core/IDX_LOOP:slc(z.out#1)(8-0)                                                                                                                                                            0.0000  9.3459  
        DIT_RELOOP:core/IDX_LOOP:slc(z.out#1)(8-0).itm                                                                                                                                                        0.0000  9.3459  
        DIT_RELOOP:core/IDX_LOOP:idx1:acc                                                                          mgc_addc_9_0_9_0_9_4                                                                       0.6782  10.0242 
        DIT_RELOOP:core/IDX_LOOP:idx1:acc.psp.sva:mx0w0                                                                                                                                                       0.0000  10.0242 
        DIT_RELOOP:core/IDX_LOOP:idx1:conc                                                                                                                                                                    0.0000  10.0242 
        DIT_RELOOP:core/IDX_LOOP:idx1:conc.itm                                                                                                                                                                0.0000  10.0242 
        DIT_RELOOP:core/IDX_LOOP:idx2:acc                                                                          mgc_addc_10_0_10_0_10_4                                                                    0.7499  10.7740 
        DIT_RELOOP:core/IDX_LOOP:idx2(9:0).sva:mx0w0                                                                                                                                                          0.0000  10.7740 
        DIT_RELOOP:core/reg(IDX_LOOP:idx2(9:0))                                                                    mgc_reg_pos_10_0_0_1_1_1_1_4                                                               0.0000  10.7740 
                                                                                                                                                                                                                              
      9                                                                                                            DIT_RELOOP:core/reg(STAGE_LOOP:op:rshift.psp#1)    DIT_RELOOP:core/reg(IDX_LOOP:idx2(9:0)) 10.7740 9.2260  
                                                                                                                                                                                                                              
        Instance                                                                                                   Component                                                                                  Delta   Delay   
        --------                                                                                                   ---------                                                                                  -----   -----   
        DIT_RELOOP:core/reg(STAGE_LOOP:op:rshift.psp#1)                                                            mgc_reg_pos_10_0_0_1_1_1_1_4                                                               0.0870  0.0870  
        DIT_RELOOP:core/STAGE_LOOP:op:rshift.psp#1.sva                                                                                                                                                        0.0000  0.0870  
        DIT_RELOOP:core/STAGE_LOOP:op:slc(STAGE_LOOP:op:rshift.psp#1.sva)(8-0)                                                                                                                                0.0000  0.0870  
        DIT_RELOOP:core/STAGE_LOOP:op:slc(STAGE_LOOP:op:rshift.psp#1.sva)(8-0).itm                                                                                                                            0.0000  0.0870  
        DIT_RELOOP:core/conc#1                                                                                                                                                                                0.0000  0.0870  
        DIT_RELOOP:core/conc#1.itm                                                                                                                                                                            0.0000  0.0870  
        DIT_RELOOP:core/IDX_LOOP:mux#6                                                                             mgc_mux_64_1_2_4                                                                           0.0726  0.1596  
        DIT_RELOOP:core/IDX_LOOP:mux#6.itm                                                                                                                                                                    0.0000  0.1596  
        DIT_RELOOP:core/IDX_LOOP:idx1:mul:rg                                                                       mgc_mul_64_0_64_0_128_4                                                                    9.1863  9.3459  
        DIT_RELOOP:core/z.out#1                                                                                                                                                                               0.0000  9.3459  
        DIT_RELOOP:core/IDX_LOOP:slc(z.out#1)(8-0)                                                                                                                                                            0.0000  9.3459  
        DIT_RELOOP:core/IDX_LOOP:slc(z.out#1)(8-0).itm                                                                                                                                                        0.0000  9.3459  
        DIT_RELOOP:core/IDX_LOOP:idx1:acc                                                                          mgc_addc_9_0_9_0_9_4                                                                       0.6782  10.0242 
        DIT_RELOOP:core/IDX_LOOP:idx1:acc.psp.sva:mx0w0                                                                                                                                                       0.0000  10.0242 
        DIT_RELOOP:core/IDX_LOOP:idx1:conc                                                                                                                                                                    0.0000  10.0242 
        DIT_RELOOP:core/IDX_LOOP:idx1:conc.itm                                                                                                                                                                0.0000  10.0242 
        DIT_RELOOP:core/IDX_LOOP:idx2:acc                                                                          mgc_addc_10_0_10_0_10_4                                                                    0.7499  10.7740 
        DIT_RELOOP:core/IDX_LOOP:idx2(9:0).sva:mx0w0                                                                                                                                                          0.0000  10.7740 
        DIT_RELOOP:core/reg(IDX_LOOP:idx2(9:0))                                                                    mgc_reg_pos_10_0_0_1_1_1_1_4                                                               0.0000  10.7740 
                                                                                                                                                                                                                              
      10                                                                                                           DIT_RELOOP:core/modulo_dev():cmp                   DIT_RELOOP:core/reg(IDX_LOOP:idx2(9:0)) 10.7739 9.2261  
                                                                                                                                                                                                                              
        Instance                                                                                                   Component                                                                                  Delta   Delay   
        --------                                                                                                   ---------                                                                                  -----   -----   
        DIT_RELOOP:core/modulo_dev():cmp                                                                           modulo_dev                                                                                 0.0869  0.0869  
        DIT_RELOOP:core/modulo_dev():cmp.return_rsc_z                                                                                                                                                         0.0000  0.0869  
        DIT_RELOOP:core/IDX_LOOP:mux#6                                                                             mgc_mux_64_1_2_4                                                                           0.0726  0.1595  
        DIT_RELOOP:core/IDX_LOOP:mux#6.itm                                                                                                                                                                    0.0000  0.1595  
        DIT_RELOOP:core/IDX_LOOP:idx1:mul:rg                                                                       mgc_mul_64_0_64_0_128_4                                                                    9.1863  9.3458  
        DIT_RELOOP:core/z.out#1                                                                                                                                                                               0.0000  9.3458  
        DIT_RELOOP:core/IDX_LOOP:slc(z.out#1)(8-0)                                                                                                                                                            0.0000  9.3458  
        DIT_RELOOP:core/IDX_LOOP:slc(z.out#1)(8-0).itm                                                                                                                                                        0.0000  9.3458  
        DIT_RELOOP:core/IDX_LOOP:idx1:acc                                                                          mgc_addc_9_0_9_0_9_4                                                                       0.6782  10.0241 
        DIT_RELOOP:core/IDX_LOOP:idx1:acc.psp.sva:mx0w0                                                                                                                                                       0.0000  10.0241 
        DIT_RELOOP:core/IDX_LOOP:idx1:conc                                                                                                                                                                    0.0000  10.0241 
        DIT_RELOOP:core/IDX_LOOP:idx1:conc.itm                                                                                                                                                                0.0000  10.0241 
        DIT_RELOOP:core/IDX_LOOP:idx2:acc                                                                          mgc_addc_10_0_10_0_10_4                                                                    0.7499  10.7739 
        DIT_RELOOP:core/IDX_LOOP:idx2(9:0).sva:mx0w0                                                                                                                                                          0.0000  10.7739 
        DIT_RELOOP:core/reg(IDX_LOOP:idx2(9:0))                                                                    mgc_reg_pos_10_0_0_1_1_1_1_4                                                               0.0000  10.7739 
                                                                                                                                                                                                                              
      
    Register Input and Register-to-Output Slack
      Clock period or pin-to-reg delay constraint (clk): 20.0
      Clock uncertainty constraint (clk)               : 0.0
      
      Instance                                                 Port                                                 Slack (Delay) Messages 
      -------------------------------------------------------- -------------------------------------------------- ------- ------- --------
      DIT_RELOOP:core/reg(STAGE_LOOP:i(3:0))                   STAGE_LOOP:i:STAGE_LOOP:i:mux.itm                  19.6363  0.3637          
      DIT_RELOOP:core/reg(p)                                   p:rsci.idat                                        20.0000  0.0000          
      DIT_RELOOP:core/reg(modulo_dev():cmp.m_rsc_dat)          p.sva                                              19.8721  0.1279          
      DIT_RELOOP:core/reg(ensig.cgo)                           or#18.rmff                                         19.8178  0.1822          
      DIT_RELOOP:core/reg(IDX_LOOP:IDX_LOOP:rem#1:cmp.a)       IDX_LOOP:mux#1.itm                                 10.5605  9.4395          
      DIT_RELOOP:core/reg(twiddle:rsc.triosy:obj.ld)           and#61.itm                                         19.3080  0.6920          
      DIT_RELOOP:core/reg(STAGE_LOOP:gp:lshift.psp)            z.out                                              18.8762  1.1238          
      DIT_RELOOP:core/reg(GROUP_LOOP:j(10:0).sva(9:0))         GROUP_LOOP:j:GROUP_LOOP:j:and.itm                  19.0600  0.9400          
      DIT_RELOOP:core/reg(STAGE_LOOP:op:rshift.psp#1)          STAGE_LOOP:op:rshift.itm                           19.7354  0.2646          
      DIT_RELOOP:core/reg(IDX_LOOP:t(10:0).sva(9:0))           IDX_LOOP:t:IDX_LOOP:t:and.itm                      19.0600  0.9400          
      DIT_RELOOP:core/reg(STAGE_LOOP:gp:acc.psp)               STAGE_LOOP:gp:slc(z.out#3)(3-0)#1.itm              19.0840  0.9160          
      DIT_RELOOP:core/reg(exit:IDX_LOOP)                       IDX_LOOP:not.itm                                   18.2563  1.7437          
      DIT_RELOOP:core/reg(IDX_LOOP:idx1:acc.psp)               IDX_LOOP:idx1:acc.psp.sva:mx0w0                     9.1640 10.8360          
      DIT_RELOOP:core/reg(IDX_LOOP:t:slc(IDX_LOOP:t(10:0))(0)) IDX_LOOP:t:slc(IDX_LOOP:t(10:0).sva(9:0))(0)#1.itm 19.9130  0.0870          
      DIT_RELOOP:core/reg(IDX_LOOP:idx2(9:0))                  IDX_LOOP:idx2(9:0).sva:mx0w0                        9.1640 10.8360          
      DIT_RELOOP:core/reg(IDX_LOOP:asn)                        twiddle:rsci.q_d                                   19.5000  0.5000          
      DIT_RELOOP:core/reg(IDX_LOOP:acc#3)                      IDX_LOOP:f1:mux1h.itm                              14.7548  5.2452          
      DIT_RELOOP:core/reg(IDX_LOOP:mul.mut)                    z.out#1                                             9.1640 10.8360          
      DIT_RELOOP                                               vec:rsc.radr                                        9.1540 10.8460          
      DIT_RELOOP                                               vec:rsc.re                                         19.9585  0.0415          
      DIT_RELOOP                                               vec:rsc.wadr                                       19.8410  0.1590          
      DIT_RELOOP                                               vec:rsc.d                                           5.6177 14.3823          
      DIT_RELOOP                                               vec:rsc.we                                         19.9585  0.0415          
      DIT_RELOOP                                               vec:rsc.triosy.lz                                  19.9130  0.0870          
      DIT_RELOOP                                               p:rsc.triosy.lz                                    19.9130  0.0870          
      DIT_RELOOP                                               r:rsc.triosy.lz                                    19.9130  0.0870          
      DIT_RELOOP                                               twiddle:rsc.radr                                   18.8662  1.1338          
      DIT_RELOOP                                               twiddle:rsc.re                                     19.9900  0.0100          
      DIT_RELOOP                                               twiddle:rsc.triosy.lz                              19.9130  0.0870          
      
  Operator Bitwidth Summary
    Operation                                       Size (bits) Count 
    ----------------------------------------------- ----------- -----
    add                                                               
    -                                                         9     1 
    -                                                        64     2 
    -                                                         5     1 
    -                                                         4     1 
    -                                                        11     2 
    -                                                        10     1 
    and                                                               
    -                                                        10     2 
    -                                                         1     2 
    lshift                                                            
    -                                                        10     1 
    modulo_dev_0dc217f8ce5f309b848fa994f59fa3f66234                   
    -                                                        64     1 
    mul                                                               
    -                                                       128     1 
    mux                                                               
    -                                                        64     4 
    -                                                         4     2 
    -                                                       128     1 
    -                                                        10     4 
    mux1h                                                             
    -                                                        64     1 
    -                                                        10     1 
    nor                                                               
    -                                                         1     2 
    not                                                               
    -                                                        64     1 
    -                                                         4     1 
    -                                                        10     2 
    -                                                         1    10 
    or                                                                
    -                                                         1     9 
    read_port                                                         
    -                                                        64     1 
    read_sync                                                         
    -                                                         0     4 
    reg                                                               
    -                                                         9     1 
    -                                                        64     4 
    -                                                         4     2 
    -                                                       128     2 
    -                                                        10     5 
    -                                                         1     4 
    rem                                                               
    -                                                        64     1 
    rshift                                                            
    -                                                        10     1 
    
  End of Report
