+-----------------------------------------------------------------------------------+
|                                                                                   |
| Generated by SLEC-design-checking-10.5c/892744  (Aug 23 2020)  linux64  S2008232321|
| on Sun Sep 12 00:00:16 2021.                                                      |
|                                                                                   |
| Restrictions concerning the use of Mentor Graphics Corporation SLEC               |
| are covered in the license agreement. Distribution to third party                 |
| is strictly prohibited.                                                           |
|                                                                                   |
+-----------------------------------------------------------------------------------+

Time       13 s. : # FALSIFIED   (13 sec) # check_properties -prop -list spec.prop_ovf_spec_wrapper_ln44 ; # ( ovf ) (l1=1, l2=0) /home/jd4691/research/NTT_CPU/peaseNTT_nocpy/Catapult_2_1/peaseNTT.v4/CDesignChecker/calypto/
----------------------------------------------------------------------------------------------------------------

Time       13 s. : # FALSIFIED   (13 sec) # check_properties -prop -list spec.prop_ovf_spec_wrapper_ln43 ; # ( ovf ) (l1=1, l2=0) /home/jd4691/research/NTT_CPU/peaseNTT_nocpy/Catapult_2_1/peaseNTT.v4/CDesignChecker/calypto/
----------------------------------------------------------------------------------------------------------------

Time       13 s. : # FALSIFIED   (13 sec) # check_properties -prop -list spec.prop_ovf_spec_wrapper_ln42 ; # ( ovf ) (l1=1, l2=0) /home/jd4691/research/NTT_CPU/peaseNTT_nocpy/Catapult_2_1/peaseNTT.v4/CDesignChecker/calypto/
----------------------------------------------------------------------------------------------------------------

Time       13 s. : # FALSIFIED   (13 sec) # check_properties -prop -list spec.prop_ovf_spec_wrapper_ln41 ; # ( ovf ) (l1=1, l2=0) /home/jd4691/research/NTT_CPU/peaseNTT_nocpy/Catapult_2_1/peaseNTT.v4/CDesignChecker/calypto/
----------------------------------------------------------------------------------------------------------------

Time       13 s. : # FALSIFIED   (13 sec) # check_properties -prop -list spec.prop_ovf_spec_wrapper_ln89 ; # ( ovf ) (l1=1, l2=0) /home/jd4691/research/NTT_CPU/peaseNTT_nocpy/Catapult_2_1/peaseNTT.v4/CDesignChecker/calypto/
----------------------------------------------------------------------------------------------------------------

Time       13 s. : # FALSIFIED   (13 sec) # check_properties -prop -list spec.prop_ovf_spec_wrapper_ln65 ; # ( ovf ) (l1=1, l2=0) /home/jd4691/research/NTT_CPU/peaseNTT_nocpy/Catapult_2_1/peaseNTT.v4/CDesignChecker/calypto/
----------------------------------------------------------------------------------------------------------------

Time       13 s. : # FALSIFIED   (13 sec) # check_properties -prop -list spec.prop_ovf_spec_wrapper_ln66 ; # ( ovf ) (l1=1, l2=0) /home/jd4691/research/NTT_CPU/peaseNTT_nocpy/Catapult_2_1/peaseNTT.v4/CDesignChecker/calypto/
----------------------------------------------------------------------------------------------------------------

Time       14 s. : ### BEGIN State Check
Time       14 s. : ### END State Check
Time       18 s. : ### BEGIN Induct Init Checks
Time       18 s. : # PROVEN      (18 sec) # create_map -intermediate spec.Calypto_transaction_done  impl.dummy_impl_out  -valid impl.cc_const_value_1u_h0_impl ; # (1 bit unsigned, 1 bit unsigned) (l1=0, l2=0, lv=0, ind=0) /home/jd4691/research/NTT_CPU/peaseNTT_nocpy/Catapult_2_1/peaseNTT.v4/CDesignChecker/calypto/
----------------------------------------------------------------------------------------------------------------

Time       18 s. : ### END Induct Init Checks
Time       18 s. : # PROVEN      (18 sec) # create_map -intermediate spec.Calypto_transaction_done  impl.dummy_impl_out  -valid impl.cc_const_value_1u_h0_impl ; # (1 bit unsigned, 1 bit unsigned) (l1=1, l2=1, lv=1, ind=1) /home/jd4691/research/NTT_CPU/peaseNTT_nocpy/Catapult_2_1/peaseNTT.v4/CDesignChecker/calypto/
----------------------------------------------------------------------------------------------------------------

Time       18 s. : # ATTEMPTING  (18 sec) # check_properties -prop -list spec.prop_ovf_spec_wrapper_ln76_1 ; # ( ovf ) (l1=1, l2=0) /home/jd4691/research/NTT_CPU/peaseNTT_nocpy/Catapult_2_1/peaseNTT.v4/CDesignChecker/calypto/seqsat-----0.v

Time       20 s. : # ABORTED     (20 sec) # check_properties -prop -list spec.prop_ovf_spec_wrapper_ln76_1 ; # ( ovf ) (l1=1, l2=0) /home/jd4691/research/NTT_CPU/peaseNTT_nocpy/Catapult_2_1/peaseNTT.v4/CDesignChecker/calypto/seqsat-----0.v
----------------------------------------------------------------------------------------------------------------

Time       20 s. : # ATTEMPTING  (20 sec) # check_properties -prop -list spec.prop_ovf_spec_wrapper_ln75_1 ; # ( ovf ) (l1=1, l2=0) /home/jd4691/research/NTT_CPU/peaseNTT_nocpy/Catapult_2_1/peaseNTT.v4/CDesignChecker/calypto/seqsat-----0.v

Time       22 s. : # ABORTED     (22 sec) # check_properties -prop -list spec.prop_ovf_spec_wrapper_ln75_1 ; # ( ovf ) (l1=1, l2=0) /home/jd4691/research/NTT_CPU/peaseNTT_nocpy/Catapult_2_1/peaseNTT.v4/CDesignChecker/calypto/seqsat-----0.v
----------------------------------------------------------------------------------------------------------------

Time       22 s. : # ATTEMPTING  (22 sec) # check_properties -prop -list spec.prop_ovf_spec_wrapper_ln46_3 ; # ( ovf ) (l1=1, l2=0) /home/jd4691/research/NTT_CPU/peaseNTT_nocpy/Catapult_2_1/peaseNTT.v4/CDesignChecker/calypto/seqsat-----0.v

Time       24 s. : # PROVEN      (24 sec) # check_properties -prop -list spec.prop_ovf_spec_wrapper_ln46_3 ; # ( ovf ) (l1=1, l2=0) /home/jd4691/research/NTT_CPU/peaseNTT_nocpy/Catapult_2_1/peaseNTT.v4/CDesignChecker/calypto/seqsat-----0.v
----------------------------------------------------------------------------------------------------------------

Time       24 s. : # ATTEMPTING  (24 sec) # check_properties -prop -list spec.prop_ovf_spec_wrapper_ln44_3 ; # ( ovf ) (l1=1, l2=0) /home/jd4691/research/NTT_CPU/peaseNTT_nocpy/Catapult_2_1/peaseNTT.v4/CDesignChecker/calypto/seqsat-----0.v

Time       25 s. : # ABORTED     (25 sec) # check_properties -prop -list spec.prop_ovf_spec_wrapper_ln44_3 ; # ( ovf ) (l1=1, l2=0) /home/jd4691/research/NTT_CPU/peaseNTT_nocpy/Catapult_2_1/peaseNTT.v4/CDesignChecker/calypto/seqsat-----0.v
----------------------------------------------------------------------------------------------------------------

Time       25 s. : # ATTEMPTING  (25 sec) # check_properties -prop -list spec.prop_ovf_spec_wrapper_ln43_3 ; # ( ovf ) (l1=1, l2=0) /home/jd4691/research/NTT_CPU/peaseNTT_nocpy/Catapult_2_1/peaseNTT.v4/CDesignChecker/calypto/seqsat-----0.v

Time       27 s. : # ABORTED     (27 sec) # check_properties -prop -list spec.prop_ovf_spec_wrapper_ln43_3 ; # ( ovf ) (l1=1, l2=0) /home/jd4691/research/NTT_CPU/peaseNTT_nocpy/Catapult_2_1/peaseNTT.v4/CDesignChecker/calypto/seqsat-----0.v
----------------------------------------------------------------------------------------------------------------

Time       27 s. : # ATTEMPTING  (27 sec) # check_properties -prop -list spec.prop_ovf_spec_wrapper_ln42_3 ; # ( ovf ) (l1=1, l2=0) /home/jd4691/research/NTT_CPU/peaseNTT_nocpy/Catapult_2_1/peaseNTT.v4/CDesignChecker/calypto/seqsat-----0.v

Time       29 s. : # ABORTED     (29 sec) # check_properties -prop -list spec.prop_ovf_spec_wrapper_ln42_3 ; # ( ovf ) (l1=1, l2=0) /home/jd4691/research/NTT_CPU/peaseNTT_nocpy/Catapult_2_1/peaseNTT.v4/CDesignChecker/calypto/seqsat-----0.v
----------------------------------------------------------------------------------------------------------------

Time       29 s. : # ATTEMPTING  (29 sec) # check_properties -prop -list spec.prop_ovf_spec_wrapper_ln41_3 ; # ( ovf ) (l1=1, l2=0) /home/jd4691/research/NTT_CPU/peaseNTT_nocpy/Catapult_2_1/peaseNTT.v4/CDesignChecker/calypto/seqsat-----0.v

Time       31 s. : # ABORTED     (31 sec) # check_properties -prop -list spec.prop_ovf_spec_wrapper_ln41_3 ; # ( ovf ) (l1=1, l2=0) /home/jd4691/research/NTT_CPU/peaseNTT_nocpy/Catapult_2_1/peaseNTT.v4/CDesignChecker/calypto/seqsat-----0.v
----------------------------------------------------------------------------------------------------------------

Time       31 s. : # ATTEMPTING  (31 sec) # check_properties -prop -list spec.prop_ovf_spec_wrapper_ln162 ; # ( ovf ) (l1=1, l2=0) /home/jd4691/research/NTT_CPU/peaseNTT_nocpy/Catapult_2_1/peaseNTT.v4/CDesignChecker/calypto/seqsat-----0.v

Time       33 s. : # ABORTED     (33 sec) # check_properties -prop -list spec.prop_ovf_spec_wrapper_ln162 ; # ( ovf ) (l1=1, l2=0) /home/jd4691/research/NTT_CPU/peaseNTT_nocpy/Catapult_2_1/peaseNTT.v4/CDesignChecker/calypto/seqsat-----0.v
----------------------------------------------------------------------------------------------------------------

Time       33 s. : # ATTEMPTING  (33 sec) # check_properties -prop -list spec.prop_ovf_spec_wrapper_ln76 ; # ( ovf ) (l1=1, l2=0) /home/jd4691/research/NTT_CPU/peaseNTT_nocpy/Catapult_2_1/peaseNTT.v4/CDesignChecker/calypto/seqsat-----0.v

Time       34 s. : # ABORTED     (34 sec) # check_properties -prop -list spec.prop_ovf_spec_wrapper_ln76 ; # ( ovf ) (l1=1, l2=0) /home/jd4691/research/NTT_CPU/peaseNTT_nocpy/Catapult_2_1/peaseNTT.v4/CDesignChecker/calypto/seqsat-----0.v
----------------------------------------------------------------------------------------------------------------

Time       34 s. : # ATTEMPTING  (34 sec) # check_properties -prop -list spec.prop_ovf_spec_wrapper_ln75 ; # ( ovf ) (l1=1, l2=0) /home/jd4691/research/NTT_CPU/peaseNTT_nocpy/Catapult_2_1/peaseNTT.v4/CDesignChecker/calypto/seqsat-----0.v

Time       37 s. : # ABORTED     (37 sec) # check_properties -prop -list spec.prop_ovf_spec_wrapper_ln75 ; # ( ovf ) (l1=1, l2=0) /home/jd4691/research/NTT_CPU/peaseNTT_nocpy/Catapult_2_1/peaseNTT.v4/CDesignChecker/calypto/seqsat-----0.v
----------------------------------------------------------------------------------------------------------------

Time       37 s. : # ATTEMPTING  (37 sec) # check_properties -prop -list spec.prop_ovf_spec_wrapper_ln46_2 ; # ( ovf ) (l1=1, l2=0) /home/jd4691/research/NTT_CPU/peaseNTT_nocpy/Catapult_2_1/peaseNTT.v4/CDesignChecker/calypto/seqsat-----0.v

Time       37 s. : # PROVEN      (37 sec) # check_properties -prop -list spec.prop_ovf_spec_wrapper_ln46_2 ; # ( ovf ) (l1=1, l2=0) /home/jd4691/research/NTT_CPU/peaseNTT_nocpy/Catapult_2_1/peaseNTT.v4/CDesignChecker/calypto/seqsat-----0.v
----------------------------------------------------------------------------------------------------------------

Time       37 s. : # ATTEMPTING  (37 sec) # check_properties -prop -list spec.prop_ovf_spec_wrapper_ln44_2 ; # ( ovf ) (l1=1, l2=0) /home/jd4691/research/NTT_CPU/peaseNTT_nocpy/Catapult_2_1/peaseNTT.v4/CDesignChecker/calypto/seqsat-----0.v

Time       39 s. : # ABORTED     (39 sec) # check_properties -prop -list spec.prop_ovf_spec_wrapper_ln44_2 ; # ( ovf ) (l1=1, l2=0) /home/jd4691/research/NTT_CPU/peaseNTT_nocpy/Catapult_2_1/peaseNTT.v4/CDesignChecker/calypto/seqsat-----0.v
----------------------------------------------------------------------------------------------------------------

Time       39 s. : # ATTEMPTING  (39 sec) # check_properties -prop -list spec.prop_ovf_spec_wrapper_ln43_2 ; # ( ovf ) (l1=1, l2=0) /home/jd4691/research/NTT_CPU/peaseNTT_nocpy/Catapult_2_1/peaseNTT.v4/CDesignChecker/calypto/seqsat-----0.v

Time       40 s. : # ABORTED     (40 sec) # check_properties -prop -list spec.prop_ovf_spec_wrapper_ln43_2 ; # ( ovf ) (l1=1, l2=0) /home/jd4691/research/NTT_CPU/peaseNTT_nocpy/Catapult_2_1/peaseNTT.v4/CDesignChecker/calypto/seqsat-----0.v
----------------------------------------------------------------------------------------------------------------

Time       40 s. : # ATTEMPTING  (40 sec) # check_properties -prop -list spec.prop_ovf_spec_wrapper_ln42_2 ; # ( ovf ) (l1=1, l2=0) /home/jd4691/research/NTT_CPU/peaseNTT_nocpy/Catapult_2_1/peaseNTT.v4/CDesignChecker/calypto/seqsat-----0.v

Time       42 s. : # ABORTED     (42 sec) # check_properties -prop -list spec.prop_ovf_spec_wrapper_ln42_2 ; # ( ovf ) (l1=1, l2=0) /home/jd4691/research/NTT_CPU/peaseNTT_nocpy/Catapult_2_1/peaseNTT.v4/CDesignChecker/calypto/seqsat-----0.v
----------------------------------------------------------------------------------------------------------------

Time       42 s. : # ATTEMPTING  (42 sec) # check_properties -prop -list spec.prop_ovf_spec_wrapper_ln41_2 ; # ( ovf ) (l1=1, l2=0) /home/jd4691/research/NTT_CPU/peaseNTT_nocpy/Catapult_2_1/peaseNTT.v4/CDesignChecker/calypto/seqsat-----0.v

Time       43 s. : # ABORTED     (43 sec) # check_properties -prop -list spec.prop_ovf_spec_wrapper_ln41_2 ; # ( ovf ) (l1=1, l2=0) /home/jd4691/research/NTT_CPU/peaseNTT_nocpy/Catapult_2_1/peaseNTT.v4/CDesignChecker/calypto/seqsat-----0.v
----------------------------------------------------------------------------------------------------------------

Time       43 s. : # ATTEMPTING  (43 sec) # check_properties -prop -list spec.prop_ovf_spec_wrapper_ln140 ; # ( ovf ) (l1=1, l2=0) /home/jd4691/research/NTT_CPU/peaseNTT_nocpy/Catapult_2_1/peaseNTT.v4/CDesignChecker/calypto/seqsat-----0.v

Time       45 s. : # ABORTED     (45 sec) # check_properties -prop -list spec.prop_ovf_spec_wrapper_ln140 ; # ( ovf ) (l1=1, l2=0) /home/jd4691/research/NTT_CPU/peaseNTT_nocpy/Catapult_2_1/peaseNTT.v4/CDesignChecker/calypto/seqsat-----0.v
----------------------------------------------------------------------------------------------------------------

Time       45 s. : # ATTEMPTING  (45 sec) # check_properties -prop -list spec.prop_ovf_spec_wrapper_ln66_1 ; # ( ovf ) (l1=1, l2=0) /home/jd4691/research/NTT_CPU/peaseNTT_nocpy/Catapult_2_1/peaseNTT.v4/CDesignChecker/calypto/seqsat-----0.v

Time       47 s. : # ABORTED     (47 sec) # check_properties -prop -list spec.prop_ovf_spec_wrapper_ln66_1 ; # ( ovf ) (l1=1, l2=0) /home/jd4691/research/NTT_CPU/peaseNTT_nocpy/Catapult_2_1/peaseNTT.v4/CDesignChecker/calypto/seqsat-----0.v
----------------------------------------------------------------------------------------------------------------

Time       47 s. : # ATTEMPTING  (47 sec) # check_properties -prop -list spec.prop_ovf_spec_wrapper_ln65_1 ; # ( ovf ) (l1=1, l2=0) /home/jd4691/research/NTT_CPU/peaseNTT_nocpy/Catapult_2_1/peaseNTT.v4/CDesignChecker/calypto/seqsat-----0.v

Time       49 s. : # ABORTED     (49 sec) # check_properties -prop -list spec.prop_ovf_spec_wrapper_ln65_1 ; # ( ovf ) (l1=1, l2=0) /home/jd4691/research/NTT_CPU/peaseNTT_nocpy/Catapult_2_1/peaseNTT.v4/CDesignChecker/calypto/seqsat-----0.v
----------------------------------------------------------------------------------------------------------------

Time       49 s. : # ATTEMPTING  (49 sec) # check_properties -prop -list spec.prop_ovf_spec_wrapper_ln46_1 ; # ( ovf ) (l1=1, l2=0) /home/jd4691/research/NTT_CPU/peaseNTT_nocpy/Catapult_2_1/peaseNTT.v4/CDesignChecker/calypto/seqsat-----0.v

Time       49 s. : # PROVEN      (49 sec) # check_properties -prop -list spec.prop_ovf_spec_wrapper_ln46_1 ; # ( ovf ) (l1=1, l2=0) /home/jd4691/research/NTT_CPU/peaseNTT_nocpy/Catapult_2_1/peaseNTT.v4/CDesignChecker/calypto/seqsat-----0.v
----------------------------------------------------------------------------------------------------------------

Time       49 s. : # ATTEMPTING  (49 sec) # check_properties -prop -list spec.prop_ovf_spec_wrapper_ln44_1 ; # ( ovf ) (l1=1, l2=0) /home/jd4691/research/NTT_CPU/peaseNTT_nocpy/Catapult_2_1/peaseNTT.v4/CDesignChecker/calypto/seqsat-----0.v

Time       51 s. : # ABORTED     (51 sec) # check_properties -prop -list spec.prop_ovf_spec_wrapper_ln44_1 ; # ( ovf ) (l1=1, l2=0) /home/jd4691/research/NTT_CPU/peaseNTT_nocpy/Catapult_2_1/peaseNTT.v4/CDesignChecker/calypto/seqsat-----0.v
----------------------------------------------------------------------------------------------------------------

Time       51 s. : # ATTEMPTING  (51 sec) # check_properties -prop -list spec.prop_ovf_spec_wrapper_ln43_1 ; # ( ovf ) (l1=1, l2=0) /home/jd4691/research/NTT_CPU/peaseNTT_nocpy/Catapult_2_1/peaseNTT.v4/CDesignChecker/calypto/seqsat-----0.v

Time       53 s. : # ABORTED     (53 sec) # check_properties -prop -list spec.prop_ovf_spec_wrapper_ln43_1 ; # ( ovf ) (l1=1, l2=0) /home/jd4691/research/NTT_CPU/peaseNTT_nocpy/Catapult_2_1/peaseNTT.v4/CDesignChecker/calypto/seqsat-----0.v
----------------------------------------------------------------------------------------------------------------

Time       53 s. : # ATTEMPTING  (53 sec) # check_properties -prop -list spec.prop_ovf_spec_wrapper_ln42_1 ; # ( ovf ) (l1=1, l2=0) /home/jd4691/research/NTT_CPU/peaseNTT_nocpy/Catapult_2_1/peaseNTT.v4/CDesignChecker/calypto/seqsat-----0.v

Time       55 s. : # ABORTED     (55 sec) # check_properties -prop -list spec.prop_ovf_spec_wrapper_ln42_1 ; # ( ovf ) (l1=1, l2=0) /home/jd4691/research/NTT_CPU/peaseNTT_nocpy/Catapult_2_1/peaseNTT.v4/CDesignChecker/calypto/seqsat-----0.v
----------------------------------------------------------------------------------------------------------------

Time       55 s. : # ATTEMPTING  (55 sec) # check_properties -prop -list spec.prop_ovf_spec_wrapper_ln41_1 ; # ( ovf ) (l1=1, l2=0) /home/jd4691/research/NTT_CPU/peaseNTT_nocpy/Catapult_2_1/peaseNTT.v4/CDesignChecker/calypto/seqsat-----0.v

Time       57 s. : # ABORTED     (57 sec) # check_properties -prop -list spec.prop_ovf_spec_wrapper_ln41_1 ; # ( ovf ) (l1=1, l2=0) /home/jd4691/research/NTT_CPU/peaseNTT_nocpy/Catapult_2_1/peaseNTT.v4/CDesignChecker/calypto/seqsat-----0.v
----------------------------------------------------------------------------------------------------------------

Time       57 s. : # ATTEMPTING  (57 sec) # check_properties -prop -list spec.prop_ovf_spec_wrapper_ln114 ; # ( ovf ) (l1=1, l2=0) /home/jd4691/research/NTT_CPU/peaseNTT_nocpy/Catapult_2_1/peaseNTT.v4/CDesignChecker/calypto/seqsat-----0.v

Time       57 s. : # FALSIFIED   (57 sec) # check_properties -prop -list spec.prop_ovf_spec_wrapper_ln114 ; # ( ovf ) (l1=1, l2=0) /home/jd4691/research/NTT_CPU/peaseNTT_nocpy/Catapult_2_1/peaseNTT.v4/CDesignChecker/calypto/seqsat-----0.v
----------------------------------------------------------------------------------------------------------------

Time       57 s. : # ATTEMPTING  (57 sec) # check_properties -prop -list spec.prop_ovf_spec_wrapper_ln46 ; # ( ovf ) (l1=1, l2=0) /home/jd4691/research/NTT_CPU/peaseNTT_nocpy/Catapult_2_1/peaseNTT.v4/CDesignChecker/calypto/seqsat-----0.v

Time       57 s. : # PROVEN      (57 sec) # check_properties -prop -list spec.prop_ovf_spec_wrapper_ln46 ; # ( ovf ) (l1=1, l2=0) /home/jd4691/research/NTT_CPU/peaseNTT_nocpy/Catapult_2_1/peaseNTT.v4/CDesignChecker/calypto/seqsat-----0.v
----------------------------------------------------------------------------------------------------------------

Time       57 s. : # ATTEMPTING  (57 sec) # check_properties -prop -list spec.prop_ovf_spec_wrapper_ln76_1 ; # ( ovf ) (l1=1, l2=0) /home/jd4691/research/NTT_CPU/peaseNTT_nocpy/Catapult_2_1/peaseNTT.v4/CDesignChecker/calypto/seqsat-----0.v

Time       62 s. : # ABORTED     (62 sec) # check_properties -prop -list spec.prop_ovf_spec_wrapper_ln76_1 ; # ( ovf ) (l1=1, l2=0) /home/jd4691/research/NTT_CPU/peaseNTT_nocpy/Catapult_2_1/peaseNTT.v4/CDesignChecker/calypto/seqsat-----0.v
----------------------------------------------------------------------------------------------------------------

Time       62 s. : # ATTEMPTING  (62 sec) # check_properties -prop -list spec.prop_ovf_spec_wrapper_ln75_1 ; # ( ovf ) (l1=1, l2=0) /home/jd4691/research/NTT_CPU/peaseNTT_nocpy/Catapult_2_1/peaseNTT.v4/CDesignChecker/calypto/seqsat-----0.v

Time       67 s. : # ABORTED     (67 sec) # check_properties -prop -list spec.prop_ovf_spec_wrapper_ln75_1 ; # ( ovf ) (l1=1, l2=0) /home/jd4691/research/NTT_CPU/peaseNTT_nocpy/Catapult_2_1/peaseNTT.v4/CDesignChecker/calypto/seqsat-----0.v
----------------------------------------------------------------------------------------------------------------

Time       67 s. : # ATTEMPTING  (67 sec) # check_properties -prop -list spec.prop_ovf_spec_wrapper_ln44_3 ; # ( ovf ) (l1=1, l2=0) /home/jd4691/research/NTT_CPU/peaseNTT_nocpy/Catapult_2_1/peaseNTT.v4/CDesignChecker/calypto/seqsat-----0.v

Time       72 s. : # ABORTED     (72 sec) # check_properties -prop -list spec.prop_ovf_spec_wrapper_ln44_3 ; # ( ovf ) (l1=1, l2=0) /home/jd4691/research/NTT_CPU/peaseNTT_nocpy/Catapult_2_1/peaseNTT.v4/CDesignChecker/calypto/seqsat-----0.v
----------------------------------------------------------------------------------------------------------------

Time       72 s. : # ATTEMPTING  (72 sec) # check_properties -prop -list spec.prop_ovf_spec_wrapper_ln43_3 ; # ( ovf ) (l1=1, l2=0) /home/jd4691/research/NTT_CPU/peaseNTT_nocpy/Catapult_2_1/peaseNTT.v4/CDesignChecker/calypto/seqsat-----0.v

Time       77 s. : # ABORTED     (77 sec) # check_properties -prop -list spec.prop_ovf_spec_wrapper_ln43_3 ; # ( ovf ) (l1=1, l2=0) /home/jd4691/research/NTT_CPU/peaseNTT_nocpy/Catapult_2_1/peaseNTT.v4/CDesignChecker/calypto/seqsat-----0.v
----------------------------------------------------------------------------------------------------------------

Time       77 s. : # ATTEMPTING  (77 sec) # check_properties -prop -list spec.prop_ovf_spec_wrapper_ln42_3 ; # ( ovf ) (l1=1, l2=0) /home/jd4691/research/NTT_CPU/peaseNTT_nocpy/Catapult_2_1/peaseNTT.v4/CDesignChecker/calypto/seqsat-----0.v

Time       83 s. : # ABORTED     (83 sec) # check_properties -prop -list spec.prop_ovf_spec_wrapper_ln42_3 ; # ( ovf ) (l1=1, l2=0) /home/jd4691/research/NTT_CPU/peaseNTT_nocpy/Catapult_2_1/peaseNTT.v4/CDesignChecker/calypto/seqsat-----0.v
----------------------------------------------------------------------------------------------------------------

Time       83 s. : # ATTEMPTING  (83 sec) # check_properties -prop -list spec.prop_ovf_spec_wrapper_ln41_3 ; # ( ovf ) (l1=1, l2=0) /home/jd4691/research/NTT_CPU/peaseNTT_nocpy/Catapult_2_1/peaseNTT.v4/CDesignChecker/calypto/seqsat-----0.v

Time       88 s. : # ABORTED     (88 sec) # check_properties -prop -list spec.prop_ovf_spec_wrapper_ln41_3 ; # ( ovf ) (l1=1, l2=0) /home/jd4691/research/NTT_CPU/peaseNTT_nocpy/Catapult_2_1/peaseNTT.v4/CDesignChecker/calypto/seqsat-----0.v
----------------------------------------------------------------------------------------------------------------

Time       88 s. : # ATTEMPTING  (88 sec) # check_properties -prop -list spec.prop_ovf_spec_wrapper_ln162 ; # ( ovf ) (l1=1, l2=0) /home/jd4691/research/NTT_CPU/peaseNTT_nocpy/Catapult_2_1/peaseNTT.v4/CDesignChecker/calypto/seqsat-----0.v

Time       89 s. : # FALSIFIED   (89 sec) # check_properties -prop -list spec.prop_ovf_spec_wrapper_ln162 ; # ( ovf ) (l1=1, l2=0) /home/jd4691/research/NTT_CPU/peaseNTT_nocpy/Catapult_2_1/peaseNTT.v4/CDesignChecker/calypto/seqsat-----0.v
----------------------------------------------------------------------------------------------------------------

Time       89 s. : # ATTEMPTING  (89 sec) # check_properties -prop -list spec.prop_ovf_spec_wrapper_ln76 ; # ( ovf ) (l1=1, l2=0) /home/jd4691/research/NTT_CPU/peaseNTT_nocpy/Catapult_2_1/peaseNTT.v4/CDesignChecker/calypto/seqsat-----0.v

Time       94 s. : # ABORTED     (94 sec) # check_properties -prop -list spec.prop_ovf_spec_wrapper_ln76 ; # ( ovf ) (l1=1, l2=0) /home/jd4691/research/NTT_CPU/peaseNTT_nocpy/Catapult_2_1/peaseNTT.v4/CDesignChecker/calypto/seqsat-----0.v
----------------------------------------------------------------------------------------------------------------

Time       94 s. : # ATTEMPTING  (94 sec) # check_properties -prop -list spec.prop_ovf_spec_wrapper_ln75 ; # ( ovf ) (l1=1, l2=0) /home/jd4691/research/NTT_CPU/peaseNTT_nocpy/Catapult_2_1/peaseNTT.v4/CDesignChecker/calypto/seqsat-----0.v

Time       99 s. : # ABORTED     (99 sec) # check_properties -prop -list spec.prop_ovf_spec_wrapper_ln75 ; # ( ovf ) (l1=1, l2=0) /home/jd4691/research/NTT_CPU/peaseNTT_nocpy/Catapult_2_1/peaseNTT.v4/CDesignChecker/calypto/seqsat-----0.v
----------------------------------------------------------------------------------------------------------------

Time       99 s. : # ATTEMPTING  (99 sec) # check_properties -prop -list spec.prop_ovf_spec_wrapper_ln44_2 ; # ( ovf ) (l1=1, l2=0) /home/jd4691/research/NTT_CPU/peaseNTT_nocpy/Catapult_2_1/peaseNTT.v4/CDesignChecker/calypto/seqsat-----0.v

Time      104 s. : # ABORTED     (104 sec) # check_properties -prop -list spec.prop_ovf_spec_wrapper_ln44_2 ; # ( ovf ) (l1=1, l2=0) /home/jd4691/research/NTT_CPU/peaseNTT_nocpy/Catapult_2_1/peaseNTT.v4/CDesignChecker/calypto/seqsat-----0.v
----------------------------------------------------------------------------------------------------------------

Time      104 s. : # ATTEMPTING  (104 sec) # check_properties -prop -list spec.prop_ovf_spec_wrapper_ln43_2 ; # ( ovf ) (l1=1, l2=0) /home/jd4691/research/NTT_CPU/peaseNTT_nocpy/Catapult_2_1/peaseNTT.v4/CDesignChecker/calypto/seqsat-----0.v

Time      109 s. : # ABORTED     (109 sec) # check_properties -prop -list spec.prop_ovf_spec_wrapper_ln43_2 ; # ( ovf ) (l1=1, l2=0) /home/jd4691/research/NTT_CPU/peaseNTT_nocpy/Catapult_2_1/peaseNTT.v4/CDesignChecker/calypto/seqsat-----0.v
----------------------------------------------------------------------------------------------------------------

Time      109 s. : # ATTEMPTING  (109 sec) # check_properties -prop -list spec.prop_ovf_spec_wrapper_ln42_2 ; # ( ovf ) (l1=1, l2=0) /home/jd4691/research/NTT_CPU/peaseNTT_nocpy/Catapult_2_1/peaseNTT.v4/CDesignChecker/calypto/seqsat-----0.v

Time      114 s. : # ABORTED     (114 sec) # check_properties -prop -list spec.prop_ovf_spec_wrapper_ln42_2 ; # ( ovf ) (l1=1, l2=0) /home/jd4691/research/NTT_CPU/peaseNTT_nocpy/Catapult_2_1/peaseNTT.v4/CDesignChecker/calypto/seqsat-----0.v
----------------------------------------------------------------------------------------------------------------

Time      115 s. : # ATTEMPTING  (115 sec) # check_properties -prop -list spec.prop_ovf_spec_wrapper_ln41_2 ; # ( ovf ) (l1=1, l2=0) /home/jd4691/research/NTT_CPU/peaseNTT_nocpy/Catapult_2_1/peaseNTT.v4/CDesignChecker/calypto/seqsat-----0.v

Time      119 s. : # ABORTED     (119 sec) # check_properties -prop -list spec.prop_ovf_spec_wrapper_ln41_2 ; # ( ovf ) (l1=1, l2=0) /home/jd4691/research/NTT_CPU/peaseNTT_nocpy/Catapult_2_1/peaseNTT.v4/CDesignChecker/calypto/seqsat-----0.v
----------------------------------------------------------------------------------------------------------------

Time      119 s. : # ATTEMPTING  (119 sec) # check_properties -prop -list spec.prop_ovf_spec_wrapper_ln66_1 ; # ( ovf ) (l1=1, l2=0) /home/jd4691/research/NTT_CPU/peaseNTT_nocpy/Catapult_2_1/peaseNTT.v4/CDesignChecker/calypto/seqsat-----0.v

Time      124 s. : # ABORTED     (124 sec) # check_properties -prop -list spec.prop_ovf_spec_wrapper_ln66_1 ; # ( ovf ) (l1=1, l2=0) /home/jd4691/research/NTT_CPU/peaseNTT_nocpy/Catapult_2_1/peaseNTT.v4/CDesignChecker/calypto/seqsat-----0.v
----------------------------------------------------------------------------------------------------------------

Time      124 s. : # ATTEMPTING  (124 sec) # check_properties -prop -list spec.prop_ovf_spec_wrapper_ln65_1 ; # ( ovf ) (l1=1, l2=0) /home/jd4691/research/NTT_CPU/peaseNTT_nocpy/Catapult_2_1/peaseNTT.v4/CDesignChecker/calypto/seqsat-----0.v

Time      129 s. : # ABORTED     (129 sec) # check_properties -prop -list spec.prop_ovf_spec_wrapper_ln65_1 ; # ( ovf ) (l1=1, l2=0) /home/jd4691/research/NTT_CPU/peaseNTT_nocpy/Catapult_2_1/peaseNTT.v4/CDesignChecker/calypto/seqsat-----0.v
----------------------------------------------------------------------------------------------------------------

Time      129 s. : # ATTEMPTING  (129 sec) # check_properties -prop -list spec.prop_ovf_spec_wrapper_ln44_1 ; # ( ovf ) (l1=1, l2=0) /home/jd4691/research/NTT_CPU/peaseNTT_nocpy/Catapult_2_1/peaseNTT.v4/CDesignChecker/calypto/seqsat-----0.v

Time      134 s. : # ABORTED     (134 sec) # check_properties -prop -list spec.prop_ovf_spec_wrapper_ln44_1 ; # ( ovf ) (l1=1, l2=0) /home/jd4691/research/NTT_CPU/peaseNTT_nocpy/Catapult_2_1/peaseNTT.v4/CDesignChecker/calypto/seqsat-----0.v
----------------------------------------------------------------------------------------------------------------

Time      134 s. : # ATTEMPTING  (134 sec) # check_properties -prop -list spec.prop_ovf_spec_wrapper_ln43_1 ; # ( ovf ) (l1=1, l2=0) /home/jd4691/research/NTT_CPU/peaseNTT_nocpy/Catapult_2_1/peaseNTT.v4/CDesignChecker/calypto/seqsat-----0.v

Time      138 s. : # ABORTED     (138 sec) # check_properties -prop -list spec.prop_ovf_spec_wrapper_ln43_1 ; # ( ovf ) (l1=1, l2=0) /home/jd4691/research/NTT_CPU/peaseNTT_nocpy/Catapult_2_1/peaseNTT.v4/CDesignChecker/calypto/seqsat-----0.v
----------------------------------------------------------------------------------------------------------------

Time      138 s. : # ATTEMPTING  (138 sec) # check_properties -prop -list spec.prop_ovf_spec_wrapper_ln42_1 ; # ( ovf ) (l1=1, l2=0) /home/jd4691/research/NTT_CPU/peaseNTT_nocpy/Catapult_2_1/peaseNTT.v4/CDesignChecker/calypto/seqsat-----0.v

Time      143 s. : # ABORTED     (143 sec) # check_properties -prop -list spec.prop_ovf_spec_wrapper_ln42_1 ; # ( ovf ) (l1=1, l2=0) /home/jd4691/research/NTT_CPU/peaseNTT_nocpy/Catapult_2_1/peaseNTT.v4/CDesignChecker/calypto/seqsat-----0.v
----------------------------------------------------------------------------------------------------------------

Time      143 s. : # ATTEMPTING  (143 sec) # check_properties -prop -list spec.prop_ovf_spec_wrapper_ln41_1 ; # ( ovf ) (l1=1, l2=0) /home/jd4691/research/NTT_CPU/peaseNTT_nocpy/Catapult_2_1/peaseNTT.v4/CDesignChecker/calypto/seqsat-----0.v

Time      148 s. : # ABORTED     (148 sec) # check_properties -prop -list spec.prop_ovf_spec_wrapper_ln41_1 ; # ( ovf ) (l1=1, l2=0) /home/jd4691/research/NTT_CPU/peaseNTT_nocpy/Catapult_2_1/peaseNTT.v4/CDesignChecker/calypto/seqsat-----0.v
----------------------------------------------------------------------------------------------------------------

Time      148 s. : # ATTEMPTING  (148 sec) # check_properties -prop -list spec.prop_ovf_spec_wrapper_ln76_1 ; # ( ovf ) (l1=1, l2=0) /home/jd4691/research/NTT_CPU/peaseNTT_nocpy/Catapult_2_1/peaseNTT.v4/CDesignChecker/calypto/seqsat-----0.v

Time      165 s. : # ABORTED     (165 sec) # check_properties -prop -list spec.prop_ovf_spec_wrapper_ln76_1 ; # ( ovf ) (l1=1, l2=0) /home/jd4691/research/NTT_CPU/peaseNTT_nocpy/Catapult_2_1/peaseNTT.v4/CDesignChecker/calypto/seqsat-----0.v
----------------------------------------------------------------------------------------------------------------

Time      165 s. : # ATTEMPTING  (165 sec) # check_properties -prop -list spec.prop_ovf_spec_wrapper_ln75_1 ; # ( ovf ) (l1=1, l2=0) /home/jd4691/research/NTT_CPU/peaseNTT_nocpy/Catapult_2_1/peaseNTT.v4/CDesignChecker/calypto/seqsat-----0.v

Time      182 s. : # ABORTED     (182 sec) # check_properties -prop -list spec.prop_ovf_spec_wrapper_ln75_1 ; # ( ovf ) (l1=1, l2=0) /home/jd4691/research/NTT_CPU/peaseNTT_nocpy/Catapult_2_1/peaseNTT.v4/CDesignChecker/calypto/seqsat-----0.v
----------------------------------------------------------------------------------------------------------------

Time      182 s. : # ATTEMPTING  (182 sec) # check_properties -prop -list spec.prop_ovf_spec_wrapper_ln44_3 ; # ( ovf ) (l1=1, l2=0) /home/jd4691/research/NTT_CPU/peaseNTT_nocpy/Catapult_2_1/peaseNTT.v4/CDesignChecker/calypto/seqsat-----0.v

Time      199 s. : # ABORTED     (199 sec) # check_properties -prop -list spec.prop_ovf_spec_wrapper_ln44_3 ; # ( ovf ) (l1=1, l2=0) /home/jd4691/research/NTT_CPU/peaseNTT_nocpy/Catapult_2_1/peaseNTT.v4/CDesignChecker/calypto/seqsat-----0.v
----------------------------------------------------------------------------------------------------------------

Time      199 s. : # ATTEMPTING  (199 sec) # check_properties -prop -list spec.prop_ovf_spec_wrapper_ln43_3 ; # ( ovf ) (l1=1, l2=0) /home/jd4691/research/NTT_CPU/peaseNTT_nocpy/Catapult_2_1/peaseNTT.v4/CDesignChecker/calypto/seqsat-----0.v

Time      216 s. : # ABORTED     (216 sec) # check_properties -prop -list spec.prop_ovf_spec_wrapper_ln43_3 ; # ( ovf ) (l1=1, l2=0) /home/jd4691/research/NTT_CPU/peaseNTT_nocpy/Catapult_2_1/peaseNTT.v4/CDesignChecker/calypto/seqsat-----0.v
----------------------------------------------------------------------------------------------------------------

Time      216 s. : # ATTEMPTING  (216 sec) # check_properties -prop -list spec.prop_ovf_spec_wrapper_ln42_3 ; # ( ovf ) (l1=1, l2=0) /home/jd4691/research/NTT_CPU/peaseNTT_nocpy/Catapult_2_1/peaseNTT.v4/CDesignChecker/calypto/seqsat-----0.v

Time      233 s. : # ABORTED     (233 sec) # check_properties -prop -list spec.prop_ovf_spec_wrapper_ln42_3 ; # ( ovf ) (l1=1, l2=0) /home/jd4691/research/NTT_CPU/peaseNTT_nocpy/Catapult_2_1/peaseNTT.v4/CDesignChecker/calypto/seqsat-----0.v
----------------------------------------------------------------------------------------------------------------

Time      233 s. : # ATTEMPTING  (233 sec) # check_properties -prop -list spec.prop_ovf_spec_wrapper_ln41_3 ; # ( ovf ) (l1=1, l2=0) /home/jd4691/research/NTT_CPU/peaseNTT_nocpy/Catapult_2_1/peaseNTT.v4/CDesignChecker/calypto/seqsat-----0.v

Time      250 s. : # ABORTED     (250 sec) # check_properties -prop -list spec.prop_ovf_spec_wrapper_ln41_3 ; # ( ovf ) (l1=1, l2=0) /home/jd4691/research/NTT_CPU/peaseNTT_nocpy/Catapult_2_1/peaseNTT.v4/CDesignChecker/calypto/seqsat-----0.v
----------------------------------------------------------------------------------------------------------------

Time      250 s. : # ATTEMPTING  (250 sec) # check_properties -prop -list spec.prop_ovf_spec_wrapper_ln76 ; # ( ovf ) (l1=1, l2=0) /home/jd4691/research/NTT_CPU/peaseNTT_nocpy/Catapult_2_1/peaseNTT.v4/CDesignChecker/calypto/seqsat-----0.v

Time      267 s. : # ABORTED     (267 sec) # check_properties -prop -list spec.prop_ovf_spec_wrapper_ln76 ; # ( ovf ) (l1=1, l2=0) /home/jd4691/research/NTT_CPU/peaseNTT_nocpy/Catapult_2_1/peaseNTT.v4/CDesignChecker/calypto/seqsat-----0.v
----------------------------------------------------------------------------------------------------------------

Time      267 s. : # ATTEMPTING  (267 sec) # check_properties -prop -list spec.prop_ovf_spec_wrapper_ln75 ; # ( ovf ) (l1=1, l2=0) /home/jd4691/research/NTT_CPU/peaseNTT_nocpy/Catapult_2_1/peaseNTT.v4/CDesignChecker/calypto/seqsat-----0.v

Time      284 s. : # ABORTED     (284 sec) # check_properties -prop -list spec.prop_ovf_spec_wrapper_ln75 ; # ( ovf ) (l1=1, l2=0) /home/jd4691/research/NTT_CPU/peaseNTT_nocpy/Catapult_2_1/peaseNTT.v4/CDesignChecker/calypto/seqsat-----0.v
----------------------------------------------------------------------------------------------------------------

Time      284 s. : # ATTEMPTING  (284 sec) # check_properties -prop -list spec.prop_ovf_spec_wrapper_ln44_2 ; # ( ovf ) (l1=1, l2=0) /home/jd4691/research/NTT_CPU/peaseNTT_nocpy/Catapult_2_1/peaseNTT.v4/CDesignChecker/calypto/seqsat-----0.v

Time      301 s. : # ABORTED     (301 sec) # check_properties -prop -list spec.prop_ovf_spec_wrapper_ln44_2 ; # ( ovf ) (l1=1, l2=0) /home/jd4691/research/NTT_CPU/peaseNTT_nocpy/Catapult_2_1/peaseNTT.v4/CDesignChecker/calypto/seqsat-----0.v
----------------------------------------------------------------------------------------------------------------

Time      301 s. : # ATTEMPTING  (301 sec) # check_properties -prop -list spec.prop_ovf_spec_wrapper_ln43_2 ; # ( ovf ) (l1=1, l2=0) /home/jd4691/research/NTT_CPU/peaseNTT_nocpy/Catapult_2_1/peaseNTT.v4/CDesignChecker/calypto/seqsat-----0.v

Time      317 s. : # ABORTED     (317 sec) # check_properties -prop -list spec.prop_ovf_spec_wrapper_ln43_2 ; # ( ovf ) (l1=1, l2=0) /home/jd4691/research/NTT_CPU/peaseNTT_nocpy/Catapult_2_1/peaseNTT.v4/CDesignChecker/calypto/seqsat-----0.v
----------------------------------------------------------------------------------------------------------------

Time      317 s. : # ATTEMPTING  (317 sec) # check_properties -prop -list spec.prop_ovf_spec_wrapper_ln42_2 ; # ( ovf ) (l1=1, l2=0) /home/jd4691/research/NTT_CPU/peaseNTT_nocpy/Catapult_2_1/peaseNTT.v4/CDesignChecker/calypto/seqsat-----0.v

Time      335 s. : # ABORTED     (335 sec) # check_properties -prop -list spec.prop_ovf_spec_wrapper_ln42_2 ; # ( ovf ) (l1=1, l2=0) /home/jd4691/research/NTT_CPU/peaseNTT_nocpy/Catapult_2_1/peaseNTT.v4/CDesignChecker/calypto/seqsat-----0.v
----------------------------------------------------------------------------------------------------------------

Time      335 s. : # ATTEMPTING  (335 sec) # check_properties -prop -list spec.prop_ovf_spec_wrapper_ln41_2 ; # ( ovf ) (l1=1, l2=0) /home/jd4691/research/NTT_CPU/peaseNTT_nocpy/Catapult_2_1/peaseNTT.v4/CDesignChecker/calypto/seqsat-----0.v

Time      351 s. : # ABORTED     (351 sec) # check_properties -prop -list spec.prop_ovf_spec_wrapper_ln41_2 ; # ( ovf ) (l1=1, l2=0) /home/jd4691/research/NTT_CPU/peaseNTT_nocpy/Catapult_2_1/peaseNTT.v4/CDesignChecker/calypto/seqsat-----0.v
----------------------------------------------------------------------------------------------------------------

Time      351 s. : # ATTEMPTING  (351 sec) # check_properties -prop -list spec.prop_ovf_spec_wrapper_ln66_1 ; # ( ovf ) (l1=1, l2=0) /home/jd4691/research/NTT_CPU/peaseNTT_nocpy/Catapult_2_1/peaseNTT.v4/CDesignChecker/calypto/seqsat-----0.v

Time      359 s. : # FALSIFIED   (359 sec) # check_properties -prop -list spec.prop_ovf_spec_wrapper_ln66_1 ; # ( ovf ) (l1=1, l2=0) /home/jd4691/research/NTT_CPU/peaseNTT_nocpy/Catapult_2_1/peaseNTT.v4/CDesignChecker/calypto/seqsat-----0.v
----------------------------------------------------------------------------------------------------------------

Time      359 s. : # ATTEMPTING  (359 sec) # check_properties -prop -list spec.prop_ovf_spec_wrapper_ln65_1 ; # ( ovf ) (l1=1, l2=0) /home/jd4691/research/NTT_CPU/peaseNTT_nocpy/Catapult_2_1/peaseNTT.v4/CDesignChecker/calypto/seqsat-----0.v

Time      367 s. : # FALSIFIED   (367 sec) # check_properties -prop -list spec.prop_ovf_spec_wrapper_ln65_1 ; # ( ovf ) (l1=1, l2=0) /home/jd4691/research/NTT_CPU/peaseNTT_nocpy/Catapult_2_1/peaseNTT.v4/CDesignChecker/calypto/seqsat-----0.v
----------------------------------------------------------------------------------------------------------------

