+-----------------------------------------------------------------------------------+
|                                                                                   |
| Generated by SLEC-design-checking-10.5c/892744  (Aug 23 2020)  linux64  S2008232321|
| on Sun Sep 12 00:06:05 2021.                                                      |
|                                                                                   |
| Restrictions concerning the use of Mentor Graphics Corporation SLEC               |
| are covered in the license agreement. Distribution to third party                 |
| is strictly prohibited.                                                           |
|                                                                                   |
+-----------------------------------------------------------------------------------+

## List of flops/inputs/bbox-outputs in counterexample basis
spec.slecIN_p_idx_0
spec.spec_wrapper::doit#0@twiddle_h
spec.spec_wrapper::doit#0@yt
spec.spec_wrapper::doit#0@r_1
spec.spec_wrapper::doit#0@r_2
spec._Calypto_present_state_0
spec.spec_wrapper::doit#0@r_0
spec.spec_wrapper::doit#0@c
impl.dummy_impl_in
spec.spec_wrapper::doit#0@r
spec.spec_wrapper::doit#0@base_3
spec.spec_wrapper::doit#0@p
spec.spec_wrapper::doit#0@base
spec.spec_wrapper::doit#0@twiddle
spec.spec_wrapper::doit#0@xt
spec.prop_ovf_spec_wrapper_ln162
