+-----------------------------------------------------------------------------------+
|                                                                                   |
| Generated by SLEC-design-checking-10.5c/892744  (Aug 23 2020)  linux64  S2008232321|
| on Sun Sep 12 00:00:16 2021.                                                      |
|                                                                                   |
| Restrictions concerning the use of Mentor Graphics Corporation SLEC               |
| are covered in the license agreement. Distribution to third party                 |
| is strictly prohibited.                                                           |
|                                                                                   |
+-----------------------------------------------------------------------------------+

     [CDB-CCLH]   Report of Consistency Checks of the design.
<WRN>[CDB-CXE]    Found 'X' feeding signal 'spec_wrapper::doit#0@yt' (no-source-file:0) in module 'spec_wrapper' (spec_wrapper.h:35).
<WRN>[CDB-CXE]    Found 'X' feeding signal 'spec_wrapper::doit#0@xt' (no-source-file:0) in module 'spec_wrapper' (spec_wrapper.h:35).
<WRN>[CDB-CXE]    Found 'X' feeding signal 'prop_ovf_spec_wrapper_ln41' (/home/jd4691/research/NTT_CPU/peaseNTT_nocpy/src/ntt.cpp:41) in module 'spec_wrapper' (spec_wrapper.h:35).
<WRN>[CDB-CXE]    Found 'X' feeding signal 'prop_ovf_spec_wrapper_ln42' (/home/jd4691/research/NTT_CPU/peaseNTT_nocpy/src/ntt.cpp:42) in module 'spec_wrapper' (spec_wrapper.h:35).
<WRN>[CDB-CXE]    Found 'X' feeding signal 'prop_ovf_spec_wrapper_ln43' (/home/jd4691/research/NTT_CPU/peaseNTT_nocpy/src/ntt.cpp:43) in module 'spec_wrapper' (spec_wrapper.h:35).
<WRN>[CDB-CXE]    Found 'X' feeding signal 'prop_ovf_spec_wrapper_ln44' (/home/jd4691/research/NTT_CPU/peaseNTT_nocpy/src/ntt.cpp:44) in module 'spec_wrapper' (spec_wrapper.h:35).
<WRN>[CDB-CXE]    Found 'X' feeding signal 'prop_ovf_spec_wrapper_ln46' (/home/jd4691/research/NTT_CPU/peaseNTT_nocpy/src/ntt.cpp:46) in module 'spec_wrapper' (spec_wrapper.h:35).
<WRN>[CDB-CXE]    Found 'X' feeding signal 'prop_ovf_spec_wrapper_ln65' (/home/jd4691/research/NTT_CPU/peaseNTT_nocpy/src/ntt.cpp:65) in module 'spec_wrapper' (spec_wrapper.h:35).
<WRN>[CDB-CXE]    Found 'X' feeding signal 'prop_ovf_spec_wrapper_ln66' (/home/jd4691/research/NTT_CPU/peaseNTT_nocpy/src/ntt.cpp:66) in module 'spec_wrapper' (spec_wrapper.h:35).
<WRN>[CDB-CXE]    Found 'X' feeding signal 'prop_ovf_spec_wrapper_ln41_1' (/home/jd4691/research/NTT_CPU/peaseNTT_nocpy/src/ntt.cpp:41) in module 'spec_wrapper' (spec_wrapper.h:35).
<WRN>[CDB-CXE]    Found 'X' feeding signal 'prop_ovf_spec_wrapper_ln42_1' (/home/jd4691/research/NTT_CPU/peaseNTT_nocpy/src/ntt.cpp:42) in module 'spec_wrapper' (spec_wrapper.h:35).
<WRN>[CDB-CXE]    Found 'X' feeding signal 'prop_ovf_spec_wrapper_ln43_1' (/home/jd4691/research/NTT_CPU/peaseNTT_nocpy/src/ntt.cpp:43) in module 'spec_wrapper' (spec_wrapper.h:35).
<WRN>[CDB-CXE]    Found 'X' feeding signal 'prop_ovf_spec_wrapper_ln44_1' (/home/jd4691/research/NTT_CPU/peaseNTT_nocpy/src/ntt.cpp:44) in module 'spec_wrapper' (spec_wrapper.h:35).
<WRN>[CDB-CXE]    Found 'X' feeding signal 'prop_ovf_spec_wrapper_ln46_1' (/home/jd4691/research/NTT_CPU/peaseNTT_nocpy/src/ntt.cpp:46) in module 'spec_wrapper' (spec_wrapper.h:35).
<WRN>[CDB-CXE]    Found 'X' feeding signal 'prop_ovf_spec_wrapper_ln65_1' (/home/jd4691/research/NTT_CPU/peaseNTT_nocpy/src/ntt.cpp:65) in module 'spec_wrapper' (spec_wrapper.h:35).
<WRN>[CDB-CXE]    Found 'X' feeding signal 'prop_ovf_spec_wrapper_ln66_1' (/home/jd4691/research/NTT_CPU/peaseNTT_nocpy/src/ntt.cpp:66) in module 'spec_wrapper' (spec_wrapper.h:35).
<WRN>[CDB-CXE]    Found 'X' feeding signal 'prop_ovf_spec_wrapper_ln41_2' (/home/jd4691/research/NTT_CPU/peaseNTT_nocpy/src/ntt.cpp:41) in module 'spec_wrapper' (spec_wrapper.h:35).
<WRN>[CDB-CXE]    Found 'X' feeding signal 'prop_ovf_spec_wrapper_ln42_2' (/home/jd4691/research/NTT_CPU/peaseNTT_nocpy/src/ntt.cpp:42) in module 'spec_wrapper' (spec_wrapper.h:35).
<WRN>[CDB-CXE]    Found 'X' feeding signal 'prop_ovf_spec_wrapper_ln43_2' (/home/jd4691/research/NTT_CPU/peaseNTT_nocpy/src/ntt.cpp:43) in module 'spec_wrapper' (spec_wrapper.h:35).
<WRN>[CDB-CXE]    Found 'X' feeding signal 'prop_ovf_spec_wrapper_ln44_2' (/home/jd4691/research/NTT_CPU/peaseNTT_nocpy/src/ntt.cpp:44) in module 'spec_wrapper' (spec_wrapper.h:35).
<WRN>[CDB-CXE]    Found 'X' feeding signal 'prop_ovf_spec_wrapper_ln46_2' (/home/jd4691/research/NTT_CPU/peaseNTT_nocpy/src/ntt.cpp:46) in module 'spec_wrapper' (spec_wrapper.h:35).
<WRN>[CDB-CXE]    Found 'X' feeding signal 'prop_ovf_spec_wrapper_ln75' (/home/jd4691/research/NTT_CPU/peaseNTT_nocpy/src/ntt.cpp:75) in module 'spec_wrapper' (spec_wrapper.h:35).
<WRN>[CDB-CXE]    Found 'X' feeding signal 'prop_ovf_spec_wrapper_ln76' (/home/jd4691/research/NTT_CPU/peaseNTT_nocpy/src/ntt.cpp:76) in module 'spec_wrapper' (spec_wrapper.h:35).
<WRN>[CDB-CXE]    Found 'X' feeding signal 'prop_ovf_spec_wrapper_ln41_3' (/home/jd4691/research/NTT_CPU/peaseNTT_nocpy/src/ntt.cpp:41) in module 'spec_wrapper' (spec_wrapper.h:35).
<WRN>[CDB-CXE]    Found 'X' feeding signal 'prop_ovf_spec_wrapper_ln42_3' (/home/jd4691/research/NTT_CPU/peaseNTT_nocpy/src/ntt.cpp:42) in module 'spec_wrapper' (spec_wrapper.h:35).
<WRN>[CDB-CXE]    Found 'X' feeding signal 'prop_ovf_spec_wrapper_ln43_3' (/home/jd4691/research/NTT_CPU/peaseNTT_nocpy/src/ntt.cpp:43) in module 'spec_wrapper' (spec_wrapper.h:35).
<WRN>[CDB-CXE]    Found 'X' feeding signal 'prop_ovf_spec_wrapper_ln44_3' (/home/jd4691/research/NTT_CPU/peaseNTT_nocpy/src/ntt.cpp:44) in module 'spec_wrapper' (spec_wrapper.h:35).
<WRN>[CDB-CXE]    Found 'X' feeding signal 'prop_ovf_spec_wrapper_ln46_3' (/home/jd4691/research/NTT_CPU/peaseNTT_nocpy/src/ntt.cpp:46) in module 'spec_wrapper' (spec_wrapper.h:35).
<WRN>[CDB-CXE]    Found 'X' feeding signal 'prop_ovf_spec_wrapper_ln75_1' (/home/jd4691/research/NTT_CPU/peaseNTT_nocpy/src/ntt.cpp:75) in module 'spec_wrapper' (spec_wrapper.h:35).
<WRN>[CDB-CXE]    Found 'X' feeding signal 'prop_ovf_spec_wrapper_ln76_1' (/home/jd4691/research/NTT_CPU/peaseNTT_nocpy/src/ntt.cpp:76) in module 'spec_wrapper' (spec_wrapper.h:35).
     [CDB-CCS]    'Warning' = '30'
     [CDB-CCS]    'Error' = '0'
     [CDB-CCS]    'Abort' = '0'
     [CDB-CCLF]   End of Report of Consistency Checks of the design.
