+-----------------------------------------------------------------------------------+
|                                                                                   |
| Generated by SLEC-design-checking-10.5c/892744  (Aug 23 2020)  linux64  S2008232321|
| on Sun Sep 12 00:00:17 2021.                                                      |
|                                                                                   |
| Restrictions concerning the use of Mentor Graphics Corporation SLEC               |
| are covered in the license agreement. Distribution to third party                 |
| is strictly prohibited.                                                           |
|                                                                                   |
+-----------------------------------------------------------------------------------+


Characteristics of the two designs

Characteristic                        Design 1   Design 2
                                       (spec)     (impl) 
-----------------------------------------------------------
# of gates                              1.093M         0 
# of nodes                                648          3 
Transaction-length                          1          1 
Transaction-length x Node-count           648          3 
Transaction-length x Gate-count         1.093M         0 
Gate-count / Node-count              1686.190      0.000 
# of bit-level flops                    65744          0 
# of flops                                 44          0 
# of implicit (CTHREAD) flops               1          0 
# of memories                               2          0 
# of bboxes                                33          2 
# of multipliers                           12          0 
# of dividers                               0          0 
# of mods                                   0          0 
# of adders                                46          0 
# of shifts                                16          0 
# of multiplexors                          89          0 
# of hierarchical nodes                     0          0 
# of primary inputs/bbox outputs            4          1 
# of primary outputs/bbox inputs            0          2 
# of primary inouts                         0          0 
# of unmapped inputs                        4          1 
# of unmapped outputs                       0          0 
# of unmapped flops                        42          0 
# of input-maps                             0          0 
# of memory-maps                            0          0 
# of output-maps                            0          0 
# of active intermediate-maps               1          1 
# of inactive intermediate-maps             0          0 
