+-----------------------------------------------------------------------------------+
|                                                                                   |
| Generated by SLEC-design-checking-10.5c/892744  (Aug 23 2020)  linux64  S2008232321|
| on Sun Sep 12 00:06:15 2021.                                                      |
|                                                                                   |
| Restrictions concerning the use of Mentor Graphics Corporation SLEC               |
| are covered in the license agreement. Distribution to third party                 |
| is strictly prohibited.                                                           |
|                                                                                   |
+-----------------------------------------------------------------------------------+

Format for non-falsified pairs:
[<status>                     ] <problem-pair>: <spec> (<throughput>, <latency>)                <impl> (<throughput>, <latency>)                <valid> (<latency>)
Format for falsified pairs:
[<status> <transaction-number>] <problem-pair>: <spec> (<throughput>, <latency>) <value> <time> <impl> (<throughput>, <latency>) <value> <time> <valid> (<latency>) <time>


[FULL PROOF          ] Property                          : spec.prop_ovf_spec_wrapper_ln46 ( PROP, ovf )  
[FULL PROOF          ] Property                          : spec.prop_ovf_spec_wrapper_ln46_1 ( PROP, ovf )  
[UNDECIDED           ] Property                          : spec.prop_ovf_spec_wrapper_ln41_2 ( PROP, ovf )  
[UNDECIDED           ] Property                          : spec.prop_ovf_spec_wrapper_ln42_2 ( PROP, ovf )  
[UNDECIDED           ] Property                          : spec.prop_ovf_spec_wrapper_ln43_2 ( PROP, ovf )  
[UNDECIDED           ] Property                          : spec.prop_ovf_spec_wrapper_ln44_2 ( PROP, ovf )  
[FULL PROOF          ] Property                          : spec.prop_ovf_spec_wrapper_ln46_2 ( PROP, ovf )  
[UNDECIDED           ] Property                          : spec.prop_ovf_spec_wrapper_ln75 ( PROP, ovf )  
[UNDECIDED           ] Property                          : spec.prop_ovf_spec_wrapper_ln76 ( PROP, ovf )  
[UNDECIDED           ] Property                          : spec.prop_ovf_spec_wrapper_ln41_3 ( PROP, ovf )  
[UNDECIDED           ] Property                          : spec.prop_ovf_spec_wrapper_ln42_3 ( PROP, ovf )  
[UNDECIDED           ] Property                          : spec.prop_ovf_spec_wrapper_ln43_3 ( PROP, ovf )  
[UNDECIDED           ] Property                          : spec.prop_ovf_spec_wrapper_ln44_3 ( PROP, ovf )  
[FULL PROOF          ] Property                          : spec.prop_ovf_spec_wrapper_ln46_3 ( PROP, ovf )  
[UNDECIDED           ] Property                          : spec.prop_ovf_spec_wrapper_ln75_1 ( PROP, ovf )  
[FULL PROOF          ] Intermediate-pair                 : spec.Calypto_transaction_done (     1,     1) impl.dummy_impl_out (     1,     1) valid=impl.cc_const_value_1u_h0_impl (latency=1) @ 0
[FALSIFIED          1] Property                          : spec.prop_ovf_spec_wrapper_ln89 ( PROP, ovf )  'h1 @ 103  CDesignChecker/calypto/trace_sbv 
[FALSIFIED          1] Property                          : spec.prop_ovf_spec_wrapper_ln41 ( PROP, ovf )  'h1 @ 103  CDesignChecker/calypto/trace_sbv 
[FALSIFIED          1] Property                          : spec.prop_ovf_spec_wrapper_ln42 ( PROP, ovf )  'h1 @ 103  CDesignChecker/calypto/trace_sbv 
[FALSIFIED          1] Property                          : spec.prop_ovf_spec_wrapper_ln43 ( PROP, ovf )  'h1 @ 103  CDesignChecker/calypto/trace_sbv 
[FALSIFIED          1] Property                          : spec.prop_ovf_spec_wrapper_ln44 ( PROP, ovf )  'h1 @ 103  CDesignChecker/calypto/trace_sbv 
[FALSIFIED          6] Property                          : spec.prop_ovf_spec_wrapper_ln65 ( PROP, ovf )  'h1 @ 603  CDesignChecker/calypto/trace_sbv 
[FALSIFIED         12] Property                          : spec.prop_ovf_spec_wrapper_ln66 ( PROP, ovf )  'h1 @ 1203  CDesignChecker/calypto/trace_sbv 
[FALSIFIED        512] Property                          : spec.prop_ovf_spec_wrapper_ln114 ( PROP, ovf )  'h1 @ 51203  CDesignChecker/calypto/trace_formal_1 
[FALSIFIED        512] Property                          : spec.prop_ovf_spec_wrapper_ln41_1 ( PROP, ovf )  'h1 @ 51203  CDesignChecker/calypto/trace_formal_1 
[FALSIFIED        512] Property                          : spec.prop_ovf_spec_wrapper_ln42_1 ( PROP, ovf )  'h1 @ 51203  CDesignChecker/calypto/trace_formal_1 
[FALSIFIED        512] Property                          : spec.prop_ovf_spec_wrapper_ln43_1 ( PROP, ovf )  'h1 @ 51203  CDesignChecker/calypto/trace_formal_1 
[FALSIFIED        512] Property                          : spec.prop_ovf_spec_wrapper_ln44_1 ( PROP, ovf )  'h1 @ 51503  CDesignChecker/calypto/trace_formal_1 
[FALSIFIED        512] Property                          : spec.prop_ovf_spec_wrapper_ln65_1 ( PROP, ovf )  'h1 @ 51503  CDesignChecker/calypto/trace_formal_1 
[FALSIFIED        514] Property                          : spec.prop_ovf_spec_wrapper_ln66_1 ( PROP, ovf )  'h1 @ 51203  CDesignChecker/calypto/trace_formal_1 
[FALSIFIED       3069] Property                          : spec.prop_ovf_spec_wrapper_ln140 ( PROP, ovf )  'h1 @ 306903  CDesignChecker/calypto/trace_formal_1 
[FALSIFIED       3580] Property                          : spec.prop_ovf_spec_wrapper_ln162 ( PROP, ovf )  'h1 @ 358003  CDesignChecker/calypto/trace_formal_1 
[FALSIFIED       3581] Property                          : spec.prop_ovf_spec_wrapper_ln76_1 ( PROP, ovf )  'h1 @ 358103  CDesignChecker/calypto/trace_formal_1 


