[00:00:23] /opt/mentorgraphics/Catapult_10.5c/Mgc_home/pkgs/cds_cpc/rls/platform/linux64/bin/worker_bootstrap started with ID newnano.poly.edu.53566
[00:00:23] Trying to connect to 128.238.147.29:45928
[00:00:23] Connected to the master
[00:00:23] Sending REQ_SET_WORKER_ID + newnano.poly.edu.53566
[00:00:23] Master issued REQ_CHDIR + /home/jd4691/research/NTT_CPU/peaseNTT_nocpy/Catapult_2_1/peaseNTT.v4/CDesignChecker/calypto/.extseq/iter_0_wlindex_2
[00:00:23] Master issued REQ_EXEC.  Forked PID 53571 and executing '/opt/mentorgraphics/Catapult_10.5c/Mgc_home/pkgs/cds_cpc/rls/platform/linux64/bin/abc -d -c read_aiger /home/jd4691/research/NTT_CPU/peaseNTT_nocpy/Catapult_2_1/peaseNTT.v4/CDesignChecker/calypto/.extseq/iter_0_wlindex_2/.snapshot_72.aig ; pdr -v -C 0 -T 1 seconds ; write_cex -nmsvz /home/jd4691/research/NTT_CPU/peaseNTT_nocpy/Catapult_2_1/peaseNTT.v4/CDesignChecker/calypto/.extseq/iter_0_wlindex_2/.cex_50.txt ; echo ExtSeqAlgorithmFinished ;'
[00:00:23] --> stdout will be redirected to /home/jd4691/research/NTT_CPU/peaseNTT_nocpy/Catapult_2_1/peaseNTT.v4/CDesignChecker/calypto/.extseq/iter_0_wlindex_2/.stdout_4
[00:00:23] --> stderr will be redirected to /home/jd4691/research/NTT_CPU/peaseNTT_nocpy/Catapult_2_1/peaseNTT.v4/CDesignChecker/calypto/.extseq/iter_0_wlindex_2/.stdout_4_err
[00:00:23] --> time limit: 1 sec, mem limit: 4000 MB
[00:00:24] Child process 53571 finished with return value 9 (signaled: 1, exited: 0, exit status 0)
[00:00:25] Master issued REQ_CHDIR + /home/jd4691/research/NTT_CPU/peaseNTT_nocpy/Catapult_2_1/peaseNTT.v4/CDesignChecker/calypto/.extseq/iter_0_wlindex_3
[00:00:25] Master issued REQ_EXEC.  Forked PID 53709 and executing '/opt/mentorgraphics/Catapult_10.5c/Mgc_home/pkgs/cds_cpc/rls/platform/linux64/bin/abc -d -c read_aiger /home/jd4691/research/NTT_CPU/peaseNTT_nocpy/Catapult_2_1/peaseNTT.v4/CDesignChecker/calypto/.extseq/iter_0_wlindex_3/.snapshot_234.aig ; pdr -v -C 0 -T 1 seconds ; write_cex -nmsvz /home/jd4691/research/NTT_CPU/peaseNTT_nocpy/Catapult_2_1/peaseNTT.v4/CDesignChecker/calypto/.extseq/iter_0_wlindex_3/.cex_110.txt ; echo ExtSeqAlgorithmFinished ;'
[00:00:25] --> stdout will be redirected to /home/jd4691/research/NTT_CPU/peaseNTT_nocpy/Catapult_2_1/peaseNTT.v4/CDesignChecker/calypto/.extseq/iter_0_wlindex_3/.stdout_11
[00:00:25] --> stderr will be redirected to /home/jd4691/research/NTT_CPU/peaseNTT_nocpy/Catapult_2_1/peaseNTT.v4/CDesignChecker/calypto/.extseq/iter_0_wlindex_3/.stdout_11_err
[00:00:25] --> time limit: 1 sec, mem limit: 4000 MB
[00:00:26] Child process 53709 finished with return value 9 (signaled: 1, exited: 0, exit status 0)
[00:00:27] Master issued REQ_CHDIR + /home/jd4691/research/NTT_CPU/peaseNTT_nocpy/Catapult_2_1/peaseNTT.v4/CDesignChecker/calypto/.extseq/iter_0_wlindex_5
[00:00:27] Master issued REQ_EXEC.  Forked PID 53910 and executing '/opt/mentorgraphics/Catapult_10.5c/Mgc_home/pkgs/cds_cpc/rls/platform/linux64/bin/abc -d -c read_aiger /home/jd4691/research/NTT_CPU/peaseNTT_nocpy/Catapult_2_1/peaseNTT.v4/CDesignChecker/calypto/.extseq/iter_0_wlindex_5/.snapshot_487.aig ; pdr -v -C 0 -T 1 seconds ; write_cex -nmsvz /home/jd4691/research/NTT_CPU/peaseNTT_nocpy/Catapult_2_1/peaseNTT.v4/CDesignChecker/calypto/.extseq/iter_0_wlindex_5/.cex_200.txt ; echo ExtSeqAlgorithmFinished ;'
[00:00:27] --> stdout will be redirected to /home/jd4691/research/NTT_CPU/peaseNTT_nocpy/Catapult_2_1/peaseNTT.v4/CDesignChecker/calypto/.extseq/iter_0_wlindex_5/.stdout_21
[00:00:27] --> stderr will be redirected to /home/jd4691/research/NTT_CPU/peaseNTT_nocpy/Catapult_2_1/peaseNTT.v4/CDesignChecker/calypto/.extseq/iter_0_wlindex_5/.stdout_21_err
[00:00:27] --> time limit: 1 sec, mem limit: 4000 MB
[00:00:28] Child process 53910 finished with return value 9 (signaled: 1, exited: 0, exit status 0)
[00:00:29] Master issued REQ_CHDIR + /home/jd4691/research/NTT_CPU/peaseNTT_nocpy/Catapult_2_1/peaseNTT.v4/CDesignChecker/calypto/.extseq/iter_0_wlindex_6
[00:00:29] Master issued REQ_EXEC.  Forked PID 54509 and executing '/opt/mentorgraphics/Catapult_10.5c/Mgc_home/pkgs/cds_cpc/rls/platform/linux64/bin/abc -d -c read_aiger /home/jd4691/research/NTT_CPU/peaseNTT_nocpy/Catapult_2_1/peaseNTT.v4/CDesignChecker/calypto/.extseq/iter_0_wlindex_6/.snapshot_649.aig ; pdr -v -C 0 -T 1 seconds ; write_cex -nmsvz /home/jd4691/research/NTT_CPU/peaseNTT_nocpy/Catapult_2_1/peaseNTT.v4/CDesignChecker/calypto/.extseq/iter_0_wlindex_6/.cex_260.txt ; echo ExtSeqAlgorithmFinished ;'
[00:00:29] --> stdout will be redirected to /home/jd4691/research/NTT_CPU/peaseNTT_nocpy/Catapult_2_1/peaseNTT.v4/CDesignChecker/calypto/.extseq/iter_0_wlindex_6/.stdout_28
[00:00:29] --> stderr will be redirected to /home/jd4691/research/NTT_CPU/peaseNTT_nocpy/Catapult_2_1/peaseNTT.v4/CDesignChecker/calypto/.extseq/iter_0_wlindex_6/.stdout_28_err
[00:00:29] --> time limit: 1 sec, mem limit: 4000 MB
[00:00:30] Child process 54509 finished with return value 9 (signaled: 1, exited: 0, exit status 0)
[00:00:31] Master issued REQ_CHDIR + /home/jd4691/research/NTT_CPU/peaseNTT_nocpy/Catapult_2_1/peaseNTT.v4/CDesignChecker/calypto/.extseq/iter_0_wlindex_7
[00:00:31] Master issued REQ_EXEC.  Forked PID 54874 and executing '/opt/mentorgraphics/Catapult_10.5c/Mgc_home/pkgs/cds_cpc/rls/platform/linux64/bin/abc -d -c read_aiger /home/jd4691/research/NTT_CPU/peaseNTT_nocpy/Catapult_2_1/peaseNTT.v4/CDesignChecker/calypto/.extseq/iter_0_wlindex_7/.snapshot_811.aig ; pdr -v -C 0 -T 1 seconds ; write_cex -nmsvz /home/jd4691/research/NTT_CPU/peaseNTT_nocpy/Catapult_2_1/peaseNTT.v4/CDesignChecker/calypto/.extseq/iter_0_wlindex_7/.cex_320.txt ; echo ExtSeqAlgorithmFinished ;'
[00:00:31] --> stdout will be redirected to /home/jd4691/research/NTT_CPU/peaseNTT_nocpy/Catapult_2_1/peaseNTT.v4/CDesignChecker/calypto/.extseq/iter_0_wlindex_7/.stdout_35
[00:00:31] --> stderr will be redirected to /home/jd4691/research/NTT_CPU/peaseNTT_nocpy/Catapult_2_1/peaseNTT.v4/CDesignChecker/calypto/.extseq/iter_0_wlindex_7/.stdout_35_err
[00:00:31] --> time limit: 1 sec, mem limit: 4000 MB
[00:00:32] Child process 54874 finished with return value 9 (signaled: 1, exited: 0, exit status 0)
[00:00:33] Master issued REQ_CHDIR + /home/jd4691/research/NTT_CPU/peaseNTT_nocpy/Catapult_2_1/peaseNTT.v4/CDesignChecker/calypto/.extseq/iter_0_wlindex_8
[00:00:33] Master issued REQ_EXEC.  Forked PID 55431 and executing '/opt/mentorgraphics/Catapult_10.5c/Mgc_home/pkgs/cds_cpc/rls/platform/linux64/bin/abc -d -c read_aiger /home/jd4691/research/NTT_CPU/peaseNTT_nocpy/Catapult_2_1/peaseNTT.v4/CDesignChecker/calypto/.extseq/iter_0_wlindex_8/.snapshot_973.aig ; pdr -v -C 0 -T 1 seconds ; write_cex -nmsvz /home/jd4691/research/NTT_CPU/peaseNTT_nocpy/Catapult_2_1/peaseNTT.v4/CDesignChecker/calypto/.extseq/iter_0_wlindex_8/.cex_380.txt ; echo ExtSeqAlgorithmFinished ;'
[00:00:33] --> stdout will be redirected to /home/jd4691/research/NTT_CPU/peaseNTT_nocpy/Catapult_2_1/peaseNTT.v4/CDesignChecker/calypto/.extseq/iter_0_wlindex_8/.stdout_42
[00:00:33] --> stderr will be redirected to /home/jd4691/research/NTT_CPU/peaseNTT_nocpy/Catapult_2_1/peaseNTT.v4/CDesignChecker/calypto/.extseq/iter_0_wlindex_8/.stdout_42_err
[00:00:33] --> time limit: 1 sec, mem limit: 4000 MB
[00:00:34] Child process 55431 finished with return value 9 (signaled: 1, exited: 0, exit status 0)
[00:00:34] Master issued REQ_CHDIR + /home/jd4691/research/NTT_CPU/peaseNTT_nocpy/Catapult_2_1/peaseNTT.v4/CDesignChecker/calypto/.extseq/iter_0_wlindex_9
[00:00:34] Master issued REQ_EXEC.  Forked PID 55704 and executing '/opt/mentorgraphics/Catapult_10.5c/Mgc_home/pkgs/cds_cpc/rls/platform/linux64/bin/abc -d -c read_aiger /home/jd4691/research/NTT_CPU/peaseNTT_nocpy/Catapult_2_1/peaseNTT.v4/CDesignChecker/calypto/.extseq/iter_0_wlindex_9/.snapshot_1135.aig ; orpos ; &get -n; &gla -qv -T 1 seconds ; write_cex -nmsvz /home/jd4691/research/NTT_CPU/peaseNTT_nocpy/Catapult_2_1/peaseNTT.v4/CDesignChecker/calypto/.extseq/iter_0_wlindex_9/.cex_449.txt ; echo ExtSeqAlgorithmFinished ;'
[00:00:34] --> stdout will be redirected to /home/jd4691/research/NTT_CPU/peaseNTT_nocpy/Catapult_2_1/peaseNTT.v4/CDesignChecker/calypto/.extseq/iter_0_wlindex_9/.stdout_49
[00:00:34] --> stderr will be redirected to /home/jd4691/research/NTT_CPU/peaseNTT_nocpy/Catapult_2_1/peaseNTT.v4/CDesignChecker/calypto/.extseq/iter_0_wlindex_9/.stdout_49_err
[00:00:34] --> time limit: 1 sec, mem limit: 4000 MB
[00:00:35] Child process 55704 finished with return value 9 (signaled: 1, exited: 0, exit status 0)
[00:00:36] Master issued REQ_CHDIR + /home/jd4691/research/NTT_CPU/peaseNTT_nocpy/Catapult_2_1/peaseNTT.v4/CDesignChecker/calypto/.extseq/iter_0_wlindex_10
[00:00:36] Master issued REQ_EXEC.  Forked PID 55745 and executing '/opt/mentorgraphics/Catapult_10.5c/Mgc_home/pkgs/cds_cpc/rls/platform/linux64/bin/abc -d -c read_aiger /home/jd4691/research/NTT_CPU/peaseNTT_nocpy/Catapult_2_1/peaseNTT.v4/CDesignChecker/calypto/.extseq/iter_0_wlindex_10/.snapshot_1368.aig ; pdr -v -C 0 -T 1 seconds ; write_cex -nmsvz /home/jd4691/research/NTT_CPU/peaseNTT_nocpy/Catapult_2_1/peaseNTT.v4/CDesignChecker/calypto/.extseq/iter_0_wlindex_10/.cex_530.txt ; echo ExtSeqAlgorithmFinished ;'
[00:00:36] --> stdout will be redirected to /home/jd4691/research/NTT_CPU/peaseNTT_nocpy/Catapult_2_1/peaseNTT.v4/CDesignChecker/calypto/.extseq/iter_0_wlindex_10/.stdout_57
[00:00:36] --> stderr will be redirected to /home/jd4691/research/NTT_CPU/peaseNTT_nocpy/Catapult_2_1/peaseNTT.v4/CDesignChecker/calypto/.extseq/iter_0_wlindex_10/.stdout_57_err
[00:00:36] --> time limit: 1 sec, mem limit: 4000 MB
[00:00:37] Child process 55745 finished with return value 9 (signaled: 1, exited: 0, exit status 0)
[00:00:39] Master issued REQ_CHDIR + /home/jd4691/research/NTT_CPU/peaseNTT_nocpy/Catapult_2_1/peaseNTT.v4/CDesignChecker/calypto/.extseq/iter_0_wlindex_13
[00:00:39] Master issued REQ_EXEC.  Forked PID 55845 and executing '/opt/mentorgraphics/Catapult_10.5c/Mgc_home/pkgs/cds_cpc/rls/platform/linux64/bin/abc -d -c read_aiger /home/jd4691/research/NTT_CPU/peaseNTT_nocpy/Catapult_2_1/peaseNTT.v4/CDesignChecker/calypto/.extseq/iter_0_wlindex_13/.snapshot_1712.aig ; pdr -v -C 0 -T 1 seconds ; write_cex -nmsvz /home/jd4691/research/NTT_CPU/peaseNTT_nocpy/Catapult_2_1/peaseNTT.v4/CDesignChecker/calypto/.extseq/iter_0_wlindex_13/.cex_650.txt ; echo ExtSeqAlgorithmFinished ;'
[00:00:39] --> stdout will be redirected to /home/jd4691/research/NTT_CPU/peaseNTT_nocpy/Catapult_2_1/peaseNTT.v4/CDesignChecker/calypto/.extseq/iter_0_wlindex_13/.stdout_70
[00:00:39] --> stderr will be redirected to /home/jd4691/research/NTT_CPU/peaseNTT_nocpy/Catapult_2_1/peaseNTT.v4/CDesignChecker/calypto/.extseq/iter_0_wlindex_13/.stdout_70_err
[00:00:39] --> time limit: 1 sec, mem limit: 4000 MB
[00:00:40] Child process 55845 finished with return value 9 (signaled: 1, exited: 0, exit status 0)
[00:00:41] Master issued REQ_CHDIR + /home/jd4691/research/NTT_CPU/peaseNTT_nocpy/Catapult_2_1/peaseNTT.v4/CDesignChecker/calypto/.extseq/iter_0_wlindex_14
[00:00:41] Master issued REQ_EXEC.  Forked PID 55884 and executing '/opt/mentorgraphics/Catapult_10.5c/Mgc_home/pkgs/cds_cpc/rls/platform/linux64/bin/abc -d -c read_aiger /home/jd4691/research/NTT_CPU/peaseNTT_nocpy/Catapult_2_1/peaseNTT.v4/CDesignChecker/calypto/.extseq/iter_0_wlindex_14/.snapshot_1874.aig ; pdr -v -C 0 -T 1 seconds ; write_cex -nmsvz /home/jd4691/research/NTT_CPU/peaseNTT_nocpy/Catapult_2_1/peaseNTT.v4/CDesignChecker/calypto/.extseq/iter_0_wlindex_14/.cex_710.txt ; echo ExtSeqAlgorithmFinished ;'
[00:00:41] --> stdout will be redirected to /home/jd4691/research/NTT_CPU/peaseNTT_nocpy/Catapult_2_1/peaseNTT.v4/CDesignChecker/calypto/.extseq/iter_0_wlindex_14/.stdout_77
[00:00:41] --> stderr will be redirected to /home/jd4691/research/NTT_CPU/peaseNTT_nocpy/Catapult_2_1/peaseNTT.v4/CDesignChecker/calypto/.extseq/iter_0_wlindex_14/.stdout_77_err
[00:00:41] --> time limit: 1 sec, mem limit: 4000 MB
[00:00:42] Child process 55884 finished with return value 9 (signaled: 1, exited: 0, exit status 0)
[00:00:42] Master issued REQ_CHDIR + /home/jd4691/research/NTT_CPU/peaseNTT_nocpy/Catapult_2_1/peaseNTT.v4/CDesignChecker/calypto/.extseq/iter_0_wlindex_15
[00:00:42] Master issued REQ_EXEC.  Forked PID 55925 and executing '/opt/mentorgraphics/Catapult_10.5c/Mgc_home/pkgs/cds_cpc/rls/platform/linux64/bin/abc -d -c read_aiger /home/jd4691/research/NTT_CPU/peaseNTT_nocpy/Catapult_2_1/peaseNTT.v4/CDesignChecker/calypto/.extseq/iter_0_wlindex_15/.snapshot_2036.aig ; pdr -v -C 0 -T 1 seconds ; write_cex -nmsvz /home/jd4691/research/NTT_CPU/peaseNTT_nocpy/Catapult_2_1/peaseNTT.v4/CDesignChecker/calypto/.extseq/iter_0_wlindex_15/.cex_770.txt ; echo ExtSeqAlgorithmFinished ;'
[00:00:42] --> stdout will be redirected to /home/jd4691/research/NTT_CPU/peaseNTT_nocpy/Catapult_2_1/peaseNTT.v4/CDesignChecker/calypto/.extseq/iter_0_wlindex_15/.stdout_84
[00:00:42] --> stderr will be redirected to /home/jd4691/research/NTT_CPU/peaseNTT_nocpy/Catapult_2_1/peaseNTT.v4/CDesignChecker/calypto/.extseq/iter_0_wlindex_15/.stdout_84_err
[00:00:42] --> time limit: 1 sec, mem limit: 4000 MB
[00:00:43] Child process 55925 finished with return value 9 (signaled: 1, exited: 0, exit status 0)
[00:00:44] Master issued REQ_CHDIR + /home/jd4691/research/NTT_CPU/peaseNTT_nocpy/Catapult_2_1/peaseNTT.v4/CDesignChecker/calypto/.extseq/iter_0_wlindex_16
[00:00:44] Master issued REQ_EXEC.  Forked PID 56012 and executing '/opt/mentorgraphics/Catapult_10.5c/Mgc_home/pkgs/cds_cpc/rls/platform/linux64/bin/abc -d -c read_aiger /home/jd4691/research/NTT_CPU/peaseNTT_nocpy/Catapult_2_1/peaseNTT.v4/CDesignChecker/calypto/.extseq/iter_0_wlindex_16/.snapshot_2198.aig ; pdr -v -C 0 -T 1 seconds ; write_cex -nmsvz /home/jd4691/research/NTT_CPU/peaseNTT_nocpy/Catapult_2_1/peaseNTT.v4/CDesignChecker/calypto/.extseq/iter_0_wlindex_16/.cex_830.txt ; echo ExtSeqAlgorithmFinished ;'
[00:00:44] --> stdout will be redirected to /home/jd4691/research/NTT_CPU/peaseNTT_nocpy/Catapult_2_1/peaseNTT.v4/CDesignChecker/calypto/.extseq/iter_0_wlindex_16/.stdout_91
[00:00:44] --> stderr will be redirected to /home/jd4691/research/NTT_CPU/peaseNTT_nocpy/Catapult_2_1/peaseNTT.v4/CDesignChecker/calypto/.extseq/iter_0_wlindex_16/.stdout_91_err
[00:00:44] --> time limit: 1 sec, mem limit: 4000 MB
[00:00:45] Child process 56012 finished with return value 9 (signaled: 1, exited: 0, exit status 0)
[00:00:45] Master issued REQ_CHDIR + /home/jd4691/research/NTT_CPU/peaseNTT_nocpy/Catapult_2_1/peaseNTT.v4/CDesignChecker/calypto/.extseq/iter_0_wlindex_17
[00:00:45] Master issued REQ_EXEC.  Forked PID 56050 and executing '/opt/mentorgraphics/Catapult_10.5c/Mgc_home/pkgs/cds_cpc/rls/platform/linux64/bin/abc -d -c read_aiger /home/jd4691/research/NTT_CPU/peaseNTT_nocpy/Catapult_2_1/peaseNTT.v4/CDesignChecker/calypto/.extseq/iter_0_wlindex_17/.snapshot_2360.aig ; orpos ; &get -n; &gla -qv -T 1 seconds ; write_cex -nmsvz /home/jd4691/research/NTT_CPU/peaseNTT_nocpy/Catapult_2_1/peaseNTT.v4/CDesignChecker/calypto/.extseq/iter_0_wlindex_17/.cex_899.txt ; echo ExtSeqAlgorithmFinished ;'
[00:00:45] --> stdout will be redirected to /home/jd4691/research/NTT_CPU/peaseNTT_nocpy/Catapult_2_1/peaseNTT.v4/CDesignChecker/calypto/.extseq/iter_0_wlindex_17/.stdout_98
[00:00:45] --> stderr will be redirected to /home/jd4691/research/NTT_CPU/peaseNTT_nocpy/Catapult_2_1/peaseNTT.v4/CDesignChecker/calypto/.extseq/iter_0_wlindex_17/.stdout_98_err
[00:00:45] --> time limit: 1 sec, mem limit: 4000 MB
[00:00:46] Child process 56050 finished with return value 9 (signaled: 1, exited: 0, exit status 0)
[00:00:48] Master issued REQ_CHDIR + /home/jd4691/research/NTT_CPU/peaseNTT_nocpy/Catapult_2_1/peaseNTT.v4/CDesignChecker/calypto/.extseq/iter_0_wlindex_19
[00:00:48] Master issued REQ_EXEC.  Forked PID 56126 and executing '/opt/mentorgraphics/Catapult_10.5c/Mgc_home/pkgs/cds_cpc/rls/platform/linux64/bin/abc -d -c read_aiger /home/jd4691/research/NTT_CPU/peaseNTT_nocpy/Catapult_2_1/peaseNTT.v4/CDesignChecker/calypto/.extseq/iter_0_wlindex_19/.snapshot_2613.aig ; pdr -v -C 0 -T 1 seconds ; write_cex -nmsvz /home/jd4691/research/NTT_CPU/peaseNTT_nocpy/Catapult_2_1/peaseNTT.v4/CDesignChecker/calypto/.extseq/iter_0_wlindex_19/.cex_980.txt ; echo ExtSeqAlgorithmFinished ;'
[00:00:48] --> stdout will be redirected to /home/jd4691/research/NTT_CPU/peaseNTT_nocpy/Catapult_2_1/peaseNTT.v4/CDesignChecker/calypto/.extseq/iter_0_wlindex_19/.stdout_108
[00:00:48] --> stderr will be redirected to /home/jd4691/research/NTT_CPU/peaseNTT_nocpy/Catapult_2_1/peaseNTT.v4/CDesignChecker/calypto/.extseq/iter_0_wlindex_19/.stdout_108_err
[00:00:48] --> time limit: 1 sec, mem limit: 4000 MB
[00:00:49] Child process 56126 finished with return value 9 (signaled: 1, exited: 0, exit status 0)
[00:00:50] Master issued REQ_CHDIR + /home/jd4691/research/NTT_CPU/peaseNTT_nocpy/Catapult_2_1/peaseNTT.v4/CDesignChecker/calypto/.extseq/iter_0_wlindex_21
[00:00:50] Master issued REQ_EXEC.  Forked PID 56188 and executing '/opt/mentorgraphics/Catapult_10.5c/Mgc_home/pkgs/cds_cpc/rls/platform/linux64/bin/abc -d -c read_aiger /home/jd4691/research/NTT_CPU/peaseNTT_nocpy/Catapult_2_1/peaseNTT.v4/CDesignChecker/calypto/.extseq/iter_0_wlindex_21/.snapshot_2866.aig ; pdr -v -C 0 -T 1 seconds ; write_cex -nmsvz /home/jd4691/research/NTT_CPU/peaseNTT_nocpy/Catapult_2_1/peaseNTT.v4/CDesignChecker/calypto/.extseq/iter_0_wlindex_21/.cex_1070.txt ; echo ExtSeqAlgorithmFinished ;'
[00:00:50] --> stdout will be redirected to /home/jd4691/research/NTT_CPU/peaseNTT_nocpy/Catapult_2_1/peaseNTT.v4/CDesignChecker/calypto/.extseq/iter_0_wlindex_21/.stdout_118
[00:00:50] --> stderr will be redirected to /home/jd4691/research/NTT_CPU/peaseNTT_nocpy/Catapult_2_1/peaseNTT.v4/CDesignChecker/calypto/.extseq/iter_0_wlindex_21/.stdout_118_err
[00:00:50] --> time limit: 1 sec, mem limit: 4000 MB
[00:00:51] Child process 56188 finished with return value 9 (signaled: 1, exited: 0, exit status 0)
[00:00:52] Master issued REQ_CHDIR + /home/jd4691/research/NTT_CPU/peaseNTT_nocpy/Catapult_2_1/peaseNTT.v4/CDesignChecker/calypto/.extseq/iter_0_wlindex_22
[00:00:52] Master issued REQ_EXEC.  Forked PID 56228 and executing '/opt/mentorgraphics/Catapult_10.5c/Mgc_home/pkgs/cds_cpc/rls/platform/linux64/bin/abc -d -c read_aiger /home/jd4691/research/NTT_CPU/peaseNTT_nocpy/Catapult_2_1/peaseNTT.v4/CDesignChecker/calypto/.extseq/iter_0_wlindex_22/.snapshot_3099.aig ; pdr -v -C 0 -T 1 seconds ; write_cex -nmsvz /home/jd4691/research/NTT_CPU/peaseNTT_nocpy/Catapult_2_1/peaseNTT.v4/CDesignChecker/calypto/.extseq/iter_0_wlindex_22/.cex_1160.txt ; echo ExtSeqAlgorithmFinished ;'
[00:00:52] --> stdout will be redirected to /home/jd4691/research/NTT_CPU/peaseNTT_nocpy/Catapult_2_1/peaseNTT.v4/CDesignChecker/calypto/.extseq/iter_0_wlindex_22/.stdout_126
[00:00:52] --> stderr will be redirected to /home/jd4691/research/NTT_CPU/peaseNTT_nocpy/Catapult_2_1/peaseNTT.v4/CDesignChecker/calypto/.extseq/iter_0_wlindex_22/.stdout_126_err
[00:00:52] --> time limit: 1 sec, mem limit: 4000 MB
[00:00:53] Child process 56228 finished with return value 9 (signaled: 1, exited: 0, exit status 0)
[00:00:53] Master issued REQ_CHDIR + /home/jd4691/research/NTT_CPU/peaseNTT_nocpy/Catapult_2_1/peaseNTT.v4/CDesignChecker/calypto/.extseq/iter_0_wlindex_23
[00:00:53] Master issued REQ_EXEC.  Forked PID 56266 and executing '/opt/mentorgraphics/Catapult_10.5c/Mgc_home/pkgs/cds_cpc/rls/platform/linux64/bin/abc -d -c read_aiger /home/jd4691/research/NTT_CPU/peaseNTT_nocpy/Catapult_2_1/peaseNTT.v4/CDesignChecker/calypto/.extseq/iter_0_wlindex_23/.snapshot_3261.aig ; pdr -v -C 0 -T 1 seconds ; write_cex -nmsvz /home/jd4691/research/NTT_CPU/peaseNTT_nocpy/Catapult_2_1/peaseNTT.v4/CDesignChecker/calypto/.extseq/iter_0_wlindex_23/.cex_1220.txt ; echo ExtSeqAlgorithmFinished ;'
[00:00:53] --> stdout will be redirected to /home/jd4691/research/NTT_CPU/peaseNTT_nocpy/Catapult_2_1/peaseNTT.v4/CDesignChecker/calypto/.extseq/iter_0_wlindex_23/.stdout_133
[00:00:53] --> stderr will be redirected to /home/jd4691/research/NTT_CPU/peaseNTT_nocpy/Catapult_2_1/peaseNTT.v4/CDesignChecker/calypto/.extseq/iter_0_wlindex_23/.stdout_133_err
[00:00:53] --> time limit: 1 sec, mem limit: 4000 MB
[00:00:54] Child process 56266 finished with return value 9 (signaled: 1, exited: 0, exit status 0)
[00:00:55] Master issued REQ_CHDIR + /home/jd4691/research/NTT_CPU/peaseNTT_nocpy/Catapult_2_1/peaseNTT.v4/CDesignChecker/calypto/.extseq/iter_0_wlindex_24
[00:00:55] Master issued REQ_EXEC.  Forked PID 56328 and executing '/opt/mentorgraphics/Catapult_10.5c/Mgc_home/pkgs/cds_cpc/rls/platform/linux64/bin/abc -d -c read_aiger /home/jd4691/research/NTT_CPU/peaseNTT_nocpy/Catapult_2_1/peaseNTT.v4/CDesignChecker/calypto/.extseq/iter_0_wlindex_24/.snapshot_3423.aig ; pdr -v -C 0 -T 1 seconds ; write_cex -nmsvz /home/jd4691/research/NTT_CPU/peaseNTT_nocpy/Catapult_2_1/peaseNTT.v4/CDesignChecker/calypto/.extseq/iter_0_wlindex_24/.cex_1280.txt ; echo ExtSeqAlgorithmFinished ;'
[00:00:55] --> stdout will be redirected to /home/jd4691/research/NTT_CPU/peaseNTT_nocpy/Catapult_2_1/peaseNTT.v4/CDesignChecker/calypto/.extseq/iter_0_wlindex_24/.stdout_140
[00:00:55] --> stderr will be redirected to /home/jd4691/research/NTT_CPU/peaseNTT_nocpy/Catapult_2_1/peaseNTT.v4/CDesignChecker/calypto/.extseq/iter_0_wlindex_24/.stdout_140_err
[00:00:55] --> time limit: 1 sec, mem limit: 4000 MB
[00:00:56] Child process 56328 finished with return value 9 (signaled: 1, exited: 0, exit status 0)
[00:00:57] Master issued REQ_CHDIR + /home/jd4691/research/NTT_CPU/peaseNTT_nocpy/Catapult_2_1/peaseNTT.v4/CDesignChecker/calypto/.extseq/iter_0_wlindex_25
[00:00:57] Master issued REQ_EXEC.  Forked PID 56370 and executing '/opt/mentorgraphics/Catapult_10.5c/Mgc_home/pkgs/cds_cpc/rls/platform/linux64/bin/abc -d -c read_aiger /home/jd4691/research/NTT_CPU/peaseNTT_nocpy/Catapult_2_1/peaseNTT.v4/CDesignChecker/calypto/.extseq/iter_0_wlindex_25/.snapshot_3656.aig ; orpos ; &get -n; &gla -qv -T 1 seconds ; write_cex -nmsvz /home/jd4691/research/NTT_CPU/peaseNTT_nocpy/Catapult_2_1/peaseNTT.v4/CDesignChecker/calypto/.extseq/iter_0_wlindex_25/.cex_1379.txt ; echo ExtSeqAlgorithmFinished ;'
[00:00:57] --> stdout will be redirected to /home/jd4691/research/NTT_CPU/peaseNTT_nocpy/Catapult_2_1/peaseNTT.v4/CDesignChecker/calypto/.extseq/iter_0_wlindex_25/.stdout_148
[00:00:57] --> stderr will be redirected to /home/jd4691/research/NTT_CPU/peaseNTT_nocpy/Catapult_2_1/peaseNTT.v4/CDesignChecker/calypto/.extseq/iter_0_wlindex_25/.stdout_148_err
[00:00:57] --> time limit: 1 sec, mem limit: 4000 MB
[00:00:57] Master issued REQ_KILL.  Killing child process
[00:00:57] Killing child process group at PGID 56370 (worker_bootstrap PID is 53566)
[00:00:57] Child process 56370 finished with return value 15 (signaled: 1, exited: 0, exit status 0)
[00:00:58] Master issued REQ_CHDIR + /home/jd4691/research/NTT_CPU/peaseNTT_nocpy/Catapult_2_1/peaseNTT.v4/CDesignChecker/calypto/.extseq/iter_1_wlindex_2
[00:00:58] Master issued REQ_EXEC.  Forked PID 56485 and executing '/opt/mentorgraphics/Catapult_10.5c/Mgc_home/pkgs/cds_cpc/rls/platform/linux64/bin/abc -d -c read_aiger /home/jd4691/research/NTT_CPU/peaseNTT_nocpy/Catapult_2_1/peaseNTT.v4/CDesignChecker/calypto/.extseq/iter_1_wlindex_2/.snapshot_3909.aig ; pdr -v -C 0 -T 4 seconds ; write_cex -nmsvz /home/jd4691/research/NTT_CPU/peaseNTT_nocpy/Catapult_2_1/peaseNTT.v4/CDesignChecker/calypto/.extseq/iter_1_wlindex_2/.cex_1460.txt ; echo ExtSeqAlgorithmFinished ;'
[00:00:58] --> stdout will be redirected to /home/jd4691/research/NTT_CPU/peaseNTT_nocpy/Catapult_2_1/peaseNTT.v4/CDesignChecker/calypto/.extseq/iter_1_wlindex_2/.stdout_158
[00:00:58] --> stderr will be redirected to /home/jd4691/research/NTT_CPU/peaseNTT_nocpy/Catapult_2_1/peaseNTT.v4/CDesignChecker/calypto/.extseq/iter_1_wlindex_2/.stdout_158_err
[00:00:58] --> time limit: 4 sec, mem limit: 4000 MB
[00:01:02] Child process 56485 finished with return value 9 (signaled: 1, exited: 0, exit status 0)
[00:01:03] Master issued REQ_CHDIR + /home/jd4691/research/NTT_CPU/peaseNTT_nocpy/Catapult_2_1/peaseNTT.v4/CDesignChecker/calypto/.extseq/iter_1_wlindex_3
[00:01:03] Master issued REQ_EXEC.  Forked PID 56587 and executing '/opt/mentorgraphics/Catapult_10.5c/Mgc_home/pkgs/cds_cpc/rls/platform/linux64/bin/abc -d -c read_aiger /home/jd4691/research/NTT_CPU/peaseNTT_nocpy/Catapult_2_1/peaseNTT.v4/CDesignChecker/calypto/.extseq/iter_1_wlindex_3/.snapshot_4071.aig ; pdr -v -C 0 -T 4 seconds ; write_cex -nmsvz /home/jd4691/research/NTT_CPU/peaseNTT_nocpy/Catapult_2_1/peaseNTT.v4/CDesignChecker/calypto/.extseq/iter_1_wlindex_3/.cex_1520.txt ; echo ExtSeqAlgorithmFinished ;'
[00:01:03] --> stdout will be redirected to /home/jd4691/research/NTT_CPU/peaseNTT_nocpy/Catapult_2_1/peaseNTT.v4/CDesignChecker/calypto/.extseq/iter_1_wlindex_3/.stdout_165
[00:01:03] --> stderr will be redirected to /home/jd4691/research/NTT_CPU/peaseNTT_nocpy/Catapult_2_1/peaseNTT.v4/CDesignChecker/calypto/.extseq/iter_1_wlindex_3/.stdout_165_err
[00:01:03] --> time limit: 4 sec, mem limit: 4000 MB
[00:01:07] Child process 56587 finished with return value 9 (signaled: 1, exited: 0, exit status 0)
[00:01:08] Master issued REQ_CHDIR + /home/jd4691/research/NTT_CPU/peaseNTT_nocpy/Catapult_2_1/peaseNTT.v4/CDesignChecker/calypto/.extseq/iter_1_wlindex_5
[00:01:08] Master issued REQ_EXEC.  Forked PID 56767 and executing '/opt/mentorgraphics/Catapult_10.5c/Mgc_home/pkgs/cds_cpc/rls/platform/linux64/bin/abc -d -c read_aiger /home/jd4691/research/NTT_CPU/peaseNTT_nocpy/Catapult_2_1/peaseNTT.v4/CDesignChecker/calypto/.extseq/iter_1_wlindex_5/.snapshot_4233.aig ; pdr -v -C 0 -T 4 seconds ; write_cex -nmsvz /home/jd4691/research/NTT_CPU/peaseNTT_nocpy/Catapult_2_1/peaseNTT.v4/CDesignChecker/calypto/.extseq/iter_1_wlindex_5/.cex_1580.txt ; echo ExtSeqAlgorithmFinished ;'
[00:01:08] --> stdout will be redirected to /home/jd4691/research/NTT_CPU/peaseNTT_nocpy/Catapult_2_1/peaseNTT.v4/CDesignChecker/calypto/.extseq/iter_1_wlindex_5/.stdout_172
[00:01:08] --> stderr will be redirected to /home/jd4691/research/NTT_CPU/peaseNTT_nocpy/Catapult_2_1/peaseNTT.v4/CDesignChecker/calypto/.extseq/iter_1_wlindex_5/.stdout_172_err
[00:01:08] --> time limit: 4 sec, mem limit: 4000 MB
[00:01:12] Child process 56767 finished with return value 9 (signaled: 1, exited: 0, exit status 0)
[00:01:13] Master issued REQ_CHDIR + /home/jd4691/research/NTT_CPU/peaseNTT_nocpy/Catapult_2_1/peaseNTT.v4/CDesignChecker/calypto/.extseq/iter_1_wlindex_6
[00:01:13] Master issued REQ_EXEC.  Forked PID 56867 and executing '/opt/mentorgraphics/Catapult_10.5c/Mgc_home/pkgs/cds_cpc/rls/platform/linux64/bin/abc -d -c read_aiger /home/jd4691/research/NTT_CPU/peaseNTT_nocpy/Catapult_2_1/peaseNTT.v4/CDesignChecker/calypto/.extseq/iter_1_wlindex_6/.snapshot_4395.aig ; pdr -v -C 0 -T 4 seconds ; write_cex -nmsvz /home/jd4691/research/NTT_CPU/peaseNTT_nocpy/Catapult_2_1/peaseNTT.v4/CDesignChecker/calypto/.extseq/iter_1_wlindex_6/.cex_1640.txt ; echo ExtSeqAlgorithmFinished ;'
[00:01:13] --> stdout will be redirected to /home/jd4691/research/NTT_CPU/peaseNTT_nocpy/Catapult_2_1/peaseNTT.v4/CDesignChecker/calypto/.extseq/iter_1_wlindex_6/.stdout_179
[00:01:13] --> stderr will be redirected to /home/jd4691/research/NTT_CPU/peaseNTT_nocpy/Catapult_2_1/peaseNTT.v4/CDesignChecker/calypto/.extseq/iter_1_wlindex_6/.stdout_179_err
[00:01:13] --> time limit: 4 sec, mem limit: 4000 MB
[00:01:17] Child process 56867 finished with return value 9 (signaled: 1, exited: 0, exit status 0)
[00:01:18] Master issued REQ_CHDIR + /home/jd4691/research/NTT_CPU/peaseNTT_nocpy/Catapult_2_1/peaseNTT.v4/CDesignChecker/calypto/.extseq/iter_1_wlindex_7
[00:01:18] Master issued REQ_EXEC.  Forked PID 56913 and executing '/opt/mentorgraphics/Catapult_10.5c/Mgc_home/pkgs/cds_cpc/rls/platform/linux64/bin/abc -d -c read_aiger /home/jd4691/research/NTT_CPU/peaseNTT_nocpy/Catapult_2_1/peaseNTT.v4/CDesignChecker/calypto/.extseq/iter_1_wlindex_7/.snapshot_4628.aig ; pdr -v -C 0 -T 4 seconds ; write_cex -nmsvz /home/jd4691/research/NTT_CPU/peaseNTT_nocpy/Catapult_2_1/peaseNTT.v4/CDesignChecker/calypto/.extseq/iter_1_wlindex_7/.cex_1730.txt ; echo ExtSeqAlgorithmFinished ;'
[00:01:18] --> stdout will be redirected to /home/jd4691/research/NTT_CPU/peaseNTT_nocpy/Catapult_2_1/peaseNTT.v4/CDesignChecker/calypto/.extseq/iter_1_wlindex_7/.stdout_187
[00:01:18] --> stderr will be redirected to /home/jd4691/research/NTT_CPU/peaseNTT_nocpy/Catapult_2_1/peaseNTT.v4/CDesignChecker/calypto/.extseq/iter_1_wlindex_7/.stdout_187_err
[00:01:18] --> time limit: 4 sec, mem limit: 4000 MB
[00:01:22] Child process 56913 finished with return value 9 (signaled: 1, exited: 0, exit status 0)
[00:01:23] Master issued REQ_CHDIR + /home/jd4691/research/NTT_CPU/peaseNTT_nocpy/Catapult_2_1/peaseNTT.v4/CDesignChecker/calypto/.extseq/iter_1_wlindex_8
[00:01:23] Master issued REQ_EXEC.  Forked PID 56956 and executing '/opt/mentorgraphics/Catapult_10.5c/Mgc_home/pkgs/cds_cpc/rls/platform/linux64/bin/abc -d -c read_aiger /home/jd4691/research/NTT_CPU/peaseNTT_nocpy/Catapult_2_1/peaseNTT.v4/CDesignChecker/calypto/.extseq/iter_1_wlindex_8/.snapshot_4790.aig ; pdr -v -C 0 -T 4 seconds ; write_cex -nmsvz /home/jd4691/research/NTT_CPU/peaseNTT_nocpy/Catapult_2_1/peaseNTT.v4/CDesignChecker/calypto/.extseq/iter_1_wlindex_8/.cex_1790.txt ; echo ExtSeqAlgorithmFinished ;'
[00:01:23] --> stdout will be redirected to /home/jd4691/research/NTT_CPU/peaseNTT_nocpy/Catapult_2_1/peaseNTT.v4/CDesignChecker/calypto/.extseq/iter_1_wlindex_8/.stdout_194
[00:01:23] --> stderr will be redirected to /home/jd4691/research/NTT_CPU/peaseNTT_nocpy/Catapult_2_1/peaseNTT.v4/CDesignChecker/calypto/.extseq/iter_1_wlindex_8/.stdout_194_err
[00:01:23] --> time limit: 4 sec, mem limit: 4000 MB
[00:01:27] Child process 56956 finished with return value 9 (signaled: 1, exited: 0, exit status 0)
[00:01:28] Master issued REQ_CHDIR + /home/jd4691/research/NTT_CPU/peaseNTT_nocpy/Catapult_2_1/peaseNTT.v4/CDesignChecker/calypto/.extseq/iter_1_wlindex_9
[00:01:28] Master issued REQ_EXEC.  Forked PID 57024 and executing '/opt/mentorgraphics/Catapult_10.5c/Mgc_home/pkgs/cds_cpc/rls/platform/linux64/bin/abc -d -c read_aiger /home/jd4691/research/NTT_CPU/peaseNTT_nocpy/Catapult_2_1/peaseNTT.v4/CDesignChecker/calypto/.extseq/iter_1_wlindex_9/.snapshot_5023.aig ; orpos ; &get -n; &gla -qv -T 4 seconds ; write_cex -nmsvz /home/jd4691/research/NTT_CPU/peaseNTT_nocpy/Catapult_2_1/peaseNTT.v4/CDesignChecker/calypto/.extseq/iter_1_wlindex_9/.cex_1889.txt ; echo ExtSeqAlgorithmFinished ;'
[00:01:28] --> stdout will be redirected to /home/jd4691/research/NTT_CPU/peaseNTT_nocpy/Catapult_2_1/peaseNTT.v4/CDesignChecker/calypto/.extseq/iter_1_wlindex_9/.stdout_202
[00:01:28] --> stderr will be redirected to /home/jd4691/research/NTT_CPU/peaseNTT_nocpy/Catapult_2_1/peaseNTT.v4/CDesignChecker/calypto/.extseq/iter_1_wlindex_9/.stdout_202_err
[00:01:28] --> time limit: 4 sec, mem limit: 4000 MB
[00:01:29] Master issued REQ_KILL.  Killing child process
[00:01:29] Killing child process group at PGID 57024 (worker_bootstrap PID is 53566)
[00:01:29] Child process 57024 finished with return value 15 (signaled: 1, exited: 0, exit status 0)
[00:01:30] Master issued REQ_CHDIR + /home/jd4691/research/NTT_CPU/peaseNTT_nocpy/Catapult_2_1/peaseNTT.v4/CDesignChecker/calypto/.extseq/iter_1_wlindex_10
[00:01:30] Master issued REQ_EXEC.  Forked PID 57088 and executing '/opt/mentorgraphics/Catapult_10.5c/Mgc_home/pkgs/cds_cpc/rls/platform/linux64/bin/abc -d -c read_aiger /home/jd4691/research/NTT_CPU/peaseNTT_nocpy/Catapult_2_1/peaseNTT.v4/CDesignChecker/calypto/.extseq/iter_1_wlindex_10/.snapshot_5256.aig ; pdr -v -C 0 -T 4 seconds ; write_cex -nmsvz /home/jd4691/research/NTT_CPU/peaseNTT_nocpy/Catapult_2_1/peaseNTT.v4/CDesignChecker/calypto/.extseq/iter_1_wlindex_10/.cex_1970.txt ; echo ExtSeqAlgorithmFinished ;'
[00:01:30] --> stdout will be redirected to /home/jd4691/research/NTT_CPU/peaseNTT_nocpy/Catapult_2_1/peaseNTT.v4/CDesignChecker/calypto/.extseq/iter_1_wlindex_10/.stdout_210
[00:01:30] --> stderr will be redirected to /home/jd4691/research/NTT_CPU/peaseNTT_nocpy/Catapult_2_1/peaseNTT.v4/CDesignChecker/calypto/.extseq/iter_1_wlindex_10/.stdout_210_err
[00:01:30] --> time limit: 4 sec, mem limit: 4000 MB
[00:01:34] Child process 57088 finished with return value 9 (signaled: 1, exited: 0, exit status 0)
[00:01:35] Master issued REQ_CHDIR + /home/jd4691/research/NTT_CPU/peaseNTT_nocpy/Catapult_2_1/peaseNTT.v4/CDesignChecker/calypto/.extseq/iter_1_wlindex_11
[00:01:35] Master issued REQ_EXEC.  Forked PID 57155 and executing '/opt/mentorgraphics/Catapult_10.5c/Mgc_home/pkgs/cds_cpc/rls/platform/linux64/bin/abc -d -c read_aiger /home/jd4691/research/NTT_CPU/peaseNTT_nocpy/Catapult_2_1/peaseNTT.v4/CDesignChecker/calypto/.extseq/iter_1_wlindex_11/.snapshot_5418.aig ; pdr -v -C 0 -T 4 seconds ; write_cex -nmsvz /home/jd4691/research/NTT_CPU/peaseNTT_nocpy/Catapult_2_1/peaseNTT.v4/CDesignChecker/calypto/.extseq/iter_1_wlindex_11/.cex_2030.txt ; echo ExtSeqAlgorithmFinished ;'
[00:01:35] --> stdout will be redirected to /home/jd4691/research/NTT_CPU/peaseNTT_nocpy/Catapult_2_1/peaseNTT.v4/CDesignChecker/calypto/.extseq/iter_1_wlindex_11/.stdout_217
[00:01:35] --> stderr will be redirected to /home/jd4691/research/NTT_CPU/peaseNTT_nocpy/Catapult_2_1/peaseNTT.v4/CDesignChecker/calypto/.extseq/iter_1_wlindex_11/.stdout_217_err
[00:01:35] --> time limit: 4 sec, mem limit: 4000 MB
[00:01:39] Child process 57155 finished with return value 9 (signaled: 1, exited: 0, exit status 0)
[00:01:40] Master issued REQ_CHDIR + /home/jd4691/research/NTT_CPU/peaseNTT_nocpy/Catapult_2_1/peaseNTT.v4/CDesignChecker/calypto/.extseq/iter_1_wlindex_13
[00:01:40] Master issued REQ_EXEC.  Forked PID 57200 and executing '/opt/mentorgraphics/Catapult_10.5c/Mgc_home/pkgs/cds_cpc/rls/platform/linux64/bin/abc -d -c read_aiger /home/jd4691/research/NTT_CPU/peaseNTT_nocpy/Catapult_2_1/peaseNTT.v4/CDesignChecker/calypto/.extseq/iter_1_wlindex_13/.snapshot_5651.aig ; pdr -v -C 0 -T 4 seconds ; write_cex -nmsvz /home/jd4691/research/NTT_CPU/peaseNTT_nocpy/Catapult_2_1/peaseNTT.v4/CDesignChecker/calypto/.extseq/iter_1_wlindex_13/.cex_2120.txt ; echo ExtSeqAlgorithmFinished ;'
[00:01:40] --> stdout will be redirected to /home/jd4691/research/NTT_CPU/peaseNTT_nocpy/Catapult_2_1/peaseNTT.v4/CDesignChecker/calypto/.extseq/iter_1_wlindex_13/.stdout_225
[00:01:40] --> stderr will be redirected to /home/jd4691/research/NTT_CPU/peaseNTT_nocpy/Catapult_2_1/peaseNTT.v4/CDesignChecker/calypto/.extseq/iter_1_wlindex_13/.stdout_225_err
[00:01:40] --> time limit: 4 sec, mem limit: 4000 MB
[00:01:44] Child process 57200 finished with return value 9 (signaled: 1, exited: 0, exit status 0)
[00:01:45] Master issued REQ_CHDIR + /home/jd4691/research/NTT_CPU/peaseNTT_nocpy/Catapult_2_1/peaseNTT.v4/CDesignChecker/calypto/.extseq/iter_1_wlindex_14
[00:01:45] Master issued REQ_EXEC.  Forked PID 57247 and executing '/opt/mentorgraphics/Catapult_10.5c/Mgc_home/pkgs/cds_cpc/rls/platform/linux64/bin/abc -d -c read_aiger /home/jd4691/research/NTT_CPU/peaseNTT_nocpy/Catapult_2_1/peaseNTT.v4/CDesignChecker/calypto/.extseq/iter_1_wlindex_14/.snapshot_5884.aig ; pdr -v -C 0 -T 4 seconds ; write_cex -nmsvz /home/jd4691/research/NTT_CPU/peaseNTT_nocpy/Catapult_2_1/peaseNTT.v4/CDesignChecker/calypto/.extseq/iter_1_wlindex_14/.cex_2210.txt ; echo ExtSeqAlgorithmFinished ;'
[00:01:45] --> stdout will be redirected to /home/jd4691/research/NTT_CPU/peaseNTT_nocpy/Catapult_2_1/peaseNTT.v4/CDesignChecker/calypto/.extseq/iter_1_wlindex_14/.stdout_233
[00:01:45] --> stderr will be redirected to /home/jd4691/research/NTT_CPU/peaseNTT_nocpy/Catapult_2_1/peaseNTT.v4/CDesignChecker/calypto/.extseq/iter_1_wlindex_14/.stdout_233_err
[00:01:45] --> time limit: 4 sec, mem limit: 4000 MB
[00:01:49] Child process 57247 finished with return value 9 (signaled: 1, exited: 0, exit status 0)
[00:01:50] Master issued REQ_CHDIR + /home/jd4691/research/NTT_CPU/peaseNTT_nocpy/Catapult_2_1/peaseNTT.v4/CDesignChecker/calypto/.extseq/iter_1_wlindex_15
[00:01:50] Master issued REQ_EXEC.  Forked PID 57289 and executing '/opt/mentorgraphics/Catapult_10.5c/Mgc_home/pkgs/cds_cpc/rls/platform/linux64/bin/abc -d -c read_aiger /home/jd4691/research/NTT_CPU/peaseNTT_nocpy/Catapult_2_1/peaseNTT.v4/CDesignChecker/calypto/.extseq/iter_1_wlindex_15/.snapshot_6046.aig ; pdr -v -C 0 -T 3 seconds ; write_cex -nmsvz /home/jd4691/research/NTT_CPU/peaseNTT_nocpy/Catapult_2_1/peaseNTT.v4/CDesignChecker/calypto/.extseq/iter_1_wlindex_15/.cex_2270.txt ; echo ExtSeqAlgorithmFinished ;'
[00:01:50] --> stdout will be redirected to /home/jd4691/research/NTT_CPU/peaseNTT_nocpy/Catapult_2_1/peaseNTT.v4/CDesignChecker/calypto/.extseq/iter_1_wlindex_15/.stdout_240
[00:01:50] --> stderr will be redirected to /home/jd4691/research/NTT_CPU/peaseNTT_nocpy/Catapult_2_1/peaseNTT.v4/CDesignChecker/calypto/.extseq/iter_1_wlindex_15/.stdout_240_err
[00:01:50] --> time limit: 3 sec, mem limit: 4000 MB
[00:01:53] Child process 57289 finished with return value 9 (signaled: 1, exited: 0, exit status 0)
[00:01:54] Master issued REQ_CHDIR + /home/jd4691/research/NTT_CPU/peaseNTT_nocpy/Catapult_2_1/peaseNTT.v4/CDesignChecker/calypto/.extseq/iter_1_wlindex_16
[00:01:54] Master issued REQ_EXEC.  Forked PID 57336 and executing '/opt/mentorgraphics/Catapult_10.5c/Mgc_home/pkgs/cds_cpc/rls/platform/linux64/bin/abc -d -c read_aiger /home/jd4691/research/NTT_CPU/peaseNTT_nocpy/Catapult_2_1/peaseNTT.v4/CDesignChecker/calypto/.extseq/iter_1_wlindex_16/.snapshot_6279.aig ; pdr -v -C 0 -T 4 seconds ; write_cex -nmsvz /home/jd4691/research/NTT_CPU/peaseNTT_nocpy/Catapult_2_1/peaseNTT.v4/CDesignChecker/calypto/.extseq/iter_1_wlindex_16/.cex_2360.txt ; echo ExtSeqAlgorithmFinished ;'
[00:01:54] --> stdout will be redirected to /home/jd4691/research/NTT_CPU/peaseNTT_nocpy/Catapult_2_1/peaseNTT.v4/CDesignChecker/calypto/.extseq/iter_1_wlindex_16/.stdout_248
[00:01:54] --> stderr will be redirected to /home/jd4691/research/NTT_CPU/peaseNTT_nocpy/Catapult_2_1/peaseNTT.v4/CDesignChecker/calypto/.extseq/iter_1_wlindex_16/.stdout_248_err
[00:01:54] --> time limit: 4 sec, mem limit: 4000 MB
[00:01:58] Child process 57336 finished with return value 9 (signaled: 1, exited: 0, exit status 0)
[00:01:58] Master issued REQ_CHDIR + /home/jd4691/research/NTT_CPU/peaseNTT_nocpy/Catapult_2_1/peaseNTT.v4/CDesignChecker/calypto/.extseq/iter_1_wlindex_18
[00:01:58] Master issued REQ_EXEC.  Forked PID 57402 and executing '/opt/mentorgraphics/Catapult_10.5c/Mgc_home/pkgs/cds_cpc/rls/platform/linux64/bin/abc -d -c read_aiger /home/jd4691/research/NTT_CPU/peaseNTT_nocpy/Catapult_2_1/peaseNTT.v4/CDesignChecker/calypto/.extseq/iter_1_wlindex_18/.snapshot_6441.aig ; pdr -v -C 0 -T 4 seconds ; write_cex -nmsvz /home/jd4691/research/NTT_CPU/peaseNTT_nocpy/Catapult_2_1/peaseNTT.v4/CDesignChecker/calypto/.extseq/iter_1_wlindex_18/.cex_2420.txt ; echo ExtSeqAlgorithmFinished ;'
[00:01:58] --> stdout will be redirected to /home/jd4691/research/NTT_CPU/peaseNTT_nocpy/Catapult_2_1/peaseNTT.v4/CDesignChecker/calypto/.extseq/iter_1_wlindex_18/.stdout_255
[00:01:58] --> stderr will be redirected to /home/jd4691/research/NTT_CPU/peaseNTT_nocpy/Catapult_2_1/peaseNTT.v4/CDesignChecker/calypto/.extseq/iter_1_wlindex_18/.stdout_255_err
[00:01:58] --> time limit: 4 sec, mem limit: 4000 MB
[00:02:02] Child process 57402 finished with return value 9 (signaled: 1, exited: 0, exit status 0)
[00:02:03] Master issued REQ_CHDIR + /home/jd4691/research/NTT_CPU/peaseNTT_nocpy/Catapult_2_1/peaseNTT.v4/CDesignChecker/calypto/.extseq/iter_1_wlindex_19
[00:02:03] Master issued REQ_EXEC.  Forked PID 57457 and executing '/opt/mentorgraphics/Catapult_10.5c/Mgc_home/pkgs/cds_cpc/rls/platform/linux64/bin/abc -d -c read_aiger /home/jd4691/research/NTT_CPU/peaseNTT_nocpy/Catapult_2_1/peaseNTT.v4/CDesignChecker/calypto/.extseq/iter_1_wlindex_19/.snapshot_6603.aig ; pdr -v -C 0 -T 4 seconds ; write_cex -nmsvz /home/jd4691/research/NTT_CPU/peaseNTT_nocpy/Catapult_2_1/peaseNTT.v4/CDesignChecker/calypto/.extseq/iter_1_wlindex_19/.cex_2480.txt ; echo ExtSeqAlgorithmFinished ;'
[00:02:03] --> stdout will be redirected to /home/jd4691/research/NTT_CPU/peaseNTT_nocpy/Catapult_2_1/peaseNTT.v4/CDesignChecker/calypto/.extseq/iter_1_wlindex_19/.stdout_262
[00:02:03] --> stderr will be redirected to /home/jd4691/research/NTT_CPU/peaseNTT_nocpy/Catapult_2_1/peaseNTT.v4/CDesignChecker/calypto/.extseq/iter_1_wlindex_19/.stdout_262_err
[00:02:03] --> time limit: 4 sec, mem limit: 4000 MB
[00:02:07] Child process 57457 finished with return value 9 (signaled: 1, exited: 0, exit status 0)
[00:02:08] Master issued REQ_CHDIR + /home/jd4691/research/NTT_CPU/peaseNTT_nocpy/Catapult_2_1/peaseNTT.v4/CDesignChecker/calypto/.extseq/iter_1_wlindex_21
[00:02:08] Master issued REQ_EXEC.  Forked PID 57501 and executing '/opt/mentorgraphics/Catapult_10.5c/Mgc_home/pkgs/cds_cpc/rls/platform/linux64/bin/abc -d -c read_aiger /home/jd4691/research/NTT_CPU/peaseNTT_nocpy/Catapult_2_1/peaseNTT.v4/CDesignChecker/calypto/.extseq/iter_1_wlindex_21/.snapshot_6836.aig ; pdr -v -C 0 -T 4 seconds ; write_cex -nmsvz /home/jd4691/research/NTT_CPU/peaseNTT_nocpy/Catapult_2_1/peaseNTT.v4/CDesignChecker/calypto/.extseq/iter_1_wlindex_21/.cex_2570.txt ; echo ExtSeqAlgorithmFinished ;'
[00:02:08] --> stdout will be redirected to /home/jd4691/research/NTT_CPU/peaseNTT_nocpy/Catapult_2_1/peaseNTT.v4/CDesignChecker/calypto/.extseq/iter_1_wlindex_21/.stdout_270
[00:02:08] --> stderr will be redirected to /home/jd4691/research/NTT_CPU/peaseNTT_nocpy/Catapult_2_1/peaseNTT.v4/CDesignChecker/calypto/.extseq/iter_1_wlindex_21/.stdout_270_err
[00:02:08] --> time limit: 4 sec, mem limit: 4000 MB
[00:02:12] Child process 57501 finished with return value 9 (signaled: 1, exited: 0, exit status 0)
[00:02:12] Master issued REQ_CHDIR + /home/jd4691/research/NTT_CPU/peaseNTT_nocpy/Catapult_2_1/peaseNTT.v4/CDesignChecker/calypto/.extseq/iter_1_wlindex_22
[00:02:12] Master issued REQ_EXEC.  Forked PID 57545 and executing '/opt/mentorgraphics/Catapult_10.5c/Mgc_home/pkgs/cds_cpc/rls/platform/linux64/bin/abc -d -c read_aiger /home/jd4691/research/NTT_CPU/peaseNTT_nocpy/Catapult_2_1/peaseNTT.v4/CDesignChecker/calypto/.extseq/iter_1_wlindex_22/.snapshot_7069.aig ; pdr -v -C 0 -T 4 seconds ; write_cex -nmsvz /home/jd4691/research/NTT_CPU/peaseNTT_nocpy/Catapult_2_1/peaseNTT.v4/CDesignChecker/calypto/.extseq/iter_1_wlindex_22/.cex_2660.txt ; echo ExtSeqAlgorithmFinished ;'
[00:02:12] --> stdout will be redirected to /home/jd4691/research/NTT_CPU/peaseNTT_nocpy/Catapult_2_1/peaseNTT.v4/CDesignChecker/calypto/.extseq/iter_1_wlindex_22/.stdout_278
[00:02:12] --> stderr will be redirected to /home/jd4691/research/NTT_CPU/peaseNTT_nocpy/Catapult_2_1/peaseNTT.v4/CDesignChecker/calypto/.extseq/iter_1_wlindex_22/.stdout_278_err
[00:02:12] --> time limit: 4 sec, mem limit: 4000 MB
[00:02:16] Child process 57545 finished with return value 9 (signaled: 1, exited: 0, exit status 0)
[00:02:17] Master issued REQ_CHDIR + /home/jd4691/research/NTT_CPU/peaseNTT_nocpy/Catapult_2_1/peaseNTT.v4/CDesignChecker/calypto/.extseq/iter_1_wlindex_23
[00:02:17] Master issued REQ_EXEC.  Forked PID 57584 and executing '/opt/mentorgraphics/Catapult_10.5c/Mgc_home/pkgs/cds_cpc/rls/platform/linux64/bin/abc -d -c read_aiger /home/jd4691/research/NTT_CPU/peaseNTT_nocpy/Catapult_2_1/peaseNTT.v4/CDesignChecker/calypto/.extseq/iter_1_wlindex_23/.snapshot_7231.aig ; pdr -v -C 0 -T 4 seconds ; write_cex -nmsvz /home/jd4691/research/NTT_CPU/peaseNTT_nocpy/Catapult_2_1/peaseNTT.v4/CDesignChecker/calypto/.extseq/iter_1_wlindex_23/.cex_2720.txt ; echo ExtSeqAlgorithmFinished ;'
[00:02:17] --> stdout will be redirected to /home/jd4691/research/NTT_CPU/peaseNTT_nocpy/Catapult_2_1/peaseNTT.v4/CDesignChecker/calypto/.extseq/iter_1_wlindex_23/.stdout_285
[00:02:17] --> stderr will be redirected to /home/jd4691/research/NTT_CPU/peaseNTT_nocpy/Catapult_2_1/peaseNTT.v4/CDesignChecker/calypto/.extseq/iter_1_wlindex_23/.stdout_285_err
[00:02:17] --> time limit: 4 sec, mem limit: 4000 MB
[00:02:21] Child process 57584 finished with return value 9 (signaled: 1, exited: 0, exit status 0)
[00:02:22] Master issued REQ_CHDIR + /home/jd4691/research/NTT_CPU/peaseNTT_nocpy/Catapult_2_1/peaseNTT.v4/CDesignChecker/calypto/.extseq/iter_1_wlindex_24
[00:02:22] Master issued REQ_EXEC.  Forked PID 57628 and executing '/opt/mentorgraphics/Catapult_10.5c/Mgc_home/pkgs/cds_cpc/rls/platform/linux64/bin/abc -d -c read_aiger /home/jd4691/research/NTT_CPU/peaseNTT_nocpy/Catapult_2_1/peaseNTT.v4/CDesignChecker/calypto/.extseq/iter_1_wlindex_24/.snapshot_7464.aig ; pdr -v -C 0 -T 4 seconds ; write_cex -nmsvz /home/jd4691/research/NTT_CPU/peaseNTT_nocpy/Catapult_2_1/peaseNTT.v4/CDesignChecker/calypto/.extseq/iter_1_wlindex_24/.cex_2810.txt ; echo ExtSeqAlgorithmFinished ;'
[00:02:22] --> stdout will be redirected to /home/jd4691/research/NTT_CPU/peaseNTT_nocpy/Catapult_2_1/peaseNTT.v4/CDesignChecker/calypto/.extseq/iter_1_wlindex_24/.stdout_293
[00:02:22] --> stderr will be redirected to /home/jd4691/research/NTT_CPU/peaseNTT_nocpy/Catapult_2_1/peaseNTT.v4/CDesignChecker/calypto/.extseq/iter_1_wlindex_24/.stdout_293_err
[00:02:22] --> time limit: 4 sec, mem limit: 4000 MB
[00:02:26] Child process 57628 finished with return value 9 (signaled: 1, exited: 0, exit status 0)
[00:02:27] Master issued REQ_CHDIR + /home/jd4691/research/NTT_CPU/peaseNTT_nocpy/Catapult_2_1/peaseNTT.v4/CDesignChecker/calypto/.extseq/iter_2_wlindex_2
[00:02:27] Master issued REQ_EXEC.  Forked PID 57669 and executing '/opt/mentorgraphics/Catapult_10.5c/Mgc_home/pkgs/cds_cpc/rls/platform/linux64/bin/abc -d -c read_aiger /home/jd4691/research/NTT_CPU/peaseNTT_nocpy/Catapult_2_1/peaseNTT.v4/CDesignChecker/calypto/.extseq/iter_2_wlindex_2/.snapshot_7697.aig ; pdr -v -C 0 -T 16 seconds ; write_cex -nmsvz /home/jd4691/research/NTT_CPU/peaseNTT_nocpy/Catapult_2_1/peaseNTT.v4/CDesignChecker/calypto/.extseq/iter_2_wlindex_2/.cex_2900.txt ; echo ExtSeqAlgorithmFinished ;'
[00:02:27] --> stdout will be redirected to /home/jd4691/research/NTT_CPU/peaseNTT_nocpy/Catapult_2_1/peaseNTT.v4/CDesignChecker/calypto/.extseq/iter_2_wlindex_2/.stdout_301
[00:02:27] --> stderr will be redirected to /home/jd4691/research/NTT_CPU/peaseNTT_nocpy/Catapult_2_1/peaseNTT.v4/CDesignChecker/calypto/.extseq/iter_2_wlindex_2/.stdout_301_err
[00:02:27] --> time limit: 16 sec, mem limit: 4000 MB
[00:02:43] Child process 57669 finished with return value 9 (signaled: 1, exited: 0, exit status 0)
[00:02:44] Master issued REQ_CHDIR + /home/jd4691/research/NTT_CPU/peaseNTT_nocpy/Catapult_2_1/peaseNTT.v4/CDesignChecker/calypto/.extseq/iter_2_wlindex_3
[00:02:44] Master issued REQ_EXEC.  Forked PID 57768 and executing '/opt/mentorgraphics/Catapult_10.5c/Mgc_home/pkgs/cds_cpc/rls/platform/linux64/bin/abc -d -c read_aiger /home/jd4691/research/NTT_CPU/peaseNTT_nocpy/Catapult_2_1/peaseNTT.v4/CDesignChecker/calypto/.extseq/iter_2_wlindex_3/.snapshot_7930.aig ; pdr -v -C 0 -T 16 seconds ; write_cex -nmsvz /home/jd4691/research/NTT_CPU/peaseNTT_nocpy/Catapult_2_1/peaseNTT.v4/CDesignChecker/calypto/.extseq/iter_2_wlindex_3/.cex_2990.txt ; echo ExtSeqAlgorithmFinished ;'
[00:02:44] --> stdout will be redirected to /home/jd4691/research/NTT_CPU/peaseNTT_nocpy/Catapult_2_1/peaseNTT.v4/CDesignChecker/calypto/.extseq/iter_2_wlindex_3/.stdout_309
[00:02:44] --> stderr will be redirected to /home/jd4691/research/NTT_CPU/peaseNTT_nocpy/Catapult_2_1/peaseNTT.v4/CDesignChecker/calypto/.extseq/iter_2_wlindex_3/.stdout_309_err
[00:02:44] --> time limit: 16 sec, mem limit: 4000 MB
[00:03:00] Child process 57768 finished with return value 9 (signaled: 1, exited: 0, exit status 0)
[00:03:01] Master issued REQ_CHDIR + /home/jd4691/research/NTT_CPU/peaseNTT_nocpy/Catapult_2_1/peaseNTT.v4/CDesignChecker/calypto/.extseq/iter_2_wlindex_5
[00:03:01] Master issued REQ_EXEC.  Forked PID 57854 and executing '/opt/mentorgraphics/Catapult_10.5c/Mgc_home/pkgs/cds_cpc/rls/platform/linux64/bin/abc -d -c read_aiger /home/jd4691/research/NTT_CPU/peaseNTT_nocpy/Catapult_2_1/peaseNTT.v4/CDesignChecker/calypto/.extseq/iter_2_wlindex_5/.snapshot_8092.aig ; pdr -v -C 0 -T 16 seconds ; write_cex -nmsvz /home/jd4691/research/NTT_CPU/peaseNTT_nocpy/Catapult_2_1/peaseNTT.v4/CDesignChecker/calypto/.extseq/iter_2_wlindex_5/.cex_3050.txt ; echo ExtSeqAlgorithmFinished ;'
[00:03:01] --> stdout will be redirected to /home/jd4691/research/NTT_CPU/peaseNTT_nocpy/Catapult_2_1/peaseNTT.v4/CDesignChecker/calypto/.extseq/iter_2_wlindex_5/.stdout_316
[00:03:01] --> stderr will be redirected to /home/jd4691/research/NTT_CPU/peaseNTT_nocpy/Catapult_2_1/peaseNTT.v4/CDesignChecker/calypto/.extseq/iter_2_wlindex_5/.stdout_316_err
[00:03:01] --> time limit: 16 sec, mem limit: 4000 MB
[00:03:17] Child process 57854 finished with return value 9 (signaled: 1, exited: 0, exit status 0)
[00:03:18] Master issued REQ_CHDIR + /home/jd4691/research/NTT_CPU/peaseNTT_nocpy/Catapult_2_1/peaseNTT.v4/CDesignChecker/calypto/.extseq/iter_2_wlindex_6
[00:03:18] Master issued REQ_EXEC.  Forked PID 57934 and executing '/opt/mentorgraphics/Catapult_10.5c/Mgc_home/pkgs/cds_cpc/rls/platform/linux64/bin/abc -d -c read_aiger /home/jd4691/research/NTT_CPU/peaseNTT_nocpy/Catapult_2_1/peaseNTT.v4/CDesignChecker/calypto/.extseq/iter_2_wlindex_6/.snapshot_8325.aig ; pdr -v -C 0 -T 16 seconds ; write_cex -nmsvz /home/jd4691/research/NTT_CPU/peaseNTT_nocpy/Catapult_2_1/peaseNTT.v4/CDesignChecker/calypto/.extseq/iter_2_wlindex_6/.cex_3140.txt ; echo ExtSeqAlgorithmFinished ;'
[00:03:18] --> stdout will be redirected to /home/jd4691/research/NTT_CPU/peaseNTT_nocpy/Catapult_2_1/peaseNTT.v4/CDesignChecker/calypto/.extseq/iter_2_wlindex_6/.stdout_324
[00:03:18] --> stderr will be redirected to /home/jd4691/research/NTT_CPU/peaseNTT_nocpy/Catapult_2_1/peaseNTT.v4/CDesignChecker/calypto/.extseq/iter_2_wlindex_6/.stdout_324_err
[00:03:18] --> time limit: 16 sec, mem limit: 4000 MB
[00:03:34] Child process 57934 finished with return value 9 (signaled: 1, exited: 0, exit status 0)
[00:03:35] Master issued REQ_CHDIR + /home/jd4691/research/NTT_CPU/peaseNTT_nocpy/Catapult_2_1/peaseNTT.v4/CDesignChecker/calypto/.extseq/iter_2_wlindex_7
[00:03:35] Master issued REQ_EXEC.  Forked PID 58059 and executing '/opt/mentorgraphics/Catapult_10.5c/Mgc_home/pkgs/cds_cpc/rls/platform/linux64/bin/abc -d -c read_aiger /home/jd4691/research/NTT_CPU/peaseNTT_nocpy/Catapult_2_1/peaseNTT.v4/CDesignChecker/calypto/.extseq/iter_2_wlindex_7/.snapshot_8558.aig ; pdr -v -C 0 -T 16 seconds ; write_cex -nmsvz /home/jd4691/research/NTT_CPU/peaseNTT_nocpy/Catapult_2_1/peaseNTT.v4/CDesignChecker/calypto/.extseq/iter_2_wlindex_7/.cex_3230.txt ; echo ExtSeqAlgorithmFinished ;'
[00:03:35] --> stdout will be redirected to /home/jd4691/research/NTT_CPU/peaseNTT_nocpy/Catapult_2_1/peaseNTT.v4/CDesignChecker/calypto/.extseq/iter_2_wlindex_7/.stdout_332
[00:03:35] --> stderr will be redirected to /home/jd4691/research/NTT_CPU/peaseNTT_nocpy/Catapult_2_1/peaseNTT.v4/CDesignChecker/calypto/.extseq/iter_2_wlindex_7/.stdout_332_err
[00:03:35] --> time limit: 16 sec, mem limit: 4000 MB
[00:03:51] Child process 58059 finished with return value 9 (signaled: 1, exited: 0, exit status 0)
[00:03:52] Master issued REQ_CHDIR + /home/jd4691/research/NTT_CPU/peaseNTT_nocpy/Catapult_2_1/peaseNTT.v4/CDesignChecker/calypto/.extseq/iter_2_wlindex_8
[00:03:52] Master issued REQ_EXEC.  Forked PID 58143 and executing '/opt/mentorgraphics/Catapult_10.5c/Mgc_home/pkgs/cds_cpc/rls/platform/linux64/bin/abc -d -c read_aiger /home/jd4691/research/NTT_CPU/peaseNTT_nocpy/Catapult_2_1/peaseNTT.v4/CDesignChecker/calypto/.extseq/iter_2_wlindex_8/.snapshot_8791.aig ; pdr -v -C 0 -T 16 seconds ; write_cex -nmsvz /home/jd4691/research/NTT_CPU/peaseNTT_nocpy/Catapult_2_1/peaseNTT.v4/CDesignChecker/calypto/.extseq/iter_2_wlindex_8/.cex_3320.txt ; echo ExtSeqAlgorithmFinished ;'
[00:03:52] --> stdout will be redirected to /home/jd4691/research/NTT_CPU/peaseNTT_nocpy/Catapult_2_1/peaseNTT.v4/CDesignChecker/calypto/.extseq/iter_2_wlindex_8/.stdout_340
[00:03:52] --> stderr will be redirected to /home/jd4691/research/NTT_CPU/peaseNTT_nocpy/Catapult_2_1/peaseNTT.v4/CDesignChecker/calypto/.extseq/iter_2_wlindex_8/.stdout_340_err
[00:03:52] --> time limit: 16 sec, mem limit: 4000 MB
[00:04:08] Child process 58143 finished with return value 9 (signaled: 1, exited: 0, exit status 0)
[00:04:09] Master issued REQ_CHDIR + /home/jd4691/research/NTT_CPU/peaseNTT_nocpy/Catapult_2_1/peaseNTT.v4/CDesignChecker/calypto/.extseq/iter_2_wlindex_10
[00:04:09] Master issued REQ_EXEC.  Forked PID 58251 and executing '/opt/mentorgraphics/Catapult_10.5c/Mgc_home/pkgs/cds_cpc/rls/platform/linux64/bin/abc -d -c read_aiger /home/jd4691/research/NTT_CPU/peaseNTT_nocpy/Catapult_2_1/peaseNTT.v4/CDesignChecker/calypto/.extseq/iter_2_wlindex_10/.snapshot_9024.aig ; pdr -v -C 0 -T 16 seconds ; write_cex -nmsvz /home/jd4691/research/NTT_CPU/peaseNTT_nocpy/Catapult_2_1/peaseNTT.v4/CDesignChecker/calypto/.extseq/iter_2_wlindex_10/.cex_3410.txt ; echo ExtSeqAlgorithmFinished ;'
[00:04:09] --> stdout will be redirected to /home/jd4691/research/NTT_CPU/peaseNTT_nocpy/Catapult_2_1/peaseNTT.v4/CDesignChecker/calypto/.extseq/iter_2_wlindex_10/.stdout_348
[00:04:09] --> stderr will be redirected to /home/jd4691/research/NTT_CPU/peaseNTT_nocpy/Catapult_2_1/peaseNTT.v4/CDesignChecker/calypto/.extseq/iter_2_wlindex_10/.stdout_348_err
[00:04:09] --> time limit: 16 sec, mem limit: 4000 MB
[00:04:25] Child process 58251 finished with return value 9 (signaled: 1, exited: 0, exit status 0)
[00:04:26] Master issued REQ_CHDIR + /home/jd4691/research/NTT_CPU/peaseNTT_nocpy/Catapult_2_1/peaseNTT.v4/CDesignChecker/calypto/.extseq/iter_2_wlindex_11
[00:04:26] Master issued REQ_EXEC.  Forked PID 58296 and executing '/opt/mentorgraphics/Catapult_10.5c/Mgc_home/pkgs/cds_cpc/rls/platform/linux64/bin/abc -d -c read_aiger /home/jd4691/research/NTT_CPU/peaseNTT_nocpy/Catapult_2_1/peaseNTT.v4/CDesignChecker/calypto/.extseq/iter_2_wlindex_11/.snapshot_9257.aig ; pdr -v -C 0 -T 16 seconds ; write_cex -nmsvz /home/jd4691/research/NTT_CPU/peaseNTT_nocpy/Catapult_2_1/peaseNTT.v4/CDesignChecker/calypto/.extseq/iter_2_wlindex_11/.cex_3500.txt ; echo ExtSeqAlgorithmFinished ;'
[00:04:26] --> stdout will be redirected to /home/jd4691/research/NTT_CPU/peaseNTT_nocpy/Catapult_2_1/peaseNTT.v4/CDesignChecker/calypto/.extseq/iter_2_wlindex_11/.stdout_356
[00:04:26] --> stderr will be redirected to /home/jd4691/research/NTT_CPU/peaseNTT_nocpy/Catapult_2_1/peaseNTT.v4/CDesignChecker/calypto/.extseq/iter_2_wlindex_11/.stdout_356_err
[00:04:26] --> time limit: 16 sec, mem limit: 4000 MB
[00:04:42] Child process 58296 finished with return value 9 (signaled: 1, exited: 0, exit status 0)
[00:04:42] Master issued REQ_CHDIR + /home/jd4691/research/NTT_CPU/peaseNTT_nocpy/Catapult_2_1/peaseNTT.v4/CDesignChecker/calypto/.extseq/iter_2_wlindex_13
[00:04:42] Master issued REQ_EXEC.  Forked PID 58403 and executing '/opt/mentorgraphics/Catapult_10.5c/Mgc_home/pkgs/cds_cpc/rls/platform/linux64/bin/abc -d -c read_aiger /home/jd4691/research/NTT_CPU/peaseNTT_nocpy/Catapult_2_1/peaseNTT.v4/CDesignChecker/calypto/.extseq/iter_2_wlindex_13/.snapshot_9490.aig ; pdr -v -C 0 -T 16 seconds ; write_cex -nmsvz /home/jd4691/research/NTT_CPU/peaseNTT_nocpy/Catapult_2_1/peaseNTT.v4/CDesignChecker/calypto/.extseq/iter_2_wlindex_13/.cex_3590.txt ; echo ExtSeqAlgorithmFinished ;'
[00:04:42] --> stdout will be redirected to /home/jd4691/research/NTT_CPU/peaseNTT_nocpy/Catapult_2_1/peaseNTT.v4/CDesignChecker/calypto/.extseq/iter_2_wlindex_13/.stdout_364
[00:04:42] --> stderr will be redirected to /home/jd4691/research/NTT_CPU/peaseNTT_nocpy/Catapult_2_1/peaseNTT.v4/CDesignChecker/calypto/.extseq/iter_2_wlindex_13/.stdout_364_err
[00:04:42] --> time limit: 16 sec, mem limit: 4000 MB
[00:04:58] Child process 58403 finished with return value 9 (signaled: 1, exited: 0, exit status 0)
[00:04:59] Master issued REQ_CHDIR + /home/jd4691/research/NTT_CPU/peaseNTT_nocpy/Catapult_2_1/peaseNTT.v4/CDesignChecker/calypto/.extseq/iter_2_wlindex_14
[00:04:59] Master issued REQ_EXEC.  Forked PID 58459 and executing '/opt/mentorgraphics/Catapult_10.5c/Mgc_home/pkgs/cds_cpc/rls/platform/linux64/bin/abc -d -c read_aiger /home/jd4691/research/NTT_CPU/peaseNTT_nocpy/Catapult_2_1/peaseNTT.v4/CDesignChecker/calypto/.extseq/iter_2_wlindex_14/.snapshot_9652.aig ; pdr -v -C 0 -T 16 seconds ; write_cex -nmsvz /home/jd4691/research/NTT_CPU/peaseNTT_nocpy/Catapult_2_1/peaseNTT.v4/CDesignChecker/calypto/.extseq/iter_2_wlindex_14/.cex_3650.txt ; echo ExtSeqAlgorithmFinished ;'
[00:04:59] --> stdout will be redirected to /home/jd4691/research/NTT_CPU/peaseNTT_nocpy/Catapult_2_1/peaseNTT.v4/CDesignChecker/calypto/.extseq/iter_2_wlindex_14/.stdout_371
[00:04:59] --> stderr will be redirected to /home/jd4691/research/NTT_CPU/peaseNTT_nocpy/Catapult_2_1/peaseNTT.v4/CDesignChecker/calypto/.extseq/iter_2_wlindex_14/.stdout_371_err
[00:04:59] --> time limit: 16 sec, mem limit: 4000 MB
[00:05:15] Child process 58459 finished with return value 9 (signaled: 1, exited: 0, exit status 0)
[00:05:16] Master issued REQ_CHDIR + /home/jd4691/research/NTT_CPU/peaseNTT_nocpy/Catapult_2_1/peaseNTT.v4/CDesignChecker/calypto/.extseq/iter_2_wlindex_15
[00:05:16] Master issued REQ_EXEC.  Forked PID 59710 and executing '/opt/mentorgraphics/Catapult_10.5c/Mgc_home/pkgs/cds_cpc/rls/platform/linux64/bin/abc -d -c read_aiger /home/jd4691/research/NTT_CPU/peaseNTT_nocpy/Catapult_2_1/peaseNTT.v4/CDesignChecker/calypto/.extseq/iter_2_wlindex_15/.snapshot_9885.aig ; pdr -v -C 0 -T 15 seconds ; write_cex -nmsvz /home/jd4691/research/NTT_CPU/peaseNTT_nocpy/Catapult_2_1/peaseNTT.v4/CDesignChecker/calypto/.extseq/iter_2_wlindex_15/.cex_3740.txt ; echo ExtSeqAlgorithmFinished ;'
[00:05:16] --> stdout will be redirected to /home/jd4691/research/NTT_CPU/peaseNTT_nocpy/Catapult_2_1/peaseNTT.v4/CDesignChecker/calypto/.extseq/iter_2_wlindex_15/.stdout_379
[00:05:16] --> stderr will be redirected to /home/jd4691/research/NTT_CPU/peaseNTT_nocpy/Catapult_2_1/peaseNTT.v4/CDesignChecker/calypto/.extseq/iter_2_wlindex_15/.stdout_379_err
[00:05:16] --> time limit: 15 sec, mem limit: 4000 MB
[00:05:31] Child process 59710 finished with return value 9 (signaled: 1, exited: 0, exit status 0)
[00:05:32] Master issued REQ_CHDIR + /home/jd4691/research/NTT_CPU/peaseNTT_nocpy/Catapult_2_1/peaseNTT.v4/CDesignChecker/calypto/.extseq/iter_2_wlindex_16
[00:05:32] Master issued REQ_EXEC.  Forked PID 59915 and executing '/opt/mentorgraphics/Catapult_10.5c/Mgc_home/pkgs/cds_cpc/rls/platform/linux64/bin/abc -d -c read_aiger /home/jd4691/research/NTT_CPU/peaseNTT_nocpy/Catapult_2_1/peaseNTT.v4/CDesignChecker/calypto/.extseq/iter_2_wlindex_16/.snapshot_10118.aig ; pdr -v -C 0 -T 16 seconds ; write_cex -nmsvz /home/jd4691/research/NTT_CPU/peaseNTT_nocpy/Catapult_2_1/peaseNTT.v4/CDesignChecker/calypto/.extseq/iter_2_wlindex_16/.cex_3830.txt ; echo ExtSeqAlgorithmFinished ;'
[00:05:32] --> stdout will be redirected to /home/jd4691/research/NTT_CPU/peaseNTT_nocpy/Catapult_2_1/peaseNTT.v4/CDesignChecker/calypto/.extseq/iter_2_wlindex_16/.stdout_387
[00:05:32] --> stderr will be redirected to /home/jd4691/research/NTT_CPU/peaseNTT_nocpy/Catapult_2_1/peaseNTT.v4/CDesignChecker/calypto/.extseq/iter_2_wlindex_16/.stdout_387_err
[00:05:32] --> time limit: 16 sec, mem limit: 4000 MB
[00:05:48] Child process 59915 finished with return value 9 (signaled: 1, exited: 0, exit status 0)
[00:05:49] Master issued REQ_CHDIR + /home/jd4691/research/NTT_CPU/peaseNTT_nocpy/Catapult_2_1/peaseNTT.v4/CDesignChecker/calypto/.extseq/iter_2_wlindex_18
[00:05:49] Master issued REQ_EXEC.  Forked PID 60029 and executing '/opt/mentorgraphics/Catapult_10.5c/Mgc_home/pkgs/cds_cpc/rls/platform/linux64/bin/abc -d -c read_aiger /home/jd4691/research/NTT_CPU/peaseNTT_nocpy/Catapult_2_1/peaseNTT.v4/CDesignChecker/calypto/.extseq/iter_2_wlindex_18/.snapshot_10351.aig ; pdr -v -C 0 -T 16 seconds ; write_cex -nmsvz /home/jd4691/research/NTT_CPU/peaseNTT_nocpy/Catapult_2_1/peaseNTT.v4/CDesignChecker/calypto/.extseq/iter_2_wlindex_18/.cex_3920.txt ; echo ExtSeqAlgorithmFinished ;'
[00:05:49] --> stdout will be redirected to /home/jd4691/research/NTT_CPU/peaseNTT_nocpy/Catapult_2_1/peaseNTT.v4/CDesignChecker/calypto/.extseq/iter_2_wlindex_18/.stdout_395
[00:05:49] --> stderr will be redirected to /home/jd4691/research/NTT_CPU/peaseNTT_nocpy/Catapult_2_1/peaseNTT.v4/CDesignChecker/calypto/.extseq/iter_2_wlindex_18/.stdout_395_err
[00:05:49] --> time limit: 16 sec, mem limit: 4000 MB
[00:05:56] Master issued REQ_KILL.  Killing child process
[00:05:56] Killing child process group at PGID 60029 (worker_bootstrap PID is 53566)
[00:05:56] Child process 60029 finished with return value 15 (signaled: 1, exited: 0, exit status 0)
[00:05:56] Master issued REQ_CHDIR + /home/jd4691/research/NTT_CPU/peaseNTT_nocpy/Catapult_2_1/peaseNTT.v4/CDesignChecker/calypto/.extseq/iter_2_wlindex_19
[00:05:56] Master issued REQ_EXEC.  Forked PID 60114 and executing '/opt/mentorgraphics/Catapult_10.5c/Mgc_home/pkgs/cds_cpc/rls/platform/linux64/bin/abc -d -c read_aiger /home/jd4691/research/NTT_CPU/peaseNTT_nocpy/Catapult_2_1/peaseNTT.v4/CDesignChecker/calypto/.extseq/iter_2_wlindex_19/.snapshot_10513.aig ; pdr -v -C 0 -T 16 seconds ; write_cex -nmsvz /home/jd4691/research/NTT_CPU/peaseNTT_nocpy/Catapult_2_1/peaseNTT.v4/CDesignChecker/calypto/.extseq/iter_2_wlindex_19/.cex_3980.txt ; echo ExtSeqAlgorithmFinished ;'
[00:05:56] --> stdout will be redirected to /home/jd4691/research/NTT_CPU/peaseNTT_nocpy/Catapult_2_1/peaseNTT.v4/CDesignChecker/calypto/.extseq/iter_2_wlindex_19/.stdout_402
[00:05:56] --> stderr will be redirected to /home/jd4691/research/NTT_CPU/peaseNTT_nocpy/Catapult_2_1/peaseNTT.v4/CDesignChecker/calypto/.extseq/iter_2_wlindex_19/.stdout_402_err
[00:05:56] --> time limit: 16 sec, mem limit: 4000 MB
[00:06:03] Master issued REQ_KILL.  Killing child process
[00:06:03] Killing child process group at PGID 60114 (worker_bootstrap PID is 53566)
[00:06:03] Child process 60114 finished with return value 15 (signaled: 1, exited: 0, exit status 0)
[00:06:16] Exiting because an error occurred: Connection reset by peer
