[00:00:23] /opt/mentorgraphics/Catapult_10.5c/Mgc_home/pkgs/cds_cpc/rls/platform/linux64/bin/worker_bootstrap started with ID newnano.poly.edu.53567
[00:00:23] Trying to connect to 128.238.147.29:45928
[00:00:23] Connected to the master
[00:00:23] Sending REQ_SET_WORKER_ID + newnano.poly.edu.53567
[00:00:23] Master issued REQ_CHDIR + /home/jd4691/research/NTT_CPU/peaseNTT_nocpy/Catapult_2_1/peaseNTT.v4/CDesignChecker/calypto/.extseq/iter_0_wlindex_2
[00:00:23] Master issued REQ_EXEC.  Forked PID 53570 and executing '/opt/mentorgraphics/Catapult_10.5c/Mgc_home/pkgs/cds_cpc/rls/platform/linux64/bin/abc -d -c read_aiger /home/jd4691/research/NTT_CPU/peaseNTT_nocpy/Catapult_2_1/peaseNTT.v4/CDesignChecker/calypto/.extseq/iter_0_wlindex_2/.snapshot_72.aig ; orpos ; &get -n; &gla -qv -T 1 seconds ; write_cex -nmsvz /home/jd4691/research/NTT_CPU/peaseNTT_nocpy/Catapult_2_1/peaseNTT.v4/CDesignChecker/calypto/.extseq/iter_0_wlindex_2/.cex_59.txt ; echo ExtSeqAlgorithmFinished ;'
[00:00:23] --> stdout will be redirected to /home/jd4691/research/NTT_CPU/peaseNTT_nocpy/Catapult_2_1/peaseNTT.v4/CDesignChecker/calypto/.extseq/iter_0_wlindex_2/.stdout_5
[00:00:23] --> stderr will be redirected to /home/jd4691/research/NTT_CPU/peaseNTT_nocpy/Catapult_2_1/peaseNTT.v4/CDesignChecker/calypto/.extseq/iter_0_wlindex_2/.stdout_5_err
[00:00:23] --> time limit: 1 sec, mem limit: 4000 MB
[00:00:24] Child process 53570 finished with return value 9 (signaled: 1, exited: 0, exit status 0)
[00:00:25] Master issued REQ_CHDIR + /home/jd4691/research/NTT_CPU/peaseNTT_nocpy/Catapult_2_1/peaseNTT.v4/CDesignChecker/calypto/.extseq/iter_0_wlindex_3
[00:00:25] Master issued REQ_EXEC.  Forked PID 53710 and executing '/opt/mentorgraphics/Catapult_10.5c/Mgc_home/pkgs/cds_cpc/rls/platform/linux64/bin/abc -d -c read_aiger /home/jd4691/research/NTT_CPU/peaseNTT_nocpy/Catapult_2_1/peaseNTT.v4/CDesignChecker/calypto/.extseq/iter_0_wlindex_3/.snapshot_234.aig ; orpos ; &get -n; &gla -qv -T 1 seconds ; write_cex -nmsvz /home/jd4691/research/NTT_CPU/peaseNTT_nocpy/Catapult_2_1/peaseNTT.v4/CDesignChecker/calypto/.extseq/iter_0_wlindex_3/.cex_119.txt ; echo ExtSeqAlgorithmFinished ;'
[00:00:25] --> stdout will be redirected to /home/jd4691/research/NTT_CPU/peaseNTT_nocpy/Catapult_2_1/peaseNTT.v4/CDesignChecker/calypto/.extseq/iter_0_wlindex_3/.stdout_12
[00:00:25] --> stderr will be redirected to /home/jd4691/research/NTT_CPU/peaseNTT_nocpy/Catapult_2_1/peaseNTT.v4/CDesignChecker/calypto/.extseq/iter_0_wlindex_3/.stdout_12_err
[00:00:25] --> time limit: 1 sec, mem limit: 4000 MB
[00:00:26] Child process 53710 finished with return value 9 (signaled: 1, exited: 0, exit status 0)
[00:00:27] Master issued REQ_CHDIR + /home/jd4691/research/NTT_CPU/peaseNTT_nocpy/Catapult_2_1/peaseNTT.v4/CDesignChecker/calypto/.extseq/iter_0_wlindex_5
[00:00:27] Master issued REQ_EXEC.  Forked PID 53911 and executing '/opt/mentorgraphics/Catapult_10.5c/Mgc_home/pkgs/cds_cpc/rls/platform/linux64/bin/abc -d -c read_aiger /home/jd4691/research/NTT_CPU/peaseNTT_nocpy/Catapult_2_1/peaseNTT.v4/CDesignChecker/calypto/.extseq/iter_0_wlindex_5/.snapshot_487.aig ; orpos ; &get -n; &gla -qv -T 1 seconds ; write_cex -nmsvz /home/jd4691/research/NTT_CPU/peaseNTT_nocpy/Catapult_2_1/peaseNTT.v4/CDesignChecker/calypto/.extseq/iter_0_wlindex_5/.cex_209.txt ; echo ExtSeqAlgorithmFinished ;'
[00:00:27] --> stdout will be redirected to /home/jd4691/research/NTT_CPU/peaseNTT_nocpy/Catapult_2_1/peaseNTT.v4/CDesignChecker/calypto/.extseq/iter_0_wlindex_5/.stdout_22
[00:00:27] --> stderr will be redirected to /home/jd4691/research/NTT_CPU/peaseNTT_nocpy/Catapult_2_1/peaseNTT.v4/CDesignChecker/calypto/.extseq/iter_0_wlindex_5/.stdout_22_err
[00:00:27] --> time limit: 1 sec, mem limit: 4000 MB
[00:00:28] Child process 53911 finished with return value 9 (signaled: 1, exited: 0, exit status 0)
[00:00:29] Master issued REQ_CHDIR + /home/jd4691/research/NTT_CPU/peaseNTT_nocpy/Catapult_2_1/peaseNTT.v4/CDesignChecker/calypto/.extseq/iter_0_wlindex_6
[00:00:29] Master issued REQ_EXEC.  Forked PID 54510 and executing '/opt/mentorgraphics/Catapult_10.5c/Mgc_home/pkgs/cds_cpc/rls/platform/linux64/bin/abc -d -c read_aiger /home/jd4691/research/NTT_CPU/peaseNTT_nocpy/Catapult_2_1/peaseNTT.v4/CDesignChecker/calypto/.extseq/iter_0_wlindex_6/.snapshot_649.aig ; orpos ; &get -n; &gla -qv -T 1 seconds ; write_cex -nmsvz /home/jd4691/research/NTT_CPU/peaseNTT_nocpy/Catapult_2_1/peaseNTT.v4/CDesignChecker/calypto/.extseq/iter_0_wlindex_6/.cex_269.txt ; echo ExtSeqAlgorithmFinished ;'
[00:00:29] --> stdout will be redirected to /home/jd4691/research/NTT_CPU/peaseNTT_nocpy/Catapult_2_1/peaseNTT.v4/CDesignChecker/calypto/.extseq/iter_0_wlindex_6/.stdout_29
[00:00:29] --> stderr will be redirected to /home/jd4691/research/NTT_CPU/peaseNTT_nocpy/Catapult_2_1/peaseNTT.v4/CDesignChecker/calypto/.extseq/iter_0_wlindex_6/.stdout_29_err
[00:00:29] --> time limit: 1 sec, mem limit: 4000 MB
[00:00:30] Child process 54510 finished with return value 9 (signaled: 1, exited: 0, exit status 0)
[00:00:31] Master issued REQ_CHDIR + /home/jd4691/research/NTT_CPU/peaseNTT_nocpy/Catapult_2_1/peaseNTT.v4/CDesignChecker/calypto/.extseq/iter_0_wlindex_7
[00:00:31] Master issued REQ_EXEC.  Forked PID 54873 and executing '/opt/mentorgraphics/Catapult_10.5c/Mgc_home/pkgs/cds_cpc/rls/platform/linux64/bin/abc -d -c read_aiger /home/jd4691/research/NTT_CPU/peaseNTT_nocpy/Catapult_2_1/peaseNTT.v4/CDesignChecker/calypto/.extseq/iter_0_wlindex_7/.snapshot_811.aig ; orpos ; &get -n; &gla -qv -T 1 seconds ; write_cex -nmsvz /home/jd4691/research/NTT_CPU/peaseNTT_nocpy/Catapult_2_1/peaseNTT.v4/CDesignChecker/calypto/.extseq/iter_0_wlindex_7/.cex_329.txt ; echo ExtSeqAlgorithmFinished ;'
[00:00:31] --> stdout will be redirected to /home/jd4691/research/NTT_CPU/peaseNTT_nocpy/Catapult_2_1/peaseNTT.v4/CDesignChecker/calypto/.extseq/iter_0_wlindex_7/.stdout_36
[00:00:31] --> stderr will be redirected to /home/jd4691/research/NTT_CPU/peaseNTT_nocpy/Catapult_2_1/peaseNTT.v4/CDesignChecker/calypto/.extseq/iter_0_wlindex_7/.stdout_36_err
[00:00:31] --> time limit: 1 sec, mem limit: 4000 MB
[00:00:32] Child process 54873 finished with return value 9 (signaled: 1, exited: 0, exit status 0)
[00:00:33] Master issued REQ_CHDIR + /home/jd4691/research/NTT_CPU/peaseNTT_nocpy/Catapult_2_1/peaseNTT.v4/CDesignChecker/calypto/.extseq/iter_0_wlindex_8
[00:00:33] Master issued REQ_EXEC.  Forked PID 55432 and executing '/opt/mentorgraphics/Catapult_10.5c/Mgc_home/pkgs/cds_cpc/rls/platform/linux64/bin/abc -d -c read_aiger /home/jd4691/research/NTT_CPU/peaseNTT_nocpy/Catapult_2_1/peaseNTT.v4/CDesignChecker/calypto/.extseq/iter_0_wlindex_8/.snapshot_973.aig ; orpos ; &get -n; &gla -qv -T 1 seconds ; write_cex -nmsvz /home/jd4691/research/NTT_CPU/peaseNTT_nocpy/Catapult_2_1/peaseNTT.v4/CDesignChecker/calypto/.extseq/iter_0_wlindex_8/.cex_389.txt ; echo ExtSeqAlgorithmFinished ;'
[00:00:33] --> stdout will be redirected to /home/jd4691/research/NTT_CPU/peaseNTT_nocpy/Catapult_2_1/peaseNTT.v4/CDesignChecker/calypto/.extseq/iter_0_wlindex_8/.stdout_43
[00:00:33] --> stderr will be redirected to /home/jd4691/research/NTT_CPU/peaseNTT_nocpy/Catapult_2_1/peaseNTT.v4/CDesignChecker/calypto/.extseq/iter_0_wlindex_8/.stdout_43_err
[00:00:33] --> time limit: 1 sec, mem limit: 4000 MB
[00:00:34] Child process 55432 finished with return value 9 (signaled: 1, exited: 0, exit status 0)
[00:00:34] Master issued REQ_CHDIR + /home/jd4691/research/NTT_CPU/peaseNTT_nocpy/Catapult_2_1/peaseNTT.v4/CDesignChecker/calypto/.extseq/iter_0_wlindex_9
[00:00:34] Master issued REQ_EXEC.  Forked PID 55702 and executing '/opt/mentorgraphics/Catapult_10.5c/Mgc_home/pkgs/cds_cpc/rls/platform/linux64/bin/abc -d -c read_aiger /home/jd4691/research/NTT_CPU/peaseNTT_nocpy/Catapult_2_1/peaseNTT.v4/CDesignChecker/calypto/.extseq/iter_0_wlindex_9/.snapshot_1135.aig ; sim3 -T 0 -v ; write_cex -nmsvz /home/jd4691/research/NTT_CPU/peaseNTT_nocpy/Catapult_2_1/peaseNTT.v4/CDesignChecker/calypto/.extseq/iter_0_wlindex_9/.cex_447.txt ; echo ExtSeqAlgorithmFinished ;'
[00:00:34] --> stdout will be redirected to /home/jd4691/research/NTT_CPU/peaseNTT_nocpy/Catapult_2_1/peaseNTT.v4/CDesignChecker/calypto/.extseq/iter_0_wlindex_9/.stdout_50
[00:00:34] --> stderr will be redirected to /home/jd4691/research/NTT_CPU/peaseNTT_nocpy/Catapult_2_1/peaseNTT.v4/CDesignChecker/calypto/.extseq/iter_0_wlindex_9/.stdout_50_err
[00:00:34] --> time limit: 1 sec, mem limit: 4000 MB
[00:00:35] Child process 55702 finished with return value 9 (signaled: 1, exited: 0, exit status 0)
[00:00:36] Master issued REQ_CHDIR + /home/jd4691/research/NTT_CPU/peaseNTT_nocpy/Catapult_2_1/peaseNTT.v4/CDesignChecker/calypto/.extseq/iter_0_wlindex_10
[00:00:36] Master issued REQ_EXEC.  Forked PID 55744 and executing '/opt/mentorgraphics/Catapult_10.5c/Mgc_home/pkgs/cds_cpc/rls/platform/linux64/bin/abc -d -c read_aiger /home/jd4691/research/NTT_CPU/peaseNTT_nocpy/Catapult_2_1/peaseNTT.v4/CDesignChecker/calypto/.extseq/iter_0_wlindex_10/.snapshot_1368.aig ; orpos ; &get -n; &gla -qv -T 1 seconds ; write_cex -nmsvz /home/jd4691/research/NTT_CPU/peaseNTT_nocpy/Catapult_2_1/peaseNTT.v4/CDesignChecker/calypto/.extseq/iter_0_wlindex_10/.cex_539.txt ; echo ExtSeqAlgorithmFinished ;'
[00:00:36] --> stdout will be redirected to /home/jd4691/research/NTT_CPU/peaseNTT_nocpy/Catapult_2_1/peaseNTT.v4/CDesignChecker/calypto/.extseq/iter_0_wlindex_10/.stdout_58
[00:00:36] --> stderr will be redirected to /home/jd4691/research/NTT_CPU/peaseNTT_nocpy/Catapult_2_1/peaseNTT.v4/CDesignChecker/calypto/.extseq/iter_0_wlindex_10/.stdout_58_err
[00:00:36] --> time limit: 1 sec, mem limit: 4000 MB
[00:00:37] Child process 55744 finished with return value 9 (signaled: 1, exited: 0, exit status 0)
[00:00:39] Master issued REQ_CHDIR + /home/jd4691/research/NTT_CPU/peaseNTT_nocpy/Catapult_2_1/peaseNTT.v4/CDesignChecker/calypto/.extseq/iter_0_wlindex_13
[00:00:39] Master issued REQ_EXEC.  Forked PID 55846 and executing '/opt/mentorgraphics/Catapult_10.5c/Mgc_home/pkgs/cds_cpc/rls/platform/linux64/bin/abc -d -c read_aiger /home/jd4691/research/NTT_CPU/peaseNTT_nocpy/Catapult_2_1/peaseNTT.v4/CDesignChecker/calypto/.extseq/iter_0_wlindex_13/.snapshot_1712.aig ; orpos ; &get -n; &gla -qv -T 1 seconds ; write_cex -nmsvz /home/jd4691/research/NTT_CPU/peaseNTT_nocpy/Catapult_2_1/peaseNTT.v4/CDesignChecker/calypto/.extseq/iter_0_wlindex_13/.cex_659.txt ; echo ExtSeqAlgorithmFinished ;'
[00:00:39] --> stdout will be redirected to /home/jd4691/research/NTT_CPU/peaseNTT_nocpy/Catapult_2_1/peaseNTT.v4/CDesignChecker/calypto/.extseq/iter_0_wlindex_13/.stdout_71
[00:00:39] --> stderr will be redirected to /home/jd4691/research/NTT_CPU/peaseNTT_nocpy/Catapult_2_1/peaseNTT.v4/CDesignChecker/calypto/.extseq/iter_0_wlindex_13/.stdout_71_err
[00:00:39] --> time limit: 1 sec, mem limit: 4000 MB
[00:00:40] Child process 55846 finished with return value 9 (signaled: 1, exited: 0, exit status 0)
[00:00:41] Master issued REQ_CHDIR + /home/jd4691/research/NTT_CPU/peaseNTT_nocpy/Catapult_2_1/peaseNTT.v4/CDesignChecker/calypto/.extseq/iter_0_wlindex_14
[00:00:41] Master issued REQ_EXEC.  Forked PID 55886 and executing '/opt/mentorgraphics/Catapult_10.5c/Mgc_home/pkgs/cds_cpc/rls/platform/linux64/bin/abc -d -c read_aiger /home/jd4691/research/NTT_CPU/peaseNTT_nocpy/Catapult_2_1/peaseNTT.v4/CDesignChecker/calypto/.extseq/iter_0_wlindex_14/.snapshot_1874.aig ; orpos ; &get -n; &gla -qv -T 1 seconds ; write_cex -nmsvz /home/jd4691/research/NTT_CPU/peaseNTT_nocpy/Catapult_2_1/peaseNTT.v4/CDesignChecker/calypto/.extseq/iter_0_wlindex_14/.cex_719.txt ; echo ExtSeqAlgorithmFinished ;'
[00:00:41] --> stdout will be redirected to /home/jd4691/research/NTT_CPU/peaseNTT_nocpy/Catapult_2_1/peaseNTT.v4/CDesignChecker/calypto/.extseq/iter_0_wlindex_14/.stdout_78
[00:00:41] --> stderr will be redirected to /home/jd4691/research/NTT_CPU/peaseNTT_nocpy/Catapult_2_1/peaseNTT.v4/CDesignChecker/calypto/.extseq/iter_0_wlindex_14/.stdout_78_err
[00:00:41] --> time limit: 1 sec, mem limit: 4000 MB
[00:00:42] Child process 55886 finished with return value 9 (signaled: 1, exited: 0, exit status 0)
[00:00:42] Master issued REQ_CHDIR + /home/jd4691/research/NTT_CPU/peaseNTT_nocpy/Catapult_2_1/peaseNTT.v4/CDesignChecker/calypto/.extseq/iter_0_wlindex_15
[00:00:42] Master issued REQ_EXEC.  Forked PID 55927 and executing '/opt/mentorgraphics/Catapult_10.5c/Mgc_home/pkgs/cds_cpc/rls/platform/linux64/bin/abc -d -c read_aiger /home/jd4691/research/NTT_CPU/peaseNTT_nocpy/Catapult_2_1/peaseNTT.v4/CDesignChecker/calypto/.extseq/iter_0_wlindex_15/.snapshot_2036.aig ; orpos ; &get -n; &gla -qv -T 1 seconds ; write_cex -nmsvz /home/jd4691/research/NTT_CPU/peaseNTT_nocpy/Catapult_2_1/peaseNTT.v4/CDesignChecker/calypto/.extseq/iter_0_wlindex_15/.cex_779.txt ; echo ExtSeqAlgorithmFinished ;'
[00:00:42] --> stdout will be redirected to /home/jd4691/research/NTT_CPU/peaseNTT_nocpy/Catapult_2_1/peaseNTT.v4/CDesignChecker/calypto/.extseq/iter_0_wlindex_15/.stdout_85
[00:00:42] --> stderr will be redirected to /home/jd4691/research/NTT_CPU/peaseNTT_nocpy/Catapult_2_1/peaseNTT.v4/CDesignChecker/calypto/.extseq/iter_0_wlindex_15/.stdout_85_err
[00:00:42] --> time limit: 1 sec, mem limit: 4000 MB
[00:00:43] Child process 55927 finished with return value 9 (signaled: 1, exited: 0, exit status 0)
[00:00:44] Master issued REQ_CHDIR + /home/jd4691/research/NTT_CPU/peaseNTT_nocpy/Catapult_2_1/peaseNTT.v4/CDesignChecker/calypto/.extseq/iter_0_wlindex_16
[00:00:44] Master issued REQ_EXEC.  Forked PID 56014 and executing '/opt/mentorgraphics/Catapult_10.5c/Mgc_home/pkgs/cds_cpc/rls/platform/linux64/bin/abc -d -c read_aiger /home/jd4691/research/NTT_CPU/peaseNTT_nocpy/Catapult_2_1/peaseNTT.v4/CDesignChecker/calypto/.extseq/iter_0_wlindex_16/.snapshot_2198.aig ; orpos ; &get -n; &gla -qv -T 1 seconds ; write_cex -nmsvz /home/jd4691/research/NTT_CPU/peaseNTT_nocpy/Catapult_2_1/peaseNTT.v4/CDesignChecker/calypto/.extseq/iter_0_wlindex_16/.cex_839.txt ; echo ExtSeqAlgorithmFinished ;'
[00:00:44] --> stdout will be redirected to /home/jd4691/research/NTT_CPU/peaseNTT_nocpy/Catapult_2_1/peaseNTT.v4/CDesignChecker/calypto/.extseq/iter_0_wlindex_16/.stdout_92
[00:00:44] --> stderr will be redirected to /home/jd4691/research/NTT_CPU/peaseNTT_nocpy/Catapult_2_1/peaseNTT.v4/CDesignChecker/calypto/.extseq/iter_0_wlindex_16/.stdout_92_err
[00:00:44] --> time limit: 1 sec, mem limit: 4000 MB
[00:00:45] Child process 56014 finished with return value 9 (signaled: 1, exited: 0, exit status 0)
[00:00:45] Master issued REQ_CHDIR + /home/jd4691/research/NTT_CPU/peaseNTT_nocpy/Catapult_2_1/peaseNTT.v4/CDesignChecker/calypto/.extseq/iter_0_wlindex_17
[00:00:45] Master issued REQ_EXEC.  Forked PID 56051 and executing '/opt/mentorgraphics/Catapult_10.5c/Mgc_home/pkgs/cds_cpc/rls/platform/linux64/bin/abc -d -c read_aiger /home/jd4691/research/NTT_CPU/peaseNTT_nocpy/Catapult_2_1/peaseNTT.v4/CDesignChecker/calypto/.extseq/iter_0_wlindex_17/.snapshot_2360.aig ; sim3 -T 0 -v ; write_cex -nmsvz /home/jd4691/research/NTT_CPU/peaseNTT_nocpy/Catapult_2_1/peaseNTT.v4/CDesignChecker/calypto/.extseq/iter_0_wlindex_17/.cex_897.txt ; echo ExtSeqAlgorithmFinished ;'
[00:00:45] --> stdout will be redirected to /home/jd4691/research/NTT_CPU/peaseNTT_nocpy/Catapult_2_1/peaseNTT.v4/CDesignChecker/calypto/.extseq/iter_0_wlindex_17/.stdout_99
[00:00:45] --> stderr will be redirected to /home/jd4691/research/NTT_CPU/peaseNTT_nocpy/Catapult_2_1/peaseNTT.v4/CDesignChecker/calypto/.extseq/iter_0_wlindex_17/.stdout_99_err
[00:00:45] --> time limit: 1 sec, mem limit: 4000 MB
[00:00:46] Child process 56051 finished with return value 9 (signaled: 1, exited: 0, exit status 0)
[00:00:48] Master issued REQ_CHDIR + /home/jd4691/research/NTT_CPU/peaseNTT_nocpy/Catapult_2_1/peaseNTT.v4/CDesignChecker/calypto/.extseq/iter_0_wlindex_19
[00:00:48] Master issued REQ_EXEC.  Forked PID 56124 and executing '/opt/mentorgraphics/Catapult_10.5c/Mgc_home/pkgs/cds_cpc/rls/platform/linux64/bin/abc -d -c read_aiger /home/jd4691/research/NTT_CPU/peaseNTT_nocpy/Catapult_2_1/peaseNTT.v4/CDesignChecker/calypto/.extseq/iter_0_wlindex_19/.snapshot_2613.aig ; orpos ; &get -n; &gla -qv -T 1 seconds ; write_cex -nmsvz /home/jd4691/research/NTT_CPU/peaseNTT_nocpy/Catapult_2_1/peaseNTT.v4/CDesignChecker/calypto/.extseq/iter_0_wlindex_19/.cex_989.txt ; echo ExtSeqAlgorithmFinished ;'
[00:00:48] --> stdout will be redirected to /home/jd4691/research/NTT_CPU/peaseNTT_nocpy/Catapult_2_1/peaseNTT.v4/CDesignChecker/calypto/.extseq/iter_0_wlindex_19/.stdout_109
[00:00:48] --> stderr will be redirected to /home/jd4691/research/NTT_CPU/peaseNTT_nocpy/Catapult_2_1/peaseNTT.v4/CDesignChecker/calypto/.extseq/iter_0_wlindex_19/.stdout_109_err
[00:00:48] --> time limit: 1 sec, mem limit: 4000 MB
[00:00:49] Child process 56124 finished with return value 9 (signaled: 1, exited: 0, exit status 0)
[00:00:50] Master issued REQ_CHDIR + /home/jd4691/research/NTT_CPU/peaseNTT_nocpy/Catapult_2_1/peaseNTT.v4/CDesignChecker/calypto/.extseq/iter_0_wlindex_21
[00:00:50] Master issued REQ_EXEC.  Forked PID 56191 and executing '/opt/mentorgraphics/Catapult_10.5c/Mgc_home/pkgs/cds_cpc/rls/platform/linux64/bin/abc -d -c read_aiger /home/jd4691/research/NTT_CPU/peaseNTT_nocpy/Catapult_2_1/peaseNTT.v4/CDesignChecker/calypto/.extseq/iter_0_wlindex_21/.snapshot_2866.aig ; orpos ; &get -n; &gla -qv -T 1 seconds ; write_cex -nmsvz /home/jd4691/research/NTT_CPU/peaseNTT_nocpy/Catapult_2_1/peaseNTT.v4/CDesignChecker/calypto/.extseq/iter_0_wlindex_21/.cex_1079.txt ; echo ExtSeqAlgorithmFinished ;'
[00:00:50] --> stdout will be redirected to /home/jd4691/research/NTT_CPU/peaseNTT_nocpy/Catapult_2_1/peaseNTT.v4/CDesignChecker/calypto/.extseq/iter_0_wlindex_21/.stdout_119
[00:00:50] --> stderr will be redirected to /home/jd4691/research/NTT_CPU/peaseNTT_nocpy/Catapult_2_1/peaseNTT.v4/CDesignChecker/calypto/.extseq/iter_0_wlindex_21/.stdout_119_err
[00:00:50] --> time limit: 1 sec, mem limit: 4000 MB
[00:00:50] Child process 56191 finished with return value 9 (signaled: 1, exited: 0, exit status 0)
[00:00:50] Master issued REQ_CHDIR + /home/jd4691/research/NTT_CPU/peaseNTT_nocpy/Catapult_2_1/peaseNTT.v4/CDesignChecker/calypto/.extseq/iter_0_wlindex_21
[00:00:50] Master issued REQ_EXEC.  Forked PID 56197 and executing '/opt/mentorgraphics/Catapult_10.5c/Mgc_home/pkgs/cds_cpc/rls/platform/linux64/bin/abc -d -c read_aiger /home/jd4691/research/NTT_CPU/peaseNTT_nocpy/Catapult_2_1/peaseNTT.v4/CDesignChecker/calypto/.extseq/iter_0_wlindex_21/.snapshot_2866.aig ; bmc3 -T 0 -C 0 -F 0 -v ; write_cex -nmsvz /home/jd4691/research/NTT_CPU/peaseNTT_nocpy/Catapult_2_1/peaseNTT.v4/CDesignChecker/calypto/.extseq/iter_0_wlindex_21/.cex_1106.txt ; echo ExtSeqAlgorithmFinished ;'
[00:00:50] --> stdout will be redirected to /home/jd4691/research/NTT_CPU/peaseNTT_nocpy/Catapult_2_1/peaseNTT.v4/CDesignChecker/calypto/.extseq/iter_0_wlindex_21/.stdout_121
[00:00:50] --> stderr will be redirected to /home/jd4691/research/NTT_CPU/peaseNTT_nocpy/Catapult_2_1/peaseNTT.v4/CDesignChecker/calypto/.extseq/iter_0_wlindex_21/.stdout_121_err
[00:00:50] --> time limit: 1 sec, mem limit: 4000 MB
[00:00:51] Child process 56197 finished with return value 9 (signaled: 1, exited: 0, exit status 0)
[00:00:52] Master issued REQ_CHDIR + /home/jd4691/research/NTT_CPU/peaseNTT_nocpy/Catapult_2_1/peaseNTT.v4/CDesignChecker/calypto/.extseq/iter_0_wlindex_22
[00:00:52] Master issued REQ_EXEC.  Forked PID 56230 and executing '/opt/mentorgraphics/Catapult_10.5c/Mgc_home/pkgs/cds_cpc/rls/platform/linux64/bin/abc -d -c read_aiger /home/jd4691/research/NTT_CPU/peaseNTT_nocpy/Catapult_2_1/peaseNTT.v4/CDesignChecker/calypto/.extseq/iter_0_wlindex_22/.snapshot_3099.aig ; orpos ; &get -n; &gla -qv -T 1 seconds ; write_cex -nmsvz /home/jd4691/research/NTT_CPU/peaseNTT_nocpy/Catapult_2_1/peaseNTT.v4/CDesignChecker/calypto/.extseq/iter_0_wlindex_22/.cex_1169.txt ; echo ExtSeqAlgorithmFinished ;'
[00:00:52] --> stdout will be redirected to /home/jd4691/research/NTT_CPU/peaseNTT_nocpy/Catapult_2_1/peaseNTT.v4/CDesignChecker/calypto/.extseq/iter_0_wlindex_22/.stdout_127
[00:00:52] --> stderr will be redirected to /home/jd4691/research/NTT_CPU/peaseNTT_nocpy/Catapult_2_1/peaseNTT.v4/CDesignChecker/calypto/.extseq/iter_0_wlindex_22/.stdout_127_err
[00:00:52] --> time limit: 1 sec, mem limit: 4000 MB
[00:00:53] Child process 56230 finished with return value 9 (signaled: 1, exited: 0, exit status 0)
[00:00:53] Master issued REQ_CHDIR + /home/jd4691/research/NTT_CPU/peaseNTT_nocpy/Catapult_2_1/peaseNTT.v4/CDesignChecker/calypto/.extseq/iter_0_wlindex_23
[00:00:53] Master issued REQ_EXEC.  Forked PID 56268 and executing '/opt/mentorgraphics/Catapult_10.5c/Mgc_home/pkgs/cds_cpc/rls/platform/linux64/bin/abc -d -c read_aiger /home/jd4691/research/NTT_CPU/peaseNTT_nocpy/Catapult_2_1/peaseNTT.v4/CDesignChecker/calypto/.extseq/iter_0_wlindex_23/.snapshot_3261.aig ; orpos ; &get -n; &gla -qv -T 1 seconds ; write_cex -nmsvz /home/jd4691/research/NTT_CPU/peaseNTT_nocpy/Catapult_2_1/peaseNTT.v4/CDesignChecker/calypto/.extseq/iter_0_wlindex_23/.cex_1229.txt ; echo ExtSeqAlgorithmFinished ;'
[00:00:53] --> stdout will be redirected to /home/jd4691/research/NTT_CPU/peaseNTT_nocpy/Catapult_2_1/peaseNTT.v4/CDesignChecker/calypto/.extseq/iter_0_wlindex_23/.stdout_134
[00:00:53] --> stderr will be redirected to /home/jd4691/research/NTT_CPU/peaseNTT_nocpy/Catapult_2_1/peaseNTT.v4/CDesignChecker/calypto/.extseq/iter_0_wlindex_23/.stdout_134_err
[00:00:53] --> time limit: 1 sec, mem limit: 4000 MB
[00:00:54] Child process 56268 finished with return value 9 (signaled: 1, exited: 0, exit status 0)
[00:00:55] Master issued REQ_CHDIR + /home/jd4691/research/NTT_CPU/peaseNTT_nocpy/Catapult_2_1/peaseNTT.v4/CDesignChecker/calypto/.extseq/iter_0_wlindex_24
[00:00:55] Master issued REQ_EXEC.  Forked PID 56330 and executing '/opt/mentorgraphics/Catapult_10.5c/Mgc_home/pkgs/cds_cpc/rls/platform/linux64/bin/abc -d -c read_aiger /home/jd4691/research/NTT_CPU/peaseNTT_nocpy/Catapult_2_1/peaseNTT.v4/CDesignChecker/calypto/.extseq/iter_0_wlindex_24/.snapshot_3423.aig ; orpos ; &get -n; &gla -qv -T 1 seconds ; write_cex -nmsvz /home/jd4691/research/NTT_CPU/peaseNTT_nocpy/Catapult_2_1/peaseNTT.v4/CDesignChecker/calypto/.extseq/iter_0_wlindex_24/.cex_1289.txt ; echo ExtSeqAlgorithmFinished ;'
[00:00:55] --> stdout will be redirected to /home/jd4691/research/NTT_CPU/peaseNTT_nocpy/Catapult_2_1/peaseNTT.v4/CDesignChecker/calypto/.extseq/iter_0_wlindex_24/.stdout_141
[00:00:55] --> stderr will be redirected to /home/jd4691/research/NTT_CPU/peaseNTT_nocpy/Catapult_2_1/peaseNTT.v4/CDesignChecker/calypto/.extseq/iter_0_wlindex_24/.stdout_141_err
[00:00:55] --> time limit: 1 sec, mem limit: 4000 MB
[00:00:55] Child process 56330 finished with return value 9 (signaled: 1, exited: 0, exit status 0)
[00:00:55] Master issued REQ_CHDIR + /home/jd4691/research/NTT_CPU/peaseNTT_nocpy/Catapult_2_1/peaseNTT.v4/CDesignChecker/calypto/.extseq/iter_0_wlindex_24
[00:00:55] Master issued REQ_EXEC.  Forked PID 56338 and executing '/opt/mentorgraphics/Catapult_10.5c/Mgc_home/pkgs/cds_cpc/rls/platform/linux64/bin/abc -d -c read_aiger /home/jd4691/research/NTT_CPU/peaseNTT_nocpy/Catapult_2_1/peaseNTT.v4/CDesignChecker/calypto/.extseq/iter_0_wlindex_24/.snapshot_3423.aig ; bmc3 -T 0 -C 0 -F 0 -v ; write_cex -nmsvz /home/jd4691/research/NTT_CPU/peaseNTT_nocpy/Catapult_2_1/peaseNTT.v4/CDesignChecker/calypto/.extseq/iter_0_wlindex_24/.cex_1316.txt ; echo ExtSeqAlgorithmFinished ;'
[00:00:55] --> stdout will be redirected to /home/jd4691/research/NTT_CPU/peaseNTT_nocpy/Catapult_2_1/peaseNTT.v4/CDesignChecker/calypto/.extseq/iter_0_wlindex_24/.stdout_143
[00:00:55] --> stderr will be redirected to /home/jd4691/research/NTT_CPU/peaseNTT_nocpy/Catapult_2_1/peaseNTT.v4/CDesignChecker/calypto/.extseq/iter_0_wlindex_24/.stdout_143_err
[00:00:55] --> time limit: 1 sec, mem limit: 4000 MB
[00:00:56] Child process 56338 finished with return value 9 (signaled: 1, exited: 0, exit status 0)
[00:00:57] Master issued REQ_CHDIR + /home/jd4691/research/NTT_CPU/peaseNTT_nocpy/Catapult_2_1/peaseNTT.v4/CDesignChecker/calypto/.extseq/iter_0_wlindex_25
[00:00:57] Master issued REQ_EXEC.  Forked PID 56371 and executing '/opt/mentorgraphics/Catapult_10.5c/Mgc_home/pkgs/cds_cpc/rls/platform/linux64/bin/abc -d -c read_aiger /home/jd4691/research/NTT_CPU/peaseNTT_nocpy/Catapult_2_1/peaseNTT.v4/CDesignChecker/calypto/.extseq/iter_0_wlindex_25/.snapshot_3656.aig ; sim3 -T 0 -v ; write_cex -nmsvz /home/jd4691/research/NTT_CPU/peaseNTT_nocpy/Catapult_2_1/peaseNTT.v4/CDesignChecker/calypto/.extseq/iter_0_wlindex_25/.cex_1377.txt ; echo ExtSeqAlgorithmFinished ;'
[00:00:57] --> stdout will be redirected to /home/jd4691/research/NTT_CPU/peaseNTT_nocpy/Catapult_2_1/peaseNTT.v4/CDesignChecker/calypto/.extseq/iter_0_wlindex_25/.stdout_149
[00:00:57] --> stderr will be redirected to /home/jd4691/research/NTT_CPU/peaseNTT_nocpy/Catapult_2_1/peaseNTT.v4/CDesignChecker/calypto/.extseq/iter_0_wlindex_25/.stdout_149_err
[00:00:57] --> time limit: 1 sec, mem limit: 4000 MB
[00:00:57] Master issued REQ_KILL.  Killing child process
[00:00:57] Killing child process group at PGID 56371 (worker_bootstrap PID is 53567)
[00:00:57] Child process 56371 finished with return value 15 (signaled: 1, exited: 0, exit status 0)
[00:00:58] Master issued REQ_CHDIR + /home/jd4691/research/NTT_CPU/peaseNTT_nocpy/Catapult_2_1/peaseNTT.v4/CDesignChecker/calypto/.extseq/iter_1_wlindex_2
[00:00:58] Master issued REQ_EXEC.  Forked PID 56484 and executing '/opt/mentorgraphics/Catapult_10.5c/Mgc_home/pkgs/cds_cpc/rls/platform/linux64/bin/abc -d -c read_aiger /home/jd4691/research/NTT_CPU/peaseNTT_nocpy/Catapult_2_1/peaseNTT.v4/CDesignChecker/calypto/.extseq/iter_1_wlindex_2/.snapshot_3909.aig ; orpos ; &get -n; &gla -qv -T 4 seconds ; write_cex -nmsvz /home/jd4691/research/NTT_CPU/peaseNTT_nocpy/Catapult_2_1/peaseNTT.v4/CDesignChecker/calypto/.extseq/iter_1_wlindex_2/.cex_1469.txt ; echo ExtSeqAlgorithmFinished ;'
[00:00:58] --> stdout will be redirected to /home/jd4691/research/NTT_CPU/peaseNTT_nocpy/Catapult_2_1/peaseNTT.v4/CDesignChecker/calypto/.extseq/iter_1_wlindex_2/.stdout_159
[00:00:58] --> stderr will be redirected to /home/jd4691/research/NTT_CPU/peaseNTT_nocpy/Catapult_2_1/peaseNTT.v4/CDesignChecker/calypto/.extseq/iter_1_wlindex_2/.stdout_159_err
[00:00:58] --> time limit: 4 sec, mem limit: 4000 MB
[00:01:02] Child process 56484 finished with return value 9 (signaled: 1, exited: 0, exit status 0)
[00:01:03] Master issued REQ_CHDIR + /home/jd4691/research/NTT_CPU/peaseNTT_nocpy/Catapult_2_1/peaseNTT.v4/CDesignChecker/calypto/.extseq/iter_1_wlindex_3
[00:01:03] Master issued REQ_EXEC.  Forked PID 56589 and executing '/opt/mentorgraphics/Catapult_10.5c/Mgc_home/pkgs/cds_cpc/rls/platform/linux64/bin/abc -d -c read_aiger /home/jd4691/research/NTT_CPU/peaseNTT_nocpy/Catapult_2_1/peaseNTT.v4/CDesignChecker/calypto/.extseq/iter_1_wlindex_3/.snapshot_4071.aig ; orpos ; &get -n; &gla -qv -T 4 seconds ; write_cex -nmsvz /home/jd4691/research/NTT_CPU/peaseNTT_nocpy/Catapult_2_1/peaseNTT.v4/CDesignChecker/calypto/.extseq/iter_1_wlindex_3/.cex_1529.txt ; echo ExtSeqAlgorithmFinished ;'
[00:01:03] --> stdout will be redirected to /home/jd4691/research/NTT_CPU/peaseNTT_nocpy/Catapult_2_1/peaseNTT.v4/CDesignChecker/calypto/.extseq/iter_1_wlindex_3/.stdout_166
[00:01:03] --> stderr will be redirected to /home/jd4691/research/NTT_CPU/peaseNTT_nocpy/Catapult_2_1/peaseNTT.v4/CDesignChecker/calypto/.extseq/iter_1_wlindex_3/.stdout_166_err
[00:01:03] --> time limit: 4 sec, mem limit: 4000 MB
[00:01:07] Child process 56589 finished with return value 9 (signaled: 1, exited: 0, exit status 0)
[00:01:08] Master issued REQ_CHDIR + /home/jd4691/research/NTT_CPU/peaseNTT_nocpy/Catapult_2_1/peaseNTT.v4/CDesignChecker/calypto/.extseq/iter_1_wlindex_5
[00:01:08] Master issued REQ_EXEC.  Forked PID 56765 and executing '/opt/mentorgraphics/Catapult_10.5c/Mgc_home/pkgs/cds_cpc/rls/platform/linux64/bin/abc -d -c read_aiger /home/jd4691/research/NTT_CPU/peaseNTT_nocpy/Catapult_2_1/peaseNTT.v4/CDesignChecker/calypto/.extseq/iter_1_wlindex_5/.snapshot_4233.aig ; orpos ; &get -n; &gla -qv -T 4 seconds ; write_cex -nmsvz /home/jd4691/research/NTT_CPU/peaseNTT_nocpy/Catapult_2_1/peaseNTT.v4/CDesignChecker/calypto/.extseq/iter_1_wlindex_5/.cex_1589.txt ; echo ExtSeqAlgorithmFinished ;'
[00:01:08] --> stdout will be redirected to /home/jd4691/research/NTT_CPU/peaseNTT_nocpy/Catapult_2_1/peaseNTT.v4/CDesignChecker/calypto/.extseq/iter_1_wlindex_5/.stdout_173
[00:01:08] --> stderr will be redirected to /home/jd4691/research/NTT_CPU/peaseNTT_nocpy/Catapult_2_1/peaseNTT.v4/CDesignChecker/calypto/.extseq/iter_1_wlindex_5/.stdout_173_err
[00:01:08] --> time limit: 4 sec, mem limit: 4000 MB
[00:01:12] Child process 56765 finished with return value 9 (signaled: 1, exited: 0, exit status 0)
[00:01:13] Master issued REQ_CHDIR + /home/jd4691/research/NTT_CPU/peaseNTT_nocpy/Catapult_2_1/peaseNTT.v4/CDesignChecker/calypto/.extseq/iter_1_wlindex_6
[00:01:13] Master issued REQ_EXEC.  Forked PID 56868 and executing '/opt/mentorgraphics/Catapult_10.5c/Mgc_home/pkgs/cds_cpc/rls/platform/linux64/bin/abc -d -c read_aiger /home/jd4691/research/NTT_CPU/peaseNTT_nocpy/Catapult_2_1/peaseNTT.v4/CDesignChecker/calypto/.extseq/iter_1_wlindex_6/.snapshot_4395.aig ; orpos ; &get -n; &gla -qv -T 4 seconds ; write_cex -nmsvz /home/jd4691/research/NTT_CPU/peaseNTT_nocpy/Catapult_2_1/peaseNTT.v4/CDesignChecker/calypto/.extseq/iter_1_wlindex_6/.cex_1649.txt ; echo ExtSeqAlgorithmFinished ;'
[00:01:13] --> stdout will be redirected to /home/jd4691/research/NTT_CPU/peaseNTT_nocpy/Catapult_2_1/peaseNTT.v4/CDesignChecker/calypto/.extseq/iter_1_wlindex_6/.stdout_180
[00:01:13] --> stderr will be redirected to /home/jd4691/research/NTT_CPU/peaseNTT_nocpy/Catapult_2_1/peaseNTT.v4/CDesignChecker/calypto/.extseq/iter_1_wlindex_6/.stdout_180_err
[00:01:13] --> time limit: 4 sec, mem limit: 4000 MB
[00:01:16] Child process 56868 finished with return value 9 (signaled: 1, exited: 0, exit status 0)
[00:01:16] Master issued REQ_CHDIR + /home/jd4691/research/NTT_CPU/peaseNTT_nocpy/Catapult_2_1/peaseNTT.v4/CDesignChecker/calypto/.extseq/iter_1_wlindex_6
[00:01:16] Master issued REQ_EXEC.  Forked PID 56881 and executing '/opt/mentorgraphics/Catapult_10.5c/Mgc_home/pkgs/cds_cpc/rls/platform/linux64/bin/abc -d -c read_aiger /home/jd4691/research/NTT_CPU/peaseNTT_nocpy/Catapult_2_1/peaseNTT.v4/CDesignChecker/calypto/.extseq/iter_1_wlindex_6/.snapshot_4395.aig ; bmc3 -T 0 -C 0 -F 0 -v ; write_cex -nmsvz /home/jd4691/research/NTT_CPU/peaseNTT_nocpy/Catapult_2_1/peaseNTT.v4/CDesignChecker/calypto/.extseq/iter_1_wlindex_6/.cex_1676.txt ; echo ExtSeqAlgorithmFinished ;'
[00:01:16] --> stdout will be redirected to /home/jd4691/research/NTT_CPU/peaseNTT_nocpy/Catapult_2_1/peaseNTT.v4/CDesignChecker/calypto/.extseq/iter_1_wlindex_6/.stdout_182
[00:01:16] --> stderr will be redirected to /home/jd4691/research/NTT_CPU/peaseNTT_nocpy/Catapult_2_1/peaseNTT.v4/CDesignChecker/calypto/.extseq/iter_1_wlindex_6/.stdout_182_err
[00:01:16] --> time limit: 1 sec, mem limit: 4000 MB
[00:01:17] Child process 56881 finished with return value 9 (signaled: 1, exited: 0, exit status 0)
[00:01:18] Master issued REQ_CHDIR + /home/jd4691/research/NTT_CPU/peaseNTT_nocpy/Catapult_2_1/peaseNTT.v4/CDesignChecker/calypto/.extseq/iter_1_wlindex_7
[00:01:18] Master issued REQ_EXEC.  Forked PID 56911 and executing '/opt/mentorgraphics/Catapult_10.5c/Mgc_home/pkgs/cds_cpc/rls/platform/linux64/bin/abc -d -c read_aiger /home/jd4691/research/NTT_CPU/peaseNTT_nocpy/Catapult_2_1/peaseNTT.v4/CDesignChecker/calypto/.extseq/iter_1_wlindex_7/.snapshot_4628.aig ; orpos ; &get -n; &gla -qv -T 4 seconds ; write_cex -nmsvz /home/jd4691/research/NTT_CPU/peaseNTT_nocpy/Catapult_2_1/peaseNTT.v4/CDesignChecker/calypto/.extseq/iter_1_wlindex_7/.cex_1739.txt ; echo ExtSeqAlgorithmFinished ;'
[00:01:18] --> stdout will be redirected to /home/jd4691/research/NTT_CPU/peaseNTT_nocpy/Catapult_2_1/peaseNTT.v4/CDesignChecker/calypto/.extseq/iter_1_wlindex_7/.stdout_188
[00:01:18] --> stderr will be redirected to /home/jd4691/research/NTT_CPU/peaseNTT_nocpy/Catapult_2_1/peaseNTT.v4/CDesignChecker/calypto/.extseq/iter_1_wlindex_7/.stdout_188_err
[00:01:18] --> time limit: 4 sec, mem limit: 4000 MB
[00:01:22] Child process 56911 finished with return value 9 (signaled: 1, exited: 0, exit status 0)
[00:01:23] Master issued REQ_CHDIR + /home/jd4691/research/NTT_CPU/peaseNTT_nocpy/Catapult_2_1/peaseNTT.v4/CDesignChecker/calypto/.extseq/iter_1_wlindex_8
[00:01:23] Master issued REQ_EXEC.  Forked PID 56957 and executing '/opt/mentorgraphics/Catapult_10.5c/Mgc_home/pkgs/cds_cpc/rls/platform/linux64/bin/abc -d -c read_aiger /home/jd4691/research/NTT_CPU/peaseNTT_nocpy/Catapult_2_1/peaseNTT.v4/CDesignChecker/calypto/.extseq/iter_1_wlindex_8/.snapshot_4790.aig ; orpos ; &get -n; &gla -qv -T 4 seconds ; write_cex -nmsvz /home/jd4691/research/NTT_CPU/peaseNTT_nocpy/Catapult_2_1/peaseNTT.v4/CDesignChecker/calypto/.extseq/iter_1_wlindex_8/.cex_1799.txt ; echo ExtSeqAlgorithmFinished ;'
[00:01:23] --> stdout will be redirected to /home/jd4691/research/NTT_CPU/peaseNTT_nocpy/Catapult_2_1/peaseNTT.v4/CDesignChecker/calypto/.extseq/iter_1_wlindex_8/.stdout_195
[00:01:23] --> stderr will be redirected to /home/jd4691/research/NTT_CPU/peaseNTT_nocpy/Catapult_2_1/peaseNTT.v4/CDesignChecker/calypto/.extseq/iter_1_wlindex_8/.stdout_195_err
[00:01:23] --> time limit: 4 sec, mem limit: 4000 MB
[00:01:26] Child process 56957 finished with return value 9 (signaled: 1, exited: 0, exit status 0)
[00:01:26] Master issued REQ_CHDIR + /home/jd4691/research/NTT_CPU/peaseNTT_nocpy/Catapult_2_1/peaseNTT.v4/CDesignChecker/calypto/.extseq/iter_1_wlindex_8
[00:01:26] Master issued REQ_EXEC.  Forked PID 56995 and executing '/opt/mentorgraphics/Catapult_10.5c/Mgc_home/pkgs/cds_cpc/rls/platform/linux64/bin/abc -d -c read_aiger /home/jd4691/research/NTT_CPU/peaseNTT_nocpy/Catapult_2_1/peaseNTT.v4/CDesignChecker/calypto/.extseq/iter_1_wlindex_8/.snapshot_4790.aig ; bmc3 -T 0 -C 0 -F 0 -v ; write_cex -nmsvz /home/jd4691/research/NTT_CPU/peaseNTT_nocpy/Catapult_2_1/peaseNTT.v4/CDesignChecker/calypto/.extseq/iter_1_wlindex_8/.cex_1826.txt ; echo ExtSeqAlgorithmFinished ;'
[00:01:26] --> stdout will be redirected to /home/jd4691/research/NTT_CPU/peaseNTT_nocpy/Catapult_2_1/peaseNTT.v4/CDesignChecker/calypto/.extseq/iter_1_wlindex_8/.stdout_197
[00:01:26] --> stderr will be redirected to /home/jd4691/research/NTT_CPU/peaseNTT_nocpy/Catapult_2_1/peaseNTT.v4/CDesignChecker/calypto/.extseq/iter_1_wlindex_8/.stdout_197_err
[00:01:26] --> time limit: 1 sec, mem limit: 4000 MB
[00:01:27] Child process 56995 finished with return value 9 (signaled: 1, exited: 0, exit status 0)
[00:01:28] Master issued REQ_CHDIR + /home/jd4691/research/NTT_CPU/peaseNTT_nocpy/Catapult_2_1/peaseNTT.v4/CDesignChecker/calypto/.extseq/iter_1_wlindex_9
[00:01:28] Master issued REQ_EXEC.  Forked PID 57028 and executing '/opt/mentorgraphics/Catapult_10.5c/Mgc_home/pkgs/cds_cpc/rls/platform/linux64/bin/abc -d -c read_aiger /home/jd4691/research/NTT_CPU/peaseNTT_nocpy/Catapult_2_1/peaseNTT.v4/CDesignChecker/calypto/.extseq/iter_1_wlindex_9/.snapshot_5023.aig ; sim3 -T 0 -v ; write_cex -nmsvz /home/jd4691/research/NTT_CPU/peaseNTT_nocpy/Catapult_2_1/peaseNTT.v4/CDesignChecker/calypto/.extseq/iter_1_wlindex_9/.cex_1887.txt ; echo ExtSeqAlgorithmFinished ;'
[00:01:28] --> stdout will be redirected to /home/jd4691/research/NTT_CPU/peaseNTT_nocpy/Catapult_2_1/peaseNTT.v4/CDesignChecker/calypto/.extseq/iter_1_wlindex_9/.stdout_203
[00:01:28] --> stderr will be redirected to /home/jd4691/research/NTT_CPU/peaseNTT_nocpy/Catapult_2_1/peaseNTT.v4/CDesignChecker/calypto/.extseq/iter_1_wlindex_9/.stdout_203_err
[00:01:28] --> time limit: 4 sec, mem limit: 4000 MB
[00:01:29] Master issued REQ_KILL.  Killing child process
[00:01:29] Killing child process group at PGID 57028 (worker_bootstrap PID is 53567)
[00:01:29] Child process 57028 finished with return value 15 (signaled: 1, exited: 0, exit status 0)
[00:01:30] Master issued REQ_CHDIR + /home/jd4691/research/NTT_CPU/peaseNTT_nocpy/Catapult_2_1/peaseNTT.v4/CDesignChecker/calypto/.extseq/iter_1_wlindex_10
[00:01:30] Master issued REQ_EXEC.  Forked PID 57086 and executing '/opt/mentorgraphics/Catapult_10.5c/Mgc_home/pkgs/cds_cpc/rls/platform/linux64/bin/abc -d -c read_aiger /home/jd4691/research/NTT_CPU/peaseNTT_nocpy/Catapult_2_1/peaseNTT.v4/CDesignChecker/calypto/.extseq/iter_1_wlindex_10/.snapshot_5256.aig ; orpos ; &get -n; &gla -qv -T 4 seconds ; write_cex -nmsvz /home/jd4691/research/NTT_CPU/peaseNTT_nocpy/Catapult_2_1/peaseNTT.v4/CDesignChecker/calypto/.extseq/iter_1_wlindex_10/.cex_1979.txt ; echo ExtSeqAlgorithmFinished ;'
[00:01:30] --> stdout will be redirected to /home/jd4691/research/NTT_CPU/peaseNTT_nocpy/Catapult_2_1/peaseNTT.v4/CDesignChecker/calypto/.extseq/iter_1_wlindex_10/.stdout_211
[00:01:30] --> stderr will be redirected to /home/jd4691/research/NTT_CPU/peaseNTT_nocpy/Catapult_2_1/peaseNTT.v4/CDesignChecker/calypto/.extseq/iter_1_wlindex_10/.stdout_211_err
[00:01:30] --> time limit: 4 sec, mem limit: 4000 MB
[00:01:34] Child process 57086 finished with return value 9 (signaled: 1, exited: 0, exit status 0)
[00:01:35] Master issued REQ_CHDIR + /home/jd4691/research/NTT_CPU/peaseNTT_nocpy/Catapult_2_1/peaseNTT.v4/CDesignChecker/calypto/.extseq/iter_1_wlindex_11
[00:01:35] Master issued REQ_EXEC.  Forked PID 57156 and executing '/opt/mentorgraphics/Catapult_10.5c/Mgc_home/pkgs/cds_cpc/rls/platform/linux64/bin/abc -d -c read_aiger /home/jd4691/research/NTT_CPU/peaseNTT_nocpy/Catapult_2_1/peaseNTT.v4/CDesignChecker/calypto/.extseq/iter_1_wlindex_11/.snapshot_5418.aig ; orpos ; &get -n; &gla -qv -T 4 seconds ; write_cex -nmsvz /home/jd4691/research/NTT_CPU/peaseNTT_nocpy/Catapult_2_1/peaseNTT.v4/CDesignChecker/calypto/.extseq/iter_1_wlindex_11/.cex_2039.txt ; echo ExtSeqAlgorithmFinished ;'
[00:01:35] --> stdout will be redirected to /home/jd4691/research/NTT_CPU/peaseNTT_nocpy/Catapult_2_1/peaseNTT.v4/CDesignChecker/calypto/.extseq/iter_1_wlindex_11/.stdout_218
[00:01:35] --> stderr will be redirected to /home/jd4691/research/NTT_CPU/peaseNTT_nocpy/Catapult_2_1/peaseNTT.v4/CDesignChecker/calypto/.extseq/iter_1_wlindex_11/.stdout_218_err
[00:01:35] --> time limit: 4 sec, mem limit: 4000 MB
[00:01:38] Child process 57156 finished with return value 9 (signaled: 1, exited: 0, exit status 0)
[00:01:38] Master issued REQ_CHDIR + /home/jd4691/research/NTT_CPU/peaseNTT_nocpy/Catapult_2_1/peaseNTT.v4/CDesignChecker/calypto/.extseq/iter_1_wlindex_11
[00:01:38] Master issued REQ_EXEC.  Forked PID 57169 and executing '/opt/mentorgraphics/Catapult_10.5c/Mgc_home/pkgs/cds_cpc/rls/platform/linux64/bin/abc -d -c read_aiger /home/jd4691/research/NTT_CPU/peaseNTT_nocpy/Catapult_2_1/peaseNTT.v4/CDesignChecker/calypto/.extseq/iter_1_wlindex_11/.snapshot_5418.aig ; bmc3 -T 0 -C 0 -F 0 -v ; write_cex -nmsvz /home/jd4691/research/NTT_CPU/peaseNTT_nocpy/Catapult_2_1/peaseNTT.v4/CDesignChecker/calypto/.extseq/iter_1_wlindex_11/.cex_2066.txt ; echo ExtSeqAlgorithmFinished ;'
[00:01:38] --> stdout will be redirected to /home/jd4691/research/NTT_CPU/peaseNTT_nocpy/Catapult_2_1/peaseNTT.v4/CDesignChecker/calypto/.extseq/iter_1_wlindex_11/.stdout_220
[00:01:38] --> stderr will be redirected to /home/jd4691/research/NTT_CPU/peaseNTT_nocpy/Catapult_2_1/peaseNTT.v4/CDesignChecker/calypto/.extseq/iter_1_wlindex_11/.stdout_220_err
[00:01:38] --> time limit: 1 sec, mem limit: 4000 MB
[00:01:39] Child process 57169 finished with return value 9 (signaled: 1, exited: 0, exit status 0)
[00:01:40] Master issued REQ_CHDIR + /home/jd4691/research/NTT_CPU/peaseNTT_nocpy/Catapult_2_1/peaseNTT.v4/CDesignChecker/calypto/.extseq/iter_1_wlindex_13
[00:01:40] Master issued REQ_EXEC.  Forked PID 57203 and executing '/opt/mentorgraphics/Catapult_10.5c/Mgc_home/pkgs/cds_cpc/rls/platform/linux64/bin/abc -d -c read_aiger /home/jd4691/research/NTT_CPU/peaseNTT_nocpy/Catapult_2_1/peaseNTT.v4/CDesignChecker/calypto/.extseq/iter_1_wlindex_13/.snapshot_5651.aig ; orpos ; &get -n; &gla -qv -T 4 seconds ; write_cex -nmsvz /home/jd4691/research/NTT_CPU/peaseNTT_nocpy/Catapult_2_1/peaseNTT.v4/CDesignChecker/calypto/.extseq/iter_1_wlindex_13/.cex_2129.txt ; echo ExtSeqAlgorithmFinished ;'
[00:01:40] --> stdout will be redirected to /home/jd4691/research/NTT_CPU/peaseNTT_nocpy/Catapult_2_1/peaseNTT.v4/CDesignChecker/calypto/.extseq/iter_1_wlindex_13/.stdout_226
[00:01:40] --> stderr will be redirected to /home/jd4691/research/NTT_CPU/peaseNTT_nocpy/Catapult_2_1/peaseNTT.v4/CDesignChecker/calypto/.extseq/iter_1_wlindex_13/.stdout_226_err
[00:01:40] --> time limit: 4 sec, mem limit: 4000 MB
[00:01:43] Child process 57203 finished with return value 9 (signaled: 1, exited: 0, exit status 0)
[00:01:43] Master issued REQ_CHDIR + /home/jd4691/research/NTT_CPU/peaseNTT_nocpy/Catapult_2_1/peaseNTT.v4/CDesignChecker/calypto/.extseq/iter_1_wlindex_13
[00:01:43] Master issued REQ_EXEC.  Forked PID 57215 and executing '/opt/mentorgraphics/Catapult_10.5c/Mgc_home/pkgs/cds_cpc/rls/platform/linux64/bin/abc -d -c read_aiger /home/jd4691/research/NTT_CPU/peaseNTT_nocpy/Catapult_2_1/peaseNTT.v4/CDesignChecker/calypto/.extseq/iter_1_wlindex_13/.snapshot_5651.aig ; bmc3 -T 0 -C 0 -F 0 -v ; write_cex -nmsvz /home/jd4691/research/NTT_CPU/peaseNTT_nocpy/Catapult_2_1/peaseNTT.v4/CDesignChecker/calypto/.extseq/iter_1_wlindex_13/.cex_2156.txt ; echo ExtSeqAlgorithmFinished ;'
[00:01:43] --> stdout will be redirected to /home/jd4691/research/NTT_CPU/peaseNTT_nocpy/Catapult_2_1/peaseNTT.v4/CDesignChecker/calypto/.extseq/iter_1_wlindex_13/.stdout_228
[00:01:43] --> stderr will be redirected to /home/jd4691/research/NTT_CPU/peaseNTT_nocpy/Catapult_2_1/peaseNTT.v4/CDesignChecker/calypto/.extseq/iter_1_wlindex_13/.stdout_228_err
[00:01:43] --> time limit: 1 sec, mem limit: 4000 MB
[00:01:44] Child process 57215 finished with return value 9 (signaled: 1, exited: 0, exit status 0)
[00:01:45] Master issued REQ_CHDIR + /home/jd4691/research/NTT_CPU/peaseNTT_nocpy/Catapult_2_1/peaseNTT.v4/CDesignChecker/calypto/.extseq/iter_1_wlindex_14
[00:01:45] Master issued REQ_EXEC.  Forked PID 57246 and executing '/opt/mentorgraphics/Catapult_10.5c/Mgc_home/pkgs/cds_cpc/rls/platform/linux64/bin/abc -d -c read_aiger /home/jd4691/research/NTT_CPU/peaseNTT_nocpy/Catapult_2_1/peaseNTT.v4/CDesignChecker/calypto/.extseq/iter_1_wlindex_14/.snapshot_5884.aig ; orpos ; &get -n; &gla -qv -T 4 seconds ; write_cex -nmsvz /home/jd4691/research/NTT_CPU/peaseNTT_nocpy/Catapult_2_1/peaseNTT.v4/CDesignChecker/calypto/.extseq/iter_1_wlindex_14/.cex_2219.txt ; echo ExtSeqAlgorithmFinished ;'
[00:01:45] --> stdout will be redirected to /home/jd4691/research/NTT_CPU/peaseNTT_nocpy/Catapult_2_1/peaseNTT.v4/CDesignChecker/calypto/.extseq/iter_1_wlindex_14/.stdout_234
[00:01:45] --> stderr will be redirected to /home/jd4691/research/NTT_CPU/peaseNTT_nocpy/Catapult_2_1/peaseNTT.v4/CDesignChecker/calypto/.extseq/iter_1_wlindex_14/.stdout_234_err
[00:01:45] --> time limit: 4 sec, mem limit: 4000 MB
[00:01:49] Child process 57246 finished with return value 9 (signaled: 1, exited: 0, exit status 0)
[00:01:50] Master issued REQ_CHDIR + /home/jd4691/research/NTT_CPU/peaseNTT_nocpy/Catapult_2_1/peaseNTT.v4/CDesignChecker/calypto/.extseq/iter_1_wlindex_15
[00:01:50] Master issued REQ_EXEC.  Forked PID 57291 and executing '/opt/mentorgraphics/Catapult_10.5c/Mgc_home/pkgs/cds_cpc/rls/platform/linux64/bin/abc -d -c read_aiger /home/jd4691/research/NTT_CPU/peaseNTT_nocpy/Catapult_2_1/peaseNTT.v4/CDesignChecker/calypto/.extseq/iter_1_wlindex_15/.snapshot_6046.aig ; orpos ; &get -n; &gla -qv -T 3 seconds ; write_cex -nmsvz /home/jd4691/research/NTT_CPU/peaseNTT_nocpy/Catapult_2_1/peaseNTT.v4/CDesignChecker/calypto/.extseq/iter_1_wlindex_15/.cex_2279.txt ; echo ExtSeqAlgorithmFinished ;'
[00:01:50] --> stdout will be redirected to /home/jd4691/research/NTT_CPU/peaseNTT_nocpy/Catapult_2_1/peaseNTT.v4/CDesignChecker/calypto/.extseq/iter_1_wlindex_15/.stdout_241
[00:01:50] --> stderr will be redirected to /home/jd4691/research/NTT_CPU/peaseNTT_nocpy/Catapult_2_1/peaseNTT.v4/CDesignChecker/calypto/.extseq/iter_1_wlindex_15/.stdout_241_err
[00:01:50] --> time limit: 3 sec, mem limit: 4000 MB
[00:01:52] Child process 57291 finished with return value 9 (signaled: 1, exited: 0, exit status 0)
[00:01:52] Master issued REQ_CHDIR + /home/jd4691/research/NTT_CPU/peaseNTT_nocpy/Catapult_2_1/peaseNTT.v4/CDesignChecker/calypto/.extseq/iter_1_wlindex_15
[00:01:52] Master issued REQ_EXEC.  Forked PID 57303 and executing '/opt/mentorgraphics/Catapult_10.5c/Mgc_home/pkgs/cds_cpc/rls/platform/linux64/bin/abc -d -c read_aiger /home/jd4691/research/NTT_CPU/peaseNTT_nocpy/Catapult_2_1/peaseNTT.v4/CDesignChecker/calypto/.extseq/iter_1_wlindex_15/.snapshot_6046.aig ; bmc3 -T 0 -C 0 -F 0 -v ; write_cex -nmsvz /home/jd4691/research/NTT_CPU/peaseNTT_nocpy/Catapult_2_1/peaseNTT.v4/CDesignChecker/calypto/.extseq/iter_1_wlindex_15/.cex_2306.txt ; echo ExtSeqAlgorithmFinished ;'
[00:01:52] --> stdout will be redirected to /home/jd4691/research/NTT_CPU/peaseNTT_nocpy/Catapult_2_1/peaseNTT.v4/CDesignChecker/calypto/.extseq/iter_1_wlindex_15/.stdout_243
[00:01:52] --> stderr will be redirected to /home/jd4691/research/NTT_CPU/peaseNTT_nocpy/Catapult_2_1/peaseNTT.v4/CDesignChecker/calypto/.extseq/iter_1_wlindex_15/.stdout_243_err
[00:01:52] --> time limit: 1 sec, mem limit: 4000 MB
[00:01:53] Child process 57303 finished with return value 9 (signaled: 1, exited: 0, exit status 0)
[00:01:54] Master issued REQ_CHDIR + /home/jd4691/research/NTT_CPU/peaseNTT_nocpy/Catapult_2_1/peaseNTT.v4/CDesignChecker/calypto/.extseq/iter_1_wlindex_16
[00:01:54] Master issued REQ_EXEC.  Forked PID 57334 and executing '/opt/mentorgraphics/Catapult_10.5c/Mgc_home/pkgs/cds_cpc/rls/platform/linux64/bin/abc -d -c read_aiger /home/jd4691/research/NTT_CPU/peaseNTT_nocpy/Catapult_2_1/peaseNTT.v4/CDesignChecker/calypto/.extseq/iter_1_wlindex_16/.snapshot_6279.aig ; orpos ; &get -n; &gla -qv -T 4 seconds ; write_cex -nmsvz /home/jd4691/research/NTT_CPU/peaseNTT_nocpy/Catapult_2_1/peaseNTT.v4/CDesignChecker/calypto/.extseq/iter_1_wlindex_16/.cex_2369.txt ; echo ExtSeqAlgorithmFinished ;'
[00:01:54] --> stdout will be redirected to /home/jd4691/research/NTT_CPU/peaseNTT_nocpy/Catapult_2_1/peaseNTT.v4/CDesignChecker/calypto/.extseq/iter_1_wlindex_16/.stdout_249
[00:01:54] --> stderr will be redirected to /home/jd4691/research/NTT_CPU/peaseNTT_nocpy/Catapult_2_1/peaseNTT.v4/CDesignChecker/calypto/.extseq/iter_1_wlindex_16/.stdout_249_err
[00:01:54] --> time limit: 4 sec, mem limit: 4000 MB
[00:01:58] Child process 57334 finished with return value 9 (signaled: 1, exited: 0, exit status 0)
[00:01:58] Master issued REQ_CHDIR + /home/jd4691/research/NTT_CPU/peaseNTT_nocpy/Catapult_2_1/peaseNTT.v4/CDesignChecker/calypto/.extseq/iter_1_wlindex_18
[00:01:58] Master issued REQ_EXEC.  Forked PID 57404 and executing '/opt/mentorgraphics/Catapult_10.5c/Mgc_home/pkgs/cds_cpc/rls/platform/linux64/bin/abc -d -c read_aiger /home/jd4691/research/NTT_CPU/peaseNTT_nocpy/Catapult_2_1/peaseNTT.v4/CDesignChecker/calypto/.extseq/iter_1_wlindex_18/.snapshot_6441.aig ; orpos ; &get -n; &gla -qv -T 4 seconds ; write_cex -nmsvz /home/jd4691/research/NTT_CPU/peaseNTT_nocpy/Catapult_2_1/peaseNTT.v4/CDesignChecker/calypto/.extseq/iter_1_wlindex_18/.cex_2429.txt ; echo ExtSeqAlgorithmFinished ;'
[00:01:58] --> stdout will be redirected to /home/jd4691/research/NTT_CPU/peaseNTT_nocpy/Catapult_2_1/peaseNTT.v4/CDesignChecker/calypto/.extseq/iter_1_wlindex_18/.stdout_256
[00:01:58] --> stderr will be redirected to /home/jd4691/research/NTT_CPU/peaseNTT_nocpy/Catapult_2_1/peaseNTT.v4/CDesignChecker/calypto/.extseq/iter_1_wlindex_18/.stdout_256_err
[00:01:58] --> time limit: 4 sec, mem limit: 4000 MB
[00:02:02] Child process 57404 finished with return value 9 (signaled: 1, exited: 0, exit status 0)
[00:02:03] Master issued REQ_CHDIR + /home/jd4691/research/NTT_CPU/peaseNTT_nocpy/Catapult_2_1/peaseNTT.v4/CDesignChecker/calypto/.extseq/iter_1_wlindex_19
[00:02:03] Master issued REQ_EXEC.  Forked PID 57459 and executing '/opt/mentorgraphics/Catapult_10.5c/Mgc_home/pkgs/cds_cpc/rls/platform/linux64/bin/abc -d -c read_aiger /home/jd4691/research/NTT_CPU/peaseNTT_nocpy/Catapult_2_1/peaseNTT.v4/CDesignChecker/calypto/.extseq/iter_1_wlindex_19/.snapshot_6603.aig ; orpos ; &get -n; &gla -qv -T 4 seconds ; write_cex -nmsvz /home/jd4691/research/NTT_CPU/peaseNTT_nocpy/Catapult_2_1/peaseNTT.v4/CDesignChecker/calypto/.extseq/iter_1_wlindex_19/.cex_2489.txt ; echo ExtSeqAlgorithmFinished ;'
[00:02:03] --> stdout will be redirected to /home/jd4691/research/NTT_CPU/peaseNTT_nocpy/Catapult_2_1/peaseNTT.v4/CDesignChecker/calypto/.extseq/iter_1_wlindex_19/.stdout_263
[00:02:03] --> stderr will be redirected to /home/jd4691/research/NTT_CPU/peaseNTT_nocpy/Catapult_2_1/peaseNTT.v4/CDesignChecker/calypto/.extseq/iter_1_wlindex_19/.stdout_263_err
[00:02:03] --> time limit: 4 sec, mem limit: 4000 MB
[00:02:06] Child process 57459 finished with return value 9 (signaled: 1, exited: 0, exit status 0)
[00:02:06] Master issued REQ_CHDIR + /home/jd4691/research/NTT_CPU/peaseNTT_nocpy/Catapult_2_1/peaseNTT.v4/CDesignChecker/calypto/.extseq/iter_1_wlindex_19
[00:02:06] Master issued REQ_EXEC.  Forked PID 57470 and executing '/opt/mentorgraphics/Catapult_10.5c/Mgc_home/pkgs/cds_cpc/rls/platform/linux64/bin/abc -d -c read_aiger /home/jd4691/research/NTT_CPU/peaseNTT_nocpy/Catapult_2_1/peaseNTT.v4/CDesignChecker/calypto/.extseq/iter_1_wlindex_19/.snapshot_6603.aig ; bmc3 -T 0 -C 0 -F 0 -v ; write_cex -nmsvz /home/jd4691/research/NTT_CPU/peaseNTT_nocpy/Catapult_2_1/peaseNTT.v4/CDesignChecker/calypto/.extseq/iter_1_wlindex_19/.cex_2516.txt ; echo ExtSeqAlgorithmFinished ;'
[00:02:06] --> stdout will be redirected to /home/jd4691/research/NTT_CPU/peaseNTT_nocpy/Catapult_2_1/peaseNTT.v4/CDesignChecker/calypto/.extseq/iter_1_wlindex_19/.stdout_265
[00:02:06] --> stderr will be redirected to /home/jd4691/research/NTT_CPU/peaseNTT_nocpy/Catapult_2_1/peaseNTT.v4/CDesignChecker/calypto/.extseq/iter_1_wlindex_19/.stdout_265_err
[00:02:06] --> time limit: 1 sec, mem limit: 4000 MB
[00:02:07] Child process 57470 finished with return value 9 (signaled: 1, exited: 0, exit status 0)
[00:02:08] Master issued REQ_CHDIR + /home/jd4691/research/NTT_CPU/peaseNTT_nocpy/Catapult_2_1/peaseNTT.v4/CDesignChecker/calypto/.extseq/iter_1_wlindex_21
[00:02:08] Master issued REQ_EXEC.  Forked PID 57502 and executing '/opt/mentorgraphics/Catapult_10.5c/Mgc_home/pkgs/cds_cpc/rls/platform/linux64/bin/abc -d -c read_aiger /home/jd4691/research/NTT_CPU/peaseNTT_nocpy/Catapult_2_1/peaseNTT.v4/CDesignChecker/calypto/.extseq/iter_1_wlindex_21/.snapshot_6836.aig ; orpos ; &get -n; &gla -qv -T 4 seconds ; write_cex -nmsvz /home/jd4691/research/NTT_CPU/peaseNTT_nocpy/Catapult_2_1/peaseNTT.v4/CDesignChecker/calypto/.extseq/iter_1_wlindex_21/.cex_2579.txt ; echo ExtSeqAlgorithmFinished ;'
[00:02:08] --> stdout will be redirected to /home/jd4691/research/NTT_CPU/peaseNTT_nocpy/Catapult_2_1/peaseNTT.v4/CDesignChecker/calypto/.extseq/iter_1_wlindex_21/.stdout_271
[00:02:08] --> stderr will be redirected to /home/jd4691/research/NTT_CPU/peaseNTT_nocpy/Catapult_2_1/peaseNTT.v4/CDesignChecker/calypto/.extseq/iter_1_wlindex_21/.stdout_271_err
[00:02:08] --> time limit: 4 sec, mem limit: 4000 MB
[00:02:11] Child process 57502 finished with return value 9 (signaled: 1, exited: 0, exit status 0)
[00:02:11] Master issued REQ_CHDIR + /home/jd4691/research/NTT_CPU/peaseNTT_nocpy/Catapult_2_1/peaseNTT.v4/CDesignChecker/calypto/.extseq/iter_1_wlindex_21
[00:02:11] Master issued REQ_EXEC.  Forked PID 57513 and executing '/opt/mentorgraphics/Catapult_10.5c/Mgc_home/pkgs/cds_cpc/rls/platform/linux64/bin/abc -d -c read_aiger /home/jd4691/research/NTT_CPU/peaseNTT_nocpy/Catapult_2_1/peaseNTT.v4/CDesignChecker/calypto/.extseq/iter_1_wlindex_21/.snapshot_6836.aig ; bmc3 -T 0 -C 0 -F 0 -v ; write_cex -nmsvz /home/jd4691/research/NTT_CPU/peaseNTT_nocpy/Catapult_2_1/peaseNTT.v4/CDesignChecker/calypto/.extseq/iter_1_wlindex_21/.cex_2606.txt ; echo ExtSeqAlgorithmFinished ;'
[00:02:11] --> stdout will be redirected to /home/jd4691/research/NTT_CPU/peaseNTT_nocpy/Catapult_2_1/peaseNTT.v4/CDesignChecker/calypto/.extseq/iter_1_wlindex_21/.stdout_273
[00:02:11] --> stderr will be redirected to /home/jd4691/research/NTT_CPU/peaseNTT_nocpy/Catapult_2_1/peaseNTT.v4/CDesignChecker/calypto/.extseq/iter_1_wlindex_21/.stdout_273_err
[00:02:11] --> time limit: 1 sec, mem limit: 4000 MB
[00:02:12] Child process 57513 finished with return value 9 (signaled: 1, exited: 0, exit status 0)
[00:02:12] Master issued REQ_CHDIR + /home/jd4691/research/NTT_CPU/peaseNTT_nocpy/Catapult_2_1/peaseNTT.v4/CDesignChecker/calypto/.extseq/iter_1_wlindex_22
[00:02:12] Master issued REQ_EXEC.  Forked PID 57544 and executing '/opt/mentorgraphics/Catapult_10.5c/Mgc_home/pkgs/cds_cpc/rls/platform/linux64/bin/abc -d -c read_aiger /home/jd4691/research/NTT_CPU/peaseNTT_nocpy/Catapult_2_1/peaseNTT.v4/CDesignChecker/calypto/.extseq/iter_1_wlindex_22/.snapshot_7069.aig ; orpos ; &get -n; &gla -qv -T 4 seconds ; write_cex -nmsvz /home/jd4691/research/NTT_CPU/peaseNTT_nocpy/Catapult_2_1/peaseNTT.v4/CDesignChecker/calypto/.extseq/iter_1_wlindex_22/.cex_2669.txt ; echo ExtSeqAlgorithmFinished ;'
[00:02:12] --> stdout will be redirected to /home/jd4691/research/NTT_CPU/peaseNTT_nocpy/Catapult_2_1/peaseNTT.v4/CDesignChecker/calypto/.extseq/iter_1_wlindex_22/.stdout_279
[00:02:12] --> stderr will be redirected to /home/jd4691/research/NTT_CPU/peaseNTT_nocpy/Catapult_2_1/peaseNTT.v4/CDesignChecker/calypto/.extseq/iter_1_wlindex_22/.stdout_279_err
[00:02:12] --> time limit: 4 sec, mem limit: 4000 MB
[00:02:16] Child process 57544 finished with return value 9 (signaled: 1, exited: 0, exit status 0)
[00:02:17] Master issued REQ_CHDIR + /home/jd4691/research/NTT_CPU/peaseNTT_nocpy/Catapult_2_1/peaseNTT.v4/CDesignChecker/calypto/.extseq/iter_1_wlindex_23
[00:02:17] Master issued REQ_EXEC.  Forked PID 57586 and executing '/opt/mentorgraphics/Catapult_10.5c/Mgc_home/pkgs/cds_cpc/rls/platform/linux64/bin/abc -d -c read_aiger /home/jd4691/research/NTT_CPU/peaseNTT_nocpy/Catapult_2_1/peaseNTT.v4/CDesignChecker/calypto/.extseq/iter_1_wlindex_23/.snapshot_7231.aig ; orpos ; &get -n; &gla -qv -T 4 seconds ; write_cex -nmsvz /home/jd4691/research/NTT_CPU/peaseNTT_nocpy/Catapult_2_1/peaseNTT.v4/CDesignChecker/calypto/.extseq/iter_1_wlindex_23/.cex_2729.txt ; echo ExtSeqAlgorithmFinished ;'
[00:02:17] --> stdout will be redirected to /home/jd4691/research/NTT_CPU/peaseNTT_nocpy/Catapult_2_1/peaseNTT.v4/CDesignChecker/calypto/.extseq/iter_1_wlindex_23/.stdout_286
[00:02:17] --> stderr will be redirected to /home/jd4691/research/NTT_CPU/peaseNTT_nocpy/Catapult_2_1/peaseNTT.v4/CDesignChecker/calypto/.extseq/iter_1_wlindex_23/.stdout_286_err
[00:02:17] --> time limit: 4 sec, mem limit: 4000 MB
[00:02:20] Child process 57586 finished with return value 9 (signaled: 1, exited: 0, exit status 0)
[00:02:20] Master issued REQ_CHDIR + /home/jd4691/research/NTT_CPU/peaseNTT_nocpy/Catapult_2_1/peaseNTT.v4/CDesignChecker/calypto/.extseq/iter_1_wlindex_23
[00:02:20] Master issued REQ_EXEC.  Forked PID 57595 and executing '/opt/mentorgraphics/Catapult_10.5c/Mgc_home/pkgs/cds_cpc/rls/platform/linux64/bin/abc -d -c read_aiger /home/jd4691/research/NTT_CPU/peaseNTT_nocpy/Catapult_2_1/peaseNTT.v4/CDesignChecker/calypto/.extseq/iter_1_wlindex_23/.snapshot_7231.aig ; bmc3 -T 0 -C 0 -F 0 -v ; write_cex -nmsvz /home/jd4691/research/NTT_CPU/peaseNTT_nocpy/Catapult_2_1/peaseNTT.v4/CDesignChecker/calypto/.extseq/iter_1_wlindex_23/.cex_2756.txt ; echo ExtSeqAlgorithmFinished ;'
[00:02:20] --> stdout will be redirected to /home/jd4691/research/NTT_CPU/peaseNTT_nocpy/Catapult_2_1/peaseNTT.v4/CDesignChecker/calypto/.extseq/iter_1_wlindex_23/.stdout_288
[00:02:20] --> stderr will be redirected to /home/jd4691/research/NTT_CPU/peaseNTT_nocpy/Catapult_2_1/peaseNTT.v4/CDesignChecker/calypto/.extseq/iter_1_wlindex_23/.stdout_288_err
[00:02:20] --> time limit: 1 sec, mem limit: 4000 MB
[00:02:21] Child process 57595 finished with return value 9 (signaled: 1, exited: 0, exit status 0)
[00:02:22] Master issued REQ_CHDIR + /home/jd4691/research/NTT_CPU/peaseNTT_nocpy/Catapult_2_1/peaseNTT.v4/CDesignChecker/calypto/.extseq/iter_1_wlindex_24
[00:02:22] Master issued REQ_EXEC.  Forked PID 57626 and executing '/opt/mentorgraphics/Catapult_10.5c/Mgc_home/pkgs/cds_cpc/rls/platform/linux64/bin/abc -d -c read_aiger /home/jd4691/research/NTT_CPU/peaseNTT_nocpy/Catapult_2_1/peaseNTT.v4/CDesignChecker/calypto/.extseq/iter_1_wlindex_24/.snapshot_7464.aig ; orpos ; &get -n; &gla -qv -T 4 seconds ; write_cex -nmsvz /home/jd4691/research/NTT_CPU/peaseNTT_nocpy/Catapult_2_1/peaseNTT.v4/CDesignChecker/calypto/.extseq/iter_1_wlindex_24/.cex_2819.txt ; echo ExtSeqAlgorithmFinished ;'
[00:02:22] --> stdout will be redirected to /home/jd4691/research/NTT_CPU/peaseNTT_nocpy/Catapult_2_1/peaseNTT.v4/CDesignChecker/calypto/.extseq/iter_1_wlindex_24/.stdout_294
[00:02:22] --> stderr will be redirected to /home/jd4691/research/NTT_CPU/peaseNTT_nocpy/Catapult_2_1/peaseNTT.v4/CDesignChecker/calypto/.extseq/iter_1_wlindex_24/.stdout_294_err
[00:02:22] --> time limit: 4 sec, mem limit: 4000 MB
[00:02:25] Child process 57626 finished with return value 9 (signaled: 1, exited: 0, exit status 0)
[00:02:25] Master issued REQ_CHDIR + /home/jd4691/research/NTT_CPU/peaseNTT_nocpy/Catapult_2_1/peaseNTT.v4/CDesignChecker/calypto/.extseq/iter_1_wlindex_24
[00:02:25] Master issued REQ_EXEC.  Forked PID 57638 and executing '/opt/mentorgraphics/Catapult_10.5c/Mgc_home/pkgs/cds_cpc/rls/platform/linux64/bin/abc -d -c read_aiger /home/jd4691/research/NTT_CPU/peaseNTT_nocpy/Catapult_2_1/peaseNTT.v4/CDesignChecker/calypto/.extseq/iter_1_wlindex_24/.snapshot_7464.aig ; bmc3 -T 0 -C 0 -F 0 -v ; write_cex -nmsvz /home/jd4691/research/NTT_CPU/peaseNTT_nocpy/Catapult_2_1/peaseNTT.v4/CDesignChecker/calypto/.extseq/iter_1_wlindex_24/.cex_2846.txt ; echo ExtSeqAlgorithmFinished ;'
[00:02:25] --> stdout will be redirected to /home/jd4691/research/NTT_CPU/peaseNTT_nocpy/Catapult_2_1/peaseNTT.v4/CDesignChecker/calypto/.extseq/iter_1_wlindex_24/.stdout_296
[00:02:25] --> stderr will be redirected to /home/jd4691/research/NTT_CPU/peaseNTT_nocpy/Catapult_2_1/peaseNTT.v4/CDesignChecker/calypto/.extseq/iter_1_wlindex_24/.stdout_296_err
[00:02:25] --> time limit: 1 sec, mem limit: 4000 MB
[00:02:26] Child process 57638 finished with return value 9 (signaled: 1, exited: 0, exit status 0)
[00:02:27] Master issued REQ_CHDIR + /home/jd4691/research/NTT_CPU/peaseNTT_nocpy/Catapult_2_1/peaseNTT.v4/CDesignChecker/calypto/.extseq/iter_2_wlindex_2
[00:02:27] Master issued REQ_EXEC.  Forked PID 57670 and executing '/opt/mentorgraphics/Catapult_10.5c/Mgc_home/pkgs/cds_cpc/rls/platform/linux64/bin/abc -d -c read_aiger /home/jd4691/research/NTT_CPU/peaseNTT_nocpy/Catapult_2_1/peaseNTT.v4/CDesignChecker/calypto/.extseq/iter_2_wlindex_2/.snapshot_7697.aig ; orpos ; &get -n; &gla -qv -T 16 seconds ; write_cex -nmsvz /home/jd4691/research/NTT_CPU/peaseNTT_nocpy/Catapult_2_1/peaseNTT.v4/CDesignChecker/calypto/.extseq/iter_2_wlindex_2/.cex_2909.txt ; echo ExtSeqAlgorithmFinished ;'
[00:02:27] --> stdout will be redirected to /home/jd4691/research/NTT_CPU/peaseNTT_nocpy/Catapult_2_1/peaseNTT.v4/CDesignChecker/calypto/.extseq/iter_2_wlindex_2/.stdout_302
[00:02:27] --> stderr will be redirected to /home/jd4691/research/NTT_CPU/peaseNTT_nocpy/Catapult_2_1/peaseNTT.v4/CDesignChecker/calypto/.extseq/iter_2_wlindex_2/.stdout_302_err
[00:02:27] --> time limit: 16 sec, mem limit: 4000 MB
[00:02:42] Child process 57670 finished with return value 9 (signaled: 1, exited: 0, exit status 0)
[00:02:42] Master issued REQ_CHDIR + /home/jd4691/research/NTT_CPU/peaseNTT_nocpy/Catapult_2_1/peaseNTT.v4/CDesignChecker/calypto/.extseq/iter_2_wlindex_2
[00:02:42] Master issued REQ_EXEC.  Forked PID 57745 and executing '/opt/mentorgraphics/Catapult_10.5c/Mgc_home/pkgs/cds_cpc/rls/platform/linux64/bin/abc -d -c read_aiger /home/jd4691/research/NTT_CPU/peaseNTT_nocpy/Catapult_2_1/peaseNTT.v4/CDesignChecker/calypto/.extseq/iter_2_wlindex_2/.snapshot_7697.aig ; bmc3 -T 0 -C 0 -F 0 -v ; write_cex -nmsvz /home/jd4691/research/NTT_CPU/peaseNTT_nocpy/Catapult_2_1/peaseNTT.v4/CDesignChecker/calypto/.extseq/iter_2_wlindex_2/.cex_2936.txt ; echo ExtSeqAlgorithmFinished ;'
[00:02:42] --> stdout will be redirected to /home/jd4691/research/NTT_CPU/peaseNTT_nocpy/Catapult_2_1/peaseNTT.v4/CDesignChecker/calypto/.extseq/iter_2_wlindex_2/.stdout_304
[00:02:42] --> stderr will be redirected to /home/jd4691/research/NTT_CPU/peaseNTT_nocpy/Catapult_2_1/peaseNTT.v4/CDesignChecker/calypto/.extseq/iter_2_wlindex_2/.stdout_304_err
[00:02:42] --> time limit: 1 sec, mem limit: 4000 MB
[00:02:43] Child process 57745 finished with return value 9 (signaled: 1, exited: 0, exit status 0)
[00:02:44] Master issued REQ_CHDIR + /home/jd4691/research/NTT_CPU/peaseNTT_nocpy/Catapult_2_1/peaseNTT.v4/CDesignChecker/calypto/.extseq/iter_2_wlindex_3
[00:02:44] Master issued REQ_EXEC.  Forked PID 57770 and executing '/opt/mentorgraphics/Catapult_10.5c/Mgc_home/pkgs/cds_cpc/rls/platform/linux64/bin/abc -d -c read_aiger /home/jd4691/research/NTT_CPU/peaseNTT_nocpy/Catapult_2_1/peaseNTT.v4/CDesignChecker/calypto/.extseq/iter_2_wlindex_3/.snapshot_7930.aig ; orpos ; &get -n; &gla -qv -T 16 seconds ; write_cex -nmsvz /home/jd4691/research/NTT_CPU/peaseNTT_nocpy/Catapult_2_1/peaseNTT.v4/CDesignChecker/calypto/.extseq/iter_2_wlindex_3/.cex_2999.txt ; echo ExtSeqAlgorithmFinished ;'
[00:02:44] --> stdout will be redirected to /home/jd4691/research/NTT_CPU/peaseNTT_nocpy/Catapult_2_1/peaseNTT.v4/CDesignChecker/calypto/.extseq/iter_2_wlindex_3/.stdout_310
[00:02:44] --> stderr will be redirected to /home/jd4691/research/NTT_CPU/peaseNTT_nocpy/Catapult_2_1/peaseNTT.v4/CDesignChecker/calypto/.extseq/iter_2_wlindex_3/.stdout_310_err
[00:02:44] --> time limit: 16 sec, mem limit: 4000 MB
[00:03:00] Child process 57770 finished with return value 9 (signaled: 1, exited: 0, exit status 0)
[00:03:01] Master issued REQ_CHDIR + /home/jd4691/research/NTT_CPU/peaseNTT_nocpy/Catapult_2_1/peaseNTT.v4/CDesignChecker/calypto/.extseq/iter_2_wlindex_5
[00:03:01] Master issued REQ_EXEC.  Forked PID 57853 and executing '/opt/mentorgraphics/Catapult_10.5c/Mgc_home/pkgs/cds_cpc/rls/platform/linux64/bin/abc -d -c read_aiger /home/jd4691/research/NTT_CPU/peaseNTT_nocpy/Catapult_2_1/peaseNTT.v4/CDesignChecker/calypto/.extseq/iter_2_wlindex_5/.snapshot_8092.aig ; orpos ; &get -n; &gla -qv -T 16 seconds ; write_cex -nmsvz /home/jd4691/research/NTT_CPU/peaseNTT_nocpy/Catapult_2_1/peaseNTT.v4/CDesignChecker/calypto/.extseq/iter_2_wlindex_5/.cex_3059.txt ; echo ExtSeqAlgorithmFinished ;'
[00:03:01] --> stdout will be redirected to /home/jd4691/research/NTT_CPU/peaseNTT_nocpy/Catapult_2_1/peaseNTT.v4/CDesignChecker/calypto/.extseq/iter_2_wlindex_5/.stdout_317
[00:03:01] --> stderr will be redirected to /home/jd4691/research/NTT_CPU/peaseNTT_nocpy/Catapult_2_1/peaseNTT.v4/CDesignChecker/calypto/.extseq/iter_2_wlindex_5/.stdout_317_err
[00:03:01] --> time limit: 16 sec, mem limit: 4000 MB
[00:03:16] Child process 57853 finished with return value 9 (signaled: 1, exited: 0, exit status 0)
[00:03:16] Master issued REQ_CHDIR + /home/jd4691/research/NTT_CPU/peaseNTT_nocpy/Catapult_2_1/peaseNTT.v4/CDesignChecker/calypto/.extseq/iter_2_wlindex_5
[00:03:16] Master issued REQ_EXEC.  Forked PID 57903 and executing '/opt/mentorgraphics/Catapult_10.5c/Mgc_home/pkgs/cds_cpc/rls/platform/linux64/bin/abc -d -c read_aiger /home/jd4691/research/NTT_CPU/peaseNTT_nocpy/Catapult_2_1/peaseNTT.v4/CDesignChecker/calypto/.extseq/iter_2_wlindex_5/.snapshot_8092.aig ; bmc3 -T 0 -C 0 -F 0 -v ; write_cex -nmsvz /home/jd4691/research/NTT_CPU/peaseNTT_nocpy/Catapult_2_1/peaseNTT.v4/CDesignChecker/calypto/.extseq/iter_2_wlindex_5/.cex_3086.txt ; echo ExtSeqAlgorithmFinished ;'
[00:03:16] --> stdout will be redirected to /home/jd4691/research/NTT_CPU/peaseNTT_nocpy/Catapult_2_1/peaseNTT.v4/CDesignChecker/calypto/.extseq/iter_2_wlindex_5/.stdout_319
[00:03:16] --> stderr will be redirected to /home/jd4691/research/NTT_CPU/peaseNTT_nocpy/Catapult_2_1/peaseNTT.v4/CDesignChecker/calypto/.extseq/iter_2_wlindex_5/.stdout_319_err
[00:03:16] --> time limit: 1 sec, mem limit: 4000 MB
[00:03:17] Child process 57903 finished with return value 9 (signaled: 1, exited: 0, exit status 0)
[00:03:18] Master issued REQ_CHDIR + /home/jd4691/research/NTT_CPU/peaseNTT_nocpy/Catapult_2_1/peaseNTT.v4/CDesignChecker/calypto/.extseq/iter_2_wlindex_6
[00:03:18] Master issued REQ_EXEC.  Forked PID 57935 and executing '/opt/mentorgraphics/Catapult_10.5c/Mgc_home/pkgs/cds_cpc/rls/platform/linux64/bin/abc -d -c read_aiger /home/jd4691/research/NTT_CPU/peaseNTT_nocpy/Catapult_2_1/peaseNTT.v4/CDesignChecker/calypto/.extseq/iter_2_wlindex_6/.snapshot_8325.aig ; orpos ; &get -n; &gla -qv -T 16 seconds ; write_cex -nmsvz /home/jd4691/research/NTT_CPU/peaseNTT_nocpy/Catapult_2_1/peaseNTT.v4/CDesignChecker/calypto/.extseq/iter_2_wlindex_6/.cex_3149.txt ; echo ExtSeqAlgorithmFinished ;'
[00:03:18] --> stdout will be redirected to /home/jd4691/research/NTT_CPU/peaseNTT_nocpy/Catapult_2_1/peaseNTT.v4/CDesignChecker/calypto/.extseq/iter_2_wlindex_6/.stdout_325
[00:03:18] --> stderr will be redirected to /home/jd4691/research/NTT_CPU/peaseNTT_nocpy/Catapult_2_1/peaseNTT.v4/CDesignChecker/calypto/.extseq/iter_2_wlindex_6/.stdout_325_err
[00:03:18] --> time limit: 16 sec, mem limit: 4000 MB
[00:03:33] Child process 57935 finished with return value 9 (signaled: 1, exited: 0, exit status 0)
[00:03:33] Master issued REQ_CHDIR + /home/jd4691/research/NTT_CPU/peaseNTT_nocpy/Catapult_2_1/peaseNTT.v4/CDesignChecker/calypto/.extseq/iter_2_wlindex_6
[00:03:33] Master issued REQ_EXEC.  Forked PID 58026 and executing '/opt/mentorgraphics/Catapult_10.5c/Mgc_home/pkgs/cds_cpc/rls/platform/linux64/bin/abc -d -c read_aiger /home/jd4691/research/NTT_CPU/peaseNTT_nocpy/Catapult_2_1/peaseNTT.v4/CDesignChecker/calypto/.extseq/iter_2_wlindex_6/.snapshot_8325.aig ; bmc3 -T 0 -C 0 -F 0 -v ; write_cex -nmsvz /home/jd4691/research/NTT_CPU/peaseNTT_nocpy/Catapult_2_1/peaseNTT.v4/CDesignChecker/calypto/.extseq/iter_2_wlindex_6/.cex_3176.txt ; echo ExtSeqAlgorithmFinished ;'
[00:03:33] --> stdout will be redirected to /home/jd4691/research/NTT_CPU/peaseNTT_nocpy/Catapult_2_1/peaseNTT.v4/CDesignChecker/calypto/.extseq/iter_2_wlindex_6/.stdout_327
[00:03:33] --> stderr will be redirected to /home/jd4691/research/NTT_CPU/peaseNTT_nocpy/Catapult_2_1/peaseNTT.v4/CDesignChecker/calypto/.extseq/iter_2_wlindex_6/.stdout_327_err
[00:03:33] --> time limit: 1 sec, mem limit: 4000 MB
[00:03:34] Child process 58026 finished with return value 9 (signaled: 1, exited: 0, exit status 0)
[00:03:35] Master issued REQ_CHDIR + /home/jd4691/research/NTT_CPU/peaseNTT_nocpy/Catapult_2_1/peaseNTT.v4/CDesignChecker/calypto/.extseq/iter_2_wlindex_7
[00:03:35] Master issued REQ_EXEC.  Forked PID 58062 and executing '/opt/mentorgraphics/Catapult_10.5c/Mgc_home/pkgs/cds_cpc/rls/platform/linux64/bin/abc -d -c read_aiger /home/jd4691/research/NTT_CPU/peaseNTT_nocpy/Catapult_2_1/peaseNTT.v4/CDesignChecker/calypto/.extseq/iter_2_wlindex_7/.snapshot_8558.aig ; orpos ; &get -n; &gla -qv -T 16 seconds ; write_cex -nmsvz /home/jd4691/research/NTT_CPU/peaseNTT_nocpy/Catapult_2_1/peaseNTT.v4/CDesignChecker/calypto/.extseq/iter_2_wlindex_7/.cex_3239.txt ; echo ExtSeqAlgorithmFinished ;'
[00:03:35] --> stdout will be redirected to /home/jd4691/research/NTT_CPU/peaseNTT_nocpy/Catapult_2_1/peaseNTT.v4/CDesignChecker/calypto/.extseq/iter_2_wlindex_7/.stdout_333
[00:03:35] --> stderr will be redirected to /home/jd4691/research/NTT_CPU/peaseNTT_nocpy/Catapult_2_1/peaseNTT.v4/CDesignChecker/calypto/.extseq/iter_2_wlindex_7/.stdout_333_err
[00:03:35] --> time limit: 16 sec, mem limit: 4000 MB
[00:03:50] Child process 58062 finished with return value 9 (signaled: 1, exited: 0, exit status 0)
[00:03:50] Master issued REQ_CHDIR + /home/jd4691/research/NTT_CPU/peaseNTT_nocpy/Catapult_2_1/peaseNTT.v4/CDesignChecker/calypto/.extseq/iter_2_wlindex_7
[00:03:50] Master issued REQ_EXEC.  Forked PID 58110 and executing '/opt/mentorgraphics/Catapult_10.5c/Mgc_home/pkgs/cds_cpc/rls/platform/linux64/bin/abc -d -c read_aiger /home/jd4691/research/NTT_CPU/peaseNTT_nocpy/Catapult_2_1/peaseNTT.v4/CDesignChecker/calypto/.extseq/iter_2_wlindex_7/.snapshot_8558.aig ; bmc3 -T 0 -C 0 -F 0 -v ; write_cex -nmsvz /home/jd4691/research/NTT_CPU/peaseNTT_nocpy/Catapult_2_1/peaseNTT.v4/CDesignChecker/calypto/.extseq/iter_2_wlindex_7/.cex_3266.txt ; echo ExtSeqAlgorithmFinished ;'
[00:03:50] --> stdout will be redirected to /home/jd4691/research/NTT_CPU/peaseNTT_nocpy/Catapult_2_1/peaseNTT.v4/CDesignChecker/calypto/.extseq/iter_2_wlindex_7/.stdout_335
[00:03:50] --> stderr will be redirected to /home/jd4691/research/NTT_CPU/peaseNTT_nocpy/Catapult_2_1/peaseNTT.v4/CDesignChecker/calypto/.extseq/iter_2_wlindex_7/.stdout_335_err
[00:03:50] --> time limit: 1 sec, mem limit: 4000 MB
[00:03:51] Child process 58110 finished with return value 9 (signaled: 1, exited: 0, exit status 0)
[00:03:52] Master issued REQ_CHDIR + /home/jd4691/research/NTT_CPU/peaseNTT_nocpy/Catapult_2_1/peaseNTT.v4/CDesignChecker/calypto/.extseq/iter_2_wlindex_8
[00:03:52] Master issued REQ_EXEC.  Forked PID 58141 and executing '/opt/mentorgraphics/Catapult_10.5c/Mgc_home/pkgs/cds_cpc/rls/platform/linux64/bin/abc -d -c read_aiger /home/jd4691/research/NTT_CPU/peaseNTT_nocpy/Catapult_2_1/peaseNTT.v4/CDesignChecker/calypto/.extseq/iter_2_wlindex_8/.snapshot_8791.aig ; orpos ; &get -n; &gla -qv -T 16 seconds ; write_cex -nmsvz /home/jd4691/research/NTT_CPU/peaseNTT_nocpy/Catapult_2_1/peaseNTT.v4/CDesignChecker/calypto/.extseq/iter_2_wlindex_8/.cex_3329.txt ; echo ExtSeqAlgorithmFinished ;'
[00:03:52] --> stdout will be redirected to /home/jd4691/research/NTT_CPU/peaseNTT_nocpy/Catapult_2_1/peaseNTT.v4/CDesignChecker/calypto/.extseq/iter_2_wlindex_8/.stdout_341
[00:03:52] --> stderr will be redirected to /home/jd4691/research/NTT_CPU/peaseNTT_nocpy/Catapult_2_1/peaseNTT.v4/CDesignChecker/calypto/.extseq/iter_2_wlindex_8/.stdout_341_err
[00:03:52] --> time limit: 16 sec, mem limit: 4000 MB
[00:04:06] Child process 58141 finished with return value 9 (signaled: 1, exited: 0, exit status 0)
[00:04:06] Master issued REQ_CHDIR + /home/jd4691/research/NTT_CPU/peaseNTT_nocpy/Catapult_2_1/peaseNTT.v4/CDesignChecker/calypto/.extseq/iter_2_wlindex_8
[00:04:06] Master issued REQ_EXEC.  Forked PID 58217 and executing '/opt/mentorgraphics/Catapult_10.5c/Mgc_home/pkgs/cds_cpc/rls/platform/linux64/bin/abc -d -c read_aiger /home/jd4691/research/NTT_CPU/peaseNTT_nocpy/Catapult_2_1/peaseNTT.v4/CDesignChecker/calypto/.extseq/iter_2_wlindex_8/.snapshot_8791.aig ; bmc3 -T 0 -C 0 -F 0 -v ; write_cex -nmsvz /home/jd4691/research/NTT_CPU/peaseNTT_nocpy/Catapult_2_1/peaseNTT.v4/CDesignChecker/calypto/.extseq/iter_2_wlindex_8/.cex_3356.txt ; echo ExtSeqAlgorithmFinished ;'
[00:04:06] --> stdout will be redirected to /home/jd4691/research/NTT_CPU/peaseNTT_nocpy/Catapult_2_1/peaseNTT.v4/CDesignChecker/calypto/.extseq/iter_2_wlindex_8/.stdout_343
[00:04:06] --> stderr will be redirected to /home/jd4691/research/NTT_CPU/peaseNTT_nocpy/Catapult_2_1/peaseNTT.v4/CDesignChecker/calypto/.extseq/iter_2_wlindex_8/.stdout_343_err
[00:04:06] --> time limit: 2 sec, mem limit: 4000 MB
[00:04:09] Master issued REQ_KILL.  Killing child process
[00:04:09] Killing child process group at PGID 58217 (worker_bootstrap PID is 53567)
[00:04:09] Child process 58217 finished with return value 9 (signaled: 1, exited: 0, exit status 0)
[00:04:09] Master issued REQ_CHDIR + /home/jd4691/research/NTT_CPU/peaseNTT_nocpy/Catapult_2_1/peaseNTT.v4/CDesignChecker/calypto/.extseq/iter_2_wlindex_10
[00:04:09] Master issued REQ_EXEC.  Forked PID 58249 and executing '/opt/mentorgraphics/Catapult_10.5c/Mgc_home/pkgs/cds_cpc/rls/platform/linux64/bin/abc -d -c read_aiger /home/jd4691/research/NTT_CPU/peaseNTT_nocpy/Catapult_2_1/peaseNTT.v4/CDesignChecker/calypto/.extseq/iter_2_wlindex_10/.snapshot_9024.aig ; orpos ; &get -n; &gla -qv -T 16 seconds ; write_cex -nmsvz /home/jd4691/research/NTT_CPU/peaseNTT_nocpy/Catapult_2_1/peaseNTT.v4/CDesignChecker/calypto/.extseq/iter_2_wlindex_10/.cex_3419.txt ; echo ExtSeqAlgorithmFinished ;'
[00:04:09] --> stdout will be redirected to /home/jd4691/research/NTT_CPU/peaseNTT_nocpy/Catapult_2_1/peaseNTT.v4/CDesignChecker/calypto/.extseq/iter_2_wlindex_10/.stdout_349
[00:04:09] --> stderr will be redirected to /home/jd4691/research/NTT_CPU/peaseNTT_nocpy/Catapult_2_1/peaseNTT.v4/CDesignChecker/calypto/.extseq/iter_2_wlindex_10/.stdout_349_err
[00:04:09] --> time limit: 16 sec, mem limit: 4000 MB
[00:04:24] Child process 58249 finished with return value 9 (signaled: 1, exited: 0, exit status 0)
[00:04:24] Master issued REQ_CHDIR + /home/jd4691/research/NTT_CPU/peaseNTT_nocpy/Catapult_2_1/peaseNTT.v4/CDesignChecker/calypto/.extseq/iter_2_wlindex_10
[00:04:24] Master issued REQ_EXEC.  Forked PID 58274 and executing '/opt/mentorgraphics/Catapult_10.5c/Mgc_home/pkgs/cds_cpc/rls/platform/linux64/bin/abc -d -c read_aiger /home/jd4691/research/NTT_CPU/peaseNTT_nocpy/Catapult_2_1/peaseNTT.v4/CDesignChecker/calypto/.extseq/iter_2_wlindex_10/.snapshot_9024.aig ; bmc3 -T 0 -C 0 -F 0 -v ; write_cex -nmsvz /home/jd4691/research/NTT_CPU/peaseNTT_nocpy/Catapult_2_1/peaseNTT.v4/CDesignChecker/calypto/.extseq/iter_2_wlindex_10/.cex_3446.txt ; echo ExtSeqAlgorithmFinished ;'
[00:04:24] --> stdout will be redirected to /home/jd4691/research/NTT_CPU/peaseNTT_nocpy/Catapult_2_1/peaseNTT.v4/CDesignChecker/calypto/.extseq/iter_2_wlindex_10/.stdout_351
[00:04:24] --> stderr will be redirected to /home/jd4691/research/NTT_CPU/peaseNTT_nocpy/Catapult_2_1/peaseNTT.v4/CDesignChecker/calypto/.extseq/iter_2_wlindex_10/.stdout_351_err
[00:04:24] --> time limit: 1 sec, mem limit: 4000 MB
[00:04:25] Child process 58274 finished with return value 9 (signaled: 1, exited: 0, exit status 0)
[00:04:26] Master issued REQ_CHDIR + /home/jd4691/research/NTT_CPU/peaseNTT_nocpy/Catapult_2_1/peaseNTT.v4/CDesignChecker/calypto/.extseq/iter_2_wlindex_11
[00:04:26] Master issued REQ_EXEC.  Forked PID 58297 and executing '/opt/mentorgraphics/Catapult_10.5c/Mgc_home/pkgs/cds_cpc/rls/platform/linux64/bin/abc -d -c read_aiger /home/jd4691/research/NTT_CPU/peaseNTT_nocpy/Catapult_2_1/peaseNTT.v4/CDesignChecker/calypto/.extseq/iter_2_wlindex_11/.snapshot_9257.aig ; orpos ; &get -n; &gla -qv -T 16 seconds ; write_cex -nmsvz /home/jd4691/research/NTT_CPU/peaseNTT_nocpy/Catapult_2_1/peaseNTT.v4/CDesignChecker/calypto/.extseq/iter_2_wlindex_11/.cex_3509.txt ; echo ExtSeqAlgorithmFinished ;'
[00:04:26] --> stdout will be redirected to /home/jd4691/research/NTT_CPU/peaseNTT_nocpy/Catapult_2_1/peaseNTT.v4/CDesignChecker/calypto/.extseq/iter_2_wlindex_11/.stdout_357
[00:04:26] --> stderr will be redirected to /home/jd4691/research/NTT_CPU/peaseNTT_nocpy/Catapult_2_1/peaseNTT.v4/CDesignChecker/calypto/.extseq/iter_2_wlindex_11/.stdout_357_err
[00:04:26] --> time limit: 16 sec, mem limit: 4000 MB
[00:04:41] Child process 58297 finished with return value 9 (signaled: 1, exited: 0, exit status 0)
[00:04:41] Master issued REQ_CHDIR + /home/jd4691/research/NTT_CPU/peaseNTT_nocpy/Catapult_2_1/peaseNTT.v4/CDesignChecker/calypto/.extseq/iter_2_wlindex_11
[00:04:41] Master issued REQ_EXEC.  Forked PID 58372 and executing '/opt/mentorgraphics/Catapult_10.5c/Mgc_home/pkgs/cds_cpc/rls/platform/linux64/bin/abc -d -c read_aiger /home/jd4691/research/NTT_CPU/peaseNTT_nocpy/Catapult_2_1/peaseNTT.v4/CDesignChecker/calypto/.extseq/iter_2_wlindex_11/.snapshot_9257.aig ; bmc3 -T 0 -C 0 -F 0 -v ; write_cex -nmsvz /home/jd4691/research/NTT_CPU/peaseNTT_nocpy/Catapult_2_1/peaseNTT.v4/CDesignChecker/calypto/.extseq/iter_2_wlindex_11/.cex_3536.txt ; echo ExtSeqAlgorithmFinished ;'
[00:04:41] --> stdout will be redirected to /home/jd4691/research/NTT_CPU/peaseNTT_nocpy/Catapult_2_1/peaseNTT.v4/CDesignChecker/calypto/.extseq/iter_2_wlindex_11/.stdout_359
[00:04:41] --> stderr will be redirected to /home/jd4691/research/NTT_CPU/peaseNTT_nocpy/Catapult_2_1/peaseNTT.v4/CDesignChecker/calypto/.extseq/iter_2_wlindex_11/.stdout_359_err
[00:04:41] --> time limit: 1 sec, mem limit: 4000 MB
[00:04:42] Child process 58372 finished with return value 9 (signaled: 1, exited: 0, exit status 0)
[00:04:42] Master issued REQ_CHDIR + /home/jd4691/research/NTT_CPU/peaseNTT_nocpy/Catapult_2_1/peaseNTT.v4/CDesignChecker/calypto/.extseq/iter_2_wlindex_13
[00:04:42] Master issued REQ_EXEC.  Forked PID 58405 and executing '/opt/mentorgraphics/Catapult_10.5c/Mgc_home/pkgs/cds_cpc/rls/platform/linux64/bin/abc -d -c read_aiger /home/jd4691/research/NTT_CPU/peaseNTT_nocpy/Catapult_2_1/peaseNTT.v4/CDesignChecker/calypto/.extseq/iter_2_wlindex_13/.snapshot_9490.aig ; orpos ; &get -n; &gla -qv -T 16 seconds ; write_cex -nmsvz /home/jd4691/research/NTT_CPU/peaseNTT_nocpy/Catapult_2_1/peaseNTT.v4/CDesignChecker/calypto/.extseq/iter_2_wlindex_13/.cex_3599.txt ; echo ExtSeqAlgorithmFinished ;'
[00:04:42] --> stdout will be redirected to /home/jd4691/research/NTT_CPU/peaseNTT_nocpy/Catapult_2_1/peaseNTT.v4/CDesignChecker/calypto/.extseq/iter_2_wlindex_13/.stdout_365
[00:04:42] --> stderr will be redirected to /home/jd4691/research/NTT_CPU/peaseNTT_nocpy/Catapult_2_1/peaseNTT.v4/CDesignChecker/calypto/.extseq/iter_2_wlindex_13/.stdout_365_err
[00:04:42] --> time limit: 16 sec, mem limit: 4000 MB
[00:04:58] Child process 58405 finished with return value 9 (signaled: 1, exited: 0, exit status 0)
[00:04:59] Master issued REQ_CHDIR + /home/jd4691/research/NTT_CPU/peaseNTT_nocpy/Catapult_2_1/peaseNTT.v4/CDesignChecker/calypto/.extseq/iter_2_wlindex_14
[00:04:59] Master issued REQ_EXEC.  Forked PID 58460 and executing '/opt/mentorgraphics/Catapult_10.5c/Mgc_home/pkgs/cds_cpc/rls/platform/linux64/bin/abc -d -c read_aiger /home/jd4691/research/NTT_CPU/peaseNTT_nocpy/Catapult_2_1/peaseNTT.v4/CDesignChecker/calypto/.extseq/iter_2_wlindex_14/.snapshot_9652.aig ; orpos ; &get -n; &gla -qv -T 16 seconds ; write_cex -nmsvz /home/jd4691/research/NTT_CPU/peaseNTT_nocpy/Catapult_2_1/peaseNTT.v4/CDesignChecker/calypto/.extseq/iter_2_wlindex_14/.cex_3659.txt ; echo ExtSeqAlgorithmFinished ;'
[00:04:59] --> stdout will be redirected to /home/jd4691/research/NTT_CPU/peaseNTT_nocpy/Catapult_2_1/peaseNTT.v4/CDesignChecker/calypto/.extseq/iter_2_wlindex_14/.stdout_372
[00:04:59] --> stderr will be redirected to /home/jd4691/research/NTT_CPU/peaseNTT_nocpy/Catapult_2_1/peaseNTT.v4/CDesignChecker/calypto/.extseq/iter_2_wlindex_14/.stdout_372_err
[00:04:59] --> time limit: 16 sec, mem limit: 4000 MB
[00:05:14] Child process 58460 finished with return value 9 (signaled: 1, exited: 0, exit status 0)
[00:05:14] Master issued REQ_CHDIR + /home/jd4691/research/NTT_CPU/peaseNTT_nocpy/Catapult_2_1/peaseNTT.v4/CDesignChecker/calypto/.extseq/iter_2_wlindex_14
[00:05:14] Master issued REQ_EXEC.  Forked PID 59564 and executing '/opt/mentorgraphics/Catapult_10.5c/Mgc_home/pkgs/cds_cpc/rls/platform/linux64/bin/abc -d -c read_aiger /home/jd4691/research/NTT_CPU/peaseNTT_nocpy/Catapult_2_1/peaseNTT.v4/CDesignChecker/calypto/.extseq/iter_2_wlindex_14/.snapshot_9652.aig ; bmc3 -T 0 -C 0 -F 0 -v ; write_cex -nmsvz /home/jd4691/research/NTT_CPU/peaseNTT_nocpy/Catapult_2_1/peaseNTT.v4/CDesignChecker/calypto/.extseq/iter_2_wlindex_14/.cex_3686.txt ; echo ExtSeqAlgorithmFinished ;'
[00:05:14] --> stdout will be redirected to /home/jd4691/research/NTT_CPU/peaseNTT_nocpy/Catapult_2_1/peaseNTT.v4/CDesignChecker/calypto/.extseq/iter_2_wlindex_14/.stdout_374
[00:05:14] --> stderr will be redirected to /home/jd4691/research/NTT_CPU/peaseNTT_nocpy/Catapult_2_1/peaseNTT.v4/CDesignChecker/calypto/.extseq/iter_2_wlindex_14/.stdout_374_err
[00:05:14] --> time limit: 1 sec, mem limit: 4000 MB
[00:05:15] Child process 59564 finished with return value 9 (signaled: 1, exited: 0, exit status 0)
[00:05:16] Master issued REQ_CHDIR + /home/jd4691/research/NTT_CPU/peaseNTT_nocpy/Catapult_2_1/peaseNTT.v4/CDesignChecker/calypto/.extseq/iter_2_wlindex_15
[00:05:16] Master issued REQ_EXEC.  Forked PID 59711 and executing '/opt/mentorgraphics/Catapult_10.5c/Mgc_home/pkgs/cds_cpc/rls/platform/linux64/bin/abc -d -c read_aiger /home/jd4691/research/NTT_CPU/peaseNTT_nocpy/Catapult_2_1/peaseNTT.v4/CDesignChecker/calypto/.extseq/iter_2_wlindex_15/.snapshot_9885.aig ; orpos ; &get -n; &gla -qv -T 15 seconds ; write_cex -nmsvz /home/jd4691/research/NTT_CPU/peaseNTT_nocpy/Catapult_2_1/peaseNTT.v4/CDesignChecker/calypto/.extseq/iter_2_wlindex_15/.cex_3749.txt ; echo ExtSeqAlgorithmFinished ;'
[00:05:16] --> stdout will be redirected to /home/jd4691/research/NTT_CPU/peaseNTT_nocpy/Catapult_2_1/peaseNTT.v4/CDesignChecker/calypto/.extseq/iter_2_wlindex_15/.stdout_380
[00:05:16] --> stderr will be redirected to /home/jd4691/research/NTT_CPU/peaseNTT_nocpy/Catapult_2_1/peaseNTT.v4/CDesignChecker/calypto/.extseq/iter_2_wlindex_15/.stdout_380_err
[00:05:16] --> time limit: 15 sec, mem limit: 4000 MB
[00:05:30] Child process 59711 finished with return value 9 (signaled: 1, exited: 0, exit status 0)
[00:05:30] Master issued REQ_CHDIR + /home/jd4691/research/NTT_CPU/peaseNTT_nocpy/Catapult_2_1/peaseNTT.v4/CDesignChecker/calypto/.extseq/iter_2_wlindex_15
[00:05:30] Master issued REQ_EXEC.  Forked PID 59881 and executing '/opt/mentorgraphics/Catapult_10.5c/Mgc_home/pkgs/cds_cpc/rls/platform/linux64/bin/abc -d -c read_aiger /home/jd4691/research/NTT_CPU/peaseNTT_nocpy/Catapult_2_1/peaseNTT.v4/CDesignChecker/calypto/.extseq/iter_2_wlindex_15/.snapshot_9885.aig ; bmc3 -T 0 -C 0 -F 0 -v ; write_cex -nmsvz /home/jd4691/research/NTT_CPU/peaseNTT_nocpy/Catapult_2_1/peaseNTT.v4/CDesignChecker/calypto/.extseq/iter_2_wlindex_15/.cex_3776.txt ; echo ExtSeqAlgorithmFinished ;'
[00:05:30] --> stdout will be redirected to /home/jd4691/research/NTT_CPU/peaseNTT_nocpy/Catapult_2_1/peaseNTT.v4/CDesignChecker/calypto/.extseq/iter_2_wlindex_15/.stdout_382
[00:05:30] --> stderr will be redirected to /home/jd4691/research/NTT_CPU/peaseNTT_nocpy/Catapult_2_1/peaseNTT.v4/CDesignChecker/calypto/.extseq/iter_2_wlindex_15/.stdout_382_err
[00:05:30] --> time limit: 1 sec, mem limit: 4000 MB
[00:05:31] Child process 59881 finished with return value 9 (signaled: 1, exited: 0, exit status 0)
[00:05:32] Master issued REQ_CHDIR + /home/jd4691/research/NTT_CPU/peaseNTT_nocpy/Catapult_2_1/peaseNTT.v4/CDesignChecker/calypto/.extseq/iter_2_wlindex_16
[00:05:32] Master issued REQ_EXEC.  Forked PID 59914 and executing '/opt/mentorgraphics/Catapult_10.5c/Mgc_home/pkgs/cds_cpc/rls/platform/linux64/bin/abc -d -c read_aiger /home/jd4691/research/NTT_CPU/peaseNTT_nocpy/Catapult_2_1/peaseNTT.v4/CDesignChecker/calypto/.extseq/iter_2_wlindex_16/.snapshot_10118.aig ; orpos ; &get -n; &gla -qv -T 16 seconds ; write_cex -nmsvz /home/jd4691/research/NTT_CPU/peaseNTT_nocpy/Catapult_2_1/peaseNTT.v4/CDesignChecker/calypto/.extseq/iter_2_wlindex_16/.cex_3839.txt ; echo ExtSeqAlgorithmFinished ;'
[00:05:32] --> stdout will be redirected to /home/jd4691/research/NTT_CPU/peaseNTT_nocpy/Catapult_2_1/peaseNTT.v4/CDesignChecker/calypto/.extseq/iter_2_wlindex_16/.stdout_388
[00:05:32] --> stderr will be redirected to /home/jd4691/research/NTT_CPU/peaseNTT_nocpy/Catapult_2_1/peaseNTT.v4/CDesignChecker/calypto/.extseq/iter_2_wlindex_16/.stdout_388_err
[00:05:32] --> time limit: 16 sec, mem limit: 4000 MB
[00:05:47] Child process 59914 finished with return value 9 (signaled: 1, exited: 0, exit status 0)
[00:05:47] Master issued REQ_CHDIR + /home/jd4691/research/NTT_CPU/peaseNTT_nocpy/Catapult_2_1/peaseNTT.v4/CDesignChecker/calypto/.extseq/iter_2_wlindex_16
[00:05:47] Master issued REQ_EXEC.  Forked PID 59998 and executing '/opt/mentorgraphics/Catapult_10.5c/Mgc_home/pkgs/cds_cpc/rls/platform/linux64/bin/abc -d -c read_aiger /home/jd4691/research/NTT_CPU/peaseNTT_nocpy/Catapult_2_1/peaseNTT.v4/CDesignChecker/calypto/.extseq/iter_2_wlindex_16/.snapshot_10118.aig ; bmc3 -T 0 -C 0 -F 0 -v ; write_cex -nmsvz /home/jd4691/research/NTT_CPU/peaseNTT_nocpy/Catapult_2_1/peaseNTT.v4/CDesignChecker/calypto/.extseq/iter_2_wlindex_16/.cex_3866.txt ; echo ExtSeqAlgorithmFinished ;'
[00:05:47] --> stdout will be redirected to /home/jd4691/research/NTT_CPU/peaseNTT_nocpy/Catapult_2_1/peaseNTT.v4/CDesignChecker/calypto/.extseq/iter_2_wlindex_16/.stdout_390
[00:05:47] --> stderr will be redirected to /home/jd4691/research/NTT_CPU/peaseNTT_nocpy/Catapult_2_1/peaseNTT.v4/CDesignChecker/calypto/.extseq/iter_2_wlindex_16/.stdout_390_err
[00:05:47] --> time limit: 1 sec, mem limit: 4000 MB
[00:05:48] Child process 59998 finished with return value 9 (signaled: 1, exited: 0, exit status 0)
[00:05:49] Master issued REQ_CHDIR + /home/jd4691/research/NTT_CPU/peaseNTT_nocpy/Catapult_2_1/peaseNTT.v4/CDesignChecker/calypto/.extseq/iter_2_wlindex_18
[00:05:49] Master issued REQ_EXEC.  Forked PID 60032 and executing '/opt/mentorgraphics/Catapult_10.5c/Mgc_home/pkgs/cds_cpc/rls/platform/linux64/bin/abc -d -c read_aiger /home/jd4691/research/NTT_CPU/peaseNTT_nocpy/Catapult_2_1/peaseNTT.v4/CDesignChecker/calypto/.extseq/iter_2_wlindex_18/.snapshot_10351.aig ; orpos ; &get -n; &gla -qv -T 16 seconds ; write_cex -nmsvz /home/jd4691/research/NTT_CPU/peaseNTT_nocpy/Catapult_2_1/peaseNTT.v4/CDesignChecker/calypto/.extseq/iter_2_wlindex_18/.cex_3929.txt ; echo ExtSeqAlgorithmFinished ;'
[00:05:49] --> stdout will be redirected to /home/jd4691/research/NTT_CPU/peaseNTT_nocpy/Catapult_2_1/peaseNTT.v4/CDesignChecker/calypto/.extseq/iter_2_wlindex_18/.stdout_396
[00:05:49] --> stderr will be redirected to /home/jd4691/research/NTT_CPU/peaseNTT_nocpy/Catapult_2_1/peaseNTT.v4/CDesignChecker/calypto/.extseq/iter_2_wlindex_18/.stdout_396_err
[00:05:49] --> time limit: 16 sec, mem limit: 4000 MB
[00:05:56] Master issued REQ_KILL.  Killing child process
[00:05:56] Killing child process group at PGID 60032 (worker_bootstrap PID is 53567)
[00:05:56] Child process 60032 finished with return value 15 (signaled: 1, exited: 0, exit status 0)
[00:05:56] Master issued REQ_CHDIR + /home/jd4691/research/NTT_CPU/peaseNTT_nocpy/Catapult_2_1/peaseNTT.v4/CDesignChecker/calypto/.extseq/iter_2_wlindex_19
[00:05:56] Master issued REQ_EXEC.  Forked PID 60116 and executing '/opt/mentorgraphics/Catapult_10.5c/Mgc_home/pkgs/cds_cpc/rls/platform/linux64/bin/abc -d -c read_aiger /home/jd4691/research/NTT_CPU/peaseNTT_nocpy/Catapult_2_1/peaseNTT.v4/CDesignChecker/calypto/.extseq/iter_2_wlindex_19/.snapshot_10513.aig ; orpos ; &get -n; &gla -qv -T 16 seconds ; write_cex -nmsvz /home/jd4691/research/NTT_CPU/peaseNTT_nocpy/Catapult_2_1/peaseNTT.v4/CDesignChecker/calypto/.extseq/iter_2_wlindex_19/.cex_3989.txt ; echo ExtSeqAlgorithmFinished ;'
[00:05:56] --> stdout will be redirected to /home/jd4691/research/NTT_CPU/peaseNTT_nocpy/Catapult_2_1/peaseNTT.v4/CDesignChecker/calypto/.extseq/iter_2_wlindex_19/.stdout_403
[00:05:56] --> stderr will be redirected to /home/jd4691/research/NTT_CPU/peaseNTT_nocpy/Catapult_2_1/peaseNTT.v4/CDesignChecker/calypto/.extseq/iter_2_wlindex_19/.stdout_403_err
[00:05:56] --> time limit: 16 sec, mem limit: 4000 MB
[00:06:03] Master issued REQ_KILL.  Killing child process
[00:06:03] Killing child process group at PGID 60116 (worker_bootstrap PID is 53567)
[00:06:03] Child process 60116 finished with return value 15 (signaled: 1, exited: 0, exit status 0)
[00:06:16] Exiting because an error occurred: Connection reset by peer
