-- Catapult Ultra Synthesis: Report                                              
-- ------------------------- ---------------------------------------------------
-- Version:                  10.5c/896140 Production Release                     
-- Build Date:               Sun Sep  6 22:45:38 PDT 2020                        
                                                                                 
-- Generated by:             jd4691@newnano.poly.edu                             
-- Generated date:           Wed Jul 28 06:08:15 EDT 2021                        

Solution Settings: stockham_DIT.v12
  Current state: extract
  Project: stockhamDIT
  
  Design Input Files Specified
    $PROJECT_HOME/src/ntt_tb.cpp
    $PROJECT_HOME/src/ntt.cpp
      $PROJECT_HOME/include/ntt.h
        $PROJECT_HOME/include/config.h
          $MGC_HOME/shared/include/ac_int.h
        $MGC_HOME/shared/include/math/mgc_ac_math.h
          $MGC_HOME/shared/include/ac_fixed.h
          $MGC_HOME/shared/include/ac_float.h
          $MGC_HOME/shared/include/ac_complex.h
          $MGC_HOME/shared/include/math/mgc_ac_trig.h
            $MGC_HOME/shared/include/math/mgc_sc_atan_pow2.tab
            $MGC_HOME/shared/include/math/mgc_sc_atan2_pow2.tab
            $MGC_HOME/shared/include/math/mgc_sc_K_cordic.tab
            $MGC_HOME/shared/include/math/mgc_sc_x2_atan2_pow2.tab
          $MGC_HOME/shared/include/math/mgc_ac_hcordic.h
            $MGC_HOME/shared/include/math/mgc_ac_hcordic.tab
            $MGC_HOME/shared/include/math/mgc_ac_hcordic_inv_ln2.tab
  
  Processes/Blocks in Design
    Process            Real Operation(s) count Latency Throughput Reset Length II Comments 
    ------------------ ----------------------- ------- ---------- ------------ -- --------
    /stockham_DIT/core                      56   31742      31747            0  0        ? 
    Design Total:                           56   31742      31747            0  0          
    
  Bill Of Materials (Datapath)
    Component Name                                     Area Score Area(DSP) Area(LUTs) Area(MUX_CARRYs)   Delay Post Alloc Post Assign 
    -------------------------------------------------- ---------- --------- ---------- ---------------- ------- ---------- -----------
    [Lib: Xilinx_RAMS]                                                                                                                 
    BLOCK_1R1W_RBW(5,10,64,1024,1024,64,1)                  0.000     0.000      0.000            0.000   0.100          0           1 
    BLOCK_1R1W_RBW_rwport(5,10,64,1024,1024,64,1)           0.000     0.000      0.000            0.000   0.100          1           0 
    BLOCK_1R1W_RBW_rwport_en(5,10,64,1024,1024,64,1)        0.000     0.000      0.000            0.000   0.100          1           0 
    BLOCK_2R1W_RBW_DUAL_rport(4,10,64,1024,1024,64,1)       0.000     0.000      0.000            0.000   2.400          1           0 
    BLOCK_2R1W_RBW_DUAL_rwport(1,10,64,1024,1024,64,1)      0.000     0.000      0.000            0.000   2.400          1           0 
    [Lib: ccs_ioport]                                                                                                                  
    ccs_in(2,64)                                            0.000     0.000      0.000            0.000   0.000          1           1 
    ccs_in(3,64)                                            0.000     0.000      0.000            0.000   0.000          1           0 
    [Lib: mgc_Xilinx-VIRTEX-7-2_beh]                                                                                                   
    mgc_add(10,0,10,0,10)                                  10.000     0.000     10.000            9.000   1.035          3           2 
    mgc_add(22,0,1,1,23)                                   22.000     0.000     22.000           21.000   1.215          1           0 
    mgc_add(22,0,10,1,23)                                  22.000     0.000     22.000           21.000   1.215          0           1 
    mgc_add(5,0,1,1,5)                                      5.000     0.000      5.000            4.000   0.960          1           1 
    mgc_add(64,0,64,0,64)                                  64.000     0.000     64.000           63.000   1.845          4           2 
    mgc_add(9,0,1,1,9)                                      9.000     0.000      9.000            8.000   1.020          1           1 
    mgc_add(9,0,2,1,10)                                     9.000     0.000      9.000            8.000   1.020          1           1 
    mgc_add(9,0,8,0,9)                                      9.000     0.000      9.000            8.000   1.020          1           1 
    mgc_add(9,0,9,0,10)                                     9.000     0.000      9.000            8.000   1.020          2           1 
    mgc_and(1,2)                                            1.000     0.000      1.000            0.000   0.550          0          70 
    mgc_and(1,3)                                            1.000     0.000      1.000            0.000   0.550          0           7 
    mgc_and(1,4)                                            1.000     0.000      1.000            0.000   0.550          0           4 
    mgc_and(1,5)                                            1.000     0.000      1.000            0.000   0.550          0           3 
    mgc_and(1,7)                                            2.000     0.000      2.000            0.000   1.500          0           1 
    mgc_and(9,2)                                            9.000     0.000      9.000            0.000   0.550          2           3 
    mgc_mul(64,0,64,0,128)                               9728.000    16.000      0.000            0.000   9.706          1           1 
    mgc_mux(1,1,2)                                          1.000     0.000      1.000            0.000   0.080          0          23 
    mgc_mux(10,1,2)                                        10.000     0.000     10.000            0.000   0.080          0           2 
    mgc_mux(11,1,2)                                        11.000     0.000     11.000            0.000   0.080          0           1 
    mgc_mux(128,1,2)                                      128.000     0.000    128.000            0.000   0.080          0           1 
    mgc_mux(5,1,2)                                          5.000     0.000      5.000            0.000   0.080          0           1 
    mgc_mux(64,1,2)                                        64.000     0.000     64.000            0.000   0.080          3           7 
    mgc_mux(9,1,2)                                          9.000     0.000      9.000            0.000   0.080          0           1 
    mgc_mux1hot(10,4)                                      18.303     0.000     18.303            0.000   1.500          0           1 
    mgc_mux1hot(64,3)                                      92.565     0.000     92.565            0.000   0.550          1           1 
    mgc_mux1hot(64,5)                                     141.720     0.000    141.720            0.000   1.500          0           1 
    mgc_nand(1,2)                                           1.000     0.000      1.000            0.000   0.550          0           5 
    mgc_nand(1,3)                                           1.000     0.000      1.000            0.000   0.550          0           1 
    mgc_nand(1,5)                                           1.000     0.000      1.000            0.000   0.550          0           2 
    mgc_nor(1,2)                                            1.000     0.000      1.000            0.000   0.550          0           7 
    mgc_nor(1,3)                                            1.000     0.000      1.000            0.000   0.550          0           2 
    mgc_nor(1,4)                                            1.000     0.000      1.000            0.000   0.550          0           4 
    mgc_not(1)                                              0.000     0.000      0.000            0.000   0.000          0          72 
    mgc_not(64)                                             0.000     0.000      0.000            0.000   0.000          0           1 
    mgc_not(9)                                              0.000     0.000      0.000            0.000   0.000          0           1 
    mgc_or(1,2)                                             1.000     0.000      1.000            0.000   0.550          0          16 
    mgc_or(1,3)                                             1.000     0.000      1.000            0.000   0.550          0           2 
    mgc_or(1,5)                                             1.000     0.000      1.000            0.000   0.550          0           3 
    mgc_or(1,6)                                             1.000     0.000      1.000            0.000   0.550          0           1 
    mgc_or(9,2)                                             9.000     0.000      9.000            0.000   0.550          0           1 
    mgc_reg_pos(1,0,0,0,0,1,1)                              0.000     0.000      0.000            0.000   0.320          0          32 
    mgc_reg_pos(1,0,0,1,1,0,0)                              0.000     0.000      0.000            0.000   0.320          0           3 
    mgc_reg_pos(1,0,0,1,1,1,1)                              0.000     0.000      0.000            0.000   0.320          0           4 
    mgc_reg_pos(10,0,0,0,0,1,1)                             0.000     0.000      0.000            0.000   0.320          0           2 
    mgc_reg_pos(10,0,0,1,1,1,1)                             0.000     0.000      0.000            0.000   0.320          0           1 
    mgc_reg_pos(11,0,0,0,0,1,1)                             0.000     0.000      0.000            0.000   0.320          0           1 
    mgc_reg_pos(128,0,0,0,0,0,0)                            0.000     0.000      0.000            0.000   0.320          0           1 
    mgc_reg_pos(128,0,0,0,0,1,1)                            0.000     0.000      0.000            0.000   0.320          0           1 
    mgc_reg_pos(5,0,0,0,0,1,1)                              0.000     0.000      0.000            0.000   0.320          0           1 
    mgc_reg_pos(64,0,0,0,0,0,0)                             0.000     0.000      0.000            0.000   0.320          0           3 
    mgc_reg_pos(64,0,0,0,0,1,1)                             0.000     0.000      0.000            0.000   0.320          0           4 
    mgc_reg_pos(9,0,0,0,0,0,0)                              0.000     0.000      0.000            0.000   0.320          0           1 
    mgc_rem(128,64,0)                                   15411.269     0.000  15411.269            0.000 374.622          1           1 
    mgc_rem(65,65,1)                                     8359.249     0.000   8359.249            0.000 231.970          1           1 
    mgc_shift_l(9,0,5,10)                                  20.740     0.000     20.740            0.000   1.500          1           1 
    mgc_shift_r(9,0,5,9)                                   19.859     0.000     19.859            0.000   1.500          1           1 
    mgc_xor(1,2)                                            1.000     0.000      1.000            0.000   0.550          0           3 
    [Lib: mgc_ioport]                                                                                                                  
    mgc_io_sync(0)                                          0.000     0.000      0.000            0.000   0.000          4           4 
                                                                                                                                       
    TOTAL AREA (After Assignment):                      34814.704    16.000  25087.000          201.000                                
    
  Area Scores
                       Post-Scheduling    Post-DP & FSM  Post-Assignment 
    ----------------- ---------------- ---------------- ----------------
    Total Area Score:   34199.7          44661.0          34816.7        
    Total Reg:              0.0              0.0              0.0        
                                                                         
    DataPath:           34199.7 (100%)   44659.0 (100%)   34814.7 (100%) 
      MUX:                284.6   (1%)     966.9   (2%)     896.6   (3%) 
      FUNC:             33897.1  (99%)   43552.1  (98%)   33750.1  (97%) 
      LOGIC:               18.0   (0%)     140.0   (0%)     168.0   (0%) 
      BUFFER:               0.0              0.0              0.0        
      MEM:                  0.0              0.0              0.0        
      ROM:                  0.0              0.0              0.0        
      REG:                  0.0              0.0              0.0        
                                                                         
    
    FSM:                    0.0              2.0   (0%)       2.0   (0%) 
      FSM-REG:              0.0              0.0              0.0        
      FSM-COMB:             0.0              2.0 (100%)       2.0 (100%) 
                                                                         
    
  Register-to-Variable Mappings
    Register                                        Size(bits) Gated Register CG Opt Done Variables                                             
    ----------------------------------------------- ---------- -------------- ----------- -----------------------------------------------------
    INNER_LOOP:b:mul.mut                                   128         Y           Y      INNER_LOOP:b:mul.mut                                  
    INNER_LOOP:b:rem:cmp.a                                 128                            INNER_LOOP:b:rem:cmp.a                                
    INNER_LOOP:a.lpi#3.dfm                                  64         Y           Y      INNER_LOOP:a.lpi#3.dfm                                
                                                                                          INNER_LOOP:acc#2.psp                                  
                                                                                          INNER_LOOP:w:asn.itm                                  
                                                                                          modulo_dev:_qr.lpi#3.dfm                              
    INNER_LOOP:acc#5.itm                                    64         Y           Y      INNER_LOOP:acc#5.itm                                  
    INNER_LOOP:b:rem:cmp.z.oreg                             64                            INNER_LOOP:b:rem:cmp.z.oreg                           
    drf(y).smx.lpi#3                                        64         Y           Y      drf(y).smx.lpi#3                                      
                                                                                          drf(y).smx.lpi#3.dfm                                  
    modulo_dev:result:rem:cmp.a(63:0)                       64                            modulo_dev:result:rem:cmp.a(63:0)                     
    p.sva                                                   64         Y           Y      p.sva                                                 
    reg(modulo_dev:result:rem:cmp.b(63:0)).cse              64                            reg(modulo_dev:result:rem:cmp.b(63:0)).cse            
    s(10:0).sva                                             11         Y           Y      s(10:0).sva                                           
    INNER_LOOP:acc.tdx#1(9:0).sva                           10         Y           Y      INNER_LOOP:acc.tdx#1(9:0).sva                         
    INNER_LOOP:t(9:0).sva#1                                 10         Y           Y      INNER_LOOP:t(9:0).sva#1                               
    pref:x.idx.pref(9:0).sva                                10         Y           Y      pref:x.idx.pref(9:0).sva                              
    INNER_LOOP:a:acc.psp.sva                                 9                            INNER_LOOP:a:acc.psp.sva                              
                                                                                          INNER_LOOP:t(9:0).sva(8:0)                            
    shift(4:0).sva                                           5         Y           Y      shift(4:0).sva                                        
    INNER_LOOP:a:slc(INNER_LOOP:q:and.psp)(0)#1.itm          1         Y           Y      INNER_LOOP:a:slc(INNER_LOOP:q:and.psp)(0)#1.itm       
                                                                                          INNER_LOOP:a:slc(INNER_LOOP:q:and.psp)(0).itm         
    INNER_LOOP:b:nor.itm                                     1                            INNER_LOOP:b:nor.itm                                  
    OUTER_LOOP:nn(0).sva                                     1         Y           Y      OUTER_LOOP:nn(0).sva                                  
    OUTER_LOOP:nn(1).sva                                     1         Y           Y      OUTER_LOOP:nn(1).sva                                  
    OUTER_LOOP:nn(10).sva                                    1         Y           Y      OUTER_LOOP:nn(10).sva                                 
    OUTER_LOOP:nn(11).sva                                    1         Y           Y      OUTER_LOOP:nn(11).sva                                 
    OUTER_LOOP:nn(12).sva                                    1         Y           Y      OUTER_LOOP:nn(12).sva                                 
    OUTER_LOOP:nn(13).sva                                    1         Y           Y      OUTER_LOOP:nn(13).sva                                 
    OUTER_LOOP:nn(14).sva                                    1         Y           Y      OUTER_LOOP:nn(14).sva                                 
    OUTER_LOOP:nn(15).sva                                    1         Y           Y      OUTER_LOOP:nn(15).sva                                 
    OUTER_LOOP:nn(16).sva                                    1         Y           Y      OUTER_LOOP:nn(16).sva                                 
    OUTER_LOOP:nn(17).sva                                    1         Y           Y      OUTER_LOOP:nn(17).sva                                 
    OUTER_LOOP:nn(18).sva                                    1         Y           Y      OUTER_LOOP:nn(18).sva                                 
    OUTER_LOOP:nn(19).sva                                    1         Y           Y      OUTER_LOOP:nn(19).sva                                 
    OUTER_LOOP:nn(2).sva                                     1         Y           Y      OUTER_LOOP:nn(2).sva                                  
    OUTER_LOOP:nn(20).sva                                    1         Y           Y      OUTER_LOOP:nn(20).sva                                 
    OUTER_LOOP:nn(21).sva                                    1         Y           Y      OUTER_LOOP:nn(21).sva                                 
    OUTER_LOOP:nn(22).sva                                    1         Y           Y      OUTER_LOOP:nn(22).sva                                 
    OUTER_LOOP:nn(23).sva                                    1         Y           Y      OUTER_LOOP:nn(23).sva                                 
    OUTER_LOOP:nn(24).sva                                    1         Y           Y      OUTER_LOOP:nn(24).sva                                 
    OUTER_LOOP:nn(25).sva                                    1         Y           Y      OUTER_LOOP:nn(25).sva                                 
    OUTER_LOOP:nn(26).sva                                    1         Y           Y      OUTER_LOOP:nn(26).sva                                 
    OUTER_LOOP:nn(27).sva                                    1         Y           Y      OUTER_LOOP:nn(27).sva                                 
    OUTER_LOOP:nn(28).sva                                    1         Y           Y      OUTER_LOOP:nn(28).sva                                 
    OUTER_LOOP:nn(29).sva                                    1         Y           Y      OUTER_LOOP:nn(29).sva                                 
    OUTER_LOOP:nn(3).sva                                     1         Y           Y      OUTER_LOOP:nn(3).sva                                  
    OUTER_LOOP:nn(30).sva                                    1         Y           Y      OUTER_LOOP:nn(30).sva                                 
    OUTER_LOOP:nn(4).sva                                     1         Y           Y      OUTER_LOOP:nn(4).sva                                  
    OUTER_LOOP:nn(5).sva                                     1         Y           Y      OUTER_LOOP:nn(5).sva                                  
    OUTER_LOOP:nn(6).sva                                     1         Y           Y      OUTER_LOOP:nn(6).sva                                  
    OUTER_LOOP:nn(7).sva                                     1         Y           Y      OUTER_LOOP:nn(7).sva                                  
    OUTER_LOOP:nn(8).sva                                     1         Y           Y      OUTER_LOOP:nn(8).sva                                  
    OUTER_LOOP:nn(9).sva                                     1         Y           Y      OUTER_LOOP:nn(9).sva                                  
    reg(xt:rsc.triosy:obj.ld).cse                            1                            reg(xt:rsc.triosy:obj.ld).cse                         
    reg(yt:rsc.@.cgo).cse                                    1                            reg(yt:rsc.@.cgo).cse                                 
    x(1).sva                                                 1         Y           Y      x(1).sva                                              
    x(3).sva                                                 1         Y           Y      x(3).sva                                              
    y(1).sva                                                 1         Y           Y      y(1).sva                                              
    y(3).sva                                                 1         Y           Y      y(3).sva                                              
                                                                                                                                                
    Total:                                                 798            466         466 (Total Gating Ratio: 0.58, CG Opt Gating Ratio: 0.58) 
    
  Timing Report
    Critical Path
      Max Delay:  14.942008
      Slack:      0.05799200000000049
      
      Path                                                           Startpoint                                               Endpoint                                                   Delay   Slack   
      -------------------------------------------------------------- -------------------------------------------------------- ---------------------------------------------------------- ------- -------
      1                                                              stockham_DIT:core/reg(INNER_LOOP:b:rem:cmp.a)            stockham_DIT:core:wait_dp/reg(INNER_LOOP:b:rem:cmp.z.oreg) 14.9420 0.0580  
                                                                                                                                                                                                         
        Instance                                                     Component                                                                                                           Delta   Delay   
        --------                                                     ---------                                                                                                           -----   -----   
        stockham_DIT:core/reg(INNER_LOOP:b:rem:cmp.a)                mgc_reg_pos_128_0_0_0_0_0_0                                                                                         0.3200  0.3200  
        stockham_DIT:core/INNER_LOOP:b:rem:cmp.a                                                                                                                                         0.0000  0.3200  
        stockham_DIT/INNER_LOOP:b:rem:cmp.a                                                                                                                                              0.0000  0.3200  
        stockham_DIT/INNER_LOOP:b:rem:cmp                            mgc_rem_128_64_0                                                                                                    14.6220 14.9420 
        stockham_DIT/INNER_LOOP:b:rem:cmp.z                                                                                                                                              0.0000  14.9420 
        stockham_DIT:core/INNER_LOOP:b:rem:cmp.z                                                                                                                                         0.0000  14.9420 
        stockham_DIT:core:wait_dp/INNER_LOOP:b:rem:cmp.z                                                                                                                                 0.0000  14.9420 
        stockham_DIT:core:wait_dp/reg(INNER_LOOP:b:rem:cmp.z.oreg)   mgc_reg_pos_64_0_0_0_0_0_0                                                                                          0.0000  14.9420 
                                                                                                                                                                                                         
      2                                                              stockham_DIT:core/reg(modulo_dev:result:rem:cmp.b(63:0)) stockham_DIT:core:wait_dp/reg(INNER_LOOP:b:rem:cmp.z.oreg) 14.9420 0.0580  
                                                                                                                                                                                                         
        Instance                                                     Component                                                                                                           Delta   Delay   
        --------                                                     ---------                                                                                                           -----   -----   
        stockham_DIT:core/reg(modulo_dev:result:rem:cmp.b(63:0))     mgc_reg_pos_64_0_0_0_0_0_0                                                                                          0.3200  0.3200  
        stockham_DIT:core/reg(modulo_dev:result:rem:cmp.b(63:0)).cse                                                                                                                     0.0000  0.3200  
        stockham_DIT:core/INNER_LOOP:b:asn(INNER_LOOP:b:rem:cmp.b)                                                                                                                       0.0000  0.3200  
        stockham_DIT:core/INNER_LOOP:b:rem:cmp.b                                                                                                                                         0.0000  0.3200  
        stockham_DIT/INNER_LOOP:b:rem:cmp.b                                                                                                                                              0.0000  0.3200  
        stockham_DIT/INNER_LOOP:b:rem:cmp                            mgc_rem_128_64_0                                                                                                    14.6220 14.9420 
        stockham_DIT/INNER_LOOP:b:rem:cmp.z                                                                                                                                              0.0000  14.9420 
        stockham_DIT:core/INNER_LOOP:b:rem:cmp.z                                                                                                                                         0.0000  14.9420 
        stockham_DIT:core:wait_dp/INNER_LOOP:b:rem:cmp.z                                                                                                                                 0.0000  14.9420 
        stockham_DIT:core:wait_dp/reg(INNER_LOOP:b:rem:cmp.z.oreg)   mgc_reg_pos_64_0_0_0_0_0_0                                                                                          0.0000  14.9420 
                                                                                                                                                                                                         
      3                                                              stockham_DIT:core/stockham_DIT:core_core:fsm:inst        stockham_DIT:core/reg(INNER_LOOP:acc.tdx#1(9:0))           11.9211 3.0789  
                                                                                                                                                                                                         
        Instance                                                     Component                                                                                                           Delta   Delay   
        --------                                                     ---------                                                                                                           -----   -----   
        stockham_DIT:core/stockham_DIT:core_core:fsm:inst            stockham_DIT:core_core:fsm                                                                                          0.0000  0.0000  
        stockham_DIT:core/fsm_output                                                                                                                                                     0.0000  0.0000  
        stockham_DIT:core/slc(fsm_output)(3)#13                                                                                                                                          0.0000  0.0000  
        stockham_DIT:core/slc(fsm_output)(3)#13.itm                                                                                                                                      0.0000  0.0000  
        stockham_DIT:core/nor#7                                      mgc_nor_1_2                                                                                                         0.5500  0.5500  
        stockham_DIT:core/and.dcpl#7                                                                                                                                                     0.0000  0.5500  
        stockham_DIT:core/and#74                                     mgc_and_1_5                                                                                                         0.5500  1.1000  
        stockham_DIT:core/and.dcpl#71                                                                                                                                                    0.0000  1.1000  
        stockham_DIT:core/INNER_LOOP:mux#5                           mgc_mux_64_1_2                                                                                                      0.0800  1.1800  
        stockham_DIT:core/INNER_LOOP:mux#5.itm                                                                                                                                           0.0000  1.1800  
        stockham_DIT:core/INNER_LOOP:b:mul:rg                        mgc_mul_64_0_64_0_128                                                                                               9.7061  10.8861 
        stockham_DIT:core/z.out                                                                                                                                                          0.0000  10.8861 
        stockham_DIT:core/INNER_LOOP:slc(z.out)(9-0)                                                                                                                                     0.0000  10.8861 
        stockham_DIT:core/INNER_LOOP:slc(z.out)(9-0).itm                                                                                                                                 0.0000  10.8861 
        stockham_DIT:core/INNER_LOOP:INNER_LOOP:acc#1                mgc_addc_10_0_10_0_10                                                                                               1.0350  11.9211 
        stockham_DIT:core/INNER_LOOP:INNER_LOOP:acc#1.itm                                                                                                                                0.0000  11.9211 
        stockham_DIT:core/reg(INNER_LOOP:acc.tdx#1(9:0))             mgc_reg_pos_10_0_0_0_0_1_1                                                                                          0.0000  11.9211 
                                                                                                                                                                                                         
      4                                                              stockham_DIT:core/stockham_DIT:core_core:fsm:inst        stockham_DIT:core/reg(INNER_LOOP:acc.tdx#1(9:0))           11.9211 3.0789  
                                                                                                                                                                                                         
        Instance                                                     Component                                                                                                           Delta   Delay   
        --------                                                     ---------                                                                                                           -----   -----   
        stockham_DIT:core/stockham_DIT:core_core:fsm:inst            stockham_DIT:core_core:fsm                                                                                          0.0000  0.0000  
        stockham_DIT:core/fsm_output                                                                                                                                                     0.0000  0.0000  
        stockham_DIT:core/slc(fsm_output)(3)#13                                                                                                                                          0.0000  0.0000  
        stockham_DIT:core/slc(fsm_output)(3)#13.itm                                                                                                                                      0.0000  0.0000  
        stockham_DIT:core/nor#7                                      mgc_nor_1_2                                                                                                         0.5500  0.5500  
        stockham_DIT:core/and.dcpl#7                                                                                                                                                     0.0000  0.5500  
        stockham_DIT:core/and#74                                     mgc_and_1_5                                                                                                         0.5500  1.1000  
        stockham_DIT:core/and.dcpl#71                                                                                                                                                    0.0000  1.1000  
        stockham_DIT:core/INNER_LOOP:mux#2                           mgc_mux_64_1_2                                                                                                      0.0800  1.1800  
        stockham_DIT:core/INNER_LOOP:mux#2.itm                                                                                                                                           0.0000  1.1800  
        stockham_DIT:core/INNER_LOOP:b:mul:rg                        mgc_mul_64_0_64_0_128                                                                                               9.7061  10.8861 
        stockham_DIT:core/z.out                                                                                                                                                          0.0000  10.8861 
        stockham_DIT:core/INNER_LOOP:slc(z.out)(9-0)                                                                                                                                     0.0000  10.8861 
        stockham_DIT:core/INNER_LOOP:slc(z.out)(9-0).itm                                                                                                                                 0.0000  10.8861 
        stockham_DIT:core/INNER_LOOP:INNER_LOOP:acc#1                mgc_addc_10_0_10_0_10                                                                                               1.0350  11.9211 
        stockham_DIT:core/INNER_LOOP:INNER_LOOP:acc#1.itm                                                                                                                                0.0000  11.9211 
        stockham_DIT:core/reg(INNER_LOOP:acc.tdx#1(9:0))             mgc_reg_pos_10_0_0_0_0_1_1                                                                                          0.0000  11.9211 
                                                                                                                                                                                                         
      5                                                              stockham_DIT:core/stockham_DIT:core_core:fsm:inst        stockham_DIT:core/reg(INNER_LOOP:acc.tdx#1(9:0))           11.9211 3.0789  
                                                                                                                                                                                                         
        Instance                                                     Component                                                                                                           Delta   Delay   
        --------                                                     ---------                                                                                                           -----   -----   
        stockham_DIT:core/stockham_DIT:core_core:fsm:inst            stockham_DIT:core_core:fsm                                                                                          0.0000  0.0000  
        stockham_DIT:core/fsm_output                                                                                                                                                     0.0000  0.0000  
        stockham_DIT:core/slc(fsm_output)(2)#13                                                                                                                                          0.0000  0.0000  
        stockham_DIT:core/slc(fsm_output)(2)#13.itm                                                                                                                                      0.0000  0.0000  
        stockham_DIT:core/nor#7                                      mgc_nor_1_2                                                                                                         0.5500  0.5500  
        stockham_DIT:core/and.dcpl#7                                                                                                                                                     0.0000  0.5500  
        stockham_DIT:core/and#74                                     mgc_and_1_5                                                                                                         0.5500  1.1000  
        stockham_DIT:core/and.dcpl#71                                                                                                                                                    0.0000  1.1000  
        stockham_DIT:core/INNER_LOOP:mux#2                           mgc_mux_64_1_2                                                                                                      0.0800  1.1800  
        stockham_DIT:core/INNER_LOOP:mux#2.itm                                                                                                                                           0.0000  1.1800  
        stockham_DIT:core/INNER_LOOP:b:mul:rg                        mgc_mul_64_0_64_0_128                                                                                               9.7061  10.8861 
        stockham_DIT:core/z.out                                                                                                                                                          0.0000  10.8861 
        stockham_DIT:core/INNER_LOOP:slc(z.out)(9-0)                                                                                                                                     0.0000  10.8861 
        stockham_DIT:core/INNER_LOOP:slc(z.out)(9-0).itm                                                                                                                                 0.0000  10.8861 
        stockham_DIT:core/INNER_LOOP:INNER_LOOP:acc#1                mgc_addc_10_0_10_0_10                                                                                               1.0350  11.9211 
        stockham_DIT:core/INNER_LOOP:INNER_LOOP:acc#1.itm                                                                                                                                0.0000  11.9211 
        stockham_DIT:core/reg(INNER_LOOP:acc.tdx#1(9:0))             mgc_reg_pos_10_0_0_0_0_1_1                                                                                          0.0000  11.9211 
                                                                                                                                                                                                         
      6                                                              stockham_DIT:core/stockham_DIT:core_core:fsm:inst        stockham_DIT:core/reg(INNER_LOOP:acc.tdx#1(9:0))           11.9211 3.0789  
                                                                                                                                                                                                         
        Instance                                                     Component                                                                                                           Delta   Delay   
        --------                                                     ---------                                                                                                           -----   -----   
        stockham_DIT:core/stockham_DIT:core_core:fsm:inst            stockham_DIT:core_core:fsm                                                                                          0.0000  0.0000  
        stockham_DIT:core/fsm_output                                                                                                                                                     0.0000  0.0000  
        stockham_DIT:core/slc(fsm_output)(5)#22                                                                                                                                          0.0000  0.0000  
        stockham_DIT:core/slc(fsm_output)(5)#22.itm                                                                                                                                      0.0000  0.0000  
        stockham_DIT:core/nor#14                                     mgc_nor_1_2                                                                                                         0.5500  0.5500  
        stockham_DIT:core/and.dcpl#30                                                                                                                                                    0.0000  0.5500  
        stockham_DIT:core/and#74                                     mgc_and_1_5                                                                                                         0.5500  1.1000  
        stockham_DIT:core/and.dcpl#71                                                                                                                                                    0.0000  1.1000  
        stockham_DIT:core/INNER_LOOP:mux#2                           mgc_mux_64_1_2                                                                                                      0.0800  1.1800  
        stockham_DIT:core/INNER_LOOP:mux#2.itm                                                                                                                                           0.0000  1.1800  
        stockham_DIT:core/INNER_LOOP:b:mul:rg                        mgc_mul_64_0_64_0_128                                                                                               9.7061  10.8861 
        stockham_DIT:core/z.out                                                                                                                                                          0.0000  10.8861 
        stockham_DIT:core/INNER_LOOP:slc(z.out)(9-0)                                                                                                                                     0.0000  10.8861 
        stockham_DIT:core/INNER_LOOP:slc(z.out)(9-0).itm                                                                                                                                 0.0000  10.8861 
        stockham_DIT:core/INNER_LOOP:INNER_LOOP:acc#1                mgc_addc_10_0_10_0_10                                                                                               1.0350  11.9211 
        stockham_DIT:core/INNER_LOOP:INNER_LOOP:acc#1.itm                                                                                                                                0.0000  11.9211 
        stockham_DIT:core/reg(INNER_LOOP:acc.tdx#1(9:0))             mgc_reg_pos_10_0_0_0_0_1_1                                                                                          0.0000  11.9211 
                                                                                                                                                                                                         
      7                                                              stockham_DIT:core/stockham_DIT:core_core:fsm:inst        stockham_DIT:core/reg(INNER_LOOP:acc.tdx#1(9:0))           11.9211 3.0789  
                                                                                                                                                                                                         
        Instance                                                     Component                                                                                                           Delta   Delay   
        --------                                                     ---------                                                                                                           -----   -----   
        stockham_DIT:core/stockham_DIT:core_core:fsm:inst            stockham_DIT:core_core:fsm                                                                                          0.0000  0.0000  
        stockham_DIT:core/fsm_output                                                                                                                                                     0.0000  0.0000  
        stockham_DIT:core/slc(fsm_output)(4)#23                                                                                                                                          0.0000  0.0000  
        stockham_DIT:core/slc(fsm_output)(4)#23.itm                                                                                                                                      0.0000  0.0000  
        stockham_DIT:core/nor#14                                     mgc_nor_1_2                                                                                                         0.5500  0.5500  
        stockham_DIT:core/and.dcpl#30                                                                                                                                                    0.0000  0.5500  
        stockham_DIT:core/and#74                                     mgc_and_1_5                                                                                                         0.5500  1.1000  
        stockham_DIT:core/and.dcpl#71                                                                                                                                                    0.0000  1.1000  
        stockham_DIT:core/INNER_LOOP:mux#2                           mgc_mux_64_1_2                                                                                                      0.0800  1.1800  
        stockham_DIT:core/INNER_LOOP:mux#2.itm                                                                                                                                           0.0000  1.1800  
        stockham_DIT:core/INNER_LOOP:b:mul:rg                        mgc_mul_64_0_64_0_128                                                                                               9.7061  10.8861 
        stockham_DIT:core/z.out                                                                                                                                                          0.0000  10.8861 
        stockham_DIT:core/INNER_LOOP:slc(z.out)(9-0)                                                                                                                                     0.0000  10.8861 
        stockham_DIT:core/INNER_LOOP:slc(z.out)(9-0).itm                                                                                                                                 0.0000  10.8861 
        stockham_DIT:core/INNER_LOOP:INNER_LOOP:acc#1                mgc_addc_10_0_10_0_10                                                                                               1.0350  11.9211 
        stockham_DIT:core/INNER_LOOP:INNER_LOOP:acc#1.itm                                                                                                                                0.0000  11.9211 
        stockham_DIT:core/reg(INNER_LOOP:acc.tdx#1(9:0))             mgc_reg_pos_10_0_0_0_0_1_1                                                                                          0.0000  11.9211 
                                                                                                                                                                                                         
      8                                                              stockham_DIT:core/stockham_DIT:core_core:fsm:inst        stockham_DIT:core/reg(INNER_LOOP:acc.tdx#1(9:0))           11.3711 3.6289  
                                                                                                                                                                                                         
        Instance                                                     Component                                                                                                           Delta   Delay   
        --------                                                     ---------                                                                                                           -----   -----   
        stockham_DIT:core/stockham_DIT:core_core:fsm:inst            stockham_DIT:core_core:fsm                                                                                          0.0000  0.0000  
        stockham_DIT:core/fsm_output                                                                                                                                                     0.0000  0.0000  
        stockham_DIT:core/slc(fsm_output)(6)#16                                                                                                                                          0.0000  0.0000  
        stockham_DIT:core/slc(fsm_output)(6)#16.itm                                                                                                                                      0.0000  0.0000  
        stockham_DIT:core/not#109                                    mgc_not_1                                                                                                           0.0000  0.0000  
        stockham_DIT:core/not#109.itm                                                                                                                                                    0.0000  0.0000  
        stockham_DIT:core/and#74                                     mgc_and_1_5                                                                                                         0.5500  0.5500  
        stockham_DIT:core/and.dcpl#71                                                                                                                                                    0.0000  0.5500  
        stockham_DIT:core/INNER_LOOP:mux#2                           mgc_mux_64_1_2                                                                                                      0.0800  0.6300  
        stockham_DIT:core/INNER_LOOP:mux#2.itm                                                                                                                                           0.0000  0.6300  
        stockham_DIT:core/INNER_LOOP:b:mul:rg                        mgc_mul_64_0_64_0_128                                                                                               9.7061  10.3361 
        stockham_DIT:core/z.out                                                                                                                                                          0.0000  10.3361 
        stockham_DIT:core/INNER_LOOP:slc(z.out)(9-0)                                                                                                                                     0.0000  10.3361 
        stockham_DIT:core/INNER_LOOP:slc(z.out)(9-0).itm                                                                                                                                 0.0000  10.3361 
        stockham_DIT:core/INNER_LOOP:INNER_LOOP:acc#1                mgc_addc_10_0_10_0_10                                                                                               1.0350  11.3711 
        stockham_DIT:core/INNER_LOOP:INNER_LOOP:acc#1.itm                                                                                                                                0.0000  11.3711 
        stockham_DIT:core/reg(INNER_LOOP:acc.tdx#1(9:0))             mgc_reg_pos_10_0_0_0_0_1_1                                                                                          0.0000  11.3711 
                                                                                                                                                                                                         
      9                                                              stockham_DIT:core/stockham_DIT:core_core:fsm:inst        stockham_DIT:core/reg(INNER_LOOP:acc.tdx#1(9:0))           11.3711 3.6289  
                                                                                                                                                                                                         
        Instance                                                     Component                                                                                                           Delta   Delay   
        --------                                                     ---------                                                                                                           -----   -----   
        stockham_DIT:core/stockham_DIT:core_core:fsm:inst            stockham_DIT:core_core:fsm                                                                                          0.0000  0.0000  
        stockham_DIT:core/fsm_output                                                                                                                                                     0.0000  0.0000  
        stockham_DIT:core/slc(fsm_output)(1)#26                                                                                                                                          0.0000  0.0000  
        stockham_DIT:core/slc(fsm_output)(1)#26.itm                                                                                                                                      0.0000  0.0000  
        stockham_DIT:core/and#74                                     mgc_and_1_5                                                                                                         0.5500  0.5500  
        stockham_DIT:core/and.dcpl#71                                                                                                                                                    0.0000  0.5500  
        stockham_DIT:core/INNER_LOOP:mux#2                           mgc_mux_64_1_2                                                                                                      0.0800  0.6300  
        stockham_DIT:core/INNER_LOOP:mux#2.itm                                                                                                                                           0.0000  0.6300  
        stockham_DIT:core/INNER_LOOP:b:mul:rg                        mgc_mul_64_0_64_0_128                                                                                               9.7061  10.3361 
        stockham_DIT:core/z.out                                                                                                                                                          0.0000  10.3361 
        stockham_DIT:core/INNER_LOOP:slc(z.out)(9-0)                                                                                                                                     0.0000  10.3361 
        stockham_DIT:core/INNER_LOOP:slc(z.out)(9-0).itm                                                                                                                                 0.0000  10.3361 
        stockham_DIT:core/INNER_LOOP:INNER_LOOP:acc#1                mgc_addc_10_0_10_0_10                                                                                               1.0350  11.3711 
        stockham_DIT:core/INNER_LOOP:INNER_LOOP:acc#1.itm                                                                                                                                0.0000  11.3711 
        stockham_DIT:core/reg(INNER_LOOP:acc.tdx#1(9:0))             mgc_reg_pos_10_0_0_0_0_1_1                                                                                          0.0000  11.3711 
                                                                                                                                                                                                         
      10                                                             stockham_DIT:core/stockham_DIT:core_core:fsm:inst        stockham_DIT:core/reg(INNER_LOOP:acc.tdx#1(9:0))           11.3711 3.6289  
                                                                                                                                                                                                         
        Instance                                                     Component                                                                                                           Delta   Delay   
        --------                                                     ---------                                                                                                           -----   -----   
        stockham_DIT:core/stockham_DIT:core_core:fsm:inst            stockham_DIT:core_core:fsm                                                                                          0.0000  0.0000  
        stockham_DIT:core/fsm_output                                                                                                                                                     0.0000  0.0000  
        stockham_DIT:core/slc(fsm_output)(0)#22                                                                                                                                          0.0000  0.0000  
        stockham_DIT:core/slc(fsm_output)(0)#22.itm                                                                                                                                      0.0000  0.0000  
        stockham_DIT:core/and#74                                     mgc_and_1_5                                                                                                         0.5500  0.5500  
        stockham_DIT:core/and.dcpl#71                                                                                                                                                    0.0000  0.5500  
        stockham_DIT:core/INNER_LOOP:mux#2                           mgc_mux_64_1_2                                                                                                      0.0800  0.6300  
        stockham_DIT:core/INNER_LOOP:mux#2.itm                                                                                                                                           0.0000  0.6300  
        stockham_DIT:core/INNER_LOOP:b:mul:rg                        mgc_mul_64_0_64_0_128                                                                                               9.7061  10.3361 
        stockham_DIT:core/z.out                                                                                                                                                          0.0000  10.3361 
        stockham_DIT:core/INNER_LOOP:slc(z.out)(9-0)                                                                                                                                     0.0000  10.3361 
        stockham_DIT:core/INNER_LOOP:slc(z.out)(9-0).itm                                                                                                                                 0.0000  10.3361 
        stockham_DIT:core/INNER_LOOP:INNER_LOOP:acc#1                mgc_addc_10_0_10_0_10                                                                                               1.0350  11.3711 
        stockham_DIT:core/INNER_LOOP:INNER_LOOP:acc#1.itm                                                                                                                                0.0000  11.3711 
        stockham_DIT:core/reg(INNER_LOOP:acc.tdx#1(9:0))             mgc_reg_pos_10_0_0_0_0_1_1                                                                                          0.0000  11.3711 
                                                                                                                                                                                                         
      
    Register Input and Register-to-Output Slack
      Clock period or pin-to-reg delay constraint (clk): 15.0
      Clock uncertainty constraint (clk)               : 0.0
      
      Instance                                                           Port                                                  Slack (Delay) Messages 
      ------------------------------------------------------------------ --------------------------------------------------- ------- ------- --------
      stockham_DIT:core/reg(p)                                           p:rsci.idat                                         15.0000  0.0000          
      stockham_DIT:core/reg(OUTER_LOOP:nn(30))                           OUTER_LOOP:nn:OUTER_LOOP:nn:and.itm                 12.8000  2.2000          
      stockham_DIT:core/reg(OUTER_LOOP:nn(29))                           OUTER_LOOP:nn:OUTER_LOOP:nn:and#1.itm               12.8000  2.2000          
      stockham_DIT:core/reg(OUTER_LOOP:nn(28))                           OUTER_LOOP:nn:OUTER_LOOP:nn:and#2.itm               12.8000  2.2000          
      stockham_DIT:core/reg(OUTER_LOOP:nn(27))                           OUTER_LOOP:nn:OUTER_LOOP:nn:and#3.itm               12.8000  2.2000          
      stockham_DIT:core/reg(OUTER_LOOP:nn(26))                           OUTER_LOOP:nn:OUTER_LOOP:nn:and#4.itm               12.8000  2.2000          
      stockham_DIT:core/reg(OUTER_LOOP:nn(25))                           OUTER_LOOP:nn:OUTER_LOOP:nn:and#5.itm               12.8000  2.2000          
      stockham_DIT:core/reg(OUTER_LOOP:nn(24))                           OUTER_LOOP:nn:OUTER_LOOP:nn:and#6.itm               12.8000  2.2000          
      stockham_DIT:core/reg(OUTER_LOOP:nn(23))                           OUTER_LOOP:nn:OUTER_LOOP:nn:and#7.itm               12.8000  2.2000          
      stockham_DIT:core/reg(OUTER_LOOP:nn(22))                           OUTER_LOOP:nn:OUTER_LOOP:nn:and#8.itm               12.8000  2.2000          
      stockham_DIT:core/reg(OUTER_LOOP:nn(21))                           OUTER_LOOP:nn:OUTER_LOOP:nn:and#9.itm               12.8000  2.2000          
      stockham_DIT:core/reg(OUTER_LOOP:nn(20))                           OUTER_LOOP:nn:OUTER_LOOP:nn:and#10.itm              12.8000  2.2000          
      stockham_DIT:core/reg(OUTER_LOOP:nn(19))                           OUTER_LOOP:nn:OUTER_LOOP:nn:and#11.itm              12.8000  2.2000          
      stockham_DIT:core/reg(OUTER_LOOP:nn(18))                           OUTER_LOOP:nn:OUTER_LOOP:nn:and#12.itm              12.8000  2.2000          
      stockham_DIT:core/reg(OUTER_LOOP:nn(17))                           OUTER_LOOP:nn:OUTER_LOOP:nn:and#13.itm              12.8000  2.2000          
      stockham_DIT:core/reg(OUTER_LOOP:nn(16))                           OUTER_LOOP:nn:OUTER_LOOP:nn:and#14.itm              12.8000  2.2000          
      stockham_DIT:core/reg(OUTER_LOOP:nn(15))                           OUTER_LOOP:nn:OUTER_LOOP:nn:and#15.itm              12.8000  2.2000          
      stockham_DIT:core/reg(OUTER_LOOP:nn(14))                           OUTER_LOOP:nn:OUTER_LOOP:nn:and#16.itm              12.8000  2.2000          
      stockham_DIT:core/reg(OUTER_LOOP:nn(13))                           OUTER_LOOP:nn:OUTER_LOOP:nn:and#17.itm              12.8000  2.2000          
      stockham_DIT:core/reg(OUTER_LOOP:nn(12))                           OUTER_LOOP:nn:OUTER_LOOP:nn:and#18.itm              12.8000  2.2000          
      stockham_DIT:core/reg(OUTER_LOOP:nn(11))                           OUTER_LOOP:nn:OUTER_LOOP:nn:and#19.itm              12.8000  2.2000          
      stockham_DIT:core/reg(OUTER_LOOP:nn(10))                           OUTER_LOOP:nn:OUTER_LOOP:nn:and#20.itm              12.8000  2.2000          
      stockham_DIT:core/reg(OUTER_LOOP:nn(9))                            OUTER_LOOP:nn:OUTER_LOOP:nn:and#21.itm              12.8000  2.2000          
      stockham_DIT:core/reg(x(3))                                        OUTER_LOOP:nn:OUTER_LOOP:nn:or.itm                  12.8000  2.2000          
      stockham_DIT:core/reg(x(1))                                        x:x:and.itm                                         12.8000  2.2000          
      stockham_DIT:core/reg(y(3))                                        y:y:and.itm                                         12.8000  2.2000          
      stockham_DIT:core/reg(y(1))                                        OUTER_LOOP:nn:OUTER_LOOP:nn:or#1.itm                12.8000  2.2000          
      stockham_DIT:core/reg(drf(y).smx)                                  INNER_LOOP:b:INNER_LOOP:b:INNER_LOOP:b:mux.itm      12.5200  2.4800          
      stockham_DIT:core/reg(s(10:0))                                     s:s:mux.itm                                         13.8200  1.1800          
      stockham_DIT:core/reg(OUTER_LOOP:nn(8))                            OUTER_LOOP:nn:OUTER_LOOP:nn:and#22.itm              12.8000  2.2000          
      stockham_DIT:core/reg(OUTER_LOOP:nn(7))                            OUTER_LOOP:nn:OUTER_LOOP:nn:and#23.itm              12.8000  2.2000          
      stockham_DIT:core/reg(OUTER_LOOP:nn(6))                            OUTER_LOOP:nn:OUTER_LOOP:nn:and#24.itm              12.8000  2.2000          
      stockham_DIT:core/reg(OUTER_LOOP:nn(5))                            OUTER_LOOP:nn:OUTER_LOOP:nn:and#25.itm              12.8000  2.2000          
      stockham_DIT:core/reg(OUTER_LOOP:nn(4))                            OUTER_LOOP:nn:OUTER_LOOP:nn:and#26.itm              12.8000  2.2000          
      stockham_DIT:core/reg(OUTER_LOOP:nn(3))                            OUTER_LOOP:nn:OUTER_LOOP:nn:and#27.itm              12.8000  2.2000          
      stockham_DIT:core/reg(OUTER_LOOP:nn(2))                            OUTER_LOOP:nn:OUTER_LOOP:nn:and#28.itm              12.8000  2.2000          
      stockham_DIT:core/reg(OUTER_LOOP:nn(1))                            OUTER_LOOP:nn:OUTER_LOOP:nn:and#29.itm              12.8000  2.2000          
      stockham_DIT:core/reg(OUTER_LOOP:nn(0))                            and.dcpl#9                                          12.8000  2.2000          
      stockham_DIT:core/reg(shift(4:0))                                  shift:shift:mux.itm                                 13.6400  1.3600          
      stockham_DIT:core/reg(yt:rsc.@.cgo)                                nor#11.rmff                                         12.1600  2.8400          
      stockham_DIT:core/reg(xt:rsc.triosy:obj.ld)                        and#44.itm                                          10.7950  4.2050          
      stockham_DIT:core/reg(modulo_dev:result:rem:cmp.a(63:0))           INNER_LOOP:mux1h.itm                                12.2850  2.7150          
      stockham_DIT:core/reg(modulo_dev:result:rem:cmp.b(63:0))           p.sva                                               11.1750  3.8250          
      stockham_DIT:core/reg(INNER_LOOP:b:rem:cmp.a)                      INNER_LOOP:b:mux#1.itm                               4.0339 10.9661          
      stockham_DIT:core/reg(INNER_LOOP:a:acc.psp)                        INNER_LOOP:a:INNER_LOOP:a:and.itm                   11.4600  3.5400          
      stockham_DIT:core/reg(INNER_LOOP:a:slc(INNER_LOOP:q:and.psp)(0)#1) INNER_LOOP:q:slc(INNER_LOOP:q:and.psp.sva#1)(0).itm 13.1100  1.8900          
      stockham_DIT:core/reg(pref:x.idx.pref(9:0))                        pref:x.idx.pref(9:0).sva#1                          11.0550  3.9450          
      stockham_DIT:core/reg(INNER_LOOP:acc.tdx#1(9:0))                   INNER_LOOP:INNER_LOOP:acc#1.itm                      3.0789 11.9211          
      stockham_DIT:core/reg(INNER_LOOP:t(9:0))                           INNER_LOOP:acc#6.itm                                13.6600  1.3400          
      stockham_DIT:core/reg(INNER_LOOP:b:nor)                            INNER_LOOP:b:nor.itm#3                              13.5800  1.4200          
      stockham_DIT:core/reg(INNER_LOOP:a.lpi#3.dfm)                      INNER_LOOP:w:mux1h.itm                               4.2054 10.7946          
      stockham_DIT:core/reg(INNER_LOOP:b:mul.mut)                        z.out                                                3.0789 11.9211          
      stockham_DIT:core/reg(INNER_LOOP:acc#5)                            z.out#2                                              4.2054 10.7946          
      stockham_DIT:core:wait_dp/reg(INNER_LOOP:b:rem:cmp.z.oreg)         INNER_LOOP:b:rem:cmp.z                               0.0580 14.9420          
      stockham_DIT                                                       xt:rsc.adra                                          8.3100  6.6900          
      stockham_DIT                                                       xt:rsc.da                                            5.1254  9.8746          
      stockham_DIT                                                       xt:rsc.wea                                          13.3200  1.6800          
      stockham_DIT                                                       xt:rsc.triosy.lz                                    14.6800  0.3200          
      stockham_DIT                                                       p:rsc.triosy.lz                                     14.6800  0.3200          
      stockham_DIT                                                       g:rsc.triosy.lz                                     14.6800  0.3200          
      stockham_DIT                                                       twiddle:rsc.adrb                                     9.6100  5.3900          
      stockham_DIT                                                       twiddle:rsc.triosy.lz                               14.6800  0.3200          
      
  Operator Bitwidth Summary
    Operation Size (bits) Count 
    --------- ----------- -----
    add                         
    -                   9     2 
    -                  64     2 
    -                   5     1 
    -                  23     1 
    -                  10     4 
    and                         
    -                   9     3 
    -                   1    85 
    lshift                      
    -                  10     1 
    mul                         
    -                 128     1 
    mux                         
    -                   9     1 
    -                  64     7 
    -                   5     1 
    -                 128     1 
    -                  11     1 
    -                  10     2 
    -                   1    23 
    mux1h                       
    -                  64     2 
    -                  10     1 
    nand                        
    -                   1     8 
    nor                         
    -                   1    13 
    not                         
    -                   9     1 
    -                  64     1 
    -                   1    72 
    or                          
    -                   9     1 
    -                   1    22 
    read_port                   
    -                  64     1 
    read_sync                   
    -                   0     4 
    reg                         
    -                   9     1 
    -                  64     7 
    -                   5     1 
    -                 128     2 
    -                  11     1 
    -                  10     3 
    -                   1    39 
    rem                         
    -                  65     1 
    -                  64     1 
    rshift                      
    -                   9     1 
    write_ram                   
    -                   0     1 
    xor                         
    -                   1     3 
    
  End of Report
