-- Catapult Ultra Synthesis: Report                                              
-- ------------------------- ---------------------------------------------------
-- Version:                  10.5c/896140 Production Release                     
-- Build Date:               Sun Sep  6 22:45:38 PDT 2020                        
                                                                                 
-- Generated by:             yl7897@newnano.poly.edu                             
-- Generated date:           Tue Sep 14 21:28:16 EDT 2021                        

Solution Settings: peaseNTT.v11
  Current state: schedule
  Project: Catapult_1
  
  Design Input Files Specified
    $PROJECT_HOME/src/ntt.cpp
      $PROJECT_HOME/include/ntt.h
        $PROJECT_HOME/include/config.h
          $MGC_HOME/shared/include/ac_int.h
        $PROJECT_HOME/include/utils.h
          $MGC_HOME/shared/include/mc_scverify.h
          $MGC_HOME/shared/include/ac_sync.h
            $MGC_HOME/shared/include/ac_channel.h
    $PROJECT_HOME/src/utils.cpp
      $PROJECT_HOME/include/utils.h
        $PROJECT_HOME/include/config.h
          $MGC_HOME/shared/include/ac_int.h
        $MGC_HOME/shared/include/mc_scverify.h
        $MGC_HOME/shared/include/ac_sync.h
          $MGC_HOME/shared/include/ac_channel.h
  
  Processes/Blocks in Design
    Process        Real Operation(s) count Latency Throughput Reset Length II Comments 
    -------------- ----------------------- ------- ---------- ------------ -- --------
    /peaseNTT/core                    1991    1671       1674            0  0          
    Design Total:                     1991    1671       1674            0  0          
    
  Clock Information
    Clock Signal Edge   Period Sharing Alloc (%) Uncertainty Used by Processes/Blocks 
    ------------ ------ ------ ----------------- ----------- ------------------------
    clk          rising  5.100             20.00    0.000000 /peaseNTT/core           
    
  I/O Data Ranges
    Port                           Mode DeclType DeclWidth DeclRange ActType ActWidth ActRange 
    ------------------------------ ---- -------- --------- --------- ------- -------- --------
    clk                            IN   Unsigned         1                                     
    rst                            IN   Unsigned         1                                     
    xt:rsc(0)(0).qa                IN   Unsigned        32                                     
    xt:rsc(0)(0).qb                IN   Unsigned        32                                     
    xt:rsc(0)(1).qa                IN   Unsigned        32                                     
    xt:rsc(0)(1).qb                IN   Unsigned        32                                     
    xt:rsc(0)(2).qa                IN   Unsigned        32                                     
    xt:rsc(0)(2).qb                IN   Unsigned        32                                     
    xt:rsc(0)(3).qa                IN   Unsigned        32                                     
    xt:rsc(0)(3).qb                IN   Unsigned        32                                     
    xt:rsc(0)(4).qa                IN   Unsigned        32                                     
    xt:rsc(0)(4).qb                IN   Unsigned        32                                     
    xt:rsc(0)(5).qa                IN   Unsigned        32                                     
    xt:rsc(0)(5).qb                IN   Unsigned        32                                     
    xt:rsc(0)(6).qa                IN   Unsigned        32                                     
    xt:rsc(0)(6).qb                IN   Unsigned        32                                     
    xt:rsc(0)(7).qa                IN   Unsigned        32                                     
    xt:rsc(0)(7).qb                IN   Unsigned        32                                     
    xt:rsc(0)(8).qa                IN   Unsigned        32                                     
    xt:rsc(0)(8).qb                IN   Unsigned        32                                     
    xt:rsc(0)(9).qa                IN   Unsigned        32                                     
    xt:rsc(0)(9).qb                IN   Unsigned        32                                     
    xt:rsc(0)(10).qa               IN   Unsigned        32                                     
    xt:rsc(0)(10).qb               IN   Unsigned        32                                     
    xt:rsc(0)(11).qa               IN   Unsigned        32                                     
    xt:rsc(0)(11).qb               IN   Unsigned        32                                     
    xt:rsc(0)(12).qa               IN   Unsigned        32                                     
    xt:rsc(0)(12).qb               IN   Unsigned        32                                     
    xt:rsc(0)(13).qa               IN   Unsigned        32                                     
    xt:rsc(0)(13).qb               IN   Unsigned        32                                     
    xt:rsc(0)(14).qa               IN   Unsigned        32                                     
    xt:rsc(0)(14).qb               IN   Unsigned        32                                     
    xt:rsc(0)(15).qa               IN   Unsigned        32                                     
    xt:rsc(0)(15).qb               IN   Unsigned        32                                     
    xt:rsc(0)(16).qa               IN   Unsigned        32                                     
    xt:rsc(0)(16).qb               IN   Unsigned        32                                     
    xt:rsc(0)(17).qa               IN   Unsigned        32                                     
    xt:rsc(0)(17).qb               IN   Unsigned        32                                     
    xt:rsc(0)(18).qa               IN   Unsigned        32                                     
    xt:rsc(0)(18).qb               IN   Unsigned        32                                     
    xt:rsc(0)(19).qa               IN   Unsigned        32                                     
    xt:rsc(0)(19).qb               IN   Unsigned        32                                     
    xt:rsc(0)(20).qa               IN   Unsigned        32                                     
    xt:rsc(0)(20).qb               IN   Unsigned        32                                     
    xt:rsc(0)(21).qa               IN   Unsigned        32                                     
    xt:rsc(0)(21).qb               IN   Unsigned        32                                     
    xt:rsc(0)(22).qa               IN   Unsigned        32                                     
    xt:rsc(0)(22).qb               IN   Unsigned        32                                     
    xt:rsc(0)(23).qa               IN   Unsigned        32                                     
    xt:rsc(0)(23).qb               IN   Unsigned        32                                     
    xt:rsc(0)(24).qa               IN   Unsigned        32                                     
    xt:rsc(0)(24).qb               IN   Unsigned        32                                     
    xt:rsc(0)(25).qa               IN   Unsigned        32                                     
    xt:rsc(0)(25).qb               IN   Unsigned        32                                     
    xt:rsc(0)(26).qa               IN   Unsigned        32                                     
    xt:rsc(0)(26).qb               IN   Unsigned        32                                     
    xt:rsc(0)(27).qa               IN   Unsigned        32                                     
    xt:rsc(0)(27).qb               IN   Unsigned        32                                     
    xt:rsc(0)(28).qa               IN   Unsigned        32                                     
    xt:rsc(0)(28).qb               IN   Unsigned        32                                     
    xt:rsc(0)(29).qa               IN   Unsigned        32                                     
    xt:rsc(0)(29).qb               IN   Unsigned        32                                     
    xt:rsc(0)(30).qa               IN   Unsigned        32                                     
    xt:rsc(0)(30).qb               IN   Unsigned        32                                     
    xt:rsc(0)(31).qa               IN   Unsigned        32                                     
    xt:rsc(0)(31).qb               IN   Unsigned        32                                     
    p:rsc.dat                      IN   Unsigned        32                                     
    r:rsc.dat                      IN   Unsigned        32                                     
    twiddle:rsc(0)(0).qa           IN   Unsigned        32                                     
    twiddle:rsc(0)(0).qb           IN   Unsigned        32                                     
    twiddle:rsc(0)(1).qa           IN   Unsigned        32                                     
    twiddle:rsc(0)(1).qb           IN   Unsigned        32                                     
    twiddle:rsc(0)(2).qa           IN   Unsigned        32                                     
    twiddle:rsc(0)(2).qb           IN   Unsigned        32                                     
    twiddle:rsc(0)(3).qa           IN   Unsigned        32                                     
    twiddle:rsc(0)(3).qb           IN   Unsigned        32                                     
    twiddle:rsc(0)(4).qa           IN   Unsigned        32                                     
    twiddle:rsc(0)(4).qb           IN   Unsigned        32                                     
    twiddle:rsc(0)(5).qa           IN   Unsigned        32                                     
    twiddle:rsc(0)(5).qb           IN   Unsigned        32                                     
    twiddle:rsc(0)(6).qa           IN   Unsigned        32                                     
    twiddle:rsc(0)(6).qb           IN   Unsigned        32                                     
    twiddle:rsc(0)(7).qa           IN   Unsigned        32                                     
    twiddle:rsc(0)(7).qb           IN   Unsigned        32                                     
    twiddle:rsc(0)(8).qa           IN   Unsigned        32                                     
    twiddle:rsc(0)(8).qb           IN   Unsigned        32                                     
    twiddle:rsc(0)(9).qa           IN   Unsigned        32                                     
    twiddle:rsc(0)(9).qb           IN   Unsigned        32                                     
    twiddle:rsc(0)(10).qa          IN   Unsigned        32                                     
    twiddle:rsc(0)(10).qb          IN   Unsigned        32                                     
    twiddle:rsc(0)(11).qa          IN   Unsigned        32                                     
    twiddle:rsc(0)(11).qb          IN   Unsigned        32                                     
    twiddle:rsc(0)(12).qa          IN   Unsigned        32                                     
    twiddle:rsc(0)(12).qb          IN   Unsigned        32                                     
    twiddle:rsc(0)(13).qa          IN   Unsigned        32                                     
    twiddle:rsc(0)(13).qb          IN   Unsigned        32                                     
    twiddle:rsc(0)(14).qa          IN   Unsigned        32                                     
    twiddle:rsc(0)(14).qb          IN   Unsigned        32                                     
    twiddle:rsc(0)(15).qa          IN   Unsigned        32                                     
    twiddle:rsc(0)(15).qb          IN   Unsigned        32                                     
    twiddle_h:rsc(0)(0).qa         IN   Unsigned        32                                     
    twiddle_h:rsc(0)(0).qb         IN   Unsigned        32                                     
    twiddle_h:rsc(0)(1).qa         IN   Unsigned        32                                     
    twiddle_h:rsc(0)(1).qb         IN   Unsigned        32                                     
    twiddle_h:rsc(0)(2).qa         IN   Unsigned        32                                     
    twiddle_h:rsc(0)(2).qb         IN   Unsigned        32                                     
    twiddle_h:rsc(0)(3).qa         IN   Unsigned        32                                     
    twiddle_h:rsc(0)(3).qb         IN   Unsigned        32                                     
    twiddle_h:rsc(0)(4).qa         IN   Unsigned        32                                     
    twiddle_h:rsc(0)(4).qb         IN   Unsigned        32                                     
    twiddle_h:rsc(0)(5).qa         IN   Unsigned        32                                     
    twiddle_h:rsc(0)(5).qb         IN   Unsigned        32                                     
    twiddle_h:rsc(0)(6).qa         IN   Unsigned        32                                     
    twiddle_h:rsc(0)(6).qb         IN   Unsigned        32                                     
    twiddle_h:rsc(0)(7).qa         IN   Unsigned        32                                     
    twiddle_h:rsc(0)(7).qb         IN   Unsigned        32                                     
    twiddle_h:rsc(0)(8).qa         IN   Unsigned        32                                     
    twiddle_h:rsc(0)(8).qb         IN   Unsigned        32                                     
    twiddle_h:rsc(0)(9).qa         IN   Unsigned        32                                     
    twiddle_h:rsc(0)(9).qb         IN   Unsigned        32                                     
    twiddle_h:rsc(0)(10).qa        IN   Unsigned        32                                     
    twiddle_h:rsc(0)(10).qb        IN   Unsigned        32                                     
    twiddle_h:rsc(0)(11).qa        IN   Unsigned        32                                     
    twiddle_h:rsc(0)(11).qb        IN   Unsigned        32                                     
    twiddle_h:rsc(0)(12).qa        IN   Unsigned        32                                     
    twiddle_h:rsc(0)(12).qb        IN   Unsigned        32                                     
    twiddle_h:rsc(0)(13).qa        IN   Unsigned        32                                     
    twiddle_h:rsc(0)(13).qb        IN   Unsigned        32                                     
    twiddle_h:rsc(0)(14).qa        IN   Unsigned        32                                     
    twiddle_h:rsc(0)(14).qb        IN   Unsigned        32                                     
    twiddle_h:rsc(0)(15).qa        IN   Unsigned        32                                     
    twiddle_h:rsc(0)(15).qb        IN   Unsigned        32                                     
    xt:rsc(0)(0).adra              OUT  Unsigned         8                                     
    xt:rsc(0)(0).da                OUT  Unsigned        32                                     
    xt:rsc(0)(0).wea               OUT  Unsigned         1                                     
    xt:rsc(0)(0).adrb              OUT  Unsigned         8                                     
    xt:rsc(0)(0).db                OUT  Unsigned        32                                     
    xt:rsc(0)(0).web               OUT  Unsigned         1                                     
    xt:rsc.triosy(0)(0).lz         OUT  Unsigned         1                                     
    xt:rsc(0)(1).adra              OUT  Unsigned         8                                     
    xt:rsc(0)(1).da                OUT  Unsigned        32                                     
    xt:rsc(0)(1).wea               OUT  Unsigned         1                                     
    xt:rsc(0)(1).adrb              OUT  Unsigned         8                                     
    xt:rsc(0)(1).db                OUT  Unsigned        32                                     
    xt:rsc(0)(1).web               OUT  Unsigned         1                                     
    xt:rsc.triosy(0)(1).lz         OUT  Unsigned         1                                     
    xt:rsc(0)(2).adra              OUT  Unsigned         8                                     
    xt:rsc(0)(2).da                OUT  Unsigned        32                                     
    xt:rsc(0)(2).wea               OUT  Unsigned         1                                     
    xt:rsc(0)(2).adrb              OUT  Unsigned         8                                     
    xt:rsc(0)(2).db                OUT  Unsigned        32                                     
    xt:rsc(0)(2).web               OUT  Unsigned         1                                     
    xt:rsc.triosy(0)(2).lz         OUT  Unsigned         1                                     
    xt:rsc(0)(3).adra              OUT  Unsigned         8                                     
    xt:rsc(0)(3).da                OUT  Unsigned        32                                     
    xt:rsc(0)(3).wea               OUT  Unsigned         1                                     
    xt:rsc(0)(3).adrb              OUT  Unsigned         8                                     
    xt:rsc(0)(3).db                OUT  Unsigned        32                                     
    xt:rsc(0)(3).web               OUT  Unsigned         1                                     
    xt:rsc.triosy(0)(3).lz         OUT  Unsigned         1                                     
    xt:rsc(0)(4).adra              OUT  Unsigned         8                                     
    xt:rsc(0)(4).da                OUT  Unsigned        32                                     
    xt:rsc(0)(4).wea               OUT  Unsigned         1                                     
    xt:rsc(0)(4).adrb              OUT  Unsigned         8                                     
    xt:rsc(0)(4).db                OUT  Unsigned        32                                     
    xt:rsc(0)(4).web               OUT  Unsigned         1                                     
    xt:rsc.triosy(0)(4).lz         OUT  Unsigned         1                                     
    xt:rsc(0)(5).adra              OUT  Unsigned         8                                     
    xt:rsc(0)(5).da                OUT  Unsigned        32                                     
    xt:rsc(0)(5).wea               OUT  Unsigned         1                                     
    xt:rsc(0)(5).adrb              OUT  Unsigned         8                                     
    xt:rsc(0)(5).db                OUT  Unsigned        32                                     
    xt:rsc(0)(5).web               OUT  Unsigned         1                                     
    xt:rsc.triosy(0)(5).lz         OUT  Unsigned         1                                     
    xt:rsc(0)(6).adra              OUT  Unsigned         8                                     
    xt:rsc(0)(6).da                OUT  Unsigned        32                                     
    xt:rsc(0)(6).wea               OUT  Unsigned         1                                     
    xt:rsc(0)(6).adrb              OUT  Unsigned         8                                     
    xt:rsc(0)(6).db                OUT  Unsigned        32                                     
    xt:rsc(0)(6).web               OUT  Unsigned         1                                     
    xt:rsc.triosy(0)(6).lz         OUT  Unsigned         1                                     
    xt:rsc(0)(7).adra              OUT  Unsigned         8                                     
    xt:rsc(0)(7).da                OUT  Unsigned        32                                     
    xt:rsc(0)(7).wea               OUT  Unsigned         1                                     
    xt:rsc(0)(7).adrb              OUT  Unsigned         8                                     
    xt:rsc(0)(7).db                OUT  Unsigned        32                                     
    xt:rsc(0)(7).web               OUT  Unsigned         1                                     
    xt:rsc.triosy(0)(7).lz         OUT  Unsigned         1                                     
    xt:rsc(0)(8).adra              OUT  Unsigned         8                                     
    xt:rsc(0)(8).da                OUT  Unsigned        32                                     
    xt:rsc(0)(8).wea               OUT  Unsigned         1                                     
    xt:rsc(0)(8).adrb              OUT  Unsigned         8                                     
    xt:rsc(0)(8).db                OUT  Unsigned        32                                     
    xt:rsc(0)(8).web               OUT  Unsigned         1                                     
    xt:rsc.triosy(0)(8).lz         OUT  Unsigned         1                                     
    xt:rsc(0)(9).adra              OUT  Unsigned         8                                     
    xt:rsc(0)(9).da                OUT  Unsigned        32                                     
    xt:rsc(0)(9).wea               OUT  Unsigned         1                                     
    xt:rsc(0)(9).adrb              OUT  Unsigned         8                                     
    xt:rsc(0)(9).db                OUT  Unsigned        32                                     
    xt:rsc(0)(9).web               OUT  Unsigned         1                                     
    xt:rsc.triosy(0)(9).lz         OUT  Unsigned         1                                     
    xt:rsc(0)(10).adra             OUT  Unsigned         8                                     
    xt:rsc(0)(10).da               OUT  Unsigned        32                                     
    xt:rsc(0)(10).wea              OUT  Unsigned         1                                     
    xt:rsc(0)(10).adrb             OUT  Unsigned         8                                     
    xt:rsc(0)(10).db               OUT  Unsigned        32                                     
    xt:rsc(0)(10).web              OUT  Unsigned         1                                     
    xt:rsc.triosy(0)(10).lz        OUT  Unsigned         1                                     
    xt:rsc(0)(11).adra             OUT  Unsigned         8                                     
    xt:rsc(0)(11).da               OUT  Unsigned        32                                     
    xt:rsc(0)(11).wea              OUT  Unsigned         1                                     
    xt:rsc(0)(11).adrb             OUT  Unsigned         8                                     
    xt:rsc(0)(11).db               OUT  Unsigned        32                                     
    xt:rsc(0)(11).web              OUT  Unsigned         1                                     
    xt:rsc.triosy(0)(11).lz        OUT  Unsigned         1                                     
    xt:rsc(0)(12).adra             OUT  Unsigned         8                                     
    xt:rsc(0)(12).da               OUT  Unsigned        32                                     
    xt:rsc(0)(12).wea              OUT  Unsigned         1                                     
    xt:rsc(0)(12).adrb             OUT  Unsigned         8                                     
    xt:rsc(0)(12).db               OUT  Unsigned        32                                     
    xt:rsc(0)(12).web              OUT  Unsigned         1                                     
    xt:rsc.triosy(0)(12).lz        OUT  Unsigned         1                                     
    xt:rsc(0)(13).adra             OUT  Unsigned         8                                     
    xt:rsc(0)(13).da               OUT  Unsigned        32                                     
    xt:rsc(0)(13).wea              OUT  Unsigned         1                                     
    xt:rsc(0)(13).adrb             OUT  Unsigned         8                                     
    xt:rsc(0)(13).db               OUT  Unsigned        32                                     
    xt:rsc(0)(13).web              OUT  Unsigned         1                                     
    xt:rsc.triosy(0)(13).lz        OUT  Unsigned         1                                     
    xt:rsc(0)(14).adra             OUT  Unsigned         8                                     
    xt:rsc(0)(14).da               OUT  Unsigned        32                                     
    xt:rsc(0)(14).wea              OUT  Unsigned         1                                     
    xt:rsc(0)(14).adrb             OUT  Unsigned         8                                     
    xt:rsc(0)(14).db               OUT  Unsigned        32                                     
    xt:rsc(0)(14).web              OUT  Unsigned         1                                     
    xt:rsc.triosy(0)(14).lz        OUT  Unsigned         1                                     
    xt:rsc(0)(15).adra             OUT  Unsigned         8                                     
    xt:rsc(0)(15).da               OUT  Unsigned        32                                     
    xt:rsc(0)(15).wea              OUT  Unsigned         1                                     
    xt:rsc(0)(15).adrb             OUT  Unsigned         8                                     
    xt:rsc(0)(15).db               OUT  Unsigned        32                                     
    xt:rsc(0)(15).web              OUT  Unsigned         1                                     
    xt:rsc.triosy(0)(15).lz        OUT  Unsigned         1                                     
    xt:rsc(0)(16).adra             OUT  Unsigned         8                                     
    xt:rsc(0)(16).da               OUT  Unsigned        32                                     
    xt:rsc(0)(16).wea              OUT  Unsigned         1                                     
    xt:rsc(0)(16).adrb             OUT  Unsigned         8                                     
    xt:rsc(0)(16).db               OUT  Unsigned        32                                     
    xt:rsc(0)(16).web              OUT  Unsigned         1                                     
    xt:rsc.triosy(0)(16).lz        OUT  Unsigned         1                                     
    xt:rsc(0)(17).adra             OUT  Unsigned         8                                     
    xt:rsc(0)(17).da               OUT  Unsigned        32                                     
    xt:rsc(0)(17).wea              OUT  Unsigned         1                                     
    xt:rsc(0)(17).adrb             OUT  Unsigned         8                                     
    xt:rsc(0)(17).db               OUT  Unsigned        32                                     
    xt:rsc(0)(17).web              OUT  Unsigned         1                                     
    xt:rsc.triosy(0)(17).lz        OUT  Unsigned         1                                     
    xt:rsc(0)(18).adra             OUT  Unsigned         8                                     
    xt:rsc(0)(18).da               OUT  Unsigned        32                                     
    xt:rsc(0)(18).wea              OUT  Unsigned         1                                     
    xt:rsc(0)(18).adrb             OUT  Unsigned         8                                     
    xt:rsc(0)(18).db               OUT  Unsigned        32                                     
    xt:rsc(0)(18).web              OUT  Unsigned         1                                     
    xt:rsc.triosy(0)(18).lz        OUT  Unsigned         1                                     
    xt:rsc(0)(19).adra             OUT  Unsigned         8                                     
    xt:rsc(0)(19).da               OUT  Unsigned        32                                     
    xt:rsc(0)(19).wea              OUT  Unsigned         1                                     
    xt:rsc(0)(19).adrb             OUT  Unsigned         8                                     
    xt:rsc(0)(19).db               OUT  Unsigned        32                                     
    xt:rsc(0)(19).web              OUT  Unsigned         1                                     
    xt:rsc.triosy(0)(19).lz        OUT  Unsigned         1                                     
    xt:rsc(0)(20).adra             OUT  Unsigned         8                                     
    xt:rsc(0)(20).da               OUT  Unsigned        32                                     
    xt:rsc(0)(20).wea              OUT  Unsigned         1                                     
    xt:rsc(0)(20).adrb             OUT  Unsigned         8                                     
    xt:rsc(0)(20).db               OUT  Unsigned        32                                     
    xt:rsc(0)(20).web              OUT  Unsigned         1                                     
    xt:rsc.triosy(0)(20).lz        OUT  Unsigned         1                                     
    xt:rsc(0)(21).adra             OUT  Unsigned         8                                     
    xt:rsc(0)(21).da               OUT  Unsigned        32                                     
    xt:rsc(0)(21).wea              OUT  Unsigned         1                                     
    xt:rsc(0)(21).adrb             OUT  Unsigned         8                                     
    xt:rsc(0)(21).db               OUT  Unsigned        32                                     
    xt:rsc(0)(21).web              OUT  Unsigned         1                                     
    xt:rsc.triosy(0)(21).lz        OUT  Unsigned         1                                     
    xt:rsc(0)(22).adra             OUT  Unsigned         8                                     
    xt:rsc(0)(22).da               OUT  Unsigned        32                                     
    xt:rsc(0)(22).wea              OUT  Unsigned         1                                     
    xt:rsc(0)(22).adrb             OUT  Unsigned         8                                     
    xt:rsc(0)(22).db               OUT  Unsigned        32                                     
    xt:rsc(0)(22).web              OUT  Unsigned         1                                     
    xt:rsc.triosy(0)(22).lz        OUT  Unsigned         1                                     
    xt:rsc(0)(23).adra             OUT  Unsigned         8                                     
    xt:rsc(0)(23).da               OUT  Unsigned        32                                     
    xt:rsc(0)(23).wea              OUT  Unsigned         1                                     
    xt:rsc(0)(23).adrb             OUT  Unsigned         8                                     
    xt:rsc(0)(23).db               OUT  Unsigned        32                                     
    xt:rsc(0)(23).web              OUT  Unsigned         1                                     
    xt:rsc.triosy(0)(23).lz        OUT  Unsigned         1                                     
    xt:rsc(0)(24).adra             OUT  Unsigned         8                                     
    xt:rsc(0)(24).da               OUT  Unsigned        32                                     
    xt:rsc(0)(24).wea              OUT  Unsigned         1                                     
    xt:rsc(0)(24).adrb             OUT  Unsigned         8                                     
    xt:rsc(0)(24).db               OUT  Unsigned        32                                     
    xt:rsc(0)(24).web              OUT  Unsigned         1                                     
    xt:rsc.triosy(0)(24).lz        OUT  Unsigned         1                                     
    xt:rsc(0)(25).adra             OUT  Unsigned         8                                     
    xt:rsc(0)(25).da               OUT  Unsigned        32                                     
    xt:rsc(0)(25).wea              OUT  Unsigned         1                                     
    xt:rsc(0)(25).adrb             OUT  Unsigned         8                                     
    xt:rsc(0)(25).db               OUT  Unsigned        32                                     
    xt:rsc(0)(25).web              OUT  Unsigned         1                                     
    xt:rsc.triosy(0)(25).lz        OUT  Unsigned         1                                     
    xt:rsc(0)(26).adra             OUT  Unsigned         8                                     
    xt:rsc(0)(26).da               OUT  Unsigned        32                                     
    xt:rsc(0)(26).wea              OUT  Unsigned         1                                     
    xt:rsc(0)(26).adrb             OUT  Unsigned         8                                     
    xt:rsc(0)(26).db               OUT  Unsigned        32                                     
    xt:rsc(0)(26).web              OUT  Unsigned         1                                     
    xt:rsc.triosy(0)(26).lz        OUT  Unsigned         1                                     
    xt:rsc(0)(27).adra             OUT  Unsigned         8                                     
    xt:rsc(0)(27).da               OUT  Unsigned        32                                     
    xt:rsc(0)(27).wea              OUT  Unsigned         1                                     
    xt:rsc(0)(27).adrb             OUT  Unsigned         8                                     
    xt:rsc(0)(27).db               OUT  Unsigned        32                                     
    xt:rsc(0)(27).web              OUT  Unsigned         1                                     
    xt:rsc.triosy(0)(27).lz        OUT  Unsigned         1                                     
    xt:rsc(0)(28).adra             OUT  Unsigned         8                                     
    xt:rsc(0)(28).da               OUT  Unsigned        32                                     
    xt:rsc(0)(28).wea              OUT  Unsigned         1                                     
    xt:rsc(0)(28).adrb             OUT  Unsigned         8                                     
    xt:rsc(0)(28).db               OUT  Unsigned        32                                     
    xt:rsc(0)(28).web              OUT  Unsigned         1                                     
    xt:rsc.triosy(0)(28).lz        OUT  Unsigned         1                                     
    xt:rsc(0)(29).adra             OUT  Unsigned         8                                     
    xt:rsc(0)(29).da               OUT  Unsigned        32                                     
    xt:rsc(0)(29).wea              OUT  Unsigned         1                                     
    xt:rsc(0)(29).adrb             OUT  Unsigned         8                                     
    xt:rsc(0)(29).db               OUT  Unsigned        32                                     
    xt:rsc(0)(29).web              OUT  Unsigned         1                                     
    xt:rsc.triosy(0)(29).lz        OUT  Unsigned         1                                     
    xt:rsc(0)(30).adra             OUT  Unsigned         8                                     
    xt:rsc(0)(30).da               OUT  Unsigned        32                                     
    xt:rsc(0)(30).wea              OUT  Unsigned         1                                     
    xt:rsc(0)(30).adrb             OUT  Unsigned         8                                     
    xt:rsc(0)(30).db               OUT  Unsigned        32                                     
    xt:rsc(0)(30).web              OUT  Unsigned         1                                     
    xt:rsc.triosy(0)(30).lz        OUT  Unsigned         1                                     
    xt:rsc(0)(31).adra             OUT  Unsigned         8                                     
    xt:rsc(0)(31).da               OUT  Unsigned        32                                     
    xt:rsc(0)(31).wea              OUT  Unsigned         1                                     
    xt:rsc(0)(31).adrb             OUT  Unsigned         8                                     
    xt:rsc(0)(31).db               OUT  Unsigned        32                                     
    xt:rsc(0)(31).web              OUT  Unsigned         1                                     
    xt:rsc.triosy(0)(31).lz        OUT  Unsigned         1                                     
    p:rsc.triosy.lz                OUT  Unsigned         1                                     
    r:rsc.triosy.lz                OUT  Unsigned         1                                     
    twiddle:rsc(0)(0).adra         OUT  Unsigned         8                                     
    twiddle:rsc(0)(0).da           OUT  Unsigned        32                                     
    twiddle:rsc(0)(0).wea          OUT  Unsigned         1                                     
    twiddle:rsc(0)(0).adrb         OUT  Unsigned         8                                     
    twiddle:rsc(0)(0).db           OUT  Unsigned        32                                     
    twiddle:rsc(0)(0).web          OUT  Unsigned         1                                     
    twiddle:rsc.triosy(0)(0).lz    OUT  Unsigned         1                                     
    twiddle:rsc(0)(1).adra         OUT  Unsigned         8                                     
    twiddle:rsc(0)(1).da           OUT  Unsigned        32                                     
    twiddle:rsc(0)(1).wea          OUT  Unsigned         1                                     
    twiddle:rsc(0)(1).adrb         OUT  Unsigned         8                                     
    twiddle:rsc(0)(1).db           OUT  Unsigned        32                                     
    twiddle:rsc(0)(1).web          OUT  Unsigned         1                                     
    twiddle:rsc.triosy(0)(1).lz    OUT  Unsigned         1                                     
    twiddle:rsc(0)(2).adra         OUT  Unsigned         8                                     
    twiddle:rsc(0)(2).da           OUT  Unsigned        32                                     
    twiddle:rsc(0)(2).wea          OUT  Unsigned         1                                     
    twiddle:rsc(0)(2).adrb         OUT  Unsigned         8                                     
    twiddle:rsc(0)(2).db           OUT  Unsigned        32                                     
    twiddle:rsc(0)(2).web          OUT  Unsigned         1                                     
    twiddle:rsc.triosy(0)(2).lz    OUT  Unsigned         1                                     
    twiddle:rsc(0)(3).adra         OUT  Unsigned         8                                     
    twiddle:rsc(0)(3).da           OUT  Unsigned        32                                     
    twiddle:rsc(0)(3).wea          OUT  Unsigned         1                                     
    twiddle:rsc(0)(3).adrb         OUT  Unsigned         8                                     
    twiddle:rsc(0)(3).db           OUT  Unsigned        32                                     
    twiddle:rsc(0)(3).web          OUT  Unsigned         1                                     
    twiddle:rsc.triosy(0)(3).lz    OUT  Unsigned         1                                     
    twiddle:rsc(0)(4).adra         OUT  Unsigned         8                                     
    twiddle:rsc(0)(4).da           OUT  Unsigned        32                                     
    twiddle:rsc(0)(4).wea          OUT  Unsigned         1                                     
    twiddle:rsc(0)(4).adrb         OUT  Unsigned         8                                     
    twiddle:rsc(0)(4).db           OUT  Unsigned        32                                     
    twiddle:rsc(0)(4).web          OUT  Unsigned         1                                     
    twiddle:rsc.triosy(0)(4).lz    OUT  Unsigned         1                                     
    twiddle:rsc(0)(5).adra         OUT  Unsigned         8                                     
    twiddle:rsc(0)(5).da           OUT  Unsigned        32                                     
    twiddle:rsc(0)(5).wea          OUT  Unsigned         1                                     
    twiddle:rsc(0)(5).adrb         OUT  Unsigned         8                                     
    twiddle:rsc(0)(5).db           OUT  Unsigned        32                                     
    twiddle:rsc(0)(5).web          OUT  Unsigned         1                                     
    twiddle:rsc.triosy(0)(5).lz    OUT  Unsigned         1                                     
    twiddle:rsc(0)(6).adra         OUT  Unsigned         8                                     
    twiddle:rsc(0)(6).da           OUT  Unsigned        32                                     
    twiddle:rsc(0)(6).wea          OUT  Unsigned         1                                     
    twiddle:rsc(0)(6).adrb         OUT  Unsigned         8                                     
    twiddle:rsc(0)(6).db           OUT  Unsigned        32                                     
    twiddle:rsc(0)(6).web          OUT  Unsigned         1                                     
    twiddle:rsc.triosy(0)(6).lz    OUT  Unsigned         1                                     
    twiddle:rsc(0)(7).adra         OUT  Unsigned         8                                     
    twiddle:rsc(0)(7).da           OUT  Unsigned        32                                     
    twiddle:rsc(0)(7).wea          OUT  Unsigned         1                                     
    twiddle:rsc(0)(7).adrb         OUT  Unsigned         8                                     
    twiddle:rsc(0)(7).db           OUT  Unsigned        32                                     
    twiddle:rsc(0)(7).web          OUT  Unsigned         1                                     
    twiddle:rsc.triosy(0)(7).lz    OUT  Unsigned         1                                     
    twiddle:rsc(0)(8).adra         OUT  Unsigned         8                                     
    twiddle:rsc(0)(8).da           OUT  Unsigned        32                                     
    twiddle:rsc(0)(8).wea          OUT  Unsigned         1                                     
    twiddle:rsc(0)(8).adrb         OUT  Unsigned         8                                     
    twiddle:rsc(0)(8).db           OUT  Unsigned        32                                     
    twiddle:rsc(0)(8).web          OUT  Unsigned         1                                     
    twiddle:rsc.triosy(0)(8).lz    OUT  Unsigned         1                                     
    twiddle:rsc(0)(9).adra         OUT  Unsigned         8                                     
    twiddle:rsc(0)(9).da           OUT  Unsigned        32                                     
    twiddle:rsc(0)(9).wea          OUT  Unsigned         1                                     
    twiddle:rsc(0)(9).adrb         OUT  Unsigned         8                                     
    twiddle:rsc(0)(9).db           OUT  Unsigned        32                                     
    twiddle:rsc(0)(9).web          OUT  Unsigned         1                                     
    twiddle:rsc.triosy(0)(9).lz    OUT  Unsigned         1                                     
    twiddle:rsc(0)(10).adra        OUT  Unsigned         8                                     
    twiddle:rsc(0)(10).da          OUT  Unsigned        32                                     
    twiddle:rsc(0)(10).wea         OUT  Unsigned         1                                     
    twiddle:rsc(0)(10).adrb        OUT  Unsigned         8                                     
    twiddle:rsc(0)(10).db          OUT  Unsigned        32                                     
    twiddle:rsc(0)(10).web         OUT  Unsigned         1                                     
    twiddle:rsc.triosy(0)(10).lz   OUT  Unsigned         1                                     
    twiddle:rsc(0)(11).adra        OUT  Unsigned         8                                     
    twiddle:rsc(0)(11).da          OUT  Unsigned        32                                     
    twiddle:rsc(0)(11).wea         OUT  Unsigned         1                                     
    twiddle:rsc(0)(11).adrb        OUT  Unsigned         8                                     
    twiddle:rsc(0)(11).db          OUT  Unsigned        32                                     
    twiddle:rsc(0)(11).web         OUT  Unsigned         1                                     
    twiddle:rsc.triosy(0)(11).lz   OUT  Unsigned         1                                     
    twiddle:rsc(0)(12).adra        OUT  Unsigned         8                                     
    twiddle:rsc(0)(12).da          OUT  Unsigned        32                                     
    twiddle:rsc(0)(12).wea         OUT  Unsigned         1                                     
    twiddle:rsc(0)(12).adrb        OUT  Unsigned         8                                     
    twiddle:rsc(0)(12).db          OUT  Unsigned        32                                     
    twiddle:rsc(0)(12).web         OUT  Unsigned         1                                     
    twiddle:rsc.triosy(0)(12).lz   OUT  Unsigned         1                                     
    twiddle:rsc(0)(13).adra        OUT  Unsigned         8                                     
    twiddle:rsc(0)(13).da          OUT  Unsigned        32                                     
    twiddle:rsc(0)(13).wea         OUT  Unsigned         1                                     
    twiddle:rsc(0)(13).adrb        OUT  Unsigned         8                                     
    twiddle:rsc(0)(13).db          OUT  Unsigned        32                                     
    twiddle:rsc(0)(13).web         OUT  Unsigned         1                                     
    twiddle:rsc.triosy(0)(13).lz   OUT  Unsigned         1                                     
    twiddle:rsc(0)(14).adra        OUT  Unsigned         8                                     
    twiddle:rsc(0)(14).da          OUT  Unsigned        32                                     
    twiddle:rsc(0)(14).wea         OUT  Unsigned         1                                     
    twiddle:rsc(0)(14).adrb        OUT  Unsigned         8                                     
    twiddle:rsc(0)(14).db          OUT  Unsigned        32                                     
    twiddle:rsc(0)(14).web         OUT  Unsigned         1                                     
    twiddle:rsc.triosy(0)(14).lz   OUT  Unsigned         1                                     
    twiddle:rsc(0)(15).adra        OUT  Unsigned         8                                     
    twiddle:rsc(0)(15).da          OUT  Unsigned        32                                     
    twiddle:rsc(0)(15).wea         OUT  Unsigned         1                                     
    twiddle:rsc(0)(15).adrb        OUT  Unsigned         8                                     
    twiddle:rsc(0)(15).db          OUT  Unsigned        32                                     
    twiddle:rsc(0)(15).web         OUT  Unsigned         1                                     
    twiddle:rsc.triosy(0)(15).lz   OUT  Unsigned         1                                     
    twiddle_h:rsc(0)(0).adra       OUT  Unsigned         8                                     
    twiddle_h:rsc(0)(0).da         OUT  Unsigned        32                                     
    twiddle_h:rsc(0)(0).wea        OUT  Unsigned         1                                     
    twiddle_h:rsc(0)(0).adrb       OUT  Unsigned         8                                     
    twiddle_h:rsc(0)(0).db         OUT  Unsigned        32                                     
    twiddle_h:rsc(0)(0).web        OUT  Unsigned         1                                     
    twiddle_h:rsc.triosy(0)(0).lz  OUT  Unsigned         1                                     
    twiddle_h:rsc(0)(1).adra       OUT  Unsigned         8                                     
    twiddle_h:rsc(0)(1).da         OUT  Unsigned        32                                     
    twiddle_h:rsc(0)(1).wea        OUT  Unsigned         1                                     
    twiddle_h:rsc(0)(1).adrb       OUT  Unsigned         8                                     
    twiddle_h:rsc(0)(1).db         OUT  Unsigned        32                                     
    twiddle_h:rsc(0)(1).web        OUT  Unsigned         1                                     
    twiddle_h:rsc.triosy(0)(1).lz  OUT  Unsigned         1                                     
    twiddle_h:rsc(0)(2).adra       OUT  Unsigned         8                                     
    twiddle_h:rsc(0)(2).da         OUT  Unsigned        32                                     
    twiddle_h:rsc(0)(2).wea        OUT  Unsigned         1                                     
    twiddle_h:rsc(0)(2).adrb       OUT  Unsigned         8                                     
    twiddle_h:rsc(0)(2).db         OUT  Unsigned        32                                     
    twiddle_h:rsc(0)(2).web        OUT  Unsigned         1                                     
    twiddle_h:rsc.triosy(0)(2).lz  OUT  Unsigned         1                                     
    twiddle_h:rsc(0)(3).adra       OUT  Unsigned         8                                     
    twiddle_h:rsc(0)(3).da         OUT  Unsigned        32                                     
    twiddle_h:rsc(0)(3).wea        OUT  Unsigned         1                                     
    twiddle_h:rsc(0)(3).adrb       OUT  Unsigned         8                                     
    twiddle_h:rsc(0)(3).db         OUT  Unsigned        32                                     
    twiddle_h:rsc(0)(3).web        OUT  Unsigned         1                                     
    twiddle_h:rsc.triosy(0)(3).lz  OUT  Unsigned         1                                     
    twiddle_h:rsc(0)(4).adra       OUT  Unsigned         8                                     
    twiddle_h:rsc(0)(4).da         OUT  Unsigned        32                                     
    twiddle_h:rsc(0)(4).wea        OUT  Unsigned         1                                     
    twiddle_h:rsc(0)(4).adrb       OUT  Unsigned         8                                     
    twiddle_h:rsc(0)(4).db         OUT  Unsigned        32                                     
    twiddle_h:rsc(0)(4).web        OUT  Unsigned         1                                     
    twiddle_h:rsc.triosy(0)(4).lz  OUT  Unsigned         1                                     
    twiddle_h:rsc(0)(5).adra       OUT  Unsigned         8                                     
    twiddle_h:rsc(0)(5).da         OUT  Unsigned        32                                     
    twiddle_h:rsc(0)(5).wea        OUT  Unsigned         1                                     
    twiddle_h:rsc(0)(5).adrb       OUT  Unsigned         8                                     
    twiddle_h:rsc(0)(5).db         OUT  Unsigned        32                                     
    twiddle_h:rsc(0)(5).web        OUT  Unsigned         1                                     
    twiddle_h:rsc.triosy(0)(5).lz  OUT  Unsigned         1                                     
    twiddle_h:rsc(0)(6).adra       OUT  Unsigned         8                                     
    twiddle_h:rsc(0)(6).da         OUT  Unsigned        32                                     
    twiddle_h:rsc(0)(6).wea        OUT  Unsigned         1                                     
    twiddle_h:rsc(0)(6).adrb       OUT  Unsigned         8                                     
    twiddle_h:rsc(0)(6).db         OUT  Unsigned        32                                     
    twiddle_h:rsc(0)(6).web        OUT  Unsigned         1                                     
    twiddle_h:rsc.triosy(0)(6).lz  OUT  Unsigned         1                                     
    twiddle_h:rsc(0)(7).adra       OUT  Unsigned         8                                     
    twiddle_h:rsc(0)(7).da         OUT  Unsigned        32                                     
    twiddle_h:rsc(0)(7).wea        OUT  Unsigned         1                                     
    twiddle_h:rsc(0)(7).adrb       OUT  Unsigned         8                                     
    twiddle_h:rsc(0)(7).db         OUT  Unsigned        32                                     
    twiddle_h:rsc(0)(7).web        OUT  Unsigned         1                                     
    twiddle_h:rsc.triosy(0)(7).lz  OUT  Unsigned         1                                     
    twiddle_h:rsc(0)(8).adra       OUT  Unsigned         8                                     
    twiddle_h:rsc(0)(8).da         OUT  Unsigned        32                                     
    twiddle_h:rsc(0)(8).wea        OUT  Unsigned         1                                     
    twiddle_h:rsc(0)(8).adrb       OUT  Unsigned         8                                     
    twiddle_h:rsc(0)(8).db         OUT  Unsigned        32                                     
    twiddle_h:rsc(0)(8).web        OUT  Unsigned         1                                     
    twiddle_h:rsc.triosy(0)(8).lz  OUT  Unsigned         1                                     
    twiddle_h:rsc(0)(9).adra       OUT  Unsigned         8                                     
    twiddle_h:rsc(0)(9).da         OUT  Unsigned        32                                     
    twiddle_h:rsc(0)(9).wea        OUT  Unsigned         1                                     
    twiddle_h:rsc(0)(9).adrb       OUT  Unsigned         8                                     
    twiddle_h:rsc(0)(9).db         OUT  Unsigned        32                                     
    twiddle_h:rsc(0)(9).web        OUT  Unsigned         1                                     
    twiddle_h:rsc.triosy(0)(9).lz  OUT  Unsigned         1                                     
    twiddle_h:rsc(0)(10).adra      OUT  Unsigned         8                                     
    twiddle_h:rsc(0)(10).da        OUT  Unsigned        32                                     
    twiddle_h:rsc(0)(10).wea       OUT  Unsigned         1                                     
    twiddle_h:rsc(0)(10).adrb      OUT  Unsigned         8                                     
    twiddle_h:rsc(0)(10).db        OUT  Unsigned        32                                     
    twiddle_h:rsc(0)(10).web       OUT  Unsigned         1                                     
    twiddle_h:rsc.triosy(0)(10).lz OUT  Unsigned         1                                     
    twiddle_h:rsc(0)(11).adra      OUT  Unsigned         8                                     
    twiddle_h:rsc(0)(11).da        OUT  Unsigned        32                                     
    twiddle_h:rsc(0)(11).wea       OUT  Unsigned         1                                     
    twiddle_h:rsc(0)(11).adrb      OUT  Unsigned         8                                     
    twiddle_h:rsc(0)(11).db        OUT  Unsigned        32                                     
    twiddle_h:rsc(0)(11).web       OUT  Unsigned         1                                     
    twiddle_h:rsc.triosy(0)(11).lz OUT  Unsigned         1                                     
    twiddle_h:rsc(0)(12).adra      OUT  Unsigned         8                                     
    twiddle_h:rsc(0)(12).da        OUT  Unsigned        32                                     
    twiddle_h:rsc(0)(12).wea       OUT  Unsigned         1                                     
    twiddle_h:rsc(0)(12).adrb      OUT  Unsigned         8                                     
    twiddle_h:rsc(0)(12).db        OUT  Unsigned        32                                     
    twiddle_h:rsc(0)(12).web       OUT  Unsigned         1                                     
    twiddle_h:rsc.triosy(0)(12).lz OUT  Unsigned         1                                     
    twiddle_h:rsc(0)(13).adra      OUT  Unsigned         8                                     
    twiddle_h:rsc(0)(13).da        OUT  Unsigned        32                                     
    twiddle_h:rsc(0)(13).wea       OUT  Unsigned         1                                     
    twiddle_h:rsc(0)(13).adrb      OUT  Unsigned         8                                     
    twiddle_h:rsc(0)(13).db        OUT  Unsigned        32                                     
    twiddle_h:rsc(0)(13).web       OUT  Unsigned         1                                     
    twiddle_h:rsc.triosy(0)(13).lz OUT  Unsigned         1                                     
    twiddle_h:rsc(0)(14).adra      OUT  Unsigned         8                                     
    twiddle_h:rsc(0)(14).da        OUT  Unsigned        32                                     
    twiddle_h:rsc(0)(14).wea       OUT  Unsigned         1                                     
    twiddle_h:rsc(0)(14).adrb      OUT  Unsigned         8                                     
    twiddle_h:rsc(0)(14).db        OUT  Unsigned        32                                     
    twiddle_h:rsc(0)(14).web       OUT  Unsigned         1                                     
    twiddle_h:rsc.triosy(0)(14).lz OUT  Unsigned         1                                     
    twiddle_h:rsc(0)(15).adra      OUT  Unsigned         8                                     
    twiddle_h:rsc(0)(15).da        OUT  Unsigned        32                                     
    twiddle_h:rsc(0)(15).wea       OUT  Unsigned         1                                     
    twiddle_h:rsc(0)(15).adrb      OUT  Unsigned         8                                     
    twiddle_h:rsc(0)(15).db        OUT  Unsigned        32                                     
    twiddle_h:rsc(0)(15).web       OUT  Unsigned         1                                     
    twiddle_h:rsc.triosy(0)(15).lz OUT  Unsigned         1                                     
    
  Memory Resources
    Resource Name: /peaseNTT/core/yt:rsc
      Memory Component: BLOCK_DPRAM_RBW_DUAL         Size:         4096 x 32
      External:         false                        Packing Mode: absolute
      Memory Map:
      Variable          Indices Phys Memory Address        
      ----------------- ------- --------------------------
      /peaseNTT/core/yt    0:31 00000fff-00000000 (4095-0) 
      
      Splitting: 
      Block         Original Addresses  
      ------------- -------------------
      yt:rsc(0)(0)    0, 32, ..., 4064  
      yt:rsc(0)(1)    1, 33, ..., 4065  
      yt:rsc(0)(2)    2, 34, ..., 4066  
      yt:rsc(0)(3)    3, 35, ..., 4067  
      yt:rsc(0)(4)    4, 36, ..., 4068  
      yt:rsc(0)(5)    5, 37, ..., 4069  
      yt:rsc(0)(6)    6, 38, ..., 4070  
      yt:rsc(0)(7)    7, 39, ..., 4071  
      yt:rsc(0)(8)    8, 40, ..., 4072  
      yt:rsc(0)(9)    9, 41, ..., 4073  
      yt:rsc(0)(10)   10, 42, ..., 4074 
      yt:rsc(0)(11)   11, 43, ..., 4075 
      yt:rsc(0)(12)   12, 44, ..., 4076 
      yt:rsc(0)(13)   13, 45, ..., 4077 
      yt:rsc(0)(14)   14, 46, ..., 4078 
      yt:rsc(0)(15)   15, 47, ..., 4079 
      yt:rsc(0)(16)   16, 48, ..., 4080 
      yt:rsc(0)(17)   17, 49, ..., 4081 
      yt:rsc(0)(18)   18, 50, ..., 4082 
      yt:rsc(0)(19)   19, 51, ..., 4083 
      yt:rsc(0)(20)   20, 52, ..., 4084 
      yt:rsc(0)(21)   21, 53, ..., 4085 
      yt:rsc(0)(22)   22, 54, ..., 4086 
      yt:rsc(0)(23)   23, 55, ..., 4087 
      yt:rsc(0)(24)   24, 56, ..., 4088 
      yt:rsc(0)(25)   25, 57, ..., 4089 
      yt:rsc(0)(26)   26, 58, ..., 4090 
      yt:rsc(0)(27)   27, 59, ..., 4091 
      yt:rsc(0)(28)   28, 60, ..., 4092 
      yt:rsc(0)(29)   29, 61, ..., 4093 
      yt:rsc(0)(30)   30, 62, ..., 4094 
      yt:rsc(0)(31)   31, 63, ..., 4095 
      
    Resource Name: /peaseNTT/xt:rsc
      Memory Component: BLOCK_DPRAM_RBW_DUAL         Size:         4096 x 32
      External:         true                         Packing Mode: absolute
      Memory Map:
      Variable     Indices Phys Memory Address        
      ------------ ------- --------------------------
      /peaseNTT/xt    0:31 00000fff-00000000 (4095-0) 
      
      Splitting: 
      Block         Original Addresses  
      ------------- -------------------
      xt:rsc(0)(0)    0, 32, ..., 4064  
      xt:rsc(0)(1)    1, 33, ..., 4065  
      xt:rsc(0)(2)    2, 34, ..., 4066  
      xt:rsc(0)(3)    3, 35, ..., 4067  
      xt:rsc(0)(4)    4, 36, ..., 4068  
      xt:rsc(0)(5)    5, 37, ..., 4069  
      xt:rsc(0)(6)    6, 38, ..., 4070  
      xt:rsc(0)(7)    7, 39, ..., 4071  
      xt:rsc(0)(8)    8, 40, ..., 4072  
      xt:rsc(0)(9)    9, 41, ..., 4073  
      xt:rsc(0)(10)   10, 42, ..., 4074 
      xt:rsc(0)(11)   11, 43, ..., 4075 
      xt:rsc(0)(12)   12, 44, ..., 4076 
      xt:rsc(0)(13)   13, 45, ..., 4077 
      xt:rsc(0)(14)   14, 46, ..., 4078 
      xt:rsc(0)(15)   15, 47, ..., 4079 
      xt:rsc(0)(16)   16, 48, ..., 4080 
      xt:rsc(0)(17)   17, 49, ..., 4081 
      xt:rsc(0)(18)   18, 50, ..., 4082 
      xt:rsc(0)(19)   19, 51, ..., 4083 
      xt:rsc(0)(20)   20, 52, ..., 4084 
      xt:rsc(0)(21)   21, 53, ..., 4085 
      xt:rsc(0)(22)   22, 54, ..., 4086 
      xt:rsc(0)(23)   23, 55, ..., 4087 
      xt:rsc(0)(24)   24, 56, ..., 4088 
      xt:rsc(0)(25)   25, 57, ..., 4089 
      xt:rsc(0)(26)   26, 58, ..., 4090 
      xt:rsc(0)(27)   27, 59, ..., 4091 
      xt:rsc(0)(28)   28, 60, ..., 4092 
      xt:rsc(0)(29)   29, 61, ..., 4093 
      xt:rsc(0)(30)   30, 62, ..., 4094 
      xt:rsc(0)(31)   31, 63, ..., 4095 
      
    Resource Name: /peaseNTT/p:rsc
      Memory Component: ccs_in                       Size:         1 x 32
      External:         true                         Packing Mode: sidebyside
      Memory Map:
      Variable    Indices Phys Memory Address     
      ----------- ------- -----------------------
      /peaseNTT/p    0:31 00000000-00000000 (0-0) 
      
    Resource Name: /peaseNTT/r:rsc
      Memory Component: ccs_in                       Size:         1 x 32
      External:         true                         Packing Mode: sidebyside
      Memory Map:
      Variable    Indices Phys Memory Address     
      ----------- ------- -----------------------
      /peaseNTT/r    0:31 00000000-00000000 (0-0) 
      
    Resource Name: /peaseNTT/twiddle:rsc
      Memory Component: BLOCK_DPRAM_RBW_DUAL         Size:         4096 x 32
      External:         true                         Packing Mode: absolute
      Memory Map:
      Variable          Indices Phys Memory Address        
      ----------------- ------- --------------------------
      /peaseNTT/twiddle    0:31 00000fff-00000000 (4095-0) 
      
      Splitting: 
      Block              Original Addresses  
      ------------------ -------------------
      twiddle:rsc(0)(0)    0, 16, ..., 4080  
      twiddle:rsc(0)(1)    1, 17, ..., 4081  
      twiddle:rsc(0)(2)    2, 18, ..., 4082  
      twiddle:rsc(0)(3)    3, 19, ..., 4083  
      twiddle:rsc(0)(4)    4, 20, ..., 4084  
      twiddle:rsc(0)(5)    5, 21, ..., 4085  
      twiddle:rsc(0)(6)    6, 22, ..., 4086  
      twiddle:rsc(0)(7)    7, 23, ..., 4087  
      twiddle:rsc(0)(8)    8, 24, ..., 4088  
      twiddle:rsc(0)(9)    9, 25, ..., 4089  
      twiddle:rsc(0)(10)   10, 26, ..., 4090 
      twiddle:rsc(0)(11)   11, 27, ..., 4091 
      twiddle:rsc(0)(12)   12, 28, ..., 4092 
      twiddle:rsc(0)(13)   13, 29, ..., 4093 
      twiddle:rsc(0)(14)   14, 30, ..., 4094 
      twiddle:rsc(0)(15)   15, 31, ..., 4095 
      
    Resource Name: /peaseNTT/twiddle_h:rsc
      Memory Component: BLOCK_DPRAM_RBW_DUAL         Size:         4096 x 32
      External:         true                         Packing Mode: absolute
      Memory Map:
      Variable            Indices Phys Memory Address        
      ------------------- ------- --------------------------
      /peaseNTT/twiddle_h    0:31 00000fff-00000000 (4095-0) 
      
      Splitting: 
      Block                Original Addresses  
      -------------------- -------------------
      twiddle_h:rsc(0)(0)    0, 16, ..., 4080  
      twiddle_h:rsc(0)(1)    1, 17, ..., 4081  
      twiddle_h:rsc(0)(2)    2, 18, ..., 4082  
      twiddle_h:rsc(0)(3)    3, 19, ..., 4083  
      twiddle_h:rsc(0)(4)    4, 20, ..., 4084  
      twiddle_h:rsc(0)(5)    5, 21, ..., 4085  
      twiddle_h:rsc(0)(6)    6, 22, ..., 4086  
      twiddle_h:rsc(0)(7)    7, 23, ..., 4087  
      twiddle_h:rsc(0)(8)    8, 24, ..., 4088  
      twiddle_h:rsc(0)(9)    9, 25, ..., 4089  
      twiddle_h:rsc(0)(10)   10, 26, ..., 4090 
      twiddle_h:rsc(0)(11)   11, 27, ..., 4091 
      twiddle_h:rsc(0)(12)   12, 28, ..., 4092 
      twiddle_h:rsc(0)(13)   13, 29, ..., 4093 
      twiddle_h:rsc(0)(14)   14, 30, ..., 4094 
      twiddle_h:rsc(0)(15)   15, 31, ..., 4095 
      
  C++ to Interface Mappings
    C++ Field Interface Range Range Expression Expression Limits 
    --------- --------------- ---------------- -----------------
    
  Multi-Cycle (Combinational) Component Usage
    Instance Component Name Delay 
    -------- -------------- -----
    
  Loops
    Process        Loop             Iterations C-Steps Total Cycles   Duration  Unroll Init Comments 
    -------------- ---------------- ---------- ------- ------------- ---------- ------ ---- --------
    /peaseNTT/core core:rlp           Infinite       0         1674    8.54 us                       
    /peaseNTT/core  main              Infinite       2         1674    8.54 us                       
    /peaseNTT/core   STAGE_LOOP              4       3         1116    5.69 us                       
    /peaseNTT/core    INNER_LOOP1          128      11          138  703.80 ns            1          
    /peaseNTT/core    INNER_LOOP2          128      11          138  703.80 ns            1          
    /peaseNTT/core   STAGE_LOOP1             2       2          556    2.84 us                       
    /peaseNTT/core    INNER_LOOP3          128      11          138  703.80 ns            1          
    /peaseNTT/core    INNER_LOOP4          128      11          138  703.80 ns            1          
    
  Loop Execution Profile
    Process        Loop             Total Cycles % of Overall Design Cycles Throughput Cycles Comments 
    -------------- ---------------- ------------ -------------------------- ----------------- --------
    /peaseNTT/core core:rlp                   0                        0.00             1674           
    /peaseNTT/core  main                      2                        0.12             1674           
    /peaseNTT/core   STAGE_LOOP              12                        0.72             1116           
    /peaseNTT/core    INNER_LOOP1           552                       32.97                1           
    /peaseNTT/core    INNER_LOOP2           552                       32.97                1           
    /peaseNTT/core   STAGE_LOOP1              4                        0.24              556           
    /peaseNTT/core    INNER_LOOP3           276                       16.49                1           
    /peaseNTT/core    INNER_LOOP4           276                       16.49                1           
    
  End of Report
